This file contains any messages produced by compilers while
running configure, to aid debugging if configure makes a mistake.

configure:589: checking for a BSD compatible install
configure:642: checking whether build environment is sane
configure:699: checking whether make sets ${MAKE}
configure:745: checking for working aclocal
configure:758: checking for working autoconf
configure:771: checking for working automake
configure:784: checking for working autoheader
configure:797: checking for working makeinfo
configure:811: checking whether to enable maintainer-specific portions of Makefiles
configure:854: checking whether build environment is sane
configure:894: checking for gcc
configure:1102: checking whether the C compiler (gcc  ) works
configure:1118: gcc -o conftest    conftest.c  1>&5
configure:1144: checking whether the C compiler (gcc  ) is a cross-compiler
configure:1149: checking whether we are using GNU C
configure:1158: gcc -E conftest.c
configure:1177: checking whether gcc accepts -g
configure:1241: checking for ranlib
configure:1269: checking for working const
configure:1323: gcc -c -g -O2  conftest.c 1>&5
configure:1344: checking how to run the C preprocessor
configure:1365: gcc -E  conftest.c >/dev/null 2>conftest.out
configure:1424: checking for ANSI C header files
configure:1437: gcc -E  conftest.c >/dev/null 2>conftest.out
configure:1504: gcc -o conftest -g -O2   conftest.c  1>&5
configure:1528: checking return type of signal handlers
configure:1550: gcc -c -g -O2  conftest.c 1>&5
configure:1569: checking for socket in -lsocket
configure:1588: gcc -o conftest -g -O2   conftest.c -lsocket   1>&5
/gg/m68k-amigaos/bin/ld: cannot open -lsocket: No such file or directory
collect2: ld returned 1 exit status
configure: failed program was:
#line 1577 "configure"
#include "confdefs.h"
/* Override any gcc2 internal prototype to avoid an error.  */
/* We use char because int might match the return type of a gcc2
    builtin and then its argument prototype would still apply.  */
char socket();

int main() {
socket()
; return 0; }
configure:1628: checking for a BSD compatible install
