RIGHT 18
FORWARD 100
RIGHT 45
FORWARD 25
RIGHT 90
FORWARD 25
RIGHT 45
FORWARD 100
RIGHT 90
FORWARD 35
RIGHT 180
FORWARD 35
RIGHT 90
RIGHT 18
FORWARD 100
RIGHT 45
FORWARD 25
RIGHT 90
FORWARD 25
RIGHT 45
FORWARD 100
RIGHT 90
FORWARD 35
RIGHT 180
FORWARD 35
RIGHT 90
RIGHT 18
FORWARD 100
RIGHT 45
FORWARD 25
RIGHT 90
FORWARD 25
RIGHT 45
FORWARD 100
RIGHT 90
FORWARD 35
RIGHT 180
FORWARD 35
RIGHT 90
RIGHT 18
FORWARD 100
RIGHT 45
FORWARD 25
RIGHT 90
FORWARD 25
RIGHT 45
FORWARD 100
RIGHT 90
FORWARD 35
RIGHT 180
FORWARD 35
RIGHT 90
RIGHT 18
FORWARD 100
RIGHT 45
FORWARD 25
RIGHT 90
FORWARD 25
RIGHT 45
FORWARD 100
RIGHT 90
FORWARD 35
RIGHT 180
FORWARD 35
RIGHT 90
RIGHT 18
FORWARD 100
RIGHT 45
FORWARD 25
RIGHT 90
FORWARD 25
RIGHT 45
FORWARD 100
RIGHT 90
FORWARD 35
RIGHT 180
FORWARD 35
RIGHT 90
RIGHT 18
FORWARD 100
RIGHT 45
FORWARD 25
RIGHT 90
FORWARD 25
RIGHT 45
FORWARD 100
RIGHT 90
FORWARD 35
RIGHT 180
FORWARD 35
RIGHT 90
RIGHT 18
FORWARD 100
RIGHT 45
FORWARD 25
RIGHT 90
FORWARD 25
RIGHT 45
FORWARD 100
RIGHT 90
FORWARD 35
RIGHT 180
FORWARD 35
RIGHT 90
RIGHT 18
FORWARD 100
RIGHT 45
FORWARD 25
RIGHT 90
FORWARD 25
RIGHT 45
FORWARD 100
RIGHT 90
FORWARD 35
RIGHT 180
FORWARD 35
RIGHT 90
RIGHT 18
FORWARD 100
RIGHT 45
FORWARD 25
RIGHT 90
FORWARD 25
RIGHT 45
FORWARD 100
RIGHT 90
FORWARD 35
RIGHT 180
FORWARD 35
RIGHT 90
RIGHT 18
FORWARD 100
RIGHT 45
FORWARD 25
RIGHT 90
FORWARD 25
RIGHT 45
FORWARD 100
RIGHT 90
FORWARD 35
RIGHT 180
FORWARD 35
RIGHT 90
RIGHT 18
FORWARD 100
RIGHT 45
FORWARD 25
RIGHT 90
FORWARD 25
RIGHT 45
FORWARD 100
RIGHT 90
FORWARD 35
RIGHT 180
FORWARD 35
RIGHT 90
RIGHT 18
FORWARD 100
RIGHT 45
FORWARD 25
RIGHT 90
FORWARD 25
RIGHT 45
FORWARD 100
RIGHT 90
FORWARD 35
RIGHT 180
FORWARD 35
RIGHT 90
RIGHT 18
FORWARD 100
RIGHT 45
FORWARD 25
RIGHT 90
FORWARD 25
RIGHT 45
FORWARD 100
RIGHT 90
FORWARD 35
RIGHT 180
FORWARD 35
RIGHT 90
RIGHT 18
FORWARD 100
RIGHT 45
FORWARD 25
RIGHT 90
FORWARD 25
RIGHT 45
FORWARD 100
RIGHT 90
FORWARD 35
RIGHT 180
FORWARD 35
RIGHT 90
RIGHT 18
FORWARD 100
RIGHT 45
FORWARD 25
RIGHT 90
FORWARD 25
RIGHT 45
FORWARD 100
RIGHT 90
FORWARD 35
RIGHT 180
FORWARD 35
RIGHT 90
RIGHT 18
FORWARD 100
RIGHT 45
FORWARD 25
RIGHT 90
FORWARD 25
RIGHT 45
FORWARD 100
RIGHT 90
FORWARD 35
RIGHT 180
FORWARD 35
RIGHT 90
RIGHT 18
FORWARD 100
RIGHT 45
FORWARD 25
RIGHT 90
FORWARD 25
RIGHT 45
FORWARD 100
RIGHT 90
FORWARD 35
RIGHT 180
FORWARD 35
RIGHT 90
RIGHT 18
FORWARD 100
RIGHT 45
FORWARD 25
RIGHT 90
FORWARD 25
RIGHT 45
FORWARD 100
RIGHT 90
FORWARD 35
RIGHT 180
FORWARD 35
RIGHT 90
RIGHT 18
FORWARD 100
RIGHT 45
FORWARD 25
RIGHT 90
FORWARD 25
RIGHT 45
FORWARD 100
RIGHT 90
FORWARD 35
RIGHT 180
FORWARD 35
RIGHT 90
