RIGHT 6
FORWARD 1
RIGHT 6
FORWARD 1
RIGHT 6
FORWARD 1
RIGHT 6
FORWARD 1
RIGHT 6
FORWARD 1
RIGHT 6
FORWARD 1
RIGHT 6
FORWARD 1
RIGHT 6
FORWARD 1
RIGHT 6
FORWARD 1
RIGHT 6
FORWARD 1
RIGHT 6
FORWARD 1
RIGHT 6
FORWARD 1
RIGHT 6
FORWARD 1
RIGHT 6
FORWARD 1
RIGHT 6
FORWARD 1
RIGHT 6
FORWARD 1
RIGHT 6
FORWARD 1
RIGHT 6
FORWARD 1
RIGHT 6
FORWARD 1
RIGHT 6
FORWARD 1
RIGHT 6
FORWARD 1
RIGHT 6
FORWARD 1
RIGHT 6
FORWARD 1
RIGHT 6
FORWARD 1
RIGHT 6
FORWARD 1
RIGHT 6
FORWARD 1
RIGHT 6
FORWARD 1
RIGHT 6
FORWARD 1
RIGHT 6
FORWARD 1
RIGHT 6
FORWARD 1
RIGHT 6
FORWARD 1
RIGHT 6
FORWARD 1
RIGHT 6
FORWARD 1
RIGHT 6
FORWARD 1
RIGHT 6
FORWARD 1
RIGHT 6
FORWARD 1
RIGHT 6
FORWARD 1
RIGHT 6
FORWARD 1
RIGHT 6
FORWARD 1
RIGHT 6
FORWARD 1
RIGHT 6
FORWARD 1
RIGHT 6
FORWARD 1
RIGHT 6
FORWARD 1
RIGHT 6
FORWARD 1
RIGHT 6
FORWARD 1
RIGHT 6
FORWARD 1
RIGHT 6
FORWARD 1
RIGHT 6
FORWARD 1
RIGHT 6
FORWARD 1
RIGHT 6
FORWARD 1
RIGHT 6
FORWARD 1
RIGHT 6
FORWARD 1
RIGHT 6
FORWARD 1
RIGHT 6
FORWARD 1
RIGHT 6
FORWARD 1
RIGHT 6
FORWARD 1
RIGHT 6
FORWARD 1
RIGHT 6
FORWARD 1
RIGHT 6
FORWARD 1
RIGHT 6
FORWARD 1
