This file contains any messages produced by compilers while
running configure, to aid debugging if configure makes a mistake.

It was created by libzip configure 0.8, which was
generated by GNU Autoconf 2.61.  Invocation command line was

  $ ./configure 

## --------- ##
## Platform. ##
## --------- ##

hostname = localhost
uname -m = powerpc
uname -r = 1.4
uname -s = MorphOS
uname -v = 50.60

/usr/bin/uname -p = unknown
/bin/uname -X     = unknown

/bin/arch              = unknown
/usr/bin/arch -k       = unknown
/usr/convex/getsysinfo = unknown
/usr/bin/hostinfo      = unknown
/bin/machine           = unknown
/usr/bin/oslevel       = unknown
/bin/universe          = unknown

PATH: .
PATH: /bin
PATH: /usr/bin
PATH: /usr/local/bin
PATH: /mossys/c
PATH: /c
PATH: .


## ----------- ##
## Core tests. ##
## ----------- ##

configure:1983: checking for a BSD-compatible install
configure:2039: result: /bin/install -c
configure:2050: checking whether build environment is sane
configure:2093: result: yes
configure:2117: WARNING: `missing' script is too old or missing
configure:2121: checking for a thread-safe mkdir -p
configure:2160: result: ./install-sh -c -d
configure:2173: checking for gawk
configure:2189: found /bin/gawk
configure:2200: result: gawk
configure:2211: checking whether make sets $(MAKE)
configure:2232: result: yes
configure:2470: checking for gcc
configure:2486: found /bin/gcc
configure:2497: result: gcc
configure:2735: checking for C compiler version
configure:2742: gcc --version >&5
2.95.3
configure:2745: $? = 0
configure:2752: gcc -v >&5
Reading specs from /gg/lib/gcc-lib/ppc-morphos/2.95.3/specs
gcc version 2.95.3 20070319 (release/emm-zapek-cisc-munk)
configure:2755: $? = 0
configure:2762: gcc -V >&5
gcc: argument to `-V' is missing
configure:2765: $? = 1
configure:2788: checking for C compiler default output file name
configure:2815: gcc    conftest.c  >&5
configure:2818: $? = 0
configure:2856: result: a.out
configure:2873: checking whether the C compiler works
configure:2883: ./a.out
configure:2886: $? = 0
configure:2903: result: yes
configure:2910: checking whether we are cross compiling
configure:2912: result: no
configure:2915: checking for suffix of executables
configure:2922: gcc -o conftest    conftest.c  >&5
configure:2925: $? = 0
configure:2949: result: 
configure:2955: checking for suffix of object files
configure:2981: gcc -c   conftest.c >&5
configure:2984: $? = 0
configure:3007: result: o
configure:3011: checking whether we are using the GNU C compiler
configure:3040: gcc -c   conftest.c >&5
configure:3046: $? = 0
configure:3063: result: yes
configure:3068: checking whether gcc accepts -g
configure:3098: gcc -c -g  conftest.c >&5
configure:3104: $? = 0
configure:3203: result: yes
configure:3220: checking for gcc option to accept ISO C89
configure:3294: gcc  -c -g -O2  conftest.c >&5
configure:3300: $? = 0
configure:3323: result: none needed
configure:3352: checking for style of include used by make
configure:3380: result: GNU
configure:3405: checking dependency style of gcc
configure:3496: result: gcc
configure:3512: checking whether gcc and cc understand -c and -o together
configure:3547: gcc -c conftest.c -o conftest2.o >&5
configure:3550: $? = 0
configure:3556: gcc -c conftest.c -o conftest2.o >&5
configure:3559: $? = 0
configure:3570: cc -c conftest.c >&5
./configure: cc: not found
configure:3573: $? = 127
configure:3611: result: yes
configure:3665: checking for main in -lz
configure:3694: gcc -o conftest -g -O2   conftest.c -lz   >&5
configure:3700: $? = 0
configure:3718: result: yes
configure:3729: checking new ZLIB version
configure:3755: gcc -c -g -O2  conftest.c >&5
configure:3761: $? = 0
configure:3776: result: yes
configure:3865: checking build system type
configure:3883: result: powerpc-unknown-morphos
configure:3905: checking host system type
configure:3920: result: powerpc-unknown-morphos
configure:3942: checking for a sed that does not truncate output
configure:3996: result: /bin/sed
configure:3999: checking for grep that handles long lines and -e
configure:4073: result: /bin/grep
configure:4078: checking for egrep
configure:4156: result: /bin/grep -E
configure:4172: checking for ld used by gcc
configure:4239: result: /gg/ppc-morphos/bin/ld
configure:4248: checking if the linker (/gg/ppc-morphos/bin/ld) is GNU ld
configure:4263: result: yes
configure:4268: checking for /gg/ppc-morphos/bin/ld option to reload object files
configure:4275: result: -r
configure:4293: checking for BSD-compatible nm
configure:4342: result: /bin/nm -B
configure:4346: checking whether ln -s works
configure:4353: result: no, using cp -p
configure:4357: checking how to recognise dependent libraries
configure:4533: result: unknown
configure:4765: checking how to run the C preprocessor
configure:4805: gcc -E  conftest.c
configure:4811: $? = 0
configure:4842: gcc -E  conftest.c
conftest.c:11: ac_nonexistent.h: No such file or directory
configure:4848: $? = 1
configure: failed program was:
| /* confdefs.h.  */
| #define PACKAGE_NAME "libzip"
| #define PACKAGE_TARNAME "libzip"
| #define PACKAGE_VERSION "0.8"
| #define PACKAGE_STRING "libzip 0.8"
| #define PACKAGE_BUGREPORT "libzip@nih.at"
| #define PACKAGE "libzip"
| #define VERSION "0.8"
| #define HAVE_LIBZ 1
| /* end confdefs.h.  */
| #include <ac_nonexistent.h>
configure:4881: result: gcc -E
configure:4910: gcc -E  conftest.c
configure:4916: $? = 0
configure:4947: gcc -E  conftest.c
conftest.c:11: ac_nonexistent.h: No such file or directory
configure:4953: $? = 1
configure: failed program was:
| /* confdefs.h.  */
| #define PACKAGE_NAME "libzip"
| #define PACKAGE_TARNAME "libzip"
| #define PACKAGE_VERSION "0.8"
| #define PACKAGE_STRING "libzip 0.8"
| #define PACKAGE_BUGREPORT "libzip@nih.at"
| #define PACKAGE "libzip"
| #define VERSION "0.8"
| #define HAVE_LIBZ 1
| /* end confdefs.h.  */
| #include <ac_nonexistent.h>
configure:4991: checking for ANSI C header files
configure:5021: gcc -c -g -O2  conftest.c >&5
configure:5027: $? = 0
configure:5126: gcc -o conftest -g -O2   conftest.c -lz  >&5
configure:5129: $? = 0
configure:5135: ./conftest
configure:5138: $? = 0
configure:5155: result: yes
configure:5179: checking for sys/types.h
configure:5200: gcc -c -g -O2  conftest.c >&5
configure:5206: $? = 0
configure:5222: result: yes
configure:5179: checking for sys/stat.h
configure:5200: gcc -c -g -O2  conftest.c >&5
configure:5206: $? = 0
configure:5222: result: yes
configure:5179: checking for stdlib.h
configure:5200: gcc -c -g -O2  conftest.c >&5
configure:5206: $? = 0
configure:5222: result: yes
configure:5179: checking for string.h
configure:5200: gcc -c -g -O2  conftest.c >&5
configure:5206: $? = 0
configure:5222: result: yes
configure:5179: checking for memory.h
configure:5200: gcc -c -g -O2  conftest.c >&5
configure:5206: $? = 0
configure:5222: result: yes
configure:5179: checking for strings.h
configure:5200: gcc -c -g -O2  conftest.c >&5
configure:5206: $? = 0
configure:5222: result: yes
configure:5179: checking for inttypes.h
configure:5200: gcc -c -g -O2  conftest.c >&5
configure:5206: $? = 0
configure:5222: result: yes
configure:5179: checking for stdint.h
configure:5200: gcc -c -g -O2  conftest.c >&5
configure:5206: $? = 0
configure:5222: result: yes
configure:5179: checking for unistd.h
configure:5200: gcc -c -g -O2  conftest.c >&5
configure:5206: $? = 0
configure:5222: result: yes
configure:5249: checking dlfcn.h usability
configure:5266: gcc -c -g -O2  conftest.c >&5
configure:5272: $? = 0
configure:5286: result: yes
configure:5290: checking dlfcn.h presence
configure:5305: gcc -E  conftest.c
configure:5311: $? = 0
configure:5325: result: yes
configure:5358: checking for dlfcn.h
configure:5366: result: yes
configure:5437: checking for g++
configure:5453: found /bin/g++
configure:5464: result: g++
configure:5495: checking for C++ compiler version
configure:5502: g++ --version >&5
2.95.3
configure:5505: $? = 0
configure:5512: g++ -v >&5
Reading specs from /gg/lib/gcc-lib/ppc-morphos/2.95.3/specs
gcc version 2.95.3 20070319 (release/emm-zapek-cisc-munk)
configure:5515: $? = 0
configure:5522: g++ -V >&5
g++: argument to `-V' missing

configure:5525: $? = 1
configure:5528: checking whether we are using the GNU C++ compiler
configure:5557: g++ -c   conftest.cpp >&5
configure:5563: $? = 0
configure:5580: result: yes
configure:5585: checking whether g++ accepts -g
configure:5615: g++ -c -g  conftest.cpp >&5
configure:5621: $? = 0
configure:5720: result: yes
configure:5745: checking dependency style of g++
configure:5836: result: gcc
configure:5861: checking how to run the C++ preprocessor
configure:5897: g++ -E  conftest.cpp
configure:5903: $? = 0
configure:5934: g++ -E  conftest.cpp
conftest.cpp:22: ac_nonexistent.h: No such file or directory
configure:5940: $? = 1
configure: failed program was:
| /* confdefs.h.  */
| #define PACKAGE_NAME "libzip"
| #define PACKAGE_TARNAME "libzip"
| #define PACKAGE_VERSION "0.8"
| #define PACKAGE_STRING "libzip 0.8"
| #define PACKAGE_BUGREPORT "libzip@nih.at"
| #define PACKAGE "libzip"
| #define VERSION "0.8"
| #define HAVE_LIBZ 1
| #define STDC_HEADERS 1
| #define HAVE_SYS_TYPES_H 1
| #define HAVE_SYS_STAT_H 1
| #define HAVE_STDLIB_H 1
| #define HAVE_STRING_H 1
| #define HAVE_MEMORY_H 1
| #define HAVE_STRINGS_H 1
| #define HAVE_INTTYPES_H 1
| #define HAVE_STDINT_H 1
| #define HAVE_UNISTD_H 1
| #define HAVE_DLFCN_H 1
| /* end confdefs.h.  */
| #include <ac_nonexistent.h>
configure:5973: result: g++ -E
configure:6002: g++ -E  conftest.cpp
configure:6008: $? = 0
configure:6039: g++ -E  conftest.cpp
conftest.cpp:22: ac_nonexistent.h: No such file or directory
configure:6045: $? = 1
configure: failed program was:
| /* confdefs.h.  */
| #define PACKAGE_NAME "libzip"
| #define PACKAGE_TARNAME "libzip"
| #define PACKAGE_VERSION "0.8"
| #define PACKAGE_STRING "libzip 0.8"
| #define PACKAGE_BUGREPORT "libzip@nih.at"
| #define PACKAGE "libzip"
| #define VERSION "0.8"
| #define HAVE_LIBZ 1
| #define STDC_HEADERS 1
| #define HAVE_SYS_TYPES_H 1
| #define HAVE_SYS_STAT_H 1
| #define HAVE_STDLIB_H 1
| #define HAVE_STRING_H 1
| #define HAVE_MEMORY_H 1
| #define HAVE_STRINGS_H 1
| #define HAVE_INTTYPES_H 1
| #define HAVE_STDINT_H 1
| #define HAVE_UNISTD_H 1
| #define HAVE_DLFCN_H 1
| /* end confdefs.h.  */
| #include <ac_nonexistent.h>
configure:6138: checking for g77
configure:6168: result: no
configure:6138: checking for xlf
configure:6168: result: no
configure:6138: checking for f77
configure:6168: result: no
configure:6138: checking for frt
configure:6168: result: no
configure:6138: checking for pgf77
configure:6168: result: no
configure:6138: checking for cf77
configure:6168: result: no
configure:6138: checking for fort77
configure:6168: result: no
configure:6138: checking for fl32
configure:6168: result: no
configure:6138: checking for af77
configure:6168: result: no
configure:6138: checking for xlf90
configure:6168: result: no
configure:6138: checking for f90
configure:6168: result: no
configure:6138: checking for pgf90
configure:6168: result: no
configure:6138: checking for pghpf
configure:6168: result: no
configure:6138: checking for epcf90
configure:6168: result: no
configure:6138: checking for gfortran
configure:6168: result: no
configure:6138: checking for g95
configure:6168: result: no
configure:6138: checking for xlf95
configure:6168: result: no
configure:6138: checking for f95
configure:6168: result: no
configure:6138: checking for fort
configure:6168: result: no
configure:6138: checking for ifort
configure:6168: result: no
configure:6138: checking for ifc
configure:6168: result: no
configure:6138: checking for efc
configure:6168: result: no
configure:6138: checking for pgf95
configure:6168: result: no
configure:6138: checking for lf95
configure:6168: result: no
configure:6138: checking for ftn
configure:6168: result: no
configure:6195: checking for Fortran 77 compiler version
configure:6202:  --version >&5
./configure: --version: not found
configure:6205: $? = 127
configure:6212:  -v >&5
./configure: -v: not found
configure:6215: $? = 127
configure:6222:  -V >&5
./configure: -V: not found
configure:6225: $? = 127
configure:6233: checking whether we are using the GNU Fortran 77 compiler
configure:6252:  -c  conftest.F >&5
./configure: -c: not found
configure:6258: $? = 127
configure: failed program was:
|       program main
| #ifndef __GNUC__
|        choke me
| #endif
| 
|       end
configure:6275: result: no
configure:6281: checking whether  accepts -g
configure:6298:  -c -g conftest.f >&5
./configure: -c: not found
configure:6304: $? = 127
configure: failed program was:
|       program main
| 
|       end
configure:6320: result: no
configure:6350: checking the maximum length of command line arguments
configure:6459: result: 8192
configure:6470: checking command to parse /bin/nm -B output from gcc object
configure:6575: gcc -c -g -O2  conftest.c >&5
configure:6578: $? = 0
configure:6582: /bin/nm -B conftest.o \| sed -n -e 's/^.*[ 	]\([ABCDGIRSTW][ABCDGIRSTW]*\)[ 	][ 	]*\([_A-Za-z][_A-Za-z0-9]*\)$/\1 \2 \2/p' \> conftest.nm
configure:6585: $? = 0
configure:6637: gcc -o conftest -g -O2   conftest.c conftstm.o >&5
configure:6640: $? = 0
configure:6678: result: ok
configure:6682: checking for objdir
configure:6697: result: .libs
configure:6789: checking for ar
configure:6805: found /bin/ar
configure:6816: result: ar
configure:6885: checking for ranlib
configure:6901: found /bin/ranlib
configure:6912: result: ranlib
configure:6981: checking for strip
configure:6997: found /bin/strip
configure:7008: result: strip
configure:7294: checking if gcc supports -fno-rtti -fno-exceptions
configure:7312: gcc -c -g -O2  -fno-rtti -fno-exceptions conftest.c >&5
configure:7316: $? = 0
configure:7329: result: yes
configure:7344: checking for gcc option to produce PIC
configure:7554: result: -fPIC
configure:7562: checking if gcc PIC flag -fPIC works
configure:7580: gcc -c -g -O2  -fPIC -DPIC conftest.c >&5
cc1: pic-mode is not supported on morphos
configure:7584: $? = 1
configure:7597: result: no
configure:7625: checking if gcc static flag -static works
configure:7653: result: yes
configure:7663: checking if gcc supports -c -o file.o
configure:7684: gcc -c -g -O2  -o out/conftest2.o conftest.c >&5
configure:7688: $? = 0
configure:7710: result: yes
configure:7736: checking whether the gcc linker (/gg/ppc-morphos/bin/ld) supports shared libraries
configure:8690: result: yes
configure:8711: checking whether -lc should be explicitly linked in
configure:8716: gcc -c -g -O2  conftest.c >&5
configure:8719: $? = 0
configure:8734: gcc -shared conftest.o  -v -Wl,-soname -Wl,conftest -o conftest 2\>\&1 \| grep  -lc  \>/dev/null 2\>\&1
configure:8737: $? = 0
configure:8749: result: no
configure:8757: checking dynamic linker characteristics
configure:9345: result: no
configure:9354: checking how to hardcode library paths into programs
configure:9379: result: immediate
configure:9393: checking whether stripping libraries is possible
configure:9398: result: yes
configure:10199: checking if libtool supports shared libraries
configure:10201: result: no
configure:10204: checking whether to build shared libraries
configure:10225: result: no
configure:10228: checking whether to build static libraries
configure:10232: result: yes
configure:10324: creating libtool
configure:10912: checking for ld used by g++
configure:10979: result: /gg/ppc-morphos/bin/ld
configure:10988: checking if the linker (/gg/ppc-morphos/bin/ld) is GNU ld
configure:11003: result: yes
configure:11054: checking whether the g++ linker (/gg/ppc-morphos/bin/ld) supports shared libraries
configure:11988: result: no
configure:12006: g++ -c -g -O2  conftest.cpp >&5
configure:12009: $? = 0
configure:12128: checking for g++ option to produce PIC
configure:12402: result: -fPIC
configure:12410: checking if g++ PIC flag -fPIC works
configure:12428: g++ -c -g -O2  -fPIC -DPIC conftest.cpp >&5
cc1plus: pic-mode is not supported on morphos
configure:12432: $? = 1
configure:12445: result: no
configure:12473: checking if g++ static flag -static works
configure:12501: result: yes
configure:12511: checking if g++ supports -c -o file.o
configure:12532: g++ -c -g -O2  -o out/conftest2.o conftest.cpp >&5
configure:12536: $? = 0
configure:12558: result: yes
configure:12584: checking whether the g++ linker (/gg/ppc-morphos/bin/ld) supports shared libraries
configure:12609: result: no
configure:12676: checking dynamic linker characteristics
configure:13264: result: no
configure:13273: checking how to hardcode library paths into programs
configure:13298: result: immediate
configure:19445: checking for fseeko
configure:19501: gcc -o conftest -g -O2   conftest.c -lz  >&5
/t/cctOL36F.o: In function `main':
/t/cctOL36F.o(.text+0xc): undefined reference to `fseeko'
collect2: ld returned 1 exit status
configure:19507: $? = 1
configure: failed program was:
| /* confdefs.h.  */
| #define PACKAGE_NAME "libzip"
| #define PACKAGE_TARNAME "libzip"
| #define PACKAGE_VERSION "0.8"
| #define PACKAGE_STRING "libzip 0.8"
| #define PACKAGE_BUGREPORT "libzip@nih.at"
| #define PACKAGE "libzip"
| #define VERSION "0.8"
| #define HAVE_LIBZ 1
| #define STDC_HEADERS 1
| #define HAVE_SYS_TYPES_H 1
| #define HAVE_SYS_STAT_H 1
| #define HAVE_STDLIB_H 1
| #define HAVE_STRING_H 1
| #define HAVE_MEMORY_H 1
| #define HAVE_STRINGS_H 1
| #define HAVE_INTTYPES_H 1
| #define HAVE_STDINT_H 1
| #define HAVE_UNISTD_H 1
| #define HAVE_DLFCN_H 1
| /* end confdefs.h.  */
| /* Define fseeko to an innocuous variant, in case <limits.h> declares fseeko.
|    For example, HP-UX 11i <limits.h> declares gettimeofday.  */
| #define fseeko innocuous_fseeko
| 
| /* System header to define __stub macros and hopefully few prototypes,
|     which can conflict with char fseeko (); below.
|     Prefer <limits.h> to <assert.h> if __STDC__ is defined, since
|     <limits.h> exists even on freestanding compilers.  */
| 
| #ifdef __STDC__
| # include <limits.h>
| #else
| # include <assert.h>
| #endif
| 
| #undef fseeko
| 
| /* Override any GCC internal prototype to avoid an error.
|    Use char because int might match the return type of a GCC
|    builtin and then its argument prototype would still apply.  */
| #ifdef __cplusplus
| extern "C"
| #endif
| char fseeko ();
| /* The GNU C library defines this for functions which it implements
|     to always fail with ENOSYS.  Some functions are actually named
|     something starting with __ and the normal name is an alias.  */
| #if defined __stub_fseeko || defined __stub___fseeko
| choke me
| #endif
| 
| int
| main ()
| {
| return fseeko ();
|   ;
|   return 0;
| }
configure:19525: result: no
configure:19445: checking for ftello
configure:19501: gcc -o conftest -g -O2   conftest.c -lz  >&5
/t/ccaJAAXu.o: In function `main':
/t/ccaJAAXu.o(.text+0xc): undefined reference to `ftello'
collect2: ld returned 1 exit status
configure:19507: $? = 1
configure: failed program was:
| /* confdefs.h.  */
| #define PACKAGE_NAME "libzip"
| #define PACKAGE_TARNAME "libzip"
| #define PACKAGE_VERSION "0.8"
| #define PACKAGE_STRING "libzip 0.8"
| #define PACKAGE_BUGREPORT "libzip@nih.at"
| #define PACKAGE "libzip"
| #define VERSION "0.8"
| #define HAVE_LIBZ 1
| #define STDC_HEADERS 1
| #define HAVE_SYS_TYPES_H 1
| #define HAVE_SYS_STAT_H 1
| #define HAVE_STDLIB_H 1
| #define HAVE_STRING_H 1
| #define HAVE_MEMORY_H 1
| #define HAVE_STRINGS_H 1
| #define HAVE_INTTYPES_H 1
| #define HAVE_STDINT_H 1
| #define HAVE_UNISTD_H 1
| #define HAVE_DLFCN_H 1
| /* end confdefs.h.  */
| /* Define ftello to an innocuous variant, in case <limits.h> declares ftello.
|    For example, HP-UX 11i <limits.h> declares gettimeofday.  */
| #define ftello innocuous_ftello
| 
| /* System header to define __stub macros and hopefully few prototypes,
|     which can conflict with char ftello (); below.
|     Prefer <limits.h> to <assert.h> if __STDC__ is defined, since
|     <limits.h> exists even on freestanding compilers.  */
| 
| #ifdef __STDC__
| # include <limits.h>
| #else
| # include <assert.h>
| #endif
| 
| #undef ftello
| 
| /* Override any GCC internal prototype to avoid an error.
|    Use char because int might match the return type of a GCC
|    builtin and then its argument prototype would still apply.  */
| #ifdef __cplusplus
| extern "C"
| #endif
| char ftello ();
| /* The GNU C library defines this for functions which it implements
|     to always fail with ENOSYS.  Some functions are actually named
|     something starting with __ and the normal name is an alias.  */
| #if defined __stub_ftello || defined __stub___ftello
| choke me
| #endif
| 
| int
| main ()
| {
| return ftello ();
|   ;
|   return 0;
| }
configure:19525: result: no
configure:19445: checking for MoveFileEx
configure:19501: gcc -o conftest -g -O2   conftest.c -lz  >&5
/t/ccSLMloP.o: In function `main':
/t/ccSLMloP.o(.text+0xc): undefined reference to `MoveFileEx'
collect2: ld returned 1 exit status
configure:19507: $? = 1
configure: failed program was:
| /* confdefs.h.  */
| #define PACKAGE_NAME "libzip"
| #define PACKAGE_TARNAME "libzip"
| #define PACKAGE_VERSION "0.8"
| #define PACKAGE_STRING "libzip 0.8"
| #define PACKAGE_BUGREPORT "libzip@nih.at"
| #define PACKAGE "libzip"
| #define VERSION "0.8"
| #define HAVE_LIBZ 1
| #define STDC_HEADERS 1
| #define HAVE_SYS_TYPES_H 1
| #define HAVE_SYS_STAT_H 1
| #define HAVE_STDLIB_H 1
| #define HAVE_STRING_H 1
| #define HAVE_MEMORY_H 1
| #define HAVE_STRINGS_H 1
| #define HAVE_INTTYPES_H 1
| #define HAVE_STDINT_H 1
| #define HAVE_UNISTD_H 1
| #define HAVE_DLFCN_H 1
| /* end confdefs.h.  */
| /* Define MoveFileEx to an innocuous variant, in case <limits.h> declares MoveFileEx.
|    For example, HP-UX 11i <limits.h> declares gettimeofday.  */
| #define MoveFileEx innocuous_MoveFileEx
| 
| /* System header to define __stub macros and hopefully few prototypes,
|     which can conflict with char MoveFileEx (); below.
|     Prefer <limits.h> to <assert.h> if __STDC__ is defined, since
|     <limits.h> exists even on freestanding compilers.  */
| 
| #ifdef __STDC__
| # include <limits.h>
| #else
| # include <assert.h>
| #endif
| 
| #undef MoveFileEx
| 
| /* Override any GCC internal prototype to avoid an error.
|    Use char because int might match the return type of a GCC
|    builtin and then its argument prototype would still apply.  */
| #ifdef __cplusplus
| extern "C"
| #endif
| char MoveFileEx ();
| /* The GNU C library defines this for functions which it implements
|     to always fail with ENOSYS.  Some functions are actually named
|     something starting with __ and the normal name is an alias.  */
| #if defined __stub_MoveFileEx || defined __stub___MoveFileEx
| choke me
| #endif
| 
| int
| main ()
| {
| return MoveFileEx ();
|   ;
|   return 0;
| }
configure:19525: result: no
configure:19539: checking for mkstemp
configure:19595: gcc -o conftest -g -O2   conftest.c -lz  >&5
configure:19601: $? = 0
configure:19619: result: yes
configure:19642: checking for unistd.h
configure:19648: result: yes
configure:19913: creating ./config.status

## ---------------------- ##
## Running config.status. ##
## ---------------------- ##

This file was extended by libzip config.status 0.8, which was
generated by GNU Autoconf 2.61.  Invocation command line was

  CONFIG_FILES    = 
  CONFIG_HEADERS  = 
  CONFIG_LINKS    = 
  CONFIG_COMMANDS = 
  $ ./config.status 

on localhost

config.status:20702: creating Makefile
config.status:20702: creating libzip.pc
config.status:20702: creating libzip-uninstalled.pc
config.status:20702: creating man/Makefile
config.status:20702: creating lib/Makefile
config.status:20702: creating regress/Makefile
config.status:20702: creating src/Makefile
config.status:20702: creating config.h
config.status:21029: executing depfiles commands

## ---------------- ##
## Cache variables. ##
## ---------------- ##

ac_cv_build=powerpc-unknown-morphos
ac_cv_c_compiler_gnu=yes
ac_cv_cxx_compiler_gnu=yes
ac_cv_env_CCC_set=
ac_cv_env_CCC_value=
ac_cv_env_CC_set=
ac_cv_env_CC_value=
ac_cv_env_CFLAGS_set=
ac_cv_env_CFLAGS_value=
ac_cv_env_CPPFLAGS_set=
ac_cv_env_CPPFLAGS_value=
ac_cv_env_CPP_set=
ac_cv_env_CPP_value=
ac_cv_env_CXXCPP_set=
ac_cv_env_CXXCPP_value=
ac_cv_env_CXXFLAGS_set=
ac_cv_env_CXXFLAGS_value=
ac_cv_env_CXX_set=
ac_cv_env_CXX_value=
ac_cv_env_F77_set=
ac_cv_env_F77_value=
ac_cv_env_FFLAGS_set=
ac_cv_env_FFLAGS_value=
ac_cv_env_LDFLAGS_set=
ac_cv_env_LDFLAGS_value=
ac_cv_env_LIBS_set=
ac_cv_env_LIBS_value=
ac_cv_env_build_alias_set=
ac_cv_env_build_alias_value=
ac_cv_env_host_alias_set=
ac_cv_env_host_alias_value=
ac_cv_env_target_alias_set=
ac_cv_env_target_alias_value=
ac_cv_f77_compiler_gnu=no
ac_cv_func_MoveFileEx=no
ac_cv_func_fseeko=no
ac_cv_func_ftello=no
ac_cv_func_mkstemp=yes
ac_cv_header_dlfcn_h=yes
ac_cv_header_inttypes_h=yes
ac_cv_header_memory_h=yes
ac_cv_header_stdc=yes
ac_cv_header_stdint_h=yes
ac_cv_header_stdlib_h=yes
ac_cv_header_string_h=yes
ac_cv_header_strings_h=yes
ac_cv_header_sys_stat_h=yes
ac_cv_header_sys_types_h=yes
ac_cv_header_unistd_h=yes
ac_cv_host=powerpc-unknown-morphos
ac_cv_lib_z_main=yes
ac_cv_objext=o
ac_cv_path_EGREP='/bin/grep -E'
ac_cv_path_GREP=/bin/grep
ac_cv_path_install='/bin/install -c'
ac_cv_prog_AWK=gawk
ac_cv_prog_CPP='gcc -E'
ac_cv_prog_CXXCPP='g++ -E'
ac_cv_prog_ac_ct_AR=ar
ac_cv_prog_ac_ct_CC=gcc
ac_cv_prog_ac_ct_CXX=g++
ac_cv_prog_ac_ct_RANLIB=ranlib
ac_cv_prog_ac_ct_STRIP=strip
ac_cv_prog_cc_c89=
ac_cv_prog_cc_g=yes
ac_cv_prog_cc_gcc_c_o=yes
ac_cv_prog_cxx_g=yes
ac_cv_prog_f77_g=no
ac_cv_prog_make_make_set=yes
am_cv_CC_dependencies_compiler_type=gcc
am_cv_CXX_dependencies_compiler_type=gcc
id_cv_lib_zlib_ok=yes
lt_cv_deplibs_check_method=unknown
lt_cv_file_magic_cmd='$MAGIC_CMD'
lt_cv_file_magic_test_file=
lt_cv_ld_reload_flag=-r
lt_cv_objdir=.libs
lt_cv_path_LD=/gg/ppc-morphos/bin/ld
lt_cv_path_LDCXX=/gg/ppc-morphos/bin/ld
lt_cv_path_NM='/bin/nm -B'
lt_cv_path_SED=/bin/sed
lt_cv_prog_compiler_c_o=yes
lt_cv_prog_compiler_c_o_CXX=yes
lt_cv_prog_compiler_rtti_exceptions=yes
lt_cv_prog_gnu_ld=yes
lt_cv_prog_gnu_ldcxx=yes
lt_cv_sys_global_symbol_pipe='sed -n -e '\''s/^.*[ 	]\([ABCDGIRSTW][ABCDGIRSTW]*\)[ 	][ 	]*\([_A-Za-z][_A-Za-z0-9]*\)$/\1 \2 \2/p'\'
lt_cv_sys_global_symbol_to_c_name_address='sed -n -e '\''s/^: \([^ ]*\) $/  {\"\1\", (lt_ptr) 0},/p'\'' -e '\''s/^[BCDEGRST] \([^ ]*\) \([^ ]*\)$/  {"\2", (lt_ptr) \&\2},/p'\'
lt_cv_sys_global_symbol_to_cdecl='sed -n -e '\''s/^. .* \(.*\)$/extern int \1;/p'\'
lt_cv_sys_max_cmd_len=8192
lt_lt_cv_prog_compiler_c_o='"yes"'
lt_lt_cv_prog_compiler_c_o_CXX='"yes"'
lt_lt_cv_sys_global_symbol_pipe='"sed -n -e '\''s/^.*[ 	]\\([ABCDGIRSTW][ABCDGIRSTW]*\\)[ 	][ 	]*\\([_A-Za-z][_A-Za-z0-9]*\\)\$/\\1 \\2 \\2/p'\''"'
lt_lt_cv_sys_global_symbol_to_c_name_address='"sed -n -e '\''s/^: \\([^ ]*\\) \$/  {\\\"\\1\\\", (lt_ptr) 0},/p'\'' -e '\''s/^[BCDEGRST] \\([^ ]*\\) \\([^ ]*\\)\$/  {\"\\2\", (lt_ptr) \\&\\2},/p'\''"'
lt_lt_cv_sys_global_symbol_to_cdecl='"sed -n -e '\''s/^. .* \\(.*\\)\$/extern int \\1;/p'\''"'

## ----------------- ##
## Output variables. ##
## ----------------- ##

ACLOCAL='aclocal-1.10'
AMDEPBACKSLASH='\'
AMDEP_FALSE='#'
AMDEP_TRUE=''
AMTAR='tar'
AR='ar'
AUTOCONF='autoconf'
AUTOHEADER='autoheader'
AUTOMAKE='automake-1.10'
AWK='gawk'
CC='gcc'
CCDEPMODE='depmode=gcc'
CFLAGS='-g -O2'
CPP='gcc -E'
CPPFLAGS=''
CXX='g++'
CXXCPP='g++ -E'
CXXDEPMODE='depmode=gcc'
CXXFLAGS='-g -O2'
CYGPATH_W='echo'
DEFS='-DHAVE_CONFIG_H'
DEPDIR='.deps'
ECHO='print -r'
ECHO_C=''
ECHO_N='-n'
ECHO_T=''
EGREP='/bin/grep -E'
EXEEXT=''
F77=''
FFLAGS=''
GREP='/bin/grep'
INSTALL_DATA='${INSTALL} -m 644'
INSTALL_PROGRAM='${INSTALL}'
INSTALL_SCRIPT='${INSTALL}'
INSTALL_STRIP_PROGRAM='$(install_sh) -c -s'
LDFLAGS=''
LIBOBJS=''
LIBS='-lz '
LIBTOOL='$(SHELL) $(top_builddir)/libtool'
LN_S='cp -p'
LTLIBOBJS=''
MAKEINFO='makeinfo'
MANFMT='man'
OBJEXT='o'
PACKAGE='libzip'
PACKAGE_BUGREPORT='libzip@nih.at'
PACKAGE_NAME='libzip'
PACKAGE_STRING='libzip 0.8'
PACKAGE_TARNAME='libzip'
PACKAGE_VERSION='0.8'
PATH_SEPARATOR=':'
RANLIB='ranlib'
SET_MAKE=''
SHELL='/bin/sh'
STRIP='strip'
VERSION='0.8'
ac_ct_CC='gcc'
ac_ct_CXX='g++'
ac_ct_F77=''
am__fastdepCC_FALSE=''
am__fastdepCC_TRUE='#'
am__fastdepCXX_FALSE=''
am__fastdepCXX_TRUE='#'
am__include='include'
am__isrc=''
am__leading_dot='.'
am__quote=''
am__tar='${AMTAR} chof - "$$tardir"'
am__untar='${AMTAR} xf -'
bindir='${exec_prefix}/bin'
build='powerpc-unknown-morphos'
build_alias=''
build_cpu='powerpc'
build_os='morphos'
build_vendor='unknown'
datadir='${datarootdir}'
datarootdir='${prefix}/share'
docdir='${datarootdir}/doc/${PACKAGE_TARNAME}'
dvidir='${docdir}'
exec_prefix='${prefix}'
host='powerpc-unknown-morphos'
host_alias=''
host_cpu='powerpc'
host_os='morphos'
host_vendor='unknown'
htmldir='${docdir}'
includedir='${prefix}/include'
infodir='${datarootdir}/info'
install_sh='$(SHELL) /Ram Disk/libzip-0.8/install-sh'
libdir='${exec_prefix}/lib'
libexecdir='${exec_prefix}/libexec'
localedir='${datarootdir}/locale'
localstatedir='${prefix}/var'
mandir='${datarootdir}/man'
mkdir_p='$(top_builddir)/./install-sh -c -d'
oldincludedir='/usr/include'
pdfdir='${docdir}'
prefix='/usr/local'
program_transform_name='s,x,x,'
psdir='${docdir}'
sbindir='${exec_prefix}/sbin'
sharedstatedir='${prefix}/com'
sysconfdir='${prefix}/etc'
target_alias=''

## ----------- ##
## confdefs.h. ##
## ----------- ##

#define PACKAGE_NAME "libzip"
#define PACKAGE_TARNAME "libzip"
#define PACKAGE_VERSION "0.8"
#define PACKAGE_STRING "libzip 0.8"
#define PACKAGE_BUGREPORT "libzip@nih.at"
#define PACKAGE "libzip"
#define VERSION "0.8"
#define HAVE_LIBZ 1
#define STDC_HEADERS 1
#define HAVE_SYS_TYPES_H 1
#define HAVE_SYS_STAT_H 1
#define HAVE_STDLIB_H 1
#define HAVE_STRING_H 1
#define HAVE_MEMORY_H 1
#define HAVE_STRINGS_H 1
#define HAVE_INTTYPES_H 1
#define HAVE_STDINT_H 1
#define HAVE_UNISTD_H 1
#define HAVE_DLFCN_H 1
#define HAVE_MKSTEMP 1
#define HAVE_UNISTD_H 1

configure: exit 0
