This file contains any messages produced by compilers while
running configure, to aid debugging if configure makes a mistake.

It was created by FreeType configure 2.3.8, which was
generated by GNU Autoconf 2.63.  Invocation command line was

  $ ./configure 

## --------- ##
## Platform. ##
## --------- ##

hostname = Black-Beast
uname -m = m68k
uname -r = unknown
uname -s = AmigaOS
uname -v = 45.68

/usr/bin/uname -p = 68040
/bin/uname -X     = unknown

/bin/arch              = unknown
/usr/bin/arch -k       = unknown
/usr/convex/getsysinfo = unknown
/usr/bin/hostinfo      = unknown
/bin/machine           = unknown
/usr/bin/oslevel       = unknown
/bin/universe          = unknown

PATH: /bin
PATH: /usr/bin
PATH: /usr/ucb


## ----------- ##
## Core tests. ##
## ----------- ##

configure:2072: checking build system type
configure:2090: result: m68k-unknown-amigaos
configure:2112: checking host system type
configure:2127: result: m68k-unknown-amigaos
configure:2201: checking for gcc
configure:2217: found /bin/gcc
configure:2228: result: gcc
configure:2460: checking for C compiler version
configure:2468: gcc --version >&5
2.95.3
configure:2472: $? = 0
configure:2479: gcc -v >&5
Reading specs from /gg/lib/gcc-lib/m68k-amigaos/2.95.3/specs
gcc version 2.95.3 20010315 (release)
configure:2483: $? = 0
configure:2490: gcc -V >&5
gcc: argument to `-V' is missing
configure:2494: $? = 1
configure:2517: checking for C compiler default output file name
configure:2539: gcc    conftest.c  >&5
configure:2543: $? = 0
configure:2581: result: a.out
configure:2600: checking whether the C compiler works
configure:2610: ./a.out
configure:2614: $? = 0
configure:2633: result: yes
configure:2640: checking whether we are cross compiling
configure:2642: result: no
configure:2645: checking for suffix of executables
configure:2652: gcc -o conftest    conftest.c  >&5
configure:2656: $? = 0
configure:2682: result: 
configure:2688: checking for suffix of object files
configure:2714: gcc -c   conftest.c >&5
configure:2718: $? = 0
configure:2743: result: o
configure:2747: checking whether we are using the GNU C compiler
configure:2776: gcc -c   conftest.c >&5
configure:2783: $? = 0
configure:2800: result: yes
configure:2809: checking whether gcc accepts -g
configure:2839: gcc -c -g  conftest.c >&5
configure:2846: $? = 0
configure:2947: result: yes
configure:2964: checking for gcc option to accept ISO C89
configure:3038: gcc  -c -g -O2  conftest.c >&5
configure:3045: $? = 0
configure:3068: result: none needed
configure:3091: checking how to run the C preprocessor
configure:3131: gcc -E  conftest.c
configure:3138: $? = 0
configure:3169: gcc -E  conftest.c
conftest.c:8: ac_nonexistent.h: No such file or directory
configure:3176: $? = 1
configure: failed program was:
| /* confdefs.h.  */
| #define PACKAGE_NAME "FreeType"
| #define PACKAGE_TARNAME "freetype"
| #define PACKAGE_VERSION "2.3.8"
| #define PACKAGE_STRING "FreeType 2.3.8"
| #define PACKAGE_BUGREPORT "freetype@nongnu.org"
| /* end confdefs.h.  */
| #include <ac_nonexistent.h>
configure:3209: result: gcc -E
configure:3238: gcc -E  conftest.c
configure:3245: $? = 0
configure:3276: gcc -E  conftest.c
conftest.c:8: ac_nonexistent.h: No such file or directory
configure:3283: $? = 1
configure: failed program was:
| /* confdefs.h.  */
| #define PACKAGE_NAME "FreeType"
| #define PACKAGE_TARNAME "freetype"
| #define PACKAGE_VERSION "2.3.8"
| #define PACKAGE_STRING "FreeType 2.3.8"
| #define PACKAGE_BUGREPORT "freetype@nongnu.org"
| /* end confdefs.h.  */
| #include <ac_nonexistent.h>
configure:3517: checking for rm
configure:3533: found /bin/rm
configure:3544: result: rm -f
configure:3554: checking for rmdir
configure:3570: found /bin/rmdir
configure:3581: result: rmdir
configure:3609: checking for a BSD-compatible install
configure:3677: result: /bin/install -c
configure:3700: checking for grep that handles long lines and -e
configure:3760: result: /bin/grep
configure:3765: checking for egrep
configure:3829: result: /bin/grep -E
configure:3834: checking for ANSI C header files
configure:3864: gcc -c -g -O2  conftest.c >&5
configure:3871: $? = 0
configure:3970: gcc -o conftest -g -O2   conftest.c  >&5
configure:3974: $? = 0
configure:3980: ./conftest
configure:3984: $? = 0
configure:4002: result: yes
configure:4026: checking for sys/types.h
configure:4047: gcc -c -g -O2  conftest.c >&5
configure:4054: $? = 0
configure:4071: result: yes
configure:4026: checking for sys/stat.h
configure:4047: gcc -c -g -O2  conftest.c >&5
configure:4054: $? = 0
configure:4071: result: yes
configure:4026: checking for stdlib.h
configure:4047: gcc -c -g -O2  conftest.c >&5
configure:4054: $? = 0
configure:4071: result: yes
configure:4026: checking for string.h
configure:4047: gcc -c -g -O2  conftest.c >&5
configure:4054: $? = 0
configure:4071: result: yes
configure:4026: checking for memory.h
configure:4047: gcc -c -g -O2  conftest.c >&5
configure:4054: $? = 0
configure:4071: result: yes
configure:4026: checking for strings.h
configure:4047: gcc -c -g -O2  conftest.c >&5
configure:4054: $? = 0
configure:4071: result: yes
configure:4026: checking for inttypes.h
configure:4047: gcc -c -g -O2  conftest.c >&5
configure:4054: $? = 0
configure:4071: result: yes
configure:4026: checking for stdint.h
configure:4047: gcc -c -g -O2  conftest.c >&5
conftest.c:50: stdint.h: No such file or directory
configure:4054: $? = 1
configure: failed program was:
| /* confdefs.h.  */
| #define PACKAGE_NAME "FreeType"
| #define PACKAGE_TARNAME "freetype"
| #define PACKAGE_VERSION "2.3.8"
| #define PACKAGE_STRING "FreeType 2.3.8"
| #define PACKAGE_BUGREPORT "freetype@nongnu.org"
| #define STDC_HEADERS 1
| #define HAVE_SYS_TYPES_H 1
| #define HAVE_SYS_STAT_H 1
| #define HAVE_STDLIB_H 1
| #define HAVE_STRING_H 1
| #define HAVE_MEMORY_H 1
| #define HAVE_STRINGS_H 1
| #define HAVE_INTTYPES_H 1
| /* end confdefs.h.  */
| #include <stdio.h>
| #ifdef HAVE_SYS_TYPES_H
| # include <sys/types.h>
| #endif
| #ifdef HAVE_SYS_STAT_H
| # include <sys/stat.h>
| #endif
| #ifdef STDC_HEADERS
| # include <stdlib.h>
| # include <stddef.h>
| #else
| # ifdef HAVE_STDLIB_H
| #  include <stdlib.h>
| # endif
| #endif
| #ifdef HAVE_STRING_H
| # if !defined STDC_HEADERS && defined HAVE_MEMORY_H
| #  include <memory.h>
| # endif
| # include <string.h>
| #endif
| #ifdef HAVE_STRINGS_H
| # include <strings.h>
| #endif
| #ifdef HAVE_INTTYPES_H
| # include <inttypes.h>
| #endif
| #ifdef HAVE_STDINT_H
| # include <stdint.h>
| #endif
| #ifdef HAVE_UNISTD_H
| # include <unistd.h>
| #endif
| 
| #include <stdint.h>
configure:4071: result: no
configure:4026: checking for unistd.h
configure:4047: gcc -c -g -O2  conftest.c >&5
configure:4054: $? = 0
configure:4071: result: yes
configure:4102: checking fcntl.h usability
configure:4119: gcc -c -g -O2  conftest.c >&5
configure:4126: $? = 0
configure:4140: result: yes
configure:4144: checking fcntl.h presence
configure:4159: gcc -E  conftest.c
configure:4166: $? = 0
configure:4180: result: yes
configure:4213: checking for fcntl.h
configure:4222: result: yes
configure:4091: checking for unistd.h
configure:4098: result: yes
configure:4241: checking for an ANSI C-conforming const
configure:4316: gcc -c -g -O2  conftest.c >&5
configure:4323: $? = 0
configure:4338: result: yes
configure:4352: checking size of int
configure:4657: gcc -o conftest -g -O2   conftest.c  >&5
configure:4661: $? = 0
configure:4667: ./conftest
configure:4671: $? = 0
configure:4697: result: 4
configure:4711: checking size of long
configure:5016: gcc -o conftest -g -O2   conftest.c  >&5
configure:5020: $? = 0
configure:5026: ./conftest
configure:5030: $? = 0
configure:5056: result: 4
configure:5070: checking cpp computation of bit length in ftconfig.in works
configure:5121: result: yes
configure:5152: checking for stdlib.h
configure:5159: result: yes
configure:5152: checking for unistd.h
configure:5159: result: yes
configure:5302: checking for getpagesize
configure:5358: gcc -o conftest -g -O2   conftest.c  >&5
configure:5365: $? = 0
configure:5387: result: yes
configure:5399: checking for working mmap
configure:5546: gcc -o conftest -g -O2   conftest.c  >&5
configure:5550: $? = 0
configure:5556: ./conftest
configure:5560: $? = 1
configure: program exited with status 1
configure: failed program was:
| /* confdefs.h.  */
| #define PACKAGE_NAME "FreeType"
| #define PACKAGE_TARNAME "freetype"
| #define PACKAGE_VERSION "2.3.8"
| #define PACKAGE_STRING "FreeType 2.3.8"
| #define PACKAGE_BUGREPORT "freetype@nongnu.org"
| #define STDC_HEADERS 1
| #define HAVE_SYS_TYPES_H 1
| #define HAVE_SYS_STAT_H 1
| #define HAVE_STDLIB_H 1
| #define HAVE_STRING_H 1
| #define HAVE_MEMORY_H 1
| #define HAVE_STRINGS_H 1
| #define HAVE_INTTYPES_H 1
| #define HAVE_UNISTD_H 1
| #define HAVE_FCNTL_H 1
| #define HAVE_UNISTD_H 1
| #define SIZEOF_INT 4
| #define SIZEOF_LONG 4
| #define HAVE_STDLIB_H 1
| #define HAVE_UNISTD_H 1
| #define HAVE_GETPAGESIZE 1
| /* end confdefs.h.  */
| #include <stdio.h>
| #ifdef HAVE_SYS_TYPES_H
| # include <sys/types.h>
| #endif
| #ifdef HAVE_SYS_STAT_H
| # include <sys/stat.h>
| #endif
| #ifdef STDC_HEADERS
| # include <stdlib.h>
| # include <stddef.h>
| #else
| # ifdef HAVE_STDLIB_H
| #  include <stdlib.h>
| # endif
| #endif
| #ifdef HAVE_STRING_H
| # if !defined STDC_HEADERS && defined HAVE_MEMORY_H
| #  include <memory.h>
| # endif
| # include <string.h>
| #endif
| #ifdef HAVE_STRINGS_H
| # include <strings.h>
| #endif
| #ifdef HAVE_INTTYPES_H
| # include <inttypes.h>
| #endif
| #ifdef HAVE_STDINT_H
| # include <stdint.h>
| #endif
| #ifdef HAVE_UNISTD_H
| # include <unistd.h>
| #endif
| /* malloc might have been renamed as rpl_malloc. */
| #undef malloc
| 
| /* Thanks to Mike Haertel and Jim Avera for this test.
|    Here is a matrix of mmap possibilities:
| 	mmap private not fixed
| 	mmap private fixed at somewhere currently unmapped
| 	mmap private fixed at somewhere already mapped
| 	mmap shared not fixed
| 	mmap shared fixed at somewhere currently unmapped
| 	mmap shared fixed at somewhere already mapped
|    For private mappings, we should verify that changes cannot be read()
|    back from the file, nor mmap's back from the file at a different
|    address.  (There have been systems where private was not correctly
|    implemented like the infamous i386 svr4.0, and systems where the
|    VM page cache was not coherent with the file system buffer cache
|    like early versions of FreeBSD and possibly contemporary NetBSD.)
|    For shared mappings, we should conversely verify that changes get
|    propagated back to all the places they're supposed to be.
| 
|    Grep wants private fixed already mapped.
|    The main things grep needs to know about mmap are:
|    * does it exist and is it safe to write into the mmap'd area
|    * how to use it (BSD variants)  */
| 
| #include <fcntl.h>
| #include <sys/mman.h>
| 
| #if !defined STDC_HEADERS && !defined HAVE_STDLIB_H
| char *malloc ();
| #endif
| 
| /* This mess was copied from the GNU getpagesize.h.  */
| #ifndef HAVE_GETPAGESIZE
| /* Assume that all systems that can run configure have sys/param.h.  */
| # ifndef HAVE_SYS_PARAM_H
| #  define HAVE_SYS_PARAM_H 1
| # endif
| 
| # ifdef _SC_PAGESIZE
| #  define getpagesize() sysconf(_SC_PAGESIZE)
| # else /* no _SC_PAGESIZE */
| #  ifdef HAVE_SYS_PARAM_H
| #   include <sys/param.h>
| #   ifdef EXEC_PAGESIZE
| #    define getpagesize() EXEC_PAGESIZE
| #   else /* no EXEC_PAGESIZE */
| #    ifdef NBPG
| #     define getpagesize() NBPG * CLSIZE
| #     ifndef CLSIZE
| #      define CLSIZE 1
| #     endif /* no CLSIZE */
| #    else /* no NBPG */
| #     ifdef NBPC
| #      define getpagesize() NBPC
| #     else /* no NBPC */
| #      ifdef PAGESIZE
| #       define getpagesize() PAGESIZE
| #      endif /* PAGESIZE */
| #     endif /* no NBPC */
| #    endif /* no NBPG */
| #   endif /* no EXEC_PAGESIZE */
| #  else /* no HAVE_SYS_PARAM_H */
| #   define getpagesize() 8192	/* punt totally */
| #  endif /* no HAVE_SYS_PARAM_H */
| # endif /* no _SC_PAGESIZE */
| 
| #endif /* no HAVE_GETPAGESIZE */
| 
| int
| main ()
| {
|   char *data, *data2, *data3;
|   int i, pagesize;
|   int fd;
| 
|   pagesize = getpagesize ();
| 
|   /* First, make a file with some known garbage in it. */
|   data = (char *) malloc (pagesize);
|   if (!data)
|     return 1;
|   for (i = 0; i < pagesize; ++i)
|     *(data + i) = rand ();
|   umask (0);
|   fd = creat ("conftest.mmap", 0600);
|   if (fd < 0)
|     return 1;
|   if (write (fd, data, pagesize) != pagesize)
|     return 1;
|   close (fd);
| 
|   /* Next, try to mmap the file at a fixed address which already has
|      something else allocated at it.  If we can, also make sure that
|      we see the same garbage.  */
|   fd = open ("conftest.mmap", O_RDWR);
|   if (fd < 0)
|     return 1;
|   data2 = (char *) malloc (2 * pagesize);
|   if (!data2)
|     return 1;
|   data2 += (pagesize - ((long int) data2 & (pagesize - 1))) & (pagesize - 1);
|   if (data2 != mmap (data2, pagesize, PROT_READ | PROT_WRITE,
| 		     MAP_PRIVATE | MAP_FIXED, fd, 0L))
|     return 1;
|   for (i = 0; i < pagesize; ++i)
|     if (*(data + i) != *(data2 + i))
|       return 1;
| 
|   /* Finally, make sure that changes to the mapped area do not
|      percolate back to the file as seen by read().  (This is a bug on
|      some variants of i386 svr4.0.)  */
|   for (i = 0; i < pagesize; ++i)
|     *(data2 + i) = *(data2 + i) + 1;
|   data3 = (char *) malloc (pagesize);
|   if (!data3)
|     return 1;
|   if (read (fd, data3, pagesize) != pagesize)
|     return 1;
|   for (i = 0; i < pagesize; ++i)
|     if (*(data + i) != *(data3 + i))
|       return 1;
|   close (fd);
|   return 0;
| }
configure:5577: result: no
configure:5732: checking for memcpy
configure:5788: gcc -o conftest -g -O2   conftest.c  >&5
conftest.c:47: warning: conflicting types for built-in function `memcpy'
configure:5795: $? = 0
configure:5817: result: yes
configure:5732: checking for memmove
configure:5788: gcc -o conftest -g -O2   conftest.c  >&5
configure:5795: $? = 0
configure:5817: result: yes
configure:5841: checking for gzsetparams in -lz
configure:5876: gcc -o conftest -g -O2   conftest.c -lz   >&5
configure:5883: $? = 0
configure:5904: result: yes
configure:5917: checking zlib.h usability
configure:5934: gcc -c -g -O2  conftest.c >&5
configure:5941: $? = 0
configure:5955: result: yes
configure:5959: checking zlib.h presence
configure:5974: gcc -E  conftest.c
configure:5981: $? = 0
configure:5995: result: yes
configure:6028: checking for zlib.h
configure:6035: result: yes
configure:6057: checking whether CFLAGS includes -isysroot option
configure:6081: result: no
configure:6873: checking for a sed that does not truncate output
configure:6939: result: /bin/sed
configure:6957: checking for fgrep
configure:7021: result: /bin/grep -F
configure:7056: checking for ld used by gcc
configure:7123: result: /gg/m68k-amigaos/bin/ld
configure:7132: checking if the linker (/gg/m68k-amigaos/bin/ld) is GNU ld
configure:7147: result: yes
configure:7159: checking for BSD- or MS-compatible name lister (nm)
configure:7208: result: /bin/nm
configure:7326: checking the name lister (/bin/nm) interface
configure:7333: gcc -c -g -O2 -DFT_CONFIG_OPTION_SYSTEM_ZLIB  conftest.c >&5
configure:7336: /bin/nm "conftest.o"
configure:7339: output
00000000 t ___gnu_compiled_c
00000000 D _some_variable
00000000 t gcc2_compiled.
configure:7346: result: BSD nm
configure:7349: checking whether ln -s works
configure:7356: result: no, using cp -p
configure:7361: checking the maximum length of command line arguments
configure:7481: result: 8192
configure:7498: checking whether the shell understands some XSI constructs
configure:7508: result: yes
configure:7512: checking whether the shell understands "+="
configure:7518: result: no
configure:7553: checking for /gg/m68k-amigaos/bin/ld option to reload object files
configure:7560: result: -r
configure:7629: checking for objdump
configure:7645: found /bin/objdump
configure:7656: result: objdump
configure:7685: checking how to recognize dependent libraries
configure:7881: result: unknown
configure:7941: checking for ar
configure:7957: found /bin/ar
configure:7968: result: ar
configure:8046: checking for strip
configure:8062: found /bin/strip
configure:8073: result: strip
configure:8145: checking for ranlib
configure:8161: found /bin/ranlib
configure:8172: result: ranlib
configure:8262: checking command to parse /bin/nm output from gcc object
configure:8380: gcc -c -g -O2 -DFT_CONFIG_OPTION_SYSTEM_ZLIB  conftest.c >&5
configure:8383: $? = 0
configure:8387: /bin/nm conftest.o \| sed -n -e 's/^.*[	 ]\([ABCDGIRSTW][ABCDGIRSTW]*\)[	 ][	 ]*\([_A-Za-z][_A-Za-z0-9]*\)$/\1 \2 \2/p' \> conftest.nm
configure:8390: $? = 0
cannot find nm_test_var in conftest.nm
configure:8380: gcc -c -g -O2 -DFT_CONFIG_OPTION_SYSTEM_ZLIB  conftest.c >&5
configure:8383: $? = 0
configure:8387: /bin/nm conftest.o \| sed -n -e 's/^.*[	 ]\([ABCDGIRSTW][ABCDGIRSTW]*\)[	 ][	 ]*_\([_A-Za-z][_A-Za-z0-9]*\)$/\1 _\2 \2/p' \> conftest.nm
configure:8390: $? = 0
configure:8444: gcc -o conftest -g -O2 -DFT_CONFIG_OPTION_SYSTEM_ZLIB   -lz conftest.c conftstm.o >&5
configure:8447: $? = 0
configure:8485: result: ok
configure:9350: checking for dlfcn.h
configure:9371: gcc -c -g -O2 -DFT_CONFIG_OPTION_SYSTEM_ZLIB  conftest.c >&5
configure:9378: $? = 0
configure:9395: result: yes
configure:9879: checking for objdir
configure:9894: result: .libs
configure:10186: checking if gcc supports -fno-rtti -fno-exceptions
configure:10204: gcc -c -g -O2 -DFT_CONFIG_OPTION_SYSTEM_ZLIB  -fno-rtti -fno-exceptions conftest.c >&5
configure:10208: $? = 0
configure:10221: result: yes
configure:10241: checking for gcc option to produce PIC
configure:10513: result: -m68020 -resident32 -malways-restore-a4 -DPIC
configure:10525: checking if gcc PIC flag -m68020 -resident32 -malways-restore-a4 -DPIC works
configure:10543: gcc -c -g -O2 -DFT_CONFIG_OPTION_SYSTEM_ZLIB  -m68020 -resident32 -malways-restore-a4 -DPIC -DPIC conftest.c >&5
configure:10547: $? = 0
configure:10560: result: yes
configure:10584: checking if gcc static flag -static works
configure:10612: result: yes
configure:10627: checking if gcc supports -c -o file.o
configure:10648: gcc -c -g -O2 -DFT_CONFIG_OPTION_SYSTEM_ZLIB  -o out/conftest2.o conftest.c >&5
configure:10652: $? = 0
configure:10674: result: yes
configure:10682: checking if gcc supports -c -o file.o
configure:10729: result: yes
configure:10762: checking whether the gcc linker (/gg/m68k-amigaos/bin/ld) supports shared libraries
configure:11836: result: yes
configure:12075: checking dynamic linker characteristics
configure:12758: result: amigaos ld.so
configure:12860: checking how to hardcode library paths into programs
configure:12885: result: immediate
configure:13718: checking whether stripping libraries is possible
configure:13723: result: yes
configure:13758: checking if libtool supports shared libraries
configure:13760: result: yes
configure:13763: checking whether to build shared libraries
configure:13784: result: yes
configure:13787: checking whether to build static libraries
configure:13791: result: yes
configure:13952: creating ./config.status

## ---------------------- ##
## Running config.status. ##
## ---------------------- ##

This file was extended by FreeType config.status 2.3.8, which was
generated by GNU Autoconf 2.63.  Invocation command line was

  CONFIG_FILES    = 
  CONFIG_HEADERS  = 
  CONFIG_LINKS    = 
  CONFIG_COMMANDS = 
  $ ./config.status 

on Black-Beast

config.status:15081: creating unix-cc.mk
config.status:15081: creating unix-def.mk
config.status:15081: creating freetype-config
config.status:15081: creating freetype2.pc
config.status:15081: creating ftconfig.h
config.status:15321: executing libtool commands

## ---------------- ##
## Cache variables. ##
## ---------------- ##

ac_cv_build=m68k-unknown-amigaos
ac_cv_c_compiler_gnu=yes
ac_cv_c_const=yes
ac_cv_env_CC_set=
ac_cv_env_CC_value=
ac_cv_env_CFLAGS_set=
ac_cv_env_CFLAGS_value=
ac_cv_env_CPPFLAGS_set=
ac_cv_env_CPPFLAGS_value=
ac_cv_env_CPP_set=
ac_cv_env_CPP_value=
ac_cv_env_LDFLAGS_set=
ac_cv_env_LDFLAGS_value=
ac_cv_env_LIBS_set=
ac_cv_env_LIBS_value=
ac_cv_env_build_alias_set=
ac_cv_env_build_alias_value=
ac_cv_env_host_alias_set=
ac_cv_env_host_alias_value=
ac_cv_env_target_alias_set=
ac_cv_env_target_alias_value=
ac_cv_func_getpagesize=yes
ac_cv_func_memcpy=yes
ac_cv_func_memmove=yes
ac_cv_func_mmap_fixed_mapped=no
ac_cv_header_dlfcn_h=yes
ac_cv_header_fcntl_h=yes
ac_cv_header_inttypes_h=yes
ac_cv_header_memory_h=yes
ac_cv_header_stdc=yes
ac_cv_header_stdint_h=no
ac_cv_header_stdlib_h=yes
ac_cv_header_string_h=yes
ac_cv_header_strings_h=yes
ac_cv_header_sys_stat_h=yes
ac_cv_header_sys_types_h=yes
ac_cv_header_unistd_h=yes
ac_cv_header_zlib_h=yes
ac_cv_host=m68k-unknown-amigaos
ac_cv_lib_z_gzsetparams=yes
ac_cv_objext=o
ac_cv_path_EGREP='/bin/grep -E'
ac_cv_path_FGREP='/bin/grep -F'
ac_cv_path_GREP=/bin/grep
ac_cv_path_SED=/bin/sed
ac_cv_path_install='/bin/install -c'
ac_cv_prog_CPP='gcc -E'
ac_cv_prog_RMDIR=rmdir
ac_cv_prog_RMF='rm -f'
ac_cv_prog_ac_ct_AR=ar
ac_cv_prog_ac_ct_CC=gcc
ac_cv_prog_ac_ct_OBJDUMP=objdump
ac_cv_prog_ac_ct_RANLIB=ranlib
ac_cv_prog_ac_ct_STRIP=strip
ac_cv_prog_cc_c89=
ac_cv_prog_cc_g=yes
ac_cv_sizeof_int=4
ac_cv_sizeof_long=4
lt_cv_deplibs_check_method=unknown
lt_cv_file_magic_cmd='$MAGIC_CMD'
lt_cv_file_magic_test_file=
lt_cv_ld_reload_flag=-r
lt_cv_nm_interface='BSD nm'
lt_cv_objdir=.libs
lt_cv_path_LD=/gg/m68k-amigaos/bin/ld
lt_cv_path_NM=/bin/nm
lt_cv_prog_compiler_c_o=yes
lt_cv_prog_compiler_pic_works=yes
lt_cv_prog_compiler_rtti_exceptions=yes
lt_cv_prog_compiler_static_works=yes
lt_cv_prog_gnu_ld=yes
lt_cv_sys_global_symbol_pipe='sed -n -e '\''s/^.*[	 ]\([ABCDGIRSTW][ABCDGIRSTW]*\)[	 ][	 ]*_\([_A-Za-z][_A-Za-z0-9]*\)$/\1 _\2 \2/p'\'
lt_cv_sys_global_symbol_to_c_name_address='sed -n -e '\''s/^: \([^ ]*\) $/  {\"\1\", (void *) 0},/p'\'' -e '\''s/^[ABCDGIRSTW]* \([^ ]*\) \([^ ]*\)$/  {"\2", (void *) \&\2},/p'\'
lt_cv_sys_global_symbol_to_c_name_address_lib_prefix='sed -n -e '\''s/^: \([^ ]*\) $/  {\"\1\", (void *) 0},/p'\'' -e '\''s/^[ABCDGIRSTW]* \([^ ]*\) \(lib[^ ]*\)$/  {"\2", (void *) \&\2},/p'\'' -e '\''s/^[ABCDGIRSTW]* \([^ ]*\) \([^ ]*\)$/  {"lib\2", (void *) \&\2},/p'\'
lt_cv_sys_global_symbol_to_cdecl='sed -n -e '\''s/^T .* \(.*\)$/extern int \1();/p'\'' -e '\''s/^[ABCDGIRSTW]* .* \(.*\)$/extern char \1;/p'\'
lt_cv_sys_max_cmd_len=8192

## ----------------- ##
## Output variables. ##
## ----------------- ##

AR='ar'
AS='as'
CC='gcc'
CC_BUILD='gcc'
CFLAGS='-g -O2 -DFT_CONFIG_OPTION_SYSTEM_ZLIB'
CPP='gcc -E'
CPPFLAGS=''
DEFS='-DHAVE_CONFIG_H'
DLLTOOL='dlltool'
DSYMUTIL=''
DUMPBIN=''
ECHO_C=''
ECHO_N='-n'
ECHO_T=''
EGREP='/bin/grep -E'
EXEEXT=''
EXEEXT_BUILD=''
FGREP='/bin/grep -F'
FT2_EXTRA_LIBS=''
FTSYS_SRC='$(BASE_DIR)/ftsystem.c'
GREP='/bin/grep'
INSTALL_DATA='${INSTALL} -m 644'
INSTALL_PROGRAM='${INSTALL}'
INSTALL_SCRIPT='${INSTALL}'
LD='/gg/m68k-amigaos/bin/ld'
LDFLAGS=' -lz'
LIBOBJS=''
LIBS=''
LIBTOOL='$(SHELL) $(top_builddir)/libtool'
LIBZ='-lz'
LIPO=''
LN_S='cp -p'
LTLIBOBJS=''
NM='/bin/nm'
NMEDIT=''
OBJDUMP='objdump'
OBJEXT='o'
OTOOL64=''
OTOOL=''
PACKAGE_BUGREPORT='freetype@nongnu.org'
PACKAGE_NAME='FreeType'
PACKAGE_STRING='FreeType 2.3.8'
PACKAGE_TARNAME='freetype'
PACKAGE_VERSION='2.3.8'
PATH_SEPARATOR=':'
RANLIB='ranlib'
RMDIR='rmdir'
RMF='rm -f'
SED='/bin/sed'
SHELL='/bin/sh'
STRIP='strip'
SYSTEM_ZLIB='yes'
XX_ANSIFLAGS='-pedantic -ansi'
XX_CFLAGS='-Wall'
ac_ct_CC='gcc'
ac_ct_DUMPBIN=''
bindir='${exec_prefix}/bin'
build='m68k-unknown-amigaos'
build_alias=''
build_cpu='m68k'
build_libtool_libs=''
build_os='amigaos'
build_vendor='unknown'
datadir='${datarootdir}'
datarootdir='${prefix}/share'
docdir='${datarootdir}/doc/${PACKAGE_TARNAME}'
dvidir='${docdir}'
exec_prefix='${prefix}'
ft_version='9.19.3'
ftmac_c=''
hardcode_libdir_flag_spec='-L$libdir'
host='m68k-unknown-amigaos'
host_alias=''
host_cpu='m68k'
host_os='amigaos'
host_vendor='unknown'
htmldir='${docdir}'
includedir='${prefix}/include'
infodir='${datarootdir}/info'
libdir='${exec_prefix}/lib'
libexecdir='${exec_prefix}/libexec'
localedir='${datarootdir}/locale'
localstatedir='${prefix}/var'
lt_ECHO='print -r'
mandir='${datarootdir}/man'
oldincludedir='/usr/include'
pdfdir='${docdir}'
prefix='/usr/local'
program_transform_name='s,x,x,'
psdir='${docdir}'
sbindir='${exec_prefix}/sbin'
sharedstatedir='${prefix}/com'
sysconfdir='${prefix}/etc'
target_alias=''
version_info='9:19:3'
wl='-Wl,'

## ----------- ##
## confdefs.h. ##
## ----------- ##

#define PACKAGE_NAME "FreeType"
#define PACKAGE_TARNAME "freetype"
#define PACKAGE_VERSION "2.3.8"
#define PACKAGE_STRING "FreeType 2.3.8"
#define PACKAGE_BUGREPORT "freetype@nongnu.org"
#define STDC_HEADERS 1
#define HAVE_SYS_TYPES_H 1
#define HAVE_SYS_STAT_H 1
#define HAVE_STDLIB_H 1
#define HAVE_STRING_H 1
#define HAVE_MEMORY_H 1
#define HAVE_STRINGS_H 1
#define HAVE_INTTYPES_H 1
#define HAVE_UNISTD_H 1
#define HAVE_FCNTL_H 1
#define HAVE_UNISTD_H 1
#define SIZEOF_INT 4
#define SIZEOF_LONG 4
#define HAVE_STDLIB_H 1
#define HAVE_UNISTD_H 1
#define HAVE_GETPAGESIZE 1
#define HAVE_MEMCPY 1
#define HAVE_MEMMOVE 1
#define HAVE_DLFCN_H 1
#define LT_OBJDIR ".libs/"

configure: exit 0
