This file contains any messages produced by compilers while
running configure, to aid debugging if configure makes a mistake.

configure:566: checking for a BSD compatible install
configure:619: checking whether build environment is sane
configure:676: checking whether make sets ${MAKE}
configure:722: checking for working aclocal
configure:735: checking for working autoconf
configure:748: checking for working automake
configure:761: checking for working autoheader
configure:774: checking for working makeinfo
configure:791: checking for gcc
configure:904: checking whether the C compiler (gcc  ) works
configure:920: gcc -o conftest    conftest.c  1>&5
configure:946: checking whether the C compiler (gcc  ) is a cross-compiler
configure:951: checking whether we are using GNU C
configure:960: gcc -E conftest.c
configure:979: checking whether gcc accepts -g
configure:1022: checking for a BSD compatible install
configure:1075: checking whether make sets ${MAKE}
configure:1104: checking how to run the C preprocessor
configure:1125: gcc -E  conftest.c >/dev/null 2>conftest.out
configure:1184: checking for ANSI C header files
configure:1197: gcc -E  conftest.c >/dev/null 2>conftest.out
configure:1264: gcc -o conftest -g -O2   conftest.c  1>&5
configure:1288: checking for sys/wait.h that is POSIX.1 compatible
configure:1309: gcc -c -g -O2  conftest.c 1>&5
configure:1333: checking for fcntl.h
configure:1343: gcc -E  conftest.c >/dev/null 2>conftest.out
configure:1333: checking for limits.h
configure:1343: gcc -E  conftest.c >/dev/null 2>conftest.out
configure:1333: checking for syslog.h
configure:1343: gcc -E  conftest.c >/dev/null 2>conftest.out
configure:1333: checking for unistd.h
configure:1343: gcc -E  conftest.c >/dev/null 2>conftest.out
configure:1333: checking for pwd.h
configure:1343: gcc -E  conftest.c >/dev/null 2>conftest.out
configure:1333: checking for arpa/inet.h
configure:1343: gcc -E  conftest.c >/dev/null 2>conftest.out
configure:1333: checking for netinet/tcp.h
configure:1343: gcc -E  conftest.c >/dev/null 2>conftest.out
configure:1333: checking for sys/select.h
configure:1343: gcc -E  conftest.c >/dev/null 2>conftest.out
configure:1339: sys/select.h: No such file or directory
configure: failed program was:
#line 1338 "configure"
#include "confdefs.h"
#include <sys/select.h>
configure:1333: checking for getopt.h
configure:1343: gcc -E  conftest.c >/dev/null 2>conftest.out
configure:1339: getopt.h: No such file or directory
configure: failed program was:
#line 1338 "configure"
#include "confdefs.h"
#include <getopt.h>
configure:1371: checking for pid_t
configure:1404: checking whether time.h and sys/time.h may both be included
configure:1418: gcc -c -g -O2  conftest.c 1>&5
configure:1439: checking whether struct tm is in sys/time.h or time.h
configure:1452: gcc -c -g -O2  conftest.c 1>&5
configure:1474: checking return type of signal handlers
configure:1496: gcc -c -g -O2  conftest.c 1>&5
configure:1515: checking for vprintf
configure:1543: gcc -o conftest -g -O2   conftest.c  1>&5
configure:1622: checking for select
configure:1650: gcc -o conftest -g -O2   conftest.c  1>&5
configure:1622: checking for socket
configure:1650: gcc -o conftest -g -O2   conftest.c  1>&5
configure:1622: checking for strstr
configure:1650: gcc -o conftest -g -O2   conftest.c  1>&5
configure:1622: checking for strtol
configure:1650: gcc -o conftest -g -O2   conftest.c  1>&5
configure:1622: checking for openlog
configure:1650: gcc -o conftest -g -O2   conftest.c  1>&5
configure:1622: checking for sigaction
configure:1650: gcc -o conftest -g -O2   conftest.c  1>&5
configure:1622: checking for waitpid
configure:1650: gcc -o conftest -g -O2   conftest.c  1>&5
configure:1622: checking for gethostbyname
configure:1650: gcc -o conftest -g -O2   conftest.c  1>&5
configure:1622: checking for getprotobyname
configure:1650: gcc -o conftest -g -O2   conftest.c  1>&5
configure:1874: checking whether the C compiler accepts -Wall
configure:1884: gcc -c -Wall  conftest.c 1>&5
configure:1896: checking whether byte ordering is bigendian
configure:1914: gcc -c -g -O2 -Wall  conftest.c 1>&5
configure:1929: gcc -c -g -O2 -Wall  conftest.c 1>&5
configure:1986: checking size of unsigned int
configure:2005: gcc -o conftest -g -O2 -Wall   conftest.c  1>&5
configure:1997: warning: return-type defaults to `int'
configure: In function `main':
configure:2000: warning: int format, long int arg (arg 3)
configure:2025: checking size of unsigned long
configure:2044: gcc -o conftest -g -O2 -Wall   conftest.c  1>&5
configure:2036: warning: return-type defaults to `int'
configure: In function `main':
configure:2039: warning: int format, long int arg (arg 3)
configure:2066: checking for struct linger
configure:2079: gcc -c -g -O2 -Wall  conftest.c 1>&5
In file included from configure:2073:
/gg/include/sys/socket.h:132: parse error before `u_char'
/gg/include/sys/socket.h:132: warning: no semicolon at end of struct or union
/gg/include/sys/socket.h:133: warning: data definition has no type or storage class
/gg/include/sys/socket.h:135: parse error before `}'
/gg/include/sys/socket.h:142: parse error before `u_short'
/gg/include/sys/socket.h:142: warning: no semicolon at end of struct or union
/gg/include/sys/socket.h:143: warning: data definition has no type or storage class
/gg/include/sys/socket.h:249: parse error before `caddr_t'
/gg/include/sys/socket.h:249: warning: no semicolon at end of struct or union
/gg/include/sys/socket.h:250: warning: data definition has no type or storage class
/gg/include/sys/socket.h:252: parse error before `msg_iovlen'
/gg/include/sys/socket.h:252: warning: data definition has no type or storage class
/gg/include/sys/socket.h:253: parse error before `msg_control'
/gg/include/sys/socket.h:253: warning: data definition has no type or storage class
/gg/include/sys/socket.h:254: parse error before `msg_controllen'
/gg/include/sys/socket.h:254: warning: data definition has no type or storage class
/gg/include/sys/socket.h:256: parse error before `}'
/gg/include/sys/socket.h:274: parse error before `u_int'
/gg/include/sys/socket.h:274: warning: no semicolon at end of struct or union
/gg/include/sys/socket.h:278: parse error before `}'
/gg/include/sys/socket.h:299: parse error before `u_short'
/gg/include/sys/socket.h:299: warning: no semicolon at end of struct or union
/gg/include/sys/socket.h:301: parse error before `}'
/gg/include/sys/socket.h:307: parse error before `caddr_t'
/gg/include/sys/socket.h:307: warning: no semicolon at end of struct or union
/gg/include/sys/socket.h:311: parse error before `msg_accrights'
/gg/include/sys/socket.h:311: warning: data definition has no type or storage class
/gg/include/sys/socket.h:313: parse error before `}'
In file included from configure:2073:
/gg/include/sys/socket.h:327: parse error before `recv'
/gg/include/sys/socket.h:327: parse error before `size_t'
/gg/include/sys/socket.h:327: warning: data definition has no type or storage class
/gg/include/sys/socket.h:328: parse error before `recvfrom'
/gg/include/sys/socket.h:328: parse error before `size_t'
/gg/include/sys/socket.h:328: warning: data definition has no type or storage class
/gg/include/sys/socket.h:329: parse error before `recvmsg'
/gg/include/sys/socket.h:329: warning: data definition has no type or storage class
/gg/include/sys/socket.h:330: parse error before `send'
/gg/include/sys/socket.h:330: parse error before `size_t'
/gg/include/sys/socket.h:330: warning: data definition has no type or storage class
/gg/include/sys/socket.h:331: parse error before `sendto'
/gg/include/sys/socket.h:332: parse error before `size_t'
/gg/include/sys/socket.h:332: warning: data definition has no type or storage class
/gg/include/sys/socket.h:333: parse error before `sendmsg'
/gg/include/sys/socket.h:333: warning: data definition has no type or storage class
configure: In function `main':
configure:2076: warning: unused variable `dummy'
configure: failed program was:
#line 2072 "configure"
#include "confdefs.h"
#include <sys/socket.h>
int main() {
struct linger dummy
; return 0; }
configure:2101: checking for compiler alignment
configure:2116: gcc -o conftest -g -O2 -Wall   conftest.c  1>&5
configure:2135: checking for structure packing via __attribute__((packed))
configure:2148: gcc -c -g -O2 -Wall  conftest.c 1>&5
configure: In function `main':
configure:2144: warning: unused variable `s'
