TRUE
CLIPS> CLIPS> Defining deftemplate: speed_error
Defining deftemplate: speed_change
Defining deffacts: my_facts
Defining defrule: speed-too-fast +j
Defining defrule: speed-ok +j
Defining defrule: get-crisp-value-and-print-result +j
TRUE
CLIPS> <== Focus MAIN
==> Focus MAIN
==> instance [initial-object] of INITIAL-OBJECT
MSG >> init ED:1 (<Instance-initial-object>)
HND >> init primary in class USER
       ED:1 (<Instance-initial-object>)
HND << init primary in class USER
       ED:1 (<Instance-initial-object>)
MSG << init ED:1 (<Instance-initial-object>)
==> f-0     (initial-fact) CF 1.00 
==> f-1     (speed_error zero) CF 0.90 
	( (0.0 1.0) (0.11 0.0)  )

==> Activation 0      speed-ok: f-1
==> Activation 0      speed-too-fast: f-1
CLIPS> FIRE    1 speed-too-fast: f-1
==> f-2     (speed_change ???) CF 0.63 
	( (0.1 0.0) (0.1495495495495495 0.09909909909909909)  )

==> Activation -1     get-crisp-value-and-print-result: f-2
FIRE    2 speed-ok: f-1
~~~ f-2     (speed_change ???) CF 0.63 
	( (0.0 1.0) (0.1 0.1) (0.1333333333333333 0.06666666666666668) (0.1495495495495495 0.09909909909909909)  )

FIRE    3 get-crisp-value-and-print-result: f-2
Change speed by a factor of:  0.3553202565269306
<== Focus MAIN
3 rules fired        Run time is 0.8449999999993452 seconds.
3.550295857990917 rules per second.
3 mean number of facts (3 maximum).
1 mean number of instances (1 maximum).
1 mean number of activations (2 maximum).
CLIPS> 