case 1:
   strcpy (errorstring, "Missing '-', '(', NUM, VAR, FNAME, ");
   break;
case 2:
   strcpy (errorstring, "Missing EOS, '+', '-', ");
   break;
case 3:
   strcpy (errorstring, "Missing '*', '/', ");
   break;
case 4:
   strcpy (errorstring, "Missing '(', NUM, VAR, FNAME, ");
   break;
case 5:
   strcpy (errorstring, "Missing '^', ");
   break;
case 6:
   strcpy (errorstring, "Missing ");
   break;
case 7:
   strcpy (errorstring, "Missing '-', '(', NUM, VAR, FNAME, ");
   break;
case 8:
   strcpy (errorstring, "Missing ");
   break;
case 9:
   strcpy (errorstring, "Missing ");
   break;
case 10:
   strcpy (errorstring, "Missing ");
   break;
case 11:
   strcpy (errorstring, "Missing '(', ");
   break;
case 12:
   strcpy (errorstring, "Missing ");
   break;
case 13:
   strcpy (errorstring, "Missing '(', ");
   break;
case 14:
   strcpy (errorstring, "Missing ");
   break;
case 15:
   strcpy (errorstring, "Missing '(', NUM, VAR, FNAME, ");
   break;
case 16:
   strcpy (errorstring, "Missing '(', NUM, VAR, FNAME, ");
   break;
case 17:
   strcpy (errorstring, "Missing '(', NUM, VAR, FNAME, ");
   break;
case 18:
   strcpy (errorstring, "Missing '(', NUM, VAR, FNAME, ");
   break;
case 19:
   strcpy (errorstring, "Missing '*', '/', ");
   break;
case 20:
   strcpy (errorstring, "Missing '(', NUM, VAR, FNAME, ");
   break;
case 21:
   strcpy (errorstring, "Missing ')', '+', '-', ");
   break;
case 22:
   strcpy (errorstring, "Missing '-', '(', NUM, VAR, FNAME, ");
   break;
case 23:
   strcpy (errorstring, "Missing '-', '(', NUM, VAR, FNAME, ");
   break;
case 24:
   strcpy (errorstring, "Missing '*', '/', ");
   break;
case 25:
   strcpy (errorstring, "Missing '*', '/', ");
   break;
case 26:
   strcpy (errorstring, "Missing '^', ");
   break;
case 27:
   strcpy (errorstring, "Missing '^', ");
   break;
case 28:
   strcpy (errorstring, "Missing ");
   break;
case 29:
   strcpy (errorstring, "Missing ");
   break;
case 30:
   strcpy (errorstring, "Missing ')', '+', '-', ");
   break;
case 31:
   strcpy (errorstring, "Missing ')', '+', '-', ");
   break;
case 32:
   strcpy (errorstring, "Missing ");
   break;
case 33:
   strcpy (errorstring, "Missing ");
   break;
