This file contains any messages produced by compilers while
running configure, to aid debugging if configure makes a mistake.

configure:621: checking host system type
configure:642: checking target system type
configure:660: checking build system type
configure:705: checking for gcc
configure:842: checking whether the C compiler (gcc  ) works
configure:856: gcc -o conftest    conftest.c  1>&5
configure:876: checking whether the C compiler (gcc  ) is a cross-compiler
configure:881: checking whether we are using GNU C
configure:890: gcc -E conftest.c
configure:905: checking whether gcc accepts -g
configure:945: checking whether make sets ${MAKE}
configure:983: checking for a BSD compatible install
configure:1035: checking for ranlib
configure:1097: checking whether the C compiler accepts -Wall
configure:1107: gcc -c -Wall  conftest.c 1>&5
configure:1210: checking for standalone crypt
configure:1222: gcc -o conftest -O2 -Wall  -Llib  conftest.c  1>&5
configure: In function `main':
configure:1218: warning: implicit declaration of function `crypt'
configure:1287: checking for standalone gethostbyname
configure:1299: gcc -o conftest -O2 -Wall  -Llib  conftest.c  1>&5
configure: In function `main':
configure:1295: warning: implicit declaration of function `gethostbyname'
configure:1411: checking for standalone inet_aton
configure:1423: gcc -o conftest -O2 -Wall  -Llib  conftest.c  1>&5
configure: In function `main':
configure:1419: warning: implicit declaration of function `inet_aton'
configure:1488: checking for standalone nsl functions
configure:1501: gcc -o conftest -O2 -Wall  -Llib  conftest.c  1>&5
configure: In function `main':
configure:1497: warning: implicit declaration of function `gethostent'
/t/ccI6p4M6.o(.text+0xc): undefined reference to `gethostent'
collect2: ld returned 1 exit status
configure: failed program was:
#line 1494 "configure"
#include "confdefs.h"

int main() {
gethostent();
; return 0; }
configure:1517: checking for gethostent in -lnsl
configure:1536: gcc -o conftest -O2 -Wall  -Llib  conftest.c -lnsl   1>&5
/gg/m68k-amigaos/bin/ld: cannot open -lnsl: No such file or directory
collect2: ld returned 1 exit status
configure: failed program was:
#line 1525 "configure"
#include "confdefs.h"
/* Override any gcc2 internal prototype to avoid an error.  */
/* We use char because int might match the return type of a gcc2
    builtin and then its argument prototype would still apply.  */
char gethostent();

int main() {
gethostent()
; return 0; }
configure:1566: checking for standalone socket functions
configure:1578: gcc -o conftest -O2 -Wall  -Llib  conftest.c  1>&5
configure: In function `main':
configure:1574: warning: implicit declaration of function `bind'
configure:1643: checking for _pw_stayopen variable
configure:1655: gcc -o conftest -O2 -Wall  -Llib  conftest.c  1>&5
/t/cc7pC360.o(.text+0xe): undefined reference to `_pw_stayopen'
collect2: ld returned 1 exit status
configure: failed program was:
#line 1648 "configure"
#include "confdefs.h"
extern int _pw_stayopen; 
int main() {
_pw_stayopen = 1;
; return 0; }
configure:1677: checking for set_auth_parameters in -lsecurity
configure:1696: gcc -o conftest -O2 -Wall  -Llib  conftest.c -lsecurity   1>&5
/gg/m68k-amigaos/bin/ld: cannot open -lsecurity: No such file or directory
collect2: ld returned 1 exit status
configure: failed program was:
#line 1685 "configure"
#include "confdefs.h"
/* Override any gcc2 internal prototype to avoid an error.  */
/* We use char because int might match the return type of a gcc2
    builtin and then its argument prototype would still apply.  */
char set_auth_parameters();

int main() {
set_auth_parameters()
; return 0; }
configure:1724: checking how to run the C preprocessor
configure:1745: gcc -E  conftest.c >/dev/null 2>conftest.out
configure:1788: checking for sys/security.h
configure:1798: gcc -E  conftest.c >/dev/null 2>conftest.out
configure:1794: sys/security.h: No such file or directory
configure: failed program was:
#line 1793 "configure"
#include "confdefs.h"
#include <sys/security.h>
configure:1828: checking for krb.h
configure:1838: gcc -E  conftest.c >/dev/null 2>conftest.out
configure:1834: krb.h: No such file or directory
configure: failed program was:
#line 1833 "configure"
#include "confdefs.h"
#include <krb.h>
configure:1868: checking for prot.h
configure:1878: gcc -E  conftest.c >/dev/null 2>conftest.out
configure:1874: prot.h: No such file or directory
configure: failed program was:
#line 1873 "configure"
#include "confdefs.h"
#include <prot.h>
configure:1907: checking for set_auth_parameters
configure:1935: gcc -o conftest -O2 -Wall  -Llib  conftest.c  1>&5
/t/ccJk11eC.o(.text+0xc): undefined reference to `set_auth_parameters'
collect2: ld returned 1 exit status
configure: failed program was:
#line 1912 "configure"
#include "confdefs.h"
/* System header to define __stub macros and hopefully few prototypes,
    which can conflict with char set_auth_parameters(); below.  */
#include <assert.h>
/* Override any gcc2 internal prototype to avoid an error.  */
/* We use char because int might match the return type of a gcc2
    builtin and then its argument prototype would still apply.  */
char set_auth_parameters();

int main() {

/* The GNU C library defines this for functions which it implements
    to always fail with ENOSYS.  Some functions are actually named
    something starting with __ and the normal name is an alias.  */
#if defined (__stub_set_auth_parameters) || defined (__stub___set_auth_parameters)
choke me
#else
set_auth_parameters();
#endif

; return 0; }
configure:1907: checking for getprpwent
configure:1935: gcc -o conftest -O2 -Wall  -Llib  conftest.c  1>&5
/t/ccWbAuF1.o(.text+0xc): undefined reference to `getprpwent'
collect2: ld returned 1 exit status
configure: failed program was:
#line 1912 "configure"
#include "confdefs.h"
/* System header to define __stub macros and hopefully few prototypes,
    which can conflict with char getprpwent(); below.  */
#include <assert.h>
/* Override any gcc2 internal prototype to avoid an error.  */
/* We use char because int might match the return type of a gcc2
    builtin and then its argument prototype would still apply.  */
char getprpwent();

int main() {

/* The GNU C library defines this for functions which it implements
    to always fail with ENOSYS.  Some functions are actually named
    something starting with __ and the normal name is an alias.  */
#if defined (__stub_getprpwent) || defined (__stub___getprpwent)
choke me
#else
getprpwent();
#endif

; return 0; }
configure:1964: checking for hpsecurity.h
configure:1974: gcc -E  conftest.c >/dev/null 2>conftest.out
configure:1970: hpsecurity.h: No such file or directory
configure: failed program was:
#line 1969 "configure"
#include "confdefs.h"
#include <hpsecurity.h>
configure:1998: checking for hpsecurity.h workaround
configure:2011: gcc -c -O2 -Wall  conftest.c 1>&5
configure:2004: hpsecurity.h: No such file or directory
configure: failed program was:
#line 2000 "configure"
#include "confdefs.h"

#include <values.h>
#undef MAXINT
#include <hpsecurity.h>
  
int main() {

; return 0; }
configure:2047: checking for dirent.h that defines DIR
configure:2060: gcc -c -O2 -Wall  conftest.c 1>&5
configure: In function `main':
configure:2056: warning: unused variable `dirp'
configure:2085: checking for opendir in -ldir
configure:2104: gcc -o conftest -O2 -Wall  -Llib  conftest.c -ldir   1>&5
/gg/m68k-amigaos/bin/ld: cannot open -ldir: No such file or directory
collect2: ld returned 1 exit status
configure: failed program was:
#line 2093 "configure"
#include "confdefs.h"
/* Override any gcc2 internal prototype to avoid an error.  */
/* We use char because int might match the return type of a gcc2
    builtin and then its argument prototype would still apply.  */
char opendir();

int main() {
opendir()
; return 0; }
configure:2168: checking for ANSI C header files
configure:2181: gcc -E  conftest.c >/dev/null 2>conftest.out
configure:2248: gcc -o conftest -O2 -Wall  -Llib  conftest.c  1>&5
configure:2272: checking for sys/wait.h that is POSIX.1 compatible
configure:2293: gcc -c -O2 -Wall  conftest.c 1>&5
configure:2317: checking for fcntl.h
configure:2327: gcc -E  conftest.c >/dev/null 2>conftest.out
configure:2317: checking for sys/ioctl.h
configure:2327: gcc -E  conftest.c >/dev/null 2>conftest.out
configure:2317: checking for sys/time.h
configure:2327: gcc -E  conftest.c >/dev/null 2>conftest.out
configure:2317: checking for unistd.h
configure:2327: gcc -E  conftest.c >/dev/null 2>conftest.out
configure:2317: checking for memory.h
configure:2327: gcc -E  conftest.c >/dev/null 2>conftest.out
configure:2358: checking for shadow.h
configure:2368: gcc -E  conftest.c >/dev/null 2>conftest.out
configure:2364: shadow.h: No such file or directory
configure: failed program was:
#line 2363 "configure"
#include "confdefs.h"
#include <shadow.h>
configure:2403: checking for security/pam_appl.h
configure:2413: gcc -E  conftest.c >/dev/null 2>conftest.out
configure:2409: security/pam_appl.h: No such file or directory
configure: failed program was:
#line 2408 "configure"
#include "confdefs.h"
#include <security/pam_appl.h>
configure:2541: checking for ctype.h
configure:2551: gcc -E  conftest.c >/dev/null 2>conftest.out
configure:2541: checking for getopt.h
configure:2551: gcc -E  conftest.c >/dev/null 2>conftest.out
configure:2547: getopt.h: No such file or directory
configure: failed program was:
#line 2546 "configure"
#include "confdefs.h"
#include <getopt.h>
configure:2541: checking for crypt.h
configure:2551: gcc -E  conftest.c >/dev/null 2>conftest.out
configure:2547: crypt.h: No such file or directory
configure: failed program was:
#line 2546 "configure"
#include "confdefs.h"
#include <crypt.h>
configure:2541: checking for bstring.h
configure:2551: gcc -E  conftest.c >/dev/null 2>conftest.out
configure:2541: checking for strings.h
configure:2551: gcc -E  conftest.c >/dev/null 2>conftest.out
configure:2541: checking for limits.h
configure:2551: gcc -E  conftest.c >/dev/null 2>conftest.out
configure:2581: checking for sys/types.h
configure:2591: gcc -E  conftest.c >/dev/null 2>conftest.out
configure:2581: checking for sys/param.h
configure:2591: gcc -E  conftest.c >/dev/null 2>conftest.out
configure:2581: checking for sys/file.h
configure:2591: gcc -E  conftest.c >/dev/null 2>conftest.out
configure:2581: checking for sys/uio.h
configure:2591: gcc -E  conftest.c >/dev/null 2>conftest.out
configure:2621: checking for netdb.h
configure:2631: gcc -E  conftest.c >/dev/null 2>conftest.out
configure:2621: checking for netinet/in.h
configure:2631: gcc -E  conftest.c >/dev/null 2>conftest.out
configure:2621: checking for netinet/tcp.h
configure:2631: gcc -E  conftest.c >/dev/null 2>conftest.out
configure:2621: checking for arpa/inet.h
configure:2631: gcc -E  conftest.c >/dev/null 2>conftest.out
configure:2621: checking for sys/stat.h
configure:2631: gcc -E  conftest.c >/dev/null 2>conftest.out
configure:2661: checking for errno.h
configure:2671: gcc -E  conftest.c >/dev/null 2>conftest.out
configure:2661: checking for sys/socket.h
configure:2671: gcc -E  conftest.c >/dev/null 2>conftest.out
configure:2661: checking for sys/termios.h
configure:2671: gcc -E  conftest.c >/dev/null 2>conftest.out
configure:2661: checking for sys/termio.h
configure:2671: gcc -E  conftest.c >/dev/null 2>conftest.out
configure:2667: sys/termio.h: No such file or directory
configure: failed program was:
#line 2666 "configure"
#include "confdefs.h"
#include <sys/termio.h>
configure:2701: checking for sys/statvfs.h
configure:2711: gcc -E  conftest.c >/dev/null 2>conftest.out
configure:2707: sys/statvfs.h: No such file or directory
configure: failed program was:
#line 2706 "configure"
#include "confdefs.h"
#include <sys/statvfs.h>
configure:2701: checking for sys/vfs.h
configure:2711: gcc -E  conftest.c >/dev/null 2>conftest.out
configure:2707: sys/vfs.h: No such file or directory
configure: failed program was:
#line 2706 "configure"
#include "confdefs.h"
#include <sys/vfs.h>
configure:2701: checking for sys/select.h
configure:2711: gcc -E  conftest.c >/dev/null 2>conftest.out
configure:2707: sys/select.h: No such file or directory
configure: failed program was:
#line 2706 "configure"
#include "confdefs.h"
#include <sys/select.h>
configure:2741: checking for utmpx.h
configure:2751: gcc -E  conftest.c >/dev/null 2>conftest.out
configure:2747: utmpx.h: No such file or directory
configure: failed program was:
#line 2746 "configure"
#include "confdefs.h"
#include <utmpx.h>
configure:2781: checking for regex.h
configure:2791: gcc -E  conftest.c >/dev/null 2>conftest.out
configure:2819: checking for syslog.h
configure:2829: gcc -E  conftest.c >/dev/null 2>conftest.out
configure:2852: checking for working const
configure:2906: gcc -c -O2 -Wall  conftest.c 1>&5
configure: In function `main':
configure:2880: warning: unused variable `s'
configure:2900: warning: unused variable `foo'
configure:2868: warning: unused variable `zero'
configure:2862: warning: unused variable `x'
configure:2879: warning: `t' might be used uninitialized in this function
configure:2897: warning: `b' might be used uninitialized in this function
configure:2927: checking for inline
configure:2941: gcc -c -O2 -Wall  conftest.c 1>&5
configure:2937: warning: return-type defaults to `int'
configure:2967: checking for uid_t in sys/types.h
configure:3001: checking for pid_t
configure:3034: checking for size_t
configure:3067: checking for mode_t
configure:3100: checking for off_t
configure:3133: checking type of array argument to getgroups
configure:3166: gcc -o conftest -O2 -Wall  -Llib  conftest.c  1>&5
configure:3149: warning: return-type defaults to `int'
configure: In function `main':
configure:3157: warning: implicit declaration of function `getgroups'
configure: failed program was:
#line 3141 "configure"
#include "confdefs.h"

/* Thanks to Mike Rendell for this test.  */
#include <sys/types.h>
#define NGID 256
#undef MAX
#define MAX(x, y) ((x) > (y) ? (x) : (y))
main()
{
  gid_t gidset[NGID];
  int i, n;
  union { gid_t gval; long lval; }  val;

  val.lval = -1;
  for (i = 0; i < NGID; i++)
    gidset[i] = val.gval;
  n = getgroups (sizeof (gidset) / MAX (sizeof (int), sizeof (gid_t)) - 1,
                 gidset);
  /* Exit non-zero if getgroups seems to require an array of ints.  This
     happens when gid_t is short but getgroups modifies an array of ints.  */
  exit ((n > 0 && gidset[n] != val.gval) ? 1 : 0);
}

configure:3205: checking for timer_t
configure:3250: checking size of long long
configure:3269: gcc -o conftest -O2 -Wall  -Llib  conftest.c  1>&5
configure:3261: warning: return-type defaults to `int'
configure: In function `main':
configure:3264: warning: int format, long int arg (arg 3)
configure:3289: checking size of unsigned long long
configure:3308: gcc -o conftest -O2 -Wall  -Llib  conftest.c  1>&5
configure:3300: warning: return-type defaults to `int'
configure: In function `main':
configure:3303: warning: int format, long int arg (arg 3)
configure:3328: checking whether time.h and sys/time.h may both be included
configure:3342: gcc -c -O2 -Wall  conftest.c 1>&5
configure: In function `main':
configure:3338: warning: unused variable `tp'
configure:3363: checking whether struct tm is in sys/time.h or time.h
configure:3376: gcc -c -O2 -Wall  conftest.c 1>&5
configure: In function `main':
configure:3372: warning: statement with no effect
configure:3398: checking for umode_t
configure:3431: checking for ino_t
configure:3468: checking for utmp.h
configure:3478: gcc -E  conftest.c >/dev/null 2>conftest.out
configure:3508: checking whether your struct utmp has ut_user
configure:3531: checking whether your struct utmp has ut_host
configure:3574: checking whether your syslog.h defines LOG_CRON
configure:3603: checking whether your syslog.h defines LOG_FTP
configure:3647: checking for d_fd in DIR structure
configure:3662: gcc -c -O2 -Wall  conftest.c 1>&5
configure: In function `main':
configure:3657: structure has no member named `d_fd'
configure:3657: warning: unused variable `i'
configure: failed program was:
#line 3649 "configure"
#include "confdefs.h"

#include <stdio.h>
#include <dirent.h>

int main() {

DIR *dirp;
int i = dirp->d_fd;

; return 0; }
configure:3647: checking for dd_fd in DIR structure
configure:3662: gcc -c -O2 -Wall  conftest.c 1>&5
configure: In function `main':
configure:3657: warning: unused variable `i'
configure:3688: checking for working alloca.h
configure:3700: gcc -o conftest -O2 -Wall  -Llib  conftest.c  1>&5
configure: In function `main':
configure:3696: warning: unused variable `p'
configure:3734: checking for alloca
configure:3762: gcc -o conftest -O2 -Wall  -Llib  conftest.c  1>&5
configure: In function `main':
configure:3758: warning: unused variable `p'
configure:3929: checking whether gcc needs -traditional
configure:3954: termio.h: No such file or directory
configure:3975: checking whether setpgrp takes no argument
configure:3999: gcc -o conftest -O2 -Wall  -Llib  conftest.c  1>&5
configure:3990: warning: return-type defaults to `int'
configure: In function `main':
configure:3991: warning: implicit declaration of function `setpgrp'
configure: failed program was:
#line 3983 "configure"
#include "confdefs.h"

/*
 * If this system has a BSD-style setpgrp, which takes arguments, exit
 * successfully.
 */
main()
{
    if (setpgrp(1,1) == -1)
	exit(0);
    else
	exit(1);
}

configure:4023: checking return type of signal handlers
configure:4045: gcc -c -O2 -Wall  conftest.c 1>&5
configure: In function `main':
configure:4041: warning: unused variable `i'
configure:4064: checking for vprintf
configure:4092: gcc -o conftest -O2 -Wall  -Llib  conftest.c  1>&5
configure:4171: checking for getcwd
configure:4199: gcc -o conftest -O2 -Wall  -Llib  conftest.c  1>&5
configure:4171: checking for gethostname
configure:4199: gcc -o conftest -O2 -Wall  -Llib  conftest.c  1>&5
configure:4171: checking for gettimeofday
configure:4199: gcc -o conftest -O2 -Wall  -Llib  conftest.c  1>&5
configure:4171: checking for mkdir
configure:4199: gcc -o conftest -O2 -Wall  -Llib  conftest.c  1>&5
configure:4171: checking for rmdir
configure:4199: gcc -o conftest -O2 -Wall  -Llib  conftest.c  1>&5
configure:4171: checking for select
configure:4199: gcc -o conftest -O2 -Wall  -Llib  conftest.c  1>&5
configure:4171: checking for socket
configure:4199: gcc -o conftest -O2 -Wall  -Llib  conftest.c  1>&5
configure:4171: checking for strerror
configure:4199: gcc -o conftest -O2 -Wall  -Llib  conftest.c  1>&5
configure:4171: checking for strtol
configure:4199: gcc -o conftest -O2 -Wall  -Llib  conftest.c  1>&5
configure:4226: checking for strchr
configure:4254: gcc -o conftest -O2 -Wall  -Llib  conftest.c  1>&5
configure:4226: checking for memcpy
configure:4254: gcc -o conftest -O2 -Wall  -Llib  conftest.c  1>&5
configure:4238: warning: conflicting types for built-in function `memcpy'
configure:4226: checking for bcopy
configure:4254: gcc -o conftest -O2 -Wall  -Llib  conftest.c  1>&5
configure:4226: checking for flock
configure:4254: gcc -o conftest -O2 -Wall  -Llib  conftest.c  1>&5
configure:4226: checking for getopt
configure:4254: gcc -o conftest -O2 -Wall  -Llib  conftest.c  1>&5
configure:4226: checking for getopt_long
configure:4254: gcc -o conftest -O2 -Wall  -Llib  conftest.c  1>&5
/t/ccIdwfIf.o(.text+0xc): undefined reference to `getopt_long'
collect2: ld returned 1 exit status
configure: failed program was:
#line 4231 "configure"
#include "confdefs.h"
/* System header to define __stub macros and hopefully few prototypes,
    which can conflict with char getopt_long(); below.  */
#include <assert.h>
/* Override any gcc2 internal prototype to avoid an error.  */
/* We use char because int might match the return type of a gcc2
    builtin and then its argument prototype would still apply.  */
char getopt_long();

int main() {

/* The GNU C library defines this for functions which it implements
    to always fail with ENOSYS.  Some functions are actually named
    something starting with __ and the normal name is an alias.  */
#if defined (__stub_getopt_long) || defined (__stub___getopt_long)
choke me
#else
getopt_long();
#endif

; return 0; }
configure:4226: checking for strsep
configure:4254: gcc -o conftest -O2 -Wall  -Llib  conftest.c  1>&5
configure:4282: checking for vsnprintf
configure:4310: gcc -o conftest -O2 -Wall  -Llib  conftest.c  1>&5
configure:4282: checking for snprintf
configure:4310: gcc -o conftest -O2 -Wall  -Llib  conftest.c  1>&5
configure:4435: checking for setsid
configure:4463: gcc -o conftest -O2 -Wall  -Llib  conftest.c  1>&5
configure:4435: checking for setgroupent
configure:4463: gcc -o conftest -O2 -Wall  -Llib  conftest.c  1>&5
configure:4435: checking for seteuid
configure:4463: gcc -o conftest -O2 -Wall  -Llib  conftest.c  1>&5
configure:4435: checking for setegid
configure:4463: gcc -o conftest -O2 -Wall  -Llib  conftest.c  1>&5
configure:4435: checking for crypt
configure:4463: gcc -o conftest -O2 -Wall  -Llib  conftest.c  1>&5
configure:4435: checking for fgetpwent
configure:4463: gcc -o conftest -O2 -Wall  -Llib  conftest.c  1>&5
/t/ccyHM1sp.o(.text+0xc): undefined reference to `fgetpwent'
collect2: ld returned 1 exit status
configure: failed program was:
#line 4440 "configure"
#include "confdefs.h"
/* System header to define __stub macros and hopefully few prototypes,
    which can conflict with char fgetpwent(); below.  */
#include <assert.h>
/* Override any gcc2 internal prototype to avoid an error.  */
/* We use char because int might match the return type of a gcc2
    builtin and then its argument prototype would still apply.  */
char fgetpwent();

int main() {

/* The GNU C library defines this for functions which it implements
    to always fail with ENOSYS.  Some functions are actually named
    something starting with __ and the normal name is an alias.  */
#if defined (__stub_fgetpwent) || defined (__stub___fgetpwent)
choke me
#else
fgetpwent();
#endif

; return 0; }
configure:4435: checking for fgetgrent
configure:4463: gcc -o conftest -O2 -Wall  -Llib  conftest.c  1>&5
/t/ccbW4GoR.o(.text+0xc): undefined reference to `fgetgrent'
collect2: ld returned 1 exit status
configure: failed program was:
#line 4440 "configure"
#include "confdefs.h"
/* System header to define __stub macros and hopefully few prototypes,
    which can conflict with char fgetgrent(); below.  */
#include <assert.h>
/* Override any gcc2 internal prototype to avoid an error.  */
/* We use char because int might match the return type of a gcc2
    builtin and then its argument prototype would still apply.  */
char fgetgrent();

int main() {

/* The GNU C library defines this for functions which it implements
    to always fail with ENOSYS.  Some functions are actually named
    something starting with __ and the normal name is an alias.  */
#if defined (__stub_fgetgrent) || defined (__stub___fgetgrent)
choke me
#else
fgetgrent();
#endif

; return 0; }
configure:4490: checking for inet_aton
configure:4518: gcc -o conftest -O2 -Wall  -Llib  conftest.c  1>&5
configure:4490: checking for siginterrupt
configure:4518: gcc -o conftest -O2 -Wall  -Llib  conftest.c  1>&5
configure:4490: checking for setpgid
configure:4518: gcc -o conftest -O2 -Wall  -Llib  conftest.c  1>&5
configure:4545: checking for regcomp
configure:4573: gcc -o conftest -O2 -Wall  -Llib  conftest.c  1>&5
configure:4600: checking for tzset
configure:4628: gcc -o conftest -O2 -Wall  -Llib  conftest.c  1>&5
configure:4655: checking for pathconf
configure:4683: gcc -o conftest -O2 -Wall  -Llib  conftest.c  1>&5
configure:4655: checking for fpathconf
configure:4683: gcc -o conftest -O2 -Wall  -Llib  conftest.c  1>&5
configure:4709: checking for setpassent
configure:4737: gcc -o conftest -O2 -Wall  -Llib  conftest.c  1>&5
configure:4903: checking for setproctitle
configure:4931: gcc -o conftest -O2 -Wall  -Llib  conftest.c  1>&5
/t/ccaCXPe9.o(.text+0xc): undefined reference to `setproctitle'
collect2: ld returned 1 exit status
configure: failed program was:
#line 4908 "configure"
#include "confdefs.h"
/* System header to define __stub macros and hopefully few prototypes,
    which can conflict with char setproctitle(); below.  */
#include <assert.h>
/* Override any gcc2 internal prototype to avoid an error.  */
/* We use char because int might match the return type of a gcc2
    builtin and then its argument prototype would still apply.  */
char setproctitle();

int main() {

/* The GNU C library defines this for functions which it implements
    to always fail with ENOSYS.  Some functions are actually named
    something starting with __ and the normal name is an alias.  */
#if defined (__stub_setproctitle) || defined (__stub___setproctitle)
choke me
#else
setproctitle();
#endif

; return 0; }
configure:4959: checking for libutil.h
configure:4969: gcc -E  conftest.c >/dev/null 2>conftest.out
configure:4965: libutil.h: No such file or directory
configure: failed program was:
#line 4964 "configure"
#include "confdefs.h"
#include <libutil.h>
configure:4996: checking for setproctitle in -lutil
configure:5015: gcc -o conftest -O2 -Wall  -Llib  conftest.c -lutil   1>&5
/gg/m68k-amigaos/bin/ld: cannot open -lutil: No such file or directory
collect2: ld returned 1 exit status
configure: failed program was:
#line 5004 "configure"
#include "confdefs.h"
/* Override any gcc2 internal prototype to avoid an error.  */
/* We use char because int might match the return type of a gcc2
    builtin and then its argument prototype would still apply.  */
char setproctitle();

int main() {
setproctitle()
; return 0; }
configure:5052: checking for sys/pstat.h
configure:5062: gcc -E  conftest.c >/dev/null 2>conftest.out
configure:5058: sys/pstat.h: No such file or directory
configure: failed program was:
#line 5057 "configure"
#include "confdefs.h"
#include <sys/pstat.h>
configure:5188: checking whether __progname and __progname_full are available
configure:5200: gcc -o conftest -O2 -Wall  -Llib  conftest.c  1>&5
/t/ccPYuoaY.o(.text+0x26): undefined reference to `__progname_full'
collect2: ld returned 1 exit status
configure: failed program was:
#line 5193 "configure"
#include "confdefs.h"
extern char *__progname, *__progname_full;
int main() {
__progname = "foo"; __progname_full = "foo bar";
; return 0; }
configure:5222: checking which argv replacement method to use
