This file contains any messages produced by compilers while
running configure, to aid debugging if configure makes a mistake.

configure:579: checking for a BSD compatible install
configure:632: checking whether build environment is sane
configure:689: checking whether make sets ${MAKE}
configure:735: checking for working aclocal
configure:748: checking for working autoconf
configure:761: checking for working automake
configure:774: checking for working autoheader
configure:787: checking for working makeinfo
configure:801: checking whether to enable maintainer-specific portions of Makefiles
configure:899: checking host system type
configure:920: checking build system type
configure:940: checking for ranlib
configure:970: checking for gcc
configure:1083: checking whether the C compiler (gcc  ) works
configure:1099: gcc -o conftest    conftest.c  1>&5
configure:1125: checking whether the C compiler (gcc  ) is a cross-compiler
configure:1130: checking whether we are using GNU C
configure:1139: gcc -E conftest.c
configure:1158: checking whether gcc accepts -g
configure:1201: checking for ld used by GCC
configure:1264: checking if the linker (/gg/m68k-amigaos/bin/ld) is GNU ld
GNU ld version 2.9.1 (with BFD 2.9.1)
configure:1280: checking for BSD-compatible nm
configure:1317: checking whether ln -s works
ltconfig:603: checking for object suffix
ltconfig:604: gcc -c -g -O2  conftest.c 1>&5
ltconfig:629: checking for executable suffix
ltconfig:630: gcc -o conftest -g -O2   conftest.c  1>&5
ltconfig:776: checking if gcc PIC flag -m68020 -resident32 -malways-restore-a4 works
ltconfig:777: gcc -c -g -O2 -m68020 -resident32 -malways-restore-a4 -DPIC  conftest.c 1>&5
ltconfig:829: checking if gcc supports -c -o file.o
ltconfig:830: gcc -c -g -O2 -o out/conftest2.o  conftest.c 1>&5
ltconfig:862: checking if gcc supports -c -o file.lo
ltconfig:863: gcc -c -g -O2 -c -o conftest.lo  conftest.c 1>&5
ltconfig:914: checking if gcc supports -fno-rtti -fno-exceptions
ltconfig:915: gcc -c -g -O2 -fno-rtti -fno-exceptions -c conftest.c  conftest.c 1>&5
ltconfig:958: checking if gcc static flag -static works
ltconfig:959: gcc -o conftest -g -O2   -static conftest.c  1>&5
GNU ld version 2.9.1 (with BFD 2.9.1)
ltconfig:1653: checking if global_symbol_pipe works
ltconfig:1654: gcc -c -g -O2  conftest.c 1>&5
ltconfig:1657: eval "/bin/nm conftest.o | sed -n -e 's/^.*[ 	]\([ABCDGISTW]\)[ 	][ 	]*\(\)\([_A-Za-z][_A-Za-z0-9]*\)$/\1 \2\3 \3/p' > conftest.nm"
cannot find nm_test_var in conftest.nm
ltconfig:1653: checking if global_symbol_pipe works
ltconfig:1654: gcc -c -g -O2  conftest.c 1>&5
ltconfig:1657: eval "/bin/nm conftest.o | sed -n -e 's/^.*[ 	]\([ABCDGISTW]\)[ 	][ 	]*\(_\)\([_A-Za-z][_A-Za-z0-9]*\)$/\1 \2\3 \3/p' > conftest.nm"
ltconfig:1709: gcc -o conftest -g -O2 -fno-builtin -fno-rtti -fno-exceptions   conftest.c conftstm.o 1>&5
configure:1518: checking for gcc
configure:1631: checking whether the C compiler (gcc -g -O2 ) works
configure:1647: gcc -o conftest -g -O2   conftest.c  1>&5
configure:1673: checking whether the C compiler (gcc -g -O2 ) is a cross-compiler
configure:1678: checking whether we are using GNU C
configure:1706: checking whether gcc accepts -g
configure:1738: checking whether make sets ${MAKE}
configure:1765: checking for POSIXized ISC
configure:1836: checking for SU_Dummy115 in -lskyutils
configure:1855: gcc -o conftest -g -O2 -Wall   conftest.c -lskyutils   1>&5
/gg/m68k-amigaos/bin/ld: cannot open -lskyutils: No such file or directory
collect2: ld returned 1 exit status
configure: failed program was:
#line 1844 "configure"
#include "confdefs.h"
/* Override any gcc2 internal prototype to avoid an error.  */
/* We use char because int might match the return type of a gcc2
    builtin and then its argument prototype would still apply.  */
char SU_Dummy115();

int main() {
SU_Dummy115()
; return 0; }
configure:1878: checking for socket in -lsocket
configure:1897: gcc -o conftest -g -O2 -Wall   conftest.c -lsocket   1>&5
/gg/m68k-amigaos/bin/ld: cannot open -lsocket: No such file or directory
collect2: ld returned 1 exit status
configure: failed program was:
#line 1886 "configure"
#include "confdefs.h"
/* Override any gcc2 internal prototype to avoid an error.  */
/* We use char because int might match the return type of a gcc2
    builtin and then its argument prototype would still apply.  */
char socket();

int main() {
socket()
; return 0; }
configure:1934: checking how to run the C preprocessor
configure:1955: gcc -E  conftest.c >/dev/null 2>conftest.out
configure:2014: checking for ANSI C header files
configure:2027: gcc -E  conftest.c >/dev/null 2>conftest.out
configure:2094: gcc -o conftest -g -O2 -Wall   conftest.c  1>&5
configure:2121: checking for fcntl.h
configure:2131: gcc -E  conftest.c >/dev/null 2>conftest.out
configure:2121: checking for sys/time.h
configure:2131: gcc -E  conftest.c >/dev/null 2>conftest.out
configure:2121: checking for unistd.h
configure:2131: gcc -E  conftest.c >/dev/null 2>conftest.out
configure:2159: checking for working const
configure:2213: gcc -c -g -O2 -Wall  conftest.c 1>&5
configure: In function `main':
configure:2187: warning: unused variable `s'
configure:2207: warning: unused variable `foo'
configure:2175: warning: unused variable `zero'
configure:2169: warning: unused variable `x'
configure:2186: warning: `t' might be used uninitialized in this function
configure:2204: warning: `b' might be used uninitialized in this function
configure:2234: checking whether time.h and sys/time.h may both be included
configure:2248: gcc -c -g -O2 -Wall  conftest.c 1>&5
configure: In function `main':
configure:2244: warning: unused variable `tp'
configure:2269: checking whether struct tm is in sys/time.h or time.h
configure:2282: gcc -c -g -O2 -Wall  conftest.c 1>&5
configure: In function `main':
configure:2278: warning: statement with no effect
configure:2306: checking for mkdir
configure:2334: gcc -o conftest -g -O2 -Wall   conftest.c  1>&5
configure:2306: checking for strdup
configure:2334: gcc -o conftest -g -O2 -Wall   conftest.c  1>&5
configure:2306: checking for strstr
configure:2334: gcc -o conftest -g -O2 -Wall   conftest.c  1>&5
configure:2306: checking for select
configure:2334: gcc -o conftest -g -O2 -Wall   conftest.c  1>&5
configure:2306: checking for socket
configure:2334: gcc -o conftest -g -O2 -Wall   conftest.c  1>&5
configure:2306: checking for snprintf
configure:2334: gcc -o conftest -g -O2 -Wall   conftest.c  1>&5
