This file contains any messages produced by compilers while
running configure, to aid debugging if configure makes a mistake.

It was created by RNGSTREAMS configure 1.0.1, which was
generated by GNU Autoconf 2.63.  Invocation command line was

  $ ./configure CC=m68k-amigaos-gcc CFLAGS=-noixemul --host=m68k-amigaos --prefix=/home/auser/work/install

## --------- ##
## Platform. ##
## --------- ##

hostname = abuilder
uname -m = x86_64
uname -r = 4.4.0-38-generic
uname -s = Linux
uname -v = #57-Ubuntu SMP Tue Sep 6 15:42:33 UTC 2016

/usr/bin/uname -p = unknown
/bin/uname -X     = unknown

/bin/arch              = unknown
/usr/bin/arch -k       = unknown
/usr/convex/getsysinfo = unknown
/usr/bin/hostinfo      = unknown
/bin/machine           = unknown
/usr/bin/oslevel       = unknown
/bin/universe          = unknown

PATH: /usr/local/sbin
PATH: /usr/local/bin
PATH: /usr/sbin
PATH: /usr/bin
PATH: /sbin
PATH: /bin
PATH: /usr/games
PATH: /usr/local/games
PATH: /snap/bin


## ----------- ##
## Core tests. ##
## ----------- ##

configure:2089: checking for a BSD-compatible install
configure:2157: result: /usr/bin/install -c
configure:2168: checking whether build environment is sane
configure:2211: result: yes
configure:2236: checking for a thread-safe mkdir -p
configure:2275: result: /bin/mkdir -p
configure:2288: checking for gawk
configure:2318: result: no
configure:2288: checking for mawk
configure:2304: found /usr/bin/mawk
configure:2315: result: mawk
configure:2326: checking whether make sets $(MAKE)
configure:2348: result: yes
configure:2428: checking for m68k-amigaos-strip
configure:2444: found /usr/local/sbin/m68k-amigaos-strip
configure:2455: result: m68k-amigaos-strip
configure:2540: checking if malloc debugging is wanted
configure:2560: result: no
configure:2566: checking whether make sets $(MAKE)
configure:2588: result: yes
configure:2604: checking build system type
configure:2622: result: x86_64-unknown-linux-gnu
configure:2644: checking host system type
configure:2659: result: m68k-unknown-amigaos
configure:2690: checking for m68k-amigaos-gcc
configure:2717: result: m68k-amigaos-gcc
configure:2989: checking for C compiler version
configure:2997: m68k-amigaos-gcc --version >&5
2.95.3
configure:3001: $? = 0
configure:3008: m68k-amigaos-gcc -v >&5
Reading specs from /opt/m68k-amigaos/lib/gcc-lib/m68k-amigaos/2.95.3/specs
gcc version 2.95.3 20010315 (release)
configure:3012: $? = 0
configure:3019: m68k-amigaos-gcc -V >&5
m68k-amigaos-gcc: argument to `-V' is missing
configure:3023: $? = 1
configure:3046: checking for C compiler default output file name
configure:3068: m68k-amigaos-gcc -noixemul   conftest.c  >&5
configure:3072: $? = 0
configure:3110: result: a.out
configure:3129: checking whether the C compiler works
configure:3139: ./a.out
./configure: line 3141: ./a.out: cannot execute binary file: Exec format error
configure:3143: $? = 126
configure:3162: result: yes
configure:3169: checking whether we are cross compiling
configure:3171: result: yes
configure:3174: checking for suffix of executables
configure:3181: m68k-amigaos-gcc -o conftest -noixemul   conftest.c  >&5
configure:3185: $? = 0
configure:3211: result: 
configure:3217: checking for suffix of object files
configure:3243: m68k-amigaos-gcc -c -noixemul  conftest.c >&5
configure:3247: $? = 0
configure:3272: result: o
configure:3276: checking whether we are using the GNU C compiler
configure:3305: m68k-amigaos-gcc -c -noixemul  conftest.c >&5
configure:3312: $? = 0
configure:3329: result: yes
configure:3338: checking whether m68k-amigaos-gcc accepts -g
configure:3368: m68k-amigaos-gcc -c -g  conftest.c >&5
configure:3375: $? = 0
configure:3476: result: yes
configure:3493: checking for m68k-amigaos-gcc option to accept ISO C89
configure:3567: m68k-amigaos-gcc  -c -noixemul  conftest.c >&5
configure:3574: $? = 0
configure:3597: result: none needed
configure:3626: checking for style of include used by make
configure:3654: result: GNU
configure:3679: checking dependency style of m68k-amigaos-gcc
configure:3770: result: gcc
configure:3790: checking how to run the C preprocessor
configure:3830: m68k-amigaos-gcc -E  conftest.c
configure:3837: $? = 0
configure:3868: m68k-amigaos-gcc -E  conftest.c
conftest.c:10: ac_nonexistent.h: No such file or directory
configure:3875: $? = 1
configure: failed program was:
| /* confdefs.h.  */
| #define PACKAGE_NAME "RNGSTREAMS"
| #define PACKAGE_TARNAME "rngstreams"
| #define PACKAGE_VERSION "1.0.1"
| #define PACKAGE_STRING "RNGSTREAMS 1.0.1"
| #define PACKAGE_BUGREPORT "unuran@statistik.wu-wien.ac.at"
| #define PACKAGE "rngstreams"
| #define VERSION "1.0.1"
| /* end confdefs.h.  */
| #include <ac_nonexistent.h>
configure:3908: result: m68k-amigaos-gcc -E
configure:3937: m68k-amigaos-gcc -E  conftest.c
configure:3944: $? = 0
configure:3975: m68k-amigaos-gcc -E  conftest.c
conftest.c:10: ac_nonexistent.h: No such file or directory
configure:3982: $? = 1
configure: failed program was:
| /* confdefs.h.  */
| #define PACKAGE_NAME "RNGSTREAMS"
| #define PACKAGE_TARNAME "rngstreams"
| #define PACKAGE_VERSION "1.0.1"
| #define PACKAGE_STRING "RNGSTREAMS 1.0.1"
| #define PACKAGE_BUGREPORT "unuran@statistik.wu-wien.ac.at"
| #define PACKAGE "rngstreams"
| #define VERSION "1.0.1"
| /* end confdefs.h.  */
| #include <ac_nonexistent.h>
configure:4035: checking for a BSD-compatible install
configure:4103: result: /usr/bin/install -c
configure:4114: checking whether ln -s works
configure:4118: result: yes
configure:4128: checking for m68k-amigaos-ar
configure:4144: found /usr/local/sbin/m68k-amigaos-ar
configure:4155: result: m68k-amigaos-ar
configure:4221: checking for m68k-amigaos-ranlib
configure:4237: found /usr/local/sbin/m68k-amigaos-ranlib
configure:4248: result: m68k-amigaos-ranlib
configure:4383: checking for a sed that does not truncate output
configure:4439: result: /bin/sed
configure:4442: checking for grep that handles long lines and -e
configure:4502: result: /bin/grep
configure:4507: checking for egrep
configure:4571: result: /bin/grep -E
configure:4587: checking for ld used by m68k-amigaos-gcc
configure:4654: result: /opt/m68k-amigaos/m68k-amigaos/bin/ld
configure:4663: checking if the linker (/opt/m68k-amigaos/m68k-amigaos/bin/ld) is GNU ld
configure:4678: result: yes
configure:4683: checking for /opt/m68k-amigaos/m68k-amigaos/bin/ld option to reload object files
configure:4690: result: -r
configure:4708: checking for BSD-compatible nm
configure:4757: result: /usr/local/sbin/m68k-amigaos-nm
configure:4761: checking how to recognize dependent libraries
configure:4947: result: unknown
configure:5192: checking for ANSI C header files
configure:5222: m68k-amigaos-gcc -c -noixemul  conftest.c >&5
configure:5229: $? = 0
configure:5360: result: yes
configure:5384: checking for sys/types.h
configure:5405: m68k-amigaos-gcc -c -noixemul  conftest.c >&5
configure:5412: $? = 0
configure:5429: result: yes
configure:5384: checking for sys/stat.h
configure:5405: m68k-amigaos-gcc -c -noixemul  conftest.c >&5
configure:5412: $? = 0
configure:5429: result: yes
configure:5384: checking for stdlib.h
configure:5405: m68k-amigaos-gcc -c -noixemul  conftest.c >&5
configure:5412: $? = 0
configure:5429: result: yes
configure:5384: checking for string.h
configure:5405: m68k-amigaos-gcc -c -noixemul  conftest.c >&5
configure:5412: $? = 0
configure:5429: result: yes
configure:5384: checking for memory.h
configure:5405: m68k-amigaos-gcc -c -noixemul  conftest.c >&5
configure:5412: $? = 0
configure:5429: result: yes
configure:5384: checking for strings.h
configure:5405: m68k-amigaos-gcc -c -noixemul  conftest.c >&5
configure:5412: $? = 0
configure:5429: result: yes
configure:5384: checking for inttypes.h
configure:5405: m68k-amigaos-gcc -c -noixemul  conftest.c >&5
conftest.c:51: inttypes.h: No such file or directory
configure:5412: $? = 1
configure: failed program was:
| /* confdefs.h.  */
| #define PACKAGE_NAME "RNGSTREAMS"
| #define PACKAGE_TARNAME "rngstreams"
| #define PACKAGE_VERSION "1.0.1"
| #define PACKAGE_STRING "RNGSTREAMS 1.0.1"
| #define PACKAGE_BUGREPORT "unuran@statistik.wu-wien.ac.at"
| #define PACKAGE "rngstreams"
| #define VERSION "1.0.1"
| #define STDC_HEADERS 1
| #define HAVE_SYS_TYPES_H 1
| #define HAVE_SYS_STAT_H 1
| #define HAVE_STDLIB_H 1
| #define HAVE_STRING_H 1
| #define HAVE_MEMORY_H 1
| #define HAVE_STRINGS_H 1
| /* end confdefs.h.  */
| #include <stdio.h>
| #ifdef HAVE_SYS_TYPES_H
| # include <sys/types.h>
| #endif
| #ifdef HAVE_SYS_STAT_H
| # include <sys/stat.h>
| #endif
| #ifdef STDC_HEADERS
| # include <stdlib.h>
| # include <stddef.h>
| #else
| # ifdef HAVE_STDLIB_H
| #  include <stdlib.h>
| # endif
| #endif
| #ifdef HAVE_STRING_H
| # if !defined STDC_HEADERS && defined HAVE_MEMORY_H
| #  include <memory.h>
| # endif
| # include <string.h>
| #endif
| #ifdef HAVE_STRINGS_H
| # include <strings.h>
| #endif
| #ifdef HAVE_INTTYPES_H
| # include <inttypes.h>
| #endif
| #ifdef HAVE_STDINT_H
| # include <stdint.h>
| #endif
| #ifdef HAVE_UNISTD_H
| # include <unistd.h>
| #endif
| 
| #include <inttypes.h>
configure:5429: result: no
configure:5384: checking for stdint.h
configure:5405: m68k-amigaos-gcc -c -noixemul  conftest.c >&5
conftest.c:51: stdint.h: No such file or directory
configure:5412: $? = 1
configure: failed program was:
| /* confdefs.h.  */
| #define PACKAGE_NAME "RNGSTREAMS"
| #define PACKAGE_TARNAME "rngstreams"
| #define PACKAGE_VERSION "1.0.1"
| #define PACKAGE_STRING "RNGSTREAMS 1.0.1"
| #define PACKAGE_BUGREPORT "unuran@statistik.wu-wien.ac.at"
| #define PACKAGE "rngstreams"
| #define VERSION "1.0.1"
| #define STDC_HEADERS 1
| #define HAVE_SYS_TYPES_H 1
| #define HAVE_SYS_STAT_H 1
| #define HAVE_STDLIB_H 1
| #define HAVE_STRING_H 1
| #define HAVE_MEMORY_H 1
| #define HAVE_STRINGS_H 1
| /* end confdefs.h.  */
| #include <stdio.h>
| #ifdef HAVE_SYS_TYPES_H
| # include <sys/types.h>
| #endif
| #ifdef HAVE_SYS_STAT_H
| # include <sys/stat.h>
| #endif
| #ifdef STDC_HEADERS
| # include <stdlib.h>
| # include <stddef.h>
| #else
| # ifdef HAVE_STDLIB_H
| #  include <stdlib.h>
| # endif
| #endif
| #ifdef HAVE_STRING_H
| # if !defined STDC_HEADERS && defined HAVE_MEMORY_H
| #  include <memory.h>
| # endif
| # include <string.h>
| #endif
| #ifdef HAVE_STRINGS_H
| # include <strings.h>
| #endif
| #ifdef HAVE_INTTYPES_H
| # include <inttypes.h>
| #endif
| #ifdef HAVE_STDINT_H
| # include <stdint.h>
| #endif
| #ifdef HAVE_UNISTD_H
| # include <unistd.h>
| #endif
| 
| #include <stdint.h>
configure:5429: result: no
configure:5384: checking for unistd.h
configure:5405: m68k-amigaos-gcc -c -noixemul  conftest.c >&5
configure:5412: $? = 0
configure:5429: result: yes
configure:5459: checking dlfcn.h usability
configure:5476: m68k-amigaos-gcc -c -noixemul  conftest.c >&5
conftest.c:51: dlfcn.h: No such file or directory
configure:5483: $? = 1
configure: failed program was:
| /* confdefs.h.  */
| #define PACKAGE_NAME "RNGSTREAMS"
| #define PACKAGE_TARNAME "rngstreams"
| #define PACKAGE_VERSION "1.0.1"
| #define PACKAGE_STRING "RNGSTREAMS 1.0.1"
| #define PACKAGE_BUGREPORT "unuran@statistik.wu-wien.ac.at"
| #define PACKAGE "rngstreams"
| #define VERSION "1.0.1"
| #define STDC_HEADERS 1
| #define HAVE_SYS_TYPES_H 1
| #define HAVE_SYS_STAT_H 1
| #define HAVE_STDLIB_H 1
| #define HAVE_STRING_H 1
| #define HAVE_MEMORY_H 1
| #define HAVE_STRINGS_H 1
| #define HAVE_UNISTD_H 1
| /* end confdefs.h.  */
| #include <stdio.h>
| #ifdef HAVE_SYS_TYPES_H
| # include <sys/types.h>
| #endif
| #ifdef HAVE_SYS_STAT_H
| # include <sys/stat.h>
| #endif
| #ifdef STDC_HEADERS
| # include <stdlib.h>
| # include <stddef.h>
| #else
| # ifdef HAVE_STDLIB_H
| #  include <stdlib.h>
| # endif
| #endif
| #ifdef HAVE_STRING_H
| # if !defined STDC_HEADERS && defined HAVE_MEMORY_H
| #  include <memory.h>
| # endif
| # include <string.h>
| #endif
| #ifdef HAVE_STRINGS_H
| # include <strings.h>
| #endif
| #ifdef HAVE_INTTYPES_H
| # include <inttypes.h>
| #endif
| #ifdef HAVE_STDINT_H
| # include <stdint.h>
| #endif
| #ifdef HAVE_UNISTD_H
| # include <unistd.h>
| #endif
| #include <dlfcn.h>
configure:5497: result: no
configure:5501: checking dlfcn.h presence
configure:5516: m68k-amigaos-gcc -E  conftest.c
conftest.c:18: dlfcn.h: No such file or directory
configure:5523: $? = 1
configure: failed program was:
| /* confdefs.h.  */
| #define PACKAGE_NAME "RNGSTREAMS"
| #define PACKAGE_TARNAME "rngstreams"
| #define PACKAGE_VERSION "1.0.1"
| #define PACKAGE_STRING "RNGSTREAMS 1.0.1"
| #define PACKAGE_BUGREPORT "unuran@statistik.wu-wien.ac.at"
| #define PACKAGE "rngstreams"
| #define VERSION "1.0.1"
| #define STDC_HEADERS 1
| #define HAVE_SYS_TYPES_H 1
| #define HAVE_SYS_STAT_H 1
| #define HAVE_STDLIB_H 1
| #define HAVE_STRING_H 1
| #define HAVE_MEMORY_H 1
| #define HAVE_STRINGS_H 1
| #define HAVE_UNISTD_H 1
| /* end confdefs.h.  */
| #include <dlfcn.h>
configure:5537: result: no
configure:5570: checking for dlfcn.h
configure:5579: result: no
configure:5608: checking for m68k-amigaos-g++
configure:5624: found /usr/local/sbin/m68k-amigaos-g++
configure:5635: result: m68k-amigaos-g++
configure:5706: checking for C++ compiler version
configure:5714: m68k-amigaos-g++ --version >&5
2.95.3
configure:5718: $? = 0
configure:5725: m68k-amigaos-g++ -v >&5
Reading specs from /opt/m68k-amigaos/lib/gcc-lib/m68k-amigaos/2.95.3/specs
gcc version 2.95.3 20010315 (release)
configure:5729: $? = 0
configure:5736: m68k-amigaos-g++ -V >&5
m68k-amigaos-g++: argument to `-V' missing

configure:5740: $? = 1
configure:5743: checking whether we are using the GNU C++ compiler
configure:5772: m68k-amigaos-g++ -c   conftest.cpp >&5
configure:5779: $? = 0
configure:5796: result: yes
configure:5805: checking whether m68k-amigaos-g++ accepts -g
configure:5835: m68k-amigaos-g++ -c -g  conftest.cpp >&5
configure:5842: $? = 0
configure:5943: result: yes
configure:5968: checking dependency style of m68k-amigaos-g++
configure:6059: result: gcc
configure:6084: checking how to run the C++ preprocessor
configure:6120: m68k-amigaos-g++ -E  conftest.cpp
configure:6127: $? = 0
configure:6158: m68k-amigaos-g++ -E  conftest.cpp
conftest.cpp:18: ac_nonexistent.h: No such file or directory
configure:6165: $? = 1
configure: failed program was:
| /* confdefs.h.  */
| #define PACKAGE_NAME "RNGSTREAMS"
| #define PACKAGE_TARNAME "rngstreams"
| #define PACKAGE_VERSION "1.0.1"
| #define PACKAGE_STRING "RNGSTREAMS 1.0.1"
| #define PACKAGE_BUGREPORT "unuran@statistik.wu-wien.ac.at"
| #define PACKAGE "rngstreams"
| #define VERSION "1.0.1"
| #define STDC_HEADERS 1
| #define HAVE_SYS_TYPES_H 1
| #define HAVE_SYS_STAT_H 1
| #define HAVE_STDLIB_H 1
| #define HAVE_STRING_H 1
| #define HAVE_MEMORY_H 1
| #define HAVE_STRINGS_H 1
| #define HAVE_UNISTD_H 1
| /* end confdefs.h.  */
| #include <ac_nonexistent.h>
configure:6198: result: m68k-amigaos-g++ -E
configure:6227: m68k-amigaos-g++ -E  conftest.cpp
configure:6234: $? = 0
configure:6265: m68k-amigaos-g++ -E  conftest.cpp
conftest.cpp:18: ac_nonexistent.h: No such file or directory
configure:6272: $? = 1
configure: failed program was:
| /* confdefs.h.  */
| #define PACKAGE_NAME "RNGSTREAMS"
| #define PACKAGE_TARNAME "rngstreams"
| #define PACKAGE_VERSION "1.0.1"
| #define PACKAGE_STRING "RNGSTREAMS 1.0.1"
| #define PACKAGE_BUGREPORT "unuran@statistik.wu-wien.ac.at"
| #define PACKAGE "rngstreams"
| #define VERSION "1.0.1"
| #define STDC_HEADERS 1
| #define HAVE_SYS_TYPES_H 1
| #define HAVE_SYS_STAT_H 1
| #define HAVE_STDLIB_H 1
| #define HAVE_STRING_H 1
| #define HAVE_MEMORY_H 1
| #define HAVE_STRINGS_H 1
| #define HAVE_UNISTD_H 1
| /* end confdefs.h.  */
| #include <ac_nonexistent.h>
configure:6323: checking for m68k-amigaos-g77
configure:6353: result: no
configure:6323: checking for m68k-amigaos-xlf
configure:6353: result: no
configure:6323: checking for m68k-amigaos-f77
configure:6353: result: no
configure:6323: checking for m68k-amigaos-frt
configure:6353: result: no
configure:6323: checking for m68k-amigaos-pgf77
configure:6353: result: no
configure:6323: checking for m68k-amigaos-cf77
configure:6353: result: no
configure:6323: checking for m68k-amigaos-fort77
configure:6353: result: no
configure:6323: checking for m68k-amigaos-fl32
configure:6353: result: no
configure:6323: checking for m68k-amigaos-af77
configure:6353: result: no
configure:6323: checking for m68k-amigaos-xlf90
configure:6353: result: no
configure:6323: checking for m68k-amigaos-f90
configure:6353: result: no
configure:6323: checking for m68k-amigaos-pgf90
configure:6353: result: no
configure:6323: checking for m68k-amigaos-pghpf
configure:6353: result: no
configure:6323: checking for m68k-amigaos-epcf90
configure:6353: result: no
configure:6323: checking for m68k-amigaos-gfortran
configure:6353: result: no
configure:6323: checking for m68k-amigaos-g95
configure:6353: result: no
configure:6323: checking for m68k-amigaos-xlf95
configure:6353: result: no
configure:6323: checking for m68k-amigaos-f95
configure:6353: result: no
configure:6323: checking for m68k-amigaos-fort
configure:6353: result: no
configure:6323: checking for m68k-amigaos-ifort
configure:6353: result: no
configure:6323: checking for m68k-amigaos-ifc
configure:6353: result: no
configure:6323: checking for m68k-amigaos-efc
configure:6353: result: no
configure:6323: checking for m68k-amigaos-pgf95
configure:6353: result: no
configure:6323: checking for m68k-amigaos-lf95
configure:6353: result: no
configure:6323: checking for m68k-amigaos-ftn
configure:6353: result: no
configure:6367: checking for g77
configure:6397: result: no
configure:6367: checking for xlf
configure:6397: result: no
configure:6367: checking for f77
configure:6397: result: no
configure:6367: checking for frt
configure:6397: result: no
configure:6367: checking for pgf77
configure:6397: result: no
configure:6367: checking for cf77
configure:6397: result: no
configure:6367: checking for fort77
configure:6397: result: no
configure:6367: checking for fl32
configure:6397: result: no
configure:6367: checking for af77
configure:6397: result: no
configure:6367: checking for xlf90
configure:6397: result: no
configure:6367: checking for f90
configure:6397: result: no
configure:6367: checking for pgf90
configure:6397: result: no
configure:6367: checking for pghpf
configure:6397: result: no
configure:6367: checking for epcf90
configure:6397: result: no
configure:6367: checking for gfortran
configure:6397: result: no
configure:6367: checking for g95
configure:6397: result: no
configure:6367: checking for xlf95
configure:6397: result: no
configure:6367: checking for f95
configure:6397: result: no
configure:6367: checking for fort
configure:6397: result: no
configure:6367: checking for ifort
configure:6397: result: no
configure:6367: checking for ifc
configure:6397: result: no
configure:6367: checking for efc
configure:6397: result: no
configure:6367: checking for pgf95
configure:6397: result: no
configure:6367: checking for lf95
configure:6397: result: no
configure:6367: checking for ftn
configure:6397: result: no
configure:6420: checking for Fortran 77 compiler version
configure:6428:  --version >&5
./configure: line 6430: --version: command not found
configure:6432: $? = 127
configure:6439:  -v >&5
./configure: line 6441: -v: command not found
configure:6443: $? = 127
configure:6450:  -V >&5
./configure: line 6452: -V: command not found
configure:6454: $? = 127
configure:6462: checking whether we are using the GNU Fortran 77 compiler
configure:6481:  -c  conftest.F >&5
./configure: line 6483: -c: command not found
configure:6488: $? = 127
configure: failed program was:
|       program main
| #ifndef __GNUC__
|        choke me
| #endif
| 
|       end
configure:6505: result: no
configure:6511: checking whether  accepts -g
configure:6528:  -c -g conftest.f >&5
./configure: line 6530: -c: command not found
configure:6535: $? = 127
configure: failed program was:
|       program main
| 
|       end
configure:6551: result: no
configure:6584: checking the maximum length of command line arguments
configure:6696: result: 1572864
configure:6708: checking command to parse /usr/local/sbin/m68k-amigaos-nm output from m68k-amigaos-gcc object
configure:6813: m68k-amigaos-gcc -c -noixemul  conftest.c >&5
configure:6816: $? = 0
configure:6820: /usr/local/sbin/m68k-amigaos-nm conftest.o \| sed -n -e 's/^.*[ 	]\([ABCDGIRSTW][ABCDGIRSTW]*\)[ 	][ 	]*\([_A-Za-z][_A-Za-z0-9]*\)$/\1 \2 \2/p' \> conftest.nm
configure:6823: $? = 0
cannot find nm_test_var in conftest.nm
configure:6813: m68k-amigaos-gcc -c -noixemul  conftest.c >&5
configure:6816: $? = 0
configure:6820: /usr/local/sbin/m68k-amigaos-nm conftest.o \| sed -n -e 's/^.*[ 	]\([ABCDGIRSTW][ABCDGIRSTW]*\)[ 	][ 	]*_\([_A-Za-z][_A-Za-z0-9]*\)$/\1 _\2 \2/p' \> conftest.nm
configure:6823: $? = 0
configure:6875: m68k-amigaos-gcc -o conftest -noixemul   conftest.c conftstm.o >&5
configure:6878: $? = 0
configure:6916: result: ok
configure:6920: checking for objdir
configure:6935: result: .libs
configure:6987: checking for m68k-amigaos-ar
configure:7014: result: m68k-amigaos-ar
configure:7079: checking for m68k-amigaos-ranlib
configure:7106: result: m68k-amigaos-ranlib
configure:7171: checking for m68k-amigaos-strip
configure:7198: result: m68k-amigaos-strip
configure:7779: checking for correct ltmain.sh version
configure:7829: result: yes
configure:7889: checking if m68k-amigaos-gcc supports -fno-rtti -fno-exceptions
configure:7907: m68k-amigaos-gcc -c -noixemul  -fno-rtti -fno-exceptions conftest.c >&5
configure:7911: $? = 0
configure:7924: result: yes
configure:7939: checking for m68k-amigaos-gcc option to produce PIC
configure:8171: result: -m68020 -resident32 -malways-restore-a4
configure:8179: checking if m68k-amigaos-gcc PIC flag -m68020 -resident32 -malways-restore-a4 works
configure:8197: m68k-amigaos-gcc -c -noixemul  -m68020 -resident32 -malways-restore-a4 -DPIC conftest.c >&5
configure:8201: $? = 0
configure:8214: result: yes
configure:8242: checking if m68k-amigaos-gcc static flag -static works
configure:8270: result: yes
configure:8280: checking if m68k-amigaos-gcc supports -c -o file.o
configure:8301: m68k-amigaos-gcc -c -noixemul  -o out/conftest2.o conftest.c >&5
configure:8305: $? = 0
configure:8327: result: yes
configure:8353: checking whether the m68k-amigaos-gcc linker (/opt/m68k-amigaos/m68k-amigaos/bin/ld) supports shared libraries
configure:9341: result: no
configure:9408: checking dynamic linker characteristics
configure:10023: result: amigaos ld.so
configure:10047: checking how to hardcode library paths into programs
configure:10072: result: unsupported
configure:10086: checking whether stripping libraries is possible
configure:10091: result: yes
configure:10921: checking if libtool supports shared libraries
configure:10923: result: no
configure:10926: checking whether to build shared libraries
configure:10947: result: no
configure:10950: checking whether to build static libraries
configure:10954: result: yes
configure:11048: creating libtool
configure:11641: checking for ld used by m68k-amigaos-g++
configure:11708: result: /opt/m68k-amigaos/m68k-amigaos/bin/ld
configure:11717: checking if the linker (/opt/m68k-amigaos/m68k-amigaos/bin/ld) is GNU ld
configure:11732: result: yes
configure:11783: checking whether the m68k-amigaos-g++ linker (/opt/m68k-amigaos/m68k-amigaos/bin/ld) supports shared libraries
configure:12737: result: no
configure:12754: m68k-amigaos-g++ -c -g -O2  conftest.cpp >&5
configure:12757: $? = 0
configure:12913: checking for m68k-amigaos-g++ option to produce PIC
configure:13197: result: -m68020 -resident32 -malways-restore-a4
configure:13205: checking if m68k-amigaos-g++ PIC flag -m68020 -resident32 -malways-restore-a4 works
configure:13223: m68k-amigaos-g++ -c -g -O2  -m68020 -resident32 -malways-restore-a4 -DPIC conftest.cpp >&5
configure:13227: $? = 0
configure:13240: result: yes
configure:13268: checking if m68k-amigaos-g++ static flag -static works
configure:13296: result: no
configure:13306: checking if m68k-amigaos-g++ supports -c -o file.o
configure:13327: m68k-amigaos-g++ -c -g -O2  -o out/conftest2.o conftest.cpp >&5
configure:13331: $? = 0
configure:13353: result: yes
configure:13379: checking whether the m68k-amigaos-g++ linker (/opt/m68k-amigaos/m68k-amigaos/bin/ld) supports shared libraries
configure:13405: result: no
configure:13472: checking dynamic linker characteristics
configure:14035: result: amigaos ld.so
configure:14059: checking how to hardcode library paths into programs
configure:14084: result: immediate
configure:20349: checking for ANSI C header files
configure:20517: result: yes
configure:20545: checking limits.h usability
configure:20562: m68k-amigaos-gcc -c -noixemul  conftest.c >&5
configure:20569: $? = 0
configure:20583: result: yes
configure:20587: checking limits.h presence
configure:20602: m68k-amigaos-gcc -E  conftest.c
configure:20609: $? = 0
configure:20623: result: yes
configure:20656: checking for limits.h
configure:20665: result: yes
configure:20545: checking malloc.h usability
configure:20562: m68k-amigaos-gcc -c -noixemul  conftest.c >&5
configure:20569: $? = 0
configure:20583: result: yes
configure:20587: checking malloc.h presence
configure:20602: m68k-amigaos-gcc -E  conftest.c
configure:20609: $? = 0
configure:20623: result: yes
configure:20656: checking for malloc.h
configure:20665: result: yes
configure:20545: checking sys/time.h usability
configure:20562: m68k-amigaos-gcc -c -noixemul  conftest.c >&5
configure:20569: $? = 0
configure:20583: result: yes
configure:20587: checking sys/time.h presence
configure:20602: m68k-amigaos-gcc -E  conftest.c
configure:20609: $? = 0
configure:20623: result: yes
configure:20656: checking for sys/time.h
configure:20665: result: yes
configure:20681: checking for an ANSI C-conforming const
configure:20756: m68k-amigaos-gcc -c -noixemul  conftest.c >&5
configure:20763: $? = 0
configure:20778: result: yes
configure:20788: checking for size_t
configure:20816: m68k-amigaos-gcc -c -noixemul  conftest.c >&5
configure:20823: $? = 0
configure:20850: m68k-amigaos-gcc -c -noixemul  conftest.c >&5
conftest.c: In function `main':
conftest.c:58: parse error before `)'
configure:20857: $? = 1
configure: failed program was:
| /* confdefs.h.  */
| #define PACKAGE_NAME "RNGSTREAMS"
| #define PACKAGE_TARNAME "rngstreams"
| #define PACKAGE_VERSION "1.0.1"
| #define PACKAGE_STRING "RNGSTREAMS 1.0.1"
| #define PACKAGE_BUGREPORT "unuran@statistik.wu-wien.ac.at"
| #define PACKAGE "rngstreams"
| #define VERSION "1.0.1"
| #define STDC_HEADERS 1
| #define HAVE_SYS_TYPES_H 1
| #define HAVE_SYS_STAT_H 1
| #define HAVE_STDLIB_H 1
| #define HAVE_STRING_H 1
| #define HAVE_MEMORY_H 1
| #define HAVE_STRINGS_H 1
| #define HAVE_UNISTD_H 1
| #define STDC_HEADERS 1
| #define HAVE_LIMITS_H 1
| #define HAVE_MALLOC_H 1
| #define HAVE_SYS_TIME_H 1
| /* end confdefs.h.  */
| #include <stdio.h>
| #ifdef HAVE_SYS_TYPES_H
| # include <sys/types.h>
| #endif
| #ifdef HAVE_SYS_STAT_H
| # include <sys/stat.h>
| #endif
| #ifdef STDC_HEADERS
| # include <stdlib.h>
| # include <stddef.h>
| #else
| # ifdef HAVE_STDLIB_H
| #  include <stdlib.h>
| # endif
| #endif
| #ifdef HAVE_STRING_H
| # if !defined STDC_HEADERS && defined HAVE_MEMORY_H
| #  include <memory.h>
| # endif
| # include <string.h>
| #endif
| #ifdef HAVE_STRINGS_H
| # include <strings.h>
| #endif
| #ifdef HAVE_INTTYPES_H
| # include <inttypes.h>
| #endif
| #ifdef HAVE_STDINT_H
| # include <stdint.h>
| #endif
| #ifdef HAVE_UNISTD_H
| # include <unistd.h>
| #endif
| int
| main ()
| {
| if (sizeof ((size_t)))
| 	  return 0;
|   ;
|   return 0;
| }
configure:20880: result: yes
configure:20892: checking for inline
configure:20918: m68k-amigaos-gcc -c -noixemul  conftest.c >&5
configure:20925: $? = 0
configure:20943: result: inline
configure:21095: creating ./config.status

## ---------------------- ##
## Running config.status. ##
## ---------------------- ##

This file was extended by RNGSTREAMS config.status 1.0.1, which was
generated by GNU Autoconf 2.63.  Invocation command line was

  CONFIG_FILES    = 
  CONFIG_HEADERS  = 
  CONFIG_LINKS    = 
  CONFIG_COMMANDS = 
  $ ./config.status 

on abuilder

config.status:803: creating Makefile
config.status:803: creating src/Makefile
config.status:803: creating doc/Makefile
config.status:803: creating tests/Makefile
config.status:803: creating examples/Makefile
config.status:803: creating config.h
config.status:1025: config.h is unchanged
config.status:1077: executing depfiles commands

## ---------------- ##
## Cache variables. ##
## ---------------- ##

ac_cv_build=x86_64-unknown-linux-gnu
ac_cv_c_compiler_gnu=yes
ac_cv_c_const=yes
ac_cv_c_inline=inline
ac_cv_cxx_compiler_gnu=yes
ac_cv_env_CCC_set=
ac_cv_env_CCC_value=
ac_cv_env_CC_set=set
ac_cv_env_CC_value=m68k-amigaos-gcc
ac_cv_env_CFLAGS_set=set
ac_cv_env_CFLAGS_value=-noixemul
ac_cv_env_CPPFLAGS_set=
ac_cv_env_CPPFLAGS_value=
ac_cv_env_CPP_set=
ac_cv_env_CPP_value=
ac_cv_env_CXXCPP_set=
ac_cv_env_CXXCPP_value=
ac_cv_env_CXXFLAGS_set=
ac_cv_env_CXXFLAGS_value=
ac_cv_env_CXX_set=
ac_cv_env_CXX_value=
ac_cv_env_F77_set=
ac_cv_env_F77_value=
ac_cv_env_FFLAGS_set=
ac_cv_env_FFLAGS_value=
ac_cv_env_LDFLAGS_set=
ac_cv_env_LDFLAGS_value=
ac_cv_env_LIBS_set=
ac_cv_env_LIBS_value=
ac_cv_env_build_alias_set=
ac_cv_env_build_alias_value=
ac_cv_env_host_alias_set=set
ac_cv_env_host_alias_value=m68k-amigaos
ac_cv_env_target_alias_set=
ac_cv_env_target_alias_value=
ac_cv_f77_compiler_gnu=no
ac_cv_header_dlfcn_h=no
ac_cv_header_inttypes_h=no
ac_cv_header_limits_h=yes
ac_cv_header_malloc_h=yes
ac_cv_header_memory_h=yes
ac_cv_header_stdc=yes
ac_cv_header_stdint_h=no
ac_cv_header_stdlib_h=yes
ac_cv_header_string_h=yes
ac_cv_header_strings_h=yes
ac_cv_header_sys_stat_h=yes
ac_cv_header_sys_time_h=yes
ac_cv_header_sys_types_h=yes
ac_cv_header_unistd_h=yes
ac_cv_host=m68k-unknown-amigaos
ac_cv_objext=o
ac_cv_path_EGREP='/bin/grep -E'
ac_cv_path_GREP=/bin/grep
ac_cv_path_install='/usr/bin/install -c'
ac_cv_path_mkdir=/bin/mkdir
ac_cv_prog_AR=m68k-amigaos-ar
ac_cv_prog_AWK=mawk
ac_cv_prog_CC=m68k-amigaos-gcc
ac_cv_prog_CPP='m68k-amigaos-gcc -E'
ac_cv_prog_CXX=m68k-amigaos-g++
ac_cv_prog_CXXCPP='m68k-amigaos-g++ -E'
ac_cv_prog_RANLIB=m68k-amigaos-ranlib
ac_cv_prog_STRIP=m68k-amigaos-strip
ac_cv_prog_cc_c89=
ac_cv_prog_cc_g=yes
ac_cv_prog_cxx_g=yes
ac_cv_prog_f77_g=no
ac_cv_prog_make_make_set=yes
ac_cv_type_size_t=yes
am_cv_CC_dependencies_compiler_type=gcc
am_cv_CXX_dependencies_compiler_type=gcc
lt_cv_deplibs_check_method=unknown
lt_cv_file_magic_cmd='$MAGIC_CMD'
lt_cv_file_magic_test_file=
lt_cv_ld_reload_flag=-r
lt_cv_objdir=.libs
lt_cv_path_LD=/opt/m68k-amigaos/m68k-amigaos/bin/ld
lt_cv_path_LDCXX=/opt/m68k-amigaos/m68k-amigaos/bin/ld
lt_cv_path_NM=/usr/local/sbin/m68k-amigaos-nm
lt_cv_path_SED=/bin/sed
lt_cv_prog_compiler_c_o=yes
lt_cv_prog_compiler_c_o_CXX=yes
lt_cv_prog_compiler_pic_works=yes
lt_cv_prog_compiler_pic_works_CXX=yes
lt_cv_prog_compiler_rtti_exceptions=yes
lt_cv_prog_compiler_static_works=yes
lt_cv_prog_compiler_static_works_CXX=no
lt_cv_prog_gnu_ld=yes
lt_cv_prog_gnu_ldcxx=yes
lt_cv_sys_global_symbol_pipe='sed -n -e '\''s/^.*[ 	]\([ABCDGIRSTW][ABCDGIRSTW]*\)[ 	][ 	]*_\([_A-Za-z][_A-Za-z0-9]*\)$/\1 _\2 \2/p'\'''
lt_cv_sys_global_symbol_to_c_name_address='sed -n -e '\''s/^: \([^ ]*\) $/  {\"\1\", (lt_ptr) 0},/p'\'' -e '\''s/^[BCDEGRST] \([^ ]*\) \([^ ]*\)$/  {"\2", (lt_ptr) \&\2},/p'\'''
lt_cv_sys_global_symbol_to_cdecl='sed -n -e '\''s/^. .* \(.*\)$/extern int \1;/p'\'''
lt_cv_sys_lib_dlsearch_path_spec='/lib /usr/lib'
lt_cv_sys_lib_search_path_spec='/opt/m68k-amigaos/lib/gcc-lib/m68k-amigaos/2.95.3 /opt/m68k-amigaos/m68k-amigaos/lib'
lt_cv_sys_max_cmd_len=1572864
lt_lt_cv_prog_compiler_c_o='"yes"'
lt_lt_cv_prog_compiler_c_o_CXX='"yes"'
lt_lt_cv_sys_global_symbol_pipe='"sed -n -e '\''s/^.*[ 	]\\([ABCDGIRSTW][ABCDGIRSTW]*\\)[ 	][ 	]*_\\([_A-Za-z][_A-Za-z0-9]*\\)\$/\\1 _\\2 \\2/p'\''"'
lt_lt_cv_sys_global_symbol_to_c_name_address='"sed -n -e '\''s/^: \\([^ ]*\\) \$/  {\\\"\\1\\\", (lt_ptr) 0},/p'\'' -e '\''s/^[BCDEGRST] \\([^ ]*\\) \\([^ ]*\\)\$/  {\"\\2\", (lt_ptr) \\&\\2},/p'\''"'
lt_lt_cv_sys_global_symbol_to_cdecl='"sed -n -e '\''s/^. .* \\(.*\\)\$/extern int \\1;/p'\''"'

## ----------------- ##
## Output variables. ##
## ----------------- ##

ACLOCAL='${SHELL} /home/auser/work/rngstreams-1.0.1/missing --run aclocal-1.10'
AMDEPBACKSLASH='\'
AMDEP_FALSE='#'
AMDEP_TRUE=''
AMTAR='${SHELL} /home/auser/work/rngstreams-1.0.1/missing --run tar'
AM_CFLAGS='-Wall'
AR='m68k-amigaos-ar'
AUTOCONF='${SHELL} /home/auser/work/rngstreams-1.0.1/missing --run autoconf'
AUTOHEADER='${SHELL} /home/auser/work/rngstreams-1.0.1/missing --run autoheader'
AUTOMAKE='${SHELL} /home/auser/work/rngstreams-1.0.1/missing --run automake-1.10'
AWK='mawk'
CC='m68k-amigaos-gcc'
CCDEPMODE='depmode=gcc'
CFLAGS='-noixemul'
CPP='m68k-amigaos-gcc -E'
CPPFLAGS=''
CXX='m68k-amigaos-g++'
CXXCPP='m68k-amigaos-g++ -E'
CXXDEPMODE='depmode=gcc'
CXXFLAGS='-g -O2'
CYGPATH_W='echo'
DEFS='-DHAVE_CONFIG_H'
DEPDIR='.deps'
DSYMUTIL=''
ECHO='echo'
ECHO_C=''
ECHO_N='-n'
ECHO_T=''
EGREP='/bin/grep -E'
EXEEXT=''
F77=''
FFLAGS=''
GREP='/bin/grep'
INSTALL_DATA='${INSTALL} -m 644'
INSTALL_PROGRAM='${INSTALL}'
INSTALL_SCRIPT='${INSTALL}'
INSTALL_STRIP_PROGRAM='$(install_sh) -c -s'
LDFLAGS=''
LIBOBJS=''
LIBS=''
LIBTOOL='$(SHELL) $(top_builddir)/libtool'
LN_S='ln -s'
LTLIBOBJS=''
MAKEINFO='${SHELL} /home/auser/work/rngstreams-1.0.1/missing --run makeinfo'
MKDIR_P='/bin/mkdir -p'
NMEDIT=''
OBJEXT='o'
PACKAGE='rngstreams'
PACKAGE_BUGREPORT='unuran@statistik.wu-wien.ac.at'
PACKAGE_NAME='RNGSTREAMS'
PACKAGE_STRING='RNGSTREAMS 1.0.1'
PACKAGE_TARNAME='rngstreams'
PACKAGE_VERSION='1.0.1'
PATH_SEPARATOR=':'
RANLIB='m68k-amigaos-ranlib'
RNGSTREAMS_LT_VERSION='0:0:0'
SED='/bin/sed'
SET_MAKE=''
SHELL='/bin/bash'
STRIP='m68k-amigaos-strip'
VERSION='1.0.1'
ac_ct_CC=''
ac_ct_CXX=''
ac_ct_F77=''
am__fastdepCC_FALSE=''
am__fastdepCC_TRUE='#'
am__fastdepCXX_FALSE=''
am__fastdepCXX_TRUE='#'
am__include='include'
am__isrc=''
am__leading_dot='.'
am__quote=''
am__tar='${AMTAR} chof - "$$tardir"'
am__untar='${AMTAR} xf -'
bindir='${exec_prefix}/bin'
build='x86_64-unknown-linux-gnu'
build_alias=''
build_cpu='x86_64'
build_os='linux-gnu'
build_vendor='unknown'
datadir='${datarootdir}'
datarootdir='${prefix}/share'
docdir='${datarootdir}/doc/${PACKAGE_TARNAME}'
dvidir='${docdir}'
exec_prefix='${prefix}'
host='m68k-unknown-amigaos'
host_alias='m68k-amigaos'
host_cpu='m68k'
host_os='amigaos'
host_vendor='unknown'
htmldir='${docdir}'
includedir='${prefix}/include'
infodir='${datarootdir}/info'
install_sh='$(SHELL) /home/auser/work/rngstreams-1.0.1/install-sh'
libdir='${exec_prefix}/lib'
libexecdir='${exec_prefix}/libexec'
localedir='${datarootdir}/locale'
localstatedir='${prefix}/var'
mandir='${datarootdir}/man'
mkdir_p='/bin/mkdir -p'
oldincludedir='/usr/include'
pdfdir='${docdir}'
prefix='/home/auser/work/install'
program_transform_name='s,x,x,'
psdir='${docdir}'
sbindir='${exec_prefix}/sbin'
sharedstatedir='${prefix}/com'
sysconfdir='${prefix}/etc'
target_alias=''

## ----------- ##
## confdefs.h. ##
## ----------- ##

#define PACKAGE_NAME "RNGSTREAMS"
#define PACKAGE_TARNAME "rngstreams"
#define PACKAGE_VERSION "1.0.1"
#define PACKAGE_STRING "RNGSTREAMS 1.0.1"
#define PACKAGE_BUGREPORT "unuran@statistik.wu-wien.ac.at"
#define PACKAGE "rngstreams"
#define VERSION "1.0.1"
#define STDC_HEADERS 1
#define HAVE_SYS_TYPES_H 1
#define HAVE_SYS_STAT_H 1
#define HAVE_STDLIB_H 1
#define HAVE_STRING_H 1
#define HAVE_MEMORY_H 1
#define HAVE_STRINGS_H 1
#define HAVE_UNISTD_H 1
#define STDC_HEADERS 1
#define HAVE_LIMITS_H 1
#define HAVE_MALLOC_H 1
#define HAVE_SYS_TIME_H 1

configure: exit 0
