This file contains any messages produced by compilers while
running configure, to aid debugging if configure makes a mistake.

configure:562: checking for a BSD compatible install
configure:615: checking whether build environment is sane
configure:672: checking whether make sets ${MAKE}
configure:718: checking for working aclocal
configure:731: checking for working autoconf
configure:744: checking for working automake
configure:757: checking for working autoheader
configure:770: checking for working makeinfo
configure:793: checking for gcc
configure:906: checking whether the C compiler (gcc  ) works
configure:922: gcc -o conftest    conftest.c  1>&5
configure:948: checking whether the C compiler (gcc  ) is a cross-compiler
configure:953: checking whether we are using GNU C
configure:962: gcc -E conftest.c
configure:981: checking whether gcc accepts -g
configure:1014: checking for Cygwin environment
configure:1030: gcc -c -g -O2  conftest.c 1>&5
configure: In function `main':
configure:1026: `__CYGWIN32__' undeclared (first use in this function)
configure:1026: (Each undeclared identifier is reported only once
configure:1026: for each function it appears in.)
configure: failed program was:
#line 1019 "configure"
#include "confdefs.h"

int main() {

#ifndef __CYGWIN__
#define __CYGWIN__ __CYGWIN32__
#endif
return __CYGWIN__;
; return 0; }
configure:1047: checking for mingw32 environment
configure:1059: gcc -c -g -O2  conftest.c 1>&5
configure: In function `main':
configure:1055: `__MINGW32__' undeclared (first use in this function)
configure:1055: (Each undeclared identifier is reported only once
configure:1055: for each function it appears in.)
configure: failed program was:
#line 1052 "configure"
#include "confdefs.h"

int main() {
return __MINGW32__;
; return 0; }
configure:1078: checking for executable suffix
configure:1088: gcc -o conftest -g -O2   conftest.c  1>&5
configure:1114: checking for c++
configure:1146: checking whether the C++ compiler (c++  ) works
configure:1162: c++ -o conftest    conftest.C  1>&5
configure:1188: checking whether the C++ compiler (c++  ) is a cross-compiler
configure:1193: checking whether we are using GNU C++
configure:1202: c++ -E conftest.C
configure:1221: checking whether c++ accepts -g
configure:1264: checking for gawk
configure:1264: checking for mawk
configure:1264: checking for nawk
configure:1264: checking for awk
configure:1327: checking for the txtc compiler
configure:1346: checking for bison
configure:1378: checking how to run the C++ preprocessor
configure:1396: c++ -E  conftest.C >/dev/null 2>conftest.out
configure:1426: checking for flex
configure:1459: checking for flex
configure:1493: checking for yywrap in -lfl
configure:1515: c++ -o conftest -g -O2   conftest.C -lfl   1>&5
configure:1538: checking lex output file root
configure:1559: checking whether yytext is a pointer
configure:1578: c++ -o conftest -g -O2   conftest.C  -lfl 1>&5
configure:1601: checking for main in -lfl
configure:1616: c++ -o conftest -g -O2   conftest.C -lfl   1>&5
configure:1647: checking for yywrap
configure:1678: c++ -o conftest -g -O2   conftest.C -lfl  1>&5
configure:1706: checking for ANSI C header files
configure:1719: c++ -E  conftest.C >/dev/null 2>conftest.out
configure:1789: c++ -o conftest -g -O2   conftest.C -lfl  1>&5
configure:1816: checking for unistd.h
configure:1826: c++ -E  conftest.C >/dev/null 2>conftest.out
configure:1857: checking for strdup
configure:1888: c++ -o conftest -g -O2   conftest.C -lfl  1>&5
configure:1916: checking for getopt_long
configure:1947: c++ -o conftest -g -O2   conftest.C -lfl  1>&5
/t/cc0wXZ6q.o: In function `main':
/LS2/work/Porting/cpp2html-1.1/configure:1941: undefined reference to `getopt_long'
collect2: ld returned 1 exit status
configure: failed program was:
#line 1921 "configure"
#include "confdefs.h"
/* System header to define __stub macros and hopefully few prototypes,
    which can conflict with char getopt_long(); below.  */
#include <assert.h>
/* Override any gcc2 internal prototype to avoid an error.  */
#ifdef __cplusplus
extern "C"
#endif
/* We use char because int might match the return type of a gcc2
    builtin and then its argument prototype would still apply.  */
char getopt_long();

int main() {

/* The GNU C library defines this for functions which it implements
    to always fail with ENOSYS.  Some functions are actually named
    something starting with __ and the normal name is an alias.  */
#if defined (__stub_getopt_long) || defined (__stub___getopt_long)
choke me
#else
getopt_long();
#endif

; return 0; }
configure:1978: checking for gengetopt
configure:2026: checking checking if it's flex 
configure:2037: checking checking if it's bison 
configure:2047: checking checking for strstream.h 
configure:2056: c++ -E   conftest.C >/dev/null 2>conftest.out
configure:2105: checking for tar
