This file contains any messages produced by compilers while
running configure, to aid debugging if configure makes a mistake.

configure:556: checking for a BSD compatible install
configure:609: checking whether build environment is sane
configure:666: checking whether make sets ${MAKE}
configure:712: checking for working aclocal
configure:725: checking for working autoconf
configure:738: checking for working automake
configure:751: checking for working autoheader
configure:764: checking for working makeinfo
configure:784: checking for gcc
configure:897: checking whether the C compiler (gcc  ) works
configure:913: gcc -o conftest    conftest.c  1>&5
configure:939: checking whether the C compiler (gcc  ) is a cross-compiler
configure:944: checking whether we are using GNU C
configure:953: gcc -E conftest.c
configure:972: checking whether gcc accepts -g
configure:1007: checking for gcc option to accept ANSI C
configure:1060: gcc  -c -g -O2  conftest.c 1>&5
configure:1095: checking for a BSD compatible install
configure:1154: checking host system type
configure:1176: checking how to run the C preprocessor
configure:1256: checking for ANSI C header files
configure:1269: /bin/cpp  conftest.c >/dev/null 2>conftest.out
configure:1336: gcc -o conftest -g -O2   conftest.c  1>&5
configure:1375: checking for string.h
configure:1385: /bin/cpp  conftest.c >/dev/null 2>conftest.out
configure:1375: checking for errno.h
configure:1385: /bin/cpp  conftest.c >/dev/null 2>conftest.out
configure:1375: checking for signal.h
configure:1385: /bin/cpp  conftest.c >/dev/null 2>conftest.out
configure:1375: checking for netdb.h
configure:1385: /bin/cpp  conftest.c >/dev/null 2>conftest.out
configure:1375: checking for netinet/in.h
configure:1385: /bin/cpp  conftest.c >/dev/null 2>conftest.out
configure:1375: checking for arpa/inet.h
configure:1385: /bin/cpp  conftest.c >/dev/null 2>conftest.out
configure:1375: checking for sys/socket.h
configure:1385: /bin/cpp  conftest.c >/dev/null 2>conftest.out
configure:1375: checking for sys/types.h
configure:1385: /bin/cpp  conftest.c >/dev/null 2>conftest.out
configure:1375: checking for sys/wait.h
configure:1385: /bin/cpp  conftest.c >/dev/null 2>conftest.out
configure:1375: checking for unistd.h
configure:1385: /bin/cpp  conftest.c >/dev/null 2>conftest.out
configure:1421: checking for strcat
configure:1449: gcc -o conftest -g -O2 -Wall   conftest.c  1>&5
configure:1421: checking for strcmp
configure:1449: gcc -o conftest -g -O2 -Wall   conftest.c  1>&5
configure:1433: warning: conflicting types for built-in function `strcmp'
configure:1421: checking for strcpy
configure:1449: gcc -o conftest -g -O2 -Wall   conftest.c  1>&5
configure:1433: warning: conflicting types for built-in function `strcpy'
configure:1479: checking for pthread_create in -lpthread
configure:1498: gcc -o conftest -g -O2 -Wall   conftest.c -lpthread   1>&5
configure:1727: checking for pthread_cancel in -lpthread
configure:1746: gcc -o conftest -g -O2 -Wall   conftest.c -lpthread   1>&5
