This file contains any messages produced by compilers while
running configure, to aid debugging if configure makes a mistake.

configure:567: checking for a BSD compatible install
configure:620: checking whether build environment is sane
configure:677: checking whether /SDK/C/gmake sets ${MAKE}
configure:724: checking for working aclocal
configure:737: checking for working autoconf
configure:750: checking for working automake
configure:763: checking for working autoheader
configure:776: checking for working makeinfo
configure:792: checking whether /SDK/C/gmake sets ${MAKE}
configure:823: checking for c++
configure:855: checking whether the C++ compiler (c++ -mcrt=newlib -mcrt=newlib -lunix) works
configure:871: c++ -o conftest -mcrt=newlib -mcrt=newlib -DMINIGL -mcrt=newlib -lunix conftest.C -lunix 1>&5
configure:897: checking whether the C++ compiler (c++ -mcrt=newlib -mcrt=newlib -lunix) is a cross-compiler
configure:902: checking whether we are using GNU C++
configure:930: checking whether c++ accepts -g
configure:964: checking for ranlib
configure:1003: checking for a BSD compatible install
configure:1064: checking host system type
configure:1085: checking target system type
configure:1150: checking for sdl-config
configure:1185: checking for SDL - version >= 1.2.0
configure:1270: gcc -o conftest -mcrt=newlib -I/SDK/Local/common/include/SDL -mcrt=newlib -DMINIGL -mcrt=newlib -lunix conftest.c -lunix -L/SDK/Local/newlib/lib -lGL -lGLU -lSDL -lauto -lpthread -lm -lm 1>&5
