ASL/filehook
ASL/filehook.c
ASL/filepat
ASL/filepat.c
ASL/filereq
ASL/filereq.c
ASL/fontreq
ASL/fontreq.c
GadTools/gadtoolsgadgets
GadTools/gadtoolsgadgets.c
GadTools/gadtoolsmenu
GadTools/gadtoolsmenu.c
GadTools/simplegtgadget
GadTools/simplegtgadget.c
Intuition/Boopsi/RKMButClass.c
Intuition/Boopsi/RKMModel.c
Intuition/Boopsi/rkmmodel.h
Intuition/Boopsi/rkmmodel.o
Intuition/Boopsi/Talk2boopsi
Intuition/Boopsi/Talk2boopsi.c
Intuition/Boopsi/TestBut
Intuition/Boopsi/UseRKMModel
Intuition/Boopsi/userkmmodel.c
Intuition/Gadgets/simplegad
Intuition/Gadgets/simplegad.c
Intuition/Gadgets/strhooks
Intuition/Gadgets/strhooks.c
Intuition/Gadgets/updatestrgad
Intuition/Gadgets/updatestrgad.c
Intuition/Images_Text/compleximage
Intuition/Images_Text/compleximage.c
Intuition/Images_Text/intuitext
Intuition/Images_Text/intuitext.c
Intuition/Images_Text/shadowborder
Intuition/Images_Text/shadowborder.c
Intuition/Images_Text/simpleimage
Intuition/Images_Text/simpleimage.c
Intuition/Intuition_GUI/easyintuition
Intuition/Intuition_GUI/easyintuition.c
Intuition/Intuition_GUI/easyintuition37
Intuition/Intuition_GUI/easyintuition37.c
Intuition/IO_Methods/CloseWindowSafely.c
Intuition/IO_Methods/eventloop
Intuition/IO_Methods/eventloop.c
Intuition/Menus/menulayout
Intuition/Menus/menulayout.c
Intuition/Menus/simplemenu
Intuition/Menus/simplemenu.c
Intuition/Mouse_Keyboard/custompointer
Intuition/Mouse_Keyboard/custompointer.c
Intuition/Mouse_Keyboard/mousetest
Intuition/Mouse_Keyboard/mousetest.c
Intuition/Mouse_Keyboard/rawkey
Intuition/Mouse_Keyboard/rawkey.c
Intuition/Requesters_Alerts/blockinput
Intuition/Requesters_Alerts/blockinput.c
Intuition/Requesters_Alerts/displayalert
Intuition/Requesters_Alerts/displayalert.c
Intuition/Requesters_Alerts/easyrequest
Intuition/Requesters_Alerts/easyrequest.c
Intuition/Screens/clonescreen
Intuition/Screens/clonescreen.c
Intuition/Screens/doublebuffer
Intuition/Screens/doublebuffer.c
Intuition/Screens/dualplayfield
Intuition/Screens/dualplayfield.c
Intuition/Screens/newlookscreen
Intuition/Screens/newlookscreen.c
Intuition/Screens/publicscreen
Intuition/Screens/publicscreen.c
Intuition/Screens/pubscreenbeep
Intuition/Screens/pubscreenbeep.c
Intuition/Screens/screen34to37
Intuition/Screens/screen34to37.c
Intuition/Special/remembertest
Intuition/Special/remembertest.c
Intuition/Windows/lines
Intuition/Windows/lines.c
Intuition/Windows/openwindowtags
Intuition/Windows/openwindowtags.c
Intuition/Windows/visiblewindow
Intuition/Windows/visiblewindow.c
Intuition/Windows/winpubscreen
Intuition/Windows/winpubscreen.c
Preferences/prefnotify
Preferences/prefnotify.c
Preferences/showprefs
Preferences/showprefs.c
Workbench/appicon
Workbench/appicon.c
Workbench/appmenuitem
Workbench/appmenuitem.c
Workbench/appwindow
Workbench/appwindow.c
Workbench/iconexample
Workbench/iconexample.c
Workbench/prargs
Workbench/prargs.c
Workbench/startup2.0/allstartup.i
Workbench/startup2.0/Astartup.i
Workbench/startup2.0/Astartup.obj
Workbench/startup2.0/AWstartup.i
Workbench/startup2.0/AWstartup.obj
Workbench/startup2.0/lmkfile
Workbench/startup2.0/Qstartup.i
Workbench/startup2.0/Qstartup.obj
Workbench/startup2.0/Rstartup.i
Workbench/startup2.0/Rstartup.obj
Workbench/startup2.0/RWstartup.i
Workbench/startup2.0/RWstartup.obj
Workbench/startup2.0/RXstartup.i
Workbench/startup2.0/RXstartup.obj
Workbench/startup2.0/startup.asm
