This file contains any messages produced by compilers while
running configure, to aid debugging if configure makes a mistake.

It was created by configure, which was
generated by GNU Autoconf 2.52.  Invocation command line was

  $ configure --disable-dependency-tracking --bindir=/SDK/Local/C --prefix=/SDK/Local --libdir=/SDK/Local/newlib/lib --includedir=/SDK/Local/common/include CFLAGS=-mcrt=newlib CXXFLAGS=-mcrt=newlib CPPFLAGS=-mcrt=newlib LIBS=-lSDL_image -lpng -ljpeg -lz -lunix LDFLAGS=-mcrt=newlib

## ---------- ##
## Platform.  ##
## ---------- ##

hostname = localhost
uname -m = ppc
uname -r = 51.4
uname -s = AmigaOS
uname -v = 4.0

/usr/bin/uname -p = unknown
/bin/uname -X     = unknown

/bin/arch              = unknown
/usr/bin/arch -k       = unknown
/usr/convex/getsysinfo = unknown
hostinfo               = unknown
/bin/machine           = unknown
/usr/bin/oslevel       = unknown
/bin/universe          = unknown

PATH = /gcc/bin:/SDK/C:/SDK/Local/C:/SDK/Local/newlib/bin:/SDK/Local/clib2/bin:/C:.

## ------------ ##
## Core tests.  ##
## ------------ ##

configure:866: creating cache /dev/null
configure:937: PATH=".;."; conftest.sh
configure[945]: conftest.sh: not found
configure:940: $? = 127
configure:980: checking build system type
configure:998: result: powerpc-unknown-amigaos
configure:1005: checking host system type
configure:1019: result: powerpc-unknown-amigaos
configure:1026: checking target system type
configure:1040: result: powerpc-unknown-amigaos
configure:1065: checking for a BSD compatible install
configure:1114: result: /SDK/Local/C/ginstall -c
configure:1125: checking whether build environment is sane
configure:1168: result: yes
configure:1193: WARNING: `missing' script is too old or missing
configure:1201: checking for mawk
configure:1227: result: no
configure:1201: checking for gawk
configure:1227: result: no
configure:1201: checking for nawk
configure:1216: found /SDK/Local/C/nawk
configure:1224: result: nawk
configure:1234: checking whether /SDK/C/gmake sets ${MAKE}
configure:1254: result: yes
configure:1351: checking for style of include used by /SDK/C/gmake
configure:1378: result: GNU
configure:1425: checking for gcc
configure:1440: found /gcc/bin/gcc
configure:1448: result: gcc
configure:1676: checking for C compiler version
configure:1679: gcc --version </dev/null >&5
gcc (GCC) 4.0.2 (AmigaOS build 20051012)
Copyright (C) 2005 Free Software Foundation, Inc.
This is free software; see the source for copying conditions.  There is NO
warranty; not even for MERCHANTABILITY or FITNESS FOR A PARTICULAR PURPOSE.

configure:1682: $? = 0
configure:1684: gcc -v </dev/null >&5
Reading specs from Bub:SDK/gcc/bin/../lib/gcc/ppc-amigaos/4.0.2/specs
Target: ppc-amigaos
Configured with: ../gcc-4.0.2/configure --host=ppc-amigaos --target=ppc-amigaos --build=i686-cygwin --prefix=/gcc --enable-languages=c,c++,objc --enable-haifa --enable-sjlj-exceptions --disable-shared --disable-libstdcxx-pch
Thread model: single
gcc version 4.0.2 (AmigaOS build 20051012)
configure:1687: $? = 0
configure:1689: gcc -V </dev/null >&5
gcc: '-V' option must have argument
configure:1692: $? = 1
configure:1712: checking for C compiler default output
configure:1715: gcc -mcrt=newlib -mcrt=newlib -mcrt=newlib conftest.c -lSDL_image -lpng -ljpeg -lz -lunix >&5
configure:1718: $? = 0
configure:1747: result: a.out
configure:1752: checking whether the C compiler works
configure:1758: ./a.out
configure:1761: $? = 0
configure:1776: result: yes
configure:1783: checking whether we are cross compiling
configure:1785: result: no
configure:1788: checking for executable suffix
configure:1790: gcc -o conftest -mcrt=newlib -mcrt=newlib -mcrt=newlib conftest.c -lSDL_image -lpng -ljpeg -lz -lunix >&5
configure:1793: $? = 0
configure:1815: result: 
configure:1821: checking for object suffix
configure:1839: gcc -c -mcrt=newlib -mcrt=newlib conftest.c >&5
configure:1842: $? = 0
configure:1861: result: o
configure:1865: checking whether we are using the GNU C compiler
configure:1886: gcc -c -mcrt=newlib -mcrt=newlib conftest.c >&5
configure:1889: $? = 0
configure:1892: test -s conftest.o
configure:1895: $? = 0
configure:1907: result: yes
configure:1913: checking whether gcc accepts -g
configure:1931: gcc -c -g -mcrt=newlib conftest.c >&5
configure:1934: $? = 0
configure:1937: test -s conftest.o
configure:1940: $? = 0
configure:1950: result: yes
configure:1977: gcc -c -mcrt=newlib -mcrt=newlib conftest.c >&5
conftest.c:2: error: syntax error before 'me'
configure:1980: $? = 1
configure: failed program was:
#ifndef __cplusplus
  choke me
#endif
configure:2080: checking dependency style of gcc
configure:2142: result: none
configure:2151: checking how to run the C preprocessor
configure:2177: gcc -E -mcrt=newlib conftest.c
configure:2183: $? = 0
configure:2210: gcc -E -mcrt=newlib conftest.c
configure:2207:28: error: ac_nonexistent.h: No such file or directory
configure:2216: $? = 1
configure: failed program was:
#line 2206 "configure"
#include "confdefs.h"
#include <ac_nonexistent.h>
configure:2253: result: gcc -E
configure:2268: gcc -E -mcrt=newlib conftest.c
configure:2274: $? = 0
configure:2301: gcc -E -mcrt=newlib conftest.c
configure:2298:28: error: ac_nonexistent.h: No such file or directory
configure:2307: $? = 1
configure: failed program was:
#line 2297 "configure"
#include "confdefs.h"
#include <ac_nonexistent.h>
configure:2346: checking for X
configure:2447: gcc -E -mcrt=newlib conftest.c
configure:2444:27: error: X11/Intrinsic.h: No such file or directory
configure:2453: $? = 1
configure: failed program was:
#line 2443 "configure"
#include "confdefs.h"
#include <X11/Intrinsic.h>
configure:2498: gcc -o conftest -mcrt=newlib -mcrt=newlib -mcrt=newlib conftest.c -lXt -lSDL_image -lpng -ljpeg -lz -lunix >&5
configure:2487:27: error: X11/Intrinsic.h: No such file or directory
configure:2501: $? = 1
configure: failed program was:
#line 2486 "configure"
#include "confdefs.h"
#include <X11/Intrinsic.h>
int
main ()
{
XtMalloc (0)
  ;
  return 0;
}
configure:2545: result: no
configure:3420: checking target platform
configure:3478: result: Unknown (assuming Un*x-like)
configure:3533: checking for gcc
configure:3556: result: gcc
configure:3784: checking for C compiler version
configure:3787: gcc --version </dev/null >&5
gcc (GCC) 4.0.2 (AmigaOS build 20051012)
Copyright (C) 2005 Free Software Foundation, Inc.
This is free software; see the source for copying conditions.  There is NO
warranty; not even for MERCHANTABILITY or FITNESS FOR A PARTICULAR PURPOSE.

configure:3790: $? = 0
configure:3792: gcc -v </dev/null >&5
Reading specs from Bub:SDK/gcc/bin/../lib/gcc/ppc-amigaos/4.0.2/specs
Target: ppc-amigaos
Configured with: ../gcc-4.0.2/configure --host=ppc-amigaos --target=ppc-amigaos --build=i686-cygwin --prefix=/gcc --enable-languages=c,c++,objc --enable-haifa --enable-sjlj-exceptions --disable-shared --disable-libstdcxx-pch
Thread model: single
gcc version 4.0.2 (AmigaOS build 20051012)
configure:3795: $? = 0
configure:3797: gcc -V </dev/null >&5
gcc: '-V' option must have argument
configure:3800: $? = 1
configure:3803: checking whether we are using the GNU C compiler
configure:3845: result: yes
configure:3851: checking whether gcc accepts -g
configure:3888: result: yes
configure:3915: gcc -c -mcrt=newlib -mcrt=newlib conftest.c >&5
conftest.c:2: error: syntax error before 'me'
configure:3918: $? = 1
configure: failed program was:
#ifndef __cplusplus
  choke me
#endif
configure:4018: checking dependency style of gcc
configure:4080: result: none
configure:4089: checking how to run the C preprocessor
configure:4191: result: gcc -E
configure:4206: gcc -E -mcrt=newlib conftest.c
configure:4212: $? = 0
configure:4239: gcc -E -mcrt=newlib conftest.c
configure:4236:28: error: ac_nonexistent.h: No such file or directory
configure:4245: $? = 1
configure: failed program was:
#line 4235 "configure"
#include "confdefs.h"
#include <ac_nonexistent.h>
configure:4324: checking for sdl-config
configure:4341: found /SDK/Local/newlib/bin/sdl-config
configure:4353: result: /SDK/Local/newlib/bin/sdl-config
configure:4361: checking for SDL - version >= 1.2.0
configure:4447: gcc -o conftest -mcrt=newlib -I/SDK/Local/common/include/SDL -mcrt=newlib -mcrt=newlib conftest.c -lSDL_image -lpng -ljpeg -lz -lunix -L/SDK/Local/newlib/lib -lGL -lGLU -lSDL -lauto -lpthread -lm -lm -lstdc++ >&5
configure:4450: $? = 0
configure:4452: ./conftest
configure:4455: $? = 0
configure:4471: result: yes
configure:4555: checking for SDL/SDL_opengl.h
configure:4565: gcc -E -mcrt=newlib conftest.c
configure:4571: $? = 0
configure:4590: result: yes
configure:4600: checking for OpenGL support
configure:4625: gcc -c -mcrt=newlib -mcrt=newlib conftest.c >&5
configure:4628: $? = 0
configure:4631: test -s conftest.o
configure:4634: $? = 0
configure:4644: result: yes
configure:4767: creating ./config.status

## ----------------------- ##
## Running config.status.  ##
## ----------------------- ##

This file was extended by config.status 2.52, executed with
  CONFIG_FILES    = 
  CONFIG_HEADERS  = 
  CONFIG_LINKS    = 
  CONFIG_COMMANDS = 
  > ./config.status 
on localhost

config.status:5250: creating Makefile

## ----------------- ##
## Cache variables.  ##
## ----------------- ##

ac_cv_build=powerpc-unknown-amigaos
ac_cv_build_alias=ppc-unknown-amigaos
ac_cv_c_compiler_gnu=yes
ac_cv_env_CC_set=
ac_cv_env_CC_value=
ac_cv_env_CFLAGS_set=set
ac_cv_env_CFLAGS_value=-mcrt=newlib
ac_cv_env_CPPFLAGS_set=set
ac_cv_env_CPPFLAGS_value=-mcrt=newlib
ac_cv_env_CPP_set=
ac_cv_env_CPP_value=
ac_cv_env_LDFLAGS_set=set
ac_cv_env_LDFLAGS_value=-mcrt=newlib
ac_cv_env_build_alias_set=
ac_cv_env_build_alias_value=
ac_cv_env_host_alias_set=
ac_cv_env_host_alias_value=
ac_cv_env_target_alias_set=
ac_cv_env_target_alias_value=
ac_cv_have_x=have_x=no
ac_cv_header_SDL_SDL_opengl_h=yes
ac_cv_host=powerpc-unknown-amigaos
ac_cv_host_alias=ppc-unknown-amigaos
ac_cv_objext=o
ac_cv_path_SDL_CONFIG=/SDK/Local/newlib/bin/sdl-config
ac_cv_path_install='/SDK/Local/C/ginstall -c'
ac_cv_prog_AWK=nawk
ac_cv_prog_CPP='gcc -E'
ac_cv_prog_ac_ct_CC=gcc
ac_cv_prog_cc_g=yes
ac_cv_prog_make__SDK_C_gmake_set=yes
ac_cv_target=powerpc-unknown-amigaos
ac_cv_target_alias=ppc-unknown-amigaos
am_cv_CC_dependencies_compiler_type=none

## ------------ ##
## confdefs.h.  ##
## ------------ ##

#define PACKAGE "smoothscroll"
#define VERSION "1.1"
#define X_DISPLAY_MISSING 1
#define HAVE_SDL_SDL_OPENGL_H 1


configure: exit 0
