This file contains any messages produced by compilers while
running configure, to aid debugging if configure makes a mistake.

It was created by configure, which was
generated by GNU Autoconf 2.60.  Invocation command line was

  $ ./configure CPPFLAGS=-I/usr/local/include

## --------- ##
## Platform. ##
## --------- ##

hostname = pegasos2_26
uname -m = powerpc
uname -r = 2.5
uname -s = MorphOS
uname -v = 51.37

/usr/bin/uname -p = unknown
/bin/uname -X     = unknown

/bin/arch              = unknown
/usr/bin/arch -k       = unknown
/usr/convex/getsysinfo = unknown
/usr/bin/hostinfo      = unknown
/bin/machine           = unknown
/usr/bin/oslevel       = unknown
/bin/universe          = unknown

PATH: .
PATH: /bin
PATH: /usr/bin
PATH: /usr/local/bin
PATH: /mossys/c
PATH: /c
PATH: .


## ----------- ##
## Core tests. ##
## ----------- ##

configure:1817: checking for a BSD-compatible install
configure:1873: result: /bin/install -c
configure:1884: checking whether build environment is sane
configure:1927: result: yes
configure:1992: checking for gawk
configure:2008: found /bin/gawk
configure:2019: result: gawk
configure:2030: checking whether make sets $(MAKE)
configure:2051: result: yes
configure:2285: checking for gcc
configure:2301: found /bin/gcc
configure:2312: result: gcc
configure:2550: checking for C compiler version
configure:2557: gcc --version >&5
2.95.3
configure:2560: $? = 0
configure:2567: gcc -v >&5
Reading specs from /gg/lib/gcc-lib/ppc-morphos/2.95.3/specs
gcc version 2.95.3 20050425 (release/emm-zapek-cisc)
configure:2570: $? = 0
configure:2577: gcc -V >&5
gcc: argument to `-V' is missing
configure:2580: $? = 1
configure:2603: checking for C compiler default output file name
configure:2630: gcc  -I/usr/local/include  conftest.c  >&5
configure:2633: $? = 0
configure:2679: result: a.out
configure:2684: checking whether the C compiler works
configure:2694: ./a.out
configure:2697: $? = 0
configure:2714: result: yes
configure:2721: checking whether we are cross compiling
configure:2723: result: no
configure:2726: checking for suffix of executables
configure:2733: gcc -o conftest  -I/usr/local/include  conftest.c  >&5
configure:2736: $? = 0
configure:2760: result: 
configure:2766: checking for suffix of object files
configure:2792: gcc -c  -I/usr/local/include conftest.c >&5
configure:2795: $? = 0
configure:2818: result: o
configure:2822: checking whether we are using the GNU C compiler
configure:2851: gcc -c  -I/usr/local/include conftest.c >&5
configure:2857: $? = 0
configure:2864: test -z "$ac_c_werror_flag" || test ! -s conftest.err
configure:2867: $? = 0
configure:2874: test -s conftest.o
configure:2877: $? = 0
configure:2891: result: yes
configure:2896: checking whether gcc accepts -g
configure:2926: gcc -c -g -I/usr/local/include conftest.c >&5
configure:2932: $? = 0
configure:2939: test -z "$ac_c_werror_flag" || test ! -s conftest.err
configure:2942: $? = 0
configure:2949: test -s conftest.o
configure:2952: $? = 0
configure:3082: result: yes
configure:3099: checking for gcc option to accept ISO C89
configure:3173: gcc  -c -g -O2 -I/usr/local/include conftest.c >&5
configure:3179: $? = 0
configure:3186: test -z "$ac_c_werror_flag" || test ! -s conftest.err
configure:3189: $? = 0
configure:3196: test -s conftest.o
configure:3199: $? = 0
configure:3219: result: none needed
configure:3248: checking for style of include used by make
configure:3276: result: GNU
configure:3304: checking dependency style of gcc
configure:3394: result: gcc
configure:3416: checking how to run the C preprocessor
configure:3456: gcc -E -I/usr/local/include conftest.c
configure:3462: $? = 0
configure:3500: gcc -E -I/usr/local/include conftest.c
conftest.c:10: ac_nonexistent.h: No such file or directory
configure:3506: $? = 1
configure: failed program was:
| /* confdefs.h.  */
| #define PACKAGE_NAME ""
| #define PACKAGE_TARNAME ""
| #define PACKAGE_VERSION ""
| #define PACKAGE_STRING ""
| #define PACKAGE_BUGREPORT ""
| #define PACKAGE "plib_examples"
| #define VERSION "1.8.5"
| /* end confdefs.h.  */
| #include <ac_nonexistent.h>
configure:3546: result: gcc -E
configure:3575: gcc -E -I/usr/local/include conftest.c
configure:3581: $? = 0
configure:3619: gcc -E -I/usr/local/include conftest.c
conftest.c:10: ac_nonexistent.h: No such file or directory
configure:3625: $? = 1
configure: failed program was:
| /* confdefs.h.  */
| #define PACKAGE_NAME ""
| #define PACKAGE_TARNAME ""
| #define PACKAGE_VERSION ""
| #define PACKAGE_STRING ""
| #define PACKAGE_BUGREPORT ""
| #define PACKAGE "plib_examples"
| #define VERSION "1.8.5"
| /* end confdefs.h.  */
| #include <ac_nonexistent.h>
configure:3727: checking for g++
configure:3743: found /bin/g++
configure:3754: result: g++
configure:3785: checking for C++ compiler version
configure:3792: g++ --version >&5
2.95.3
configure:3795: $? = 0
configure:3802: g++ -v >&5
Reading specs from /gg/lib/gcc-lib/ppc-morphos/2.95.3/specs
gcc version 2.95.3 20050425 (release/emm-zapek-cisc)
configure:3805: $? = 0
configure:3812: g++ -V >&5
g++: argument to `-V' missing

configure:3815: $? = 1
configure:3818: checking whether we are using the GNU C++ compiler
configure:3847: g++ -c  -I/usr/local/include conftest.cpp >&5
configure:3853: $? = 0
configure:3860: test -z "$ac_cxx_werror_flag" || test ! -s conftest.err
configure:3863: $? = 0
configure:3870: test -s conftest.o
configure:3873: $? = 0
configure:3887: result: yes
configure:3892: checking whether g++ accepts -g
configure:3922: g++ -c -g -I/usr/local/include conftest.cpp >&5
configure:3928: $? = 0
configure:3935: test -z "$ac_cxx_werror_flag" || test ! -s conftest.err
configure:3938: $? = 0
configure:3945: test -s conftest.o
configure:3948: $? = 0
configure:4078: result: yes
configure:4103: checking dependency style of g++
configure:4193: result: gcc
configure:4215: checking how to run the C++ preprocessor
configure:4251: g++ -E -I/usr/local/include conftest.cpp
configure:4257: $? = 0
configure:4295: g++ -E -I/usr/local/include conftest.cpp
conftest.cpp:10: ac_nonexistent.h: No such file or directory
configure:4301: $? = 1
configure: failed program was:
| /* confdefs.h.  */
| #define PACKAGE_NAME ""
| #define PACKAGE_TARNAME ""
| #define PACKAGE_VERSION ""
| #define PACKAGE_STRING ""
| #define PACKAGE_BUGREPORT ""
| #define PACKAGE "plib_examples"
| #define VERSION "1.8.5"
| /* end confdefs.h.  */
| #include <ac_nonexistent.h>
configure:4341: result: g++ -E
configure:4370: g++ -E -I/usr/local/include conftest.cpp
configure:4376: $? = 0
configure:4414: g++ -E -I/usr/local/include conftest.cpp
conftest.cpp:10: ac_nonexistent.h: No such file or directory
configure:4420: $? = 1
configure: failed program was:
| /* confdefs.h.  */
| #define PACKAGE_NAME ""
| #define PACKAGE_TARNAME ""
| #define PACKAGE_VERSION ""
| #define PACKAGE_STRING ""
| #define PACKAGE_BUGREPORT ""
| #define PACKAGE "plib_examples"
| #define VERSION "1.8.5"
| /* end confdefs.h.  */
| #include <ac_nonexistent.h>
configure:4477: checking for a BSD-compatible install
configure:4533: result: /bin/install -c
configure:4765: checking build system type
configure:4783: result: powerpc-unknown-morphos
configure:4805: checking host system type
configure:4820: result: powerpc-unknown-morphos
configure:4872: checking for X
configure:4987: g++ -E -I/usr/local/include conftest.cpp
conftest.cpp:10: X11/Xlib.h: No such file or directory
configure:4993: $? = 1
configure: failed program was:
| /* confdefs.h.  */
| #define PACKAGE_NAME ""
| #define PACKAGE_TARNAME ""
| #define PACKAGE_VERSION ""
| #define PACKAGE_STRING ""
| #define PACKAGE_BUGREPORT ""
| #define PACKAGE "plib_examples"
| #define VERSION "1.8.5"
| /* end confdefs.h.  */
| #include <X11/Xlib.h>
configure:5049: g++ -o conftest -g -O2 -I/usr/local/include  conftest.cpp -lXt  >&5
conftest.cpp:10: X11/Xlib.h: No such file or directory
configure:5055: $? = 1
configure: failed program was:
| /* confdefs.h.  */
| #define PACKAGE_NAME ""
| #define PACKAGE_TARNAME ""
| #define PACKAGE_VERSION ""
| #define PACKAGE_STRING ""
| #define PACKAGE_BUGREPORT ""
| #define PACKAGE "plib_examples"
| #define VERSION "1.8.5"
| /* end confdefs.h.  */
| #include <X11/Xlib.h>
| int
| main ()
| {
| XrmInitialize ()
|   ;
|   return 0;
| }
configure:5119: result: no
configure:6467: checking for pthread_create in -lpthread
configure:6502: g++ -o conftest -g -O2 -I/usr/local/include   conftest.cpp -lpthread   >&5
configure:6508: $? = 0
configure:6515: test -z "$ac_cxx_werror_flag" || test ! -s conftest.err
configure:6518: $? = 0
configure:6525: test -s conftest
configure:6528: $? = 0
configure:6542: result: yes
configure:6554: checking for glNewList in -lGL
configure:6589: g++ -o conftest -g -O2 -I/usr/local/include   conftest.cpp -lGL   -lm -lpthread  >&5
configure:6595: $? = 0
configure:6602: test -z "$ac_cxx_werror_flag" || test ! -s conftest.err
configure:6605: $? = 0
configure:6612: test -s conftest
configure:6615: $? = 0
configure:6629: result: yes
configure:6723: checking for gluLookAt in -lGLU
configure:6758: g++ -o conftest -g -O2 -I/usr/local/include   conftest.cpp -lGLU -lGL   -lm -lpthread  >&5
configure:6764: $? = 0
configure:6771: test -z "$ac_cxx_werror_flag" || test ! -s conftest.err
configure:6774: $? = 0
configure:6781: test -s conftest
configure:6784: $? = 0
configure:6798: result: yes
configure:6893: checking for glutGetModifiers in -lfreeglut
configure:6928: g++ -o conftest -g -O2 -I/usr/local/include   conftest.cpp -lfreeglut -lGLU -lGL   -lm -lpthread  >&5
/gg/ppc-morphos/bin/ld: cannot open -lfreeglut: No such file or directory
collect2: ld returned 1 exit status
configure:6934: $? = 1
configure: failed program was:
| /* confdefs.h.  */
| #define PACKAGE_NAME ""
| #define PACKAGE_TARNAME ""
| #define PACKAGE_VERSION ""
| #define PACKAGE_STRING ""
| #define PACKAGE_BUGREPORT ""
| #define PACKAGE "plib_examples"
| #define VERSION "1.8.5"
| #define X_DISPLAY_MISSING 1
| #define HAVE_LIBPTHREAD 1
| /* end confdefs.h.  */
| 
| /* Override any GCC internal prototype to avoid an error.
|    Use char because int might match the return type of a GCC
|    builtin and then its argument prototype would still apply.  */
| #ifdef __cplusplus
| extern "C"
| #endif
| char glutGetModifiers ();
| int
| main ()
| {
| return glutGetModifiers ();
|   ;
|   return 0;
| }
configure:6968: result: no
configure:6975: checking for glutGetModifiers in -lglut
configure:7010: g++ -o conftest -g -O2 -I/usr/local/include   conftest.cpp -lglut -lGLU -lGL   -lm -lpthread  >&5
configure:7016: $? = 0
configure:7023: test -z "$ac_cxx_werror_flag" || test ! -s conftest.err
configure:7026: $? = 0
configure:7033: test -s conftest
configure:7036: $? = 0
configure:7050: result: yes
configure:7064: checking for dlclose in -ldl
configure:7099: g++ -o conftest -g -O2 -I/usr/local/include   conftest.cpp -ldl  -lpthread  >&5
/gg/ppc-morphos/bin/ld: cannot open -ldl: No such file or directory
collect2: ld returned 1 exit status
configure:7105: $? = 1
configure: failed program was:
| /* confdefs.h.  */
| #define PACKAGE_NAME ""
| #define PACKAGE_TARNAME ""
| #define PACKAGE_VERSION ""
| #define PACKAGE_STRING ""
| #define PACKAGE_BUGREPORT ""
| #define PACKAGE "plib_examples"
| #define VERSION "1.8.5"
| #define X_DISPLAY_MISSING 1
| #define HAVE_LIBPTHREAD 1
| /* end confdefs.h.  */
| 
| /* Override any GCC internal prototype to avoid an error.
|    Use char because int might match the return type of a GCC
|    builtin and then its argument prototype would still apply.  */
| #ifdef __cplusplus
| extern "C"
| #endif
| char dlclose ();
| int
| main ()
| {
| return dlclose ();
|   ;
|   return 0;
| }
configure:7139: result: no
configure:7151: checking for ALopenport in -laudio
configure:7186: g++ -o conftest -g -O2 -I/usr/local/include   conftest.cpp -laudio  -lpthread  >&5
/gg/ppc-morphos/bin/ld: cannot open -laudio: No such file or directory
collect2: ld returned 1 exit status
configure:7192: $? = 1
configure: failed program was:
| /* confdefs.h.  */
| #define PACKAGE_NAME ""
| #define PACKAGE_TARNAME ""
| #define PACKAGE_VERSION ""
| #define PACKAGE_STRING ""
| #define PACKAGE_BUGREPORT ""
| #define PACKAGE "plib_examples"
| #define VERSION "1.8.5"
| #define X_DISPLAY_MISSING 1
| #define HAVE_LIBPTHREAD 1
| /* end confdefs.h.  */
| 
| /* Override any GCC internal prototype to avoid an error.
|    Use char because int might match the return type of a GCC
|    builtin and then its argument prototype would still apply.  */
| #ifdef __cplusplus
| extern "C"
| #endif
| char ALopenport ();
| int
| main ()
| {
| return ALopenport ();
|   ;
|   return 0;
| }
configure:7226: result: no
configure:7235: checking for ulInit in -lplibul
configure:7270: g++ -o conftest -g -O2 -I/usr/local/include   conftest.cpp -lplibul  -lpthread  >&5
configure:7276: $? = 0
configure:7283: test -z "$ac_cxx_werror_flag" || test ! -s conftest.err
configure:7286: $? = 0
configure:7293: test -s conftest
configure:7296: $? = 0
configure:7310: result: yes
configure:7328: checking for grep that handles long lines and -e
configure:7402: result: /bin/grep
configure:7407: checking for egrep
configure:7485: result: /bin/grep -E
configure:7490: checking for ANSI C header files
configure:7520: g++ -c -g -O2 -I/usr/local/include conftest.cpp >&5
configure:7526: $? = 0
configure:7533: test -z "$ac_cxx_werror_flag" || test ! -s conftest.err
configure:7536: $? = 0
configure:7543: test -s conftest.o
configure:7546: $? = 0
configure:7642: g++ -o conftest -g -O2 -I/usr/local/include   conftest.cpp -lpthread  >&5
configure:7645: $? = 0
configure:7651: ./conftest
configure:7654: $? = 0
configure:7671: result: yes
configure:7696: checking for sys/types.h
configure:7717: g++ -c -g -O2 -I/usr/local/include conftest.cpp >&5
configure:7723: $? = 0
configure:7730: test -z "$ac_cxx_werror_flag" || test ! -s conftest.err
configure:7733: $? = 0
configure:7740: test -s conftest.o
configure:7743: $? = 0
configure:7756: result: yes
configure:7696: checking for sys/stat.h
configure:7717: g++ -c -g -O2 -I/usr/local/include conftest.cpp >&5
configure:7723: $? = 0
configure:7730: test -z "$ac_cxx_werror_flag" || test ! -s conftest.err
configure:7733: $? = 0
configure:7740: test -s conftest.o
configure:7743: $? = 0
configure:7756: result: yes
configure:7696: checking for stdlib.h
configure:7717: g++ -c -g -O2 -I/usr/local/include conftest.cpp >&5
configure:7723: $? = 0
configure:7730: test -z "$ac_cxx_werror_flag" || test ! -s conftest.err
configure:7733: $? = 0
configure:7740: test -s conftest.o
configure:7743: $? = 0
configure:7756: result: yes
configure:7696: checking for string.h
configure:7717: g++ -c -g -O2 -I/usr/local/include conftest.cpp >&5
configure:7723: $? = 0
configure:7730: test -z "$ac_cxx_werror_flag" || test ! -s conftest.err
configure:7733: $? = 0
configure:7740: test -s conftest.o
configure:7743: $? = 0
configure:7756: result: yes
configure:7696: checking for memory.h
configure:7717: g++ -c -g -O2 -I/usr/local/include conftest.cpp >&5
configure:7723: $? = 0
configure:7730: test -z "$ac_cxx_werror_flag" || test ! -s conftest.err
configure:7733: $? = 0
configure:7740: test -s conftest.o
configure:7743: $? = 0
configure:7756: result: yes
configure:7696: checking for strings.h
configure:7717: g++ -c -g -O2 -I/usr/local/include conftest.cpp >&5
configure:7723: $? = 0
configure:7730: test -z "$ac_cxx_werror_flag" || test ! -s conftest.err
configure:7733: $? = 0
configure:7740: test -s conftest.o
configure:7743: $? = 0
configure:7756: result: yes
configure:7696: checking for inttypes.h
configure:7717: g++ -c -g -O2 -I/usr/local/include conftest.cpp >&5
configure:7723: $? = 0
configure:7730: test -z "$ac_cxx_werror_flag" || test ! -s conftest.err
configure:7733: $? = 0
configure:7740: test -s conftest.o
configure:7743: $? = 0
configure:7756: result: yes
configure:7696: checking for stdint.h
configure:7717: g++ -c -g -O2 -I/usr/local/include conftest.cpp >&5
configure:7723: $? = 0
configure:7730: test -z "$ac_cxx_werror_flag" || test ! -s conftest.err
configure:7733: $? = 0
configure:7740: test -s conftest.o
configure:7743: $? = 0
configure:7756: result: yes
configure:7696: checking for unistd.h
configure:7717: g++ -c -g -O2 -I/usr/local/include conftest.cpp >&5
configure:7723: $? = 0
configure:7730: test -z "$ac_cxx_werror_flag" || test ! -s conftest.err
configure:7733: $? = 0
configure:7740: test -s conftest.o
configure:7743: $? = 0
configure:7756: result: yes
configure:7778: checking windows.h usability
configure:7795: g++ -c -g -O2 -I/usr/local/include conftest.cpp >&5
conftest.cpp:55: windows.h: No such file or directory
configure:7801: $? = 1
configure: failed program was:
| /* confdefs.h.  */
| #define PACKAGE_NAME ""
| #define PACKAGE_TARNAME ""
| #define PACKAGE_VERSION ""
| #define PACKAGE_STRING ""
| #define PACKAGE_BUGREPORT ""
| #define PACKAGE "plib_examples"
| #define VERSION "1.8.5"
| #define X_DISPLAY_MISSING 1
| #define HAVE_LIBPTHREAD 1
| #define STDC_HEADERS 1
| #define HAVE_SYS_TYPES_H 1
| #define HAVE_SYS_STAT_H 1
| #define HAVE_STDLIB_H 1
| #define HAVE_STRING_H 1
| #define HAVE_MEMORY_H 1
| #define HAVE_STRINGS_H 1
| #define HAVE_INTTYPES_H 1
| #define HAVE_STDINT_H 1
| #define HAVE_UNISTD_H 1
| /* end confdefs.h.  */
| #include <stdio.h>
| #if HAVE_SYS_TYPES_H
| # include <sys/types.h>
| #endif
| #if HAVE_SYS_STAT_H
| # include <sys/stat.h>
| #endif
| #if STDC_HEADERS
| # include <stdlib.h>
| # include <stddef.h>
| #else
| # if HAVE_STDLIB_H
| #  include <stdlib.h>
| # endif
| #endif
| #if HAVE_STRING_H
| # if !STDC_HEADERS && HAVE_MEMORY_H
| #  include <memory.h>
| # endif
| # include <string.h>
| #endif
| #if HAVE_STRINGS_H
| # include <strings.h>
| #endif
| #if HAVE_INTTYPES_H
| # include <inttypes.h>
| #endif
| #if HAVE_STDINT_H
| # include <stdint.h>
| #endif
| #if HAVE_UNISTD_H
| # include <unistd.h>
| #endif
| #include <windows.h>
configure:7832: result: no
configure:7836: checking windows.h presence
configure:7851: g++ -E -I/usr/local/include conftest.cpp
conftest.cpp:22: windows.h: No such file or directory
configure:7857: $? = 1
configure: failed program was:
| /* confdefs.h.  */
| #define PACKAGE_NAME ""
| #define PACKAGE_TARNAME ""
| #define PACKAGE_VERSION ""
| #define PACKAGE_STRING ""
| #define PACKAGE_BUGREPORT ""
| #define PACKAGE "plib_examples"
| #define VERSION "1.8.5"
| #define X_DISPLAY_MISSING 1
| #define HAVE_LIBPTHREAD 1
| #define STDC_HEADERS 1
| #define HAVE_SYS_TYPES_H 1
| #define HAVE_SYS_STAT_H 1
| #define HAVE_STDLIB_H 1
| #define HAVE_STRING_H 1
| #define HAVE_MEMORY_H 1
| #define HAVE_STRINGS_H 1
| #define HAVE_INTTYPES_H 1
| #define HAVE_STDINT_H 1
| #define HAVE_UNISTD_H 1
| /* end confdefs.h.  */
| #include <windows.h>
configure:7878: result: no
configure:7906: checking for windows.h
configure:7913: result: no
configure:8614: checking GL/gl.h usability
configure:8631: g++ -c -g -O2 -I/usr/local/include conftest.cpp >&5
configure:8637: $? = 0
configure:8644: test -z "$ac_cxx_werror_flag" || test ! -s conftest.err
configure:8647: $? = 0
configure:8654: test -s conftest.o
configure:8657: $? = 0
configure:8668: result: yes
configure:8672: checking GL/gl.h presence
configure:8687: g++ -E -I/usr/local/include conftest.cpp
configure:8693: $? = 0
configure:8714: result: yes
configure:8742: checking for GL/gl.h
configure:8750: result: yes
configure:8614: checking GL/glu.h usability
configure:8631: g++ -c -g -O2 -I/usr/local/include conftest.cpp >&5
configure:8637: $? = 0
configure:8644: test -z "$ac_cxx_werror_flag" || test ! -s conftest.err
configure:8647: $? = 0
configure:8654: test -s conftest.o
configure:8657: $? = 0
configure:8668: result: yes
configure:8672: checking GL/glu.h presence
configure:8687: g++ -E -I/usr/local/include conftest.cpp
configure:8693: $? = 0
configure:8714: result: yes
configure:8742: checking for GL/glu.h
configure:8750: result: yes
configure:8941: checking GL/glut.h usability
configure:8958: g++ -c -g -O2 -I/usr/local/include conftest.cpp >&5
configure:8964: $? = 0
configure:8971: test -z "$ac_cxx_werror_flag" || test ! -s conftest.err
configure:8974: $? = 0
configure:8981: test -s conftest.o
configure:8984: $? = 0
configure:8995: result: yes
configure:8999: checking GL/glut.h presence
configure:9014: g++ -E -I/usr/local/include conftest.cpp
configure:9020: $? = 0
configure:9041: result: yes
configure:9069: checking for GL/glut.h
configure:9076: result: yes
configure:9107: checking plib/ul.h usability
configure:9124: g++ -c -g -O2 -I/usr/local/include conftest.cpp >&5
configure:9130: $? = 0
configure:9137: test -z "$ac_cxx_werror_flag" || test ! -s conftest.err
configure:9140: $? = 0
configure:9147: test -s conftest.o
configure:9150: $? = 0
configure:9161: result: yes
configure:9165: checking plib/ul.h presence
configure:9180: g++ -E -I/usr/local/include conftest.cpp
configure:9186: $? = 0
configure:9207: result: yes
configure:9235: checking for plib/ul.h
configure:9242: result: yes
configure:9498: creating ./config.status

## ---------------------- ##
## Running config.status. ##
## ---------------------- ##

This file was extended by config.status, which was
generated by GNU Autoconf 2.60.  Invocation command line was

  CONFIG_FILES    = 
  CONFIG_HEADERS  = 
  CONFIG_LINKS    = 
  CONFIG_COMMANDS = 
  $ ./config.status 

on pegasos2_26

config.status:10293: creating Makefile
config.status:10293: creating src/Makefile
config.status:10293: creating src/js/Makefile
config.status:10293: creating src/pw/Makefile
config.status:10293: creating src/pui/Makefile
config.status:10293: creating src/sg/Makefile
config.status:10293: creating src/sl/Makefile
config.status:10293: creating src/ssg/Makefile
config.status:10293: creating src/ssg/tux/Makefile
config.status:10293: creating src/ssg/majik/Makefile
config.status:10293: creating src/ssg/load_save/Makefile
config.status:10293: creating src/ssg/state_test/Makefile
config.status:10293: creating src/ssg/tween_test/Makefile
config.status:10293: creating src/ssg/viewer/Makefile
config.status:10293: creating src/ssg/water/Makefile
config.status:10293: creating src/ssg/sky/Makefile
config.status:10293: creating src/ssg/dynamics/Makefile
config.status:10293: creating src/ssg/shrubs/Makefile
config.status:10293: creating src/ssg/shapes/Makefile
config.status:10293: creating src/fnt/Makefile
config.status:10293: creating src/net/Makefile
config.status:10293: creating src/net/client_server/Makefile
config.status:10293: creating src/net/http_get/Makefile
config.status:10293: creating src/net/net_echo/Makefile
config.status:10293: creating src/psl/Makefile
config.status:10293: creating src/util/Makefile
config.status:10484: executing depfiles commands
configure:10657: result: PLIB configuration information:

  Building FNT examples:         yes
  Building JS examples:          yes
  Building PW examples:          yes
  Building NET examples:         yes
  Building PUI examples:         yes
  Building SG examples:          yes
  Building PSL examples:         yes
  Building SL examples:          yes
  Building SSG/ssgAux examples:  yes
  Building UTIL examples:        yes

  Need GLUT:                     yes (found GLUT)


## ---------------- ##
## Cache variables. ##
## ---------------- ##

ac_cv_build=powerpc-unknown-morphos
ac_cv_c_compiler_gnu=yes
ac_cv_cxx_compiler_gnu=yes
ac_cv_env_CCC_set=
ac_cv_env_CCC_value=
ac_cv_env_CC_set=
ac_cv_env_CC_value=
ac_cv_env_CFLAGS_set=
ac_cv_env_CFLAGS_value=
ac_cv_env_CPPFLAGS_set=set
ac_cv_env_CPPFLAGS_value=-I/usr/local/include
ac_cv_env_CPP_set=
ac_cv_env_CPP_value=
ac_cv_env_CXXCPP_set=
ac_cv_env_CXXCPP_value=
ac_cv_env_CXXFLAGS_set=
ac_cv_env_CXXFLAGS_value=
ac_cv_env_CXX_set=
ac_cv_env_CXX_value=
ac_cv_env_LDFLAGS_set=
ac_cv_env_LDFLAGS_value=
ac_cv_env_XMKMF_set=
ac_cv_env_XMKMF_value=
ac_cv_env_build_alias_set=
ac_cv_env_build_alias_value=
ac_cv_env_host_alias_set=
ac_cv_env_host_alias_value=
ac_cv_env_target_alias_set=
ac_cv_env_target_alias_value=
ac_cv_have_x=have_x=no
ac_cv_header_GL_gl_h=yes
ac_cv_header_GL_glu_h=yes
ac_cv_header_GL_glut_h=yes
ac_cv_header_inttypes_h=yes
ac_cv_header_memory_h=yes
ac_cv_header_stdc=yes
ac_cv_header_stdint_h=yes
ac_cv_header_stdlib_h=yes
ac_cv_header_string_h=yes
ac_cv_header_strings_h=yes
ac_cv_header_sys_stat_h=yes
ac_cv_header_sys_types_h=yes
ac_cv_header_unistd_h=yes
ac_cv_header_windows_h=no
ac_cv_host=powerpc-unknown-morphos
ac_cv_lib_GLU_gluLookAt=yes
ac_cv_lib_GL_glNewList=yes
ac_cv_lib_audio_ALopenport=no
ac_cv_lib_dl_dlclose=no
ac_cv_lib_freeglut_glutGetModifiers=no
ac_cv_lib_glut_glutGetModifiers=yes
ac_cv_lib_plibul_ulInit=yes
ac_cv_lib_pthread_pthread_create=yes
ac_cv_objext=o
ac_cv_path_EGREP='/bin/grep -E'
ac_cv_path_GREP=/bin/grep
ac_cv_path_install='/bin/install -c'
ac_cv_prog_AWK=gawk
ac_cv_prog_CPP='gcc -E'
ac_cv_prog_CXXCPP='g++ -E'
ac_cv_prog_ac_ct_CC=gcc
ac_cv_prog_ac_ct_CXX=g++
ac_cv_prog_cc_c89=
ac_cv_prog_cc_g=yes
ac_cv_prog_cxx_g=yes
ac_cv_prog_make_make_set=yes
ai_cv_header_plib_ul_h=yes
am_cv_CC_dependencies_compiler_type=gcc
am_cv_CXX_dependencies_compiler_type=gcc

## ----------------- ##
## Output variables. ##
## ----------------- ##

ACLOCAL='${SHELL} /RAM/plib_examples-1.8.5/missing --run aclocal-1.9'
AMDEPBACKSLASH='\'
AMDEP_FALSE='#'
AMDEP_TRUE=''
AMTAR='${SHELL} /RAM/plib_examples-1.8.5/missing --run tar'
AUTOCONF='${SHELL} /RAM/plib_examples-1.8.5/missing --run autoconf'
AUTOHEADER='${SHELL} /RAM/plib_examples-1.8.5/missing --run autoheader'
AUTOMAKE='${SHELL} /RAM/plib_examples-1.8.5/missing --run automake-1.9'
AWK='gawk'
BUILD_FNT_FALSE='#'
BUILD_FNT_TRUE=''
BUILD_JS_FALSE='#'
BUILD_JS_TRUE=''
BUILD_NET_FALSE='#'
BUILD_NET_TRUE=''
BUILD_PSL_FALSE='#'
BUILD_PSL_TRUE=''
BUILD_PUI_FALSE='#'
BUILD_PUI_TRUE=''
BUILD_PW_FALSE='#'
BUILD_PW_TRUE=''
BUILD_SG_FALSE='#'
BUILD_SG_TRUE=''
BUILD_SL_FALSE='#'
BUILD_SL_TRUE=''
BUILD_SSG_FALSE='#'
BUILD_SSG_TRUE=''
BUILD_UL_FALSE='#'
BUILD_UL_TRUE=''
CC='gcc'
CCDEPMODE='depmode=gcc'
CFLAGS='-g -O2 -Wall'
CPP='gcc -E'
CPPFLAGS='-I/usr/local/include'
CXX='g++'
CXXCPP='g++ -E'
CXXDEPMODE='depmode=gcc'
CXXFLAGS='-g -O2 -Wall'
CYGPATH_W='echo'
DEFS='-DPACKAGE_NAME=\"\" -DPACKAGE_TARNAME=\"\" -DPACKAGE_VERSION=\"\" -DPACKAGE_STRING=\"\" -DPACKAGE_BUGREPORT=\"\" -DPACKAGE=\"plib_examples\" -DVERSION=\"1.8.5\" -DX_DISPLAY_MISSING=1 -DHAVE_LIBPTHREAD=1 -DSTDC_HEADERS=1 -DHAVE_SYS_TYPES_H=1 -DHAVE_SYS_STAT_H=1 -DHAVE_STDLIB_H=1 -DHAVE_STRING_H=1 -DHAVE_MEMORY_H=1 -DHAVE_STRINGS_H=1 -DHAVE_INTTYPES_H=1 -DHAVE_STDINT_H=1 -DHAVE_UNISTD_H=1 -DHAVE_GL_GL_H=1 -DHAVE_GL_GLU_H=1 -DGLUT_IS_PRESENT=1'
DEPDIR='.deps'
ECHO_C=''
ECHO_N='-n'
ECHO_T=''
EGREP='/bin/grep -E'
EXEEXT=''
GLUT_LIBS='-lglut'
GREP='/bin/grep'
INSTALL_DATA='${INSTALL} -m 644'
INSTALL_PROGRAM='${INSTALL}'
INSTALL_SCRIPT='${INSTALL}'
INSTALL_STRIP_PROGRAM='${SHELL} $(install_sh) -c -s'
LDFLAGS=' '
LIBOBJS=''
LIBS='-lpthread '
LTLIBOBJS=''
MAKEINFO='${SHELL} /RAM/plib_examples-1.8.5/missing --run makeinfo'
OBJEXT='o'
OGL_LIBS='-lGLU -lGL   -lm'
PACKAGE='plib_examples'
PACKAGE_BUGREPORT=''
PACKAGE_NAME=''
PACKAGE_STRING=''
PACKAGE_TARNAME=''
PACKAGE_VERSION=''
PATH_SEPARATOR=':'
SET_MAKE=''
SHELL='/bin/sh'
SND_LIBS=''
STRIP=''
VERSION='1.8.5'
XMKMF=''
X_CFLAGS=''
X_EXTRA_LIBS=''
X_LIBS=''
X_PRE_LIBS=''
ac_ct_CC='gcc'
ac_ct_CXX='g++'
am__fastdepCC_FALSE=''
am__fastdepCC_TRUE='#'
am__fastdepCXX_FALSE=''
am__fastdepCXX_TRUE='#'
am__include='include'
am__leading_dot='.'
am__quote=''
am__tar='${AMTAR} chof - "$$tardir"'
am__untar='${AMTAR} xf -'
bindir='${exec_prefix}/bin'
build='powerpc-unknown-morphos'
build_alias=''
build_cpu='powerpc'
build_os='morphos'
build_vendor='unknown'
datadir='${datarootdir}'
datarootdir='${prefix}/share'
docdir='${datarootdir}/doc/${PACKAGE}'
dvidir='${docdir}'
exec_prefix='${prefix}'
host='powerpc-unknown-morphos'
host_alias=''
host_cpu='powerpc'
host_os='morphos'
host_vendor='unknown'
htmldir='${docdir}'
includedir='${prefix}/include'
infodir='${datarootdir}/info'
install_sh='/RAM/plib_examples-1.8.5/install-sh'
libdir='${exec_prefix}/lib'
libexecdir='${exec_prefix}/libexec'
localedir='${datarootdir}/locale'
localstatedir='${prefix}/var'
mandir='${datarootdir}/man'
mkdir_p='mkdir -p --'
oldincludedir='/usr/include'
pdfdir='${docdir}'
prefix='/usr/local'
program_transform_name='s,x,x,'
psdir='${docdir}'
sbindir='${exec_prefix}/sbin'
sharedstatedir='${prefix}/com'
sysconfdir='${prefix}/etc'
target_alias=''

## ----------- ##
## confdefs.h. ##
## ----------- ##

#define PACKAGE_NAME ""
#define PACKAGE_TARNAME ""
#define PACKAGE_VERSION ""
#define PACKAGE_STRING ""
#define PACKAGE_BUGREPORT ""
#define PACKAGE "plib_examples"
#define VERSION "1.8.5"
#define X_DISPLAY_MISSING 1
#define HAVE_LIBPTHREAD 1
#define STDC_HEADERS 1
#define HAVE_SYS_TYPES_H 1
#define HAVE_SYS_STAT_H 1
#define HAVE_STDLIB_H 1
#define HAVE_STRING_H 1
#define HAVE_MEMORY_H 1
#define HAVE_STRINGS_H 1
#define HAVE_INTTYPES_H 1
#define HAVE_STDINT_H 1
#define HAVE_UNISTD_H 1
#define HAVE_GL_GL_H 1
#define HAVE_GL_GLU_H 1
#define GLUT_IS_PRESENT 1

configure: exit 0
