This file contains any messages produced by compilers while
running configure, to aid debugging if configure makes a mistake.

It was created by GNU Bison configure 1.35, which was
generated by GNU Autoconf 2.53a.  Invocation command line was

  $ configure 

## --------- ##
## Platform. ##
## --------- ##

hostname = LOUISE3
uname -m = m68k
uname -r = 3.1
uname -s = AmigaOS
uname -v = 40.68

/usr/bin/uname -p = unknown
/bin/uname -X     = unknown

/bin/arch              = unknown
/usr/bin/arch -k       = unknown
/usr/convex/getsysinfo = unknown
hostinfo               = unknown
/bin/machine           = unknown
/usr/bin/oslevel       = unknown
/bin/universe          = unknown

PATH: /bin
PATH: /usr/bin
PATH: /usr/ucb


## ----------- ##
## Core tests. ##
## ----------- ##

configure:1267: checking for a BSD-compatible install
configure:1321: result: /bin/install -c
configure:1332: checking whether build environment is sane
configure:1375: result: yes
configure:1408: checking for gawk
configure:1424: found /bin/gawk
configure:1434: result: gawk
configure:1444: checking whether make sets ${MAKE}
configure:1464: result: yes
configure:1674: checking for gcc
configure:1690: found /bin/gcc
configure:1700: result: gcc
configure:1944: checking for C compiler version
configure:1947: gcc --version </dev/null >&5
2.95.3
configure:1950: $? = 0
configure:1952: gcc -v </dev/null >&5
Reading specs from /gg/lib/gcc-lib/m68k-amigaos/2.95.3/specs
gcc version 2.95.3 20010315 (release)
configure:1955: $? = 0
configure:1957: gcc -V </dev/null >&5
gcc: argument to `-V' is missing
configure:1960: $? = 1
configure:1986: checking for C compiler default output
configure:1989: gcc    conftest.c  >&5
configure:1992: $? = 0
configure:2025: result: a.out
configure:2030: checking whether the C compiler works
configure:2036: ./a.out
configure:2039: $? = 0
configure:2054: result: yes
configure:2061: checking whether we are cross compiling
configure:2063: result: no
configure:2066: checking for suffix of executables
configure:2068: gcc -o conftest    conftest.c  >&5
configure:2071: $? = 0
configure:2093: result: 
configure:2099: checking for suffix of object files
configure:2123: gcc -c   conftest.c >&5
configure:2126: $? = 0
configure:2145: result: o
configure:2149: checking whether we are using the GNU C compiler
configure:2176: gcc -c   conftest.c >&5
configure:2179: $? = 0
configure:2182: test -s conftest.o
configure:2185: $? = 0
configure:2197: result: yes
configure:2203: checking whether gcc accepts -g
configure:2227: gcc -c -g  conftest.c >&5
configure:2230: $? = 0
configure:2233: test -s conftest.o
configure:2236: $? = 0
configure:2246: result: yes
configure:2273: gcc -c -g -O2  conftest.c >&5
conftest.c:2: parse error before `me'
configure:2276: $? = 1
configure: failed program was:
#ifndef __cplusplus
  choke me
#endif
configure:2405: checking for style of include used by make
configure:2433: result: GNU
configure:2461: checking dependency style of gcc
configure:2523: result: gcc
configure:2534: checking how to run the C preprocessor
configure:2560: gcc -E  conftest.c
configure:2566: $? = 0
configure:2593: gcc -E  conftest.c
configure:2590: ac_nonexistent.h: No such file or directory
configure:2599: $? = 1
configure: failed program was:
#line 2589 "configure"
#include "confdefs.h"
#include <ac_nonexistent.h>
configure:2636: result: gcc -E
configure:2651: gcc -E  conftest.c
configure:2657: $? = 0
configure:2684: gcc -E  conftest.c
configure:2681: ac_nonexistent.h: No such file or directory
configure:2690: $? = 1
configure: failed program was:
#line 2680 "configure"
#include "confdefs.h"
#include <ac_nonexistent.h>
configure:2730: checking for ANSI C header files
configure:2744: gcc -E  conftest.c
configure:2750: $? = 0
configure:2837: gcc -o conftest -g -O2   conftest.c  >&5
configure:2840: $? = 0
configure:2842: ./conftest
configure:2845: $? = 0
configure:2859: result: yes
configure:2883: checking for sys/types.h
configure:2896: gcc -c -g -O2  conftest.c >&5
configure:2899: $? = 0
configure:2902: test -s conftest.o
configure:2905: $? = 0
configure:2915: result: yes
configure:2883: checking for sys/stat.h
configure:2896: gcc -c -g -O2  conftest.c >&5
configure:2899: $? = 0
configure:2902: test -s conftest.o
configure:2905: $? = 0
configure:2915: result: yes
configure:2883: checking for stdlib.h
configure:2896: gcc -c -g -O2  conftest.c >&5
configure:2899: $? = 0
configure:2902: test -s conftest.o
configure:2905: $? = 0
configure:2915: result: yes
configure:2883: checking for string.h
configure:2896: gcc -c -g -O2  conftest.c >&5
configure:2899: $? = 0
configure:2902: test -s conftest.o
configure:2905: $? = 0
configure:2915: result: yes
configure:2883: checking for memory.h
configure:2896: gcc -c -g -O2  conftest.c >&5
configure:2899: $? = 0
configure:2902: test -s conftest.o
configure:2905: $? = 0
configure:2915: result: yes
configure:2883: checking for strings.h
configure:2896: gcc -c -g -O2  conftest.c >&5
configure:2899: $? = 0
configure:2902: test -s conftest.o
configure:2905: $? = 0
configure:2915: result: yes
configure:2883: checking for inttypes.h
configure:2896: gcc -c -g -O2  conftest.c >&5
configure:2925: inttypes.h: No such file or directory
configure:2899: $? = 1
configure: failed program was:
#line 2889 "configure"
#include "confdefs.h"
#include <stdio.h>
#if HAVE_SYS_TYPES_H
# include <sys/types.h>
#endif
#if HAVE_SYS_STAT_H
# include <sys/stat.h>
#endif
#if STDC_HEADERS
# include <stdlib.h>
# include <stddef.h>
#else
# if HAVE_STDLIB_H
#  include <stdlib.h>
# endif
#endif
#if HAVE_STRING_H
# if !STDC_HEADERS && HAVE_MEMORY_H
#  include <memory.h>
# endif
# include <string.h>
#endif
#if HAVE_STRINGS_H
# include <strings.h>
#endif
#if HAVE_INTTYPES_H
# include <inttypes.h>
#else
# if HAVE_STDINT_H
#  include <stdint.h>
# endif
#endif
#if HAVE_UNISTD_H
# include <unistd.h>
#endif

#include <inttypes.h>
configure:2915: result: no
configure:2883: checking for stdint.h
configure:2896: gcc -c -g -O2  conftest.c >&5
configure:2925: stdint.h: No such file or directory
configure:2899: $? = 1
configure: failed program was:
#line 2889 "configure"
#include "confdefs.h"
#include <stdio.h>
#if HAVE_SYS_TYPES_H
# include <sys/types.h>
#endif
#if HAVE_SYS_STAT_H
# include <sys/stat.h>
#endif
#if STDC_HEADERS
# include <stdlib.h>
# include <stddef.h>
#else
# if HAVE_STDLIB_H
#  include <stdlib.h>
# endif
#endif
#if HAVE_STRING_H
# if !STDC_HEADERS && HAVE_MEMORY_H
#  include <memory.h>
# endif
# include <string.h>
#endif
#if HAVE_STRINGS_H
# include <strings.h>
#endif
#if HAVE_INTTYPES_H
# include <inttypes.h>
#else
# if HAVE_STDINT_H
#  include <stdint.h>
# endif
#endif
#if HAVE_UNISTD_H
# include <unistd.h>
#endif

#include <stdint.h>
configure:2915: result: no
configure:2883: checking for unistd.h
configure:2896: gcc -c -g -O2  conftest.c >&5
configure:2899: $? = 0
configure:2902: test -s conftest.o
configure:2905: $? = 0
configure:2915: result: yes
configure:2937: checking minix/config.h usability
configure:2946: gcc -c -g -O2  conftest.c >&5
configure:2975: minix/config.h: No such file or directory
configure:2949: $? = 1
configure: failed program was:
#line 2940 "configure"
#include "confdefs.h"
#include <stdio.h>
#if HAVE_SYS_TYPES_H
# include <sys/types.h>
#endif
#if HAVE_SYS_STAT_H
# include <sys/stat.h>
#endif
#if STDC_HEADERS
# include <stdlib.h>
# include <stddef.h>
#else
# if HAVE_STDLIB_H
#  include <stdlib.h>
# endif
#endif
#if HAVE_STRING_H
# if !STDC_HEADERS && HAVE_MEMORY_H
#  include <memory.h>
# endif
# include <string.h>
#endif
#if HAVE_STRINGS_H
# include <strings.h>
#endif
#if HAVE_INTTYPES_H
# include <inttypes.h>
#else
# if HAVE_STDINT_H
#  include <stdint.h>
# endif
#endif
#if HAVE_UNISTD_H
# include <unistd.h>
#endif
#include <minix/config.h>
configure:2964: result: no
configure:2968: checking minix/config.h presence
configure:2975: gcc -E  conftest.c
configure:2972: minix/config.h: No such file or directory
configure:2981: $? = 1
configure: failed program was:
#line 2971 "configure"
#include "confdefs.h"
#include <minix/config.h>
configure:2999: result: no
configure:3017: checking for minix/config.h
configure:3024: result: no
configure:3054: checking for strerror in -lcposix
configure:3087: gcc -o conftest -g -O2   conftest.c -lcposix   >&5
/bin/ld: cannot open -lcposix: No such file or directory
collect2: ld returned 1 exit status
configure:3090: $? = 1
configure: failed program was:
#line 3062 "configure"
#include "confdefs.h"

/* Override any gcc2 internal prototype to avoid an error.  */
#ifdef __cplusplus
extern "C"
#endif
/* We use char because int might match the return type of a gcc2
   builtin and then its argument prototype would still apply.  */
char strerror ();
#ifdef F77_DUMMY_MAIN
#  ifdef __cplusplus
     extern "C"
#  endif
   int F77_DUMMY_MAIN() { return 1; }
#endif
int
main ()
{
strerror ();
  ;
  return 0;
}
configure:3107: result: no
configure:3118: checking for gcc option to accept ANSI C
configure:3184: gcc  -c -g -O2  conftest.c >&5
configure:3187: $? = 0
configure:3190: test -s conftest.o
configure:3193: $? = 0
configure:3207: result: none needed
configure:3259: checking for ranlib
configure:3275: found /bin/ranlib
configure:3286: result: ranlib
configure:3926: checking for ANSI C header files
configure:4055: result: yes
configure:4084: checking ctype.h usability
configure:4093: gcc -c -g -O2  conftest.c >&5
configure:4096: $? = 0
configure:4099: test -s conftest.o
configure:4102: $? = 0
configure:4111: result: yes
configure:4115: checking ctype.h presence
configure:4122: gcc -E  conftest.c
configure:4128: $? = 0
configure:4146: result: yes
configure:4164: checking for ctype.h
configure:4171: result: yes
configure:4084: checking locale.h usability
configure:4093: gcc -c -g -O2  conftest.c >&5
configure:4096: $? = 0
configure:4099: test -s conftest.o
configure:4102: $? = 0
configure:4111: result: yes
configure:4115: checking locale.h presence
configure:4122: gcc -E  conftest.c
configure:4128: $? = 0
configure:4146: result: yes
configure:4164: checking for locale.h
configure:4171: result: yes
configure:4075: checking for memory.h
configure:4080: result: yes
configure:4075: checking for stdlib.h
configure:4080: result: yes
configure:4075: checking for string.h
configure:4080: result: yes
configure:4075: checking for unistd.h
configure:4080: result: yes
configure:4190: checking for gcc option to accept ANSI C
configure:4253: gcc  -c -g -O2  conftest.c >&5
configure:4256: $? = 0
configure:4259: test -s conftest.o
configure:4262: $? = 0
configure:4279: result: none needed
configure:4287: checking for an ANSI C-conforming const
configure:4357: gcc -c -g -O2  conftest.c >&5
configure:4360: $? = 0
configure:4363: test -s conftest.o
configure:4366: $? = 0
configure:4376: result: yes
configure:4386: checking for inline
configure:4403: gcc -c -g -O2  conftest.c >&5
configure:4406: $? = 0
configure:4409: test -s conftest.o
configure:4412: $? = 0
configure:4423: result: inline
configure:4440: checking for function prototypes
configure:4443: result: yes
configure:4457: checking for ANSI C header files
configure:4586: result: yes
configure:4601: checking for string.h
configure:4606: result: yes
configure:4715: checking for working alloca.h
configure:4739: gcc -o conftest -g -O2   conftest.c  >&5
configure:4722: alloca.h: No such file or directory
configure:4742: $? = 1
configure: failed program was:
#line 4721 "configure"
#include "confdefs.h"
#include <alloca.h>
#ifdef F77_DUMMY_MAIN
#  ifdef __cplusplus
     extern "C"
#  endif
   int F77_DUMMY_MAIN() { return 1; }
#endif
int
main ()
{
char *p = (char *) alloca (2 * sizeof (int));
  ;
  return 0;
}
configure:4758: result: no
configure:4768: checking for alloca
configure:4812: gcc -o conftest -g -O2   conftest.c  >&5
configure:4815: $? = 0
configure:4818: test -s conftest
configure:4821: $? = 0
configure:4831: result: yes
configure:5021: checking for obstacks
configure:5045: gcc -o conftest -g -O2   conftest.c  >&5
configure:5028: obstack.h: No such file or directory
configure:5048: $? = 1
configure: failed program was:
#line 5027 "configure"
#include "confdefs.h"
#include "obstack.h"
#ifdef F77_DUMMY_MAIN
#  ifdef __cplusplus
     extern "C"
#  endif
   int F77_DUMMY_MAIN() { return 1; }
#endif
int
main ()
{
struct obstack *mem; obstack_free(mem,(char *) 0)
  ;
  return 0;
}
configure:5064: result: no
configure:5076: checking for error_at_line
configure:5100: gcc -o conftest -g -O2   conftest.c  >&5
/t/ccxl00o8.o: In function `main':
/src/src/bison-1.35/configure:5093: undefined reference to `error_at_line'
collect2: ld returned 1 exit status
configure:5103: $? = 1
configure: failed program was:
#line 5082 "configure"
#include "confdefs.h"

#ifdef F77_DUMMY_MAIN
#  ifdef __cplusplus
     extern "C"
#  endif
   int F77_DUMMY_MAIN() { return 1; }
#endif
int
main ()
{
error_at_line (0, 0, "", 0, "");
  ;
  return 0;
}
configure:5119: result: no
configure:5125: checking for working strnlen
configure:5167: gcc -o conftest -g -O2   conftest.c  >&5
/t/ccMIK0sj.o: In function `main':
/src/src/bison-1.35/configure:5153: undefined reference to `strnlen'
collect2: ld returned 1 exit status
configure:5170: $? = 1
configure: program exited with status 1
configure: failed program was:
#line 5134 "configure"
#include "confdefs.h"

#ifdef F77_DUMMY_MAIN
#  ifdef __cplusplus
     extern "C"
#  endif
   int F77_DUMMY_MAIN() { return 1; }
#endif
int
main ()
{

#define S "foobar"
#define S_LEN (sizeof S - 1)

  /* At least one implementation is buggy: that of AIX 4.3 would
     give strnlen (S, 1) == 3.  */

  int i;
  for (i = 0; i < S_LEN + 1; ++i)
    {
      int expected = i <= S_LEN ? i : S_LEN;
      if (strnlen (S, i) != expected)
	exit (1);
    }
  exit (0);

  ;
  return 0;
}
configure:5188: result: no
configure:5197: checking for mkstemp
configure:5240: gcc -o conftest -g -O2   conftest.c  >&5
configure:5243: $? = 0
configure:5246: test -s conftest
configure:5249: $? = 0
configure:5259: result: yes
configure:5197: checking for setlocale
configure:5240: gcc -o conftest -g -O2   conftest.c  >&5
configure:5243: $? = 0
configure:5246: test -s conftest
configure:5249: $? = 0
configure:5259: result: yes
configure:5269: checking whether stpcpy is declared
configure:5296: gcc -c -g -O2  conftest.c >&5
configure: In function `main':
configure:5320: `stpcpy' undeclared (first use in this function)
configure:5320: (Each undeclared identifier is reported only once
configure:5320: for each function it appears in.)
configure:5299: $? = 1
configure: failed program was:
#line 5275 "configure"
#include "confdefs.h"
#include <stdio.h>
#if HAVE_SYS_TYPES_H
# include <sys/types.h>
#endif
#if HAVE_SYS_STAT_H
# include <sys/stat.h>
#endif
#if STDC_HEADERS
# include <stdlib.h>
# include <stddef.h>
#else
# if HAVE_STDLIB_H
#  include <stdlib.h>
# endif
#endif
#if HAVE_STRING_H
# if !STDC_HEADERS && HAVE_MEMORY_H
#  include <memory.h>
# endif
# include <string.h>
#endif
#if HAVE_STRINGS_H
# include <strings.h>
#endif
#if HAVE_INTTYPES_H
# include <inttypes.h>
#else
# if HAVE_STDINT_H
#  include <stdint.h>
# endif
#endif
#if HAVE_UNISTD_H
# include <unistd.h>
#endif
#ifdef F77_DUMMY_MAIN
#  ifdef __cplusplus
     extern "C"
#  endif
   int F77_DUMMY_MAIN() { return 1; }
#endif
int
main ()
{
#ifndef stpcpy
  char *p = (char *) stpcpy;
#endif

  ;
  return 0;
}
configure:5315: result: no
configure:5331: checking whether strchr is declared
configure:5358: gcc -c -g -O2  conftest.c >&5
configure:5361: $? = 0
configure:5364: test -s conftest.o
configure:5367: $? = 0
configure:5377: result: yes
configure:5393: checking whether strspn is declared
configure:5420: gcc -c -g -O2  conftest.c >&5
configure:5423: $? = 0
configure:5426: test -s conftest.o
configure:5429: $? = 0
configure:5439: result: yes
configure:5455: checking whether strnlen is declared
configure:5482: gcc -c -g -O2  conftest.c >&5
configure: In function `main':
configure:5506: `strnlen' undeclared (first use in this function)
configure:5506: (Each undeclared identifier is reported only once
configure:5506: for each function it appears in.)
configure:5485: $? = 1
configure: failed program was:
#line 5461 "configure"
#include "confdefs.h"
#include <stdio.h>
#if HAVE_SYS_TYPES_H
# include <sys/types.h>
#endif
#if HAVE_SYS_STAT_H
# include <sys/stat.h>
#endif
#if STDC_HEADERS
# include <stdlib.h>
# include <stddef.h>
#else
# if HAVE_STDLIB_H
#  include <stdlib.h>
# endif
#endif
#if HAVE_STRING_H
# if !STDC_HEADERS && HAVE_MEMORY_H
#  include <memory.h>
# endif
# include <string.h>
#endif
#if HAVE_STRINGS_H
# include <strings.h>
#endif
#if HAVE_INTTYPES_H
# include <inttypes.h>
#else
# if HAVE_STDINT_H
#  include <stdint.h>
# endif
#endif
#if HAVE_UNISTD_H
# include <unistd.h>
#endif
#ifdef F77_DUMMY_MAIN
#  ifdef __cplusplus
     extern "C"
#  endif
   int F77_DUMMY_MAIN() { return 1; }
#endif
int
main ()
{
#ifndef strnlen
  char *p = (char *) strnlen;
#endif

  ;
  return 0;
}
configure:5501: result: no
configure:5517: checking whether memchr is declared
configure:5544: gcc -c -g -O2  conftest.c >&5
configure:5547: $? = 0
configure:5550: test -s conftest.o
configure:5553: $? = 0
configure:5563: result: yes
configure:5579: checking whether memrchr is declared
configure:5606: gcc -c -g -O2  conftest.c >&5
configure: In function `main':
configure:5630: `memrchr' undeclared (first use in this function)
configure:5630: (Each undeclared identifier is reported only once
configure:5630: for each function it appears in.)
configure:5609: $? = 1
configure: failed program was:
#line 5585 "configure"
#include "confdefs.h"
#include <stdio.h>
#if HAVE_SYS_TYPES_H
# include <sys/types.h>
#endif
#if HAVE_SYS_STAT_H
# include <sys/stat.h>
#endif
#if STDC_HEADERS
# include <stdlib.h>
# include <stddef.h>
#else
# if HAVE_STDLIB_H
#  include <stdlib.h>
# endif
#endif
#if HAVE_STRING_H
# if !STDC_HEADERS && HAVE_MEMORY_H
#  include <memory.h>
# endif
# include <string.h>
#endif
#if HAVE_STRINGS_H
# include <strings.h>
#endif
#if HAVE_INTTYPES_H
# include <inttypes.h>
#else
# if HAVE_STDINT_H
#  include <stdint.h>
# endif
#endif
#if HAVE_UNISTD_H
# include <unistd.h>
#endif
#ifdef F77_DUMMY_MAIN
#  ifdef __cplusplus
     extern "C"
#  endif
   int F77_DUMMY_MAIN() { return 1; }
#endif
int
main ()
{
#ifndef memrchr
  char *p = (char *) memrchr;
#endif

  ;
  return 0;
}
configure:5625: result: no
configure:5651: checking for stpcpy
configure:5694: gcc -o conftest -g -O2   conftest.c  >&5
/t/ccIeqC9v.o: In function `main':
/src/src/bison-1.35/configure:5685: undefined reference to `stpcpy'
collect2: ld returned 1 exit status
configure:5697: $? = 1
configure: failed program was:
#line 5657 "configure"
#include "confdefs.h"
/* System header to define __stub macros and hopefully few prototypes,
    which can conflict with char stpcpy (); below.  */
#include <assert.h>
/* Override any gcc2 internal prototype to avoid an error.  */
#ifdef __cplusplus
extern "C"
#endif
/* We use char because int might match the return type of a gcc2
   builtin and then its argument prototype would still apply.  */
char stpcpy ();
char (*f) ();

#ifdef F77_DUMMY_MAIN
#  ifdef __cplusplus
     extern "C"
#  endif
   int F77_DUMMY_MAIN() { return 1; }
#endif
int
main ()
{
/* The GNU C library defines this for functions which it implements
    to always fail with ENOSYS.  Some functions are actually named
    something starting with __ and the normal name is an alias.  */
#if defined (__stub_stpcpy) || defined (__stub___stpcpy)
choke me
#else
f = stpcpy;
#endif

  ;
  return 0;
}
configure:5713: result: no
configure:5651: checking for strchr
configure:5694: gcc -o conftest -g -O2   conftest.c  >&5
configure:5697: $? = 0
configure:5700: test -s conftest
configure:5703: $? = 0
configure:5713: result: yes
configure:5651: checking for strspn
configure:5694: gcc -o conftest -g -O2   conftest.c  >&5
configure:5697: $? = 0
configure:5700: test -s conftest
configure:5703: $? = 0
configure:5713: result: yes
configure:5651: checking for memchr
configure:5694: gcc -o conftest -g -O2   conftest.c  >&5
configure:5697: $? = 0
configure:5700: test -s conftest
configure:5703: $? = 0
configure:5713: result: yes
configure:5651: checking for memrchr
configure:5694: gcc -o conftest -g -O2   conftest.c  >&5
/t/ccPN1BsS.o: In function `main':
/src/src/bison-1.35/configure:5685: undefined reference to `memrchr'
collect2: ld returned 1 exit status
configure:5697: $? = 1
configure: failed program was:
#line 5657 "configure"
#include "confdefs.h"
/* System header to define __stub macros and hopefully few prototypes,
    which can conflict with char memrchr (); below.  */
#include <assert.h>
/* Override any gcc2 internal prototype to avoid an error.  */
#ifdef __cplusplus
extern "C"
#endif
/* We use char because int might match the return type of a gcc2
   builtin and then its argument prototype would still apply.  */
char memrchr ();
char (*f) ();

#ifdef F77_DUMMY_MAIN
#  ifdef __cplusplus
     extern "C"
#  endif
   int F77_DUMMY_MAIN() { return 1; }
#endif
int
main ()
{
/* The GNU C library defines this for functions which it implements
    to always fail with ENOSYS.  Some functions are actually named
    something starting with __ and the normal name is an alias.  */
#if defined (__stub_memrchr) || defined (__stub___memrchr)
choke me
#else
f = memrchr;
#endif

  ;
  return 0;
}
configure:5713: result: no
configure:5733: checking for working malloc
configure:5754: gcc -o conftest -g -O2   conftest.c  >&5
configure:5757: $? = 0
configure:5759: ./conftest
configure:5762: $? = 0
configure:5776: result: yes
configure:5794: checking for working realloc
configure:5815: gcc -o conftest -g -O2   conftest.c  >&5
configure:5818: $? = 0
configure:5820: ./conftest
configure:5823: $? = 0
configure:5837: result: yes
configure:5855: checking for isascii
configure:5898: gcc -o conftest -g -O2   conftest.c  >&5
configure:5901: $? = 0
configure:5904: test -s conftest
configure:5907: $? = 0
configure:5917: result: yes
configure:5855: checking for iswprint
configure:5898: gcc -o conftest -g -O2   conftest.c  >&5
/t/ccuuBPz7.o: In function `main':
/src/src/bison-1.35/configure:5889: undefined reference to `iswprint'
collect2: ld returned 1 exit status
configure:5901: $? = 1
configure: failed program was:
#line 5861 "configure"
#include "confdefs.h"
/* System header to define __stub macros and hopefully few prototypes,
    which can conflict with char iswprint (); below.  */
#include <assert.h>
/* Override any gcc2 internal prototype to avoid an error.  */
#ifdef __cplusplus
extern "C"
#endif
/* We use char because int might match the return type of a gcc2
   builtin and then its argument prototype would still apply.  */
char iswprint ();
char (*f) ();

#ifdef F77_DUMMY_MAIN
#  ifdef __cplusplus
     extern "C"
#  endif
   int F77_DUMMY_MAIN() { return 1; }
#endif
int
main ()
{
/* The GNU C library defines this for functions which it implements
    to always fail with ENOSYS.  Some functions are actually named
    something starting with __ and the normal name is an alias.  */
#if defined (__stub_iswprint) || defined (__stub___iswprint)
choke me
#else
f = iswprint;
#endif

  ;
  return 0;
}
configure:5917: result: no
configure:5855: checking for mbsinit
configure:5898: gcc -o conftest -g -O2   conftest.c  >&5
/t/cc6wZRhR.o: In function `main':
/src/src/bison-1.35/configure:5889: undefined reference to `mbsinit'
collect2: ld returned 1 exit status
configure:5901: $? = 1
configure: failed program was:
#line 5861 "configure"
#include "confdefs.h"
/* System header to define __stub macros and hopefully few prototypes,
    which can conflict with char mbsinit (); below.  */
#include <assert.h>
/* Override any gcc2 internal prototype to avoid an error.  */
#ifdef __cplusplus
extern "C"
#endif
/* We use char because int might match the return type of a gcc2
   builtin and then its argument prototype would still apply.  */
char mbsinit ();
char (*f) ();

#ifdef F77_DUMMY_MAIN
#  ifdef __cplusplus
     extern "C"
#  endif
   int F77_DUMMY_MAIN() { return 1; }
#endif
int
main ()
{
/* The GNU C library defines this for functions which it implements
    to always fail with ENOSYS.  Some functions are actually named
    something starting with __ and the normal name is an alias.  */
#if defined (__stub_mbsinit) || defined (__stub___mbsinit)
choke me
#else
f = mbsinit;
#endif

  ;
  return 0;
}
configure:5917: result: no
configure:5928: checking whether mbrtowc and mbstate_t are properly declared
configure:5952: gcc -o conftest -g -O2   conftest.c  >&5
configure:5935: wchar.h: No such file or directory
configure:5955: $? = 1
configure: failed program was:
#line 5934 "configure"
#include "confdefs.h"
#include <wchar.h>
#ifdef F77_DUMMY_MAIN
#  ifdef __cplusplus
     extern "C"
#  endif
   int F77_DUMMY_MAIN() { return 1; }
#endif
int
main ()
{
mbstate_t state; return ! (sizeof state && mbrtowc);
  ;
  return 0;
}
configure:5971: result: no
configure:6000: checking limits.h usability
configure:6009: gcc -c -g -O2  conftest.c >&5
configure:6012: $? = 0
configure:6015: test -s conftest.o
configure:6018: $? = 0
configure:6027: result: yes
configure:6031: checking limits.h presence
configure:6038: gcc -E  conftest.c
configure:6044: $? = 0
configure:6062: result: yes
configure:6080: checking for limits.h
configure:6087: result: yes
configure:6000: checking stddef.h usability
configure:6009: gcc -c -g -O2  conftest.c >&5
configure:6012: $? = 0
configure:6015: test -s conftest.o
configure:6018: $? = 0
configure:6027: result: yes
configure:6031: checking stddef.h presence
configure:6038: gcc -E  conftest.c
configure:6044: $? = 0
configure:6062: result: yes
configure:6080: checking for stddef.h
configure:6087: result: yes
configure:5991: checking for stdlib.h
configure:5996: result: yes
configure:5991: checking for string.h
configure:5996: result: yes
configure:6000: checking wchar.h usability
configure:6009: gcc -c -g -O2  conftest.c >&5
configure:6038: wchar.h: No such file or directory
configure:6012: $? = 1
configure: failed program was:
#line 6003 "configure"
#include "confdefs.h"
#include <stdio.h>
#if HAVE_SYS_TYPES_H
# include <sys/types.h>
#endif
#if HAVE_SYS_STAT_H
# include <sys/stat.h>
#endif
#if STDC_HEADERS
# include <stdlib.h>
# include <stddef.h>
#else
# if HAVE_STDLIB_H
#  include <stdlib.h>
# endif
#endif
#if HAVE_STRING_H
# if !STDC_HEADERS && HAVE_MEMORY_H
#  include <memory.h>
# endif
# include <string.h>
#endif
#if HAVE_STRINGS_H
# include <strings.h>
#endif
#if HAVE_INTTYPES_H
# include <inttypes.h>
#else
# if HAVE_STDINT_H
#  include <stdint.h>
# endif
#endif
#if HAVE_UNISTD_H
# include <unistd.h>
#endif
#include <wchar.h>
configure:6027: result: no
configure:6031: checking wchar.h presence
configure:6038: gcc -E  conftest.c
configure:6035: wchar.h: No such file or directory
configure:6044: $? = 1
configure: failed program was:
#line 6034 "configure"
#include "confdefs.h"
#include <wchar.h>
configure:6062: result: no
configure:6080: checking for wchar.h
configure:6087: result: no
configure:6000: checking wctype.h usability
configure:6009: gcc -c -g -O2  conftest.c >&5
configure:6038: wctype.h: No such file or directory
configure:6012: $? = 1
configure: failed program was:
#line 6003 "configure"
#include "confdefs.h"
#include <stdio.h>
#if HAVE_SYS_TYPES_H
# include <sys/types.h>
#endif
#if HAVE_SYS_STAT_H
# include <sys/stat.h>
#endif
#if STDC_HEADERS
# include <stdlib.h>
# include <stddef.h>
#else
# if HAVE_STDLIB_H
#  include <stdlib.h>
# endif
#endif
#if HAVE_STRING_H
# if !STDC_HEADERS && HAVE_MEMORY_H
#  include <memory.h>
# endif
# include <string.h>
#endif
#if HAVE_STRINGS_H
# include <strings.h>
#endif
#if HAVE_INTTYPES_H
# include <inttypes.h>
#else
# if HAVE_STDINT_H
#  include <stdint.h>
# endif
#endif
#if HAVE_UNISTD_H
# include <unistd.h>
#endif
#include <wctype.h>
configure:6027: result: no
configure:6031: checking wctype.h presence
configure:6038: gcc -E  conftest.c
configure:6035: wctype.h: No such file or directory
configure:6044: $? = 1
configure: failed program was:
#line 6034 "configure"
#include "confdefs.h"
#include <wctype.h>
configure:6062: result: no
configure:6080: checking for wctype.h
configure:6087: result: no
configure:6100: checking for ANSI C header files
configure:6229: result: yes
configure:6240: checking whether backslash-a works in strings
configure:6271: gcc -c -g -O2  conftest.c >&5
configure:6274: $? = 0
configure:6277: test -s conftest.o
configure:6280: $? = 0
configure:6290: result: yes
configure:6306: checking for stdlib.h
configure:6311: result: yes
configure:6416: checking for mbstate_t
configure:6444: gcc -c -g -O2  conftest.c >&5
configure:6427: wchar.h: No such file or directory
configure:6447: $? = 1
configure: failed program was:
#line 6422 "configure"
#include "confdefs.h"

#if HAVE_STDLIB_H
# include <stdlib.h>
#endif
#include <wchar.h>
#ifdef F77_DUMMY_MAIN
#  ifdef __cplusplus
     extern "C"
#  endif
   int F77_DUMMY_MAIN() { return 1; }
#endif
int
main ()
{
mbstate_t x; return sizeof x;
  ;
  return 0;
}
configure:6463: result: no
configure:6474: checking for function prototypes
configure:6477: result: yes
configure:6491: checking for ANSI C header files
configure:6620: result: yes
configure:6635: checking for string.h
configure:6640: result: yes
configure:6753: checking for strerror
configure:6796: gcc -o conftest -g -O2   conftest.c  >&5
configure:6799: $? = 0
configure:6802: test -s conftest
configure:6805: $? = 0
configure:6815: result: yes
configure:6753: checking for vprintf
configure:6796: gcc -o conftest -g -O2   conftest.c  >&5
configure:6799: $? = 0
configure:6802: test -s conftest
configure:6805: $? = 0
configure:6815: result: yes
configure:6753: checking for doprnt
configure:6796: gcc -o conftest -g -O2   conftest.c  >&5
/t/ccmIPSHP.o: In function `main':
/src/src/bison-1.35/configure:6787: undefined reference to `doprnt'
collect2: ld returned 1 exit status
configure:6799: $? = 1
configure: failed program was:
#line 6759 "configure"
#include "confdefs.h"
/* System header to define __stub macros and hopefully few prototypes,
    which can conflict with char doprnt (); below.  */
#include <assert.h>
/* Override any gcc2 internal prototype to avoid an error.  */
#ifdef __cplusplus
extern "C"
#endif
/* We use char because int might match the return type of a gcc2
   builtin and then its argument prototype would still apply.  */
char doprnt ();
char (*f) ();

#ifdef F77_DUMMY_MAIN
#  ifdef __cplusplus
     extern "C"
#  endif
   int F77_DUMMY_MAIN() { return 1; }
#endif
int
main ()
{
/* The GNU C library defines this for functions which it implements
    to always fail with ENOSYS.  Some functions are actually named
    something starting with __ and the normal name is an alias.  */
#if defined (__stub_doprnt) || defined (__stub___doprnt)
choke me
#else
f = doprnt;
#endif

  ;
  return 0;
}
configure:6815: result: no
configure:6825: checking whether strerror is declared
configure:6852: gcc -c -g -O2  conftest.c >&5
configure:6855: $? = 0
configure:6858: test -s conftest.o
configure:6861: $? = 0
configure:6871: result: yes
configure:6889: checking whether strerror_r is declared
configure:6916: gcc -c -g -O2  conftest.c >&5
configure: In function `main':
configure:6940: `strerror_r' undeclared (first use in this function)
configure:6940: (Each undeclared identifier is reported only once
configure:6940: for each function it appears in.)
configure:6919: $? = 1
configure: failed program was:
#line 6895 "configure"
#include "confdefs.h"
#include <stdio.h>
#if HAVE_SYS_TYPES_H
# include <sys/types.h>
#endif
#if HAVE_SYS_STAT_H
# include <sys/stat.h>
#endif
#if STDC_HEADERS
# include <stdlib.h>
# include <stddef.h>
#else
# if HAVE_STDLIB_H
#  include <stdlib.h>
# endif
#endif
#if HAVE_STRING_H
# if !STDC_HEADERS && HAVE_MEMORY_H
#  include <memory.h>
# endif
# include <string.h>
#endif
#if HAVE_STRINGS_H
# include <strings.h>
#endif
#if HAVE_INTTYPES_H
# include <inttypes.h>
#else
# if HAVE_STDINT_H
#  include <stdint.h>
# endif
#endif
#if HAVE_UNISTD_H
# include <unistd.h>
#endif
#ifdef F77_DUMMY_MAIN
#  ifdef __cplusplus
     extern "C"
#  endif
   int F77_DUMMY_MAIN() { return 1; }
#endif
int
main ()
{
#ifndef strerror_r
  char *p = (char *) strerror_r;
#endif

  ;
  return 0;
}
configure:6935: result: no
configure:6957: checking for strerror_r
configure:7000: gcc -o conftest -g -O2   conftest.c  >&5
/t/cc8lnd4Y.o: In function `main':
/src/src/bison-1.35/configure:6991: undefined reference to `strerror_r'
collect2: ld returned 1 exit status
configure:7003: $? = 1
configure: failed program was:
#line 6963 "configure"
#include "confdefs.h"
/* System header to define __stub macros and hopefully few prototypes,
    which can conflict with char strerror_r (); below.  */
#include <assert.h>
/* Override any gcc2 internal prototype to avoid an error.  */
#ifdef __cplusplus
extern "C"
#endif
/* We use char because int might match the return type of a gcc2
   builtin and then its argument prototype would still apply.  */
char strerror_r ();
char (*f) ();

#ifdef F77_DUMMY_MAIN
#  ifdef __cplusplus
     extern "C"
#  endif
   int F77_DUMMY_MAIN() { return 1; }
#endif
int
main ()
{
/* The GNU C library defines this for functions which it implements
    to always fail with ENOSYS.  Some functions are actually named
    something starting with __ and the normal name is an alias.  */
#if defined (__stub_strerror_r) || defined (__stub___strerror_r)
choke me
#else
f = strerror_r;
#endif

  ;
  return 0;
}
configure:7019: result: no
configure:7029: checking whether strerror_r returns char *
configure:7109: gcc -o conftest -g -O2   conftest.c  >&5
/t/ccmMfoty.o: In function `main':
/src/src/bison-1.35/configure:7134: undefined reference to `strerror_r'
collect2: ld returned 1 exit status
configure:7112: $? = 1
configure: program exited with status 1
configure: failed program was:
#line 7088 "configure"
#include "confdefs.h"
#include <stdio.h>
#if HAVE_SYS_TYPES_H
# include <sys/types.h>
#endif
#if HAVE_SYS_STAT_H
# include <sys/stat.h>
#endif
#if STDC_HEADERS
# include <stdlib.h>
# include <stddef.h>
#else
# if HAVE_STDLIB_H
#  include <stdlib.h>
# endif
#endif
#if HAVE_STRING_H
# if !STDC_HEADERS && HAVE_MEMORY_H
#  include <memory.h>
# endif
# include <string.h>
#endif
#if HAVE_STRINGS_H
# include <strings.h>
#endif
#if HAVE_INTTYPES_H
# include <inttypes.h>
#else
# if HAVE_STDINT_H
#  include <stdint.h>
# endif
#endif
#if HAVE_UNISTD_H
# include <unistd.h>
#endif
	extern char *strerror_r ();
#ifdef F77_DUMMY_MAIN
#  ifdef __cplusplus
     extern "C"
#  endif
   int F77_DUMMY_MAIN() { return 1; }
#endif
int
main ()
{
char buf[100];
	  char x = *strerror_r (0, buf, sizeof buf);
	  exit (!isalpha (x));
  ;
  return 0;
}
configure:7130: result: no
configure:7140: checking for ANSI C header files
configure:7269: result: yes
configure:7280: checking if malloc debugging is wanted
configure:7301: result: no
configure:7322: checking for msgfmt
configure:7353: result: no
configure:7359: checking for gmsgfmt
configure:7390: result: :
configure:7400: checking for xgettext
configure:7431: result: no
configure:7439: checking for msgmerge
configure:7469: result: no
configure:7507: checking build system type
configure:7525: result: m68k-unknown-amigaos
configure:7533: checking host system type
configure:7547: result: m68k-unknown-amigaos
configure:7555: checking for off_t
configure:7582: gcc -c -g -O2  conftest.c >&5
configure:7585: $? = 0
configure:7588: test -s conftest.o
configure:7591: $? = 0
configure:7601: result: yes
configure:7613: checking for size_t
configure:7640: gcc -c -g -O2  conftest.c >&5
configure:7643: $? = 0
configure:7646: test -s conftest.o
configure:7649: $? = 0
configure:7659: result: yes
configure:7677: checking for stdlib.h
configure:7682: result: yes
configure:7677: checking for unistd.h
configure:7682: result: yes
configure:7790: checking for getpagesize
configure:7833: gcc -o conftest -g -O2   conftest.c  >&5
configure:7836: $? = 0
configure:7839: test -s conftest
configure:7842: $? = 0
configure:7852: result: yes
configure:7862: checking for working mmap
configure:8001: gcc -o conftest -g -O2   conftest.c  >&5
configure:8004: $? = 0
configure:8006: ./conftest
configure:8009: $? = 1
configure: program exited with status 1
configure: failed program was:
#line 7871 "configure"
#include "confdefs.h"
#include <stdio.h>
#if HAVE_SYS_TYPES_H
# include <sys/types.h>
#endif
#if HAVE_SYS_STAT_H
# include <sys/stat.h>
#endif
#if STDC_HEADERS
# include <stdlib.h>
# include <stddef.h>
#else
# if HAVE_STDLIB_H
#  include <stdlib.h>
# endif
#endif
#if HAVE_STRING_H
# if !STDC_HEADERS && HAVE_MEMORY_H
#  include <memory.h>
# endif
# include <string.h>
#endif
#if HAVE_STRINGS_H
# include <strings.h>
#endif
#if HAVE_INTTYPES_H
# include <inttypes.h>
#else
# if HAVE_STDINT_H
#  include <stdint.h>
# endif
#endif
#if HAVE_UNISTD_H
# include <unistd.h>
#endif
/* malloc might have been renamed as rpl_malloc. */
#undef malloc

/* Thanks to Mike Haertel and Jim Avera for this test.
   Here is a matrix of mmap possibilities:
	mmap private not fixed
	mmap private fixed at somewhere currently unmapped
	mmap private fixed at somewhere already mapped
	mmap shared not fixed
	mmap shared fixed at somewhere currently unmapped
	mmap shared fixed at somewhere already mapped
   For private mappings, we should verify that changes cannot be read()
   back from the file, nor mmap's back from the file at a different
   address.  (There have been systems where private was not correctly
   implemented like the infamous i386 svr4.0, and systems where the
   VM page cache was not coherent with the file system buffer cache
   like early versions of FreeBSD and possibly contemporary NetBSD.)
   For shared mappings, we should conversely verify that changes get
   propagated back to all the places they're supposed to be.

   Grep wants private fixed already mapped.
   The main things grep needs to know about mmap are:
   * does it exist and is it safe to write into the mmap'd area
   * how to use it (BSD variants)  */

#include <fcntl.h>
#include <sys/mman.h>

#if !STDC_HEADERS && !HAVE_STDLIB_H
char *malloc ();
#endif

/* This mess was copied from the GNU getpagesize.h.  */
#if !HAVE_GETPAGESIZE
/* Assume that all systems that can run configure have sys/param.h.  */
# if !HAVE_SYS_PARAM_H
#  define HAVE_SYS_PARAM_H 1
# endif

# ifdef _SC_PAGESIZE
#  define getpagesize() sysconf(_SC_PAGESIZE)
# else /* no _SC_PAGESIZE */
#  if HAVE_SYS_PARAM_H
#   include <sys/param.h>
#   ifdef EXEC_PAGESIZE
#    define getpagesize() EXEC_PAGESIZE
#   else /* no EXEC_PAGESIZE */
#    ifdef NBPG
#     define getpagesize() NBPG * CLSIZE
#     ifndef CLSIZE
#      define CLSIZE 1
#     endif /* no CLSIZE */
#    else /* no NBPG */
#     ifdef NBPC
#      define getpagesize() NBPC
#     else /* no NBPC */
#      ifdef PAGESIZE
#       define getpagesize() PAGESIZE
#      endif /* PAGESIZE */
#     endif /* no NBPC */
#    endif /* no NBPG */
#   endif /* no EXEC_PAGESIZE */
#  else /* no HAVE_SYS_PARAM_H */
#   define getpagesize() 8192	/* punt totally */
#  endif /* no HAVE_SYS_PARAM_H */
# endif /* no _SC_PAGESIZE */

#endif /* no HAVE_GETPAGESIZE */

int
main ()
{
  char *data, *data2, *data3;
  int i, pagesize;
  int fd;

  pagesize = getpagesize ();

  /* First, make a file with some known garbage in it. */
  data = (char *) malloc (pagesize);
  if (!data)
    exit (1);
  for (i = 0; i < pagesize; ++i)
    *(data + i) = rand ();
  umask (0);
  fd = creat ("conftest.mmap", 0600);
  if (fd < 0)
    exit (1);
  if (write (fd, data, pagesize) != pagesize)
    exit (1);
  close (fd);

  /* Next, try to mmap the file at a fixed address which already has
     something else allocated at it.  If we can, also make sure that
     we see the same garbage.  */
  fd = open ("conftest.mmap", O_RDWR);
  if (fd < 0)
    exit (1);
  data2 = (char *) malloc (2 * pagesize);
  if (!data2)
    exit (1);
  data2 += (pagesize - ((int) data2 & (pagesize - 1))) & (pagesize - 1);
  if (data2 != mmap (data2, pagesize, PROT_READ | PROT_WRITE,
                     MAP_PRIVATE | MAP_FIXED, fd, 0L))
    exit (1);
  for (i = 0; i < pagesize; ++i)
    if (*(data + i) != *(data2 + i))
      exit (1);

  /* Finally, make sure that changes to the mapped area do not
     percolate back to the file as seen by read().  (This is a bug on
     some variants of i386 svr4.0.)  */
  for (i = 0; i < pagesize; ++i)
    *(data2 + i) = *(data2 + i) + 1;
  data3 = (char *) malloc (pagesize);
  if (!data3)
    exit (1);
  if (read (fd, data3, pagesize) != pagesize)
    exit (1);
  for (i = 0; i < pagesize; ++i)
    if (*(data + i) != *(data3 + i))
      exit (1);
  close (fd);
  exit (0);
}
configure:8022: result: no
configure:8034: checking whether we are using the GNU C Library 2.1 or newer
configure:8062: result: yes
configure:8095: checking for ld used by GCC
configure:8158: result: /bin/ld
configure:8167: checking if the linker (/bin/ld) is GNU ld
GNU ld version 2.9.1 (with BFD 2.9.1)
configure:8179: result: yes
configure:8185: checking for shared library run path origin
configure:8198: result: done
configure:8594: checking for iconv
configure:8624: gcc -o conftest -g -O2   conftest.c  >&5
configure:8605: iconv.h: No such file or directory
configure:8627: $? = 1
configure: failed program was:
#line 8603 "configure"
#include "confdefs.h"
#include <stdlib.h>
#include <iconv.h>
#ifdef F77_DUMMY_MAIN
#  ifdef __cplusplus
     extern "C"
#  endif
   int F77_DUMMY_MAIN() { return 1; }
#endif
int
main ()
{
iconv_t cd = iconv_open("","");
       iconv(cd,NULL,NULL,NULL,NULL);
       iconv_close(cd);
  ;
  return 0;
}
configure:8666: gcc -o conftest -g -O2   conftest.c  -liconv >&5
configure:8647: iconv.h: No such file or directory
configure:8669: $? = 1
configure: failed program was:
#line 8645 "configure"
#include "confdefs.h"
#include <stdlib.h>
#include <iconv.h>
#ifdef F77_DUMMY_MAIN
#  ifdef __cplusplus
     extern "C"
#  endif
   int F77_DUMMY_MAIN() { return 1; }
#endif
int
main ()
{
iconv_t cd = iconv_open("","");
         iconv(cd,NULL,NULL,NULL,NULL);
         iconv_close(cd);
  ;
  return 0;
}
configure:8688: result: no, consider installing GNU libiconv
configure:8736: checking argz.h usability
configure:8745: gcc -c -g -O2  conftest.c >&5
configure:8774: argz.h: No such file or directory
configure:8748: $? = 1
configure: failed program was:
#line 8739 "configure"
#include "confdefs.h"
#include <stdio.h>
#if HAVE_SYS_TYPES_H
# include <sys/types.h>
#endif
#if HAVE_SYS_STAT_H
# include <sys/stat.h>
#endif
#if STDC_HEADERS
# include <stdlib.h>
# include <stddef.h>
#else
# if HAVE_STDLIB_H
#  include <stdlib.h>
# endif
#endif
#if HAVE_STRING_H
# if !STDC_HEADERS && HAVE_MEMORY_H
#  include <memory.h>
# endif
# include <string.h>
#endif
#if HAVE_STRINGS_H
# include <strings.h>
#endif
#if HAVE_INTTYPES_H
# include <inttypes.h>
#else
# if HAVE_STDINT_H
#  include <stdint.h>
# endif
#endif
#if HAVE_UNISTD_H
# include <unistd.h>
#endif
#include <argz.h>
configure:8763: result: no
configure:8767: checking argz.h presence
configure:8774: gcc -E  conftest.c
configure:8771: argz.h: No such file or directory
configure:8780: $? = 1
configure: failed program was:
#line 8770 "configure"
#include "confdefs.h"
#include <argz.h>
configure:8798: result: no
configure:8816: checking for argz.h
configure:8823: result: no
configure:8727: checking for limits.h
configure:8732: result: yes
configure:8727: checking for locale.h
configure:8732: result: yes
configure:8736: checking nl_types.h usability
configure:8745: gcc -c -g -O2  conftest.c >&5
configure:8774: nl_types.h: No such file or directory
configure:8748: $? = 1
configure: failed program was:
#line 8739 "configure"
#include "confdefs.h"
#include <stdio.h>
#if HAVE_SYS_TYPES_H
# include <sys/types.h>
#endif
#if HAVE_SYS_STAT_H
# include <sys/stat.h>
#endif
#if STDC_HEADERS
# include <stdlib.h>
# include <stddef.h>
#else
# if HAVE_STDLIB_H
#  include <stdlib.h>
# endif
#endif
#if HAVE_STRING_H
# if !STDC_HEADERS && HAVE_MEMORY_H
#  include <memory.h>
# endif
# include <string.h>
#endif
#if HAVE_STRINGS_H
# include <strings.h>
#endif
#if HAVE_INTTYPES_H
# include <inttypes.h>
#else
# if HAVE_STDINT_H
#  include <stdint.h>
# endif
#endif
#if HAVE_UNISTD_H
# include <unistd.h>
#endif
#include <nl_types.h>
configure:8763: result: no
configure:8767: checking nl_types.h presence
configure:8774: gcc -E  conftest.c
configure:8771: nl_types.h: No such file or directory
configure:8780: $? = 1
configure: failed program was:
#line 8770 "configure"
#include "confdefs.h"
#include <nl_types.h>
configure:8798: result: no
configure:8816: checking for nl_types.h
configure:8823: result: no
configure:8736: checking malloc.h usability
configure:8745: gcc -c -g -O2  conftest.c >&5
configure:8748: $? = 0
configure:8751: test -s conftest.o
configure:8754: $? = 0
configure:8763: result: yes
configure:8767: checking malloc.h presence
configure:8774: gcc -E  conftest.c
configure:8780: $? = 0
configure:8798: result: yes
configure:8816: checking for malloc.h
configure:8823: result: yes
configure:8727: checking for stddef.h
configure:8732: result: yes
configure:8727: checking for stdlib.h
configure:8732: result: yes
configure:8727: checking for string.h
configure:8732: result: yes
configure:8727: checking for unistd.h
configure:8732: result: yes
configure:8736: checking sys/param.h usability
configure:8745: gcc -c -g -O2  conftest.c >&5
configure:8748: $? = 0
configure:8751: test -s conftest.o
configure:8754: $? = 0
configure:8763: result: yes
configure:8767: checking sys/param.h presence
configure:8774: gcc -E  conftest.c
configure:8780: $? = 0
configure:8798: result: yes
configure:8816: checking for sys/param.h
configure:8823: result: yes
configure:8862: checking for feof_unlocked
configure:8905: gcc -o conftest -g -O2   conftest.c  >&5
/t/cchB9kHU.o: In function `main':
/src/src/bison-1.35/configure:8896: undefined reference to `feof_unlocked'
collect2: ld returned 1 exit status
configure:8908: $? = 1
configure: failed program was:
#line 8868 "configure"
#include "confdefs.h"
/* System header to define __stub macros and hopefully few prototypes,
    which can conflict with char feof_unlocked (); below.  */
#include <assert.h>
/* Override any gcc2 internal prototype to avoid an error.  */
#ifdef __cplusplus
extern "C"
#endif
/* We use char because int might match the return type of a gcc2
   builtin and then its argument prototype would still apply.  */
char feof_unlocked ();
char (*f) ();

#ifdef F77_DUMMY_MAIN
#  ifdef __cplusplus
     extern "C"
#  endif
   int F77_DUMMY_MAIN() { return 1; }
#endif
int
main ()
{
/* The GNU C library defines this for functions which it implements
    to always fail with ENOSYS.  Some functions are actually named
    something starting with __ and the normal name is an alias.  */
#if defined (__stub_feof_unlocked) || defined (__stub___feof_unlocked)
choke me
#else
f = feof_unlocked;
#endif

  ;
  return 0;
}
configure:8924: result: no
configure:8862: checking for fgets_unlocked
configure:8905: gcc -o conftest -g -O2   conftest.c  >&5
/t/cckcU9uO.o: In function `main':
/src/src/bison-1.35/configure:8896: undefined reference to `fgets_unlocked'
collect2: ld returned 1 exit status
configure:8908: $? = 1
configure: failed program was:
#line 8868 "configure"
#include "confdefs.h"
/* System header to define __stub macros and hopefully few prototypes,
    which can conflict with char fgets_unlocked (); below.  */
#include <assert.h>
/* Override any gcc2 internal prototype to avoid an error.  */
#ifdef __cplusplus
extern "C"
#endif
/* We use char because int might match the return type of a gcc2
   builtin and then its argument prototype would still apply.  */
char fgets_unlocked ();
char (*f) ();

#ifdef F77_DUMMY_MAIN
#  ifdef __cplusplus
     extern "C"
#  endif
   int F77_DUMMY_MAIN() { return 1; }
#endif
int
main ()
{
/* The GNU C library defines this for functions which it implements
    to always fail with ENOSYS.  Some functions are actually named
    something starting with __ and the normal name is an alias.  */
#if defined (__stub_fgets_unlocked) || defined (__stub___fgets_unlocked)
choke me
#else
f = fgets_unlocked;
#endif

  ;
  return 0;
}
configure:8924: result: no
configure:8862: checking for getc_unlocked
configure:8905: gcc -o conftest -g -O2   conftest.c  >&5
/t/ccn53AcD.o: In function `main':
/src/src/bison-1.35/configure:8896: undefined reference to `getc_unlocked'
collect2: ld returned 1 exit status
configure:8908: $? = 1
configure: failed program was:
#line 8868 "configure"
#include "confdefs.h"
/* System header to define __stub macros and hopefully few prototypes,
    which can conflict with char getc_unlocked (); below.  */
#include <assert.h>
/* Override any gcc2 internal prototype to avoid an error.  */
#ifdef __cplusplus
extern "C"
#endif
/* We use char because int might match the return type of a gcc2
   builtin and then its argument prototype would still apply.  */
char getc_unlocked ();
char (*f) ();

#ifdef F77_DUMMY_MAIN
#  ifdef __cplusplus
     extern "C"
#  endif
   int F77_DUMMY_MAIN() { return 1; }
#endif
int
main ()
{
/* The GNU C library defines this for functions which it implements
    to always fail with ENOSYS.  Some functions are actually named
    something starting with __ and the normal name is an alias.  */
#if defined (__stub_getc_unlocked) || defined (__stub___getc_unlocked)
choke me
#else
f = getc_unlocked;
#endif

  ;
  return 0;
}
configure:8924: result: no
configure:8862: checking for getcwd
configure:8905: gcc -o conftest -g -O2   conftest.c  >&5
configure:8908: $? = 0
configure:8911: test -s conftest
configure:8914: $? = 0
configure:8924: result: yes
configure:8862: checking for getegid
configure:8905: gcc -o conftest -g -O2   conftest.c  >&5
configure:8908: $? = 0
configure:8911: test -s conftest
configure:8914: $? = 0
configure:8924: result: yes
configure:8862: checking for geteuid
configure:8905: gcc -o conftest -g -O2   conftest.c  >&5
configure:8908: $? = 0
configure:8911: test -s conftest
configure:8914: $? = 0
configure:8924: result: yes
configure:8862: checking for getgid
configure:8905: gcc -o conftest -g -O2   conftest.c  >&5
configure:8908: $? = 0
configure:8911: test -s conftest
configure:8914: $? = 0
configure:8924: result: yes
configure:8862: checking for getuid
configure:8905: gcc -o conftest -g -O2   conftest.c  >&5
configure:8908: $? = 0
configure:8911: test -s conftest
configure:8914: $? = 0
configure:8924: result: yes
configure:8862: checking for mempcpy
configure:8905: gcc -o conftest -g -O2   conftest.c  >&5
/t/cczU51Kn.o: In function `main':
/src/src/bison-1.35/configure:8896: undefined reference to `mempcpy'
collect2: ld returned 1 exit status
configure:8908: $? = 1
configure: failed program was:
#line 8868 "configure"
#include "confdefs.h"
/* System header to define __stub macros and hopefully few prototypes,
    which can conflict with char mempcpy (); below.  */
#include <assert.h>
/* Override any gcc2 internal prototype to avoid an error.  */
#ifdef __cplusplus
extern "C"
#endif
/* We use char because int might match the return type of a gcc2
   builtin and then its argument prototype would still apply.  */
char mempcpy ();
char (*f) ();

#ifdef F77_DUMMY_MAIN
#  ifdef __cplusplus
     extern "C"
#  endif
   int F77_DUMMY_MAIN() { return 1; }
#endif
int
main ()
{
/* The GNU C library defines this for functions which it implements
    to always fail with ENOSYS.  Some functions are actually named
    something starting with __ and the normal name is an alias.  */
#if defined (__stub_mempcpy) || defined (__stub___mempcpy)
choke me
#else
f = mempcpy;
#endif

  ;
  return 0;
}
configure:8924: result: no
configure:8862: checking for munmap
configure:8905: gcc -o conftest -g -O2   conftest.c  >&5
configure:8908: $? = 0
configure:8911: test -s conftest
configure:8914: $? = 0
configure:8924: result: yes
configure:8862: checking for putenv
configure:8905: gcc -o conftest -g -O2   conftest.c  >&5
configure:8908: $? = 0
configure:8911: test -s conftest
configure:8914: $? = 0
configure:8924: result: yes
configure:8862: checking for setenv
configure:8905: gcc -o conftest -g -O2   conftest.c  >&5
configure:8908: $? = 0
configure:8911: test -s conftest
configure:8914: $? = 0
configure:8924: result: yes
configure:8862: checking for setlocale
configure:8924: result: yes
configure:8862: checking for stpcpy
configure:8924: result: no
configure:8862: checking for strcasecmp
configure:8905: gcc -o conftest -g -O2   conftest.c  >&5
configure:8908: $? = 0
configure:8911: test -s conftest
configure:8914: $? = 0
configure:8924: result: yes
configure:8862: checking for strdup
configure:8905: gcc -o conftest -g -O2   conftest.c  >&5
configure:8908: $? = 0
configure:8911: test -s conftest
configure:8914: $? = 0
configure:8924: result: yes
configure:8862: checking for strtoul
configure:8905: gcc -o conftest -g -O2   conftest.c  >&5
configure:8908: $? = 0
configure:8911: test -s conftest
configure:8914: $? = 0
configure:8924: result: yes
configure:8862: checking for tsearch
configure:8905: gcc -o conftest -g -O2   conftest.c  >&5
/t/ccht6vvi.o: In function `main':
/src/src/bison-1.35/configure:8896: undefined reference to `tsearch'
collect2: ld returned 1 exit status
configure:8908: $? = 1
configure: failed program was:
#line 8868 "configure"
#include "confdefs.h"
/* System header to define __stub macros and hopefully few prototypes,
    which can conflict with char tsearch (); below.  */
#include <assert.h>
/* Override any gcc2 internal prototype to avoid an error.  */
#ifdef __cplusplus
extern "C"
#endif
/* We use char because int might match the return type of a gcc2
   builtin and then its argument prototype would still apply.  */
char tsearch ();
char (*f) ();

#ifdef F77_DUMMY_MAIN
#  ifdef __cplusplus
     extern "C"
#  endif
   int F77_DUMMY_MAIN() { return 1; }
#endif
int
main ()
{
/* The GNU C library defines this for functions which it implements
    to always fail with ENOSYS.  Some functions are actually named
    something starting with __ and the normal name is an alias.  */
#if defined (__stub_tsearch) || defined (__stub___tsearch)
choke me
#else
f = tsearch;
#endif

  ;
  return 0;
}
configure:8924: result: no
configure:8862: checking for __argz_count
configure:8905: gcc -o conftest -g -O2   conftest.c  >&5
/t/ccMT48o7.o: In function `main':
/src/src/bison-1.35/configure:8896: undefined reference to `__argz_count'
collect2: ld returned 1 exit status
configure:8908: $? = 1
configure: failed program was:
#line 8868 "configure"
#include "confdefs.h"
/* System header to define __stub macros and hopefully few prototypes,
    which can conflict with char __argz_count (); below.  */
#include <assert.h>
/* Override any gcc2 internal prototype to avoid an error.  */
#ifdef __cplusplus
extern "C"
#endif
/* We use char because int might match the return type of a gcc2
   builtin and then its argument prototype would still apply.  */
char __argz_count ();
char (*f) ();

#ifdef F77_DUMMY_MAIN
#  ifdef __cplusplus
     extern "C"
#  endif
   int F77_DUMMY_MAIN() { return 1; }
#endif
int
main ()
{
/* The GNU C library defines this for functions which it implements
    to always fail with ENOSYS.  Some functions are actually named
    something starting with __ and the normal name is an alias.  */
#if defined (__stub___argz_count) || defined (__stub_____argz_count)
choke me
#else
f = __argz_count;
#endif

  ;
  return 0;
}
configure:8924: result: no
configure:8862: checking for __argz_stringify
configure:8905: gcc -o conftest -g -O2   conftest.c  >&5
/t/ccOvG3zi.o: In function `main':
/src/src/bison-1.35/configure:8896: undefined reference to `__argz_stringify'
collect2: ld returned 1 exit status
configure:8908: $? = 1
configure: failed program was:
#line 8868 "configure"
#include "confdefs.h"
/* System header to define __stub macros and hopefully few prototypes,
    which can conflict with char __argz_stringify (); below.  */
#include <assert.h>
/* Override any gcc2 internal prototype to avoid an error.  */
#ifdef __cplusplus
extern "C"
#endif
/* We use char because int might match the return type of a gcc2
   builtin and then its argument prototype would still apply.  */
char __argz_stringify ();
char (*f) ();

#ifdef F77_DUMMY_MAIN
#  ifdef __cplusplus
     extern "C"
#  endif
   int F77_DUMMY_MAIN() { return 1; }
#endif
int
main ()
{
/* The GNU C library defines this for functions which it implements
    to always fail with ENOSYS.  Some functions are actually named
    something starting with __ and the normal name is an alias.  */
#if defined (__stub___argz_stringify) || defined (__stub_____argz_stringify)
choke me
#else
f = __argz_stringify;
#endif

  ;
  return 0;
}
configure:8924: result: no
configure:8862: checking for __argz_next
configure:8905: gcc -o conftest -g -O2   conftest.c  >&5
/t/ccHJobwQ.o: In function `main':
/src/src/bison-1.35/configure:8896: undefined reference to `__argz_next'
collect2: ld returned 1 exit status
configure:8908: $? = 1
configure: failed program was:
#line 8868 "configure"
#include "confdefs.h"
/* System header to define __stub macros and hopefully few prototypes,
    which can conflict with char __argz_next (); below.  */
#include <assert.h>
/* Override any gcc2 internal prototype to avoid an error.  */
#ifdef __cplusplus
extern "C"
#endif
/* We use char because int might match the return type of a gcc2
   builtin and then its argument prototype would still apply.  */
char __argz_next ();
char (*f) ();

#ifdef F77_DUMMY_MAIN
#  ifdef __cplusplus
     extern "C"
#  endif
   int F77_DUMMY_MAIN() { return 1; }
#endif
int
main ()
{
/* The GNU C library defines this for functions which it implements
    to always fail with ENOSYS.  Some functions are actually named
    something starting with __ and the normal name is an alias.  */
#if defined (__stub___argz_next) || defined (__stub_____argz_next)
choke me
#else
f = __argz_next;
#endif

  ;
  return 0;
}
configure:8924: result: no
configure:9009: checking for nl_langinfo and CODESET
configure:9033: gcc -o conftest -g -O2   conftest.c  >&5
configure:9016: langinfo.h: No such file or directory
configure:9036: $? = 1
configure: failed program was:
#line 9015 "configure"
#include "confdefs.h"
#include <langinfo.h>
#ifdef F77_DUMMY_MAIN
#  ifdef __cplusplus
     extern "C"
#  endif
   int F77_DUMMY_MAIN() { return 1; }
#endif
int
main ()
{
char* cs = nl_langinfo(CODESET);
  ;
  return 0;
}
configure:9053: result: no
configure:9064: checking for LC_MESSAGES
configure:9088: gcc -o conftest -g -O2   conftest.c  >&5
configure:9091: $? = 0
configure:9094: test -s conftest
configure:9097: $? = 0
configure:9107: result: yes
configure:9122: checking for bison
configure:9138: found /bin/bison
configure:9148: result: bison
configure:9161: checking version of bison
configure:9170: result: 1.27, ok
configure:9189: checking whether NLS is requested
configure:9198: result: yes
configure:9213: checking whether included gettext is requested
configure:9223: result: no
configure:9234: checking for GNU gettext in libc
configure:9261: gcc -o conftest -g -O2   conftest.c  >&5
configure:9241: libintl.h: No such file or directory
configure:9264: $? = 1
configure: failed program was:
#line 9240 "configure"
#include "confdefs.h"
#include <libintl.h>
extern int _nl_msg_cat_cntr;
extern int *_nl_domain_bindings;
#ifdef F77_DUMMY_MAIN
#  ifdef __cplusplus
     extern "C"
#  endif
   int F77_DUMMY_MAIN() { return 1; }
#endif
int
main ()
{
bindtextdomain ("", "");
return (int) gettext ("") + (int) ngettext ("", "", 0) + _nl_msg_cat_cntr + *_nl_domain_bindings
  ;
  return 0;
}
configure:9280: result: no
configure:9638: checking for GNU gettext in libintl
configure:9674: gcc -o conftest -g -O2    conftest.c  -lintl >&5
configure:9649: libintl.h: No such file or directory
configure:9677: $? = 1
configure: failed program was:
#line 9648 "configure"
#include "confdefs.h"
#include <libintl.h>
extern int _nl_msg_cat_cntr;
extern int *_nl_domain_bindings;
extern
#ifdef __cplusplus
"C"
#endif
const char *_nl_expand_alias ();
#ifdef F77_DUMMY_MAIN
#  ifdef __cplusplus
     extern "C"
#  endif
   int F77_DUMMY_MAIN() { return 1; }
#endif
int
main ()
{
bindtextdomain ("", "");
return (int) gettext ("") + (int) ngettext ("", "", 0) + _nl_msg_cat_cntr + *_nl_domain_bindings + *_nl_expand_alias (0)
  ;
  return 0;
}
configure:9745: result: no
configure:9967: creating ./config.status

## ---------------------- ##
## Running config.status. ##
## ---------------------- ##

This file was extended by GNU Bison config.status 1.35, which was
generated by GNU Autoconf 2.53a.  Invocation command line was

  CONFIG_FILES    = 
  CONFIG_HEADERS  = 
  CONFIG_LINKS    = 
  CONFIG_COMMANDS = 
  $ ./config.status 

on LOUISE3

config.status:10678: creating tests/bison
config.status:10678: creating tests/Makefile
config.status:10678: creating tests/atlocal
config.status:10678: creating Makefile
config.status:10678: creating config/Makefile
config.status:10678: creating intl/Makefile
config.status:10678: creating po/Makefile.in
config.status:10678: creating lib/Makefile
config.status:10678: creating src/Makefile
config.status:10678: creating doc/Makefile
config.status:10678: creating m4/Makefile
config.status:10785: creating config.h
config.status:11034: executing tests/atconfig commands
config.status:11034: executing depfiles commands
config.status:11034: executing default-1 commands

## ---------------- ##
## Cache variables. ##
## ---------------- ##

ac_cv_build=m68k-unknown-amigaos
ac_cv_build_alias=m68k-unknown-amigaos
ac_cv_c_backslash_a=yes
ac_cv_c_compiler_gnu=yes
ac_cv_c_const=yes
ac_cv_c_inline=inline
ac_cv_env_CC_set=
ac_cv_env_CC_value=
ac_cv_env_CFLAGS_set=
ac_cv_env_CFLAGS_value=
ac_cv_env_CPPFLAGS_set=
ac_cv_env_CPPFLAGS_value=
ac_cv_env_CPP_set=
ac_cv_env_CPP_value=
ac_cv_env_LDFLAGS_set=
ac_cv_env_LDFLAGS_value=
ac_cv_env_build_alias_set=
ac_cv_env_build_alias_value=
ac_cv_env_host_alias_set=
ac_cv_env_host_alias_value=
ac_cv_env_target_alias_set=
ac_cv_env_target_alias_value=
ac_cv_exeext=
ac_cv_func___argz_count=no
ac_cv_func___argz_next=no
ac_cv_func___argz_stringify=no
ac_cv_func_alloca_works=yes
ac_cv_func_doprnt=no
ac_cv_func_feof_unlocked=no
ac_cv_func_fgets_unlocked=no
ac_cv_func_getc_unlocked=no
ac_cv_func_getcwd=yes
ac_cv_func_getegid=yes
ac_cv_func_geteuid=yes
ac_cv_func_getgid=yes
ac_cv_func_getpagesize=yes
ac_cv_func_getuid=yes
ac_cv_func_isascii=yes
ac_cv_func_iswprint=no
ac_cv_func_mbsinit=no
ac_cv_func_memchr=yes
ac_cv_func_mempcpy=no
ac_cv_func_memrchr=no
ac_cv_func_mkstemp=yes
ac_cv_func_mmap_fixed_mapped=no
ac_cv_func_munmap=yes
ac_cv_func_obstack=no
ac_cv_func_putenv=yes
ac_cv_func_setenv=yes
ac_cv_func_setlocale=yes
ac_cv_func_stpcpy=no
ac_cv_func_strcasecmp=yes
ac_cv_func_strchr=yes
ac_cv_func_strdup=yes
ac_cv_func_strerror=yes
ac_cv_func_strerror_r=no
ac_cv_func_strerror_r_char_p=no
ac_cv_func_strnlen_working=no
ac_cv_func_strspn=yes
ac_cv_func_strtoul=yes
ac_cv_func_tsearch=no
ac_cv_func_vprintf=yes
ac_cv_gnu_library_2_1=yes
ac_cv_have_decl_memchr=yes
ac_cv_have_decl_memrchr=no
ac_cv_have_decl_stpcpy=no
ac_cv_have_decl_strchr=yes
ac_cv_have_decl_strerror=yes
ac_cv_have_decl_strerror_r=no
ac_cv_have_decl_strnlen=no
ac_cv_have_decl_strspn=yes
ac_cv_header_argz_h=no
ac_cv_header_ctype_h=yes
ac_cv_header_inttypes_h=no
ac_cv_header_limits_h=yes
ac_cv_header_locale_h=yes
ac_cv_header_malloc_h=yes
ac_cv_header_memory_h=yes
ac_cv_header_nl_types_h=no
ac_cv_header_stdc=yes
ac_cv_header_stddef_h=yes
ac_cv_header_stdint_h=no
ac_cv_header_stdlib_h=yes
ac_cv_header_string_h=yes
ac_cv_header_strings_h=yes
ac_cv_header_sys_param_h=yes
ac_cv_header_sys_stat_h=yes
ac_cv_header_sys_types_h=yes
ac_cv_header_unistd_h=yes
ac_cv_header_wchar_h=no
ac_cv_header_wctype_h=no
ac_cv_host=m68k-unknown-amigaos
ac_cv_host_alias=m68k-unknown-amigaos
ac_cv_lib_cposix_strerror=no
ac_cv_lib_error_at_line=no
ac_cv_objext=o
ac_cv_path_GMSGFMT=:
ac_cv_path_MSGFMT=:
ac_cv_path_MSGMERGE=:
ac_cv_path_XGETTEXT=:
ac_cv_path_install='/bin/install -c'
ac_cv_prog_AWK=gawk
ac_cv_prog_CPP='gcc -E'
ac_cv_prog_INTLBISON=bison
ac_cv_prog_ac_ct_CC=gcc
ac_cv_prog_ac_ct_RANLIB=ranlib
ac_cv_prog_cc_g=yes
ac_cv_prog_cc_stdc=
ac_cv_prog_make_make_set=yes
ac_cv_type_mbstate_t=no
ac_cv_type_off_t=yes
ac_cv_type_size_t=yes
ac_cv_working_alloca_h=no
acl_cv_hardcode_direct=no
acl_cv_hardcode_libdir_flag_spec='-L$libdir'
acl_cv_hardcode_libdir_separator=
acl_cv_hardcode_minus_L=yes
acl_cv_libext=a
acl_cv_path_LD=/bin/ld
acl_cv_prog_gnu_ld=yes
acl_cv_rpath=done
acl_cv_shlibext=ixlibrary
acl_cv_sys_lib_dlsearch_path_spec='/lib /usr/lib'
acl_cv_sys_lib_search_path_spec='/lib /usr/lib /usr/local/lib'
acl_cv_wl=-Wl,
am_cv_CC_dependencies_compiler_type=gcc
am_cv_func_iconv='no, consider installing GNU libiconv'
am_cv_langinfo_codeset=no
am_cv_lib_iconv=no
am_cv_prog_cc_stdc=
am_cv_val_LC_MESSAGES=yes
gt_cv_func_gnugettext2_libc=no
gt_cv_func_gnugettext2_libintl=no
jm_cv_func_mbrtowc=no
jm_cv_func_working_malloc=yes
jm_cv_func_working_realloc=yes
nls_cv_force_use_gnu_gettext=no
nls_cv_header_intl=
nls_cv_header_libgt=
nls_cv_use_gnu_gettext=yes

## ----------- ##
## confdefs.h. ##
## ----------- ##

#define PACKAGE_NAME "GNU Bison"
#define PACKAGE_TARNAME "bison"
#define PACKAGE_VERSION "1.35"
#define PACKAGE_STRING "GNU Bison 1.35"
#define PACKAGE_BUGREPORT "bug-bison@gnu.org"
#define PACKAGE "bison"
#define VERSION "1.35"
#define STDC_HEADERS 1
#define HAVE_SYS_TYPES_H 1
#define HAVE_SYS_STAT_H 1
#define HAVE_STDLIB_H 1
#define HAVE_STRING_H 1
#define HAVE_MEMORY_H 1
#define HAVE_STRINGS_H 1
#define HAVE_UNISTD_H 1
#define _GNU_SOURCE 1
#define STDC_HEADERS 1
#define HAVE_CTYPE_H 1
#define HAVE_LOCALE_H 1
#define HAVE_MEMORY_H 1
#define HAVE_STDLIB_H 1
#define HAVE_STRING_H 1
#define HAVE_UNISTD_H 1
#define PROTOTYPES 1
#define STDC_HEADERS 1
#define HAVE_STRING_H 1
#define HAVE_ALLOCA 1
#define HAVE_MKSTEMP 1
#define HAVE_SETLOCALE 1
#define HAVE_DECL_STPCPY 0
#define HAVE_DECL_STRCHR 1
#define HAVE_DECL_STRSPN 1
#define HAVE_DECL_STRNLEN 0
#define HAVE_DECL_MEMCHR 1
#define HAVE_DECL_MEMRCHR 0
#define HAVE_STRCHR 1
#define HAVE_STRSPN 1
#define HAVE_MEMCHR 1
#define HAVE_DONE_WORKING_MALLOC_CHECK 1
#define HAVE_DONE_WORKING_REALLOC_CHECK 1
#define HAVE_ISASCII 1
#define HAVE_LIMITS_H 1
#define HAVE_STDDEF_H 1
#define HAVE_STDLIB_H 1
#define HAVE_STRING_H 1
#define STDC_HEADERS 1
#define HAVE_C_BACKSLASH_A 1
#define HAVE_STDLIB_H 1
#define mbstate_t int
#define PROTOTYPES 1
#define STDC_HEADERS 1
#define HAVE_STRING_H 1
#define HAVE_STRERROR 1
#define HAVE_VPRINTF 1
#define HAVE_DECL_STRERROR 1
#define HAVE_DECL_STRERROR_R 0
#define STDC_HEADERS 1
#define HAVE_STDLIB_H 1
#define HAVE_UNISTD_H 1
#define HAVE_GETPAGESIZE 1
#define HAVE_LIMITS_H 1
#define HAVE_LOCALE_H 1
#define HAVE_MALLOC_H 1
#define HAVE_STDDEF_H 1
#define HAVE_STDLIB_H 1
#define HAVE_STRING_H 1
#define HAVE_UNISTD_H 1
#define HAVE_SYS_PARAM_H 1
#define HAVE_GETCWD 1
#define HAVE_GETEGID 1
#define HAVE_GETEUID 1
#define HAVE_GETGID 1
#define HAVE_GETUID 1
#define HAVE_MUNMAP 1
#define HAVE_PUTENV 1
#define HAVE_SETENV 1
#define HAVE_SETLOCALE 1
#define HAVE_STRCASECMP 1
#define HAVE_STRDUP 1
#define HAVE_STRTOUL 1
#define HAVE_LC_MESSAGES 1
#define ENABLE_NLS 1

configure: exit 0
