Machine: m68k
Release: unknown
System: AmigaOS
checking for a usable C compiler...checking for compiler warning options.../bin/cc   -Wall -Werror -o ./conftest conftest.c 
yes
checking for gcc.../bin/cc  -Wall -Werror  -o ./conftest conftest.c 
yes
checking for IEEE754 floating point.../bin/cc  -Wall -Werror  -o ./conftest conftest.c 
yes
checking __bounded__ attribute.../bin/cc  -Wall -Werror  -o ./conftest conftest.c 
cc1: warnings being treated as errors
conftest.c:1: warning: `__bounded__' attribute directive ignored
-> failed (0)
no
checking __format__ attribute.../bin/cc  -Wall -Werror  -o ./conftest conftest.c 
cc1: warnings being treated as errors
conftest.c:6: warning: `__nonnull__' attribute directive ignored
-> failed (0)
no
checking __nonnull__ attribute.../bin/cc  -Wall -Werror -Wall -Werror -o ./conftest conftest.c
cc1: warnings being treated as errors
conftest.c:1: warning: `__nonnull__' attribute directive ignored
-> failed (0)
no
checking __aligned__ attribute.../bin/cc  -Wall -Werror -Wall -Werror -o ./conftest conftest.c
yes
checking __packed__ attribute.../bin/cc  -Wall -Werror -Wall -Werror -o ./conftest conftest.c
yes
checking for long double.../bin/cc  -Wall -Werror -o ./conftest conftest.c
yes
checking for long long.../bin/cc  -Wall -Werror -o ./conftest conftest.c
yes
checking for cygwin environment.../bin/cc  -Wall -Werror -mcygwin -o ./conftest conftest.c
conftest.c:3: windows.h: No such file or directory
-> failed (0)
no
checking for POSIX threads.../bin/cc  -Wall -Werror  -o ./conftest conftest.c -lpthread
yes
checking for the X/Open Threads Extension.../bin/cc   -Wall -Werror -U_XOPEN_SOURCE -D_XOPEN_SOURCE=600 -o ./conftest conftest.c -lpthread
yes
checking for PTHREAD_MUTEX_RECURSIVE.../bin/cc   -Wall -Werror  -o ./conftest conftest.c -lpthread
yes
checking for PTHREAD_MUTEX_RECURSIVE_NP.../bin/cc   -Wall -Werror  -o ./conftest conftest.c -lpthread
conftest.c: In function `main':
conftest.c:7: `PTHREAD_MUTEX_RECURSIVE_NP' undeclared (first use in this function)
conftest.c:7: (Each undeclared identifier is reported only once
conftest.c:7: for each function it appears in.)
-> failed (0)
no
checking for SDL (http://www.libsdl.org)...yes
checking whether SDL works.../bin/cc   -Wall -Werror -Iusr/include -Iusr/include/SDL -o ./conftest conftest.c -Lusr/lib -lSDL -ldebug -lSDL_image
yes
checking for OpenGL (http://www.opengl.org)...yes
checking whether -lopengl32 works.../bin/cc   -Wall -Werror  -o ./conftest conftest.c -lopengl32
conftest.c:4: GL/gl.h: No such file or directory
-> failed (0)
no
checking whether OpenGL works.../bin/cc   -Wall -Werror  -o ./conftest conftest.c  -lGL
conftest.c:4: GL/gl.h: No such file or directory
-> failed (0)
no
checking whether -lGL requires -lm.../bin/cc   -Wall -Werror  -o ./conftest conftest.c  -lGL -lm
conftest.c:4: GL/gl.h: No such file or directory
-> failed (0)
no
checking for FreeType (http://www.freetype.org)...yes
checking whether FreeType works.../bin/cc   -Wall -Werror -Iusr/include/freetype -Iusr/include/freetype -o ./conftest conftest.c -Lusr/lib -lfreetype -lz
yes
checking for Agar (http://libagar.org/)...* Warning: Multiple 'agar-config' exist in PATH (using /bin/agar-config)
yes
checking whether Agar works.../bin/cc   -Wall -Werror -I/usr/include/agar -Iusr/include -Iusr/include/SDL -Iusr/include/freetype -Iusr/include/freetype  -I/usr/include    -o ./conftest conftest.c -L/usr/lib -lag_gui -lag_core -Lusr/lib -lSDL -ldebug -Lusr/lib -lfreetype -lz -lm -L/usr/lib -ljpeg -lpthread  
yes
checking for Agar-Math library (http://libagar.org/)...yes
checking whether Agar-Math works.../bin/cc   -Wall -Werror -I/usr/include/agar   -I/usr/include/agar -Iusr/include -Iusr/include/SDL -Iusr/include/freetype -Iusr/include/freetype  -I/usr/include    -o ./conftest conftest.c -L/usr/lib -lag_math -lm  -L/usr/lib -lag_gui -lag_core -Lusr/lib -lSDL -ldebug -Lusr/lib -lfreetype -lz -lm -L/usr/lib -ljpeg -lpthread  
cc1: warnings being treated as errors
In file included from /usr/include/agar/math/m.h:10,
                 from /usr/include/agar/math.h:8,
                 from conftest.c:2:
/usr/include/agar/math/m_complex.h: In function `M_ComplexModulus':
/usr/include/agar/math/m_complex.h:64: warning: type mismatch in implicit declaration for built-in function `sqrt'
/usr/include/agar/math/m_complex.h: In function `M_ComplexArg':
/usr/include/agar/math/m_complex.h:70: warning: implicit declaration of function `atan2'
In file included from /usr/include/agar/math/m_vector.h:202,
                 from /usr/include/agar/math/m.h:11,
                 from /usr/include/agar/math.h:8,
                 from conftest.c:2:
/usr/include/agar/math/m_vector_fpu.h: In function `M_VectorElemPow_FPU':
/usr/include/agar/math/m_vector_fpu.h:260: warning: implicit declaration of function `pow'
In file included from /usr/include/agar/math/m_vector.h:204,
                 from /usr/include/agar/math/m.h:11,
                 from /usr/include/agar/math.h:8,
                 from conftest.c:2:
/usr/include/agar/math/m_vector3_fpu.h: In function `M_VectorRotateI3_FPU':
/usr/include/agar/math/m_vector3_fpu.h:347: warning: type mismatch in implicit declaration for built-in function `cos'
/usr/include/agar/math/m_vector3_fpu.h:347: warning: type mismatch in implicit declaration for built-in function `sin'
In file included from /usr/include/agar/math/m_geometry.h:178,
                 from /usr/include/agar/math/m.h:16,
                 from /usr/include/agar/math.h:8,
                 from conftest.c:2:
/usr/include/agar/math/m_line.h: In function `M_LineIsRay2':
/usr/include/agar/math/m_line.h:40: `HUGE_VAL' undeclared (first use in this function)
/usr/include/agar/math/m_line.h:40: (Each undeclared identifier is reported only once
/usr/include/agar/math/m_line.h:40: for each function it appears in.)
/usr/include/agar/math/m_line.h:41: warning: control reaches end of non-void function
/usr/include/agar/math/m_line.h: In function `M_LineIsRay3':
/usr/include/agar/math/m_line.h:46: `HUGE_VAL' undeclared (first use in this function)
/usr/include/agar/math/m_line.h:47: warning: control reaches end of non-void function
-> failed (0)
no
