This file contains any messages produced by compilers while
running configure, to aid debugging if configure makes a mistake.

It was created by GNU Automake configure 1.6.3, which was
generated by GNU Autoconf 2.53.  Invocation command line was

  $ ./configure --prefix=/gg --build=amiga

## --------- ##
## Platform. ##
## --------- ##

hostname = amiga
uname -m = m68k
uname -r = unknown
uname -s = AmigaOS
uname -v = 45.57

/usr/bin/uname -p = 68040
/bin/uname -X     = unknown

/bin/arch              = unknown
/usr/bin/arch -k       = unknown
/usr/convex/getsysinfo = unknown
hostinfo               = unknown
/bin/machine           = unknown
/usr/bin/oslevel       = unknown
/bin/universe          = unknown

PATH: /bin
PATH: /usr/bin
PATH: /usr/ucb


## ----------- ##
## Core tests. ##
## ----------- ##

configure:1171: checking for a BSD-compatible install
configure:1225: result: /bin/install -c
configure:1236: checking whether build environment is sane
configure:1279: result: yes
configure:1312: checking for gawk
configure:1328: found /bin/gawk
configure:1338: result: gawk
configure:1348: checking whether make sets ${MAKE}
configure:1368: result: yes
configure:1535: checking for perl
configure:1553: found /bin/perl
configure:1565: result: /bin/perl
configure:1588: cd conftest && eval ${SHELL} /Blaze/compile/automake/lib/missing --run autoconf -o /dev/null conftest.ac
configure:1591: $? = 0
configure:1600: checking whether ln works
configure:1620: result: yes
configure:1742: creating ./config.status

## ---------------------- ##
## Running config.status. ##
## ---------------------- ##

This file was extended by GNU Automake config.status 1.6.3, which was
generated by GNU Autoconf 2.53.  Invocation command line was

  CONFIG_FILES    = 
  CONFIG_HEADERS  = 
  CONFIG_LINKS    = 
  CONFIG_COMMANDS = 
  $ ./config.status 

on amiga

config.status:2367: creating automake
config.status:2367: creating aclocal
config.status:2367: creating Makefile
config.status:2367: creating lib/Automake/Makefile
config.status:2367: creating lib/Makefile
config.status:2367: creating lib/am/Makefile
config.status:2367: creating m4/Makefile
config.status:2367: creating m4/amversion.m4
config.status:2367: creating tests/Makefile

## ---------------- ##
## Cache variables. ##
## ---------------- ##

ac_cv_env_build_alias_set=set
ac_cv_env_build_alias_value=amiga
ac_cv_env_host_alias_set=
ac_cv_env_host_alias_value=
ac_cv_env_target_alias_set=
ac_cv_env_target_alias_value=
ac_cv_path_PERL=/bin/perl
ac_cv_path_install='/bin/install -c'
ac_cv_prog_AWK=gawk
ac_cv_prog_make_make_set=yes
am_cv_prog_ln=ln

## ----------- ##
## confdefs.h. ##
## ----------- ##

#define PACKAGE_NAME "GNU Automake"
#define PACKAGE_TARNAME "automake"
#define PACKAGE_VERSION "1.6.3"
#define PACKAGE_STRING "GNU Automake 1.6.3"
#define PACKAGE_BUGREPORT "bug-automake@gnu.org"
#define PACKAGE "automake"
#define VERSION "1.6.3"

configure: exit 0
