This file contains any messages produced by compilers while
running configure, to aid debugging if configure makes a mistake.

configure:530: checking for gcc
configure:607: checking whether the C compiler (gcc  ) works
configure:621: gcc -o conftest    conftest.c  1>&5
configure:641: checking whether the C compiler (gcc  ) is a cross-compiler
configure:646: checking whether we are using GNU C
configure:655: gcc -E conftest.c
configure:670: checking whether gcc accepts -g
configure:728: checking for a BSD compatible install
configure:780: checking for uname
configure:838: checking for Gpm_Repeat in -lgpm
configure:857: gcc -o conftest    conftest.c -lgpm   1>&5
ld: cannot open -lgpm: No such file or directory
configure: failed program was:
#line 846 "configure"
#include "confdefs.h"
/* Override any gcc2 internal prototype to avoid an error.  */
/* We use char because int might match the return type of a gcc2
    builtin and then its argument prototype would still apply.  */
char Gpm_Repeat();

int main() {
Gpm_Repeat()
; return 0; }
configure:885: checking for pow in -lm
configure:904: gcc -o conftest    conftest.c -lm   1>&5
configure:932: checking for initscr in -lncurses
configure:951: gcc -o conftest    conftest.c -lncurses  -lm  1>&5
configure:1028: checking how to run the C preprocessor
configure:1049: gcc -E  conftest.c >/dev/null 2>conftest.out
configure:1089: checking for ANSI C header files
configure:1102: gcc -E  conftest.c >/dev/null 2>conftest.out
configure:1169: gcc -o conftest    conftest.c -lncurses -lm  1>&5
configure:1239: checking whether make sets ${MAKE}
configure:1271: checking for X
configure:1338: gcc -E  conftest.c >/dev/null 2>conftest.out
configure:1414: gcc -o conftest -O2 -fstrength-reduce -ffast-math -fforce-mem -fforce-addr -funroll-loops  -O conftest.c -lXt -lncurses -lm  1>&5
ld: cannot open -lXt: No such file or directory
configure: failed program was:
#line 1407 "configure"
#include "confdefs.h"

int main() {
XtMalloc()
; return 0; }
configure:2249: checking for aa_init in -laa
configure:2268: gcc -o conftest -O2 -fstrength-reduce -ffast-math -fforce-mem -fforce-addr -funroll-loops  -O conftest.c -laa  -lncurses -lm  -L../aalib-1.2 1>&5
configure:2319: checking for SLsmg_init_smg in -lslang
configure:2338: gcc -o conftest -O2 -fstrength-reduce -ffast-math -fforce-mem -fforce-addr -funroll-loops -I../aalib-1.2  -O conftest.c -lslang  -laa -lncurses -lm  -L../aalib-1.2 -L../aalib-1.2 1>&5
ld: cannot open -lslang: No such file or directory
configure: failed program was:
#line 2327 "configure"
#include "confdefs.h"
/* Override any gcc2 internal prototype to avoid an error.  */
/* We use char because int might match the return type of a gcc2
    builtin and then its argument prototype would still apply.  */
char SLsmg_init_smg();

int main() {
SLsmg_init_smg()
; return 0; }
configure:2367: checking for ANSI C header files
configure:2471: checking for sys/wait.h that is POSIX.1 compatible
configure:2492: gcc -c -O2 -fstrength-reduce -ffast-math -fforce-mem -fforce-addr -funroll-loops -I../aalib-1.2  conftest.c 1>&5
configure:2516: checking for malloc.h
configure:2526: gcc -E  conftest.c >/dev/null 2>conftest.out
configure:2516: checking for sys/ioctl.h
configure:2526: gcc -E  conftest.c >/dev/null 2>conftest.out
configure:2516: checking for sys/time.h
configure:2526: gcc -E  conftest.c >/dev/null 2>conftest.out
configure:2516: checking for unistd.h
configure:2526: gcc -E  conftest.c >/dev/null 2>conftest.out
