This file contains any messages produced by compilers while
running configure, to aid debugging if configure makes a mistake.

It was created by configure, which was
generated by GNU Autoconf 2.60.  Invocation command line was

  $ ./configure 

## --------- ##
## Platform. ##
## --------- ##

hostname = pegasos2_26
uname -m = powerpc
uname -r = 2.5
uname -s = MorphOS
uname -v = 51.37

/usr/bin/uname -p = unknown
/bin/uname -X     = unknown

/bin/arch              = unknown
/usr/bin/arch -k       = unknown
/usr/convex/getsysinfo = unknown
/usr/bin/hostinfo      = unknown
/bin/machine           = unknown
/usr/bin/oslevel       = unknown
/bin/universe          = unknown

PATH: .
PATH: /bin
PATH: /usr/bin
PATH: /usr/local/bin
PATH: /mossys/c
PATH: /c
PATH: .


## ----------- ##
## Core tests. ##
## ----------- ##

configure:1832: checking for a BSD-compatible install
configure:1888: result: /bin/install -c
configure:1899: checking whether build environment is sane
configure:1942: result: yes
configure:2007: checking for gawk
configure:2023: found /bin/gawk
configure:2034: result: gawk
configure:2045: checking whether make sets $(MAKE)
configure:2066: result: yes
configure:2316: checking for gcc
configure:2332: found /bin/gcc
configure:2343: result: gcc
configure:2581: checking for C compiler version
configure:2588: gcc --version >&5
2.95.3
configure:2591: $? = 0
configure:2598: gcc -v >&5
Reading specs from /gg/lib/gcc-lib/ppc-morphos/2.95.3/specs
gcc version 2.95.3 20050425 (release/emm-zapek-cisc)
configure:2601: $? = 0
configure:2608: gcc -V >&5
gcc: argument to `-V' is missing
configure:2611: $? = 1
configure:2634: checking for C compiler default output file name
configure:2661: gcc    conftest.c  >&5
configure:2664: $? = 0
configure:2710: result: a.out
configure:2715: checking whether the C compiler works
configure:2725: ./a.out
configure:2728: $? = 0
configure:2745: result: yes
configure:2752: checking whether we are cross compiling
configure:2754: result: no
configure:2757: checking for suffix of executables
configure:2764: gcc -o conftest    conftest.c  >&5
configure:2767: $? = 0
configure:2791: result: 
configure:2797: checking for suffix of object files
configure:2823: gcc -c   conftest.c >&5
configure:2826: $? = 0
configure:2849: result: o
configure:2853: checking whether we are using the GNU C compiler
configure:2882: gcc -c   conftest.c >&5
configure:2888: $? = 0
configure:2895: test -z "$ac_c_werror_flag" || test ! -s conftest.err
configure:2898: $? = 0
configure:2905: test -s conftest.o
configure:2908: $? = 0
configure:2922: result: yes
configure:2927: checking whether gcc accepts -g
configure:2957: gcc -c -g  conftest.c >&5
configure:2963: $? = 0
configure:2970: test -z "$ac_c_werror_flag" || test ! -s conftest.err
configure:2973: $? = 0
configure:2980: test -s conftest.o
configure:2983: $? = 0
configure:3113: result: yes
configure:3130: checking for gcc option to accept ISO C89
configure:3204: gcc  -c -g -O2  conftest.c >&5
configure:3210: $? = 0
configure:3217: test -z "$ac_c_werror_flag" || test ! -s conftest.err
configure:3220: $? = 0
configure:3227: test -s conftest.o
configure:3230: $? = 0
configure:3250: result: none needed
configure:3279: checking for style of include used by make
configure:3307: result: GNU
configure:3335: checking dependency style of gcc
configure:3425: result: gcc
configure:3447: checking how to run the C preprocessor
configure:3487: gcc -E  conftest.c
configure:3493: $? = 0
configure:3531: gcc -E  conftest.c
conftest.c:10: ac_nonexistent.h: No such file or directory
configure:3537: $? = 1
configure: failed program was:
| /* confdefs.h.  */
| #define PACKAGE_NAME ""
| #define PACKAGE_TARNAME ""
| #define PACKAGE_VERSION ""
| #define PACKAGE_STRING ""
| #define PACKAGE_BUGREPORT ""
| #define PACKAGE "plib"
| #define VERSION "1.8.5"
| /* end confdefs.h.  */
| #include <ac_nonexistent.h>
configure:3577: result: gcc -E
configure:3606: gcc -E  conftest.c
configure:3612: $? = 0
configure:3650: gcc -E  conftest.c
conftest.c:10: ac_nonexistent.h: No such file or directory
configure:3656: $? = 1
configure: failed program was:
| /* confdefs.h.  */
| #define PACKAGE_NAME ""
| #define PACKAGE_TARNAME ""
| #define PACKAGE_VERSION ""
| #define PACKAGE_STRING ""
| #define PACKAGE_BUGREPORT ""
| #define PACKAGE "plib"
| #define VERSION "1.8.5"
| /* end confdefs.h.  */
| #include <ac_nonexistent.h>
configure:3758: checking for g++
configure:3774: found /bin/g++
configure:3785: result: g++
configure:3816: checking for C++ compiler version
configure:3823: g++ --version >&5
2.95.3
configure:3826: $? = 0
configure:3833: g++ -v >&5
Reading specs from /gg/lib/gcc-lib/ppc-morphos/2.95.3/specs
gcc version 2.95.3 20050425 (release/emm-zapek-cisc)
configure:3836: $? = 0
configure:3843: g++ -V >&5
g++: argument to `-V' missing

configure:3846: $? = 1
configure:3849: checking whether we are using the GNU C++ compiler
configure:3878: g++ -c   conftest.cpp >&5
configure:3884: $? = 0
configure:3891: test -z "$ac_cxx_werror_flag" || test ! -s conftest.err
configure:3894: $? = 0
configure:3901: test -s conftest.o
configure:3904: $? = 0
configure:3918: result: yes
configure:3923: checking whether g++ accepts -g
configure:3953: g++ -c -g  conftest.cpp >&5
configure:3959: $? = 0
configure:3966: test -z "$ac_cxx_werror_flag" || test ! -s conftest.err
configure:3969: $? = 0
configure:3976: test -s conftest.o
configure:3979: $? = 0
configure:4109: result: yes
configure:4134: checking dependency style of g++
configure:4224: result: gcc
configure:4246: checking how to run the C++ preprocessor
configure:4282: g++ -E  conftest.cpp
configure:4288: $? = 0
configure:4326: g++ -E  conftest.cpp
conftest.cpp:10: ac_nonexistent.h: No such file or directory
configure:4332: $? = 1
configure: failed program was:
| /* confdefs.h.  */
| #define PACKAGE_NAME ""
| #define PACKAGE_TARNAME ""
| #define PACKAGE_VERSION ""
| #define PACKAGE_STRING ""
| #define PACKAGE_BUGREPORT ""
| #define PACKAGE "plib"
| #define VERSION "1.8.5"
| /* end confdefs.h.  */
| #include <ac_nonexistent.h>
configure:4372: result: g++ -E
configure:4401: g++ -E  conftest.cpp
configure:4407: $? = 0
configure:4445: g++ -E  conftest.cpp
conftest.cpp:10: ac_nonexistent.h: No such file or directory
configure:4451: $? = 1
configure: failed program was:
| /* confdefs.h.  */
| #define PACKAGE_NAME ""
| #define PACKAGE_TARNAME ""
| #define PACKAGE_VERSION ""
| #define PACKAGE_STRING ""
| #define PACKAGE_BUGREPORT ""
| #define PACKAGE "plib"
| #define VERSION "1.8.5"
| /* end confdefs.h.  */
| #include <ac_nonexistent.h>
configure:4508: checking for a BSD-compatible install
configure:4564: result: /bin/install -c
configure:4618: checking for ranlib
configure:4634: found /bin/ranlib
configure:4645: result: ranlib
configure:5059: checking build system type
configure:5077: result: powerpc-unknown-morphos
configure:5099: checking host system type
configure:5114: result: powerpc-unknown-morphos
configure:5159: checking for X
configure:5274: gcc -E  conftest.c
conftest.c:10: X11/Xlib.h: No such file or directory
configure:5280: $? = 1
configure: failed program was:
| /* confdefs.h.  */
| #define PACKAGE_NAME ""
| #define PACKAGE_TARNAME ""
| #define PACKAGE_VERSION ""
| #define PACKAGE_STRING ""
| #define PACKAGE_BUGREPORT ""
| #define PACKAGE "plib"
| #define VERSION "1.8.5"
| /* end confdefs.h.  */
| #include <X11/Xlib.h>
configure:5336: gcc -o conftest -g -O2   conftest.c -lXt  >&5
conftest.c:10: X11/Xlib.h: No such file or directory
configure:5342: $? = 1
configure: failed program was:
| /* confdefs.h.  */
| #define PACKAGE_NAME ""
| #define PACKAGE_TARNAME ""
| #define PACKAGE_VERSION ""
| #define PACKAGE_STRING ""
| #define PACKAGE_BUGREPORT ""
| #define PACKAGE "plib"
| #define VERSION "1.8.5"
| /* end confdefs.h.  */
| #include <X11/Xlib.h>
| int
| main ()
| {
| XrmInitialize ()
|   ;
|   return 0;
| }
configure:5406: result: no
configure:6754: checking for pthread_create in -lpthread
configure:6789: gcc -o conftest -g -O2    conftest.c -lpthread     -lm >&5
configure:6795: $? = 0
configure:6802: test -z "$ac_c_werror_flag" || test ! -s conftest.err
configure:6805: $? = 0
configure:6812: test -s conftest
configure:6815: $? = 0
configure:6829: result: yes
configure:6841: checking for glNewList in -lGL
configure:6877: gcc -o conftest -g -O2    conftest.c -lGL  -lpthread    -lm >&5
configure:6883: $? = 0
configure:6890: test -z "$ac_c_werror_flag" || test ! -s conftest.err
configure:6893: $? = 0
configure:6900: test -s conftest
configure:6903: $? = 0
configure:6917: result: yes
configure:7025: checking for dlclose in -ldl
configure:7060: gcc -o conftest -g -O2    conftest.c -ldl  -lGL -lpthread    -lm >&5
/gg/ppc-morphos/bin/ld: cannot open -ldl: No such file or directory
collect2: ld returned 1 exit status
configure:7066: $? = 1
configure: failed program was:
| /* confdefs.h.  */
| #define PACKAGE_NAME ""
| #define PACKAGE_TARNAME ""
| #define PACKAGE_VERSION ""
| #define PACKAGE_STRING ""
| #define PACKAGE_BUGREPORT ""
| #define PACKAGE "plib"
| #define VERSION "1.8.5"
| #define X_DISPLAY_MISSING 1
| #define HAVE_LIBPTHREAD 1
| #define HAVE_LIBGL 1
| /* end confdefs.h.  */
| 
| /* Override any GCC internal prototype to avoid an error.
|    Use char because int might match the return type of a GCC
|    builtin and then its argument prototype would still apply.  */
| #ifdef __cplusplus
| extern "C"
| #endif
| char dlclose ();
| int
| main ()
| {
| return dlclose ();
|   ;
|   return 0;
| }
configure:7100: result: no
configure:7113: checking for ALopenport in -laudio
configure:7148: gcc -o conftest -g -O2    conftest.c -laudio  -lGL -lpthread    -lm >&5
/gg/ppc-morphos/bin/ld: cannot open -laudio: No such file or directory
collect2: ld returned 1 exit status
configure:7154: $? = 1
configure: failed program was:
| /* confdefs.h.  */
| #define PACKAGE_NAME ""
| #define PACKAGE_TARNAME ""
| #define PACKAGE_VERSION ""
| #define PACKAGE_STRING ""
| #define PACKAGE_BUGREPORT ""
| #define PACKAGE "plib"
| #define VERSION "1.8.5"
| #define X_DISPLAY_MISSING 1
| #define HAVE_LIBPTHREAD 1
| #define HAVE_LIBGL 1
| /* end confdefs.h.  */
| 
| /* Override any GCC internal prototype to avoid an error.
|    Use char because int might match the return type of a GCC
|    builtin and then its argument prototype would still apply.  */
| #ifdef __cplusplus
| extern "C"
| #endif
| char ALopenport ();
| int
| main ()
| {
| return ALopenport ();
|   ;
|   return 0;
| }
configure:7188: result: no
configure:7204: checking for grep that handles long lines and -e
configure:7278: result: /bin/grep
configure:7283: checking for egrep
configure:7361: result: /bin/grep -E
configure:7366: checking for ANSI C header files
configure:7396: gcc -c -g -O2  conftest.c >&5
configure:7402: $? = 0
configure:7409: test -z "$ac_c_werror_flag" || test ! -s conftest.err
configure:7412: $? = 0
configure:7419: test -s conftest.o
configure:7422: $? = 0
configure:7518: gcc -o conftest -g -O2    conftest.c -lGL -lpthread    -lm >&5
configure:7521: $? = 0
configure:7527: ./conftest
configure:7530: $? = 0
configure:7547: result: yes
configure:7572: checking for sys/types.h
configure:7593: gcc -c -g -O2  conftest.c >&5
configure:7599: $? = 0
configure:7606: test -z "$ac_c_werror_flag" || test ! -s conftest.err
configure:7609: $? = 0
configure:7616: test -s conftest.o
configure:7619: $? = 0
configure:7632: result: yes
configure:7572: checking for sys/stat.h
configure:7593: gcc -c -g -O2  conftest.c >&5
configure:7599: $? = 0
configure:7606: test -z "$ac_c_werror_flag" || test ! -s conftest.err
configure:7609: $? = 0
configure:7616: test -s conftest.o
configure:7619: $? = 0
configure:7632: result: yes
configure:7572: checking for stdlib.h
configure:7593: gcc -c -g -O2  conftest.c >&5
configure:7599: $? = 0
configure:7606: test -z "$ac_c_werror_flag" || test ! -s conftest.err
configure:7609: $? = 0
configure:7616: test -s conftest.o
configure:7619: $? = 0
configure:7632: result: yes
configure:7572: checking for string.h
configure:7593: gcc -c -g -O2  conftest.c >&5
configure:7599: $? = 0
configure:7606: test -z "$ac_c_werror_flag" || test ! -s conftest.err
configure:7609: $? = 0
configure:7616: test -s conftest.o
configure:7619: $? = 0
configure:7632: result: yes
configure:7572: checking for memory.h
configure:7593: gcc -c -g -O2  conftest.c >&5
configure:7599: $? = 0
configure:7606: test -z "$ac_c_werror_flag" || test ! -s conftest.err
configure:7609: $? = 0
configure:7616: test -s conftest.o
configure:7619: $? = 0
configure:7632: result: yes
configure:7572: checking for strings.h
configure:7593: gcc -c -g -O2  conftest.c >&5
configure:7599: $? = 0
configure:7606: test -z "$ac_c_werror_flag" || test ! -s conftest.err
configure:7609: $? = 0
configure:7616: test -s conftest.o
configure:7619: $? = 0
configure:7632: result: yes
configure:7572: checking for inttypes.h
configure:7593: gcc -c -g -O2  conftest.c >&5
configure:7599: $? = 0
configure:7606: test -z "$ac_c_werror_flag" || test ! -s conftest.err
configure:7609: $? = 0
configure:7616: test -s conftest.o
configure:7619: $? = 0
configure:7632: result: yes
configure:7572: checking for stdint.h
configure:7593: gcc -c -g -O2  conftest.c >&5
configure:7599: $? = 0
configure:7606: test -z "$ac_c_werror_flag" || test ! -s conftest.err
configure:7609: $? = 0
configure:7616: test -s conftest.o
configure:7619: $? = 0
configure:7632: result: yes
configure:7572: checking for unistd.h
configure:7593: gcc -c -g -O2  conftest.c >&5
configure:7599: $? = 0
configure:7606: test -z "$ac_c_werror_flag" || test ! -s conftest.err
configure:7609: $? = 0
configure:7616: test -s conftest.o
configure:7619: $? = 0
configure:7632: result: yes
configure:7654: checking windows.h usability
configure:7671: gcc -c -g -O2  conftest.c >&5
conftest.c:56: windows.h: No such file or directory
configure:7677: $? = 1
configure: failed program was:
| /* confdefs.h.  */
| #define PACKAGE_NAME ""
| #define PACKAGE_TARNAME ""
| #define PACKAGE_VERSION ""
| #define PACKAGE_STRING ""
| #define PACKAGE_BUGREPORT ""
| #define PACKAGE "plib"
| #define VERSION "1.8.5"
| #define X_DISPLAY_MISSING 1
| #define HAVE_LIBPTHREAD 1
| #define HAVE_LIBGL 1
| #define STDC_HEADERS 1
| #define HAVE_SYS_TYPES_H 1
| #define HAVE_SYS_STAT_H 1
| #define HAVE_STDLIB_H 1
| #define HAVE_STRING_H 1
| #define HAVE_MEMORY_H 1
| #define HAVE_STRINGS_H 1
| #define HAVE_INTTYPES_H 1
| #define HAVE_STDINT_H 1
| #define HAVE_UNISTD_H 1
| /* end confdefs.h.  */
| #include <stdio.h>
| #if HAVE_SYS_TYPES_H
| # include <sys/types.h>
| #endif
| #if HAVE_SYS_STAT_H
| # include <sys/stat.h>
| #endif
| #if STDC_HEADERS
| # include <stdlib.h>
| # include <stddef.h>
| #else
| # if HAVE_STDLIB_H
| #  include <stdlib.h>
| # endif
| #endif
| #if HAVE_STRING_H
| # if !STDC_HEADERS && HAVE_MEMORY_H
| #  include <memory.h>
| # endif
| # include <string.h>
| #endif
| #if HAVE_STRINGS_H
| # include <strings.h>
| #endif
| #if HAVE_INTTYPES_H
| # include <inttypes.h>
| #endif
| #if HAVE_STDINT_H
| # include <stdint.h>
| #endif
| #if HAVE_UNISTD_H
| # include <unistd.h>
| #endif
| #include <windows.h>
configure:7708: result: no
configure:7712: checking windows.h presence
configure:7727: gcc -E  conftest.c
conftest.c:23: windows.h: No such file or directory
configure:7733: $? = 1
configure: failed program was:
| /* confdefs.h.  */
| #define PACKAGE_NAME ""
| #define PACKAGE_TARNAME ""
| #define PACKAGE_VERSION ""
| #define PACKAGE_STRING ""
| #define PACKAGE_BUGREPORT ""
| #define PACKAGE "plib"
| #define VERSION "1.8.5"
| #define X_DISPLAY_MISSING 1
| #define HAVE_LIBPTHREAD 1
| #define HAVE_LIBGL 1
| #define STDC_HEADERS 1
| #define HAVE_SYS_TYPES_H 1
| #define HAVE_SYS_STAT_H 1
| #define HAVE_STDLIB_H 1
| #define HAVE_STRING_H 1
| #define HAVE_MEMORY_H 1
| #define HAVE_STRINGS_H 1
| #define HAVE_INTTYPES_H 1
| #define HAVE_STDINT_H 1
| #define HAVE_UNISTD_H 1
| /* end confdefs.h.  */
| #include <windows.h>
configure:7754: result: no
configure:7782: checking for windows.h
configure:7789: result: no
configure:8138: checking GL/gl.h usability
configure:8155: gcc -c -g -O2  conftest.c >&5
configure:8161: $? = 0
configure:8168: test -z "$ac_c_werror_flag" || test ! -s conftest.err
configure:8171: $? = 0
configure:8178: test -s conftest.o
configure:8181: $? = 0
configure:8192: result: yes
configure:8196: checking GL/gl.h presence
configure:8211: gcc -E  conftest.c
configure:8217: $? = 0
configure:8238: result: yes
configure:8266: checking for GL/gl.h
configure:8273: result: yes
configure:8318: checking for pthread_exit in -lc_r
configure:8353: gcc -o conftest -pthread -g -O2 -Wall    conftest.c -lc_r  -lGL -lpthread    -lm >&5
gcc: unrecognized option `-pthread'
/gg/ppc-morphos/bin/ld: cannot open -lc_r: No such file or directory
collect2: ld returned 1 exit status
configure:8359: $? = 1
configure: failed program was:
| /* confdefs.h.  */
| #define PACKAGE_NAME ""
| #define PACKAGE_TARNAME ""
| #define PACKAGE_VERSION ""
| #define PACKAGE_STRING ""
| #define PACKAGE_BUGREPORT ""
| #define PACKAGE "plib"
| #define VERSION "1.8.5"
| #define X_DISPLAY_MISSING 1
| #define HAVE_LIBPTHREAD 1
| #define HAVE_LIBGL 1
| #define STDC_HEADERS 1
| #define HAVE_SYS_TYPES_H 1
| #define HAVE_SYS_STAT_H 1
| #define HAVE_STDLIB_H 1
| #define HAVE_STRING_H 1
| #define HAVE_MEMORY_H 1
| #define HAVE_STRINGS_H 1
| #define HAVE_INTTYPES_H 1
| #define HAVE_STDINT_H 1
| #define HAVE_UNISTD_H 1
| /* end confdefs.h.  */
| 
| /* Override any GCC internal prototype to avoid an error.
|    Use char because int might match the return type of a GCC
|    builtin and then its argument prototype would still apply.  */
| #ifdef __cplusplus
| extern "C"
| #endif
| char pthread_exit ();
| int
| main ()
| {
| return pthread_exit ();
|   ;
|   return 0;
| }
configure:8393: result: no
configure:8411: checking for socklen_t
configure:8438: gcc -c -g -O2 -Wall  conftest.c >&5
conftest.c:26: parse error before `apa'
conftest.c:26: warning: type defaults to `int' in declaration of `apa'
conftest.c:26: warning: data definition has no type or storage class
configure:8444: $? = 1
configure: failed program was:
| /* confdefs.h.  */
| #define PACKAGE_NAME ""
| #define PACKAGE_TARNAME ""
| #define PACKAGE_VERSION ""
| #define PACKAGE_STRING ""
| #define PACKAGE_BUGREPORT ""
| #define PACKAGE "plib"
| #define VERSION "1.8.5"
| #define X_DISPLAY_MISSING 1
| #define HAVE_LIBPTHREAD 1
| #define HAVE_LIBGL 1
| #define STDC_HEADERS 1
| #define HAVE_SYS_TYPES_H 1
| #define HAVE_SYS_STAT_H 1
| #define HAVE_STDLIB_H 1
| #define HAVE_STRING_H 1
| #define HAVE_MEMORY_H 1
| #define HAVE_STRINGS_H 1
| #define HAVE_INTTYPES_H 1
| #define HAVE_STDINT_H 1
| #define HAVE_UNISTD_H 1
| /* end confdefs.h.  */
| 
| #include <sys/types.h>
| #include <sys/socket.h>
| socklen_t apa;
| 
| int
| main ()
| {
| 
|   ;
|   return 0;
| }
configure:8499: gcc -c -g -O2 -Wall  conftest.c >&5
conftest.c:26: conflicting types for `accept'
/gg/include/sys/socket.h:320: previous declaration of `accept'
configure:8505: $? = 1
configure: failed program was:
| /* confdefs.h.  */
| #define PACKAGE_NAME ""
| #define PACKAGE_TARNAME ""
| #define PACKAGE_VERSION ""
| #define PACKAGE_STRING ""
| #define PACKAGE_BUGREPORT ""
| #define PACKAGE "plib"
| #define VERSION "1.8.5"
| #define X_DISPLAY_MISSING 1
| #define HAVE_LIBPTHREAD 1
| #define HAVE_LIBGL 1
| #define STDC_HEADERS 1
| #define HAVE_SYS_TYPES_H 1
| #define HAVE_SYS_STAT_H 1
| #define HAVE_STDLIB_H 1
| #define HAVE_STRING_H 1
| #define HAVE_MEMORY_H 1
| #define HAVE_STRINGS_H 1
| #define HAVE_INTTYPES_H 1
| #define HAVE_STDINT_H 1
| #define HAVE_UNISTD_H 1
| /* end confdefs.h.  */
| 
| #include <sys/types.h>
| #include <sys/socket.h>
| int accept (int, struct sockaddr *, size_t *);
| 
| int
| main ()
| {
| 
|   ;
|   return 0;
| }
configure:8539: result: int
configure:8790: creating ./config.status

## ---------------------- ##
## Running config.status. ##
## ---------------------- ##

This file was extended by config.status, which was
generated by GNU Autoconf 2.60.  Invocation command line was

  CONFIG_FILES    = 
  CONFIG_HEADERS  = 
  CONFIG_LINKS    = 
  CONFIG_COMMANDS = 
  $ ./config.status 

on pegasos2_26

config.status:9575: creating Makefile
config.status:9575: creating src/Makefile
config.status:9575: creating src/js/Makefile
config.status:9575: creating src/util/Makefile
config.status:9575: creating src/sg/Makefile
config.status:9575: creating src/sl/Makefile
config.status:9575: creating src/psl/Makefile
config.status:9575: creating src/ssg/Makefile
config.status:9575: creating src/ssgAux/Makefile
config.status:9575: creating src/fnt/Makefile
config.status:9575: creating src/pui/Makefile
config.status:9575: creating src/puAux/Makefile
config.status:9575: creating src/pw/Makefile
config.status:9575: creating src/net/Makefile
config.status:9766: executing depfiles commands
configure:9929: result: PLIB configuration information:

  Building FNT library:     yes
  Building JS library:      yes
  Building NET library:     yes
  Building PUI library:     yes
  Building puAux library:   yes
  Building SG library:      yes
  Building PSL library:     yes
  Building SL library:      yes
  Building SSG library:     yes
  Building ssgAux library:  yes
  Building PW library:      yes
  Building UTIL library:    yes


## ---------------- ##
## Cache variables. ##
## ---------------- ##

ac_cv_build=powerpc-unknown-morphos
ac_cv_c_compiler_gnu=yes
ac_cv_cxx_compiler_gnu=yes
ac_cv_env_CCC_set=
ac_cv_env_CCC_value=
ac_cv_env_CC_set=
ac_cv_env_CC_value=
ac_cv_env_CFLAGS_set=
ac_cv_env_CFLAGS_value=
ac_cv_env_CPPFLAGS_set=
ac_cv_env_CPPFLAGS_value=
ac_cv_env_CPP_set=
ac_cv_env_CPP_value=
ac_cv_env_CXXCPP_set=
ac_cv_env_CXXCPP_value=
ac_cv_env_CXXFLAGS_set=
ac_cv_env_CXXFLAGS_value=
ac_cv_env_CXX_set=
ac_cv_env_CXX_value=
ac_cv_env_LDFLAGS_set=
ac_cv_env_LDFLAGS_value=
ac_cv_env_XMKMF_set=
ac_cv_env_XMKMF_value=
ac_cv_env_build_alias_set=
ac_cv_env_build_alias_value=
ac_cv_env_host_alias_set=
ac_cv_env_host_alias_value=
ac_cv_env_target_alias_set=
ac_cv_env_target_alias_value=
ac_cv_have_x=have_x=no
ac_cv_header_GL_gl_h=yes
ac_cv_header_inttypes_h=yes
ac_cv_header_memory_h=yes
ac_cv_header_stdc=yes
ac_cv_header_stdint_h=yes
ac_cv_header_stdlib_h=yes
ac_cv_header_string_h=yes
ac_cv_header_strings_h=yes
ac_cv_header_sys_stat_h=yes
ac_cv_header_sys_types_h=yes
ac_cv_header_unistd_h=yes
ac_cv_header_windows_h=no
ac_cv_host=powerpc-unknown-morphos
ac_cv_lib_GL_glNewList=yes
ac_cv_lib_audio_ALopenport=no
ac_cv_lib_c_r_pthread_exit=no
ac_cv_lib_dl_dlclose=no
ac_cv_lib_pthread_pthread_create=yes
ac_cv_objext=o
ac_cv_path_EGREP='/bin/grep -E'
ac_cv_path_GREP=/bin/grep
ac_cv_path_install='/bin/irstall -c'
ac_cv_prog_AWK=gawk
ac_cv_prog_CPP='gcc -E'
ac_cv_prog_CXXCPP='g++ -E'
ac_cv_prog_ac_ct_CC=gcc
ac_cv_prog_ac_ct_CXX=g++
ac_cv_prog_ac_ct_RANLIB=ranlib
ac_cv_prog_cc_c89=
ac_cv_prog_cc_g=yes
ac_cv_prog_cxx_g=yes
ac_cv_prog_make_make_set=yes
am_cv_CC_dependencies_compiler_type=gcc
am_cv_CXX_dependencies_compiler_type=gcc

## ----------------- ##
## Output variables. ##
## ----------------- ##

ACLOCAL='${SHELL} /RAM/plib-1.8.5/missing --run aclocal-1.9'
AMDEPBACKSLASH='\'
AMDEP_FALSE='#'
AMDEP_TRUE=''
AMTAR='${SHELL} /RAM/plib-1.8.5/missing --run tar'
AUTOCONF='${SHELL} /RAM/plib-1.8.5/missing --run autoconf'
AUTOHEADER='${SHELL} /RAM/plib-1.8.5/missing --run autoheader'
AUTOMAKE='${SHELL} /RAM/plib-1.8.5/missing --run automake-1.9'
AWK='gawk'
BUILD_FNT_FALSE='#'
BUILD_FNT_TRUE=''
BUILD_JS_FALSE='#'
BUILD_JS_TRUE=''
BUILD_NET_FALSE='#'
BUILD_NET_TRUE=''
BUILD_PSL_FALSE='#'
BUILD_PSL_TRUE=''
BUILD_PUAUX_FALSE='#'
BUILD_PUAUX_TRUE=''
BUILD_PUI_FALSE='#'
BUILD_PUI_TRUE=''
BUILD_PW_FALSE='#'
BUILD_PW_TRUE=''
BUILD_SG_FALSE='#'
BUILD_SG_TRUE=''
BUILD_SL_FALSE='#'
BUILD_SL_TRUE=''
BUILD_SSGAUX_FALSE='#'
BUILD_SSGAUX_TRUE=''
BUILD_SSG_FALSE='#'
BUILD_SSG_TRUE=''
BUILD_UL_FALSE='#'
BUILD_UL_TRUE=''
CC='gcc'
CCDEPMODE='depmode=gcc'
CFLAGS='-g -O2 -Wall'
CPP='gcc -E'
CPPFLAGS=''
CXX='g++'
CXXCPP='g++ -E'
CXXDEPMODE='depmode=gcc'
CXXFLAGS='-g -O2 -Wall'
CYGPATH_W='echo'
DEFS='-DPACKAGE_NAME=\"\" -DPACKAGE_TARNAME=\"\" -DPACKAGE_VERSION=\"\" -DPACKAGE_STRING=\"\" -DPACKAGE_BUGREPORT=\"\" -DPACKAGE=\"plib\" -DVERSION=\"1.8.5\" -DX_DISPLAY_MISSING=1 -DHAVE_LIBPTHREAD=1 -DHAVE_LIBGL=1 -DSTDC_HEADERS=1 -DHAVE_SYS_TYPES_H=1 -DHAVE_SYS_STAT_H=1 -DHAVE_STDLIB_H=1 -DHAVE_STRING_H=1 -DHAVE_MEMORY_H=1 -DHAVE_STRINGS_H=1 -DHAVE_INTTYPES_H=1 -DHAVE_STDINT_H=1 -DHAVE_UNISTD_H=1 -Dsocklen_t=int'
DEPDIR='.deps'
ECHO_C=''
ECHO_N='-n'
ECHO_T=''
EGREP='/bin/grep -E'
EXEEXT=''
GREP='/bin/grep'
INSTALL_DATA='${INSTALL} -m 644'
INSTALL_PROGRAM='${INSTALL}'
INSTALL_SCRIPT='${INSTALL}'
INSTALL_STRIP_PROGRAM='${SHELL} $(install_sh) -c -s'
LDFLAGS=' '
LIBOBJS=''
LIBS='-lGL -lpthread    -lm'
LTLIBOBJS=''
MAKEINFO='${SHELL} /RAM/plib-1.8.5/missing --run makeinfo'
OBJEXT='o'
PACKAGE='plib'
PACKAGE_BUGREPORT=''
PACKAGE_NAME=''
PACKAGE_STRING=''
PACKAGE_TARNAME=''
PACKAGE_VERSION=''
PATH_SEPARATOR=':'
RANLIB='ranlib'
SET_MAKE=''
SHELL='/bin/sh'
STRIP=''
VERSION='1.8.5'
XMKMF=''
X_CFLAGS=''
X_EXTRA_LIBS=''
X_LIBS=''
X_PRE_LIBS=''
ac_ct_CC='gcc'
ac_ct_CXX='g++'
am__fastdepCC_FALSE=''
am__fastdepCC_TRUE='#'
am__fastdepCXX_FALSE=''
am__fastdepCXX_TRUE='#'
am__include='include'
am__leading_dot='.'
am__quote=''
am__tar='${AMTAR} chof - "$$tardir"'
am__untar='${AMTAR} xf -'
bindir='${exec_prefix}/bin'
build='powerpc-unknown-morphos'
build_alias=''
build_cpu='powerpc'
build_os='morphos'
build_vendor='unknown'
datadir='${datarootdir}'
datarootdir='${prefix}/share'
docdir='${datarootdir}/doc/${PACKAGE}'
dvidir='${docdir}'
exec_prefix='${prefix}'
host='powerpc-unknown-morphos'
host_alias=''
host_cpu='powerpc'
host_os='morphos'
host_vendor='unknown'
htmldir='${docdir}'
includedir='${prefix}/include/plib'
infodir='${datarootdir}/info'
install_sh='/RAM/plib-1.8.5/install-sh'
libdir='${exec_prefix}/lib'
libexecdir='${exec_prefix}/libexec'
localedir='${datarootdir}/locale'
localstatedir='${prefix}/var'
mandir='${datarootdir}/man'
mkdir_p='mkdir -p --'
oldincludedir='/usr/include'
pdfdir='${docdir}'
prefix='/usr'
program_transform_name='s,x,x,'
psdir='${docdir}'
sbindir='${exec_prefix}/sbin'
sharedstatedir='${prefix}/com'
sysconfdir='${prefix}/etc'
target_alias=''

## ----------- ##
## confdefs.h. ##
## ----------- ##

#define PACKAGE_NAME ""
#define PACKAGE_TARNAME ""
#define PACKAGE_VERSION ""
#define PACKAGE_STRING ""
#define PACKAGE_BUGREPORT ""
#define PACKAGE "plib"
#define VERSION "1.8.5"
#define X_DISPLAY_MISSING 1
#define HAVE_LIBPTHREAD 1
#define HAVE_LIBGL 1
#define STDC_HEADERS 1
#define HAVE_SYS_TYPES_H 1
#define HAVE_SYS_STAT_H 1
#define HAVE_STDLIB_H 1
#define HAVE_STRING_H 1
#define HAVE_MEMORY_H 1
#define HAVE_STRINGS_H 1
#define HAVE_INTTYPES_H 1
#define HAVE_STDINT_H 1
#define HAVE_UNISTD_H 1
#define socklen_t int

configure: exit 0
