This file contains any messages produced by compilers while
running configure, to aid debugging if configure makes a mistake.

It was created by re2c configure 0.12.3, which was
generated by GNU Autoconf 2.61.  Invocation command line was

  $ ./configure 

## --------- ##
## Platform. ##
## --------- ##

hostname = localhost
uname -m = ppc
uname -r = 52.1
uname -s = AmigaOS
uname -v = 4.0

/usr/bin/uname -p = unknown
/bin/uname -X     = unknown

/bin/arch              = unknown
/usr/bin/arch -k       = unknown
/usr/convex/getsysinfo = unknown
/usr/bin/hostinfo      = unknown
/bin/machine           = unknown
/usr/bin/oslevel       = unknown
/bin/universe          = unknown

PATH: /gcc/bin
PATH: /SDK/C
PATH: /SDK/Local/C
PATH: /SDK/Local/newlib/bin
PATH: /SDK/Local/clib2/bin
PATH: /C
PATH: .


## ----------- ##
## Core tests. ##
## ----------- ##

configure:1664: creating cache /dev/null
configure:1795: checking for a BSD-compatible install
configure:1851: result: /SDK/Local/C/ginstall -c
configure:1862: checking whether build environment is sane
configure:1905: result: yes
configure:1929: WARNING: `missing' script is too old or missing
configure:1933: checking for a thread-safe mkdir -p
configure:1972: result: /SDK/Local/C/mkdir -p
configure:1985: checking for gawk
configure:2015: result: no
configure:1985: checking for mawk
configure:2015: result: no
configure:1985: checking for nawk
configure:2001: found /SDK/Local/C/nawk
configure:2012: result: nawk
configure:2023: checking whether /SDK/C/gmake sets $(MAKE)
configure:2044: result: yes
configure:2249: checking for bison
configure:2279: result: no
configure:2249: checking for byacc
configure:2265: found /SDK/Local/C/byacc
configure:2276: result: byacc
configure:2346: checking for g++
configure:2362: found /gcc/bin/g++
configure:2373: result: g++
configure:2404: checking for C++ compiler version
configure:2411: g++ --version >&5
g++ (GCC) 4.0.2 (AmigaOS build 20051012)
Copyright (C) 2005 Free Software Foundation, Inc.
This is free software; see the source for copying conditions.  There is NO
warranty; not even for MERCHANTABILITY or FITNESS FOR A PARTICULAR PURPOSE.

configure:2414: $? = 0
configure:2421: g++ -v >&5
Reading specs from /gcc/lib/gcc/ppc-amigaos/4.0.2/specs
Target: ppc-amigaos
Configured with: ../gcc-4.0.2/configure --host=ppc-amigaos --target=ppc-amigaos --build=i686-cygwin --prefix=/gcc --enable-languages=c,c++,objc --enable-haifa --enable-sjlj-exceptions --disable-shared --disable-libstdcxx-pch
Thread model: single
gcc version 4.0.2 (AmigaOS build 20051012)
configure:2424: $? = 0
configure:2431: g++ -V >&5
g++: '-V' option must have argument
configure:2434: $? = 1
configure:2457: checking for C++ compiler default output file name
configure:2484: g++    conftest.cpp  >&5
configure:2487: $? = 0
configure:2525: result: a.out
configure:2542: checking whether the C++ compiler works
configure:2552: ./a.out
configure:2555: $? = 0
configure:2572: result: yes
configure:2579: checking whether we are cross compiling
configure:2581: result: no
configure:2584: checking for suffix of executables
configure:2591: g++ -o conftest    conftest.cpp  >&5
configure:2594: $? = 0
configure:2618: result: 
configure:2624: checking for suffix of object files
configure:2650: g++ -c   conftest.cpp >&5
configure:2653: $? = 0
configure:2676: result: o
configure:2680: checking whether we are using the GNU C++ compiler
configure:2709: g++ -c   conftest.cpp >&5
configure:2715: $? = 0
configure:2732: result: yes
configure:2737: checking whether g++ accepts -g
configure:2767: g++ -c -g  conftest.cpp >&5
configure:2773: $? = 0
configure:2872: result: yes
configure:2906: checking for style of include used by /SDK/C/gmake
configure:2934: result: GNU
configure:2959: checking dependency style of g++
configure:3050: result: gcc3
configure:3113: checking for gcc
configure:3129: found /gcc/bin/gcc
configure:3140: result: gcc
configure:3378: checking for C compiler version
configure:3385: gcc --version >&5
gcc (GCC) 4.2.2 (AmigaOS build 20070219)
Copyright (C) 2006 Free Software Foundation, Inc.
This is free software; see the source for copying conditions.  There is NO
warranty; not even for MERCHANTABILITY or FITNESS FOR A PARTICULAR PURPOSE.

configure:3388: $? = 0
configure:3395: gcc -v >&5
Reading specs from /gcc/lib/gcc/ppc-amigaos/4.2.2/specs
Target: ppc-amigaos
Configured with: ../gcc/4.0.x/configure --host=ppc-amigaos --target=ppc-amigaos --build=i686-cygwin --prefix=/gcc --enable-languages=c,c++,objc --enable-haifa --enable-sjlj-exceptions --disable-shared --disable-libstdcxx-pch : (reconfigured) ../gcc/4.0.x/configure --host=ppc-amigaos --target=ppc-amigaos --build=i686-cygwin --prefix=/gcc --enable-languages=c,c++ --enable-haifa --enable-sjlj-exceptions --disable-shared --disable-libstdcxx-pch
Thread model: single
gcc version 4.2.2 (AmigaOS build 20070219)
configure:3398: $? = 0
configure:3405: gcc -V >&5
gcc: '-V' option must have argument
configure:3408: $? = 1
configure:3411: checking whether we are using the GNU C compiler
configure:3440: gcc -c   conftest.c >&5
configure:3446: $? = 0
configure:3463: result: yes
configure:3468: checking whether gcc accepts -g
configure:3498: gcc -c -g  conftest.c >&5
configure:3504: $? = 0
configure:3603: result: yes
configure:3620: checking for gcc option to accept ISO C89
configure:3694: gcc  -c -g -O2  conftest.c >&5
configure:3700: $? = 0
configure:3723: result: none needed
configure:3743: checking dependency style of gcc
configure:3834: result: gcc3
configure:3862: checking for a BSD-compatible install
configure:3918: result: /SDK/Local/C/ginstall -c
configure:3931: checking Testing GCC version
configure:3939: result: found version 4.0.2
configure:3952: checking how to run the C preprocessor
configure:3992: gcc -E  conftest.c
configure:3998: $? = 0
configure:4029: gcc -E  conftest.c
conftest.c:10:28: error: ac_nonexistent.h: No such file or directory
configure:4035: $? = 1
configure: failed program was:
| /* confdefs.h.  */
| #define PACKAGE_NAME "re2c"
| #define PACKAGE_TARNAME "re2c"
| #define PACKAGE_VERSION "0.12.3"
| #define PACKAGE_STRING "re2c 0.12.3"
| #define PACKAGE_BUGREPORT "re2c-general@lists.sourceforge.net"
| #define PACKAGE "re2c"
| #define VERSION "0.12.3"
| /* end confdefs.h.  */
| #include <ac_nonexistent.h>
configure:4068: result: gcc -E
configure:4097: gcc -E  conftest.c
configure:4103: $? = 0
configure:4134: gcc -E  conftest.c
conftest.c:10:28: error: ac_nonexistent.h: No such file or directory
configure:4140: $? = 1
configure: failed program was:
| /* confdefs.h.  */
| #define PACKAGE_NAME "re2c"
| #define PACKAGE_TARNAME "re2c"
| #define PACKAGE_VERSION "0.12.3"
| #define PACKAGE_STRING "re2c 0.12.3"
| #define PACKAGE_BUGREPORT "re2c-general@lists.sourceforge.net"
| #define PACKAGE "re2c"
| #define VERSION "0.12.3"
| /* end confdefs.h.  */
| #include <ac_nonexistent.h>
configure:4178: checking for grep that handles long lines and -e
configure:4252: result: /SDK/Local/C/grep
configure:4257: checking for egrep
configure:4335: result: /SDK/Local/C/grep -E
configure:4340: checking for ANSI C header files
configure:4370: gcc -c -g -O2  conftest.c >&5
configure:4376: $? = 0
configure:4475: gcc -o conftest -g -O2   conftest.c  >&5
configure:4478: $? = 0
configure:4484: ./conftest
configure:4487: $? = 0
configure:4504: result: yes
configure:4534: checking for sys/types.h
configure:4555: gcc -c -g -O2  conftest.c >&5
configure:4561: $? = 0
configure:4577: result: yes
configure:4534: checking for sys/stat.h
configure:4555: gcc -c -g -O2  conftest.c >&5
configure:4561: $? = 0
configure:4577: result: yes
configure:4534: checking for stdlib.h
configure:4555: gcc -c -g -O2  conftest.c >&5
configure:4561: $? = 0
configure:4577: result: yes
configure:4534: checking for string.h
configure:4555: gcc -c -g -O2  conftest.c >&5
configure:4561: $? = 0
configure:4577: result: yes
configure:4534: checking for memory.h
configure:4555: gcc -c -g -O2  conftest.c >&5
configure:4561: $? = 0
configure:4577: result: yes
configure:4534: checking for strings.h
configure:4555: gcc -c -g -O2  conftest.c >&5
configure:4561: $? = 0
configure:4577: result: yes
configure:4534: checking for inttypes.h
configure:4555: gcc -c -g -O2  conftest.c >&5
conftest.c:51:22: error: inttypes.h: No such file or directory
configure:4561: $? = 1
configure: failed program was:
| /* confdefs.h.  */
| #define PACKAGE_NAME "re2c"
| #define PACKAGE_TARNAME "re2c"
| #define PACKAGE_VERSION "0.12.3"
| #define PACKAGE_STRING "re2c 0.12.3"
| #define PACKAGE_BUGREPORT "re2c-general@lists.sourceforge.net"
| #define PACKAGE "re2c"
| #define VERSION "0.12.3"
| #define STDC_HEADERS 1
| #define HAVE_SYS_TYPES_H 1
| #define HAVE_SYS_STAT_H 1
| #define HAVE_STDLIB_H 1
| #define HAVE_STRING_H 1
| #define HAVE_MEMORY_H 1
| #define HAVE_STRINGS_H 1
| /* end confdefs.h.  */
| #include <stdio.h>
| #ifdef HAVE_SYS_TYPES_H
| # include <sys/types.h>
| #endif
| #ifdef HAVE_SYS_STAT_H
| # include <sys/stat.h>
| #endif
| #ifdef STDC_HEADERS
| # include <stdlib.h>
| # include <stddef.h>
| #else
| # ifdef HAVE_STDLIB_H
| #  include <stdlib.h>
| # endif
| #endif
| #ifdef HAVE_STRING_H
| # if !defined STDC_HEADERS && defined HAVE_MEMORY_H
| #  include <memory.h>
| # endif
| # include <string.h>
| #endif
| #ifdef HAVE_STRINGS_H
| # include <strings.h>
| #endif
| #ifdef HAVE_INTTYPES_H
| # include <inttypes.h>
| #endif
| #ifdef HAVE_STDINT_H
| # include <stdint.h>
| #endif
| #ifdef HAVE_UNISTD_H
| # include <unistd.h>
| #endif
| 
| #include <inttypes.h>
configure:4577: result: no
configure:4534: checking for stdint.h
configure:4555: gcc -c -g -O2  conftest.c >&5
configure:4561: $? = 0
configure:4577: result: yes
configure:4534: checking for unistd.h
configure:4555: gcc -c -g -O2  conftest.c >&5
configure:4561: $? = 0
configure:4577: result: yes
configure:4589: checking for stdbool.h that conforms to C99
configure:4682: gcc -c -g -O2  conftest.c >&5
configure:4688: $? = 0
configure:4703: result: yes
configure:4705: checking for _Bool
configure:4735: gcc -c -g -O2  conftest.c >&5
configure:4741: $? = 0
configure:4756: result: yes
configure:4775: checking for an ANSI C-conforming const
configure:4850: gcc -c -g -O2  conftest.c >&5
configure:4856: $? = 0
configure:4871: result: yes
configure:4881: checking for inline
configure:4907: gcc -c -g -O2  conftest.c >&5
configure:4913: $? = 0
configure:4931: result: inline
configure:4950: checking for size_t
configure:4980: gcc -c -g -O2  conftest.c >&5
configure:4986: $? = 0
configure:5001: result: yes
configure:5013: checking for working volatile
configure:5042: gcc -c -g -O2  conftest.c >&5
configure:5048: $? = 0
configure:5063: result: yes
configure:5075: checking for working memcmp
configure:5128: gcc -o conftest -g -O2   conftest.c  >&5
configure:5131: $? = 0
configure:5137: ./conftest
configure:5140: $? = 0
configure:5156: result: yes
configure:5171: checking for stdlib.h
configure:5177: result: yes
configure:5171: checking for unistd.h
configure:5177: result: yes
configure:5315: checking for getpagesize
configure:5371: gcc -o conftest -g -O2   conftest.c  >&5
/T/ccbRex3z.o(.text+0xc): In function `main':
/RAM Disk/re2c-0.12.3/conftest.c:57: undefined reference to `getpagesize'
configure:5377: $? = 1
configure: failed program was:
| /* confdefs.h.  */
| #define PACKAGE_NAME "re2c"
| #define PACKAGE_TARNAME "re2c"
| #define PACKAGE_VERSION "0.12.3"
| #define PACKAGE_STRING "re2c 0.12.3"
| #define PACKAGE_BUGREPORT "re2c-general@lists.sourceforge.net"
| #define PACKAGE "re2c"
| #define VERSION "0.12.3"
| #define STDC_HEADERS 1
| #define HAVE_SYS_TYPES_H 1
| #define HAVE_SYS_STAT_H 1
| #define HAVE_STDLIB_H 1
| #define HAVE_STRING_H 1
| #define HAVE_MEMORY_H 1
| #define HAVE_STRINGS_H 1
| #define HAVE_STDINT_H 1
| #define HAVE_UNISTD_H 1
| #define HAVE__BOOL 1
| #define HAVE_STDBOOL_H 1
| #define HAVE_STDLIB_H 1
| #define HAVE_UNISTD_H 1
| /* end confdefs.h.  */
| /* Define getpagesize to an innocuous variant, in case <limits.h> declares getpagesize.
|    For example, HP-UX 11i <limits.h> declares gettimeofday.  */
| #define getpagesize innocuous_getpagesize
| 
| /* System header to define __stub macros and hopefully few prototypes,
|     which can conflict with char getpagesize (); below.
|     Prefer <limits.h> to <assert.h> if __STDC__ is defined, since
|     <limits.h> exists even on freestanding compilers.  */
| 
| #ifdef __STDC__
| # include <limits.h>
| #else
| # include <assert.h>
| #endif
| 
| #undef getpagesize
| 
| /* Override any GCC internal prototype to avoid an error.
|    Use char because int might match the return type of a GCC
|    builtin and then its argument prototype would still apply.  */
| #ifdef __cplusplus
| extern "C"
| #endif
| char getpagesize ();
| /* The GNU C library defines this for functions which it implements
|     to always fail with ENOSYS.  Some functions are actually named
|     something starting with __ and the normal name is an alias.  */
| #if defined __stub_getpagesize || defined __stub___getpagesize
| choke me
| #endif
| 
| int
| main ()
| {
| return getpagesize ();
|   ;
|   return 0;
| }
configure:5395: result: no
configure:5405: checking for working mmap
configure:5552: gcc -o conftest -g -O2   conftest.c  >&5
conftest.c:82:22: error: sys/mman.h: No such file or directory
conftest.c: In function 'main':
conftest.c:158: error: 'PROT_READ' undeclared (first use in this function)
conftest.c:158: error: (Each undeclared identifier is reported only once
conftest.c:158: error: for each function it appears in.)
conftest.c:158: error: 'PROT_WRITE' undeclared (first use in this function)
conftest.c:159: error: 'MAP_PRIVATE' undeclared (first use in this function)
conftest.c:159: error: 'MAP_FIXED' undeclared (first use in this function)
conftest.c:159: warning: comparison between pointer and integer
configure:5555: $? = 1
configure: program exited with status 1
configure: failed program was:
| /* confdefs.h.  */
| #define PACKAGE_NAME "re2c"
| #define PACKAGE_TARNAME "re2c"
| #define PACKAGE_VERSION "0.12.3"
| #define PACKAGE_STRING "re2c 0.12.3"
| #define PACKAGE_BUGREPORT "re2c-general@lists.sourceforge.net"
| #define PACKAGE "re2c"
| #define VERSION "0.12.3"
| #define STDC_HEADERS 1
| #define HAVE_SYS_TYPES_H 1
| #define HAVE_SYS_STAT_H 1
| #define HAVE_STDLIB_H 1
| #define HAVE_STRING_H 1
| #define HAVE_MEMORY_H 1
| #define HAVE_STRINGS_H 1
| #define HAVE_STDINT_H 1
| #define HAVE_UNISTD_H 1
| #define HAVE__BOOL 1
| #define HAVE_STDBOOL_H 1
| #define HAVE_STDLIB_H 1
| #define HAVE_UNISTD_H 1
| /* end confdefs.h.  */
| #include <stdio.h>
| #ifdef HAVE_SYS_TYPES_H
| # include <sys/types.h>
| #endif
| #ifdef HAVE_SYS_STAT_H
| # include <sys/stat.h>
| #endif
| #ifdef STDC_HEADERS
| # include <stdlib.h>
| # include <stddef.h>
| #else
| # ifdef HAVE_STDLIB_H
| #  include <stdlib.h>
| # endif
| #endif
| #ifdef HAVE_STRING_H
| # if !defined STDC_HEADERS && defined HAVE_MEMORY_H
| #  include <memory.h>
| # endif
| # include <string.h>
| #endif
| #ifdef HAVE_STRINGS_H
| # include <strings.h>
| #endif
| #ifdef HAVE_INTTYPES_H
| # include <inttypes.h>
| #endif
| #ifdef HAVE_STDINT_H
| # include <stdint.h>
| #endif
| #ifdef HAVE_UNISTD_H
| # include <unistd.h>
| #endif
| /* malloc might have been renamed as rpl_malloc. */
| #undef malloc
| 
| /* Thanks to Mike Haertel and Jim Avera for this test.
|    Here is a matrix of mmap possibilities:
| 	mmap private not fixed
| 	mmap private fixed at somewhere currently unmapped
| 	mmap private fixed at somewhere already mapped
| 	mmap shared not fixed
| 	mmap shared fixed at somewhere currently unmapped
| 	mmap shared fixed at somewhere already mapped
|    For private mappings, we should verify that changes cannot be read()
|    back from the file, nor mmap's back from the file at a different
|    address.  (There have been systems where private was not correctly
|    implemented like the infamous i386 svr4.0, and systems where the
|    VM page cache was not coherent with the file system buffer cache
|    like early versions of FreeBSD and possibly contemporary NetBSD.)
|    For shared mappings, we should conversely verify that changes get
|    propagated back to all the places they're supposed to be.
| 
|    Grep wants private fixed already mapped.
|    The main things grep needs to know about mmap are:
|    * does it exist and is it safe to write into the mmap'd area
|    * how to use it (BSD variants)  */
| 
| #include <fcntl.h>
| #include <sys/mman.h>
| 
| #if !defined STDC_HEADERS && !defined HAVE_STDLIB_H
| char *malloc ();
| #endif
| 
| /* This mess was copied from the GNU getpagesize.h.  */
| #ifndef HAVE_GETPAGESIZE
| /* Assume that all systems that can run configure have sys/param.h.  */
| # ifndef HAVE_SYS_PARAM_H
| #  define HAVE_SYS_PARAM_H 1
| # endif
| 
| # ifdef _SC_PAGESIZE
| #  define getpagesize() sysconf(_SC_PAGESIZE)
| # else /* no _SC_PAGESIZE */
| #  ifdef HAVE_SYS_PARAM_H
| #   include <sys/param.h>
| #   ifdef EXEC_PAGESIZE
| #    define getpagesize() EXEC_PAGESIZE
| #   else /* no EXEC_PAGESIZE */
| #    ifdef NBPG
| #     define getpagesize() NBPG * CLSIZE
| #     ifndef CLSIZE
| #      define CLSIZE 1
| #     endif /* no CLSIZE */
| #    else /* no NBPG */
| #     ifdef NBPC
| #      define getpagesize() NBPC
| #     else /* no NBPC */
| #      ifdef PAGESIZE
| #       define getpagesize() PAGESIZE
| #      endif /* PAGESIZE */
| #     endif /* no NBPC */
| #    endif /* no NBPG */
| #   endif /* no EXEC_PAGESIZE */
| #  else /* no HAVE_SYS_PARAM_H */
| #   define getpagesize() 8192	/* punt totally */
| #  endif /* no HAVE_SYS_PARAM_H */
| # endif /* no _SC_PAGESIZE */
| 
| #endif /* no HAVE_GETPAGESIZE */
| 
| int
| main ()
| {
|   char *data, *data2, *data3;
|   int i, pagesize;
|   int fd;
| 
|   pagesize = getpagesize ();
| 
|   /* First, make a file with some known garbage in it. */
|   data = (char *) malloc (pagesize);
|   if (!data)
|     return 1;
|   for (i = 0; i < pagesize; ++i)
|     *(data + i) = rand ();
|   umask (0);
|   fd = creat ("conftest.mmap", 0600);
|   if (fd < 0)
|     return 1;
|   if (write (fd, data, pagesize) != pagesize)
|     return 1;
|   close (fd);
| 
|   /* Next, try to mmap the file at a fixed address which already has
|      something else allocated at it.  If we can, also make sure that
|      we see the same garbage.  */
|   fd = open ("conftest.mmap", O_RDWR);
|   if (fd < 0)
|     return 1;
|   data2 = (char *) malloc (2 * pagesize);
|   if (!data2)
|     return 1;
|   data2 += (pagesize - ((long int) data2 & (pagesize - 1))) & (pagesize - 1);
|   if (data2 != mmap (data2, pagesize, PROT_READ | PROT_WRITE,
| 		     MAP_PRIVATE | MAP_FIXED, fd, 0L))
|     return 1;
|   for (i = 0; i < pagesize; ++i)
|     if (*(data + i) != *(data2 + i))
|       return 1;
| 
|   /* Finally, make sure that changes to the mapped area do not
|      percolate back to the file as seen by read().  (This is a bug on
|      some variants of i386 svr4.0.)  */
|   for (i = 0; i < pagesize; ++i)
|     *(data2 + i) = *(data2 + i) + 1;
|   data3 = (char *) malloc (pagesize);
|   if (!data3)
|     return 1;
|   if (read (fd, data3, pagesize) != pagesize)
|     return 1;
|   for (i = 0; i < pagesize; ++i)
|     if (*(data + i) != *(data3 + i))
|       return 1;
|   close (fd);
|   return 0;
| }
configure:5580: result: no
configure:5598: checking for memset
configure:5654: gcc -o conftest -g -O2   conftest.c  >&5
conftest.c:46: warning: conflicting types for built-in function 'memset'
configure:5660: $? = 0
configure:5678: result: yes
configure:5598: checking for munmap
configure:5654: gcc -o conftest -g -O2   conftest.c  >&5
/T/cc0wSZDK.o(.text+0xc): In function `main':
/RAM Disk/re2c-0.12.3/conftest.c:58: undefined reference to `munmap'
configure:5660: $? = 1
configure: failed program was:
| /* confdefs.h.  */
| #define PACKAGE_NAME "re2c"
| #define PACKAGE_TARNAME "re2c"
| #define PACKAGE_VERSION "0.12.3"
| #define PACKAGE_STRING "re2c 0.12.3"
| #define PACKAGE_BUGREPORT "re2c-general@lists.sourceforge.net"
| #define PACKAGE "re2c"
| #define VERSION "0.12.3"
| #define STDC_HEADERS 1
| #define HAVE_SYS_TYPES_H 1
| #define HAVE_SYS_STAT_H 1
| #define HAVE_STDLIB_H 1
| #define HAVE_STRING_H 1
| #define HAVE_MEMORY_H 1
| #define HAVE_STRINGS_H 1
| #define HAVE_STDINT_H 1
| #define HAVE_UNISTD_H 1
| #define HAVE__BOOL 1
| #define HAVE_STDBOOL_H 1
| #define HAVE_STDLIB_H 1
| #define HAVE_UNISTD_H 1
| #define HAVE_MEMSET 1
| /* end confdefs.h.  */
| /* Define munmap to an innocuous variant, in case <limits.h> declares munmap.
|    For example, HP-UX 11i <limits.h> declares gettimeofday.  */
| #define munmap innocuous_munmap
| 
| /* System header to define __stub macros and hopefully few prototypes,
|     which can conflict with char munmap (); below.
|     Prefer <limits.h> to <assert.h> if __STDC__ is defined, since
|     <limits.h> exists even on freestanding compilers.  */
| 
| #ifdef __STDC__
| # include <limits.h>
| #else
| # include <assert.h>
| #endif
| 
| #undef munmap
| 
| /* Override any GCC internal prototype to avoid an error.
|    Use char because int might match the return type of a GCC
|    builtin and then its argument prototype would still apply.  */
| #ifdef __cplusplus
| extern "C"
| #endif
| char munmap ();
| /* The GNU C library defines this for functions which it implements
|     to always fail with ENOSYS.  Some functions are actually named
|     something starting with __ and the normal name is an alias.  */
| #if defined __stub_munmap || defined __stub___munmap
| choke me
| #endif
| 
| int
| main ()
| {
| return munmap ();
|   ;
|   return 0;
| }
configure:5678: result: no
configure:5598: checking for strdup
configure:5654: gcc -o conftest -g -O2   conftest.c  >&5
conftest.c:47: warning: conflicting types for built-in function 'strdup'
configure:5660: $? = 0
configure:5678: result: yes
configure:5598: checking for strndup
configure:5654: gcc -o conftest -g -O2   conftest.c  >&5
conftest.c:48: warning: conflicting types for built-in function 'strndup'
configure:5660: $? = 0
configure:5678: result: yes
configure:5689: checking for char
configure:5719: gcc -c -g -O2  conftest.c >&5
configure:5725: $? = 0
configure:5740: result: yes
configure:5747: checking size of char
configure:6049: gcc -o conftest -g -O2   conftest.c  >&5
configure:6052: $? = 0
configure:6058: ./conftest
configure:6061: $? = 0
configure:6084: result: 1
configure:6094: checking for short
configure:6124: gcc -c -g -O2  conftest.c >&5
configure:6130: $? = 0
configure:6145: result: yes
configure:6152: checking size of short
configure:6454: gcc -o conftest -g -O2   conftest.c  >&5
configure:6457: $? = 0
configure:6463: ./conftest
configure:6466: $? = 0
configure:6489: result: 2
configure:6499: checking for int
configure:6529: gcc -c -g -O2  conftest.c >&5
configure:6535: $? = 0
configure:6550: result: yes
configure:6557: checking size of int
configure:6859: gcc -o conftest -g -O2   conftest.c  >&5
configure:6862: $? = 0
configure:6868: ./conftest
configure:6871: $? = 0
configure:6894: result: 4
configure:6904: checking for long
configure:6934: gcc -c -g -O2  conftest.c >&5
configure:6940: $? = 0
configure:6955: result: yes
configure:6962: checking size of long
configure:7264: gcc -o conftest -g -O2   conftest.c  >&5
configure:7267: $? = 0
configure:7273: ./conftest
configure:7276: $? = 0
configure:7299: result: 4
configure:7382: not updating unwritable cache /dev/null
configure:7435: creating ./config.status

## ---------------------- ##
## Running config.status. ##
## ---------------------- ##

This file was extended by re2c config.status 0.12.3, which was
generated by GNU Autoconf 2.61.  Invocation command line was

  CONFIG_FILES    = 
  CONFIG_HEADERS  = 
  CONFIG_LINKS    = 
  CONFIG_COMMANDS = 
  $ ./config.status 

on localhost

config.status:653: creating Makefile
config.status:653: creating README
config.status:653: creating makerpm
config.status:653: creating re2c.1
config.status:653: creating re2c.spec
config.status:653: creating run_tests.sh
config.status:653: creating config_w32.h
config.status:653: creating config.h
config.status:935: executing depfiles commands
config.status:935: executing default-1 commands

## ---------------- ##
## Cache variables. ##
## ---------------- ##

ac_cv_c_compiler_gnu=yes
ac_cv_c_const=yes
ac_cv_c_inline=inline
ac_cv_c_volatile=yes
ac_cv_cxx_compiler_gnu=yes
ac_cv_env_build_alias_set=
ac_cv_env_build_alias_value=
ac_cv_env_CC_set=
ac_cv_env_CC_value=
ac_cv_env_CCC_set=
ac_cv_env_CCC_value=
ac_cv_env_CFLAGS_set=
ac_cv_env_CFLAGS_value=
ac_cv_env_CPP_set=
ac_cv_env_CPP_value=
ac_cv_env_CPPFLAGS_set=
ac_cv_env_CPPFLAGS_value=
ac_cv_env_CXX_set=
ac_cv_env_CXX_value=
ac_cv_env_CXXFLAGS_set=
ac_cv_env_CXXFLAGS_value=
ac_cv_env_host_alias_set=
ac_cv_env_host_alias_value=
ac_cv_env_LDFLAGS_set=
ac_cv_env_LDFLAGS_value=
ac_cv_env_LIBS_set=
ac_cv_env_LIBS_value=
ac_cv_env_target_alias_set=
ac_cv_env_target_alias_value=
ac_cv_env_YACC_set=
ac_cv_env_YACC_value=
ac_cv_env_YFLAGS_set=
ac_cv_env_YFLAGS_value=
ac_cv_func_getpagesize=no
ac_cv_func_memcmp_working=yes
ac_cv_func_memset=yes
ac_cv_func_mmap_fixed_mapped=no
ac_cv_func_munmap=no
ac_cv_func_strdup=yes
ac_cv_func_strndup=yes
ac_cv_header_inttypes_h=no
ac_cv_header_memory_h=yes
ac_cv_header_stdbool_h=yes
ac_cv_header_stdc=yes
ac_cv_header_stdint_h=yes
ac_cv_header_stdlib_h=yes
ac_cv_header_string_h=yes
ac_cv_header_strings_h=yes
ac_cv_header_sys_stat_h=yes
ac_cv_header_sys_types_h=yes
ac_cv_header_unistd_h=yes
ac_cv_objext=o
ac_cv_path_EGREP='/SDK/Local/C/grep -E'
ac_cv_path_GREP=/SDK/Local/C/grep
ac_cv_path_install='/SDK/Local/C/ginstall -c'
ac_cv_path_mkdir=/SDK/Local/C/mkdir
ac_cv_prog_ac_ct_CC=gcc
ac_cv_prog_ac_ct_CXX=g++
ac_cv_prog_AWK=nawk
ac_cv_prog_cc_c89=
ac_cv_prog_cc_g=yes
ac_cv_prog_CPP='gcc -E'
ac_cv_prog_cxx_g=yes
ac_cv_prog_make__SDK_C_gmake_set=yes
ac_cv_prog_YACC=byacc
ac_cv_sizeof_char=1
ac_cv_sizeof_int=4
ac_cv_sizeof_long=4
ac_cv_sizeof_short=2
ac_cv_type__Bool=yes
ac_cv_type_char=yes
ac_cv_type_int=yes
ac_cv_type_long=yes
ac_cv_type_short=yes
ac_cv_type_size_t=yes
am_cv_CC_dependencies_compiler_type=gcc3
am_cv_CXX_dependencies_compiler_type=gcc3

## ----------------- ##
## Output variables. ##
## ----------------- ##

ac_ct_CC='gcc'
ac_ct_CXX='g++'
ACLOCAL='aclocal-1.10'
am__fastdepCC_FALSE='#'
am__fastdepCC_TRUE=''
am__fastdepCXX_FALSE='#'
am__fastdepCXX_TRUE=''
am__include='include'
am__isrc=''
am__leading_dot='.'
am__quote=''
am__tar='${AMTAR} chof - "$$tardir"'
am__untar='${AMTAR} xf -'
AMDEP_FALSE='#'
AMDEP_TRUE=''
AMDEPBACKSLASH='\'
AMTAR='tar'
AUTOCONF='autoconf'
AUTOHEADER='autoheader'
AUTOMAKE='automake-1.10'
AWK='nawk'
bindir='${exec_prefix}/bin'
build_alias=''
CC='gcc'
CCDEPMODE='depmode=gcc3'
CFLAGS='-g -O2'
CPP='gcc -E'
CPPFLAGS=''
CXX='g++'
CXXDEPMODE='depmode=gcc3'
CXXFLAGS='-g -O2'
CYGPATH_W='echo'
datadir='${datarootdir}'
datarootdir='${prefix}/share'
DEFS='-DHAVE_CONFIG_H'
DEPDIR='.deps'
docdir='${datarootdir}/doc/${PACKAGE_TARNAME}'
dvidir='${docdir}'
ECHO_C=''
ECHO_N='-n'
ECHO_T=''
EGREP='/SDK/Local/C/grep -E'
exec_prefix='${prefix}'
EXEEXT=''
GREP='/SDK/Local/C/grep'
host_alias=''
htmldir='${docdir}'
includedir='${prefix}/include'
infodir='${datarootdir}/info'
INSTALL_DATA='${INSTALL} -m 644'
INSTALL_PROGRAM='${INSTALL}'
INSTALL_SCRIPT='${INSTALL}'
install_sh='$(SHELL) /RAM Disk/re2c-0.12.3/install-sh'
INSTALL_STRIP_PROGRAM='$(install_sh) -c -s'
LDFLAGS=''
libdir='${exec_prefix}/lib'
libexecdir='${exec_prefix}/libexec'
LIBOBJS=''
LIBS=''
localedir='${datarootdir}/locale'
localstatedir='${prefix}/var'
LTLIBOBJS=''
MAKEINFO='makeinfo'
mandir='${datarootdir}/man'
mkdir_p='/SDK/Local/C/mkdir -p'
OBJEXT='o'
oldincludedir='/usr/include'
PACKAGE='re2c'
PACKAGE_BUGREPORT='re2c-general@lists.sourceforge.net'
PACKAGE_NAME='re2c'
PACKAGE_RELEASE='1'
PACKAGE_STRING='re2c 0.12.3'
PACKAGE_TARNAME='re2c'
PACKAGE_VERSION='0.12.3'
PATH_SEPARATOR=':'
pdfdir='${docdir}'
prefix='/usr/local'
program_transform_name='s,x,x,'
psdir='${docdir}'
sbindir='${exec_prefix}/sbin'
SET_MAKE=''
sharedstatedir='${prefix}/com'
SHELL='/bin/sh'
STRIP=''
sysconfdir='${prefix}/etc'
target_alias=''
VERSION='0.12.3'
WINBUILDDIR='Release-2005'
YACC='byacc'
YFLAGS=''

## ----------- ##
## confdefs.h. ##
## ----------- ##

#define PACKAGE_NAME "re2c"
#define PACKAGE_TARNAME "re2c"
#define PACKAGE_VERSION "0.12.3"
#define PACKAGE_STRING "re2c 0.12.3"
#define PACKAGE_BUGREPORT "re2c-general@lists.sourceforge.net"
#define PACKAGE "re2c"
#define VERSION "0.12.3"
#define STDC_HEADERS 1
#define HAVE_SYS_TYPES_H 1
#define HAVE_SYS_STAT_H 1
#define HAVE_STDLIB_H 1
#define HAVE_STRING_H 1
#define HAVE_MEMORY_H 1
#define HAVE_STRINGS_H 1
#define HAVE_STDINT_H 1
#define HAVE_UNISTD_H 1
#define HAVE__BOOL 1
#define HAVE_STDBOOL_H 1
#define HAVE_STDLIB_H 1
#define HAVE_UNISTD_H 1
#define HAVE_MEMSET 1
#define HAVE_STRDUP 1
#define HAVE_STRNDUP 1
#define SIZEOF_CHAR 1
#define SIZEOF_SHORT 2
#define SIZEOF_INT 4
#define SIZEOF_LONG 4

configure: exit 0

## ---------------------- ##
## Running config.status. ##
## ---------------------- ##

This file was extended by re2c config.status 0.12.3, which was
generated by GNU Autoconf 2.61.  Invocation command line was

  CONFIG_FILES    = 
  CONFIG_HEADERS  = 
  CONFIG_LINKS    = 
  CONFIG_COMMANDS = 
  $ config.status 

on localhost

config.status:653: creating Makefile
config.status:653: creating README
config.status:653: creating makerpm
config.status:653: creating re2c.1
config.status:653: creating re2c.spec
config.status:653: creating run_tests.sh
config.status:653: creating config_w32.h
config.status:653: creating config.h
config.status:889: config.h is unchanged
config.status:935: executing depfiles commands
config.status:935: executing default-1 commands

## ---------------------- ##
## Running config.status. ##
## ---------------------- ##

This file was extended by re2c config.status 0.12.3, which was
generated by GNU Autoconf 2.61.  Invocation command line was

  CONFIG_FILES    = 
  CONFIG_HEADERS  = 
  CONFIG_LINKS    = 
  CONFIG_COMMANDS = 
  $ config.status 

on localhost

config.status:653: creating Makefile
config.status:653: creating README
config.status:653: creating makerpm
config.status:653: creating re2c.1
config.status:653: creating re2c.spec
config.status:653: creating run_tests.sh
config.status:653: creating config_w32.h
config.status:653: creating config.h
config.status:889: config.h is unchanged
config.status:935: executing depfiles commands
config.status:935: executing default-1 commands
