" Enable the usage of the tracing abilities of AmigaTalk: "

amigatalk tracingOn

0x5E - NewPseudo( amigatalk ) = 0x02745D70
0x80 0x00 - SendMsg( tracingOn, 0 )
tracingOn =


  \/---- Interpreter for tracingOn = 03224244
  0x5B - NewPseudo( true )
  0x64 - Pop_RcvrInst( 4 ) = true
  0xFD 0xFD - trace pseudo variable (ON = 1, OFF = 0)
  0xF2 - Toss_Stk_Top( true )
  0xF5 - ReturnSelf( ) ^- Other: 0x02745D70

0x60 - Pop_RcvrInst( 0 ) = Other: 0x02745D70
0xF5 - ReturnSelf( ) ^- nil

nil    = 0x02737D60
true   = 0x02738324
false  = 0x027385EC
driver = 0x03222528

six <- 19 - 13
0x30 - PushLitInst( 0 ) = Int(13)
0x31 - PushLitInst( 1 ) = Int(d)
0xC1 - Subtract 13 from 19
0xF1 - DuplicateStkTop( Int(6) )
0x68 - Pop_RcvrInst( 8 ) = Int(6)
0xA8 - SendUnaryMsg( print )
print =


  \/---- Interpreter for print = 0322431C
  0x20 - PushCtxtInst( 0 ) = Int(6)
  {+ 0x05 0xFF +}   0x5FF - NewInt( 255 )
  0xCC - 6 > 255 => false
  0xF7 - SkipOn_False( 8 ) <- taken
  0xF2 - Toss_Stk_Top( Int( 0x000000FF ) )
  0x20 - PushCtxtInst( 0 ) = Int(6)
  0xA9 - SendUnaryMsg( printString )
  printString =


    \/---- Interpreter for printString = 03224388
    0x20 - PushCtxtInst( 0 ) = Int(6)
    {+ 0x0A 0x11 +}     0xA11 - SendUnaryMsg( asString )
    asString =


      \/---- Interpreter for asString = 032243F4
      0x20 - PushCtxtInst( 0 ) = Int(6)

      0xFA 0x01 - <IntegerToString( 0x25=37 )> ^-'                   6'
      0xF3 - ReturnStkTop( ) ^- '                   6'

    0xF3 - ReturnStkTop( ) ^- '                   6'


  0xFA 0x01 - <Print_Return( 0x79=121 )> ^-nil
  0xF2 - Toss_Stk_Top( Int( 0x000000FF ) )
  0xF5 - ReturnSelf( ) ^- Int(6)

0x60 - Pop_RcvrInst( 0 ) = Int(6)
0xF5 - ReturnSelf( ) ^- nil

intuition    close

0x13 - PushRcvrInst( 3 ) = Other: 0x02781508
0x80 0x00 - SendMsg( close, 0 )
close =


  \/---- Interpreter for close = 032244CC
  0x50 - NewInt( 0 )
  0x12 - PushRcvrInst( 2 ) = Addr( 0x140F0C88 )
  0x11 - PushRcvrInst( 1 ) = Addr( 0x13D717B0 )

  0xFA 0x03 - <HandleSDict( 0xCE=206 )> ^-nil
  0x62 - Pop_RcvrInst( 2 ) = nil
  0x5D - NewPseudo( nil )
  0xF1 - DuplicateStkTop( nil )
  0x61 - Pop_RcvrInst( 1 ) = nil
  0xF3 - ReturnStkTop( ) ^- nil

0x60 - Pop_RcvrInst( 0 ) = nil
0xF5 - ReturnSelf( ) ^- nil

boopsiTags   close

0x16 - PushRcvrInst( 6 ) = Other: 0x02781C10
0x80 0x00 - SendMsg( close, 0 )
close =


  \/---- Interpreter for close = 032245A4
  0x50 - NewInt( 0 )
  0x12 - PushRcvrInst( 2 ) = Addr( 0x140F0DD8 )
  0x11 - PushRcvrInst( 1 ) = Addr( 0x14470228 )

  0xFA 0x03 - <HandleSDict( 0xCE=206 )> ^-nil
  0x62 - Pop_RcvrInst( 2 ) = nil
  0x5D - NewPseudo( nil )
  0xF1 - DuplicateStkTop( nil )
  0x61 - Pop_RcvrInst( 1 ) = nil
  0xF3 - ReturnStkTop( ) ^- nil

0x60 - Pop_RcvrInst( 0 ) = nil
0xF5 - ReturnSelf( ) ^- nil

dosFlags     close

0x14 - PushRcvrInst( 4 ) = Other: 0x02781760
0x80 0x00 - SendMsg( close, 0 )
close =


  \/---- Interpreter for close = 0322467C
  0x50 - NewInt( 0 )
  0x12 - PushRcvrInst( 2 ) = Addr( 0x140F0CF8 )
  0x11 - PushRcvrInst( 1 ) = Addr( 0x13D717C8 )

  0xFA 0x03 - <HandleSDict( 0xCE=206 )> ^-nil
  0x62 - Pop_RcvrInst( 2 ) = nil
  0x5D - NewPseudo( nil )
  0xF1 - DuplicateStkTop( nil )
  0x61 - Pop_RcvrInst( 1 ) = nil
  0xF3 - ReturnStkTop( ) ^- nil

0x60 - Pop_RcvrInst( 0 ) = nil
0xF5 - ReturnSelf( ) ^- nil

printerFlags close

0x17 - PushRcvrInst( 7 ) = Other: 0x02781E68
0x80 0x00 - SendMsg( close, 0 )
close =


  \/---- Interpreter for close = 03224754
  0x50 - NewInt( 0 )
  0x12 - PushRcvrInst( 2 ) = Addr( 0x140F0E48 )
  0x11 - PushRcvrInst( 1 ) = Addr( 0x14470328 )

  0xFA 0x03 - <HandleSDict( 0xCE=206 )> ^-nil
  0x62 - Pop_RcvrInst( 2 ) = nil
  0x5D - NewPseudo( nil )
  0xF1 - DuplicateStkTop( nil )
  0x61 - Pop_RcvrInst( 1 ) = nil
  0xF3 - ReturnStkTop( ) ^- nil

0x60 - Pop_RcvrInst( 0 ) = nil
0xF5 - ReturnSelf( ) ^- nil

dataTypeTags close

0x15 - PushRcvrInst( 5 ) = Other: 0x027819B8
0x80 0x00 - SendMsg( close, 0 )
close =


  \/---- Interpreter for close = 0322482C
  0x50 - NewInt( 0 )
  0x12 - PushRcvrInst( 2 ) = Addr( 0x140F0D68 )
  0x11 - PushRcvrInst( 1 ) = Addr( 0x13D717E0 )

  0xFA 0x03 - <HandleSDict( 0xCE=206 )> ^-nil
  0x62 - Pop_RcvrInst( 2 ) = nil
  0x5D - NewPseudo( nil )
  0xF1 - DuplicateStkTop( nil )
  0x61 - Pop_RcvrInst( 1 ) = nil
  0xF3 - ReturnStkTop( ) ^- nil

0x60 - Pop_RcvrInst( 0 ) = nil
0xF5 - ReturnSelf( ) ^- nil


amigatalk systemPrivate

0x5E - NewPseudo( amigatalk ) = 0x02745D70
0x80 0x00 - SendMsg( systemPrivate, 0 )
systemPrivate =


  \/---- Interpreter for systemPrivate = 03224904
  0x50 - NewInt( 0 )
  0x52 - NewInt( 2 )
  0x30 - PushLitInst( 0 ) = 'AmigaTalk:Browser/Ge'
  0x31 - PushLitInst( 1 ) = '   AmigaTalk:General'
  0x50 - NewInt( 0 )

  0xFA 0x05 - <HandleClassInfo( 0x89=137 )> ^-true
  0xF2 - Toss_Stk_Top( Int(2) )
  0x50 - NewInt( 0 )
  0x53 - NewInt( 3 )
  0x32 - PushLitInst( 2 ) = 'AmigaTalk:Browser/Ge'
  0x31 - PushLitInst( 1 ) = '   AmigaTalk:General'

  0xFA 0x04 - <HandleClassInfo( 0x89=137 )> ^-true
  0xF2 - Toss_Stk_Top( Int(3) )
  0x50 - NewInt( 0 )
  0x52 - NewInt( 2 )
  0x33 - PushLitInst( 3 ) = 'AmigaTalk:Browser/In'
  0x34 - PushLitInst( 4 ) = ' AmigaTalk:Intuition'
  0x50 - NewInt( 0 )

  0xFA 0x05 - <HandleClassInfo( 0x89=137 )> ^-true
  0xF2 - Toss_Stk_Top( Int(2) )
  0x50 - NewInt( 0 )
  0x53 - NewInt( 3 )
  0x35 - PushLitInst( 5 ) = 'AmigaTalk:Browser/In'
  0x34 - PushLitInst( 4 ) = ' AmigaTalk:Intuition'

  0xFA 0x04 - <HandleClassInfo( 0x89=137 )> ^-true
  0xF2 - Toss_Stk_Top( Int(3) )
  0x50 - NewInt( 0 )
  0x52 - NewInt( 2 )
  0x36 - PushLitInst( 6 ) = 'AmigaTalk:Browser/Sy'
  0x37 - PushLitInst( 7 ) = '    AmigaTalk:System'
  0x50 - NewInt( 0 )

  0xFA 0x05 - <HandleClassInfo( 0x89=137 )> ^-true
  0xF2 - Toss_Stk_Top( Int(2) )
  0x50 - NewInt( 0 )
  0x53 - NewInt( 3 )
  0x38 - PushLitInst( 8 ) = 'AmigaTalk:Browser/Sy'
  0x37 - PushLitInst( 7 ) = '    AmigaTalk:System'

  0xFA 0x04 - <HandleClassInfo( 0x89=137 )> ^-true
  0xF2 - Toss_Stk_Top( Int(3) )
  0xF5 - ReturnSelf( ) ^- Other: 0x02745D70

0x60 - Pop_RcvrInst( 0 ) = Other: 0x02745D70
0xF5 - ReturnSelf( ) ^- nil

