This file contains any messages produced by compilers while
running configure, to aid debugging if configure makes a mistake.

configure:529: checking for gcc
configure:642: checking whether the C compiler (gcc  ) works
configure:658: gcc -o conftest    conftest.c  1>&5
configure:684: checking whether the C compiler (gcc  ) is a cross-compiler
configure:689: checking whether we are using GNU C
configure:698: gcc -E conftest.c
configure:717: checking whether gcc accepts -g
configure:753: checking for bison
configure:786: checking for flex
configure:820: checking for yywrap in -lfl
configure:839: gcc -o conftest -g -O2   conftest.c -lfl   1>&5
configure:892: checking for a BSD compatible install
configure:947: checking how to run the C preprocessor
configure:968: gcc -E  conftest.c >/dev/null 2>conftest.out
configure:1027: checking for ANSI C header files
configure:1040: gcc -E  conftest.c >/dev/null 2>conftest.out
configure:1107: gcc -o conftest -g -O2   conftest.c  1>&5
configure:1131: checking for sys/wait.h that is POSIX.1 compatible
configure:1152: gcc -c -g -O2  conftest.c 1>&5
configure:1176: checking for malloc.h
configure:1186: gcc -E  conftest.c >/dev/null 2>conftest.out
configure:1176: checking for unistd.h
configure:1186: gcc -E  conftest.c >/dev/null 2>conftest.out
configure:1214: checking for working const
configure:1268: gcc -c -g -O2  conftest.c 1>&5
configure:1289: checking for inline
configure:1303: gcc -c -g -O2  conftest.c 1>&5
configure:1329: checking for size_t
configure:1365: checking for working alloca.h
configure:1377: gcc -o conftest -g -O2   conftest.c  1>&5
configure:1371:20: alloca.h: No such file or directory
configure: failed program was:
#line 1370 "configure"
#include "confdefs.h"
#include <alloca.h>
int main() {
char *p = alloca(2 * sizeof(int));
; return 0; }
configure:1398: checking for alloca
configure:1431: gcc -o conftest -g -O2   conftest.c  1>&5
configure:1597: checking for vprintf
configure:1625: gcc -o conftest -g -O2   conftest.c  1>&5
configure:1609: warning: conflicting types for built-in function `vprintf'
configure:1704: checking for strdup
configure:1732: gcc -o conftest -g -O2   conftest.c  1>&5
configure:1704: checking for strerror
configure:1732: gcc -o conftest -g -O2   conftest.c  1>&5
configure:1704: checking for strncat
configure:1732: gcc -o conftest -g -O2   conftest.c  1>&5
configure:1716: warning: conflicting types for built-in function `strncat'
configure:1704: checking for atof
configure:1732: gcc -o conftest -g -O2   conftest.c  1>&5
configure:1704: checking for atoi
configure:1732: gcc -o conftest -g -O2   conftest.c  1>&5
