This file contains any messages produced by compilers while
running configure, to aid debugging if configure makes a mistake.

configure:607: checking for a BSD compatible install
configure:660: checking whether build environment is sane
configure:717: checking whether /SDK/C/gmake sets ${MAKE}
configure:763: checking for working aclocal
configure:776: checking for working autoconf
configure:789: checking for working automake
configure:802: checking for working autoheader
configure:815: checking for working makeinfo
configure:836: checking host system type
configure:857: checking target system type
configure:947: checking build system type
configure:967: checking for ranlib
configure:997: checking for gcc
configure:1110: checking whether the C compiler (gcc -mcrt=newlib -mcrt=newlib) works
configure:1126: gcc -o conftest -mcrt=newlib  -mcrt=newlib conftest.c -lunix 1>&5
configure:1152: checking whether the C compiler (gcc -mcrt=newlib -mcrt=newlib) is a cross-compiler
configure:1157: checking whether we are using GNU C
configure:1166: gcc -E conftest.c
configure:1185: checking whether gcc accepts -g
configure:1228: checking for ld used by GCC
configure:1290: checking if the linker (ld) is GNU ld
GNU ld version 2.14 20030612 (Amiga OS build 20050713)
configure:1306: checking for BSD-compatible nm
configure:1342: checking whether ln -s works
ltconfig:603: checking for object suffix
ltconfig:604: gcc -c -mcrt=newlib  conftest.c 1>&5
ltconfig:629: checking for executable suffix
ltconfig:630: gcc -o conftest -mcrt=newlib  -mcrt=newlib conftest.c -lunix 1>&5
ltconfig:776: checking if gcc PIC flag -m68020 -resident32 -malways-restore-a4 works
ltconfig:777: gcc -c -mcrt=newlib -m68020 -resident32 -malways-restore-a4 -DPIC  conftest.c 1>&5
cc1: error: invalid option '68020'
cc1: error: invalid option 'always-restore-a4'
ltconfig:829: checking if gcc supports -c -o file.o
ltconfig:830: gcc -c -mcrt=newlib -o out/conftest2.o  conftest.c 1>&5
ltconfig:862: checking if gcc supports -c -o file.lo
ltconfig:863: gcc -c -mcrt=newlib -c -o conftest.lo  conftest.c 1>&5
ltconfig:914: checking if gcc supports -fno-rtti -fno-exceptions
ltconfig:915: gcc -c -mcrt=newlib -fno-rtti -fno-exceptions -c conftest.c  conftest.c 1>&5
ltconfig:958: checking if gcc static flag -static works
ltconfig:959: gcc -o conftest -mcrt=newlib  -mcrt=newlib -static conftest.c -lunix 1>&5
GNU ld version 2.14 20030612 (Amiga OS build 20050713)
ltconfig:1653: checking if global_symbol_pipe works
ltconfig:1654: gcc -c -mcrt=newlib  conftest.c 1>&5
ltconfig:1657: eval "/gcc/bin/nm -B conftest.o | sed -n -e 's/^.*[ 	]\([ABCDGISTW]\)[ 	][ 	]*\(\)\([_A-Za-z][_A-Za-z0-9]*\)$/\1 \2\3 \3/p' > conftest.nm"
ltconfig:1709: gcc -o conftest -mcrt=newlib -fno-builtin  -mcrt=newlib conftest.c conftstm.o 1>&5
configure:1736: checking whether /SDK/C/gmake sets ${MAKE}
configure:1765: checking for gcc
configure:1878: checking whether the C compiler (gcc -mcrt=newlib -mcrt=newlib) works
configure:1894: gcc -o conftest -mcrt=newlib  -mcrt=newlib conftest.c -lunix 1>&5
configure:1920: checking whether the C compiler (gcc -mcrt=newlib -mcrt=newlib) is a cross-compiler
configure:1925: checking whether we are using GNU C
configure:1953: checking whether gcc accepts -g
configure:1996: checking for a BSD compatible install
configure:2102: checking for sdl-config
configure:2137: checking for SDL - version >= 1.1.5
configure:2222: gcc -o conftest -mcrt=newlib -I/SDK/Local/common/include/SDL  -mcrt=newlib conftest.c -lunix -L/SDK/Local/newlib/lib -lGL -lGLU -lSDL -lauto -lpthread -lm -lm -lstdc++ 1>&5
