This file contains any messages produced by compilers while
running configure, to aid debugging if configure makes a mistake.

It was created by configure, which was
generated by GNU Autoconf 2.59.  Invocation command line was

  $ configure 

## --------- ##
## Platform. ##
## --------- ##

hostname = amiga
uname -m = ppc
uname -r = 52.2
uname -s = AmigaOS
uname -v = 4.0

/usr/bin/uname -p = unknown
/bin/uname -X     = unknown

/bin/arch              = unknown
/usr/bin/arch -k       = unknown
/usr/convex/getsysinfo = unknown
hostinfo               = unknown
/bin/machine           = unknown
/usr/bin/oslevel       = unknown
/bin/universe          = unknown

PATH: /gcc/bin
PATH: /SDK/C
PATH: /SDK/Local/C
PATH: /SDK/Local/newlib/bin
PATH: /SDK/Local/clib2/bin
PATH: /C
PATH: .


## ----------- ##
## Core tests. ##
## ----------- ##

configure:1218: creating cache /dev/null
configure:1337: checking for a BSD-compatible install
configure:1392: result: /SDK/Local/C/ginstall -c
configure:1403: checking whether build environment is sane
configure:1446: result: yes
configure:1503: checking for gawk
configure:1532: result: no
configure:1503: checking for mawk
configure:1532: result: no
configure:1503: checking for nawk
configure:1532: result: no
configure:1503: checking for awk
configure:1519: found /SDK/Local/C/awk
configure:1529: result: awk
configure:1539: checking whether /SDK/C/gmake sets $(MAKE)
configure:1563: result: no
configure:1784: checking for gcc
configure:1800: found /gcc/bin/gcc
configure:1810: result: gcc
configure:2054: checking for C compiler version
configure:2057: gcc --version </dev/null >&5
gcc (GCC) 4.0.4 (AmigaOS build 20070219)
Copyright (C) 2006 Free Software Foundation, Inc.
This is free software; see the source for copying conditions.  There is NO
warranty; not even for MERCHANTABILITY or FITNESS FOR A PARTICULAR PURPOSE.

configure:2060: $? = 0
configure:2062: gcc -v </dev/null >&5
Using built-in specs.
Target: ppc-amigaos
Configured with: ../gcc/4.0.x/configure --host=ppc-amigaos --target=ppc-amigaos --build=i686-cygwin --prefix=/gcc --enable-languages=c,c++,objc --enable-haifa --enable-sjlj-exceptions --disable-shared --disable-libstdcxx-pch : (reconfigured) ../gcc/4.0.x/configure --host=ppc-amigaos --target=ppc-amigaos --build=i686-cygwin --prefix=/gcc --enable-languages=c,c++ --enable-haifa --enable-sjlj-exceptions --disable-shared --disable-libstdcxx-pch
Thread model: single
gcc version 4.0.4 (AmigaOS build 20070219)
configure:2065: $? = 0
configure:2067: gcc -V </dev/null >&5
gcc: '-V' option must have argument
configure:2070: $? = 1
configure:2093: checking for C compiler default output file name
configure:2096: gcc    conftest.c  >&5
configure:2099: $? = 0
configure:2145: result: a.out
configure:2150: checking whether the C compiler works
configure:2156: ./a.out
configure:2159: $? = 0
configure:2176: result: yes
configure:2183: checking whether we are cross compiling
configure:2185: result: no
configure:2188: checking for suffix of executables
configure:2190: gcc -o conftest    conftest.c  >&5
configure:2193: $? = 0
configure:2218: result: 
configure:2224: checking for suffix of object files
configure:2245: gcc -c   conftest.c >&5
configure:2248: $? = 0
configure:2270: result: o
configure:2274: checking whether we are using the GNU C compiler
configure:2298: gcc -c   conftest.c >&5
configure:2304: $? = 0
configure:2308: test -z 
			 || test ! -s conftest.err
configure:2311: $? = 0
configure:2314: test -s conftest.o
configure:2317: $? = 0
configure:2330: result: yes
configure:2336: checking whether gcc accepts -g
configure:2357: gcc -c -g  conftest.c >&5
configure:2363: $? = 0
configure:2367: test -z 
			 || test ! -s conftest.err
configure:2370: $? = 0
configure:2373: test -s conftest.o
configure:2376: $? = 0
configure:2387: result: yes
configure:2404: checking for gcc option to accept ANSI C
configure:2474: gcc  -c -g -O2  conftest.c >&5
configure:2480: $? = 0
configure:2484: test -z 
			 || test ! -s conftest.err
configure:2487: $? = 0
configure:2490: test -s conftest.o
configure:2493: $? = 0
configure:2511: result: none needed
configure:2529: gcc -c -g -O2  conftest.c >&5
conftest.c:2: error: syntax error before 'me'
configure:2535: $? = 1
configure: failed program was:
| #ifndef __cplusplus
|   choke me
| #endif
configure:2679: checking for style of include used by /SDK/C/gmake
configure:2707: result: none
configure:2735: checking dependency style of gcc
configure:2818: result: none
configure:2835: checking whether /SDK/C/gmake sets $(MAKE)
configure:2859: result: no
configure:2905: checking for ranlib
configure:2921: found /gcc/bin/ranlib
configure:2932: result: ranlib
configure:2990: checking for gcc
configure:3016: result: gcc
configure:3260: checking for C compiler version
configure:3263: gcc --version </dev/null >&5
gcc (GCC) 4.0.4 (AmigaOS build 20070219)
Copyright (C) 2006 Free Software Foundation, Inc.
This is free software; see the source for copying conditions.  There is NO
warranty; not even for MERCHANTABILITY or FITNESS FOR A PARTICULAR PURPOSE.

configure:3266: $? = 0
configure:3268: gcc -v </dev/null >&5
Using built-in specs.
Target: ppc-amigaos
Configured with: ../gcc/4.0.x/configure --host=ppc-amigaos --target=ppc-amigaos --build=i686-cygwin --prefix=/gcc --enable-languages=c,c++,objc --enable-haifa --enable-sjlj-exceptions --disable-shared --disable-libstdcxx-pch : (reconfigured) ../gcc/4.0.x/configure --host=ppc-amigaos --target=ppc-amigaos --build=i686-cygwin --prefix=/gcc --enable-languages=c,c++ --enable-haifa --enable-sjlj-exceptions --disable-shared --disable-libstdcxx-pch
Thread model: single
gcc version 4.0.4 (AmigaOS build 20070219)
configure:3271: $? = 0
configure:3273: gcc -V </dev/null >&5
gcc: '-V' option must have argument
configure:3276: $? = 1
configure:3279: checking whether we are using the GNU C compiler
configure:3335: result: yes
configure:3341: checking whether gcc accepts -g
configure:3392: result: yes
configure:3409: checking for gcc option to accept ANSI C
configure:3516: result: none needed
configure:3534: gcc -c -g -O2  conftest.c >&5
conftest.c:2: error: syntax error before 'me'
configure:3540: $? = 1
configure: failed program was:
| #ifndef __cplusplus
|   choke me
| #endif
configure:3675: checking dependency style of gcc
configure:3758: result: none
configure:3794: checking how to run the C preprocessor
configure:3829: gcc -E  conftest.c
configure:3835: $? = 0
configure:3867: gcc -E  conftest.c
conftest.c:12:28: error: ac_nonexistent.h: No such file or directory
configure:3873: $? = 1
configure: failed program was:
| /* confdefs.h.  */
| 
| #define PACKAGE_NAME ""
| #define PACKAGE_TARNAME ""
| #define PACKAGE_VERSION ""
| #define PACKAGE_STRING ""
| #define PACKAGE_BUGREPORT ""
| #define PACKAGE "argp"
| #define VERSION "standalone-1.3"
| #define _GNU_SOURCE 1
| /* end confdefs.h.  */
| #include <ac_nonexistent.h>
configure:3912: result: gcc -E
configure:3936: gcc -E  conftest.c
configure:3942: $? = 0
configure:3974: gcc -E  conftest.c
conftest.c:12:28: error: ac_nonexistent.h: No such file or directory
configure:3980: $? = 1
configure: failed program was:
| /* confdefs.h.  */
| 
| #define PACKAGE_NAME ""
| #define PACKAGE_TARNAME ""
| #define PACKAGE_VERSION ""
| #define PACKAGE_STRING ""
| #define PACKAGE_BUGREPORT ""
| #define PACKAGE "argp"
| #define VERSION "standalone-1.3"
| #define _GNU_SOURCE 1
| /* end confdefs.h.  */
| #include <ac_nonexistent.h>
configure:4024: checking for egrep
configure:4034: result: grep -E
configure:4039: checking for ANSI C header files
configure:4064: gcc -c -g -O2  conftest.c >&5
configure:4070: $? = 0
configure:4074: test -z 
			 || test ! -s conftest.err
configure:4077: $? = 0
configure:4080: test -s conftest.o
configure:4083: $? = 0
configure:4172: gcc -o conftest -g -O2   conftest.c  >&5
conftest.c: In function 'main':
conftest.c:29: warning: incompatible implicit declaration of built-in function 'exit'
configure:4175: $? = 0
configure:4177: ./conftest
configure:4180: $? = 0
configure:4195: result: yes
configure:4219: checking for sys/types.h
configure:4235: gcc -c -g -O2  conftest.c >&5
configure:4241: $? = 0
configure:4245: test -z 
			 || test ! -s conftest.err
configure:4248: $? = 0
configure:4251: test -s conftest.o
configure:4254: $? = 0
configure:4265: result: yes
configure:4219: checking for sys/stat.h
configure:4235: gcc -c -g -O2  conftest.c >&5
configure:4241: $? = 0
configure:4245: test -z 
			 || test ! -s conftest.err
configure:4248: $? = 0
configure:4251: test -s conftest.o
configure:4254: $? = 0
configure:4265: result: yes
configure:4219: checking for stdlib.h
configure:4235: gcc -c -g -O2  conftest.c >&5
configure:4241: $? = 0
configure:4245: test -z 
			 || test ! -s conftest.err
configure:4248: $? = 0
configure:4251: test -s conftest.o
configure:4254: $? = 0
configure:4265: result: yes
configure:4219: checking for string.h
configure:4235: gcc -c -g -O2  conftest.c >&5
configure:4241: $? = 0
configure:4245: test -z 
			 || test ! -s conftest.err
configure:4248: $? = 0
configure:4251: test -s conftest.o
configure:4254: $? = 0
configure:4265: result: yes
configure:4219: checking for memory.h
configure:4235: gcc -c -g -O2  conftest.c >&5
conftest.c:52:20: error: memory.h: No such file or directory
configure:4241: $? = 1
configure: failed program was:
| /* confdefs.h.  */
| 
| #define PACKAGE_NAME ""
| #define PACKAGE_TARNAME ""
| #define PACKAGE_VERSION ""
| #define PACKAGE_STRING ""
| #define PACKAGE_BUGREPORT ""
| #define PACKAGE "argp"
| #define VERSION "standalone-1.3"
| #define _GNU_SOURCE 1
| #define STDC_HEADERS 1
| #define HAVE_SYS_TYPES_H 1
| #define HAVE_SYS_STAT_H 1
| #define HAVE_STDLIB_H 1
| #define HAVE_STRING_H 1
| /* end confdefs.h.  */
| #include <stdio.h>
| #if HAVE_SYS_TYPES_H
| # include <sys/types.h>
| #endif
| #if HAVE_SYS_STAT_H
| # include <sys/stat.h>
| #endif
| #if STDC_HEADERS
| # include <stdlib.h>
| # include <stddef.h>
| #else
| # if HAVE_STDLIB_H
| #  include <stdlib.h>
| # endif
| #endif
| #if HAVE_STRING_H
| # if !STDC_HEADERS && HAVE_MEMORY_H
| #  include <memory.h>
| # endif
| # include <string.h>
| #endif
| #if HAVE_STRINGS_H
| # include <strings.h>
| #endif
| #if HAVE_INTTYPES_H
| # include <inttypes.h>
| #else
| # if HAVE_STDINT_H
| #  include <stdint.h>
| # endif
| #endif
| #if HAVE_UNISTD_H
| # include <unistd.h>
| #endif
| 
| #include <memory.h>
configure:4265: result: no
configure:4219: checking for strings.h
configure:4235: gcc -c -g -O2  conftest.c >&5
configure:4241: $? = 0
configure:4245: test -z 
			 || test ! -s conftest.err
configure:4248: $? = 0
configure:4251: test -s conftest.o
configure:4254: $? = 0
configure:4265: result: yes
configure:4219: checking for inttypes.h
configure:4235: gcc -c -g -O2  conftest.c >&5
configure:4241: $? = 0
configure:4245: test -z 
			 || test ! -s conftest.err
configure:4248: $? = 0
configure:4251: test -s conftest.o
configure:4254: $? = 0
configure:4265: result: yes
configure:4219: checking for stdint.h
configure:4235: gcc -c -g -O2  conftest.c >&5
configure:4241: $? = 0
configure:4245: test -z 
			 || test ! -s conftest.err
configure:4248: $? = 0
configure:4251: test -s conftest.o
configure:4254: $? = 0
configure:4265: result: yes
configure:4219: checking for unistd.h
configure:4235: gcc -c -g -O2  conftest.c >&5
configure:4241: $? = 0
configure:4245: test -z 
			 || test ! -s conftest.err
configure:4248: $? = 0
configure:4251: test -s conftest.o
configure:4254: $? = 0
configure:4265: result: yes
configure:4293: checking limits.h usability
configure:4305: gcc -c -g -O2  conftest.c >&5
configure:4311: $? = 0
configure:4315: test -z 
			 || test ! -s conftest.err
configure:4318: $? = 0
configure:4321: test -s conftest.o
configure:4324: $? = 0
configure:4334: result: yes
configure:4338: checking limits.h presence
configure:4348: gcc -E  conftest.c
configure:4354: $? = 0
configure:4374: result: yes
configure:4409: checking for limits.h
configure:4416: result: yes
configure:4293: checking malloc.h usability
configure:4305: gcc -c -g -O2  conftest.c >&5
configure:4311: $? = 0
configure:4315: test -z 
			 || test ! -s conftest.err
configure:4318: $? = 0
configure:4321: test -s conftest.o
configure:4324: $? = 0
configure:4334: result: yes
configure:4338: checking malloc.h presence
configure:4348: gcc -E  conftest.c
configure:4354: $? = 0
configure:4374: result: yes
configure:4409: checking for malloc.h
configure:4416: result: yes
configure:4284: checking for unistd.h
configure:4289: result: yes
configure:4431: checking for an ANSI C-conforming const
configure:4498: gcc -c -g -O2  conftest.c >&5
configure:4504: $? = 0
configure:4508: test -z 
			 || test ! -s conftest.err
configure:4511: $? = 0
configure:4514: test -s conftest.o
configure:4517: $? = 0
configure:4528: result: yes
configure:4538: checking for inline
configure:4559: gcc -c -g -O2  conftest.c >&5
configure:4565: $? = 0
configure:4569: test -z 
			 || test ! -s conftest.err
configure:4572: $? = 0
configure:4575: test -s conftest.o
configure:4578: $? = 0
configure:4590: result: inline
configure:4609: checking for size_t
configure:4633: gcc -c -g -O2  conftest.c >&5
configure:4639: $? = 0
configure:4643: test -z 
			 || test ! -s conftest.err
configure:4646: $? = 0
configure:4649: test -s conftest.o
configure:4652: $? = 0
configure:4663: result: yes
configure:4676: checking for __attribute__
configure:4707: gcc -c -g -O2  conftest.c >&5
conftest.c: In function 'main':
conftest.c:31: error: invalid storage class for function 'foo'
conftest.c:35: error: invalid storage class for function 'foo'
configure:4713: $? = 1
configure: failed program was:
| /* confdefs.h.  */
| 
| #define PACKAGE_NAME ""
| #define PACKAGE_TARNAME ""
| #define PACKAGE_VERSION ""
| #define PACKAGE_STRING ""
| #define PACKAGE_BUGREPORT ""
| #define PACKAGE "argp"
| #define VERSION "standalone-1.3"
| #define _GNU_SOURCE 1
| #define STDC_HEADERS 1
| #define HAVE_SYS_TYPES_H 1
| #define HAVE_SYS_STAT_H 1
| #define HAVE_STDLIB_H 1
| #define HAVE_STRING_H 1
| #define HAVE_STRINGS_H 1
| #define HAVE_INTTYPES_H 1
| #define HAVE_STDINT_H 1
| #define HAVE_UNISTD_H 1
| #define HAVE_LIMITS_H 1
| #define HAVE_MALLOC_H 1
| #define HAVE_UNISTD_H 1
| /* end confdefs.h.  */
| 
| #include <stdlib.h>
| 
| int
| main ()
| {
| 
| static void foo(void) __attribute__ ((noreturn));
| 
| static void __attribute__ ((noreturn))
| foo(void)
| {
|   exit(1);
| }
| 
|   ;
|   return 0;
| }
configure:4737: result: no
configure:4755: checking for working alloca.h
configure:4776: gcc -o conftest -g -O2   conftest.c  >&5
configure:4782: $? = 0
configure:4786: test -z 
			 || test ! -s conftest.err
configure:4789: $? = 0
configure:4792: test -s conftest
configure:4795: $? = 0
configure:4807: result: yes
configure:4817: checking for alloca
configure:4858: gcc -o conftest -g -O2   conftest.c  >&5
configure:4864: $? = 0
configure:4868: test -z 
			 || test ! -s conftest.err
configure:4871: $? = 0
configure:4874: test -s conftest
configure:4877: $? = 0
configure:4889: result: yes
configure:5116: checking for vprintf
configure:5173: gcc -o conftest -g -O2   conftest.c  >&5
conftest.c:50: warning: conflicting types for built-in function 'vprintf'
configure:5179: $? = 0
configure:5183: test -z 
			 || test ! -s conftest.err
configure:5186: $? = 0
configure:5189: test -s conftest
configure:5192: $? = 0
configure:5204: result: yes
configure:5211: checking for _doprnt
configure:5268: gcc -o conftest -g -O2   conftest.c  >&5
/T/ccp5YyKV.o(.text+0x6): In function `main':
/R/argp-standalone-1.3/conftest.c:66: undefined reference to `_doprnt'
/T/ccp5YyKV.o(.text+0xe):/R/argp-standalone-1.3/conftest.c:66: undefined reference to `_doprnt'
/T/ccp5YyKV.o(.sdata+0x0):/R/argp-standalone-1.3/conftest.c:66: undefined reference to `_doprnt'
configure:5274: $? = 1
configure: failed program was:
| /* confdefs.h.  */
| 
| #define PACKAGE_NAME ""
| #define PACKAGE_TARNAME ""
| #define PACKAGE_VERSION ""
| #define PACKAGE_STRING ""
| #define PACKAGE_BUGREPORT ""
| #define PACKAGE "argp"
| #define VERSION "standalone-1.3"
| #define _GNU_SOURCE 1
| #define STDC_HEADERS 1
| #define HAVE_SYS_TYPES_H 1
| #define HAVE_SYS_STAT_H 1
| #define HAVE_STDLIB_H 1
| #define HAVE_STRING_H 1
| #define HAVE_STRINGS_H 1
| #define HAVE_INTTYPES_H 1
| #define HAVE_STDINT_H 1
| #define HAVE_UNISTD_H 1
| #define HAVE_LIMITS_H 1
| #define HAVE_MALLOC_H 1
| #define HAVE_UNISTD_H 1
| #define HAVE_ALLOCA_H 1
| #define HAVE_ALLOCA 1
| #define HAVE_VPRINTF 1
| /* end confdefs.h.  */
| /* Define _doprnt to an innocuous variant, in case <limits.h> declares _doprnt.
|    For example, HP-UX 11i <limits.h> declares gettimeofday.  */
| #define _doprnt innocuous__doprnt
| 
| /* System header to define __stub macros and hopefully few prototypes,
|     which can conflict with char _doprnt (); below.
|     Prefer <limits.h> to <assert.h> if __STDC__ is defined, since
|     <limits.h> exists even on freestanding compilers.  */
| 
| #ifdef __STDC__
| # include <limits.h>
| #else
| # include <assert.h>
| #endif
| 
| #undef _doprnt
| 
| /* Override any gcc2 internal prototype to avoid an error.  */
| #ifdef __cplusplus
| extern "C"
| {
| #endif
| /* We use char because int might match the return type of a gcc2
|    builtin and then its argument prototype would still apply.  */
| char _doprnt ();
| /* The GNU C library defines this for functions which it implements
|     to always fail with ENOSYS.  Some functions are actually named
|     something starting with __ and the normal name is an alias.  */
| #if defined (__stub__doprnt) || defined (__stub____doprnt)
| choke me
| #else
| char (*f) () = _doprnt;
| #endif
| #ifdef __cplusplus
| }
| #endif
| 
| int
| main ()
| {
| return f != _doprnt;
|   ;
|   return 0;
| }
configure:5299: result: no
configure:5317: checking for strerror
configure:5374: gcc -o conftest -g -O2   conftest.c  >&5
configure:5380: $? = 0
configure:5384: test -z 
			 || test ! -s conftest.err
configure:5387: $? = 0
configure:5390: test -s conftest
configure:5393: $? = 0
configure:5405: result: yes
configure:5422: checking for mempcpy
configure:5479: gcc -o conftest -g -O2   conftest.c  >&5
conftest.c:52: warning: conflicting types for built-in function 'mempcpy'
configure:5485: $? = 0
configure:5489: test -z 
			 || test ! -s conftest.err
configure:5492: $? = 0
configure:5495: test -s conftest
configure:5498: $? = 0
configure:5510: result: yes
configure:5422: checking for strndup
configure:5479: gcc -o conftest -g -O2   conftest.c  >&5
configure:5485: $? = 0
configure:5489: test -z 
			 || test ! -s conftest.err
configure:5492: $? = 0
configure:5495: test -s conftest
configure:5498: $? = 0
configure:5510: result: yes
configure:5422: checking for strchrnul
configure:5479: gcc -o conftest -g -O2   conftest.c  >&5
/T/ccP3QvBR.o(.text+0x6): In function `main':
/R/argp-standalone-1.3/conftest.c:69: undefined reference to `strchrnul'
/T/ccP3QvBR.o(.text+0xe):/R/argp-standalone-1.3/conftest.c:69: undefined reference to `strchrnul'
/T/ccP3QvBR.o(.sdata+0x0):/R/argp-standalone-1.3/conftest.c:69: undefined reference to `strchrnul'
configure:5485: $? = 1
configure: failed program was:
| /* confdefs.h.  */
| 
| #define PACKAGE_NAME ""
| #define PACKAGE_TARNAME ""
| #define PACKAGE_VERSION ""
| #define PACKAGE_STRING ""
| #define PACKAGE_BUGREPORT ""
| #define PACKAGE "argp"
| #define VERSION "standalone-1.3"
| #define _GNU_SOURCE 1
| #define STDC_HEADERS 1
| #define HAVE_SYS_TYPES_H 1
| #define HAVE_SYS_STAT_H 1
| #define HAVE_STDLIB_H 1
| #define HAVE_STRING_H 1
| #define HAVE_STRINGS_H 1
| #define HAVE_INTTYPES_H 1
| #define HAVE_STDINT_H 1
| #define HAVE_UNISTD_H 1
| #define HAVE_LIMITS_H 1
| #define HAVE_MALLOC_H 1
| #define HAVE_UNISTD_H 1
| #define HAVE_ALLOCA_H 1
| #define HAVE_ALLOCA 1
| #define HAVE_VPRINTF 1
| #define HAVE_STRERROR 1
| #define HAVE_MEMPCPY 1
| #define HAVE_STRNDUP 1
| /* end confdefs.h.  */
| /* Define strchrnul to an innocuous variant, in case <limits.h> declares strchrnul.
|    For example, HP-UX 11i <limits.h> declares gettimeofday.  */
| #define strchrnul innocuous_strchrnul
| 
| /* System header to define __stub macros and hopefully few prototypes,
|     which can conflict with char strchrnul (); below.
|     Prefer <limits.h> to <assert.h> if __STDC__ is defined, since
|     <limits.h> exists even on freestanding compilers.  */
| 
| #ifdef __STDC__
| # include <limits.h>
| #else
| # include <assert.h>
| #endif
| 
| #undef strchrnul
| 
| /* Override any gcc2 internal prototype to avoid an error.  */
| #ifdef __cplusplus
| extern "C"
| {
| #endif
| /* We use char because int might match the return type of a gcc2
|    builtin and then its argument prototype would still apply.  */
| char strchrnul ();
| /* The GNU C library defines this for functions which it implements
|     to always fail with ENOSYS.  Some functions are actually named
|     something starting with __ and the normal name is an alias.  */
| #if defined (__stub_strchrnul) || defined (__stub___strchrnul)
| choke me
| #else
| char (*f) () = strchrnul;
| #endif
| #ifdef __cplusplus
| }
| #endif
| 
| int
| main ()
| {
| return f != strchrnul;
|   ;
|   return 0;
| }
configure:5510: result: no
configure:5539: checking for putc_unlocked('x', stdout)
configure:5560: gcc -o conftest -g -O2   conftest.c  >&5
configure:5566: $? = 0
configure:5570: test -z 
			 || test ! -s conftest.err
configure:5573: $? = 0
configure:5576: test -s conftest
configure:5579: $? = 0
configure:5591: result: yes
configure:5609: checking for flockfile
configure:5666: gcc -o conftest -g -O2   conftest.c  >&5
/T/ccxCL2lc.o(.text+0x6): In function `main':
/R/argp-standalone-1.3/conftest.c:70: undefined reference to `flockfile'
/T/ccxCL2lc.o(.text+0xe):/R/argp-standalone-1.3/conftest.c:70: undefined reference to `flockfile'
/T/ccxCL2lc.o(.sdata+0x0):/R/argp-standalone-1.3/conftest.c:70: undefined reference to `flockfile'
configure:5672: $? = 1
configure: failed program was:
| /* confdefs.h.  */
| 
| #define PACKAGE_NAME ""
| #define PACKAGE_TARNAME ""
| #define PACKAGE_VERSION ""
| #define PACKAGE_STRING ""
| #define PACKAGE_BUGREPORT ""
| #define PACKAGE "argp"
| #define VERSION "standalone-1.3"
| #define _GNU_SOURCE 1
| #define STDC_HEADERS 1
| #define HAVE_SYS_TYPES_H 1
| #define HAVE_SYS_STAT_H 1
| #define HAVE_STDLIB_H 1
| #define HAVE_STRING_H 1
| #define HAVE_STRINGS_H 1
| #define HAVE_INTTYPES_H 1
| #define HAVE_STDINT_H 1
| #define HAVE_UNISTD_H 1
| #define HAVE_LIMITS_H 1
| #define HAVE_MALLOC_H 1
| #define HAVE_UNISTD_H 1
| #define HAVE_ALLOCA_H 1
| #define HAVE_ALLOCA 1
| #define HAVE_VPRINTF 1
| #define HAVE_STRERROR 1
| #define HAVE_MEMPCPY 1
| #define HAVE_STRNDUP 1
| #define HAVE_PUTC_UNLOCKED 1
| /* end confdefs.h.  */
| /* Define flockfile to an innocuous variant, in case <limits.h> declares flockfile.
|    For example, HP-UX 11i <limits.h> declares gettimeofday.  */
| #define flockfile innocuous_flockfile
| 
| /* System header to define __stub macros and hopefully few prototypes,
|     which can conflict with char flockfile (); below.
|     Prefer <limits.h> to <assert.h> if __STDC__ is defined, since
|     <limits.h> exists even on freestanding compilers.  */
| 
| #ifdef __STDC__
| # include <limits.h>
| #else
| # include <assert.h>
| #endif
| 
| #undef flockfile
| 
| /* Override any gcc2 internal prototype to avoid an error.  */
| #ifdef __cplusplus
| extern "C"
| {
| #endif
| /* We use char because int might match the return type of a gcc2
|    builtin and then its argument prototype would still apply.  */
| char flockfile ();
| /* The GNU C library defines this for functions which it implements
|     to always fail with ENOSYS.  Some functions are actually named
|     something starting with __ and the normal name is an alias.  */
| #if defined (__stub_flockfile) || defined (__stub___flockfile)
| choke me
| #else
| char (*f) () = flockfile;
| #endif
| #ifdef __cplusplus
| }
| #endif
| 
| int
| main ()
| {
| return f != flockfile;
|   ;
|   return 0;
| }
configure:5697: result: no
configure:5712: checking for fputs_unlocked
configure:5769: gcc -o conftest -g -O2   conftest.c  >&5
conftest.c:55: warning: conflicting types for built-in function 'fputs_unlocked'
/T/cczR9A5K.o(.text+0x6): In function `main':
/R/argp-standalone-1.3/conftest.c:70: undefined reference to `fputs_unlocked'
/T/cczR9A5K.o(.text+0xe):/R/argp-standalone-1.3/conftest.c:70: undefined reference to `fputs_unlocked'
/T/cczR9A5K.o(.sdata+0x0):/R/argp-standalone-1.3/conftest.c:70: undefined reference to `fputs_unlocked'
configure:5775: $? = 1
configure: failed program was:
| /* confdefs.h.  */
| 
| #define PACKAGE_NAME ""
| #define PACKAGE_TARNAME ""
| #define PACKAGE_VERSION ""
| #define PACKAGE_STRING ""
| #define PACKAGE_BUGREPORT ""
| #define PACKAGE "argp"
| #define VERSION "standalone-1.3"
| #define _GNU_SOURCE 1
| #define STDC_HEADERS 1
| #define HAVE_SYS_TYPES_H 1
| #define HAVE_SYS_STAT_H 1
| #define HAVE_STDLIB_H 1
| #define HAVE_STRING_H 1
| #define HAVE_STRINGS_H 1
| #define HAVE_INTTYPES_H 1
| #define HAVE_STDINT_H 1
| #define HAVE_UNISTD_H 1
| #define HAVE_LIMITS_H 1
| #define HAVE_MALLOC_H 1
| #define HAVE_UNISTD_H 1
| #define HAVE_ALLOCA_H 1
| #define HAVE_ALLOCA 1
| #define HAVE_VPRINTF 1
| #define HAVE_STRERROR 1
| #define HAVE_MEMPCPY 1
| #define HAVE_STRNDUP 1
| #define HAVE_PUTC_UNLOCKED 1
| /* end confdefs.h.  */
| /* Define fputs_unlocked to an innocuous variant, in case <limits.h> declares fputs_unlocked.
|    For example, HP-UX 11i <limits.h> declares gettimeofday.  */
| #define fputs_unlocked innocuous_fputs_unlocked
| 
| /* System header to define __stub macros and hopefully few prototypes,
|     which can conflict with char fputs_unlocked (); below.
|     Prefer <limits.h> to <assert.h> if __STDC__ is defined, since
|     <limits.h> exists even on freestanding compilers.  */
| 
| #ifdef __STDC__
| # include <limits.h>
| #else
| # include <assert.h>
| #endif
| 
| #undef fputs_unlocked
| 
| /* Override any gcc2 internal prototype to avoid an error.  */
| #ifdef __cplusplus
| extern "C"
| {
| #endif
| /* We use char because int might match the return type of a gcc2
|    builtin and then its argument prototype would still apply.  */
| char fputs_unlocked ();
| /* The GNU C library defines this for functions which it implements
|     to always fail with ENOSYS.  Some functions are actually named
|     something starting with __ and the normal name is an alias.  */
| #if defined (__stub_fputs_unlocked) || defined (__stub___fputs_unlocked)
| choke me
| #else
| char (*f) () = fputs_unlocked;
| #endif
| #ifdef __cplusplus
| }
| #endif
| 
| int
| main ()
| {
| return f != fputs_unlocked;
|   ;
|   return 0;
| }
configure:5800: result: no
configure:5712: checking for fwrite_unlocked
configure:5769: gcc -o conftest -g -O2   conftest.c  >&5
conftest.c:55: warning: conflicting types for built-in function 'fwrite_unlocked'
/T/ccdy2e4j.o(.text+0x6): In function `main':
/R/argp-standalone-1.3/conftest.c:70: undefined reference to `fwrite_unlocked'
/T/ccdy2e4j.o(.text+0xe):/R/argp-standalone-1.3/conftest.c:70: undefined reference to `fwrite_unlocked'
/T/ccdy2e4j.o(.sdata+0x0):/R/argp-standalone-1.3/conftest.c:70: undefined reference to `fwrite_unlocked'
configure:5775: $? = 1
configure: failed program was:
| /* confdefs.h.  */
| 
| #define PACKAGE_NAME ""
| #define PACKAGE_TARNAME ""
| #define PACKAGE_VERSION ""
| #define PACKAGE_STRING ""
| #define PACKAGE_BUGREPORT ""
| #define PACKAGE "argp"
| #define VERSION "standalone-1.3"
| #define _GNU_SOURCE 1
| #define STDC_HEADERS 1
| #define HAVE_SYS_TYPES_H 1
| #define HAVE_SYS_STAT_H 1
| #define HAVE_STDLIB_H 1
| #define HAVE_STRING_H 1
| #define HAVE_STRINGS_H 1
| #define HAVE_INTTYPES_H 1
| #define HAVE_STDINT_H 1
| #define HAVE_UNISTD_H 1
| #define HAVE_LIMITS_H 1
| #define HAVE_MALLOC_H 1
| #define HAVE_UNISTD_H 1
| #define HAVE_ALLOCA_H 1
| #define HAVE_ALLOCA 1
| #define HAVE_VPRINTF 1
| #define HAVE_STRERROR 1
| #define HAVE_MEMPCPY 1
| #define HAVE_STRNDUP 1
| #define HAVE_PUTC_UNLOCKED 1
| /* end confdefs.h.  */
| /* Define fwrite_unlocked to an innocuous variant, in case <limits.h> declares fwrite_unlocked.
|    For example, HP-UX 11i <limits.h> declares gettimeofday.  */
| #define fwrite_unlocked innocuous_fwrite_unlocked
| 
| /* System header to define __stub macros and hopefully few prototypes,
|     which can conflict with char fwrite_unlocked (); below.
|     Prefer <limits.h> to <assert.h> if __STDC__ is defined, since
|     <limits.h> exists even on freestanding compilers.  */
| 
| #ifdef __STDC__
| # include <limits.h>
| #else
| # include <assert.h>
| #endif
| 
| #undef fwrite_unlocked
| 
| /* Override any gcc2 internal prototype to avoid an error.  */
| #ifdef __cplusplus
| extern "C"
| {
| #endif
| /* We use char because int might match the return type of a gcc2
|    builtin and then its argument prototype would still apply.  */
| char fwrite_unlocked ();
| /* The GNU C library defines this for functions which it implements
|     to always fail with ENOSYS.  Some functions are actually named
|     something starting with __ and the normal name is an alias.  */
| #if defined (__stub_fwrite_unlocked) || defined (__stub___fwrite_unlocked)
| choke me
| #else
| char (*f) () = fwrite_unlocked;
| #endif
| #ifdef __cplusplus
| }
| #endif
| 
| int
| main ()
| {
| return f != fwrite_unlocked;
|   ;
|   return 0;
| }
configure:5800: result: no
configure:5817: checking for strdup
configure:5874: gcc -o conftest -g -O2   conftest.c  >&5
conftest.c:55: warning: conflicting types for built-in function 'strdup'
configure:5880: $? = 0
configure:5884: test -z 
			 || test ! -s conftest.err
configure:5887: $? = 0
configure:5890: test -s conftest
configure:5893: $? = 0
configure:5905: result: yes
configure:5817: checking for asprintf
configure:5874: gcc -o conftest -g -O2   conftest.c  >&5
configure:5880: $? = 0
configure:5884: test -z 
			 || test ! -s conftest.err
configure:5887: $? = 0
configure:5890: test -s conftest
configure:5893: $? = 0
configure:5905: result: yes
configure:5916: checking whether program_invocation_name is declared
configure:5941: gcc -c -g -O2  conftest.c >&5
conftest.c: In function 'main':
conftest.c:39: error: 'program_invocation_name' undeclared (first use in this function)
conftest.c:39: error: (Each undeclared identifier is reported only once
conftest.c:39: error: for each function it appears in.)
configure:5947: $? = 1
configure: failed program was:
| /* confdefs.h.  */
| 
| #define PACKAGE_NAME ""
| #define PACKAGE_TARNAME ""
| #define PACKAGE_VERSION ""
| #define PACKAGE_STRING ""
| #define PACKAGE_BUGREPORT ""
| #define PACKAGE "argp"
| #define VERSION "standalone-1.3"
| #define _GNU_SOURCE 1
| #define STDC_HEADERS 1
| #define HAVE_SYS_TYPES_H 1
| #define HAVE_SYS_STAT_H 1
| #define HAVE_STDLIB_H 1
| #define HAVE_STRING_H 1
| #define HAVE_STRINGS_H 1
| #define HAVE_INTTYPES_H 1
| #define HAVE_STDINT_H 1
| #define HAVE_UNISTD_H 1
| #define HAVE_LIMITS_H 1
| #define HAVE_MALLOC_H 1
| #define HAVE_UNISTD_H 1
| #define HAVE_ALLOCA_H 1
| #define HAVE_ALLOCA 1
| #define HAVE_VPRINTF 1
| #define HAVE_STRERROR 1
| #define HAVE_MEMPCPY 1
| #define HAVE_STRNDUP 1
| #define HAVE_PUTC_UNLOCKED 1
| #define HAVE_STRDUP 1
| #define HAVE_ASPRINTF 1
| /* end confdefs.h.  */
| #include <errno.h>
| 
| int
| main ()
| {
| #ifndef program_invocation_name
|   char *p = (char *) program_invocation_name;
| #endif
| 
|   ;
|   return 0;
| }
configure:5971: result: no
configure:5987: checking whether program_invocation_short_name is declared
configure:6012: gcc -c -g -O2  conftest.c >&5
conftest.c: In function 'main':
conftest.c:40: error: 'program_invocation_short_name' undeclared (first use in this function)
conftest.c:40: error: (Each undeclared identifier is reported only once
conftest.c:40: error: for each function it appears in.)
configure:6018: $? = 1
configure: failed program was:
| /* confdefs.h.  */
| 
| #define PACKAGE_NAME ""
| #define PACKAGE_TARNAME ""
| #define PACKAGE_VERSION ""
| #define PACKAGE_STRING ""
| #define PACKAGE_BUGREPORT ""
| #define PACKAGE "argp"
| #define VERSION "standalone-1.3"
| #define _GNU_SOURCE 1
| #define STDC_HEADERS 1
| #define HAVE_SYS_TYPES_H 1
| #define HAVE_SYS_STAT_H 1
| #define HAVE_STDLIB_H 1
| #define HAVE_STRING_H 1
| #define HAVE_STRINGS_H 1
| #define HAVE_INTTYPES_H 1
| #define HAVE_STDINT_H 1
| #define HAVE_UNISTD_H 1
| #define HAVE_LIMITS_H 1
| #define HAVE_MALLOC_H 1
| #define HAVE_UNISTD_H 1
| #define HAVE_ALLOCA_H 1
| #define HAVE_ALLOCA 1
| #define HAVE_VPRINTF 1
| #define HAVE_STRERROR 1
| #define HAVE_MEMPCPY 1
| #define HAVE_STRNDUP 1
| #define HAVE_PUTC_UNLOCKED 1
| #define HAVE_STRDUP 1
| #define HAVE_ASPRINTF 1
| #define HAVE_DECL_PROGRAM_INVOCATION_NAME 0
| /* end confdefs.h.  */
| #include <errno.h>
| 
| int
| main ()
| {
| #ifndef program_invocation_short_name
|   char *p = (char *) program_invocation_short_name;
| #endif
| 
|   ;
|   return 0;
| }
configure:6042: result: no
configure:6194: creating ./config.status

## ---------------------- ##
## Running config.status. ##
## ---------------------- ##

This file was extended by config.status, which was
generated by GNU Autoconf 2.59.  Invocation command line was

  CONFIG_FILES    = 
  CONFIG_HEADERS  = 
  CONFIG_LINKS    = 
  CONFIG_COMMANDS = 
  $ ./config.status 

on amiga

config.status:691: creating Makefile
config.status:691: creating testsuite/Makefile
config.status:795: creating config.h
config.status:1109: executing depfiles commands

## ---------------- ##
## Cache variables. ##
## ---------------- ##

ac_cv_c_compiler_gnu=yes
ac_cv_c_const=yes
ac_cv_c_inline=inline
ac_cv_env_CC_set=
ac_cv_env_CC_value=
ac_cv_env_CFLAGS_set=
ac_cv_env_CFLAGS_value=
ac_cv_env_CPPFLAGS_set=
ac_cv_env_CPPFLAGS_value=
ac_cv_env_CPP_set=
ac_cv_env_CPP_value=
ac_cv_env_LDFLAGS_set=
ac_cv_env_LDFLAGS_value=
ac_cv_env_build_alias_set=
ac_cv_env_build_alias_value=
ac_cv_env_host_alias_set=
ac_cv_env_host_alias_value=
ac_cv_env_target_alias_set=
ac_cv_env_target_alias_value=
ac_cv_exeext=
ac_cv_func__doprnt=no
ac_cv_func_alloca_works=yes
ac_cv_func_asprintf=yes
ac_cv_func_call_putc_unlocked=yes
ac_cv_func_flockfile=no
ac_cv_func_fputs_unlocked=no
ac_cv_func_fwrite_unlocked=no
ac_cv_func_mempcpy=yes
ac_cv_func_strchrnul=no
ac_cv_func_strdup=yes
ac_cv_func_strerror=yes
ac_cv_func_strndup=yes
ac_cv_func_vprintf=yes
ac_cv_have_decl_program_invocation_name=no
ac_cv_have_decl_program_invocation_short_name=no
ac_cv_header_inttypes_h=yes
ac_cv_header_limits_h=yes
ac_cv_header_malloc_h=yes
ac_cv_header_memory_h=no
ac_cv_header_stdc=yes
ac_cv_header_stdint_h=yes
ac_cv_header_stdlib_h=yes
ac_cv_header_string_h=yes
ac_cv_header_strings_h=yes
ac_cv_header_sys_stat_h=yes
ac_cv_header_sys_types_h=yes
ac_cv_header_unistd_h=yes
ac_cv_objext=o
ac_cv_path_install='/SDK/Local/C/ginstall -c'
ac_cv_prog_AWK=awk
ac_cv_prog_CPP='gcc -E'
ac_cv_prog_ac_ct_CC=gcc
ac_cv_prog_ac_ct_RANLIB=ranlib
ac_cv_prog_cc_g=yes
ac_cv_prog_cc_stdc=
ac_cv_prog_egrep='grep -E'
ac_cv_prog_make__SDK_C_gmake_set=no
ac_cv_type_size_t=yes
ac_cv_working_alloca_h=yes
am_cv_CC_dependencies_compiler_type=none
am_cv_prog_cc_stdc=
lsh_cv_c_attribute=no

## ----------------- ##
## Output variables. ##
## ----------------- ##

ac_ct_CC='gcc'
ac_ct_RANLIB='ranlib'
ac_ct_STRIP=''
ACLOCAL='${SHELL} /R/argp-standalone-1.3/missing --run aclocal-1.8'
ALLOCA=''
am__fastdepCC_FALSE=''
am__fastdepCC_TRUE='#'
am__include='#'
am__leading_dot='.'
am__quote=''
AMDEP_FALSE='#'
AMDEP_TRUE=''
AMDEPBACKSLASH='\'
AMTAR='${SHELL} /R/argp-standalone-1.3/missing --run tar'
AUTOCONF='${SHELL} /R/argp-standalone-1.3/missing --run autoconf'
AUTOHEADER='${SHELL} /R/argp-standalone-1.3/missing --run autoheader'
AUTOMAKE='${SHELL} /R/argp-standalone-1.3/missing --run automake-1.8'
AWK='awk'
bindir='${exec_prefix}/bin'
build_alias=''
CC='gcc'
CCDEPMODE='depmode=none'
CFLAGS='-g -O2 -ggdb3 -Wall -W  -Wmissing-prototypes -Wmissing-declarations -Wstrict-prototypes  -Waggregate-return  -Wpointer-arith -Wbad-function-cast -Wnested-externs'
CPP='gcc -E'
CPPFLAGS=' -I.'
CYGPATH_W='echo'
datadir='${prefix}/share'
DEFS='-DHAVE_CONFIG_H'
DEPDIR='.deps'
ECHO_C=''ECHO_N=''
ECHO_T=''
EGREP='grep -E'
exec_prefix='${prefix}'
EXEEXT=''
host_alias=''
includedir='${prefix}/include'
infodir='${prefix}/info'
INSTALL_DATA='${INSTALL} -m 644'
INSTALL_PROGRAM='${INSTALL}'
INSTALL_SCRIPT='${INSTALL}'
install_sh='/R/argp-standalone-1.3/install-sh'
INSTALL_STRIP_PROGRAM='${SHELL} $(install_sh) -c -s'
LDFLAGS=''
libdir='${exec_prefix}/lib'
libexecdir='${exec_prefix}/libexec'
LIBOBJS=' strchrnul$U.o'
LIBS=''
localstatedir='${prefix}/var'
LTLIBOBJS=' strchrnul$U.lo'
MAKEINFO='${SHELL} /R/argp-standalone-1.3/missing --run makeinfo'
mandir='${prefix}/man'
mkdir_p='mkdir -p -- .'
OBJEXT='o'
oldincludedir='/usr/include'
PACKAGE='argp'
PACKAGE_BUGREPORT=''
PACKAGE_NAME=''
PACKAGE_STRING=''
PACKAGE_TARNAME=''
PACKAGE_VERSION=''
PATH_SEPARATOR=':'
prefix='/usr/local'
program_transform_name='s,x,x,'
RANLIB='ranlib'
sbindir='${exec_prefix}/sbin'
SET_MAKE='MAKE=/SDK/C/gmake'
sharedstatedir='${prefix}/com'
SHELL='/bin/sh'
STRIP=''
sysconfdir='${prefix}/etc'
target_alias=''
VERSION='standalone-1.3'

## ----------- ##
## confdefs.h. ##
## ----------- ##

#define _GNU_SOURCE 1
#define HAVE_ALLOCA 1
#define HAVE_ALLOCA_H 1
#define HAVE_ASPRINTF 1
#define HAVE_DECL_PROGRAM_INVOCATION_NAME 0
#define HAVE_DECL_PROGRAM_INVOCATION_SHORT_NAME 0
#define HAVE_INTTYPES_H 1
#define HAVE_LIMITS_H 1
#define HAVE_MALLOC_H 1
#define HAVE_MEMPCPY 1
#define HAVE_PUTC_UNLOCKED 1
#define HAVE_STDINT_H 1
#define HAVE_STDLIB_H 1
#define HAVE_STRDUP 1
#define HAVE_STRERROR 1
#define HAVE_STRING_H 1
#define HAVE_STRINGS_H 1
#define HAVE_STRNDUP 1
#define HAVE_SYS_STAT_H 1
#define HAVE_SYS_TYPES_H 1
#define HAVE_UNISTD_H 1
#define HAVE_UNISTD_H 1
#define HAVE_VPRINTF 1
#define PACKAGE "argp"
#define PACKAGE_BUGREPORT ""
#define PACKAGE_NAME ""
#define PACKAGE_STRING ""
#define PACKAGE_TARNAME ""
#define PACKAGE_VERSION ""
#define STDC_HEADERS 1
#define VERSION "standalone-1.3"

configure: exit 0

## ---------------------- ##
## Running config.status. ##
## ---------------------- ##

This file was extended by config.status, which was
generated by GNU Autoconf 2.59.  Invocation command line was

  CONFIG_FILES    = 
  CONFIG_HEADERS  = 
  CONFIG_LINKS    = 
  CONFIG_COMMANDS = 
  $ config.status 

on amiga

config.status:691: creating Makefile
config.status:691: creating testsuite/Makefile
config.status:795: creating config.h
config.status:929: config.h is unchanged
config.status:1109: executing depfiles commands

## ---------------------- ##
## Running config.status. ##
## ---------------------- ##

This file was extended by config.status, which was
generated by GNU Autoconf 2.59.  Invocation command line was

  CONFIG_FILES    = 
  CONFIG_HEADERS  = 
  CONFIG_LINKS    = 
  CONFIG_COMMANDS = 
  $ config.status 

on amiga

config.status:691: creating Makefile
config.status:691: creating testsuite/Makefile
config.status:795: creating config.h
config.status:929: config.h is unchanged
config.status:1109: executing depfiles commands

## ---------------------- ##
## Running config.status. ##
## ---------------------- ##

This file was extended by config.status, which was
generated by GNU Autoconf 2.59.  Invocation command line was

  CONFIG_FILES    = 
  CONFIG_HEADERS  = 
  CONFIG_LINKS    = 
  CONFIG_COMMANDS = 
  $ config.status 

on amiga

config.status:691: creating Makefile
config.status:691: creating testsuite/Makefile
config.status:795: creating config.h
config.status:929: config.h is unchanged
config.status:1109: executing depfiles commands

## ---------------------- ##
## Running config.status. ##
## ---------------------- ##

This file was extended by config.status, which was
generated by GNU Autoconf 2.59.  Invocation command line was

  CONFIG_FILES    = 
  CONFIG_HEADERS  = 
  CONFIG_LINKS    = 
  CONFIG_COMMANDS = 
  $ config.status -d

on amiga

config.status:691: creating Makefile
config.status:691: creating testsuite/Makefile
config.status:795: creating config.h
config.status:929: config.h is unchanged
config.status:1109: executing depfiles commands

## ---------------------- ##
## Running config.status. ##
## ---------------------- ##

This file was extended by config.status, which was
generated by GNU Autoconf 2.59.  Invocation command line was

  CONFIG_FILES    = 
  CONFIG_HEADERS  = 
  CONFIG_LINKS    = 
  CONFIG_COMMANDS = 
  $ config.status -d

on amiga

config.status:694: creating Makefile
config.status:694: creating testsuite/Makefile
config.status:798: creating config.h
config.status:1112: executing depfiles commands
