This is TeX, Amiga Version 3.1d (format=lplain 91.3.28)  2 NOV 1991 15:50
**mdoc
(mdoc.tex
LaTeX Version 2.09 <7 Dec 1989>
(tex:styles/report.sty
Document Style `report' <13 Nov 89>.
(tex:styles/rep10.sty)
\descriptionmargin=\dimen99
\c@part=\count79
\c@chapter=\count80
\c@section=\count81
\c@subsection=\count82
\c@subsubsection=\count83
\c@paragraph=\count84
\c@subparagraph=\count85
\c@figure=\count86
\c@table=\count87
 (tex:styles/titlepage.sty)) (manpage.sty
\argindent=\dimen100
\arg@dim=\dimen101
\line@siz=\dimen102
\arg@box=\box25
)
(mdoc.aux) [0

] [1]
\@savskip=\skip41
 (mdoc.toc)
\tf@toc=\write3
 [1

] [0]
Chapter 1.
[1

]
Chapter 2.
[2

] [3]
Chapter 3.
[4

] [5] [6] [7] [8] [9] [10] [11] [12]
Underfull \hbox (badness 10000) in paragraph at lines 626--628


\hbox(0.0+0.0)x359.96373
.\glue(\rightskip) 0.0


Underfull \hbox (badness 10000) in paragraph at lines 633--635


\hbox(0.0+0.0)x359.96373
.\glue(\rightskip) 0.0


Underfull \hbox (badness 10000) in paragraph at lines 640--642


\hbox(0.0+0.0)x359.96373
.\glue(\rightskip) 0.0


Underfull \hbox (badness 10000) in paragraph at lines 646--648


\hbox(0.0+0.0)x359.96373
.\glue(\rightskip) 0.0

[13

]
Underfull \hbox (badness 10000) in paragraph at lines 669--671


\hbox(0.0+0.0)x359.96373
.\glue(\rightskip) 0.0


Underfull \hbox (badness 10000) in paragraph at lines 674--676


\hbox(0.0+0.0)x359.96373
.\glue(\rightskip) 0.0


Underfull \hbox (badness 10000) in paragraph at lines 680--682


\hbox(0.0+0.0)x359.96373
.\glue(\rightskip) 0.0


Underfull \hbox (badness 10000) in paragraph at lines 695--697


\hbox(0.0+0.0)x359.96373
.\glue(\rightskip) 0.0


Underfull \hbox (badness 10000) in paragraph at lines 703--705


\hbox(0.0+0.0)x359.96373
.\glue(\rightskip) 0.0


Underfull \hbox (badness 10000) in paragraph at lines 709--711


\hbox(0.0+0.0)x359.96373
.\glue(\rightskip) 0.0

[14]
Underfull \hbox (badness 10000) in paragraph at lines 716--718


\hbox(0.0+0.0)x359.96373
.\glue(\rightskip) 0.0


Underfull \hbox (badness 10000) in paragraph at lines 722--724


\hbox(0.0+0.0)x359.96373
.\glue(\rightskip) 0.0


Underfull \hbox (badness 10000) in paragraph at lines 728--730


\hbox(0.0+0.0)x359.96373
.\glue(\rightskip) 0.0


Underfull \hbox (badness 10000) in paragraph at lines 734--736


\hbox(0.0+0.0)x359.96373
.\glue(\rightskip) 0.0


Underfull \hbox (badness 10000) in paragraph at lines 739--741


\hbox(0.0+0.0)x359.96373
.\glue(\rightskip) 0.0


Underfull \hbox (badness 10000) in paragraph at lines 745--747


\hbox(0.0+0.0)x359.96373
.\glue(\rightskip) 0.0


Underfull \hbox (badness 10000) in paragraph at lines 750--752


\hbox(0.0+0.0)x359.96373
.\glue(\rightskip) 0.0


Underfull \hbox (badness 10000) in paragraph at lines 756--758


\hbox(0.0+0.0)x359.96373
.\glue(\rightskip) 0.0

[15]
Underfull \hbox (badness 10000) in paragraph at lines 780--782


\hbox(0.0+0.0)x359.96373
.\glue(\rightskip) 0.0


Underfull \hbox (badness 10000) in paragraph at lines 788--790


\hbox(0.0+0.0)x359.96373
.\glue(\rightskip) 0.0


Underfull \hbox (badness 10000) in paragraph at lines 798--800


\hbox(0.0+0.0)x359.96373
.\glue(\rightskip) 0.0


Underfull \hbox (badness 10000) in paragraph at lines 805--807


\hbox(0.0+0.0)x359.96373
.\glue(\rightskip) 0.0

[16] [17

] [18]
Chapter 4.
[19

] [20]
Chapter 5.
[21

] [22] (mdoc.aux) ) 
Here is how much of TeX's memory you used:
 224 strings out of 1962
 2007 string characters out of 13298
 33808 words of memory out of 65501
 2162 multiletter control sequences out of 3500
 19304 words of font info for 73 fonts, out of 50000 for 120
 14 hyphenation exceptions out of 607
 15i,8n,19p,239b,276s stack positions out of 200i,40n,60p,3000b,1500s

Output written on mdoc.dvi (26 pages, 60540 bytes).
