This file contains any messages produced by compilers while
running configure, to aid debugging if configure makes a mistake.

It was created by configure, which was
generated by GNU Autoconf 2.54.  Invocation command line was

  $ ./configure 

## --------- ##
## Platform. ##
## --------- ##

hostname = adele.rswheeldon.com
uname -m = m68k
uname -r = 3.1
uname -s = AmigaOS
uname -v = 40.68

/usr/bin/uname -p = 68040
/bin/uname -X     = unknown

/bin/arch              = unknown
/usr/bin/arch -k       = unknown
/usr/convex/getsysinfo = unknown
hostinfo               = unknown
/bin/machine           = unknown
/usr/bin/oslevel       = unknown
/bin/universe          = unknown

PATH: /bin
PATH: /usr/bin
PATH: /usr/ucb
PATH: /c


## ----------- ##
## Core tests. ##
## ----------- ##

configure:1225: checking build system type
configure:1243: result: m68k-unknown-amigaos
configure:1251: checking host system type
configure:1265: result: m68k-unknown-amigaos
configure:1274: checking cached host tuple
configure:1284: result: ok
configure:1557: checking for gcc
configure:1573: found /bin/gcc
configure:1583: result: gcc
configure:1825: checking for C compiler version
configure:1828: gcc --version </dev/null >&5
egcs-2.91.66
configure:1831: $? = 0
configure:1833: gcc -v </dev/null >&5
Reading specs from /gg/lib/gcc-lib/m68k-amigaos/egcs-2.91.66/specs
gcc version egcs-2.91.66 19990314 (egcs-1.1.2 release)
configure:1836: $? = 0
configure:1838: gcc -V </dev/null >&5
gcc: argument to `-V' is missing
configure:1841: $? = 1
configure:1861: checking for C compiler default output
configure:1864: gcc    conftest.c  >&5
configure:1867: $? = 0
configure:1901: result: a.out
configure:1906: checking whether the C compiler works
configure:1912: ./a.out
configure:1915: $? = 0
configure:1930: result: yes
configure:1937: checking whether we are cross compiling
configure:1939: result: no
configure:1942: checking for suffix of executables
configure:1944: gcc -o conftest    conftest.c  >&5
configure:1947: $? = 0
configure:1970: result: 
configure:1976: checking for suffix of object files
configure:1994: gcc -c   conftest.c >&5
configure:1997: $? = 0
configure:2016: result: o
configure:2020: checking whether we are using the GNU C compiler
configure:2041: gcc -c   conftest.c >&5
configure:2044: $? = 0
configure:2047: test -s conftest.o
configure:2050: $? = 0
configure:2062: result: yes
configure:2068: checking whether gcc accepts -g
configure:2086: gcc -c -g  conftest.c >&5
configure:2089: $? = 0
configure:2092: test -s conftest.o
configure:2095: $? = 0
configure:2105: result: yes
configure:2122: checking for gcc option to accept ANSI C
configure:2179: gcc  -c -g -O2  conftest.c >&5
configure:2182: $? = 0
configure:2185: test -s conftest.o
configure:2188: $? = 0
configure:2205: result: none needed
configure:2223: gcc -c -g -O2  conftest.c >&5
conftest.c:2: parse error before `me'
configure:2226: $? = 1
configure: failed program was:
#ifndef __cplusplus
  choke me
#endif
configure:2329: checking how to run the C preprocessor
configure:2355: gcc -E  conftest.c
configure:2361: $? = 0
configure:2388: gcc -E  conftest.c
configure:2385: ac_nonexistent.h: No such file or directory
configure:2394: $? = 1
configure: failed program was:
#line 2384 "configure"
#include "confdefs.h"
#include <ac_nonexistent.h>
configure:2431: result: gcc -E
configure:2446: gcc -E  conftest.c
configure:2452: $? = 0
configure:2479: gcc -E  conftest.c
configure:2476: ac_nonexistent.h: No such file or directory
configure:2485: $? = 1
configure: failed program was:
#line 2475 "configure"
#include "confdefs.h"
#include <ac_nonexistent.h>
configure:2526: checking for egrep
configure:2536: result: grep -E
configure:2542: checking whether gcc needs -traditional
configure:2566: termio.h: No such file or directory
configure:2578: result: no
configure:2598: checking for library containing crypt
configure:2625: gcc -o conftest -g -O2   conftest.c  >&5
configure:2628: $? = 0
configure:2631: test -s conftest
configure:2634: $? = 0
configure:2687: result: none required
configure:2694: checking for library containing tgetent
configure:2721: gcc -o conftest -g -O2   conftest.c  >&5
/t/ccAfttQg.o: In function `main':
/Work/Source/tcsh/tcsh-6.12.00/configure:2714: undefined reference to `tgetent'
collect2: ld returned 1 exit status
configure:2724: $? = 1
configure: failed program was:
#line 2702 "configure"
#include "confdefs.h"

/* Override any gcc2 internal prototype to avoid an error.  */
#ifdef __cplusplus
extern "C"
#endif
/* We use char because int might match the return type of a gcc2
   builtin and then its argument prototype would still apply.  */
char tgetent ();
int
main ()
{
tgetent ();
  ;
  return 0;
}
configure:2761: gcc -o conftest -g -O2   conftest.c -ltermlib   >&5
/gg/m68k-amigaos/bin/ld: cannot open -ltermlib: No such file or directory
collect2: ld returned 1 exit status
configure:2764: $? = 1
configure: failed program was:
#line 2742 "configure"
#include "confdefs.h"

/* Override any gcc2 internal prototype to avoid an error.  */
#ifdef __cplusplus
extern "C"
#endif
/* We use char because int might match the return type of a gcc2
   builtin and then its argument prototype would still apply.  */
char tgetent ();
int
main ()
{
tgetent ();
  ;
  return 0;
}
configure:2761: gcc -o conftest -g -O2   conftest.c -lcurses   >&5
/t/ccBsO20D.o: In function `main':
/Work/Source/tcsh/tcsh-6.12.00/configure:2754: undefined reference to `tgetent'
collect2: ld returned 1 exit status
configure:2764: $? = 1
configure: failed program was:
#line 2742 "configure"
#include "confdefs.h"

/* Override any gcc2 internal prototype to avoid an error.  */
#ifdef __cplusplus
extern "C"
#endif
/* We use char because int might match the return type of a gcc2
   builtin and then its argument prototype would still apply.  */
char tgetent ();
int
main ()
{
tgetent ();
  ;
  return 0;
}
configure:2761: gcc -o conftest -g -O2   conftest.c -ltermcap   >&5
configure:2764: $? = 0
configure:2767: test -s conftest
configure:2770: $? = 0
configure:2783: result: -ltermcap
configure:2790: checking for library containing gethostbyname
configure:2817: gcc -o conftest -g -O2   conftest.c -ltermcap  >&5
configure:2820: $? = 0
configure:2823: test -s conftest
configure:2826: $? = 0
configure:2879: result: none required
configure:2886: checking for library containing connect
configure:2913: gcc -o conftest -g -O2   conftest.c -ltermcap  >&5
configure:2916: $? = 0
configure:2919: test -s conftest
configure:2922: $? = 0
configure:2975: result: none required
configure:2984: checking ss_family in sockaddr_storage
configure:3003: gcc -c -g -O2  conftest.c >&5
configure: In function `main':
configure:2996: storage size of `ss' isn't known
configure:3006: $? = 1
configure: failed program was:
#line 2990 "configure"
#include "confdefs.h"
#include <sys/types.h>
#include <sys/socket.h>
int
main ()
{
struct sockaddr_storage ss; ss.ss_family;
  ;
  return 0;
}
configure:3026: result: no
configure:3262: creating ./config.status

## ---------------------- ##
## Running config.status. ##
## ---------------------- ##

This file was extended by config.status, which was
generated by GNU Autoconf 2.54.  Invocation command line was

  CONFIG_FILES    = 
  CONFIG_HEADERS  = 
  CONFIG_LINKS    = 
  CONFIG_COMMANDS = 
  $ ./config.status 

on adele.rswheeldon.com

config.status:3905: creating Makefile
config.status:4007: creating config.h

## ---------------- ##
## Cache variables. ##
## ---------------- ##

ac_cv_build=m68k-unknown-amigaos
ac_cv_build_alias=m68k-unknown-amigaos
ac_cv_c_compiler_gnu=yes
ac_cv_env_CC_set=
ac_cv_env_CC_value=
ac_cv_env_CFLAGS_set=
ac_cv_env_CFLAGS_value=
ac_cv_env_CPPFLAGS_set=
ac_cv_env_CPPFLAGS_value=
ac_cv_env_CPP_set=
ac_cv_env_CPP_value=
ac_cv_env_LDFLAGS_set=
ac_cv_env_LDFLAGS_value=
ac_cv_env_build_alias_set=
ac_cv_env_build_alias_value=
ac_cv_env_host_alias_set=
ac_cv_env_host_alias_value=
ac_cv_env_target_alias_set=
ac_cv_env_target_alias_value=
ac_cv_exeext=
ac_cv_host=m68k-unknown-amigaos
ac_cv_host_alias=m68k-unknown-amigaos
ac_cv_host_system_type=m68k-unknown-amigaos
ac_cv_objext=o
ac_cv_prog_CPP='gcc -E'
ac_cv_prog_ac_ct_CC=gcc
ac_cv_prog_cc_g=yes
ac_cv_prog_cc_stdc=
ac_cv_prog_egrep='grep -E'
ac_cv_prog_gcc_traditional=no
ac_cv_search_connect='none required'
ac_cv_search_crypt='none required'
ac_cv_search_gethostbyname='none required'
ac_cv_search_tgetent=-ltermcap
ac_cv_ss_family=no

## ----------------- ##
## Output variables. ##
## ----------------- ##

CC='gcc'
CFLAGS='-g -O2'
CPP='gcc -E'
CPPFLAGS=''
DEFS='-DHAVE_CONFIG_H'
DFLAGS=' -DNO_SS_FAMILY'
ECHO_C=''ECHO_N=''
ECHO_T=''
EGREP='grep -E'
EXEEXT=''
HESDEF=''
HESLIB=''
LDFLAGS=''
LIBOBJS=''
LIBS='-ltermcap '
LTLIBOBJS=''
OBJEXT='o'
PACKAGE_BUGREPORT=''
PACKAGE_NAME=''
PACKAGE_STRING=''
PACKAGE_TARNAME=''
PACKAGE_VERSION=''
PATH_SEPARATOR=':'
SHELL='/bin/sh'
ac_ct_CC='gcc'
bindir='${exec_prefix}/bin'
build='m68k-unknown-amigaos'
build_alias=''
build_cpu='m68k'
build_os='amigaos'
build_vendor='unknown'
datadir='${prefix}/share'
exec_prefix='${prefix}'
host='m68k-unknown-amigaos'
host_alias=''
host_cpu='m68k'
host_os='amigaos'
host_vendor='unknown'
includedir='${prefix}/include'
infodir='${prefix}/info'
libdir='${exec_prefix}/lib'
libexecdir='${exec_prefix}/libexec'
localstatedir='${prefix}/var'
mandir='${prefix}/man'
oldincludedir='/usr/include'
prefix='/usr/local'
program_transform_name='s,x,x,'
sbindir='${exec_prefix}/sbin'
sharedstatedir='${prefix}/com'
sysconfdir='${prefix}/etc'
target_alias=''

## ----------- ##
## confdefs.h. ##
## ----------- ##

#define PACKAGE_BUGREPORT ""
#define PACKAGE_NAME ""
#define PACKAGE_STRING ""
#define PACKAGE_TARNAME ""
#define PACKAGE_VERSION ""

configure: exit 0
