This file contains any messages produced by compilers while
running configure, to aid debugging if configure makes a mistake.

It was created by GNU make configure 3.80, which was
generated by GNU Autoconf 2.54.  Invocation command line was

  $ configure 

## --------- ##
## Platform. ##
## --------- ##

hostname = louise-amiga
uname -m = m68k
uname -r = 3.1
uname -s = AmigaOS
uname -v = 40.68

/usr/bin/uname -p = unknown
/bin/uname -X     = unknown

/bin/arch              = unknown
/usr/bin/arch -k       = unknown
/usr/convex/getsysinfo = unknown
hostinfo               = unknown
/bin/machine           = unknown
/usr/bin/oslevel       = unknown
/bin/universe          = unknown

PATH: /bin
PATH: /usr/bin
PATH: /usr/ucb


## ----------- ##
## Core tests. ##
## ----------- ##

configure:1317: checking for a BSD-compatible install
configure:1371: result: /bin/install -c
configure:1382: checking whether build environment is sane
configure:1425: result: yes
configure:1458: checking for gawk
configure:1474: found /bin/gawk
configure:1484: result: gawk
configure:1494: checking whether make sets ${MAKE}
configure:1514: result: yes
configure:1669: checking whether make sets ${MAKE}
configure:1689: result: yes
configure:1746: checking for gcc
configure:1762: found /bin/gcc
configure:1772: result: gcc
configure:2014: checking for C compiler version
configure:2017: gcc --version </dev/null >&5
2.95.3
configure:2020: $? = 0
configure:2022: gcc -v </dev/null >&5
Reading specs from /gg/lib/gcc-lib/m68k-amigaos/2.95.3/specs
gcc version 2.95.3 20010315 (release)
configure:2025: $? = 0
configure:2027: gcc -V </dev/null >&5
gcc: argument to `-V' is missing
configure:2030: $? = 1
configure:2050: checking for C compiler default output
configure:2053: gcc    conftest.c  >&5
configure:2056: $? = 0
configure:2090: result: a.out
configure:2095: checking whether the C compiler works
configure:2101: ./a.out
configure:2104: $? = 0
configure:2119: result: yes
configure:2126: checking whether we are cross compiling
configure:2128: result: no
configure:2131: checking for suffix of executables
configure:2133: gcc -o conftest    conftest.c  >&5
configure:2136: $? = 0
configure:2159: result: 
configure:2165: checking for suffix of object files
configure:2183: gcc -c   conftest.c >&5
configure:2186: $? = 0
configure:2205: result: o
configure:2209: checking whether we are using the GNU C compiler
configure:2230: gcc -c   conftest.c >&5
configure:2233: $? = 0
configure:2236: test -s conftest.o
configure:2239: $? = 0
configure:2251: result: yes
configure:2257: checking whether gcc accepts -g
configure:2275: gcc -c -g  conftest.c >&5
configure:2278: $? = 0
configure:2281: test -s conftest.o
configure:2284: $? = 0
configure:2294: result: yes
configure:2311: checking for gcc option to accept ANSI C
configure:2368: gcc  -c -g -O2  conftest.c >&5
configure:2371: $? = 0
configure:2374: test -s conftest.o
configure:2377: $? = 0
configure:2394: result: none needed
configure:2412: gcc -c -g -O2  conftest.c >&5
conftest.c:2: parse error before `me'
configure:2415: $? = 1
configure: failed program was:
#ifndef __cplusplus
  choke me
#endif
configure:2532: checking for style of include used by make
configure:2560: result: GNU
configure:2588: checking dependency style of gcc
configure:2650: result: gcc
configure:2679: checking for a BSD-compatible install
configure:2733: result: /bin/install -c
configure:2785: checking for ranlib
configure:2801: found /bin/ranlib
configure:2812: result: ranlib
configure:2829: checking how to run the C preprocessor
configure:2855: gcc -E  conftest.c
configure:2861: $? = 0
configure:2888: gcc -E  conftest.c
configure:2885: ac_nonexistent.h: No such file or directory
configure:2894: $? = 1
configure: failed program was:
#line 2884 "configure"
#include "confdefs.h"
#include <ac_nonexistent.h>
configure:2931: result: gcc -E
configure:2946: gcc -E  conftest.c
configure:2952: $? = 0
configure:2979: gcc -E  conftest.c
configure:2976: ac_nonexistent.h: No such file or directory
configure:2985: $? = 1
configure: failed program was:
#line 2975 "configure"
#include "confdefs.h"
#include <ac_nonexistent.h>
configure:3026: checking for ar
configure:3042: found /bin/ar
configure:3053: result: ar
configure:3063: checking for perl
configure:3090: result: perl
configure:3105: checking build system type
configure:3123: result: m68k-unknown-amigaos
configure:3131: checking host system type
configure:3145: result: m68k-unknown-amigaos
configure:3155: checking for egrep
configure:3165: result: grep -E
configure:3171: checking for AIX
configure:3190: result: no
configure:3197: checking for strerror in -lcposix
configure:3224: gcc -o conftest -g -O2   conftest.c -lcposix   >&5
/gg/m68k-amigaos/bin/ld: cannot open -lcposix: No such file or directory
collect2: ld returned 1 exit status
configure:3227: $? = 1
configure: failed program was:
#line 3205 "configure"
#include "confdefs.h"

/* Override any gcc2 internal prototype to avoid an error.  */
#ifdef __cplusplus
extern "C"
#endif
/* We use char because int might match the return type of a gcc2
   builtin and then its argument prototype would still apply.  */
char strerror ();
int
main ()
{
strerror ();
  ;
  return 0;
}
configure:3244: result: no
configure:3252: checking for ANSI C header files
configure:3266: gcc -E  conftest.c
configure:3272: $? = 0
configure:3359: gcc -o conftest -g -O2   conftest.c  >&5
configure:3362: $? = 0
configure:3364: ./conftest
configure:3367: $? = 0
configure:3381: result: yes
configure:3405: checking for sys/types.h
configure:3418: gcc -c -g -O2  conftest.c >&5
configure:3421: $? = 0
configure:3424: test -s conftest.o
configure:3427: $? = 0
configure:3437: result: yes
configure:3405: checking for sys/stat.h
configure:3418: gcc -c -g -O2  conftest.c >&5
configure:3421: $? = 0
configure:3424: test -s conftest.o
configure:3427: $? = 0
configure:3437: result: yes
configure:3405: checking for stdlib.h
configure:3418: gcc -c -g -O2  conftest.c >&5
configure:3421: $? = 0
configure:3424: test -s conftest.o
configure:3427: $? = 0
configure:3437: result: yes
configure:3405: checking for string.h
configure:3418: gcc -c -g -O2  conftest.c >&5
configure:3421: $? = 0
configure:3424: test -s conftest.o
configure:3427: $? = 0
configure:3437: result: yes
configure:3405: checking for memory.h
configure:3418: gcc -c -g -O2  conftest.c >&5
configure:3421: $? = 0
configure:3424: test -s conftest.o
configure:3427: $? = 0
configure:3437: result: yes
configure:3405: checking for strings.h
configure:3418: gcc -c -g -O2  conftest.c >&5
configure:3421: $? = 0
configure:3424: test -s conftest.o
configure:3427: $? = 0
configure:3437: result: yes
configure:3405: checking for inttypes.h
configure:3418: gcc -c -g -O2  conftest.c >&5
configure:3447: inttypes.h: No such file or directory
configure:3421: $? = 1
configure: failed program was:
#line 3411 "configure"
#include "confdefs.h"
#include <stdio.h>
#if HAVE_SYS_TYPES_H
# include <sys/types.h>
#endif
#if HAVE_SYS_STAT_H
# include <sys/stat.h>
#endif
#if STDC_HEADERS
# include <stdlib.h>
# include <stddef.h>
#else
# if HAVE_STDLIB_H
#  include <stdlib.h>
# endif
#endif
#if HAVE_STRING_H
# if !STDC_HEADERS && HAVE_MEMORY_H
#  include <memory.h>
# endif
# include <string.h>
#endif
#if HAVE_STRINGS_H
# include <strings.h>
#endif
#if HAVE_INTTYPES_H
# include <inttypes.h>
#else
# if HAVE_STDINT_H
#  include <stdint.h>
# endif
#endif
#if HAVE_UNISTD_H
# include <unistd.h>
#endif

#include <inttypes.h>
configure:3437: result: no
configure:3405: checking for stdint.h
configure:3418: gcc -c -g -O2  conftest.c >&5
configure:3447: stdint.h: No such file or directory
configure:3421: $? = 1
configure: failed program was:
#line 3411 "configure"
#include "confdefs.h"
#include <stdio.h>
#if HAVE_SYS_TYPES_H
# include <sys/types.h>
#endif
#if HAVE_SYS_STAT_H
# include <sys/stat.h>
#endif
#if STDC_HEADERS
# include <stdlib.h>
# include <stddef.h>
#else
# if HAVE_STDLIB_H
#  include <stdlib.h>
# endif
#endif
#if HAVE_STRING_H
# if !STDC_HEADERS && HAVE_MEMORY_H
#  include <memory.h>
# endif
# include <string.h>
#endif
#if HAVE_STRINGS_H
# include <strings.h>
#endif
#if HAVE_INTTYPES_H
# include <inttypes.h>
#else
# if HAVE_STDINT_H
#  include <stdint.h>
# endif
#endif
#if HAVE_UNISTD_H
# include <unistd.h>
#endif

#include <stdint.h>
configure:3437: result: no
configure:3405: checking for unistd.h
configure:3418: gcc -c -g -O2  conftest.c >&5
configure:3421: $? = 0
configure:3424: test -s conftest.o
configure:3427: $? = 0
configure:3437: result: yes
configure:3459: checking minix/config.h usability
configure:3468: gcc -c -g -O2  conftest.c >&5
configure:3497: minix/config.h: No such file or directory
configure:3471: $? = 1
configure: failed program was:
#line 3462 "configure"
#include "confdefs.h"
#include <stdio.h>
#if HAVE_SYS_TYPES_H
# include <sys/types.h>
#endif
#if HAVE_SYS_STAT_H
# include <sys/stat.h>
#endif
#if STDC_HEADERS
# include <stdlib.h>
# include <stddef.h>
#else
# if HAVE_STDLIB_H
#  include <stdlib.h>
# endif
#endif
#if HAVE_STRING_H
# if !STDC_HEADERS && HAVE_MEMORY_H
#  include <memory.h>
# endif
# include <string.h>
#endif
#if HAVE_STRINGS_H
# include <strings.h>
#endif
#if HAVE_INTTYPES_H
# include <inttypes.h>
#else
# if HAVE_STDINT_H
#  include <stdint.h>
# endif
#endif
#if HAVE_UNISTD_H
# include <unistd.h>
#endif
#include <minix/config.h>
configure:3486: result: no
configure:3490: checking minix/config.h presence
configure:3497: gcc -E  conftest.c
configure:3494: minix/config.h: No such file or directory
configure:3503: $? = 1
configure: failed program was:
#line 3493 "configure"
#include "confdefs.h"
#include <minix/config.h>
configure:3521: result: no
configure:3539: checking for minix/config.h
configure:3546: result: no
configure:3594: checking for msgfmt
configure:3625: result: no
configure:3631: checking for gmsgfmt
configure:3662: result: :
configure:3672: checking for xgettext
configure:3703: result: no
configure:3711: checking for msgmerge
configure:3741: result: no
configure:3800: checking for ld used by GCC
configure:3863: result: /gg/m68k-amigaos/bin/ld
configure:3872: checking if the linker (/gg/m68k-amigaos/bin/ld) is GNU ld
GNU ld version 2.9.1 (with BFD 2.9.1)
configure:3884: result: yes
configure:3890: checking for shared library run path origin
configure:3903: result: done
configure:4320: checking whether NLS is requested
configure:4329: result: yes
configure:4346: checking for GNU gettext in libc
configure:4367: gcc -o conftest -g -O2   conftest.c  >&5
configure:4353: libintl.h: No such file or directory
configure:4370: $? = 1
configure: failed program was:
#line 4352 "configure"
#include "confdefs.h"
#include <libintl.h>
extern int _nl_msg_cat_cntr;
extern int *_nl_domain_bindings;
int
main ()
{
bindtextdomain ("", "");
return (int) gettext ("") + _nl_msg_cat_cntr + *_nl_domain_bindings
  ;
  return 0;
}
configure:4386: result: no
configure:4420: checking for iconv
configure:4444: gcc -o conftest -g -O2   conftest.c  >&5
configure:4431: iconv.h: No such file or directory
configure:4447: $? = 1
configure: failed program was:
#line 4429 "configure"
#include "confdefs.h"
#include <stdlib.h>
#include <iconv.h>
int
main ()
{
iconv_t cd = iconv_open("","");
       iconv(cd,NULL,NULL,NULL,NULL);
       iconv_close(cd);
  ;
  return 0;
}
configure:4480: gcc -o conftest -g -O2   conftest.c  -liconv >&5
configure:4467: iconv.h: No such file or directory
configure:4483: $? = 1
configure: failed program was:
#line 4465 "configure"
#include "confdefs.h"
#include <stdlib.h>
#include <iconv.h>
int
main ()
{
iconv_t cd = iconv_open("","");
         iconv(cd,NULL,NULL,NULL,NULL);
         iconv_close(cd);
  ;
  return 0;
}
configure:4502: result: no, consider installing GNU libiconv
configure:4903: checking for GNU gettext in libintl
configure:4932: gcc -o conftest -g -O2    conftest.c  -lintl >&5
configure:4914: libintl.h: No such file or directory
configure:4935: $? = 1
configure: failed program was:
#line 4913 "configure"
#include "confdefs.h"
#include <libintl.h>
extern int _nl_msg_cat_cntr;
extern
#ifdef __cplusplus
"C"
#endif
const char *_nl_expand_alias ();
int
main ()
{
bindtextdomain ("", "");
return (int) gettext ("") + _nl_msg_cat_cntr + *_nl_expand_alias (0)
  ;
  return 0;
}
configure:4996: result: no
configure:5092: checking for special C compiler options needed for large files
configure:5166: result: no
configure:5172: checking for _FILE_OFFSET_BITS value needed for large files
configure:5200: gcc -c -g -O2  conftest.c >&5
configure:5187: warning: left shift count >= width of type
configure:5187: warning: left shift count >= width of type
configure:5189: size of array `off_t_is_large' is negative
configure:5203: $? = 1
configure: failed program was:
#line 5180 "configure"
#include "confdefs.h"
#include <sys/types.h>
 /* Check that off_t can represent 2**63 - 1 correctly.
    We can't simply define LARGE_OFF_T to be 9223372036854775807,
    since some C++ compilers masquerading as C compilers
    incorrectly reject 9223372036854775807.  */
#define LARGE_OFF_T (((off_t) 1 << 62) - 1 + ((off_t) 1 << 62))
  int off_t_is_large[(LARGE_OFF_T % 2147483629 == 721
		       && LARGE_OFF_T % 2147483647 == 1)
		      ? 1 : -1];
int
main ()
{

  ;
  return 0;
}
configure:5239: gcc -c -g -O2  conftest.c >&5
configure:5226: warning: left shift count >= width of type
configure:5226: warning: left shift count >= width of type
configure:5228: size of array `off_t_is_large' is negative
configure:5242: $? = 1
configure: failed program was:
#line 5218 "configure"
#include "confdefs.h"
#define _FILE_OFFSET_BITS 64
#include <sys/types.h>
 /* Check that off_t can represent 2**63 - 1 correctly.
    We can't simply define LARGE_OFF_T to be 9223372036854775807,
    since some C++ compilers masquerading as C compilers
    incorrectly reject 9223372036854775807.  */
#define LARGE_OFF_T (((off_t) 1 << 62) - 1 + ((off_t) 1 << 62))
  int off_t_is_large[(LARGE_OFF_T % 2147483629 == 721
		       && LARGE_OFF_T % 2147483647 == 1)
		      ? 1 : -1];
int
main ()
{

  ;
  return 0;
}
configure:5259: result: no
configure:5269: checking for _LARGE_FILES value needed for large files
configure:5297: gcc -c -g -O2  conftest.c >&5
configure:5284: warning: left shift count >= width of type
configure:5284: warning: left shift count >= width of type
configure:5286: size of array `off_t_is_large' is negative
configure:5300: $? = 1
configure: failed program was:
#line 5277 "configure"
#include "confdefs.h"
#include <sys/types.h>
 /* Check that off_t can represent 2**63 - 1 correctly.
    We can't simply define LARGE_OFF_T to be 9223372036854775807,
    since some C++ compilers masquerading as C compilers
    incorrectly reject 9223372036854775807.  */
#define LARGE_OFF_T (((off_t) 1 << 62) - 1 + ((off_t) 1 << 62))
  int off_t_is_large[(LARGE_OFF_T % 2147483629 == 721
		       && LARGE_OFF_T % 2147483647 == 1)
		      ? 1 : -1];
int
main ()
{

  ;
  return 0;
}
configure:5336: gcc -c -g -O2  conftest.c >&5
configure:5323: warning: left shift count >= width of type
configure:5323: warning: left shift count >= width of type
configure:5325: size of array `off_t_is_large' is negative
configure:5339: $? = 1
configure: failed program was:
#line 5315 "configure"
#include "confdefs.h"
#define _LARGE_FILES 1
#include <sys/types.h>
 /* Check that off_t can represent 2**63 - 1 correctly.
    We can't simply define LARGE_OFF_T to be 9223372036854775807,
    since some C++ compilers masquerading as C compilers
    incorrectly reject 9223372036854775807.  */
#define LARGE_OFF_T (((off_t) 1 << 62) - 1 + ((off_t) 1 << 62))
  int off_t_is_large[(LARGE_OFF_T % 2147483629 == 721
		       && LARGE_OFF_T % 2147483647 == 1)
		      ? 1 : -1];
int
main ()
{

  ;
  return 0;
}
configure:5356: result: no
configure:5370: checking for library containing getpwnam
configure:5397: gcc -o conftest -g -O2   conftest.c  >&5
configure:5400: $? = 0
configure:5403: test -s conftest
configure:5406: $? = 0
configure:5459: result: none required
configure:5468: checking for ANSI C header files
configure:5597: result: yes
configure:5615: checking for dirent.h that defines DIR
configure:5636: gcc -c -g -O2  conftest.c >&5
configure:5639: $? = 0
configure:5642: test -s conftest.o
configure:5645: $? = 0
configure:5655: result: yes
configure:5668: checking for library containing opendir
configure:5695: gcc -o conftest -g -O2   conftest.c  >&5
configure:5698: $? = 0
configure:5701: test -s conftest
configure:5704: $? = 0
configure:5757: result: none required
configure:5863: checking whether stat file-mode macros are broken
configure:5908: result: no
configure:5918: checking whether time.h and sys/time.h may both be included
configure:5940: gcc -c -g -O2  conftest.c >&5
configure:5943: $? = 0
configure:5946: test -s conftest.o
configure:5949: $? = 0
configure:5959: result: yes
configure:5984: checking for stdlib.h
configure:5989: result: yes
configure:5993: checking locale.h usability
configure:6002: gcc -c -g -O2  conftest.c >&5
configure:6005: $? = 0
configure:6008: test -s conftest.o
configure:6011: $? = 0
configure:6020: result: yes
configure:6024: checking locale.h presence
configure:6031: gcc -E  conftest.c
configure:6037: $? = 0
configure:6055: result: yes
configure:6073: checking for locale.h
configure:6080: result: yes
configure:5984: checking for unistd.h
configure:5989: result: yes
configure:5993: checking limits.h usability
configure:6002: gcc -c -g -O2  conftest.c >&5
configure:6005: $? = 0
configure:6008: test -s conftest.o
configure:6011: $? = 0
configure:6020: result: yes
configure:6024: checking limits.h presence
configure:6031: gcc -E  conftest.c
configure:6037: $? = 0
configure:6055: result: yes
configure:6073: checking for limits.h
configure:6080: result: yes
configure:5993: checking fcntl.h usability
configure:6002: gcc -c -g -O2  conftest.c >&5
configure:6005: $? = 0
configure:6008: test -s conftest.o
configure:6011: $? = 0
configure:6020: result: yes
configure:6024: checking fcntl.h presence
configure:6031: gcc -E  conftest.c
configure:6037: $? = 0
configure:6055: result: yes
configure:6073: checking for fcntl.h
configure:6080: result: yes
configure:5984: checking for string.h
configure:5989: result: yes
configure:5984: checking for memory.h
configure:5989: result: yes
configure:5993: checking sys/param.h usability
configure:6002: gcc -c -g -O2  conftest.c >&5
configure:6005: $? = 0
configure:6008: test -s conftest.o
configure:6011: $? = 0
configure:6020: result: yes
configure:6024: checking sys/param.h presence
configure:6031: gcc -E  conftest.c
configure:6037: $? = 0
configure:6055: result: yes
configure:6073: checking for sys/param.h
configure:6080: result: yes
configure:5993: checking sys/time.h usability
configure:6002: gcc -c -g -O2  conftest.c >&5
configure:6005: $? = 0
configure:6008: test -s conftest.o
configure:6011: $? = 0
configure:6020: result: yes
configure:6024: checking sys/time.h presence
configure:6031: gcc -E  conftest.c
configure:6037: $? = 0
configure:6055: result: yes
configure:6073: checking for sys/time.h
configure:6080: result: yes
configure:5993: checking sys/timeb.h usability
configure:6002: gcc -c -g -O2  conftest.c >&5
configure:6005: $? = 0
configure:6008: test -s conftest.o
configure:6011: $? = 0
configure:6020: result: yes
configure:6024: checking sys/timeb.h presence
configure:6031: gcc -E  conftest.c
configure:6037: $? = 0
configure:6055: result: yes
configure:6073: checking for sys/timeb.h
configure:6080: result: yes
configure:6095: checking whether gcc and cc understand -c and -o together
configure:6122: gcc -c conftest.c -o conftest.o >&5
configure:6125: $? = 0
configure:6127: gcc -c conftest.c -o conftest.o >&5
configure:6130: $? = 0
configure:6137: cc -c conftest.c >&5
configure: cc: not found
configure:6140: $? = 127
configure:6169: result: yes
configure:6197: checking for gcc option to accept ANSI C
configure:6257: gcc  -c -g -O2  conftest.c >&5
configure:6260: $? = 0
configure:6263: test -s conftest.o
configure:6266: $? = 0
configure:6280: result: none needed
configure:6291: checking for an ANSI C-conforming const
configure:6355: gcc -c -g -O2  conftest.c >&5
configure:6358: $? = 0
configure:6361: test -s conftest.o
configure:6364: $? = 0
configure:6374: result: yes
configure:6384: checking return type of signal handlers
configure:6412: gcc -c -g -O2  conftest.c >&5
configure:6415: $? = 0
configure:6418: test -s conftest.o
configure:6421: $? = 0
configure:6431: result: void
configure:6439: checking for uid_t in sys/types.h
configure:6459: result: yes
configure:6474: checking for pid_t
configure:6495: gcc -c -g -O2  conftest.c >&5
configure:6498: $? = 0
configure:6501: test -s conftest.o
configure:6504: $? = 0
configure:6514: result: yes
configure:6529: checking for uintmax_t
configure:6550: gcc -c -g -O2  conftest.c >&5
configure: In function `main':
configure:6573: `uintmax_t' undeclared (first use in this function)
configure:6573: (Each undeclared identifier is reported only once
configure:6573: for each function it appears in.)
configure:6573: parse error before `)'
configure:6553: $? = 1
configure: failed program was:
#line 6535 "configure"
#include "confdefs.h"
#include <stdio.h>
#if HAVE_SYS_TYPES_H
# include <sys/types.h>
#endif
#if HAVE_SYS_STAT_H
# include <sys/stat.h>
#endif
#if STDC_HEADERS
# include <stdlib.h>
# include <stddef.h>
#else
# if HAVE_STDLIB_H
#  include <stdlib.h>
# endif
#endif
#if HAVE_STRING_H
# if !STDC_HEADERS && HAVE_MEMORY_H
#  include <memory.h>
# endif
# include <string.h>
#endif
#if HAVE_STRINGS_H
# include <strings.h>
#endif
#if HAVE_INTTYPES_H
# include <inttypes.h>
#else
# if HAVE_STDINT_H
#  include <stdint.h>
# endif
#endif
#if HAVE_UNISTD_H
# include <unistd.h>
#endif
int
main ()
{
if ((uintmax_t *) 0)
  return 0;
if (sizeof (uintmax_t))
  return 0;
  ;
  return 0;
}
configure:6569: result: no
configure:6576: checking for unsigned long long
configure:6597: gcc -c -g -O2  conftest.c >&5
configure:6600: $? = 0
configure:6603: test -s conftest.o
configure:6606: $? = 0
configure:6616: result: yes
configure:6632: checking for nanoseconds field of struct stat.st_mtim
configure:6660: gcc -c -g -O2  -DST_MTIM_NSEC=tv_nsec conftest.c >&5
configure: In function `main':
configure:6653: structure has no member named `st_mtim'
configure:6663: $? = 1
configure: failed program was:
#line 6647 "configure"
#include "confdefs.h"
#include <sys/types.h>
#include <sys/stat.h>
int
main ()
{
struct stat s; s.st_mtim.ST_MTIM_NSEC;
  ;
  return 0;
}
configure:6660: gcc -c -g -O2  -DST_MTIM_NSEC=_tv_nsec conftest.c >&5
configure: In function `main':
configure:6653: structure has no member named `st_mtim'
configure:6663: $? = 1
configure: failed program was:
#line 6647 "configure"
#include "confdefs.h"
#include <sys/types.h>
#include <sys/stat.h>
int
main ()
{
struct stat s; s.st_mtim.ST_MTIM_NSEC;
  ;
  return 0;
}
configure:6660: gcc -c -g -O2  -DST_MTIM_NSEC=st__tim.tv_nsec conftest.c >&5
configure: In function `main':
configure:6653: structure has no member named `st_mtim'
configure:6663: $? = 1
configure: failed program was:
#line 6647 "configure"
#include "confdefs.h"
#include <sys/types.h>
#include <sys/stat.h>
int
main ()
{
struct stat s; s.st_mtim.ST_MTIM_NSEC;
  ;
  return 0;
}
configure:6680: result: no
configure:6692: checking whether to use high resolution file timestamps
configure:6736: result: no
configure:6861: checking for standard gettimeofday
configure:6882: gcc -o conftest -g -O2   conftest.c  >&5
configure:6885: $? = 0
configure:6887: ./conftest
configure:6890: $? = 0
configure:6903: result: yes
configure:6941: checking for memcpy
configure:6978: gcc -o conftest -g -O2   conftest.c  >&5
configure:6957: warning: conflicting types for built-in function `memcpy'
configure:6981: $? = 0
configure:6984: test -s conftest
configure:6987: $? = 0
configure:6997: result: yes
configure:6941: checking for memmove
configure:6978: gcc -o conftest -g -O2   conftest.c  >&5
configure:6981: $? = 0
configure:6984: test -s conftest
configure:6987: $? = 0
configure:6997: result: yes
configure:6941: checking for strchr
configure:6978: gcc -o conftest -g -O2   conftest.c  >&5
configure:6981: $? = 0
configure:6984: test -s conftest
configure:6987: $? = 0
configure:6997: result: yes
configure:6941: checking for strdup
configure:6978: gcc -o conftest -g -O2   conftest.c  >&5
configure:6981: $? = 0
configure:6984: test -s conftest
configure:6987: $? = 0
configure:6997: result: yes
configure:6941: checking for mkstemp
configure:6978: gcc -o conftest -g -O2   conftest.c  >&5
configure:6981: $? = 0
configure:6984: test -s conftest
configure:6987: $? = 0
configure:6997: result: yes
configure:6941: checking for mktemp
configure:6978: gcc -o conftest -g -O2   conftest.c  >&5
configure:6981: $? = 0
configure:6984: test -s conftest
configure:6987: $? = 0
configure:6997: result: yes
configure:6941: checking for fdopen
configure:6978: gcc -o conftest -g -O2   conftest.c  >&5
configure:6981: $? = 0
configure:6984: test -s conftest
configure:6987: $? = 0
configure:6997: result: yes
configure:6941: checking for bsd_signal
configure:6978: gcc -o conftest -g -O2   conftest.c  >&5
/t/cced2kmg.o: In function `main':
/Stuff/Work/make-3.80/configure:6969: undefined reference to `bsd_signal'
collect2: ld returned 1 exit status
configure:6981: $? = 1
configure: failed program was:
#line 6947 "configure"
#include "confdefs.h"
/* System header to define __stub macros and hopefully few prototypes,
    which can conflict with char bsd_signal (); below.  */
#include <assert.h>
/* Override any gcc2 internal prototype to avoid an error.  */
#ifdef __cplusplus
extern "C"
#endif
/* We use char because int might match the return type of a gcc2
   builtin and then its argument prototype would still apply.  */
char bsd_signal ();
char (*f) ();

int
main ()
{
/* The GNU C library defines this for functions which it implements
    to always fail with ENOSYS.  Some functions are actually named
    something starting with __ and the normal name is an alias.  */
#if defined (__stub_bsd_signal) || defined (__stub___bsd_signal)
choke me
#else
f = bsd_signal;
#endif

  ;
  return 0;
}
configure:6997: result: no
configure:6941: checking for dup2
configure:6978: gcc -o conftest -g -O2   conftest.c  >&5
configure:6981: $? = 0
configure:6984: test -s conftest
configure:6987: $? = 0
configure:6997: result: yes
configure:6941: checking for getcwd
configure:6978: gcc -o conftest -g -O2   conftest.c  >&5
configure:6981: $? = 0
configure:6984: test -s conftest
configure:6987: $? = 0
configure:6997: result: yes
configure:6941: checking for sigsetmask
configure:6978: gcc -o conftest -g -O2   conftest.c  >&5
configure:6981: $? = 0
configure:6984: test -s conftest
configure:6987: $? = 0
configure:6997: result: yes
configure:6941: checking for sigaction
configure:6978: gcc -o conftest -g -O2   conftest.c  >&5
configure:6981: $? = 0
configure:6984: test -s conftest
configure:6987: $? = 0
configure:6997: result: yes
configure:6941: checking for getgroups
configure:6978: gcc -o conftest -g -O2   conftest.c  >&5
configure:6981: $? = 0
configure:6984: test -s conftest
configure:6987: $? = 0
configure:6997: result: yes
configure:6941: checking for seteuid
configure:6978: gcc -o conftest -g -O2   conftest.c  >&5
configure:6981: $? = 0
configure:6984: test -s conftest
configure:6987: $? = 0
configure:6997: result: yes
configure:6941: checking for setegid
configure:6978: gcc -o conftest -g -O2   conftest.c  >&5
configure:6981: $? = 0
configure:6984: test -s conftest
configure:6987: $? = 0
configure:6997: result: yes
configure:6941: checking for setlinebuf
configure:6978: gcc -o conftest -g -O2   conftest.c  >&5
configure:6981: $? = 0
configure:6984: test -s conftest
configure:6987: $? = 0
configure:6997: result: yes
configure:6941: checking for setreuid
configure:6978: gcc -o conftest -g -O2   conftest.c  >&5
configure:6981: $? = 0
configure:6984: test -s conftest
configure:6987: $? = 0
configure:6997: result: yes
configure:6941: checking for setregid
configure:6978: gcc -o conftest -g -O2   conftest.c  >&5
configure:6981: $? = 0
configure:6984: test -s conftest
configure:6987: $? = 0
configure:6997: result: yes
configure:6941: checking for setvbuf
configure:6978: gcc -o conftest -g -O2   conftest.c  >&5
configure:6981: $? = 0
configure:6984: test -s conftest
configure:6987: $? = 0
configure:6997: result: yes
configure:6941: checking for pipe
configure:6978: gcc -o conftest -g -O2   conftest.c  >&5
configure:6981: $? = 0
configure:6984: test -s conftest
configure:6987: $? = 0
configure:6997: result: yes
configure:6941: checking for strerror
configure:6978: gcc -o conftest -g -O2   conftest.c  >&5
configure:6981: $? = 0
configure:6984: test -s conftest
configure:6987: $? = 0
configure:6997: result: yes
configure:6941: checking for strsignal
configure:6978: gcc -o conftest -g -O2   conftest.c  >&5
/t/ccZq0apj.o: In function `main':
/Stuff/Work/make-3.80/configure:6969: undefined reference to `strsignal'
collect2: ld returned 1 exit status
configure:6981: $? = 1
configure: failed program was:
#line 6947 "configure"
#include "confdefs.h"
/* System header to define __stub macros and hopefully few prototypes,
    which can conflict with char strsignal (); below.  */
#include <assert.h>
/* Override any gcc2 internal prototype to avoid an error.  */
#ifdef __cplusplus
extern "C"
#endif
/* We use char because int might match the return type of a gcc2
   builtin and then its argument prototype would still apply.  */
char strsignal ();
char (*f) ();

int
main ()
{
/* The GNU C library defines this for functions which it implements
    to always fail with ENOSYS.  Some functions are actually named
    something starting with __ and the normal name is an alias.  */
#if defined (__stub_strsignal) || defined (__stub___strsignal)
choke me
#else
f = strsignal;
#endif

  ;
  return 0;
}
configure:6997: result: no
configure:7008: checking for function prototypes
configure:7011: result: yes
configure:7028: checking whether setvbuf arguments are reversed
configure:7050: gcc -o conftest -g -O2   conftest.c  >&5
configure:7038: conflicting types for `setvbuf'
/gg/include/stdio.h:257: previous declaration of `setvbuf'
configure:7053: $? = 1
configure: failed program was:
#line 7035 "configure"
#include "confdefs.h"
#include <stdio.h>
#	  if PROTOTYPES
	   int (setvbuf) (FILE *, int, char *, size_t);
#	  endif
int
main ()
{
char buf; return setvbuf (stdout, _IOLBF, &buf, 1);
  ;
  return 0;
}
configure:7146: result: no
configure:7158: checking for working strcoll
configure:7181: gcc -o conftest -g -O2   conftest.c  >&5
configure:7184: $? = 0
configure:7186: ./conftest
configure:7189: $? = 0
configure:7202: result: yes
configure:7215: checking for working alloca.h
configure:7233: gcc -o conftest -g -O2   conftest.c  >&5
configure:7222: alloca.h: No such file or directory
configure:7236: $? = 1
configure: failed program was:
#line 7221 "configure"
#include "confdefs.h"
#include <alloca.h>
int
main ()
{
char *p = (char *) alloca (2 * sizeof (int));
  ;
  return 0;
}
configure:7252: result: no
configure:7262: checking for alloca
configure:7300: gcc -o conftest -g -O2   conftest.c  >&5
configure:7303: $? = 0
configure:7306: test -s conftest
configure:7309: $? = 0
configure:7319: result: yes
configure:7509: checking for unistd.h
configure:7514: result: yes
configure:7518: checking vfork.h usability
configure:7527: gcc -c -g -O2  conftest.c >&5
configure:7556: vfork.h: No such file or directory
configure:7530: $? = 1
configure: failed program was:
#line 7521 "configure"
#include "confdefs.h"
#include <stdio.h>
#if HAVE_SYS_TYPES_H
# include <sys/types.h>
#endif
#if HAVE_SYS_STAT_H
# include <sys/stat.h>
#endif
#if STDC_HEADERS
# include <stdlib.h>
# include <stddef.h>
#else
# if HAVE_STDLIB_H
#  include <stdlib.h>
# endif
#endif
#if HAVE_STRING_H
# if !STDC_HEADERS && HAVE_MEMORY_H
#  include <memory.h>
# endif
# include <string.h>
#endif
#if HAVE_STRINGS_H
# include <strings.h>
#endif
#if HAVE_INTTYPES_H
# include <inttypes.h>
#else
# if HAVE_STDINT_H
#  include <stdint.h>
# endif
#endif
#if HAVE_UNISTD_H
# include <unistd.h>
#endif
#include <vfork.h>
configure:7545: result: no
configure:7549: checking vfork.h presence
configure:7556: gcc -E  conftest.c
configure:7553: vfork.h: No such file or directory
configure:7562: $? = 1
configure: failed program was:
#line 7552 "configure"
#include "confdefs.h"
#include <vfork.h>
configure:7580: result: no
configure:7598: checking for vfork.h
configure:7605: result: no
configure:7623: checking for fork
configure:7660: gcc -o conftest -g -O2   conftest.c  >&5
configure:7663: $? = 0
configure:7666: test -s conftest
configure:7669: $? = 0
configure:7679: result: yes
configure:7623: checking for vfork
configure:7660: gcc -o conftest -g -O2   conftest.c  >&5
configure:7663: $? = 0
configure:7666: test -s conftest
configure:7669: $? = 0
configure:7679: result: yes
configure:7690: checking for working fork
configure:7713: gcc -o conftest -g -O2   conftest.c  >&5
configure:7716: $? = 0
configure:7718: ./conftest
configure:7721: $? = 1
configure: program exited with status 1
configure: failed program was:
/* By Ruediger Kuhlmann. */
      #include <sys/types.h>
      #if HAVE_UNISTD_H
      # include <unistd.h>
      #endif
      /* Some systems only have a dummy stub for fork() */
      int main ()
      {
        if (fork() < 0)
          exit (1);
        exit (0);
      }
configure:7734: result: no
configure:7755: checking for working vfork
configure:7882: result: yes
configure:7917: checking for vprintf
configure:7954: gcc -o conftest -g -O2   conftest.c  >&5
configure:7957: $? = 0
configure:7960: test -s conftest
configure:7963: $? = 0
configure:7973: result: yes
configure:7980: checking for _doprnt
configure:8017: gcc -o conftest -g -O2   conftest.c  >&5
/t/ccz92CLS.o: In function `main':
/Stuff/Work/make-3.80/configure:8008: undefined reference to `_doprnt'
collect2: ld returned 1 exit status
configure:8020: $? = 1
configure: failed program was:
#line 7986 "configure"
#include "confdefs.h"
/* System header to define __stub macros and hopefully few prototypes,
    which can conflict with char _doprnt (); below.  */
#include <assert.h>
/* Override any gcc2 internal prototype to avoid an error.  */
#ifdef __cplusplus
extern "C"
#endif
/* We use char because int might match the return type of a gcc2
   builtin and then its argument prototype would still apply.  */
char _doprnt ();
char (*f) ();

int
main ()
{
/* The GNU C library defines this for functions which it implements
    to always fail with ENOSYS.  Some functions are actually named
    something starting with __ and the normal name is an alias.  */
#if defined (__stub__doprnt) || defined (__stub____doprnt)
choke me
#else
f = _doprnt;
#endif

  ;
  return 0;
}
configure:8036: result: no
configure:8050: checking whether closedir returns void
configure:8076: gcc -o conftest -g -O2   conftest.c  >&5
configure:8079: $? = 0
configure:8081: ./conftest
configure:8084: $? = 0
configure:8097: result: no
configure:8119: checking for getloadavg
configure:8156: gcc -o conftest -g -O2   conftest.c  >&5
/t/ccLzn5wb.o: In function `main':
/Stuff/Work/make-3.80/configure:8147: undefined reference to `getloadavg'
collect2: ld returned 1 exit status
configure:8159: $? = 1
configure: failed program was:
#line 8125 "configure"
#include "confdefs.h"
/* System header to define __stub macros and hopefully few prototypes,
    which can conflict with char getloadavg (); below.  */
#include <assert.h>
/* Override any gcc2 internal prototype to avoid an error.  */
#ifdef __cplusplus
extern "C"
#endif
/* We use char because int might match the return type of a gcc2
   builtin and then its argument prototype would still apply.  */
char getloadavg ();
char (*f) ();

int
main ()
{
/* The GNU C library defines this for functions which it implements
    to always fail with ENOSYS.  Some functions are actually named
    something starting with __ and the normal name is an alias.  */
#if defined (__stub_getloadavg) || defined (__stub___getloadavg)
choke me
#else
f = getloadavg;
#endif

  ;
  return 0;
}
configure:8175: result: no
configure:8189: checking for pstat_getdynamic
configure:8226: gcc -o conftest -g -O2   conftest.c  >&5
/t/cch4ao21.o: In function `main':
/Stuff/Work/make-3.80/configure:8217: undefined reference to `pstat_getdynamic'
collect2: ld returned 1 exit status
configure:8229: $? = 1
configure: failed program was:
#line 8195 "configure"
#include "confdefs.h"
/* System header to define __stub macros and hopefully few prototypes,
    which can conflict with char pstat_getdynamic (); below.  */
#include <assert.h>
/* Override any gcc2 internal prototype to avoid an error.  */
#ifdef __cplusplus
extern "C"
#endif
/* We use char because int might match the return type of a gcc2
   builtin and then its argument prototype would still apply.  */
char pstat_getdynamic ();
char (*f) ();

int
main ()
{
/* The GNU C library defines this for functions which it implements
    to always fail with ENOSYS.  Some functions are actually named
    something starting with __ and the normal name is an alias.  */
#if defined (__stub_pstat_getdynamic) || defined (__stub___pstat_getdynamic)
choke me
#else
f = pstat_getdynamic;
#endif

  ;
  return 0;
}
configure:8245: result: no
configure:8258: checking for kstat_open in -lkstat
configure:8285: gcc -o conftest -g -O2   conftest.c -lkstat   >&5
/gg/m68k-amigaos/bin/ld: cannot open -lkstat: No such file or directory
collect2: ld returned 1 exit status
configure:8288: $? = 1
configure: failed program was:
#line 8266 "configure"
#include "confdefs.h"

/* Override any gcc2 internal prototype to avoid an error.  */
#ifdef __cplusplus
extern "C"
#endif
/* We use char because int might match the return type of a gcc2
   builtin and then its argument prototype would still apply.  */
char kstat_open ();
int
main ()
{
kstat_open ();
  ;
  return 0;
}
configure:8305: result: no
configure:8323: checking for elf_begin in -lelf
configure:8350: gcc -o conftest -g -O2   conftest.c -lelf   >&5
/gg/m68k-amigaos/bin/ld: cannot open -lelf: No such file or directory
collect2: ld returned 1 exit status
configure:8353: $? = 1
configure: failed program was:
#line 8331 "configure"
#include "confdefs.h"

/* Override any gcc2 internal prototype to avoid an error.  */
#ifdef __cplusplus
extern "C"
#endif
/* We use char because int might match the return type of a gcc2
   builtin and then its argument prototype would still apply.  */
char elf_begin ();
int
main ()
{
elf_begin ();
  ;
  return 0;
}
configure:8370: result: no
configure:8378: checking for kvm_open in -lkvm
configure:8405: gcc -o conftest -g -O2   conftest.c -lkvm   >&5
/gg/m68k-amigaos/bin/ld: cannot open -lkvm: No such file or directory
collect2: ld returned 1 exit status
configure:8408: $? = 1
configure: failed program was:
#line 8386 "configure"
#include "confdefs.h"

/* Override any gcc2 internal prototype to avoid an error.  */
#ifdef __cplusplus
extern "C"
#endif
/* We use char because int might match the return type of a gcc2
   builtin and then its argument prototype would still apply.  */
char kvm_open ();
int
main ()
{
kvm_open ();
  ;
  return 0;
}
configure:8425: result: no
configure:8432: checking for getloadavg in -lutil
configure:8459: gcc -o conftest -g -O2   conftest.c -lutil   >&5
/gg/m68k-amigaos/bin/ld: cannot open -lutil: No such file or directory
collect2: ld returned 1 exit status
configure:8462: $? = 1
configure: failed program was:
#line 8440 "configure"
#include "confdefs.h"

/* Override any gcc2 internal prototype to avoid an error.  */
#ifdef __cplusplus
extern "C"
#endif
/* We use char because int might match the return type of a gcc2
   builtin and then its argument prototype would still apply.  */
char getloadavg ();
int
main ()
{
getloadavg ();
  ;
  return 0;
}
configure:8479: result: no
configure:8492: checking for getloadavg in -lgetloadavg
configure:8519: gcc -o conftest -g -O2   conftest.c -lgetloadavg  -L/usr/local/lib  >&5
/gg/m68k-amigaos/bin/ld: cannot open -lgetloadavg: No such file or directory
collect2: ld returned 1 exit status
configure:8522: $? = 1
configure: failed program was:
#line 8500 "configure"
#include "confdefs.h"

/* Override any gcc2 internal prototype to avoid an error.  */
#ifdef __cplusplus
extern "C"
#endif
/* We use char because int might match the return type of a gcc2
   builtin and then its argument prototype would still apply.  */
char getloadavg ();
int
main ()
{
getloadavg ();
  ;
  return 0;
}
configure:8539: result: no
configure:8555: checking for getloadavg
configure:8592: gcc -o conftest -g -O2   conftest.c  >&5
/t/ccUm0pBr.o: In function `main':
/Stuff/Work/make-3.80/configure:8583: undefined reference to `getloadavg'
collect2: ld returned 1 exit status
configure:8595: $? = 1
configure: failed program was:
#line 8561 "configure"
#include "confdefs.h"
/* System header to define __stub macros and hopefully few prototypes,
    which can conflict with char getloadavg (); below.  */
#include <assert.h>
/* Override any gcc2 internal prototype to avoid an error.  */
#ifdef __cplusplus
extern "C"
#endif
/* We use char because int might match the return type of a gcc2
   builtin and then its argument prototype would still apply.  */
char getloadavg ();
char (*f) ();

int
main ()
{
/* The GNU C library defines this for functions which it implements
    to always fail with ENOSYS.  Some functions are actually named
    something starting with __ and the normal name is an alias.  */
#if defined (__stub_getloadavg) || defined (__stub___getloadavg)
choke me
#else
f = getloadavg;
#endif

  ;
  return 0;
}
configure:8611: result: no
configure:8637: checking sys/dg_sys_info.h usability
configure:8646: gcc -c -g -O2  conftest.c >&5
configure:8675: sys/dg_sys_info.h: No such file or directory
configure:8649: $? = 1
configure: failed program was:
#line 8640 "configure"
#include "confdefs.h"
#include <stdio.h>
#if HAVE_SYS_TYPES_H
# include <sys/types.h>
#endif
#if HAVE_SYS_STAT_H
# include <sys/stat.h>
#endif
#if STDC_HEADERS
# include <stdlib.h>
# include <stddef.h>
#else
# if HAVE_STDLIB_H
#  include <stdlib.h>
# endif
#endif
#if HAVE_STRING_H
# if !STDC_HEADERS && HAVE_MEMORY_H
#  include <memory.h>
# endif
# include <string.h>
#endif
#if HAVE_STRINGS_H
# include <strings.h>
#endif
#if HAVE_INTTYPES_H
# include <inttypes.h>
#else
# if HAVE_STDINT_H
#  include <stdint.h>
# endif
#endif
#if HAVE_UNISTD_H
# include <unistd.h>
#endif
#include <sys/dg_sys_info.h>
configure:8664: result: no
configure:8668: checking sys/dg_sys_info.h presence
configure:8675: gcc -E  conftest.c
configure:8672: sys/dg_sys_info.h: No such file or directory
configure:8681: $? = 1
configure: failed program was:
#line 8671 "configure"
#include "confdefs.h"
#include <sys/dg_sys_info.h>
configure:8699: result: no
configure:8717: checking for sys/dg_sys_info.h
configure:8724: result: no
configure:8799: checking for locale.h
configure:8804: result: yes
configure:8905: checking for setlocale
configure:8942: gcc -o conftest -g -O2   conftest.c  >&5
configure:8945: $? = 0
configure:8948: test -s conftest
configure:8951: $? = 0
configure:8961: result: yes
configure:8995: checking inq_stats/cpustats.h usability
configure:9004: gcc -c -g -O2  conftest.c >&5
configure:9033: inq_stats/cpustats.h: No such file or directory
configure:9007: $? = 1
configure: failed program was:
#line 8998 "configure"
#include "confdefs.h"
#include <stdio.h>
#if HAVE_SYS_TYPES_H
# include <sys/types.h>
#endif
#if HAVE_SYS_STAT_H
# include <sys/stat.h>
#endif
#if STDC_HEADERS
# include <stdlib.h>
# include <stddef.h>
#else
# if HAVE_STDLIB_H
#  include <stdlib.h>
# endif
#endif
#if HAVE_STRING_H
# if !STDC_HEADERS && HAVE_MEMORY_H
#  include <memory.h>
# endif
# include <string.h>
#endif
#if HAVE_STRINGS_H
# include <strings.h>
#endif
#if HAVE_INTTYPES_H
# include <inttypes.h>
#else
# if HAVE_STDINT_H
#  include <stdint.h>
# endif
#endif
#if HAVE_UNISTD_H
# include <unistd.h>
#endif
#include <inq_stats/cpustats.h>
configure:9022: result: no
configure:9026: checking inq_stats/cpustats.h presence
configure:9033: gcc -E  conftest.c
configure:9030: inq_stats/cpustats.h: No such file or directory
configure:9039: $? = 1
configure: failed program was:
#line 9029 "configure"
#include "confdefs.h"
#include <inq_stats/cpustats.h>
configure:9057: result: no
configure:9075: checking for inq_stats/cpustats.h
configure:9082: result: no
configure:9114: checking sys/cpustats.h usability
configure:9123: gcc -c -g -O2  conftest.c >&5
configure:9152: sys/cpustats.h: No such file or directory
configure:9126: $? = 1
configure: failed program was:
#line 9117 "configure"
#include "confdefs.h"
#include <stdio.h>
#if HAVE_SYS_TYPES_H
# include <sys/types.h>
#endif
#if HAVE_SYS_STAT_H
# include <sys/stat.h>
#endif
#if STDC_HEADERS
# include <stdlib.h>
# include <stddef.h>
#else
# if HAVE_STDLIB_H
#  include <stdlib.h>
# endif
#endif
#if HAVE_STRING_H
# if !STDC_HEADERS && HAVE_MEMORY_H
#  include <memory.h>
# endif
# include <string.h>
#endif
#if HAVE_STRINGS_H
# include <strings.h>
#endif
#if HAVE_INTTYPES_H
# include <inttypes.h>
#else
# if HAVE_STDINT_H
#  include <stdint.h>
# endif
#endif
#if HAVE_UNISTD_H
# include <unistd.h>
#endif
#include <sys/cpustats.h>
configure:9141: result: no
configure:9145: checking sys/cpustats.h presence
configure:9152: gcc -E  conftest.c
configure:9149: sys/cpustats.h: No such file or directory
configure:9158: $? = 1
configure: failed program was:
#line 9148 "configure"
#include "confdefs.h"
#include <sys/cpustats.h>
configure:9176: result: no
configure:9194: checking for sys/cpustats.h
configure:9201: result: no
configure:9230: checking mach/mach.h usability
configure:9239: gcc -c -g -O2  conftest.c >&5
configure:9268: mach/mach.h: No such file or directory
configure:9242: $? = 1
configure: failed program was:
#line 9233 "configure"
#include "confdefs.h"
#include <stdio.h>
#if HAVE_SYS_TYPES_H
# include <sys/types.h>
#endif
#if HAVE_SYS_STAT_H
# include <sys/stat.h>
#endif
#if STDC_HEADERS
# include <stdlib.h>
# include <stddef.h>
#else
# if HAVE_STDLIB_H
#  include <stdlib.h>
# endif
#endif
#if HAVE_STRING_H
# if !STDC_HEADERS && HAVE_MEMORY_H
#  include <memory.h>
# endif
# include <string.h>
#endif
#if HAVE_STRINGS_H
# include <strings.h>
#endif
#if HAVE_INTTYPES_H
# include <inttypes.h>
#else
# if HAVE_STDINT_H
#  include <stdint.h>
# endif
#endif
#if HAVE_UNISTD_H
# include <unistd.h>
#endif
#include <mach/mach.h>
configure:9257: result: no
configure:9261: checking mach/mach.h presence
configure:9268: gcc -E  conftest.c
configure:9265: mach/mach.h: No such file or directory
configure:9274: $? = 1
configure: failed program was:
#line 9264 "configure"
#include "confdefs.h"
#include <mach/mach.h>
configure:9292: result: no
configure:9310: checking for mach/mach.h
configure:9317: result: no
configure:9346: checking nlist.h usability
configure:9355: gcc -c -g -O2  conftest.c >&5
configure:9358: $? = 0
configure:9361: test -s conftest.o
configure:9364: $? = 0
configure:9373: result: yes
configure:9377: checking nlist.h presence
configure:9384: gcc -E  conftest.c
configure:9390: $? = 0
configure:9408: result: yes
configure:9426: checking for nlist.h
configure:9433: result: yes
configure:9441: checking for struct nlist.n_un.n_name
configure:9462: gcc -c -g -O2  conftest.c >&5
configure: In function `main':
configure:9454: structure has no member named `n_un'
configure:9465: $? = 1
configure: failed program was:
#line 9447 "configure"
#include "confdefs.h"
#include <nlist.h>

int
main ()
{
static struct nlist ac_aggr;
if (ac_aggr.n_un.n_name)
return 0;
  ;
  return 0;
}
configure:9493: gcc -c -g -O2  conftest.c >&5
configure: In function `main':
configure:9485: structure has no member named `n_un'
configure:9496: $? = 1
configure: failed program was:
#line 9478 "configure"
#include "confdefs.h"
#include <nlist.h>

int
main ()
{
static struct nlist ac_aggr;
if (sizeof ac_aggr.n_un.n_name)
return 0;
  ;
  return 0;
}
configure:9514: result: no
configure:9539: checking whether getloadavg requires setgid
configure:9561: result: no
configure:9622: gcc -c -g -O2  conftest.c >&5
configure:9625: $? = 0
configure:9628: test -s conftest.o
configure:9631: $? = 0
configure:9649: checking for sys_siglist declaration in signal.h or unistd.h
configure:9673: gcc -c -g -O2  conftest.c >&5
configure: In function `main':
configure:9666: warning: initialization discards qualifiers from pointer target type
configure:9676: $? = 0
configure:9679: test -s conftest.o
configure:9682: $? = 0
configure:9692: result: yes
configure:9718: checking sys/wait.h usability
configure:9727: gcc -c -g -O2  conftest.c >&5
configure:9730: $? = 0
configure:9733: test -s conftest.o
configure:9736: $? = 0
configure:9745: result: yes
configure:9749: checking sys/wait.h presence
configure:9756: gcc -E  conftest.c
configure:9762: $? = 0
configure:9780: result: yes
configure:9798: checking for sys/wait.h
configure:9805: result: yes
configure:9823: checking for waitpid
configure:9860: gcc -o conftest -g -O2   conftest.c  >&5
configure:9863: $? = 0
configure:9866: test -s conftest
configure:9869: $? = 0
configure:9879: result: yes
configure:9823: checking for wait3
configure:9860: gcc -o conftest -g -O2   conftest.c  >&5
configure:9863: $? = 0
configure:9866: test -s conftest
configure:9869: $? = 0
configure:9879: result: yes
configure:9889: checking for union wait
configure:9923: gcc -o conftest -g -O2   conftest.c  >&5
configure: In function `main':
configure:9901: warning: passing arg 1 of `wait' from incompatible pointer type
configure:9909: `blow' undeclared (first use in this function)
configure:9909: (Each undeclared identifier is reported only once
configure:9909: for each function it appears in.)
configure:9909: parse error before `chunks'
configure:9926: $? = 1
configure: failed program was:
#line 9895 "configure"
#include "confdefs.h"
#include <sys/types.h>
#include <sys/wait.h>
int
main ()
{
union wait status; int pid; pid = wait (&status);
#ifdef WEXITSTATUS
/* Some POSIXoid systems have both the new-style macros and the old
   union wait type, and they do not work together.  If union wait
   conflicts with WEXITSTATUS et al, we don't want to use it at all.  */
if (WEXITSTATUS (status) != 0) pid = -1;
#ifdef WTERMSIG
/* If we have WEXITSTATUS and WTERMSIG, just use them on ints.  */
-- blow chunks here --
#endif
#endif
#ifdef HAVE_WAITPID
/* Make sure union wait works with waitpid.  */
pid = waitpid (-1, &status, 0);
#endif

  ;
  return 0;
}
configure:9950: result: no
configure:10890: checking for SA_RESTART
configure:10909: gcc -c -g -O2  conftest.c >&5
configure:10912: $? = 0
configure:10915: test -s conftest.o
configure:10918: $? = 0
configure:10928: result: yes
configure:10949: checking for location of SCCS get command
configure:10961: result: get
configure:11001: checking if system libc has GNU glob
configure:11016: gnu-versions.h: No such file or directory
configure:11030: result: no; using local copy
configure:11090: checking if malloc debugging is wanted
configure:11111: result: no
configure:11297: creating ./config.status

## ---------------------- ##
## Running config.status. ##
## ---------------------- ##

This file was extended by GNU make config.status 3.80, which was
generated by GNU Autoconf 2.54.  Invocation command line was

  CONFIG_FILES    = 
  CONFIG_HEADERS  = 
  CONFIG_LINKS    = 
  CONFIG_COMMANDS = 
  $ ./config.status 

on louise-amiga

config.status:12023: creating Makefile
config.status:12023: creating glob/Makefile
config.status:12023: creating po/Makefile.in
config.status:12023: creating config/Makefile
config.status:12023: creating doc/Makefile
config.status:12023: creating build.sh
config.status:12126: creating config.h
config.status:12382: executing depfiles commands
config.status:12382: executing default-1 commands

## ---------------- ##
## Cache variables. ##
## ---------------- ##

ac_cv_build=m68k-unknown-amigaos
ac_cv_build_alias=m68k-unknown-amigaos
ac_cv_c_compiler_gnu=yes
ac_cv_c_const=yes
ac_cv_decl_sys_siglist=yes
ac_cv_env_CC_set=
ac_cv_env_CC_value=
ac_cv_env_CFLAGS_set=
ac_cv_env_CFLAGS_value=
ac_cv_env_CPPFLAGS_set=
ac_cv_env_CPPFLAGS_value=
ac_cv_env_CPP_set=
ac_cv_env_CPP_value=
ac_cv_env_LDFLAGS_set=
ac_cv_env_LDFLAGS_value=
ac_cv_env_build_alias_set=
ac_cv_env_build_alias_value=
ac_cv_env_host_alias_set=
ac_cv_env_host_alias_value=
ac_cv_env_target_alias_set=
ac_cv_env_target_alias_value=
ac_cv_exeext=
ac_cv_func__doprnt=no
ac_cv_func_alloca_works=yes
ac_cv_func_bsd_signal=no
ac_cv_func_closedir_void=no
ac_cv_func_dup2=yes
ac_cv_func_fdopen=yes
ac_cv_func_fork=yes
ac_cv_func_fork_works=no
ac_cv_func_getcwd=yes
ac_cv_func_getgroups=yes
ac_cv_func_getloadavg=no
ac_cv_func_getloadavg_setgid=no
ac_cv_func_gettimeofday=yes
ac_cv_func_memcpy=yes
ac_cv_func_memmove=yes
ac_cv_func_mkstemp=yes
ac_cv_func_mktemp=yes
ac_cv_func_pipe=yes
ac_cv_func_pstat_getdynamic=no
ac_cv_func_setegid=yes
ac_cv_func_seteuid=yes
ac_cv_func_setlinebuf=yes
ac_cv_func_setlocale=yes
ac_cv_func_setregid=yes
ac_cv_func_setreuid=yes
ac_cv_func_setvbuf=yes
ac_cv_func_setvbuf_reversed=no
ac_cv_func_sigaction=yes
ac_cv_func_sigsetmask=yes
ac_cv_func_strchr=yes
ac_cv_func_strcoll_works=yes
ac_cv_func_strdup=yes
ac_cv_func_strerror=yes
ac_cv_func_strsignal=no
ac_cv_func_vfork=yes
ac_cv_func_vfork_works=yes
ac_cv_func_vprintf=yes
ac_cv_func_wait3=yes
ac_cv_func_waitpid=yes
ac_cv_header_dirent_dirent_h=yes
ac_cv_header_fcntl_h=yes
ac_cv_header_inq_stats_cpustats_h=no
ac_cv_header_inttypes_h=no
ac_cv_header_limits_h=yes
ac_cv_header_locale_h=yes
ac_cv_header_mach_mach_h=no
ac_cv_header_memory_h=yes
ac_cv_header_minix_config_h=no
ac_cv_header_nlist_h=yes
ac_cv_header_stat_broken=no
ac_cv_header_stdc=yes
ac_cv_header_stdint_h=no
ac_cv_header_stdlib_h=yes
ac_cv_header_string_h=yes
ac_cv_header_strings_h=yes
ac_cv_header_sys_cpustats_h=no
ac_cv_header_sys_dt_sys_info_h=no
ac_cv_header_sys_param_h=yes
ac_cv_header_sys_stat_h=yes
ac_cv_header_sys_time_h=yes
ac_cv_header_sys_timeb_h=yes
ac_cv_header_sys_types_h=yes
ac_cv_header_sys_wait_h=yes
ac_cv_header_time=yes
ac_cv_header_unistd_h=yes
ac_cv_header_vfork_h=no
ac_cv_host=m68k-unknown-amigaos
ac_cv_host_alias=m68k-unknown-amigaos
ac_cv_lib_cposix_strerror=no
ac_cv_lib_elf_elf_begin=no
ac_cv_lib_getloadavg_getloadavg=no
ac_cv_lib_kstat_kstat_open=no
ac_cv_lib_kvm_kvm_open=no
ac_cv_lib_util_getloadavg=no
ac_cv_member_struct_nlist_n_un_n_name=no
ac_cv_objext=o
ac_cv_path_GMSGFMT=:
ac_cv_path_MSGFMT=:
ac_cv_path_MSGMERGE=:
ac_cv_path_XGETTEXT=:
ac_cv_path_install='/bin/install -c'
ac_cv_prog_AR=ar
ac_cv_prog_AWK=gawk
ac_cv_prog_CPP='gcc -E'
ac_cv_prog_PERL=perl
ac_cv_prog_ac_ct_CC=gcc
ac_cv_prog_ac_ct_RANLIB=ranlib
ac_cv_prog_cc_g=yes
ac_cv_prog_cc_gcc_c_o=yes
ac_cv_prog_cc_stdc=
ac_cv_prog_egrep='grep -E'
ac_cv_prog_make_make_set=yes
ac_cv_search_getpwnam='none required'
ac_cv_search_opendir='none required'
ac_cv_struct_st_mtim_nsec=no
ac_cv_sys_file_offset_bits=no
ac_cv_sys_large_files=no
ac_cv_sys_largefile_CC=no
ac_cv_type_pid_t=yes
ac_cv_type_signal=void
ac_cv_type_uid_t=yes
ac_cv_type_uintmax_t=no
ac_cv_type_unsigned_long_long=yes
ac_cv_working_alloca_h=no
acl_cv_hardcode_direct=no
acl_cv_hardcode_libdir_flag_spec='-L$libdir'
acl_cv_hardcode_libdir_separator=
acl_cv_hardcode_minus_L=yes
acl_cv_libext=a
acl_cv_path_LD=/gg/m68k-amigaos/bin/ld
acl_cv_prog_gnu_ld=yes
acl_cv_rpath=done
acl_cv_shlibext=ixlibrary
acl_cv_sys_lib_dlsearch_path_spec='/lib /usr/lib'
acl_cv_sys_lib_search_path_spec='/lib /usr/lib /usr/local/lib'
acl_cv_wl=-Wl,
am_cv_CC_dependencies_compiler_type=gcc
am_cv_func_iconv='no, consider installing GNU libiconv'
am_cv_lib_iconv=no
am_cv_prog_cc_stdc=
gt_cv_func_gnugettext1_libc=no
gt_cv_func_gnugettext1_libintl=no
make_cv_file_timestamp_hi_res=no
make_cv_job_server=yes
make_cv_nlist_struct=yes
make_cv_path_sccs_get=get
make_cv_sa_restart=yes
make_cv_sys_gnu_glob=no
make_cv_union_wait=no

## ----------------- ##
## Output variables. ##
## ----------------- ##

ACLOCAL='${SHELL} /Stuff/Work/make-3.80/config/missing --run aclocal-1.7'
ALLOCA=''
AMDEPBACKSLASH='\'
AMDEP_FALSE='#'
AMDEP_TRUE=''
AMTAR='${SHELL} /Stuff/Work/make-3.80/config/missing --run tar'
AR='ar'
AUTOCONF='${SHELL} /Stuff/Work/make-3.80/config/missing --run autoconf'
AUTOHEADER='${SHELL} /Stuff/Work/make-3.80/config/missing --run autoheader'
AUTOMAKE='${SHELL} /Stuff/Work/make-3.80/config/missing --run automake-1.7'
AWK='gawk'
CC='gcc'
CCDEPMODE='depmode=gcc'
CFLAGS='-g -O2'
CPP='gcc -E'
CPPFLAGS=''
CYGPATH_W='echo'
DEFS='-DHAVE_CONFIG_H'
DEPDIR='.deps'
ECHO_C=''ECHO_N=''
ECHO_T=''
EGREP='grep -E'
EXEEXT=''
GETLOADAVG_LIBS=''
GLOBINC='-I$(srcdir)/glob'
GLOBLIB='glob/libglob.a'
GMSGFMT=':'
INSTALL_DATA='${INSTALL} -m 644'
INSTALL_PROGRAM='${INSTALL}'
INSTALL_SCRIPT='${INSTALL}'
INSTALL_STRIP_PROGRAM='${SHELL} $(install_sh) -c -s'
INTLLIBS=''
KMEM_GROUP=''
LDFLAGS=''
LIBICONV=''
LIBINTL=''
LIBOBJS=' getloadavg$U.o'
LIBS=''
LTLIBICONV=''
LTLIBINTL=''
LTLIBOBJS=' getloadavg$U.lo'
MAKEINFO='${SHELL} /Stuff/Work/make-3.80/config/missing --run makeinfo'
MAKE_HOST='m68k-unknown-amigaos'
MKINSTALLDIRS='config/mkinstalldirs'
MSGFMT=':'
MSGMERGE=':'
NEED_SETGID='false'
OBJEXT='o'
PACKAGE='make'
PACKAGE_BUGREPORT='bug-make@gnu.org'
PACKAGE_NAME='GNU make'
PACKAGE_STRING='GNU make 3.80'
PACKAGE_TARNAME='make'
PACKAGE_VERSION='3.80'
PATH_SEPARATOR=':'
PERL='perl'
POSUB=''
RANLIB='ranlib'
SET_MAKE=''
SHELL='/bin/sh'
STRIP=''
USE_CUSTOMS_FALSE=''
USE_CUSTOMS_TRUE='#'
USE_LOCAL_GLOB_FALSE='#'
USE_LOCAL_GLOB_TRUE=''
USE_NLS='no'
VERSION='3.80'
XGETTEXT=':'
ac_ct_CC='gcc'
ac_ct_RANLIB='ranlib'
ac_ct_STRIP=''
am__fastdepCC_FALSE=''
am__fastdepCC_TRUE='#'
am__include='include'
am__quote=''
bindir='${exec_prefix}/bin'
build='m68k-unknown-amigaos'
build_alias=''
build_cpu='m68k'
build_os='amigaos'
build_vendor='unknown'
datadir='${prefix}/share'
exec_prefix='${prefix}'
host='m68k-unknown-amigaos'
host_alias=''
host_cpu='m68k'
host_os='amigaos'
host_vendor='unknown'
includedir='${prefix}/include'
infodir='${prefix}/info'
install_sh='/Stuff/Work/make-3.80/config/install-sh'
libdir='${exec_prefix}/lib'
libexecdir='${exec_prefix}/libexec'
localstatedir='${prefix}/var'
mandir='${prefix}/man'
oldincludedir='/usr/include'
prefix='/usr/local'
program_transform_name='s,x,x,'
sbindir='${exec_prefix}/sbin'
sharedstatedir='${prefix}/com'
sysconfdir='${prefix}/etc'
target_alias=''

## ------------- ##
## Output files. ##
## ------------- ##

MAINT_MAKEFILE='/dev/null'

## ----------- ##
## confdefs.h. ##
## ----------- ##

#define C_GETLOADAVG 1
#define FILE_TIMESTAMP_HI_RES 0
#define HAVE_ALLOCA 1
#define HAVE_DIRENT_H 1
#define HAVE_DUP2 1
#define HAVE_FCNTL_H 1
#define HAVE_FDOPEN 1
#define HAVE_FORK 1
#define HAVE_GETCWD 1
#define HAVE_GETGROUPS 1
#define HAVE_GETTIMEOFDAY 1
#define HAVE_LIMITS_H 1
#define HAVE_LOCALE_H 1
#define HAVE_MEMCPY 1
#define HAVE_MEMMOVE 1
#define HAVE_MEMORY_H 1
#define HAVE_MEMORY_H 1
#define HAVE_MKSTEMP 1
#define HAVE_MKTEMP 1
#define HAVE_NLIST_H 1
#define HAVE_PIPE 1
#define HAVE_SA_RESTART 1
#define HAVE_SETEGID 1
#define HAVE_SETEUID 1
#define HAVE_SETLINEBUF 1
#define HAVE_SETLOCALE 1
#define HAVE_SETREGID 1
#define HAVE_SETREUID 1
#define HAVE_SETVBUF 1
#define HAVE_SIGACTION 1
#define HAVE_SIGSETMASK 1
#define HAVE_STDLIB_H 1
#define HAVE_STDLIB_H 1
#define HAVE_STRCHR 1
#define HAVE_STRCOLL 1
#define HAVE_STRDUP 1
#define HAVE_STRERROR 1
#define HAVE_STRINGS_H 1
#define HAVE_STRING_H 1
#define HAVE_STRING_H 1
#define HAVE_SYS_PARAM_H 1
#define HAVE_SYS_STAT_H 1
#define HAVE_SYS_TIMEB_H 1
#define HAVE_SYS_TIME_H 1
#define HAVE_SYS_TYPES_H 1
#define HAVE_SYS_WAIT_H 1
#define HAVE_UNISTD_H 1
#define HAVE_UNISTD_H 1
#define HAVE_UNISTD_H 1
#define HAVE_VFORK 1
#define HAVE_VPRINTF 1
#define HAVE_WAIT3 1
#define HAVE_WAITPID 1
#define HAVE_WORKING_VFORK 1
#define MAKE_HOST "m68k-unknown-amigaos"
#define MAKE_JOBSERVER 1
#define NLIST_STRUCT 1
#define PACKAGE "make"
#define PACKAGE_BUGREPORT "bug-make@gnu.org"
#define PACKAGE_NAME "GNU make"
#define PACKAGE_STRING "GNU make 3.80"
#define PACKAGE_TARNAME "make"
#define PACKAGE_VERSION "3.80"
#define PROTOTYPES 1
#define RETSIGTYPE void
#define SCCS_GET "get"
#define STDC_HEADERS 1
#define STDC_HEADERS 1
#define SYS_SIGLIST_DECLARED 1
#define TIME_WITH_SYS_TIME 1
#define VERSION "3.80"
#define __PROTOTYPES 1
#define uintmax_t unsigned long long

configure: exit 0
