Machine: m68k
Release: unknown
System: AmigaOS
checking for a usable C compiler...checking for compiler warning options.../bin/cc  -D_USE_AGAR_STD  -Wall -Werror -o ./conftest conftest.c 
yes
checking for gcc.../bin/cc  -D_USE_AGAR_STD -Wall -Werror  -o ./conftest conftest.c 
yes
checking for IEEE754 floating point.../bin/cc  -D_USE_AGAR_STD -Wall -Werror  -o ./conftest conftest.c 
yes
checking __bounded__ attribute.../bin/cc  -D_USE_AGAR_STD -Wall -Werror  -o ./conftest conftest.c 
cc1: warnings being treated as errors
conftest.c:1: warning: `__bounded__' attribute directive ignored
-> failed (0)
no
checking __format__ attribute.../bin/cc  -D_USE_AGAR_STD -Wall -Werror  -o ./conftest conftest.c 
cc1: warnings being treated as errors
conftest.c:6: warning: `__nonnull__' attribute directive ignored
-> failed (0)
no
checking __nonnull__ attribute.../bin/cc  -D_USE_AGAR_STD -Wall -Werror -Wall -Werror -o ./conftest conftest.c
cc1: warnings being treated as errors
conftest.c:1: warning: `__nonnull__' attribute directive ignored
-> failed (0)
no
checking __aligned__ attribute.../bin/cc  -D_USE_AGAR_STD -Wall -Werror -Wall -Werror -o ./conftest conftest.c
yes
checking __packed__ attribute.../bin/cc  -D_USE_AGAR_STD -Wall -Werror -Wall -Werror -o ./conftest conftest.c
yes
checking for long double.../bin/cc  -D_USE_AGAR_STD -Wall -Werror -o ./conftest conftest.c
yes
checking for long long.../bin/cc  -D_USE_AGAR_STD -Wall -Werror -o ./conftest conftest.c
yes
checking for cygwin environment.../bin/cc  -D_USE_AGAR_STD -Wall -Werror -mcygwin -o ./conftest conftest.c
conftest.c:3: windows.h: No such file or directory
-> failed (0)
no
checking for POSIX threads.../bin/cc  -D_USE_AGAR_STD -Wall -Werror  -o ./conftest conftest.c -lpthread
yes
checking for the X/Open Threads Extension.../bin/cc  -D_USE_AGAR_STD  -Wall -Werror -U_XOPEN_SOURCE -D_XOPEN_SOURCE=600 -o ./conftest conftest.c -lpthread
yes
checking for PTHREAD_MUTEX_RECURSIVE.../bin/cc  -D_USE_AGAR_STD  -Wall -Werror  -o ./conftest conftest.c -lpthread
yes
checking for PTHREAD_MUTEX_RECURSIVE_NP.../bin/cc  -D_USE_AGAR_STD  -Wall -Werror  -o ./conftest conftest.c -lpthread
conftest.c: In function `main':
conftest.c:7: `PTHREAD_MUTEX_RECURSIVE_NP' undeclared (first use in this function)
conftest.c:7: (Each undeclared identifier is reported only once
conftest.c:7: for each function it appears in.)
-> failed (0)
no
checking for SDL (http://www.libsdl.org)...yes
checking whether SDL works.../bin/cc  -D_USE_AGAR_STD  -Wall -Werror -Iusr/include -Iusr/include/SDL -o ./conftest conftest.c -Lusr/lib -lSDL -ldebug -lSDL_image
yes
checking for OpenGL (http://www.opengl.org)...yes
checking whether -lopengl32 works.../bin/cc  -D_USE_AGAR_STD  -Wall -Werror  -o ./conftest conftest.c -lopengl32
conftest.c:4: GL/gl.h: No such file or directory
-> failed (0)
no
checking whether OpenGL works.../bin/cc  -D_USE_AGAR_STD  -Wall -Werror  -o ./conftest conftest.c  -lGL
conftest.c:4: GL/gl.h: No such file or directory
-> failed (0)
no
checking whether -lGL requires -lm.../bin/cc  -D_USE_AGAR_STD  -Wall -Werror  -o ./conftest conftest.c  -lGL -lm
conftest.c:4: GL/gl.h: No such file or directory
-> failed (0)
no
checking for FreeType (http://www.freetype.org)...yes
checking whether FreeType works.../bin/cc  -D_USE_AGAR_STD  -Wall -Werror -Iusr/include/freetype -Iusr/include/freetype -o ./conftest conftest.c -Lusr/lib -lfreetype -lz
yes
checking for Agar (http://libagar.org/)...* Warning: Multiple 'agar-config' exist in PATH (using /bin/agar-config)
yes
checking whether Agar works.../bin/cc  -D_USE_AGAR_STD  -Wall -Werror -I/usr/include/agar -Iusr/include -Iusr/include/SDL -Iusr/include/freetype -Iusr/include/freetype  -I/usr/include    -o ./conftest conftest.c -L/usr/lib -lag_gui -lag_core -Lusr/lib -lSDL -ldebug -Lusr/lib -lfreetype -lz -lm -L/usr/lib -ljpeg -lpthread  
yes
checking for threads support in Agar...* Warning: Multiple 'agar-config' exist in PATH (using /bin/agar-config)
yes
checking for SDL_image (http://libsdl.org/projects/SDL_image).../bin/cc  -D_USE_AGAR_STD  -Wall -Werror -Iusr/include -Iusr/include/SDL -o ./conftest conftest.c -lSDL_image
/t/ccTW5fL9.o(.text+0xe): undefined reference to `SDL_Init'
/t/ccTW5fL9.o(.text+0x18): undefined reference to `IMG_Load'
/t/ccTW5fL9.o(.text+0x24): undefined reference to `SDL_Quit'
collect2: ld returned 1 exit status
-> failed (0)
no
