This file contains any messages produced by compilers while
running configure, to aid debugging if configure makes a mistake.

configure:585: checking host system type
configure:606: checking target system type
configure:624: checking build system type
configure:719: checking for gcc
configure:832: checking whether the C compiler (gcc  ) works
configure:848: gcc -o conftest    conftest.c  1>&5
configure:874: checking whether the C compiler (gcc  ) is a cross-compiler
configure:879: checking whether we are using GNU C
configure:888: gcc -E conftest.c
configure:907: checking whether gcc accepts -g
configure:944: checking gcc version
configure:1088: checking how to run the C preprocessor
configure:1109: gcc -E  conftest.c >/dev/null 2>conftest.out
configure:1171: checking for malloc.h
configure:1181: gcc -E  conftest.c >/dev/null 2>conftest.out
configure:1171: checking for sys/ioccom.h
configure:1181: gcc -E  conftest.c >/dev/null 2>conftest.out
configure:1171: checking for sys/sockio.h
configure:1181: gcc -E  conftest.c >/dev/null 2>conftest.out
configure:1210: checking for ANSI ioctl definitions
configure:1234: gcc -c -g -O2  conftest.c 1>&5
configure:1257: checking for ether_hostton
configure:1285: gcc -o conftest -g -O2   conftest.c  1>&5
/t/cclvXhQ3.o: In function `main':
/LS2/work/Porting/libpcap-0.5/configure:1279: undefined reference to `ether_hostton'
collect2: ld returned 1 exit status
configure: failed program was:
#line 1262 "configure"
#include "confdefs.h"
/* System header to define __stub macros and hopefully few prototypes,
    which can conflict with char ether_hostton(); below.  */
#include <assert.h>
/* Override any gcc2 internal prototype to avoid an error.  */
/* We use char because int might match the return type of a gcc2
    builtin and then its argument prototype would still apply.  */
char ether_hostton();

int main() {

/* The GNU C library defines this for functions which it implements
    to always fail with ENOSYS.  Some functions are actually named
    something starting with __ and the normal name is an alias.  */
#if defined (__stub_ether_hostton) || defined (__stub___ether_hostton)
choke me
#else
ether_hostton();
#endif

; return 0; }
configure:1257: checking for strerror
configure:1285: gcc -o conftest -g -O2   conftest.c  1>&5
configure:1311: checking if --disable-protochain option is specified
configure:1339: checking packet capture type
configure:1370: checking if --enable-ipv6 option is specified
configure:1536: checking for flex
configure:1570: checking for flex 2.4 or higher
configure:1596: checking for bison
configure:1721: checking for ranlib
configure:1792: checking if sockaddr struct has sa_len member
configure:1806: gcc -c -g -O2  conftest.c 1>&5
configure:1827: checking if unaligned accesses fail
configure:1916: checking for a BSD compatible install
