RevUp 1.3 (17.11.95)	boris@prox

First public release for a long time.


RevUp 1.4 BETA 2 (10.12.95)	boris@prox

RevUp no longer displays an error message, if file to overwrite didn't already exist.


RevUp 1.4 BETA 3 (10.12.95)	boris@prox

Introduced PrintWriteFault()


RevUp 1.4 BETA 10 (10.12.95)	boris@prox

TIME to logfile. VERSTAG to stdout.


RevUp 1.4 BETA 15 (11.12.95) 00:25:49 by boris@prox

Reworked style
Inserted some #defines


RevUp 1.4 BETA 16 (11.12.95) 18:57:11 by boris@prox

Set version outprint to italic.


RevUp 1.4 BETA 18 (18.12.95) 20:15:50 by boris@prox

UserName is now always appended to the log file, even if HostName is not set.


RevUp 1.4 (8.1.96) 16:41:47 by boris@prox

If LOG is specified, return may be pressed for no log message.


RevUp 1.5 BETA 21 (19.3.96) 22:54:38 by boris@prox

New Revision storage file handling.


RevUp 1.5 BETA 1 (19.3.96) 23:02:20 by boris@prox

Corrected usage text.


RevUp 1.5 BETA 3 (20.3.96) 01:58:11 by boris@prox

Added Copyrightyears def.


RevUp 1.5 BETA 5 (24.3.96) 17:38:06 by boris@prox

Second copyrightyear now always has four digits.


RevUp 1.5 BETA 7 (25.3.96) 14:14:49 by boris@prox

Corrected Revision incrementation for first Beta.


RevUp 1.5 BETA 8 (26.3.96) 19:35:43 by boris@prox

Beta for Proxity.Beta.


RevUp 1.5 (27.4.96) 15:58:20 by boris@prox

Fixed bug in betacounting.


