Machine: m68k
Release: unknown
System: AmigaOS
Argument: --prefix=/usr
Argument: --enable-gl=no
Argument: --enable-utf8=yes
checking for a usable C compiler...checking for compiler warning options.../bin/cc   -Wall -Werror -o ./conftest conftest.c 
yes
checking for gcc.../bin/cc  -Wall -Werror  -o ./conftest conftest.c 
yes
checking for IEEE754 floating point.../bin/cc  -Wall -Werror  -o ./conftest conftest.c 
yes
checking __bounded__ attribute.../bin/cc  -Wall -Werror  -o ./conftest conftest.c 
cc1: warnings being treated as errors
conftest.c:1: warning: `__bounded__' attribute directive ignored
-> failed (0)
no
checking __format__ attribute.../bin/cc  -Wall -Werror  -o ./conftest conftest.c 
cc1: warnings being treated as errors
conftest.c:6: warning: `__nonnull__' attribute directive ignored
-> failed (0)
no
checking __nonnull__ attribute.../bin/cc  -Wall -Werror -Wall -Werror -o ./conftest conftest.c
cc1: warnings being treated as errors
conftest.c:1: warning: `__nonnull__' attribute directive ignored
-> failed (0)
no
checking __aligned__ attribute.../bin/cc  -Wall -Werror -Wall -Werror -o ./conftest conftest.c
yes
checking __packed__ attribute.../bin/cc  -Wall -Werror -Wall -Werror -o ./conftest conftest.c
yes
checking for long double.../bin/cc  -Wall -Werror -o ./conftest conftest.c
yes
checking for long long.../bin/cc  -Wall -Werror -o ./conftest conftest.c
yes
checking for cygwin environment.../bin/cc  -Wall -Werror -mcygwin -o ./conftest conftest.c
conftest.c:3: windows.h: No such file or directory
-> failed (0)
no
checking for <sys/types.h>.../bin/cc  -Wall -Werror  -o ./conftest conftest.c 
yes
checking for 64-bit types.../bin/cc  -Wall -Werror  -o ./conftest conftest.c 
yes
checking for conflicting typedefs.../bin/cc  -Wall -Werror  -o ./conftest conftest.c 
conftest.c: In function `main':
conftest.c:3: `Uchar' undeclared (first use in this function)
conftest.c:3: (Each undeclared identifier is reported only once
conftest.c:3: for each function it appears in.)
conftest.c:3: parse error before `foo'
conftest.c:4: `Uint' undeclared (first use in this function)
conftest.c:5: `Ulong' undeclared (first use in this function)
conftest.c:6: `foo' undeclared (first use in this function)
conftest.c:6: `bar' undeclared (first use in this function)
conftest.c:6: `baz' undeclared (first use in this function)
-> failed (0)
no
checking for <stdlib.h>.../bin/cc  -Wall -Werror  -o ./conftest conftest.c 
yes
checking for <unistd.h>.../bin/cc  -Wall -Werror  -o ./conftest conftest.c 
yes
checking for compatible <limits.h>.../bin/cc  -Wall -Werror  -o ./conftest conftest.c 
yes
checking for compatible <float.h>.../bin/cc  -Wall -Werror  -o ./conftest conftest.c 
yes
checking for the __progname variable.../bin/cc  -Wall -Werror -o ./conftest conftest.c
yes
checking for free(NULL) is a no-op.../bin/cc  -Wall -Werror  -o ./conftest conftest.c 
yes
checking for the C math library.../bin/cc  -Wall -Werror   -o ./conftest conftest.c -lm
yes
checking for the C math library (C99).../bin/cc  -Wall -Werror   -o ./conftest conftest.c -lm
cc1: warnings being treated as errors
conftest.c: In function `main':
conftest.c:10: warning: type mismatch in implicit declaration for built-in function `fabsf'
-> failed (0)
no
checking for a getpwuid() function.../bin/cc  -Wall -Werror -o ./conftest conftest.c
yes
checking for a getuid() function.../bin/cc  -Wall -Werror -o ./conftest conftest.c
yes
checking for a getenv() function.../bin/cc  -Wall -Werror -o ./conftest conftest.c
yes
checking for setenv() and unsetenv().../bin/cc  -Wall -Werror -o ./conftest conftest.c
yes
checking for a strsep() function.../bin/cc  -Wall -Werror -o ./conftest conftest.c
yes
checking for the snprintf() function.../bin/cc  -Wall -Werror -o ./conftest conftest.c
yes
checking for the vsnprintf() function.../bin/cc  -Wall -Werror -o ./conftest conftest.c
yes
checking for a vasprintf() function.../bin/cc  -Wall -Werror -o ./conftest conftest.c
cc1: warnings being treated as errors
conftest.c: In function `testprintf':
conftest.c:14: warning: implicit declaration of function `vasprintf'
-> failed (0)
no
checking for MD5 functions.../bin/cc  -Wall -Werror -o ./conftest conftest.c
conftest.c:2: md5.h: No such file or directory
-> failed (0)
no
checking for SHA1 functions.../bin/cc  -Wall -Werror -o ./conftest conftest.c
conftest.c:2: sha1.h: No such file or directory
-> failed (0)
no
checking for RMD160 functions.../bin/cc  -Wall -Werror -o ./conftest conftest.c
conftest.c:2: rmd160.h: No such file or directory
-> failed (0)
no
checking for the X window system.../bin/cc  -Wall -Werror  -o ./conftest conftest.c  -lX11
conftest.c:1: X11/Xlib.h: No such file or directory
-> failed (0)
no
checking for the signal() function.../bin/cc  -Wall -Werror -o ./conftest conftest.c
yes
checking for setjmp() and longjmp().../bin/cc  -Wall -Werror -o ./conftest conftest.c
yes
checking for a strtoll() function.../bin/cc  -Wall -Werror -o ./conftest conftest.c
cc1: warnings being treated as errors
conftest.c: In function `main':
conftest.c:10: warning: implicit declaration of function `strtoll'
-> failed (0)
no
checking for a strtold() function.../bin/cc  -Wall -Werror -o ./conftest conftest.c
cc1: warnings being treated as errors
conftest.c: In function `main':
conftest.c:10: warning: implicit declaration of function `strtold'
-> failed (0)
no
checking for AltiVec (with <altivec.h>).../bin/cc  -Wall -Werror  -mabi=altivec -maltivec -o ./conftest conftest.c 
conftest.c:1: altivec.h: No such file or directory
-> failed (0)
no
checking for AltiVec (without <altivec.h>).../bin/cc  -Wall -Werror  -mabi=altivec -maltivec -o ./conftest conftest.c 
cc1: Invalid option `abi=altivec'
cc1: Invalid option `altivec'
conftest.c: In function `main':
conftest.c:8: `vector' undeclared (first use in this function)
conftest.c:8: (Each undeclared identifier is reported only once
conftest.c:8: for each function it appears in.)
conftest.c:8: parse error before `float'
conftest.c:12: `vc' undeclared (first use in this function)
cc1: warnings being treated as errors
conftest.c:12: warning: implicit declaration of function `vec_add'
conftest.c:12: `va' undeclared (first use in this function)
conftest.c:12: `vb' undeclared (first use in this function)
-> failed (0)
no
checking for byte order...
checking for BIG_ENDIAN.../bin/cc  -Wall -Werror  -o ./conftest conftest.c 
yes
checking for dlopen() interface.../bin/cc  -Wall -Werror -o ./conftest conftest.c
/bin/cc  -Wall -Werror -DHAVE_DLFCN_H -o ./conftest conftest.c
/t/cchwM5zy.o(.text+0x20): undefined reference to `dlopen'
/t/cchwM5zy.o(.text+0x2c): undefined reference to `dlerror'
/t/cchwM5zy.o(.text+0x40): undefined reference to `dlsym'
collect2: ld returned 1 exit status
-> failed (0)
no
checking for dlopen() in -ldl.../bin/cc  -Wall -Werror -DHAVE_DLFCN_H -ldl -o ./conftest conftest.c
/t/cc58cNlk.o(.text+0x20): undefined reference to `dlopen'
/t/cc58cNlk.o(.text+0x2c): undefined reference to `dlerror'
/t/cc58cNlk.o(.text+0x40): undefined reference to `dlsym'
collect2: ld returned 1 exit status
-> failed (0)
no
checking for dyld interface.../bin/cc  -Wall -Werror -o ./conftest conftest.c
conftest.c:2: mach-o/dyld.h: No such file or directory
-> failed (0)
/bin/cc  -Wall -Werror -o ./conftest conftest.c
conftest.c: In function `main':
conftest.c:7: `NSObjectFileImage' undeclared (first use in this function)
conftest.c:7: (Each undeclared identifier is reported only once
conftest.c:7: for each function it appears in.)
conftest.c:7: parse error before `img'
conftest.c:8: `NSObjectFileImageReturnCode' undeclared (first use in this function)
conftest.c:10: `rv' undeclared (first use in this function)
cc1: warnings being treated as errors
conftest.c:10: warning: implicit declaration of function `NSCreateObjectFileImageFromFile'
conftest.c:10: `img' undeclared (first use in this function)
conftest.c:11: `NSObjectFileImageSuccess' undeclared (first use in this function)
-> failed (0)
no
checking for shl_load() interface.../bin/cc  -Wall -Werror -o ./conftest conftest.c
conftest.c:2: dl.h: No such file or directory
-> failed (0)
/bin/cc  -Wall -Werror -ldld -o ./conftest conftest.c
cc1: warnings being treated as errors
conftest.c: In function `main':
conftest.c:11: warning: implicit declaration of function `shl_load'
conftest.c:11: `BIND_IMMEDIATE' undeclared (first use in this function)
conftest.c:11: (Each undeclared identifier is reported only once
conftest.c:11: for each function it appears in.)
conftest.c:11: warning: assignment makes pointer from integer without a cast
conftest.c:12: warning: implicit declaration of function `shl_findsym'
conftest.c:12: `shl_t' undeclared (first use in this function)
conftest.c:12: parse error before `)'
conftest.c:12: `TYPE_PROCEDURE' undeclared (first use in this function)
conftest.c:13: parse error before `)'
conftest.c:13: `TYPE_DATA' undeclared (first use in this function)
conftest.c:14: warning: implicit declaration of function `shl_unload'
conftest.c:14: parse error before `handle'
-> failed (0)
no
checking for SDL (http://www.libsdl.org)...yes
checking whether SDL works.../bin/cc  -D_AGAR_INTERNAL -D_BSD_SOURCE -Wall -Werror -Iusr/include -Iusr/include/SDL -o ./conftest conftest.c -Lusr/lib -lSDL -ldebug -lSDL_image
yes
checking for FreeType (http://www.freetype.org)...yes
checking whether FreeType works.../bin/cc  -D_AGAR_INTERNAL -D_BSD_SOURCE -Wall -Werror -Iusr/include/freetype -Iusr/include/freetype -o ./conftest conftest.c -Lusr/lib -lfreetype -lz
yes
checking for OpenGL (http://www.opengl.org)...yes
checking whether -lopengl32 works.../bin/cc  -D_AGAR_INTERNAL -D_BSD_SOURCE -Wall -Werror  -o ./conftest conftest.c -lopengl32
conftest.c:4: GL/gl.h: No such file or directory
-> failed (0)
no
checking whether OpenGL works.../bin/cc  -D_AGAR_INTERNAL -D_BSD_SOURCE -Wall -Werror  -o ./conftest conftest.c  -lGL
conftest.c:4: GL/gl.h: No such file or directory
-> failed (0)
no
checking whether -lGL requires -lm.../bin/cc  -D_AGAR_INTERNAL -D_BSD_SOURCE -Wall -Werror  -o ./conftest conftest.c  -lGL -lm
conftest.c:4: GL/gl.h: No such file or directory
-> failed (0)
no
checking for libjpeg (ftp://ftp.uu.net/graphics/jpeg/)...ok
checking whether libjpeg works.../bin/cc  -D_AGAR_INTERNAL -D_BSD_SOURCE -Wall -Werror -I/usr/include -o ./conftest conftest.c -L/usr/lib -ljpeg
yes
checking for POSIX threads.../bin/cc  -D_AGAR_INTERNAL -D_BSD_SOURCE -Wall -Werror  -o ./conftest conftest.c -lpthread
yes
checking for the X/Open Threads Extension.../bin/cc  -D_AGAR_INTERNAL -D_BSD_SOURCE  -Wall -Werror -U_XOPEN_SOURCE -D_XOPEN_SOURCE=600 -o ./conftest conftest.c -lpthread
yes
checking for PTHREAD_MUTEX_RECURSIVE.../bin/cc  -D_AGAR_INTERNAL -D_BSD_SOURCE  -Wall -Werror  -o ./conftest conftest.c -lpthread
yes
checking for PTHREAD_MUTEX_RECURSIVE_NP.../bin/cc  -D_AGAR_INTERNAL -D_BSD_SOURCE  -Wall -Werror  -o ./conftest conftest.c -lpthread
conftest.c: In function `main':
conftest.c:7: `PTHREAD_MUTEX_RECURSIVE_NP' undeclared (first use in this function)
conftest.c:7: (Each undeclared identifier is reported only once
conftest.c:7: for each function it appears in.)
-> failed (0)
no
