Machine: m68k
Release: unknown
System: AmigaOS
checking for a usable C compiler...checking for compiler warning options.../bin/cc  -D_USE_AGAR_QUEUE -D_USE_AGAR_STD  -Wall -Werror -o ./conftest conftest.c 
yes
checking for gcc.../bin/cc  -D_USE_AGAR_QUEUE -D_USE_AGAR_STD -Wall -Werror  -o ./conftest conftest.c 
yes
checking for IEEE754 floating point.../bin/cc  -D_USE_AGAR_QUEUE -D_USE_AGAR_STD -Wall -Werror  -o ./conftest conftest.c 
yes
checking __bounded__ attribute.../bin/cc  -D_USE_AGAR_QUEUE -D_USE_AGAR_STD -Wall -Werror  -o ./conftest conftest.c 
cc1: warnings being treated as errors
conftest.c:1: warning: `__bounded__' attribute directive ignored
-> failed (0)
no
checking __format__ attribute.../bin/cc  -D_USE_AGAR_QUEUE -D_USE_AGAR_STD -Wall -Werror  -o ./conftest conftest.c 
cc1: warnings being treated as errors
conftest.c:6: warning: `__nonnull__' attribute directive ignored
-> failed (0)
no
checking __nonnull__ attribute.../bin/cc  -D_USE_AGAR_QUEUE -D_USE_AGAR_STD -Wall -Werror -Wall -Werror -o ./conftest conftest.c
cc1: warnings being treated as errors
conftest.c:1: warning: `__nonnull__' attribute directive ignored
-> failed (0)
no
checking __aligned__ attribute.../bin/cc  -D_USE_AGAR_QUEUE -D_USE_AGAR_STD -Wall -Werror -Wall -Werror -o ./conftest conftest.c
yes
checking __packed__ attribute.../bin/cc  -D_USE_AGAR_QUEUE -D_USE_AGAR_STD -Wall -Werror -Wall -Werror -o ./conftest conftest.c
yes
checking for long double.../bin/cc  -D_USE_AGAR_QUEUE -D_USE_AGAR_STD -Wall -Werror -o ./conftest conftest.c
yes
checking for long long.../bin/cc  -D_USE_AGAR_QUEUE -D_USE_AGAR_STD -Wall -Werror -o ./conftest conftest.c
yes
checking for cygwin environment.../bin/cc  -D_USE_AGAR_QUEUE -D_USE_AGAR_STD -Wall -Werror -mcygwin -o ./conftest conftest.c
conftest.c:3: windows.h: No such file or directory
-> failed (0)
no
checking for the getopt() function.../bin/cc  -D_USE_AGAR_QUEUE -D_USE_AGAR_STD -Wall -Werror -o ./conftest conftest.c
yes
checking for POSIX threads.../bin/cc  -D_USE_AGAR_QUEUE -D_USE_AGAR_STD -Wall -Werror  -o ./conftest conftest.c -lpthread
yes
checking for the X/Open Threads Extension.../bin/cc  -D_USE_AGAR_QUEUE -D_USE_AGAR_STD  -Wall -Werror -U_XOPEN_SOURCE -D_XOPEN_SOURCE=600 -o ./conftest conftest.c -lpthread
yes
checking for PTHREAD_MUTEX_RECURSIVE.../bin/cc  -D_USE_AGAR_QUEUE -D_USE_AGAR_STD  -Wall -Werror  -o ./conftest conftest.c -lpthread
yes
checking for PTHREAD_MUTEX_RECURSIVE_NP.../bin/cc  -D_USE_AGAR_QUEUE -D_USE_AGAR_STD  -Wall -Werror  -o ./conftest conftest.c -lpthread
conftest.c: In function `main':
conftest.c:7: `PTHREAD_MUTEX_RECURSIVE_NP' undeclared (first use in this function)
conftest.c:7: (Each undeclared identifier is reported only once
conftest.c:7: for each function it appears in.)
-> failed (0)
no
checking for SDL (http://www.libsdl.org)...yes
checking whether SDL works.../bin/cc  -D_USE_AGAR_QUEUE -D_USE_AGAR_STD  -Wall -Werror -Iusr/include -Iusr/include/SDL -o ./conftest conftest.c -Lusr/lib -lSDL -ldebug -lSDL_image
yes
checking for OpenGL (http://www.opengl.org)...yes
checking whether -lopengl32 works.../bin/cc  -D_USE_AGAR_QUEUE -D_USE_AGAR_STD  -Wall -Werror  -o ./conftest conftest.c -lopengl32
conftest.c:4: GL/gl.h: No such file or directory
-> failed (0)
no
checking whether OpenGL works.../bin/cc  -D_USE_AGAR_QUEUE -D_USE_AGAR_STD  -Wall -Werror  -o ./conftest conftest.c  -lGL
conftest.c:4: GL/gl.h: No such file or directory
-> failed (0)
no
checking whether -lGL requires -lm.../bin/cc  -D_USE_AGAR_QUEUE -D_USE_AGAR_STD  -Wall -Werror  -o ./conftest conftest.c  -lGL -lm
conftest.c:4: GL/gl.h: No such file or directory
-> failed (0)
no
checking for FreeType (http://www.freetype.org)...yes
checking whether FreeType works.../bin/cc  -D_USE_AGAR_QUEUE -D_USE_AGAR_STD  -Wall -Werror -Iusr/include/freetype -Iusr/include/freetype -o ./conftest conftest.c -Lusr/lib -lfreetype -lz
yes
checking for Agar (http://libagar.org/)...* Warning: Multiple 'agar-config' exist in PATH (using /bin/agar-config)
yes
checking whether Agar works.../bin/cc  -D_USE_AGAR_QUEUE -D_USE_AGAR_STD  -Wall -Werror -I/usr/include/agar -Iusr/include -Iusr/include/SDL -Iusr/include/freetype -Iusr/include/freetype  -I/usr/include    -o ./conftest conftest.c -L/usr/lib -lag_gui -lag_core -Lusr/lib -lSDL -ldebug -Lusr/lib -lfreetype -lz -lm -L/usr/lib -ljpeg -lpthread  
yes
checking for agar-vg (http://hypertriton.com/agar-vg/)...* Warning: Multiple 'agar-config' exist in PATH (using /bin/agar-config)
* Warning: Multiple 'agar-vg-config' exist in PATH (using /bin/agar-vg-config)
yes
checking whether agar-vg works.../bin/cc  -D_USE_AGAR_QUEUE -D_USE_AGAR_STD  -Wall -Werror -I/usr/include/agar  -I/usr/include/agar -Iusr/include -Iusr/include/SDL -Iusr/include/freetype -Iusr/include/freetype  -I/usr/include    -o ./conftest conftest.c -L/usr/lib -lag_vg  -L/usr/lib -lag_gui -lag_core -Lusr/lib -lSDL -ldebug -Lusr/lib -lfreetype -lz -lm -L/usr/lib -ljpeg -lpthread  
cc1: warnings being treated as errors
In file included from /usr/include/agar/math/m.h:10,
                 from /usr/include/agar/math.h:8,
                 from /usr/include/agar/vg/vg_math.h:9,
                 from /usr/include/agar/vg/vg.h:135,
                 from /usr/include/agar/vg.h:10,
                 from conftest.c:2:
/usr/include/agar/math/m_complex.h: In function `M_ComplexModulus':
/usr/include/agar/math/m_complex.h:64: warning: type mismatch in implicit declaration for built-in function `sqrt'
/usr/include/agar/math/m_complex.h: In function `M_ComplexArg':
/usr/include/agar/math/m_complex.h:70: warning: implicit declaration of function `atan2'
In file included from /usr/include/agar/math/m_vector.h:202,
                 from /usr/include/agar/math/m.h:11,
                 from /usr/include/agar/math.h:8,
                 from /usr/include/agar/vg/vg_math.h:9,
                 from /usr/include/agar/vg/vg.h:135,
                 from /usr/include/agar/vg.h:10,
                 from conftest.c:2:
/usr/include/agar/math/m_vector_fpu.h: In function `M_VectorElemPow_FPU':
/usr/include/agar/math/m_vector_fpu.h:260: warning: implicit declaration of function `pow'
In file included from /usr/include/agar/math/m_vector.h:204,
                 from /usr/include/agar/math/m.h:11,
                 from /usr/include/agar/math.h:8,
                 from /usr/include/agar/vg/vg_math.h:9,
                 from /usr/include/agar/vg/vg.h:135,
                 from /usr/include/agar/vg.h:10,
                 from conftest.c:2:
/usr/include/agar/math/m_vector3_fpu.h: In function `M_VectorRotateI3_FPU':
/usr/include/agar/math/m_vector3_fpu.h:347: warning: type mismatch in implicit declaration for built-in function `cos'
/usr/include/agar/math/m_vector3_fpu.h:347: warning: type mismatch in implicit declaration for built-in function `sin'
In file included from /usr/include/agar/math/m_geometry.h:178,
                 from /usr/include/agar/math/m.h:16,
                 from /usr/include/agar/math.h:8,
                 from /usr/include/agar/vg/vg_math.h:9,
                 from /usr/include/agar/vg/vg.h:135,
                 from /usr/include/agar/vg.h:10,
                 from conftest.c:2:
/usr/include/agar/math/m_line.h: In function `M_LineIsRay2':
/usr/include/agar/math/m_line.h:40: `HUGE_VAL' undeclared (first use in this function)
/usr/include/agar/math/m_line.h:40: (Each undeclared identifier is reported only once
/usr/include/agar/math/m_line.h:40: for each function it appears in.)
/usr/include/agar/math/m_line.h:41: warning: control reaches end of non-void function
/usr/include/agar/math/m_line.h: In function `M_LineIsRay3':
/usr/include/agar/math/m_line.h:46: `HUGE_VAL' undeclared (first use in this function)
/usr/include/agar/math/m_line.h:47: warning: control reaches end of non-void function
In file included from /usr/include/agar/vg/vg.h:135,
                 from /usr/include/agar/vg.h:10,
                 from conftest.c:2:
/usr/include/agar/vg/vg_math.h: In function `VG_IntersectLineV':
/usr/include/agar/vg/vg_math.h:159: warning: type mismatch in implicit declaration for built-in function `fabs'
In file included from /usr/include/agar/vg.h:10,
                 from conftest.c:2:
/usr/include/agar/vg/vg.h: At top level:
/usr/include/agar/vg/vg.h:146: warning: parameter names (without types) in function declaration
/usr/include/agar/vg/vg.h:147: parse error before `Uint'
/usr/include/agar/vg/vg.h:164: parse error before `VG_DelRef'
/usr/include/agar/vg/vg.h:164: warning: type defaults to `int' in declaration of `VG_DelRef'
/usr/include/agar/vg/vg.h:164: warning: data definition has no type or storage class
In file included from /usr/include/agar/vg/vg.h:432,
                 from /usr/include/agar/vg.h:10,
                 from conftest.c:2:
/usr/include/agar/vg/vg_text.h:17: parse error before `Uint'
/usr/include/agar/vg/vg_text.h:17: warning: no semicolon at end of struct or union
/usr/include/agar/vg/vg_text.h:26: parse error before `}'
/usr/include/agar/vg/vg_text.h:26: warning: type defaults to `int' in declaration of `VG_Text'
/usr/include/agar/vg/vg_text.h:26: warning: data definition has no type or storage class
/usr/include/agar/vg/vg_text.h:33: parse error before `*'
/usr/include/agar/vg/vg_text.h:34: parse error before `*'
/usr/include/agar/vg/vg_text.h:36: parse error before `*'
/usr/include/agar/vg/vg_text.h:38: warning: return-type defaults to `int'
/usr/include/agar/vg/vg_text.h: In function `VG_TextNew':
/usr/include/agar/vg/vg_text.h:39: `vt' undeclared (first use in this function)
/usr/include/agar/vg/vg_text.h:39: warning: statement with no effect
/usr/include/agar/vg/vg_text.h:49: warning: control reaches end of non-void function
/usr/include/agar/vg/vg_text.h: At top level:
/usr/include/agar/vg/vg_text.h:52: parse error before `*'
/usr/include/agar/vg/vg_text.h: In function `VG_TextAlignment':
/usr/include/agar/vg/vg_text.h:54: `vt' undeclared (first use in this function)
/usr/include/agar/vg/vg_text.h:55: `align' undeclared (first use in this function)
/usr/include/agar/vg/vg_text.h: At top level:
/usr/include/agar/vg/vg_text.h:60: parse error before `*'
/usr/include/agar/vg/vg_text.h: In function `VG_TextFontFace':
/usr/include/agar/vg/vg_text.h:62: `vt' undeclared (first use in this function)
/usr/include/agar/vg/vg_text.h:63: `face' undeclared (first use in this function)
/usr/include/agar/vg/vg_text.h: At top level:
/usr/include/agar/vg/vg_text.h:68: parse error before `*'
/usr/include/agar/vg/vg_text.h: In function `VG_TextFontSize':
/usr/include/agar/vg/vg_text.h:70: `vt' undeclared (first use in this function)
/usr/include/agar/vg/vg_text.h:71: `size' undeclared (first use in this function)
/usr/include/agar/vg/vg_text.h: At top level:
/usr/include/agar/vg/vg_text.h:76: parse error before `*'
/usr/include/agar/vg/vg_text.h: In function `VG_TextFontFlags':
/usr/include/agar/vg/vg_text.h:78: `vt' undeclared (first use in this function)
/usr/include/agar/vg/vg_text.h:79: `flags' undeclared (first use in this function)
In file included from /usr/include/agar/vg/vg.h:433,
                 from /usr/include/agar/vg.h:10,
                 from conftest.c:2:
/usr/include/agar/vg/vg_polygon.h: At top level:
/usr/include/agar/vg/vg_polygon.h:6: parse error before `Uint'
/usr/include/agar/vg/vg_polygon.h:6: warning: no semicolon at end of struct or union
/usr/include/agar/vg/vg_polygon.h:9: parse error before `nInts'
/usr/include/agar/vg/vg_polygon.h:9: warning: type defaults to `int' in declaration of `nInts'
/usr/include/agar/vg/vg_polygon.h:9: warning: data definition has no type or storage class
/usr/include/agar/vg/vg_polygon.h:10: warning: type defaults to `int' in declaration of `VG_Polygon'
/usr/include/agar/vg/vg_polygon.h:10: warning: data definition has no type or storage class
/usr/include/agar/vg/vg_polygon.h:18: parse error before `*'
/usr/include/agar/vg/vg_polygon.h:20: warning: return-type defaults to `int'
/usr/include/agar/vg/vg_polygon.h: In function `VG_PolygonNew':
/usr/include/agar/vg/vg_polygon.h:21: `vP' undeclared (first use in this function)
/usr/include/agar/vg/vg_polygon.h:21: warning: statement with no effect
/usr/include/agar/vg/vg_polygon.h:27: warning: control reaches end of non-void function
/usr/include/agar/vg/vg_polygon.h: At top level:
/usr/include/agar/vg/vg_polygon.h:30: parse error before `*'
/usr/include/agar/vg/vg_polygon.h: In function `VG_PolygonSetOutline':
/usr/include/agar/vg/vg_polygon.h:32: `vP' undeclared (first use in this function)
/usr/include/agar/vg/vg_polygon.h:33: `flag' undeclared (first use in this function)
/usr/include/agar/vg/vg_polygon.h: At top level:
/usr/include/agar/vg/vg_polygon.h:38: parse error before `*'
/usr/include/agar/vg/vg_polygon.h: In function `VG_PolygonVertex':
/usr/include/agar/vg/vg_polygon.h:40: `vP' undeclared (first use in this function)
/usr/include/agar/vg/vg_polygon.h:42: `pt' undeclared (first use in this function)
In file included from /usr/include/agar/vg.h:12,
                 from conftest.c:2:
/usr/include/agar/vg/vg_view.h: In function `VG_ApplyConstraints':
/usr/include/agar/vg/vg_view.h:129: warning: implicit declaration of function `fmod'
-> failed (0)
no
checking for agar-rg (http://hypertriton.com/agar-rg/)...* Warning: Multiple 'agar-config' exist in PATH (using /bin/agar-config)
* Warning: Multiple 'agar-rg-config' exist in PATH (using /bin/agar-rg-config)
yes
checking whether agar-rg works.../bin/cc  -D_USE_AGAR_QUEUE -D_USE_AGAR_STD  -Wall -Werror -I/usr/include/agar  -I/usr/include/agar -Iusr/include -Iusr/include/SDL -Iusr/include/freetype -Iusr/include/freetype  -I/usr/include    -o ./conftest conftest.c -L/usr/lib -lag_rg  -L/usr/lib -lag_gui -lag_core -Lusr/lib -lSDL -ldebug -Lusr/lib -lfreetype -lz -lm -L/usr/lib -ljpeg -lpthread  
yes
checking for agar-dev (http://hypertriton.com/agar-dev/)...* Warning: Multiple 'agar-config' exist in PATH (using /bin/agar-config)
* Warning: Multiple 'agar-dev-config' exist in PATH (using /bin/agar-dev-config)
yes
checking whether agar-dev works.../bin/cc  -D_USE_AGAR_QUEUE -D_USE_AGAR_STD  -Wall -Werror -I/usr/include/agar  -I/usr/include/agar -Iusr/include -Iusr/include/SDL -Iusr/include/freetype -Iusr/include/freetype  -I/usr/include    -o ./conftest conftest.c -L/usr/lib -lag_dev  -L/usr/lib -lag_gui -lag_core -Lusr/lib -lSDL -ldebug -Lusr/lib -lfreetype -lz -lm -L/usr/lib -ljpeg -lpthread  
yes
