This file contains any messages produced by compilers while
running configure, to aid debugging if configure makes a mistake.

It was created by configure, which was
generated by GNU Autoconf 2.68.  Invocation command line was

  $ ./configure 

## --------- ##
## Platform. ##
## --------- ##

hostname = pegasos.sittly.local
uname -m = powerpc
uname -r = 3.1
uname -s = MorphOS
uname -v = 51.37

/usr/bin/uname -p = unknown
/bin/uname -X     = unknown

/bin/arch              = unknown
/usr/bin/arch -k       = unknown
/usr/convex/getsysinfo = unknown
/usr/bin/hostinfo      = unknown
/bin/machine           = unknown
/usr/bin/oslevel       = unknown
/bin/universe          = unknown

PATH: .
PATH: /bin
PATH: /usr/bin
PATH: /usr/local/bin
PATH: /c
PATH: .


## ----------- ##
## Core tests. ##
## ----------- ##

configure:2211: checking build system type
configure:2225: result: powerpc-unknown-morphos
configure:2245: checking host system type
configure:2258: result: powerpc-unknown-morphos
configure:2278: checking target system type
configure:2291: result: powerpc-unknown-morphos
configure:2334: checking for a BSD-compatible install
configure:2402: result: /bin/install -c
configure:2413: checking whether build environment is sane
configure:2463: result: yes
configure:2604: checking for a thread-safe mkdir -p
configure:2643: result: use/install-sh -c -d
configure:2656: checking for gawk
configure:2672: found /bin/gawk
configure:2683: result: gawk
configure:2694: checking whether make sets $(MAKE)
configure:2716: result: yes
configure:2840: checking for style of include used by make
configure:2868: result: GNU
configure:2939: checking for gcc
configure:2955: found /bin/gcc
configure:2966: result: gcc
configure:3195: checking for C compiler version
configure:3204: gcc --version >&5
gcc (GCC/MorphOS) 4.4.5
Copyright (C) 2010 Free Software Foundation, Inc.
This is free software; see the source for copying conditions.  There is NO
warranty; not even for MERCHANTABILITY or FITNESS FOR A PARTICULAR PURPOSE.

configure:3215: $? = 0
configure:3204: gcc -v >&5
Using built-in specs.
Target: ppc-morphos
Configured with: ../configure --host=ppc-morphos --target=ppc-morphos --enable-languages=c,c++ --prefix=/gg --with-sysroot=/gg --libexecdir=/gg/lib --oldincludedir=/gg/include --program-prefix=ppc-morphos- --program-suffix=-4.4.5 --enable-threads=morphos --disable-bootstrap --with-pkgversion=GCC/MorphOS --with-bugurl=http://bugtracker.morphos.net --enable-version-specific-runtime-libs
Thread model: morphos
gcc version 4.4.5 (GCC/MorphOS) 
configure:3215: $? = 0
configure:3204: gcc -V >&5
gcc: '-V' option must have argument
configure:3215: $? = 1
configure:3204: gcc -qversion >&5
gcc: no input files
configure:3215: $? = 1
configure:3235: checking whether the C compiler works
configure:3257: gcc    conftest.c  >&5
configure:3261: $? = 0
configure:3309: result: yes
configure:3312: checking for C compiler default output file name
configure:3314: result: a.out
configure:3320: checking for suffix of executables
configure:3327: gcc -o conftest    conftest.c  >&5
configure:3331: $? = 0
configure:3353: result: 
configure:3375: checking whether we are cross compiling
configure:3383: gcc -o conftest    conftest.c  >&5
configure:3387: $? = 0
configure:3394: ./conftest
configure:3398: $? = 0
configure:3413: result: no
configure:3418: checking for suffix of object files
configure:3440: gcc -c   conftest.c >&5
configure:3444: $? = 0
configure:3465: result: o
configure:3469: checking whether we are using the GNU C compiler
configure:3488: gcc -c   conftest.c >&5
configure:3488: $? = 0
configure:3497: result: yes
configure:3506: checking whether gcc accepts -g
configure:3526: gcc -c -g  conftest.c >&5
configure:3526: $? = 0
configure:3567: result: yes
configure:3584: checking for gcc option to accept ISO C89
configure:3648: gcc  -c -g -O2  conftest.c >&5
configure:3648: $? = 0
configure:3661: result: none needed
configure:3683: checking dependency style of gcc
configure:3794: result: gcc3
configure:3810: checking for an ANSI C-conforming const
configure:3875: gcc -c -g -O2  conftest.c >&5
configure:3875: $? = 0
configure:3882: result: yes
configure:3890: checking for inline
configure:3906: gcc -c -g -O2  conftest.c >&5
configure:3906: $? = 0
configure:3914: result: inline
configure:3937: checking how to run the C preprocessor
configure:3968: gcc -E  conftest.c
configure:3968: $? = 0
configure:3982: gcc -E  conftest.c
conftest.c:14:28: error: ac_nonexistent.h: No such file or directory
configure:3982: $? = 1
configure: failed program was:
| /* confdefs.h */
| #define PACKAGE_NAME ""
| #define PACKAGE_TARNAME ""
| #define PACKAGE_VERSION ""
| #define PACKAGE_STRING ""
| #define PACKAGE_BUGREPORT ""
| #define PACKAGE_URL ""
| #define MAJOR_VERSION 3
| #define MINOR_VERSION 4
| #define MICRO_VERSION 1
| #define PACKAGE "qrencode"
| #define VERSION "3.4.1"
| /* end confdefs.h.  */
| #include <ac_nonexistent.h>
configure:4007: result: gcc -E
configure:4027: gcc -E  conftest.c
configure:4027: $? = 0
configure:4041: gcc -E  conftest.c
conftest.c:14:28: error: ac_nonexistent.h: No such file or directory
configure:4041: $? = 1
configure: failed program was:
| /* confdefs.h */
| #define PACKAGE_NAME ""
| #define PACKAGE_TARNAME ""
| #define PACKAGE_VERSION ""
| #define PACKAGE_STRING ""
| #define PACKAGE_BUGREPORT ""
| #define PACKAGE_URL ""
| #define MAJOR_VERSION 3
| #define MINOR_VERSION 4
| #define MICRO_VERSION 1
| #define PACKAGE "qrencode"
| #define VERSION "3.4.1"
| /* end confdefs.h.  */
| #include <ac_nonexistent.h>
configure:4070: checking for grep that handles long lines and -e
configure:4128: result: /bin/grep
configure:4133: checking for egrep
configure:4195: result: /bin/grep -E
configure:4200: checking for ANSI C header files
configure:4220: gcc -c -g -O2  conftest.c >&5
configure:4220: $? = 0
configure:4293: gcc -o conftest -g -O2   conftest.c  >&5
configure:4293: $? = 0
configure:4293: ./conftest
configure:4293: $? = 0
configure:4304: result: yes
configure:4361: checking for gcc
configure:4388: result: gcc
configure:4617: checking for C compiler version
configure:4626: gcc --version >&5
gcc (GCC/MorphOS) 4.4.5
Copyright (C) 2010 Free Software Foundation, Inc.
This is free software; see the source for copying conditions.  There is NO
warranty; not even for MERCHANTABILITY or FITNESS FOR A PARTICULAR PURPOSE.

configure:4637: $? = 0
configure:4626: gcc -v >&5
Using built-in specs.
Target: ppc-morphos
Configured with: ../configure --host=ppc-morphos --target=ppc-morphos --enable-languages=c,c++ --prefix=/gg --with-sysroot=/gg --libexecdir=/gg/lib --oldincludedir=/gg/include --program-prefix=ppc-morphos- --program-suffix=-4.4.5 --enable-threads=morphos --disable-bootstrap --with-pkgversion=GCC/MorphOS --with-bugurl=http://bugtracker.morphos.net --enable-version-specific-runtime-libs
Thread model: morphos
gcc version 4.4.5 (GCC/MorphOS) 
configure:4637: $? = 0
configure:4626: gcc -V >&5
gcc: '-V' option must have argument
configure:4637: $? = 1
configure:4626: gcc -qversion >&5
gcc: no input files
configure:4637: $? = 1
configure:4641: checking whether we are using the GNU C compiler
configure:4669: result: yes
configure:4678: checking whether gcc accepts -g
configure:4739: result: yes
configure:4756: checking for gcc option to accept ISO C89
configure:4833: result: none needed
configure:4855: checking dependency style of gcc
configure:4966: result: gcc3
configure:4982: checking whether gcc and cc understand -c and -o together
configure:5013: gcc -c conftest.c -o conftest2.o >&5
configure:5017: $? = 0
configure:5023: gcc -c conftest.c -o conftest2.o >&5
configure:5027: $? = 0
configure:5038: cc -c conftest.c >&5
./configure: cc: not found
configure:5042: $? = 127
configure:5082: result: yes
configure:5154: checking how to print strings
configure:5183: result: print -r
configure:5202: checking for a sed that does not truncate output
configure:5266: result: /bin/sed
configure:5284: checking for fgrep
configure:5346: result: /bin/grep -F
configure:5381: checking for ld used by gcc
configure:5448: result: /ppc-morphos/bin/ld
configure:5455: checking if the linker (/ppc-morphos/bin/ld) is GNU ld
configure:5470: result: no
configure:5482: checking for BSD- or MS-compatible name lister (nm)
configure:5531: result: /bin/nm -B
configure:5661: checking the name lister (/bin/nm -B) interface
configure:5668: gcc -c -g -O2  conftest.c >&5
configure:5671: /bin/nm -B "conftest.o"
configure:5674: output
00000000 t .Letext0
00000000 t .Ltext0
00000000 S some_variable
configure:5681: result: BSD nm
configure:5684: checking whether ln -s works
configure:5688: result: yes
configure:5696: checking the maximum length of command line arguments
configure:5826: result: 262144
configure:5843: checking whether the shell understands some XSI constructs
configure:5853: result: no
configure:5857: checking whether the shell understands "+="
configure:5863: result: no
configure:5898: checking how to convert powerpc-unknown-morphos file names to powerpc-unknown-morphos format
configure:5938: result: func_convert_file_noop
configure:5945: checking how to convert powerpc-unknown-morphos file names to toolchain format
configure:5965: result: func_convert_file_noop
configure:5972: checking for /ppc-morphos/bin/ld option to reload object files
configure:5979: result: -r
configure:6053: checking for objdump
configure:6069: found /bin/objdump
configure:6080: result: objdump
configure:6112: checking how to recognize dependent libraries
configure:6314: result: unknown
configure:6399: checking for dlltool
configure:6429: result: no
configure:6459: checking how to associate runtime and link libraries
configure:6486: result: print -r --
configure:6546: checking for ar
configure:6562: found /bin/ar
configure:6573: result: ar
configure:6610: checking for archiver @FILE support
configure:6627: gcc -c -g -O2  conftest.c >&5
configure:6627: $? = 0
configure:6630: ar cru libconftest.a @conftest.lst >&5
ar: @conftest.lst: No such file or directory
configure:6633: $? = 1
configure:6653: result: no
configure:6711: checking for strip
configure:6727: found /bin/strip
configure:6738: result: strip
configure:6810: checking for ranlib
configure:6826: found /bin/ranlib
configure:6837: result: ranlib
configure:6939: checking command to parse /bin/nm -B output from gcc object
configure:7059: gcc -c -g -O2  conftest.c >&5
configure:7062: $? = 0
configure:7066: /bin/nm -B conftest.o \| sed -n -e 's/^.*[ ]\([ABCDGIRSTW][ABCDGIRSTW]*\)[ ][ ]*\([_A-Za-z][_A-Za-z0-9]*\)$/\1 \2 \2/p' | sed '/ __gnu_lto/d' \> conftest.nm
configure:7069: $? = 0
configure:7135: gcc -o conftest -g -O2   conftest.c conftstm.o >&5
configure:7138: $? = 0
configure:7176: result: ok
configure:7213: checking for sysroot
configure:7243: result: no
configure:7499: checking for mt
configure:7529: result: no
configure:7549: checking if : is a manifest tool
configure:7555: : '-?'
configure:7563: result: no
configure:8205: checking for sys/types.h
configure:8205: gcc -c -g -O2  conftest.c >&5
configure:8205: $? = 0
configure:8205: result: yes
configure:8205: checking for sys/stat.h
configure:8205: gcc -c -g -O2  conftest.c >&5
configure:8205: $? = 0
configure:8205: result: yes
configure:8205: checking for stdlib.h
configure:8205: gcc -c -g -O2  conftest.c >&5
configure:8205: $? = 0
configure:8205: result: yes
configure:8205: checking for string.h
configure:8205: gcc -c -g -O2  conftest.c >&5
configure:8205: $? = 0
configure:8205: result: yes
configure:8205: checking for memory.h
configure:8205: gcc -c -g -O2  conftest.c >&5
configure:8205: $? = 0
configure:8205: result: yes
configure:8205: checking for strings.h
configure:8205: gcc -c -g -O2  conftest.c >&5
configure:8205: $? = 0
configure:8205: result: yes
configure:8205: checking for inttypes.h
configure:8205: gcc -c -g -O2  conftest.c >&5
configure:8205: $? = 0
configure:8205: result: yes
configure:8205: checking for stdint.h
configure:8205: gcc -c -g -O2  conftest.c >&5
configure:8205: $? = 0
configure:8205: result: yes
configure:8205: checking for unistd.h
configure:8205: gcc -c -g -O2  conftest.c >&5
configure:8205: $? = 0
configure:8205: result: yes
configure:8219: checking for dlfcn.h
configure:8219: gcc -c -g -O2  conftest.c >&5
configure:8219: $? = 0
configure:8219: result: yes
configure:8395: checking for objdir
configure:8410: result: .libs
configure:8677: checking if gcc supports -fno-rtti -fno-exceptions
configure:8695: gcc -c -g -O2  -fno-rtti -fno-exceptions conftest.c >&5
cc1: warning: command line option "-fno-rtti" is valid for C++/ObjC++ but not for C
configure:8699: $? = 0
configure:8712: result: no
configure:9039: checking for gcc option to produce PIC
configure:9046: result: -fPIC -DPIC
configure:9054: checking if gcc PIC flag -fPIC -DPIC works
configure:9072: gcc -c -g -O2  -fPIC -DPIC -DPIC conftest.c >&5
configure:9076: $? = 0
configure:9089: result: yes
configure:9118: checking if gcc static flag -static works
configure:9146: result: yes
configure:9161: checking if gcc supports -c -o file.o
configure:9182: gcc -c -g -O2  -o out/conftest2.o conftest.c >&5
configure:9186: $? = 0
configure:9208: result: yes
configure:9216: checking if gcc supports -c -o file.o
configure:9263: result: yes
configure:9296: checking whether the gcc linker (/ppc-morphos/bin/ld) supports shared libraries
configure:10453: result: no
configure:10693: checking dynamic linker characteristics
configure:11438: result: no
configure:11545: checking how to hardcode library paths into programs
configure:11570: result: unsupported
configure:12110: checking whether stripping libraries is possible
configure:12115: result: yes
configure:12150: checking if libtool supports shared libraries
configure:12152: result: no
configure:12155: checking whether to build shared libraries
configure:12176: result: no
configure:12179: checking whether to build static libraries
configure:12183: result: yes
configure:12263: checking for ranlib
configure:12290: result: ranlib
configure:12366: checking for pkg-config
configure:12384: found /usr/local/bin/pkg-config
configure:12396: result: /usr/local/bin/pkg-config
configure:12421: checking pkg-config is at least version 0.9.0
configure:12424: result: yes
configure:12438: checking for strdup
configure:12438: gcc -o conftest -g -O2   conftest.c  >&5
conftest.c:49: warning: conflicting types for built-in function 'strdup'
configure:12438: $? = 0
configure:12438: result: yes
configure:12457: checking for pthread_mutex_init in -lpthread
configure:12482: gcc -o conftest -g -O2   conftest.c -lpthread   >&5
/bin/../lib/gcc-lib/ppc-morphos/4.4.5/../../../../ppc-morphos/bin/ld: cannot open -lpthread: No such file or directory
collect2: ld returned 1 exit status
configure:12482: $? = 1
configure: failed program was:
| /* confdefs.h */
| #define PACKAGE_NAME ""
| #define PACKAGE_TARNAME ""
| #define PACKAGE_VERSION ""
| #define PACKAGE_STRING ""
| #define PACKAGE_BUGREPORT ""
| #define PACKAGE_URL ""
| #define MAJOR_VERSION 3
| #define MINOR_VERSION 4
| #define MICRO_VERSION 1
| #define PACKAGE "qrencode"
| #define VERSION "3.4.1"
| #define STDC_HEADERS 1
| #define HAVE_SYS_TYPES_H 1
| #define HAVE_SYS_STAT_H 1
| #define HAVE_STDLIB_H 1
| #define HAVE_STRING_H 1
| #define HAVE_MEMORY_H 1
| #define HAVE_STRINGS_H 1
| #define HAVE_INTTYPES_H 1
| #define HAVE_STDINT_H 1
| #define HAVE_UNISTD_H 1
| #define HAVE_DLFCN_H 1
| #define LT_OBJDIR ".libs/"
| #define HAVE_STRDUP 1
| /* end confdefs.h.  */
| 
| /* Override any GCC internal prototype to avoid an error.
|    Use char because int might match the return type of a GCC
|    builtin and then its argument prototype would still apply.  */
| #ifdef __cplusplus
| extern "C"
| #endif
| char pthread_mutex_init ();
| int
| main ()
| {
| return pthread_mutex_init ();
|   ;
|   return 0;
| }
configure:12491: result: no
configure:12535: checking for png
configure:12542: $PKG_CONFIG --exists --print-errors ""libpng""
configure:12545: $? = 0
configure:12559: $PKG_CONFIG --exists --print-errors ""libpng""
configure:12562: $? = 0
configure:12620: result: yes
configure:14033: creating ./config.status

## ---------------------- ##
## Running config.status. ##
## ---------------------- ##

This file was extended by config.status, which was
generated by GNU Autoconf 2.68.  Invocation command line was

  CONFIG_FILES    = 
  CONFIG_HEADERS  = 
  CONFIG_LINKS    = 
  CONFIG_COMMANDS = 
  $ ./config.status 

on pegasos.sittly.local

config.status:15278: creating Makefile
config.status:15278: creating libqrencode.pc
config.status:15278: creating tests/Makefile
config.status:15278: creating qrencode.spec
config.status:15278: creating qrencode.1
config.status:15278: creating config.h
config.status:15505: executing depfiles commands
config.status:15505: executing libtool commands

## ---------------- ##
## Cache variables. ##
## ---------------- ##

ac_cv_build=powerpc-unknown-morphos
ac_cv_c_compiler_gnu=yes
ac_cv_c_const=yes
ac_cv_c_inline=inline
ac_cv_env_CC_set=
ac_cv_env_CC_value=
ac_cv_env_CFLAGS_set=
ac_cv_env_CFLAGS_value=
ac_cv_env_CPPFLAGS_set=
ac_cv_env_CPPFLAGS_value=
ac_cv_env_CPP_set=
ac_cv_env_CPP_value=
ac_cv_env_LDFLAGS_set=
ac_cv_env_LDFLAGS_value=
ac_cv_env_LIBS_set=
ac_cv_env_LIBS_value=
ac_cv_env_PKG_CONFIG_LIBDIR_set=
ac_cv_env_PKG_CONFIG_LIBDIR_value=
ac_cv_env_PKG_CONFIG_PATH_set=
ac_cv_env_PKG_CONFIG_PATH_value=
ac_cv_env_PKG_CONFIG_set=
ac_cv_env_PKG_CONFIG_value=
ac_cv_env_build_alias_set=
ac_cv_env_build_alias_value=
ac_cv_env_host_alias_set=
ac_cv_env_host_alias_value=
ac_cv_env_png_CFLAGS_set=
ac_cv_env_png_CFLAGS_value=
ac_cv_env_png_LIBS_set=
ac_cv_env_png_LIBS_value=
ac_cv_env_target_alias_set=
ac_cv_env_target_alias_value=
ac_cv_func_strdup=yes
ac_cv_header_dlfcn_h=yes
ac_cv_header_inttypes_h=yes
ac_cv_header_memory_h=yes
ac_cv_header_stdc=yes
ac_cv_header_stdint_h=yes
ac_cv_header_stdlib_h=yes
ac_cv_header_string_h=yes
ac_cv_header_strings_h=yes
ac_cv_header_sys_stat_h=yes
ac_cv_header_sys_types_h=yes
ac_cv_header_unistd_h=yes
ac_cv_host=powerpc-unknown-morphos
ac_cv_lib_pthread_pthread_mut=x_init=no
ac_cv_objext=o
ac_cv_path_EGREP='/bin/grep -E'
ac_cv_path_FGREP='/bin/grep -F'
ac_cv_path_GREP=/bin/grep
ac_cv_path_SED=/bin/sed
ac_cv_path_ac_pt_PKG_CONFIG=/usr/local/bin/pkg-config
ac_cv_path_install='/bin/install -c'
ac_cv_prog_AWK=gawk
ac_cv_prog_CPP='gcc -E'
ac_cv_prog_ac_ct_AR=ar
ac_cv_prog_ac_ct_CC=gcc
ac_cv_prog_ac_ct_OBJDUMP=objdump
ac_cv_prog_ac_ct_RANLIB=ranlib
ac_cv_prog_ac_ct_STRIP=strip
ac_cv_prog_cc_c89=
ac_cv_prog_cc_g=yes
ac_cv_prog_cc_gcc_c_o=yes
ac_cv_prog_make_make_set=yes
ac_cv_target=powerpc-unknown-morphos
am_cv_CC_dependencies_compiler_type=gcc3
lt_cv_ar_at_file=no
lt_cv_deplibs_check_method=unknown
lt_cv_file_magic_cmd='$MAGIC_CMD'
lt_cv_file_magic_test_file=
lt_cv_ld_reload_flag=-r
lt_cv_nm_interface='BSD nm'
lt_cv_objdir=.libs
lt_cv_path_LD=/ppc-morphos/bin/ld
lt_cv_path_NM='/bin/nm -B'
lt_cv_path_mainfest_tool=no
lt_cv_prog_compiler_c_o=yes
lt_cv_prog_compiler_pic='-fPIC -DPIC'
lt_cv_prog_compiler_pic_works=yes
lt_cv_prog_compiler_rtti_exceptions=no
lt_cv_prog_compiler_static_works=yes
lt_cv_prog_gnu_ld=no
lt_cv_sharedlib_from_linklib_cmd='print -r --'
lt_cv_sys_global_symbol_pipe='sed -n -e '\''s/^.*[	 ]\([ABCDGIRSTW][ABCDGIRSTW]*\)[	 ][	 ]*\([_A-Za-z][_A-Za-z0-9]*\)$/\1 \2 \2/p'\'' | sed '\''/ __gnu_lto/d'\'
lt_cv_sys_global_symbol_to_c_name_address='sed -n -e '\''s/^: \([^ ]*\)[ ]*$/  {\"\1\", (void *) 0},/p'\'' -e '\''s/^[ABCDGIRSTW]* \([^ ]*\) \([^ ]*\)$/  {"\2", (void *) \&\2},/p'\'
lt_cv_sys_global_symbol_to_c_name_address_lib_prefix='sed -n -e '\''s/^: \([^ ]*\)[ ]*$/  {\"\1\", (void *) 0},/p'\'' -e '\''s/^[ABCDGIRSTW]* \([^ ]*\) \(lib[^ ]*\)$/  {"\2", (void *) \&\2},/p'\'' -e '\''s/^[ABCDGIRSTW]* \([^ ]*\) \([^ ]*\)$/  {"lib\2", (void *) \&\2},/p'\'
lt_cv_sys_global_symbol_to_cdecl='sed -n -e '\''s/^T .* \(.*\)$/extern int \1();/p'\'' -e '\''s/^[ABCDGIRSTW]* .* \(.*\)$/extern char \1;/p'\'
lt_cv_sys_max_cmd_len=262144
lt_cv_to_host_file_cmd=func_convert_file_noop
lt_cv_to_tool_file_cmd=func_convert_file_noop
pkg_cv_png_CFLAGS='-I/usr/local/include/libpng15  '
pkg_cv_png_LIBS='-L/usr/local/lib -lpng15  '

## ----------------- ##
## Output variables. ##
## ----------------- ##

ACLOCAL='${SHELL} /RAM/qrencode-3.4.1/use/missing --run aclocal-1.11'
AMDEPBACKSLASH='\'
AMDEP_FALSE='#'
AMDEP_TRUE=''
AMTAR='$${TAR-tar}'
AR='ar'
AUTOCONF='${SHELL} /RAM/qrencode-3.4.1/use/missing --run autoconf'
AUTOHEADER='${SHELL} /RAM/qrencode-3.4.1/use/missing --run autoheader'
AUTOMAKE='${SHELL} /RAM/qrencode-3.4.1/use/missing --run automake-1.11'
AWK='gawk'
BUILD_TESTS_FALSE=''
BUILD_TESTS_TRUE='#'
BUILD_TOOLS_FALSE='#'
BUILD_TOOLS_TRUE=''
CC='gcc'
CCDEPMODE='depmode=gcc3'
CFLAGS='-Wall -g -O2'
CPP='gcc -E'
CPPFLAGS=''
CYGPATH_W='echo'
DEFS='-DHAVE_CONFIG_H'
DEPDIR='.deps'
DLLTOOL='false'
DSYMUTIL=''
DUMPBIN=''
ECHO_C=''
ECHO_N='-n'
ECHO_T=''
EGREP='/bin/grep -E'
EXEEXT=''
FGREP='/bin/grep -F'
GREP='/bin/grep'
HAVE_LIBPTHREAD_FALSE=''
HAVE_LIBPTHREAD_TRUE='#'
HAVE_SDL_FALSE=''
HAVE_SDL_TRUE='#'
INSTALL_DATA='${INSTALL} -m 644'
INSTALL_PROGRAM='${INSTALL}'
INSTALL_SCRIPT='${INSTALL}'
INSTALL_STRIP_PROGRAM='$(install_sh) -c -s'
LD='/ppc-morphos/bin/ld'
LDFLAGS=''
LIBICONV=''
LIBOBJS=''
LIBPTHREAD=''
LIBS=''
LIBTOOL='$(SHELL) $(top_builddir)/libtool'
LIPO=''
LN_S='ln -s'
LTLIBICONV=''
LTLIBOBJS=''
MAJOR_VERSION='3'
MAKEINFO='${SHELL} /RAM/qrencode-3.4.1/use/missing --run makeinfo'
MANIFEST_TOOL=':'
MICRO_VERSION='1'
MINOR_VERSION='4'
MKDIR_P='use/install-sh -c -d'
NM='/bin/nm -B'
NMEDIT=''
OBJDUMP='objdump'
OBJEXT='o'
OTOOL64=''
OTOOL=''
PACKAGE='qrencode'
PACKAGE_BUGREPORT=''
PACKAGE_NAME=''
PACKAGE_STRING=''
PACKAGE_TARNAME=''
PACKAGE_URL=''
PACKAGE_VERSION=''
PATH_SEPARATOR=':'
PKG_CONFIG='/usr/local/bin/pkg-config'
PKG_CONFIG_LIBDIR=''
PKG_CONFIG_PATH=''
RANLIB='ranlib'
SDL_CFLAGS=''
SDL_CONFIG=''
SDL_LIBS=''
SED='/bin/sed'
SET_MAKE=''
SHELL='/usr/bin/sh'
STRIP='strip'
VERSION='3.4.1'
ac_ct_AR='ar'
ac_ct_CC='gcc'
ac_ct_DUMPBIN=''
am__EXEEXT_FALSE=''
am__EXEEXT_TRUE='#'
am__fastdepCC_FALSE='#'
am__fastdepCC_TRUE=''
am__include='include'
am__isrc=''
am__leading_dot='.'
am__nodep='_no'
am__quote=''
am__tar='$${TAR-tar} chof - "$$tardir"'
am__untar='$${TAR-tar} xf -'
bindir='${exec_prefix}/bin'
build='powerpc-unknown-morphos'
build_alias=''
build_cpu='powerpc'
build_os='morphos'
build_vendor='unknown'
datadir='${datarootdir}'
datarootdir='${prefix}/share'
docdir='${datarootdir}/doc/${PACKAGE}'
dvidir='${docdir}'
exec_prefix='${prefix}'
host='powerpc-unknown-morphos'
host_alias=''
host_cpu='powerpc'
host_os='morphos'
host_vendor='unknown'
htmldir='${docdir}'
includedir='${prefix}/include'
infodir='${datarootdir}/info'
install_sh='${SHELL} /RAM/qrencode-3.4.1/use/install-sh'
libdir='${exec_prefix}/lib'
libexecdir='${exec_prefix}/libexec'
localedir='${datarootdir}/locale'
localstatedir='${prefix}/var'
mandir='${datarootdir}/man'
mkdir_p='$(top_builddir)/use/install-sh -c -d'
oldincludedir='/usr/include'
pdfdir='${docdir}'
png_CFLAGS='-I/usr/local/include/libpng15  '
png_LIBS='-L/usr/local/lib -lpng15  '
prefix='/usr/local'
program_transform_name='s,x,x,'
psdir='${docdir}'
sbindir='${exec_prefix}/sbin'
sharedstatedir='${prefix}/com'
sysconfdir='${prefix}/etc'
target='powerpc-unknown-morphos'
target_alias=''
target_cpu='powerpc'
target_os='morphos'
target_vendor='unknown'

## ----------- ##
## confdefs.h. ##
## ----------- ##

/* confdefs.h */
#define PACKAGE_NAME ""
#define PACKAGE_TARNAME ""
#define PACKAGE_VERSION ""
#define PACKAGE_STRING ""
#define PACKAGE_BUGREPORT ""
#define PACKAGE_URL ""
#define MAJOR_VERSION 3
#define MINOR_VERSION 4
#define MICRO_VERSION 1
#define PACKAGE "qrencode"
#define VERSION "3.4.1"
#define STDC_HEADERS 1
#define HAVE_SYS_TYPES_H 1
#define HAVE_SYS_STAT_H 1
#define HAVE_STDLIB_H 1
#define HAVE_STRING_H 1
#define HAVE_MEMORY_H 1
#define HAVE_STRINGS_H 1
#define HAVE_INTTYPES_H 1
#define HAVE_STDINT_H 1
#define HAVE_UNISTD_H 1
#define HAVE_DLFCN_H 1
#define LT_OBJDIR ".libs/"
#define HAVE_STRDUP 1
#define __STATIC static
/* #undef WITH_TESTS */

configure: exit 0
