This file contains any messages produced by compilers while
running configure, to aid debugging if configure makes a mistake.

configure:633: checking for a BSD compatible install
configure:686: checking whether build environment is sane
configure:743: checking whether make sets ${MAKE}
configure:789: checking for working aclocal
configure:802: checking for working autoconf
configure:815: checking for working automake
configure:828: checking for working autoheader
configure:841: checking for working makeinfo
configure:862: checking host system type
configure:883: checking target system type
configure:903: checking whether make sets ${MAKE}
configure:932: checking for gcc
configure:1045: checking whether the C compiler (ppc-amigaos-gcc -D__USE_INLINE__ -lauto -lunix) works
configure:1061: ppc-amigaos-gcc -o conftest -D__USE_INLINE__  -lauto -lunix conftest.c  1>&5
configure:1087: checking whether the C compiler (ppc-amigaos-gcc -D__USE_INLINE__ -lauto -lunix) is a cross-compiler
configure:1092: checking whether we are using GNU C
configure:1101: ppc-amigaos-gcc -E conftest.c
configure:1120: checking whether ppc-amigaos-gcc accepts -g
configure:1156: checking for c++
configure:1188: checking whether the C++ compiler (ppc-amigaos-g++ -D__USE_INLINE__ -lauto -lunix) works
configure:1204: ppc-amigaos-g++ -o conftest -D__USE_INLINE__  -lauto -lunix conftest.C  1>&5
configure:1230: checking whether the C++ compiler (ppc-amigaos-g++ -D__USE_INLINE__ -lauto -lunix) is a cross-compiler
configure:1235: checking whether we are using GNU C++
configure:1244: ppc-amigaos-g++ -E conftest.C
configure:1263: checking whether ppc-amigaos-g++ accepts -g
configure:1365: checking build system type
configure:1385: checking for ranlib
configure:1424: checking for ld used by GCC
configure:1486: checking if the linker (/usr/local/amiga/ppc-amigaos/bin/ld) is GNU ld
GNU ld version 2.14 20030612 (Amiga OS build 20041204)
configure:1502: checking for BSD-compatible nm
configure:1538: checking whether ln -s works
ltconfig:603: checking for object suffix
ltconfig:604: ppc-amigaos-gcc -c -D__USE_INLINE__  conftest.c 1>&5
ltconfig:629: checking for executable suffix
ltconfig:630: ppc-amigaos-gcc -o conftest -D__USE_INLINE__  -lauto -lunix conftest.c  1>&5
ltconfig:776: checking if ppc-amigaos-gcc PIC flag -m68020 -resident32 -malways-restore-a4 works
ltconfig:777: ppc-amigaos-gcc -c -D__USE_INLINE__ -m68020 -resident32 -malways-restore-a4 -DPIC  conftest.c 1>&5
ppc-amigaos-gcc: unrecognized option `-resident32'
cc1: error: invalid option `68020'
cc1: error: invalid option `always-restore-a4'
ltconfig:829: checking if ppc-amigaos-gcc supports -c -o file.o
ltconfig:830: ppc-amigaos-gcc -c -D__USE_INLINE__ -o out/conftest2.o  conftest.c 1>&5
ltconfig:862: checking if ppc-amigaos-gcc supports -c -o file.lo
ltconfig:863: ppc-amigaos-gcc -c -D__USE_INLINE__ -c -o conftest.lo  conftest.c 1>&5
ltconfig:914: checking if ppc-amigaos-gcc supports -fno-rtti -fno-exceptions
ltconfig:915: ppc-amigaos-gcc -c -D__USE_INLINE__ -fno-rtti -fno-exceptions -c conftest.c  conftest.c 1>&5
ltconfig:958: checking if ppc-amigaos-gcc static flag -static works
ltconfig:959: ppc-amigaos-gcc -o conftest -D__USE_INLINE__  -lauto -lunix -static conftest.c  1>&5
GNU ld version 2.14 20030612 (Amiga OS build 20041204)
ltconfig:1653: checking if global_symbol_pipe works
ltconfig:1654: ppc-amigaos-gcc -c -D__USE_INLINE__  conftest.c 1>&5
ltconfig:1657: eval "/usr/bin/nm -B conftest.o | sed -n -e 's/^.*[ 	]\([ABCDGISTW]\)[ 	][ 	]*\(\)\([_A-Za-z][_A-Za-z0-9]*\)$/\1 \2\3 \3/p' > conftest.nm"
ltconfig:1709: ppc-amigaos-gcc -o conftest -D__USE_INLINE__ -fno-builtin  -lauto -lunix conftest.c conftstm.o 1>&5
configure:1943: checking for a BSD compatible install
configure:1997: checking for socklen_t
configure:2010: ppc-amigaos-gcc -c -D__USE_INLINE__  conftest.c 1>&5
configure: In function `main':
configure:2006: error: `socklen_t' undeclared (first use in this function)
configure:2006: error: (Each undeclared identifier is reported only once
configure:2006: error: for each function it appears in.)
configure:2006: error: parse error before "len"
configure:2006: error: `len' undeclared (first use in this function)
configure: failed program was:
#line 2003 "configure"
#include "confdefs.h"
#include <sys/socket.h>
int main() {
socklen_t len = 42; return len;
; return 0; }
configure:2139: checking for sdl-config
configure:2174: checking for SDL - version >= 1.2.0
configure:2341: checking for sqrt in -lm
configure:2360: ppc-amigaos-gcc -o conftest -D__USE_INLINE__ -I/usr/include/SDL -D_REENTRANT  -lauto -lunix conftest.c -lm   -L/usr/lib -lSDL -lpthread 1>&5
configure:2353: warning: conflicting types for built-in function 'sqrt'
configure:3883: checking if ppc-amigaos-g++ supports -fno-rtti -fno-exceptions
configure:3899: ppc-amigaos-g++ -c -fno-rtti -fno-exceptions  conftest.c 1>&5
