This file contains any messages produced by compilers while
running configure, to aid debugging if configure makes a mistake.

configure:558: checking for a BSD compatible install
configure:611: checking whether make sets ${MAKE}
configure:641: checking for gcc
configure:754: checking whether the C compiler (gcc  ) works
configure:770: gcc -o conftest    conftest.c  1>&5
configure:796: checking whether the C compiler (gcc  ) is a cross-compiler
configure:801: checking whether we are using GNU C
configure:810: gcc -E conftest.c
configure:829: checking whether gcc accepts -g
configure:869: checking host system type
configure:918: checking return type of signal handlers
configure:940: gcc -c -g -O2  conftest.c 1>&5
configure:960: checking how to run the C preprocessor
configure:1040: checking for ANSI C header files
configure:1053: /bin/cpp  conftest.c >/dev/null 2>conftest.out
configure:1120: gcc -o conftest -g -O2   conftest.c  1>&5
configure:1147: checking for sys/types.h
configure:1157: /bin/cpp  conftest.c >/dev/null 2>conftest.out
configure:1147: checking for fcntl.h
configure:1157: /bin/cpp  conftest.c >/dev/null 2>conftest.out
configure:1147: checking for sys/time.h
configure:1157: /bin/cpp  conftest.c >/dev/null 2>conftest.out
configure:1147: checking for unistd.h
configure:1157: /bin/cpp  conftest.c >/dev/null 2>conftest.out
configure:1185: checking for working const
configure:1239: gcc -c -g -O2  conftest.c 1>&5
configure:1260: checking for sys_siglist declaration in signal.h or unistd.h
configure:1277: gcc -c -g -O2  conftest.c 1>&5
configure: In function `main':
configure:1273: warning: initialization discards qualifiers from pointer target type
configure:1299: checking whether setvbuf arguments are reversed
configure:1321: gcc -o conftest -g -O2   conftest.c  1>&5
configure: In function `main':
configure:1314: warning: passing arg 2 of `setvbuf' makes pointer from integer without a cast
configure:1314: warning: passing arg 3 of `setvbuf' makes integer from pointer without a cast
configure: failed program was:
#line 1307 "configure"
#include "confdefs.h"
#include <stdio.h>
/* If setvbuf has the reversed format, exit 0. */
main () {
  /* This call has the arguments reversed.
     A reversed system may check and see that the address of main
     is not _IOLBF, _IONBF, or _IOFBF, and return nonzero.  */
  if (setvbuf(stdout, _IOLBF, (char *) main, BUFSIZ) != 0)
    exit(1);
  putc('\r', stdout);
  exit(0);			/* Non-reversed systems segv here.  */
}
configure:1347: checking for socket
configure:1375: gcc -o conftest -g -O2   conftest.c  1>&5
configure:1347: checking for strerror
configure:1375: gcc -o conftest -g -O2   conftest.c  1>&5
