This file contains any messages produced by compilers while
running configure, to aid debugging if configure makes a mistake.

It was created by configure, which was
generated by GNU Autoconf 2.52.20011227.  Invocation command line was

  $ ./configure --prefix=/gg --enable-termcap --build=amigaos --disable-overwrite --without-debug

## ---------- ##
## Platform.  ##
## ---------- ##

hostname = localhost
uname -m = m68k
uname -r = unknown
uname -s = AmigaOS
uname -v = 45.57

/usr/bin/uname -p = 68040
/bin/uname -X     = unknown

/bin/arch              = unknown
/usr/bin/arch -k       = unknown
/usr/convex/getsysinfo = unknown
hostinfo               = unknown
/bin/machine           = unknown
/usr/bin/oslevel       = unknown
/bin/universe          = unknown

PATH = /bin:/usr/bin:/usr/ucb

## ------------ ##
## Core tests.  ##
## ------------ ##

configure:1023: PATH=".;."; conftest.sh
./configure: ./configure[1031]: conftest.sh: not found
configure:1026: $? = 127
configure:1043: result: Configuring NCURSES 5.3 ABI 5 (Thu Oct 24 13:46:53 GMT 2002)
configure:1077: checking build system type
configure:1095: result: m68k-unknown-amigaos
configure:1102: checking host system type
configure:1116: result: m68k-unknown-amigaos
configure:1124: checking target system type
configure:1138: result: m68k-unknown-amigaos
configure:1169: result: Configuring for amigaos
configure:1222: checking for prefix
configure:1234: result: /gg
configure:1309: checking for gcc
configure:1324: found /bin/gcc
configure:1332: result: gcc
configure:1560: checking for C compiler version
configure:1563: gcc --version </dev/null >&5
2.95.3
configure:1566: $? = 0
configure:1568: gcc -v </dev/null >&5
Reading specs from /gg/lib/gcc-lib/m68k-amigaos/2.95.3/specs
gcc version 2.95.3 20010315 (release)
configure:1571: $? = 0
configure:1573: gcc -V </dev/null >&5
gcc: argument to `-V' is missing
configure:1576: $? = 1
configure:1596: checking for C compiler default output
configure:1599: gcc -O2 -fomit-frame-pointer -m68020-60 -ffast-math  -s -lm conftest.c  >&5
configure:1602: $? = 0
configure:1631: result: a.out
configure:1636: checking whether the C compiler works
configure:1642: ./a.out
configure:1645: $? = 0
configure:1660: result: yes
configure:1667: checking whether we are cross compiling
configure:1669: result: no
configure:1672: checking for executable suffix
configure:1674: gcc -o conftest -O2 -fomit-frame-pointer -m68020-60 -ffast-math  -s -lm conftest.c  >&5
configure:1677: $? = 0
configure:1699: result: 
configure:1705: checking for object suffix
configure:1723: gcc -c -O2 -fomit-frame-pointer -m68020-60 -ffast-math  conftest.c >&5
configure:1726: $? = 0
configure:1745: result: o
configure:1749: checking whether we are using the GNU C compiler
configure:1770: gcc -c -O2 -fomit-frame-pointer -m68020-60 -ffast-math  conftest.c >&5
configure:1773: $? = 0
configure:1776: test -s conftest.o
configure:1779: $? = 0
configure:1791: result: yes
configure:1797: checking whether gcc accepts -g
configure:1815: gcc -c -g  conftest.c >&5
configure:1818: $? = 0
configure:1821: test -s conftest.o
configure:1824: $? = 0
configure:1834: result: yes
configure:1861: gcc -c -O2 -fomit-frame-pointer -m68020-60 -ffast-math  conftest.c >&5
conftest.c:2: parse error before `me'
configure:1864: $? = 1
configure: failed program was:
#ifndef __cplusplus
  choke me
#endif
configure:1964: checking version of gcc
configure:1967: result: 2.95.3
configure:2055: checking how to run the C preprocessor
configure:2081: gcc -E  conftest.c
configure:2087: $? = 0
configure:2114: gcc -E  conftest.c
configure:2111: ac_nonexistent.h: No such file or directory
configure:2120: $? = 1
configure: failed program was:
#line 2110 "configure"
#include "confdefs.h"
#include <ac_nonexistent.h>
configure:2157: result: gcc -E
configure:2172: gcc -E  conftest.c
configure:2178: $? = 0
configure:2205: gcc -E  conftest.c
configure:2202: ac_nonexistent.h: No such file or directory
configure:2211: $? = 1
configure: failed program was:
#line 2201 "configure"
#include "confdefs.h"
#include <ac_nonexistent.h>
configure:2251: checking whether gcc needs -traditional
configure:2274: termio.h: No such file or directory
configure:2286: result: no
configure:2293: checking for POSIXized ISC
configure:2312: result: no
configure:2317: checking for gcc option to accept ANSI C
configure:2394: gcc -c -O2 -fomit-frame-pointer -m68020-60 -ffast-math   -DCC_HAS_PROTOS conftest.c >&5
configure:2397: $? = 0
configure:2400: test -s conftest.o
configure:2403: $? = 0
configure:2416: result: -DCC_HAS_PROTOS
configure:2500: checking for ldconfig
configure:2531: result: no
configure:2538: checking if you want to ensure bool is consistent with C++
configure:2548: result: yes
configure:2603: checking for g++
configure:2618: found /bin/g++
configure:2626: result: g++
configure:2641: checking for C++ compiler version
configure:2644: g++ --version </dev/null >&5
2.95.3
configure:2647: $? = 0
configure:2649: g++ -v </dev/null >&5
Reading specs from /gg/lib/gcc-lib/m68k-amigaos/2.95.3/specs
gcc version 2.95.3 20010315 (release)
configure:2652: $? = 0
configure:2654: g++ -V </dev/null >&5
g++: argument to `-V' missing

configure:2657: $? = 1
configure:2660: checking whether we are using the GNU C++ compiler
configure:2681: g++ -c   conftest.cc >&5
configure:2684: $? = 0
configure:2687: test -s conftest.o
configure:2690: $? = 0
configure:2702: result: yes
configure:2708: checking whether g++ accepts -g
configure:2726: g++ -c -g  conftest.cc >&5
configure:2729: $? = 0
configure:2732: test -s conftest.o
configure:2735: $? = 0
configure:2745: result: yes
configure:2785: g++ -c -g -O2  conftest.cc >&5
configure:2788: $? = 0
configure:2791: test -s conftest.o
configure:2794: $? = 0
configure:2816: g++ -c -g -O2  conftest.cc >&5
configure:2819: $? = 0
configure:2822: test -s conftest.o
configure:2825: $? = 0
configure:2851: checking version of g++
configure:2854: result: 2.95.3
configure:2866: checking if you want to build C++ binding and demo
configure:2876: result: yes
configure:2879: checking if you want to build with Ada95
configure:2889: result: yes
configure:2892: checking if you want to build programs such as tic
configure:2902: result: yes
configure:2905: checking if you wish to install curses.h
configure:2915: result: yes
configure:2941: checking for mawk
configure:2967: result: no
configure:2941: checking for gawk
configure:2956: found /bin/gawk
configure:2964: result: gawk
configure:2974: checking whether make sets ${MAKE}
configure:2994: result: yes
configure:3015: checking for a BSD compatible install
configure:3064: result: /bin/install -c
configure:3085: checking for long file names
configure:3124: result: yes
configure:3134: checking if filesystem supports mixed-case filenames
configure:3150: result: no
configure:3156: checking whether ln -s works
configure:3160: result: yes
configure:3205: checking for ranlib
configure:3220: found /bin/ranlib
configure:3229: result: ranlib
configure:3243: checking for ctags
configure:3258: found /bin/ctags
configure:3267: result: yes
configure:3328: checking for tdlint
configure:3354: result: no
configure:3328: checking for lint
configure:3354: result: no
configure:3328: checking for alint
configure:3354: result: no
configure:3365: checking for man
configure:3380: found /bin/man
configure:3388: result: man
configure:3402: checking for loader (symbol LD)
configure:3405: result: ld
configure:3417: checking for archiver (symbol AR)
configure:3420: result: ar
configure:3432: checking for archiver options (symbol AR_OPTS)
configure:3435: result: rv
configure:3443: checking for makeflags variable
configure:3476: result: 
configure:3479: checking if you have specified an install-prefix
configure:3492: result: 
configure:3502: checking if you want to build libraries with libtool
configure:3512: result: no
configure:3521: checking if you want to build shared libraries
configure:3531: result: no
configure:3535: checking if you want to build static libraries
configure:3545: result: yes
configure:3549: checking if you want to build debug libraries
configure:3559: result: no
configure:3563: checking if you want to build profiling libraries
configure:3573: result: no
configure:3579: checking for specified models
configure:3583: result:  normal
configure:3588: checking for default model
configure:3591: result: normal
configure:3615: checking if you want to build a separate terminfo library
configure:3625: result: no
configure:3629: checking if you want to link with dbmalloc for testing
configure:3639: result: no
configure:3703: checking if you want to link with dmalloc for testing
configure:3713: result: no
configure:3778: checking if you want to link with the gpm mouse library
configure:3788: result: no
configure:3913: checking for default loader flags
configure:3922: result: 
configure:3925: checking if rpath option should be used
configure:3935: result: no
configure:3945: checking if release/abi version should be used for shared libs
configure:3969: result: auto
configure:3978: checking which gcc option to use
configure:3997: gcc -c -O2 -fomit-frame-pointer -m68020-60 -ffast-math -fPIC  conftest.c >&5
configure:4000: $? = 0
configure:4003: test -s conftest.o
configure:4006: $? = 0
configure:4015: result: -fPIC
configure:4245: checking if you wish to install ncurses overwriting curses
configure:4255: result: no
configure:4258: checking if external terminfo-database is used
configure:4268: result: yes
configure:4290: checking which terminfo source-file will be installed
configure:4298: result: ${top_srcdir}/misc/terminfo.src
configure:4302: checking for list of fallback descriptions
configure:4312: result: 
configure:4322: checking for list of terminfo directories
configure:4369: result: /gg/share/terminfo
configure:4375: checking for default terminfo directory
configure:4412: result: /gg/share/terminfo
configure:4422: checking if big-core option selected
configure:4448: gcc -o conftest -O2 -fomit-frame-pointer -m68020-60 -ffast-math  -s -lm conftest.c  >&5
configure:4451: $? = 0
configure:4453: ./conftest
configure:4456: $? = 0
configure:4468: result: yes
configure:4475: checking if you want termcap-fallback support
configure:4485: result: yes
configure:4506: checking for list of termcap files
configure:4553: result: /etc/termcap:/usr/share/misc/termcap
configure:4560: checking if fast termcap-loader is needed
configure:4570: result: no
configure:4576: checking if translated termcaps will be cached in ~/.terminfo
configure:4586: result: no
configure:4602: checking for remove
configure:4639: gcc -o conftest -O2 -fomit-frame-pointer -m68020-60 -ffast-math  -s -lm conftest.c  >&5
configure:4642: $? = 0
configure:4645: test -s conftest
configure:4648: $? = 0
configure:4658: result: yes
configure:4602: checking for unlink
configure:4639: gcc -o conftest -O2 -fomit-frame-pointer -m68020-60 -ffast-math  -s -lm conftest.c  >&5
configure:4642: $? = 0
configure:4645: test -s conftest
configure:4648: $? = 0
configure:4658: result: yes
configure:4742: checking if link/symlink functions work
configure:4785: gcc -o conftest -O2 -fomit-frame-pointer -m68020-60 -ffast-math  -s -lm conftest.c  >&5
configure:4788: $? = 0
configure:4790: ./conftest
configure:4793: $? = 0
configure:4785: gcc -o conftest -O2 -fomit-frame-pointer -m68020-60 -ffast-math  -s -lm conftest.c  >&5
configure:4788: $? = 0
configure:4790: ./conftest
configure:4793: $? = 0
configure:4811: result:  link symlink
configure:4847: checking if tic should use symbolic links
configure:4857: result: no
configure:4870: checking if you want broken-linker support code
configure:4880: result: 
configure:4905: checking for type of bool
configure:4915: result: auto
configure:4919: checking for type of ospeed
configure:4929: result: short
configure:4933: checking if tputs should process BSD-style prefix padding
configure:4943: result: no
configure:4950: checking if RCS identifiers should be compiled-in
configure:4960: result: no
configure:4968: checking format of man-pages
configure:5016: result: gzip
configure:5019: checking for manpage renaming
configure:5061: result: no
configure:5064: checking for manpage symlinks
configure:5075: result: yes
configure:5078: checking for manpage tbl
configure:5089: result: no
configure:5320: checking if you want to build with function extensions
configure:5330: result: yes
configure:5363: checking for extended use of const keyword
configure:5373: result: no
configure:5380: checking if you want $NCURSES_NO_PADDING code
configure:5390: result: yes
configure:5397: checking if you want SIGWINCH handler
configure:5407: result: yes
configure:5414: checking if you want user-definable terminal capabilities like termcap
configure:5424: result: yes
configure:5432: checking if you want all development code
configure:5442: result: no
configure:5446: checking if you want hard-tabs code
configure:5456: result: no
configure:5462: checking if you want to use restrict environment when running as root
configure:5472: result: yes
configure:5479: checking if you want limited support for xmc
configure:5489: result: no
configure:5498: checking if you do not want to assume colors are white-on-black
configure:5508: result: yes
configure:5515: checking if you want hashmap scrolling-optimization code
configure:5525: result: yes
configure:5532: checking if you want colorfgbg code
configure:5542: result: no
configure:5548: checking if you want experimental safe-sprintf code
configure:5558: result: no
configure:5589: checking if you want experimental wide-character code
configure:5599: result: no
configure:5830: checking for terminal capabilities file
configure:5841: result: Caps
configure:5847: checking if you want to display full commands during build
configure:5863: result: yes
configure:5867: checking if you want to see compiler warnings
configure:5875: result: 
configure:5942: checking for gcc __attribute__ directives...
checking for gcc __attribute__((scanf))
configure:5983: gcc -c -O2 -fomit-frame-pointer -m68020-60 -ffast-math  conftest.c >&5
configure:5986: $? = 0
checking for gcc __attribute__((printf))
configure:5983: gcc -c -O2 -fomit-frame-pointer -m68020-60 -ffast-math  conftest.c >&5
configure:5986: $? = 0
checking for gcc __attribute__((unused))
configure:5983: gcc -c -O2 -fomit-frame-pointer -m68020-60 -ffast-math  conftest.c >&5
configure:5986: $? = 0
checking for gcc __attribute__((noreturn))
configure:5983: gcc -c -O2 -fomit-frame-pointer -m68020-60 -ffast-math  conftest.c >&5
configure:5986: $? = 0
configure:6002: checking if you want to enable runtime assertions
configure:6012: result: no
configure:6065: checking for gettimeofday
configure:6102: gcc -o conftest -O2 -fomit-frame-pointer -m68020-60 -ffast-math  -DNDEBUG -s -lm conftest.c  >&5
configure:6105: $? = 0
configure:6108: test -s conftest
configure:6111: $? = 0
configure:6121: result: yes
configure:6189: checking if -lm needed for math functions
configure:6211: gcc -o conftest -O2 -fomit-frame-pointer -m68020-60 -ffast-math  -DNDEBUG -s -lm conftest.c  >&5
configure:6214: $? = 0
configure:6217: test -s conftest
configure:6220: $? = 0
configure:6230: result: no
configure:6239: checking if we must define _GNU_SOURCE
configure:6261: gcc -c -O2 -fomit-frame-pointer -m68020-60 -ffast-math  -DNDEBUG conftest.c >&5
configure: In function `main':
configure:6253: `make' undeclared (first use in this function)
configure:6253: (Each undeclared identifier is reported only once
configure:6253: for each function it appears in.)
configure:6253: parse error before `an'
configure:6264: $? = 1
configure: failed program was:
#line 6246 "configure"
#include "confdefs.h"
#include <sys/types.h>
int
main ()
{

#ifndef _XOPEN_SOURCE
make an error
#endif
  ;
  return 0;
}
configure:6294: gcc -c -O2 -fomit-frame-pointer -m68020-60 -ffast-math  -DNDEBUG -D_GNU_SOURCE conftest.c >&5
configure:6297: $? = 0
configure:6300: test -s conftest.o
configure:6303: $? = 0
configure:6318: result: no
configure:6322: checking for ANSI C header files
configure:6336: gcc -E  -DNDEBUG conftest.c
configure:6342: $? = 0
configure:6429: gcc -o conftest -O2 -fomit-frame-pointer -m68020-60 -ffast-math  -DNDEBUG -s -lm conftest.c  >&5
configure:6432: $? = 0
configure:6434: ./conftest
configure:6437: $? = 0
configure:6450: result: yes
configure:6463: checking for dirent.h that defines DIR
configure:6484: gcc -c -O2 -fomit-frame-pointer -m68020-60 -ffast-math  -DNDEBUG conftest.c >&5
configure:6487: $? = 0
configure:6490: test -s conftest.o
configure:6493: $? = 0
configure:6503: result: yes
configure:6516: checking for opendir in -ldir
configure:6543: gcc -o conftest -O2 -fomit-frame-pointer -m68020-60 -ffast-math  -DNDEBUG -s -lm conftest.c -ldir   >&5
/gg/m68k-amigaos/bin/ld: cannot open -ldir: No such file or directory
collect2: ld returned 1 exit status
configure:6546: $? = 1
configure: failed program was:
#line 6524 "configure"
#include "confdefs.h"

/* Override any gcc2 internal prototype to avoid an error.  */
#ifdef __cplusplus
extern "C"
#endif
/* We use char because int might match the return type of a gcc2
   builtin and then its argument prototype would still apply.  */
char opendir ();
int
main ()
{
opendir ();
  ;
  return 0;
}
configure:6563: result: no
configure:6625: checking whether time.h and sys/time.h may both be included
configure:6647: gcc -c -O2 -fomit-frame-pointer -m68020-60 -ffast-math  -DNDEBUG conftest.c >&5
configure:6650: $? = 0
configure:6653: test -s conftest.o
configure:6656: $? = 0
configure:6666: result: yes
configure:6676: checking for regular-expression headers
configure:6701: gcc -o conftest -O2 -fomit-frame-pointer -m68020-60 -ffast-math  -DNDEBUG -s -lm conftest.c  >&5
configure:6704: $? = 0
configure:6707: test -s conftest
configure:6710: $? = 0
configure:6792: result: regex.h
configure:6828: checking for fcntl.h
configure:6838: gcc -E  -DNDEBUG conftest.c
configure:6844: $? = 0
configure:6863: result: yes
configure:6828: checking for getopt.h
configure:6838: gcc -E  -DNDEBUG conftest.c
configure:6835: getopt.h: No such file or directory
configure:6844: $? = 1
configure: failed program was:
#line 6834 "configure"
#include "confdefs.h"
#include <getopt.h>
configure:6863: result: no
configure:6828: checking for libc.h
configure:6838: gcc -E  -DNDEBUG conftest.c
configure:6835: libc.h: No such file or directory
configure:6844: $? = 1
configure: failed program was:
#line 6834 "configure"
#include "confdefs.h"
#include <libc.h>
configure:6863: result: no
configure:6828: checking for limits.h
configure:6838: gcc -E  -DNDEBUG conftest.c
configure:6844: $? = 0
configure:6863: result: yes
configure:6828: checking for locale.h
configure:6838: gcc -E  -DNDEBUG conftest.c
configure:6844: $? = 0
configure:6863: result: yes
configure:6828: checking for poll.h
configure:6838: gcc -E  -DNDEBUG conftest.c
configure:6835: poll.h: No such file or directory
configure:6844: $? = 1
configure: failed program was:
#line 6834 "configure"
#include "confdefs.h"
#include <poll.h>
configure:6863: result: no
configure:6828: checking for sys/bsdtypes.h
configure:6838: gcc -E  -DNDEBUG conftest.c
configure:6835: sys/bsdtypes.h: No such file or directory
configure:6844: $? = 1
configure: failed program was:
#line 6834 "configure"
#include "confdefs.h"
#include <sys/bsdtypes.h>
configure:6863: result: no
configure:6828: checking for sys/ioctl.h
configure:6838: gcc -E  -DNDEBUG conftest.c
configure:6844: $? = 0
configure:6863: result: yes
configure:6828: checking for sys/param.h
configure:6838: gcc -E  -DNDEBUG conftest.c
configure:6844: $? = 0
configure:6863: result: yes
configure:6828: checking for sys/poll.h
configure:6838: gcc -E  -DNDEBUG conftest.c
configure:6835: sys/poll.h: No such file or directory
configure:6844: $? = 1
configure: failed program was:
#line 6834 "configure"
#include "confdefs.h"
#include <sys/poll.h>
configure:6863: result: no
configure:6828: checking for sys/select.h
configure:6838: gcc -E  -DNDEBUG conftest.c
configure:6835: sys/select.h: No such file or directory
configure:6844: $? = 1
configure: failed program was:
#line 6834 "configure"
#include "confdefs.h"
#include <sys/select.h>
configure:6863: result: no
configure:6828: checking for sys/time.h
configure:6838: gcc -E  -DNDEBUG conftest.c
configure:6844: $? = 0
configure:6863: result: yes
configure:6828: checking for sys/times.h
configure:6838: gcc -E  -DNDEBUG conftest.c
configure:6844: $? = 0
configure:6863: result: yes
configure:6828: checking for ttyent.h
configure:6838: gcc -E  -DNDEBUG conftest.c
configure:6844: $? = 0
configure:6863: result: yes
configure:6828: checking for unistd.h
configure:6838: gcc -E  -DNDEBUG conftest.c
configure:6844: $? = 0
configure:6863: result: yes
configure:6982: checking if sys/time.h works with sys/select.h
configure:7009: gcc -c -O2 -fomit-frame-pointer -m68020-60 -ffast-math  -DNDEBUG conftest.c >&5
configure:7012: $? = 0
configure:7015: test -s conftest.o
configure:7018: $? = 0
configure:7030: result: yes
configure:7043: checking for gcc option to accept ANSI C
configure:7100: gcc  -c -O2 -fomit-frame-pointer -m68020-60 -ffast-math  -DNDEBUG conftest.c >&5
configure:7103: $? = 0
configure:7106: test -s conftest.o
configure:7109: $? = 0
configure:7126: result: none needed
configure:7134: checking for an ANSI C-conforming const
configure:7198: gcc -c -O2 -fomit-frame-pointer -m68020-60 -ffast-math  -DNDEBUG conftest.c >&5
configure:7201: $? = 0
configure:7204: test -s conftest.o
configure:7207: $? = 0
configure:7217: result: yes
configure:7227: checking for inline
configure:7244: gcc -c -O2 -fomit-frame-pointer -m68020-60 -ffast-math  -DNDEBUG conftest.c >&5
configure:7247: $? = 0
configure:7250: test -s conftest.o
configure:7253: $? = 0
configure:7264: result: inline
configure:7283: checking if unsigned literals are legal
configure:7302: gcc -c -O2 -fomit-frame-pointer -m68020-60 -ffast-math  -DNDEBUG conftest.c >&5
configure:7305: $? = 0
configure:7308: test -s conftest.o
configure:7311: $? = 0
configure:7323: result: yes
configure:7326: checking for type of chtype
configure:7383: gcc -o conftest -O2 -fomit-frame-pointer -m68020-60 -ffast-math  -DNDEBUG -s -lm conftest.c  >&5
configure:7386: $? = 0
configure:7388: ./conftest
configure:7391: $? = 0
configure:7406: result: long
configure:7419: checking if external errno is declared
configure:7444: gcc -c -O2 -fomit-frame-pointer -m68020-60 -ffast-math  -DNDEBUG conftest.c >&5
configure:7447: $? = 0
configure:7450: test -s conftest.o
configure:7453: $? = 0
configure:7464: result: yes
configure:7479: checking if external errno exists
configure:7501: gcc -o conftest -O2 -fomit-frame-pointer -m68020-60 -ffast-math  -DNDEBUG -s -lm conftest.c  >&5
configure:7504: $? = 0
configure:7507: test -s conftest
configure:7510: $? = 0
configure:7521: result: yes
configure:7534: checking if data-only library module links
configure:7545: gcc -c -O2 -fomit-frame-pointer -m68020-60 -ffast-math  -DNDEBUG conftest.c >&5
configure:7548: $? = 0
configure:7568: gcc -c -O2 -fomit-frame-pointer -m68020-60 -ffast-math  -DNDEBUG conftest.c >&5
configure:7571: $? = 0
./configure: conftest.a: not found
configure:7595: gcc -o conftest -O2 -fomit-frame-pointer -m68020-60 -ffast-math  -DNDEBUG -s -lm conftest.c conftest.a  >&5
configure:7598: $? = 0
configure:7600: ./conftest
configure:7603: $? = 0
configure:7618: result: yes
configure:7655: checking for getcwd
configure:7692: gcc -o conftest -O2 -fomit-frame-pointer -m68020-60 -ffast-math  -DNDEBUG -s -lm conftest.c  >&5
configure:7695: $? = 0
configure:7698: test -s conftest
configure:7701: $? = 0
configure:7711: result: yes
configure:7655: checking for getegid
configure:7692: gcc -o conftest -O2 -fomit-frame-pointer -m68020-60 -ffast-math  -DNDEBUG -s -lm conftest.c  >&5
configure:7695: $? = 0
configure:7698: test -s conftest
configure:7701: $? = 0
configure:7711: result: yes
configure:7655: checking for geteuid
configure:7692: gcc -o conftest -O2 -fomit-frame-pointer -m68020-60 -ffast-math  -DNDEBUG -s -lm conftest.c  >&5
configure:7695: $? = 0
configure:7698: test -s conftest
configure:7701: $? = 0
configure:7711: result: yes
configure:7655: checking for getttynam
configure:7692: gcc -o conftest -O2 -fomit-frame-pointer -m68020-60 -ffast-math  -DNDEBUG -s -lm conftest.c  >&5
configure:7695: $? = 0
configure:7698: test -s conftest
configure:7701: $? = 0
configure:7711: result: yes
configure:7655: checking for issetugid
configure:7692: gcc -o conftest -O2 -fomit-frame-pointer -m68020-60 -ffast-math  -DNDEBUG -s -lm conftest.c  >&5
/t/ccDTYi8T.o(.text+0x8): undefined reference to `issetugid'
collect2: ld returned 1 exit status
configure:7695: $? = 1
configure: failed program was:
#line 7661 "configure"
#include "confdefs.h"
/* System header to define __stub macros and hopefully few prototypes,
    which can conflict with char issetugid (); below.  */
#include <assert.h>
/* Override any gcc2 internal prototype to avoid an error.  */
#ifdef __cplusplus
extern "C"
#endif
/* We use char because int might match the return type of a gcc2
   builtin and then its argument prototype would still apply.  */
char issetugid ();
char (*f) ();

int
main ()
{
/* The GNU C library defines this for functions which it implements
    to always fail with ENOSYS.  Some functions are actually named
    something starting with __ and the normal name is an alias.  */
#if defined (__stub_issetugid) || defined (__stub___issetugid)
choke me
#else
f = issetugid;
#endif

  ;
  return 0;
}
configure:7711: result: no
configure:7655: checking for memccpy
configure:7692: gcc -o conftest -O2 -fomit-frame-pointer -m68020-60 -ffast-math  -DNDEBUG -s -lm conftest.c  >&5
configure:7695: $? = 0
configure:7698: test -s conftest
configure:7701: $? = 0
configure:7711: result: yes
configure:7655: checking for nanosleep
configure:7692: gcc -o conftest -O2 -fomit-frame-pointer -m68020-60 -ffast-math  -DNDEBUG -s -lm conftest.c  >&5
/t/ccMJpzkP.o(.text+0x8): undefined reference to `nanosleep'
collect2: ld returned 1 exit status
configure:7695: $? = 1
configure: failed program was:
#line 7661 "configure"
#include "confdefs.h"
/* System header to define __stub macros and hopefully few prototypes,
    which can conflict with char nanosleep (); below.  */
#include <assert.h>
/* Override any gcc2 internal prototype to avoid an error.  */
#ifdef __cplusplus
extern "C"
#endif
/* We use char because int might match the return type of a gcc2
   builtin and then its argument prototype would still apply.  */
char nanosleep ();
char (*f) ();

int
main ()
{
/* The GNU C library defines this for functions which it implements
    to always fail with ENOSYS.  Some functions are actually named
    something starting with __ and the normal name is an alias.  */
#if defined (__stub_nanosleep) || defined (__stub___nanosleep)
choke me
#else
f = nanosleep;
#endif

  ;
  return 0;
}
configure:7711: result: no
configure:7655: checking for poll
configure:7692: gcc -o conftest -O2 -fomit-frame-pointer -m68020-60 -ffast-math  -DNDEBUG -s -lm conftest.c  >&5
/t/cctGv5RC.o(.text+0x8): undefined reference to `poll'
collect2: ld returned 1 exit status
configure:7695: $? = 1
configure: failed program was:
#line 7661 "configure"
#include "confdefs.h"
/* System header to define __stub macros and hopefully few prototypes,
    which can conflict with char poll (); below.  */
#include <assert.h>
/* Override any gcc2 internal prototype to avoid an error.  */
#ifdef __cplusplus
extern "C"
#endif
/* We use char because int might match the return type of a gcc2
   builtin and then its argument prototype would still apply.  */
char poll ();
char (*f) ();

int
main ()
{
/* The GNU C library defines this for functions which it implements
    to always fail with ENOSYS.  Some functions are actually named
    something starting with __ and the normal name is an alias.  */
#if defined (__stub_poll) || defined (__stub___poll)
choke me
#else
f = poll;
#endif

  ;
  return 0;
}
configure:7711: result: no
configure:7655: checking for remove
configure:7711: result: yes
configure:7655: checking for select
configure:7692: gcc -o conftest -O2 -fomit-frame-pointer -m68020-60 -ffast-math  -DNDEBUG -s -lm conftest.c  >&5
configure:7695: $? = 0
configure:7698: test -s conftest
configure:7701: $? = 0
configure:7711: result: yes
configure:7655: checking for setbuf
configure:7692: gcc -o conftest -O2 -fomit-frame-pointer -m68020-60 -ffast-math  -DNDEBUG -s -lm conftest.c  >&5
configure:7695: $? = 0
configure:7698: test -s conftest
configure:7701: $? = 0
configure:7711: result: yes
configure:7655: checking for setbuffer
configure:7692: gcc -o conftest -O2 -fomit-frame-pointer -m68020-60 -ffast-math  -DNDEBUG -s -lm conftest.c  >&5
configure:7695: $? = 0
configure:7698: test -s conftest
configure:7701: $? = 0
configure:7711: result: yes
configure:7655: checking for setvbuf
configure:7692: gcc -o conftest -O2 -fomit-frame-pointer -m68020-60 -ffast-math  -DNDEBUG -s -lm conftest.c  >&5
configure:7695: $? = 0
configure:7698: test -s conftest
configure:7701: $? = 0
configure:7711: result: yes
configure:7655: checking for sigaction
configure:7692: gcc -o conftest -O2 -fomit-frame-pointer -m68020-60 -ffast-math  -DNDEBUG -s -lm conftest.c  >&5
configure:7695: $? = 0
configure:7698: test -s conftest
configure:7701: $? = 0
configure:7711: result: yes
configure:7655: checking for sigvec
configure:7692: gcc -o conftest -O2 -fomit-frame-pointer -m68020-60 -ffast-math  -DNDEBUG -s -lm conftest.c  >&5
configure:7695: $? = 0
configure:7698: test -s conftest
configure:7701: $? = 0
configure:7711: result: yes
configure:7655: checking for strdup
configure:7692: gcc -o conftest -O2 -fomit-frame-pointer -m68020-60 -ffast-math  -DNDEBUG -s -lm conftest.c  >&5
configure:7695: $? = 0
configure:7698: test -s conftest
configure:7701: $? = 0
configure:7711: result: yes
configure:7655: checking for strstr
configure:7692: gcc -o conftest -O2 -fomit-frame-pointer -m68020-60 -ffast-math  -DNDEBUG -s -lm conftest.c  >&5
configure:7695: $? = 0
configure:7698: test -s conftest
configure:7701: $? = 0
configure:7711: result: yes
configure:7655: checking for tcgetpgrp
configure:7692: gcc -o conftest -O2 -fomit-frame-pointer -m68020-60 -ffast-math  -DNDEBUG -s -lm conftest.c  >&5
configure:7695: $? = 0
configure:7698: test -s conftest
configure:7701: $? = 0
configure:7711: result: yes
configure:7655: checking for times
configure:7692: gcc -o conftest -O2 -fomit-frame-pointer -m68020-60 -ffast-math  -DNDEBUG -s -lm conftest.c  >&5
configure:7695: $? = 0
configure:7698: test -s conftest
configure:7701: $? = 0
configure:7711: result: yes
configure:7655: checking for vsnprintf
configure:7692: gcc -o conftest -O2 -fomit-frame-pointer -m68020-60 -ffast-math  -DNDEBUG -s -lm conftest.c  >&5
configure:7695: $? = 0
configure:7698: test -s conftest
configure:7701: $? = 0
configure:7711: result: yes
configure:7779: checking for isascii
configure:7798: gcc -o conftest -O2 -fomit-frame-pointer -m68020-60 -ffast-math  -DNDEBUG -s -lm conftest.c  >&5
configure:7801: $? = 0
configure:7804: test -s conftest
configure:7807: $? = 0
configure:7818: result: yes
configure:7825: checking whether sigaction needs _POSIX_SOURCE
configure:7842: gcc -c -O2 -fomit-frame-pointer -m68020-60 -ffast-math  -DNDEBUG conftest.c >&5
configure:7845: $? = 0
configure:7848: test -s conftest.o
configure:7851: $? = 0
configure:7898: result: no
configure:7909: checking for termio.h
configure:7919: gcc -E  -DNDEBUG conftest.c
configure:7916: termio.h: No such file or directory
configure:7925: $? = 1
configure: failed program was:
#line 7915 "configure"
#include "confdefs.h"
#include <termio.h>
configure:7944: result: no
configure:7909: checking for termios.h
configure:7919: gcc -E  -DNDEBUG conftest.c
configure:7925: $? = 0
configure:7944: result: yes
configure:7909: checking for unistd.h
configure:7944: result: yes
configure:8012: checking whether termios.h needs _POSIX_SOURCE
configure:8027: gcc -c -O2 -fomit-frame-pointer -m68020-60 -ffast-math  -DNDEBUG conftest.c >&5
configure:8030: $? = 0
configure:8033: test -s conftest.o
configure:8036: $? = 0
configure:8082: result: no
configure:8087: checking for tcgetattr
configure:8122: gcc -o conftest -O2 -fomit-frame-pointer -m68020-60 -ffast-math  -DNDEBUG -s -lm conftest.c  >&5
configure:8125: $? = 0
configure:8128: test -s conftest
configure:8131: $? = 0
configure:8141: result: yes
configure:8147: checking for vsscanf function or workaround
configure:8170: gcc -o conftest -O2 -fomit-frame-pointer -m68020-60 -ffast-math  -DNDEBUG -s -lm conftest.c  >&5
configure:8173: $? = 0
configure:8176: test -s conftest
configure:8179: $? = 0
configure:8272: result: vsscanf
configure:8290: checking for working mkstemp
configure:8397: gcc -o conftest -O2 -fomit-frame-pointer -m68020-60 -ffast-math  -DNDEBUG -s -lm conftest.c  >&5
configure:8400: $? = 0
configure:8402: ./conftest
configure:8405: $? = 0
configure:8420: result: yes
configure:8440: checking whether setvbuf arguments are reversed
configure:8468: gcc -o conftest -O2 -fomit-frame-pointer -m68020-60 -ffast-math  -DNDEBUG -s -lm conftest.c  >&5
configure: In function `main':
configure:8460: warning: passing arg 2 of `setvbuf' makes pointer from integer without a cast
configure:8460: warning: passing arg 3 of `setvbuf' makes integer from pointer without a cast
configure:8471: $? = 0
configure:8473: ./conftest
configure:8476: $? = 1
configure: program exited with status 1
configure: failed program was:
#line 8451 "configure"
#include "confdefs.h"
#include <stdio.h>
/* If setvbuf has the reversed format, exit 0. */
int
main ()
{
  /* This call has the arguments reversed.
     A reversed system may check and see that the address of main
     is not _IOLBF, _IONBF, or _IOFBF, and return nonzero.  */
  if (setvbuf(stdout, _IOLBF, (char *) main, BUFSIZ) != 0)
    exit(1);
  putc('\r', stdout);
  exit(0);			/* Non-reversed systems segv here.  */
}
configure:8489: result: no
configure:8500: checking return type of signal handlers
configure:8528: gcc -c -O2 -fomit-frame-pointer -m68020-60 -ffast-math  -DNDEBUG conftest.c >&5
configure:8531: $? = 0
configure:8534: test -s conftest.o
configure:8537: $? = 0
configure:8547: result: void
configure:8554: checking for type sigaction_t
configure:8574: gcc -c -O2 -fomit-frame-pointer -m68020-60 -ffast-math  -DNDEBUG conftest.c >&5
configure: In function `main':
configure:8567: `sigaction_t' undeclared (first use in this function)
configure:8567: (Each undeclared identifier is reported only once
configure:8567: for each function it appears in.)
configure:8567: parse error before `x'
configure:8577: $? = 1
configure: failed program was:
#line 8561 "configure"
#include "confdefs.h"

#include <signal.h>
int
main ()
{
sigaction_t x
  ;
  return 0;
}
configure:8594: result: no
configure:8600: checking declaration of size-change
configure:8659: gcc -c -O2 -fomit-frame-pointer -m68020-60 -ffast-math  -DNDEBUG conftest.c >&5
configure:8662: $? = 0
configure:8665: test -s conftest.o
configure:8668: $? = 0
size-change succeeded ()
configure:8687: result: yes
configure:8704: checking for memmove
configure:8741: gcc -o conftest -O2 -fomit-frame-pointer -m68020-60 -ffast-math  -DNDEBUG -s -lm conftest.c  >&5
configure:8744: $? = 0
configure:8747: test -s conftest
configure:8750: $? = 0
configure:8760: result: yes
configure:8892: checking if poll really works
configure:8923: gcc -o conftest -O2 -fomit-frame-pointer -m68020-60 -ffast-math  -DNDEBUG -s -lm conftest.c  >&5
configure:8908: sys/poll.h: No such file or directory
configure:8926: $? = 1
configure: program exited with status 1
configure: failed program was:
#line 8902 "configure"
#include "confdefs.h"

#include <stdio.h>
#ifdef HAVE_POLL_H
#include <poll.h>
#else
#include <sys/poll.h>
#endif
int main() {
	struct pollfd myfds;
	int ret;

	myfds.fd = 0;
	myfds.events = POLLIN;

	ret = poll(&myfds, 1, 100);
	exit(ret != 0);
}
configure:8943: result: no
configure:8954: checking for stdbool.h
configure:8964: gcc -E  -DNDEBUG conftest.c
configure:8970: $? = 0
configure:8989: result: yes
configure:8997: checking for builtin bool type
configure:9019: gcc -c -O2 -fomit-frame-pointer -m68020-60 -ffast-math  -DNDEBUG conftest.c >&5
configure: In function `main':
configure:9012: `bool' undeclared (first use in this function)
configure:9012: (Each undeclared identifier is reported only once
configure:9012: for each function it appears in.)
configure:9012: parse error before `x'
configure:9022: $? = 1
configure: failed program was:
#line 9004 "configure"
#include "confdefs.h"

#include <stdio.h>
#include <sys/types.h>

int
main ()
{
bool x = false
  ;
  return 0;
}
configure:9043: result: no
configure:9063: checking for library stdc++
configure:9088: g++ -o conftest -g -O2  -DNDEBUG -s -lm conftest.cc  -lstdc++ >&5
/t/ccnVPWIm.o: In function `main':
/gg/lib/gcc-lib/m68k-amigaos/2.95.3/../../../../include/g++-3/strstream.h:56: undefined reference to `strstreambuf virtual table'
/t/ccnVPWIm.o: In function `main':
/Work/Prog/Source/ncurses-5.3/configure:9082: undefined reference to `strstreambuf::~strstreambuf(void)'
/t/ccnVPWIm.o: In function `main':
/gg/lib/gcc-lib/m68k-amigaos/2.95.3/../../../../include/g++-3/strstream.h:56: undefined reference to `streambuf::streambuf(int)'
/gg/lib/gcc-lib/m68k-amigaos/2.95.3/../../../../include/g++-3/strstream.h:56: undefined reference to `strstreambuf::init_static(char *, int, char *)'
/gg/lib/gcc-lib/m68k-amigaos/2.95.3/../../../../include/g++-3/strstream.h:56: undefined reference to `streambuf::~streambuf(void)'
/t/ccnVPWIm.o: In function `main':
/Work/Prog/Source/ncurses-5.3/configure:9083: undefined reference to `strstreambuf::~strstreambuf(void)'
collect2: ld returned 1 exit status
configure:9091: $? = 1
configure: failed program was:
#line 9072 "configure"
#include "confdefs.h"

#include <strstream.h>
int
main ()
{

char buf[80];
strstreambuf foo(buf, sizeof(buf))

  ;
  return 0;
}
configure:9109: result: no
configure:9232: checking how to run the C++ preprocessor
configure:9254: g++ -E  -DNDEBUG conftest.cc
configure:9260: $? = 0
configure:9287: g++ -E  -DNDEBUG conftest.cc
configure:9284: ac_nonexistent.h: No such file or directory
configure:9293: $? = 1
configure: failed program was:
#line 9283 "configure"
#include "confdefs.h"
#include <ac_nonexistent.h>
configure:9330: result: g++ -E
configure:9345: g++ -E  -DNDEBUG conftest.cc
configure:9351: $? = 0
configure:9378: g++ -E  -DNDEBUG conftest.cc
configure:9375: ac_nonexistent.h: No such file or directory
configure:9384: $? = 1
configure: failed program was:
#line 9374 "configure"
#include "confdefs.h"
#include <ac_nonexistent.h>
configure:9426: checking for typeinfo
configure:9436: g++ -E  -DNDEBUG conftest.cc
configure:9442: $? = 0
configure:9461: result: yes
configure:9471: checking for stdbool.h
configure:9506: result: yes
configure:9514: checking for builtin bool type
configure:9536: g++ -c -g -O2  -DNDEBUG conftest.cc >&5
configure:9539: $? = 0
configure:9542: test -s conftest.o
configure:9545: $? = 0
configure:9558: result: yes
configure:9564: checking for size of bool
configure:9617: g++ -o conftest -g -O2  -DNDEBUG -s -lm conftest.cc  >&5
configure:9620: $? = 0
configure:9622: ./conftest
configure:9625: $? = 0
configure:9643: result: unsigned char
configure:9654: checking for special defines needed for etip.h
configure:9680: g++ -c -g -O2 -I./c++ -I./menu  -DNDEBUG conftest.cc >&5
In file included from configure:9668:
c++/etip.h.in:120: ncurses_dll.h: No such file or directory
configure:9683: $? = 1
configure: failed program was:
#line 9666 "configure"
#include "confdefs.h"

#include <etip.h.in>

int
main ()
{

  ;
  return 0;
}
configure:9680: g++ -c -g -O2 -I./c++ -I./menu -DETIP_NEEDS_MATH_EXCEPTION  -DNDEBUG conftest.cc >&5
In file included from configure:9668:
c++/etip.h.in:120: ncurses_dll.h: No such file or directory
configure:9683: $? = 1
configure: failed program was:
#line 9666 "configure"
#include "confdefs.h"

#include <etip.h.in>

int
main ()
{

  ;
  return 0;
}
configure:9680: g++ -c -g -O2 -I./c++ -I./menu -DETIP_NEEDS_MATH_H  -DNDEBUG conftest.cc >&5
In file included from configure:9668:
c++/etip.h.in:120: ncurses_dll.h: No such file or directory
configure:9683: $? = 1
configure: failed program was:
#line 9666 "configure"
#include "confdefs.h"

#include <etip.h.in>

int
main ()
{

  ;
  return 0;
}
configure:9680: g++ -c -g -O2 -I./c++ -I./menu -DETIP_NEEDS_MATH_H -DETIP_NEEDS_MATH_EXCEPTION  -DNDEBUG conftest.cc >&5
In file included from configure:9668:
c++/etip.h.in:120: ncurses_dll.h: No such file or directory
configure:9683: $? = 1
configure: failed program was:
#line 9666 "configure"
#include "confdefs.h"

#include <etip.h.in>

int
main ()
{

  ;
  return 0;
}
configure:9710: result: none
configure:9715: checking if g++ accepts parameter initialization
configure:9750: g++ -o conftest -g -O2  -DNDEBUG -s -lm conftest.cc  >&5
configure:9753: $? = 0
configure:9755: ./conftest
configure:9758: $? = 0
configure:9776: result: yes
configure:9794: checking for strstream.h
configure:9804: g++ -E  -DNDEBUG conftest.cc
configure:9810: $? = 0
configure:9829: result: yes
configure:9839: checking if g++ supports vscan function
configure:9898: g++ -o conftest -g -O2  -DNDEBUG -s -lm conftest.cc  >&5
/t/ccRn1uP5.o: In function `scanw(char const *,...)':
/gg/lib/gcc-lib/m68k-amigaos/2.95.3/../../../../include/g++-3/strstream.h:56: undefined reference to `strstreambuf virtual table'
/t/ccRn1uP5.o: In function `scanw(char const *,...)':
/Work/Prog/Source/ncurses-5.3/configure:9874: undefined reference to `strstreambuf::~strstreambuf(void)'
/t/ccRn1uP5.o: In function `scanw(char const *,...)':
/gg/lib/gcc-lib/m68k-amigaos/2.95.3/../../../../include/g++-3/strstream.h:56: undefined reference to `streambuf::streambuf(int)'
/gg/lib/gcc-lib/m68k-amigaos/2.95.3/../../../../include/g++-3/strstream.h:56: undefined reference to `strstreambuf::init_static(char *, int, char *)'
/gg/lib/gcc-lib/m68k-amigaos/2.95.3/../../../../include/g++-3/strstream.h:56: undefined reference to `streambuf::~streambuf(void)'
/t/ccRn1uP5.o: In function `scanw(char const *,...)':
/Work/Prog/Source/ncurses-5.3/configure:9875: undefined reference to `streambuf::vscan(char const *, void *, ios *)'
/Work/Prog/Source/ncurses-5.3/configure:9885: undefined reference to `strstreambuf::~strstreambuf(void)'
collect2: ld returned 1 exit status
configure:9901: $? = 1
configure: failed program was:
#line 9853 "configure"
#include "confdefs.h"

#include <stdio.h>
#include <stdarg.h>
#define USE_STRSTREAM_VSCAN 1
#if defined(USE_STDIO_VSCAN)
#elif defined(HAVE_STRSTREAM_H) && defined(USE_STRSTREAM_VSCAN)
#include <strstream.h>
#endif

int scanw(const char* fmt, ...)
{
    int result = -1;
    char buf[BUFSIZ];

    va_list args;
    va_start(args, fmt);
#if defined(USE_STDIO_VSCAN)
    if (::vsscanf(buf, fmt, args) != -1)
	result = 0;
#elif defined(USE_STRSTREAM_VSCAN)
    strstreambuf ss(buf, sizeof(buf));
    if (ss.vscan(fmt, args) != -1)
	result = 0;
#elif defined(USE_STRSTREAM_VSCAN_CAST)
    strstreambuf ss(buf, sizeof(buf));
    if (ss.vscan(fmt, (_IO_va_list)args) != -1)
	result = 0;
#else
#error case strstream failed
#endif
    va_end(args);
    return result;
}

int
main ()
{
int tmp, foo = scanw("%d", &tmp)
  ;
  return 0;
}
configure:9898: g++ -o conftest -g -O2  -DNDEBUG -s -lm conftest.cc  >&5
configure: In function `int scanw(const char *, ...)':
configure:9878: `strstreambuf' undeclared (first use this function)
configure:9878: (Each undeclared identifier is reported only once
configure:9878: for each function it appears in.)
configure:9878: parse error before `('
configure:9879: `ss' undeclared (first use this function)
configure:9879: `_IO_va_list' undeclared (first use this function)
configure:9879: parse error before `)'
configure:9886: confused by earlier errors, bailing out
configure:9901: $? = 1
configure: failed program was:
#line 9853 "configure"
#include "confdefs.h"

#include <stdio.h>
#include <stdarg.h>
#define USE_STRSTREAM_VSCAN_CAST 1
#if defined(USE_STDIO_VSCAN)
#elif defined(HAVE_STRSTREAM_H) && defined(USE_STRSTREAM_VSCAN)
#include <strstream.h>
#endif

int scanw(const char* fmt, ...)
{
    int result = -1;
    char buf[BUFSIZ];

    va_list args;
    va_start(args, fmt);
#if defined(USE_STDIO_VSCAN)
    if (::vsscanf(buf, fmt, args) != -1)
	result = 0;
#elif defined(USE_STRSTREAM_VSCAN)
    strstreambuf ss(buf, sizeof(buf));
    if (ss.vscan(fmt, args) != -1)
	result = 0;
#elif defined(USE_STRSTREAM_VSCAN_CAST)
    strstreambuf ss(buf, sizeof(buf));
    if (ss.vscan(fmt, (_IO_va_list)args) != -1)
	result = 0;
#else
#error case strstream_cast failed
#endif
    va_end(args);
    return result;
}

int
main ()
{
int tmp, foo = scanw("%d", &tmp)
  ;
  return 0;
}
configure:9898: g++ -o conftest -g -O2  -DNDEBUG -s -lm conftest.cc  >&5
configure: In function `int scanw(const char *, ...)':
configure:9871: ANSI C++ forbids implicit conversion from `void *' in argument passing
configure:9901: $? = 1
configure: failed program was:
#line 9853 "configure"
#include "confdefs.h"

#include <stdio.h>
#include <stdarg.h>
#define USE_STDIO_VSCAN 1
#if defined(USE_STDIO_VSCAN)
#elif defined(HAVE_STRSTREAM_H) && defined(USE_STRSTREAM_VSCAN)
#include <strstream.h>
#endif

int scanw(const char* fmt, ...)
{
    int result = -1;
    char buf[BUFSIZ];

    va_list args;
    va_start(args, fmt);
#if defined(USE_STDIO_VSCAN)
    if (::vsscanf(buf, fmt, args) != -1)
	result = 0;
#elif defined(USE_STRSTREAM_VSCAN)
    strstreambuf ss(buf, sizeof(buf));
    if (ss.vscan(fmt, args) != -1)
	result = 0;
#elif defined(USE_STRSTREAM_VSCAN_CAST)
    strstreambuf ss(buf, sizeof(buf));
    if (ss.vscan(fmt, (_IO_va_list)args) != -1)
	result = 0;
#else
#error case stdio failed
#endif
    va_end(args);
    return result;
}

int
main ()
{
int tmp, foo = scanw("%d", &tmp)
  ;
  return 0;
}
configure:9920: result: no
configure:10109: checking for gnatmake
configure:10133: result: no
configure:10336: checking for library subsets
configure:10346: result: termlib+base+ext_funcs
configure:10393: checking default library suffix
configure:10404: result: 
configure:10407: checking default library-dependency suffix
configure:10431: result: .a
configure:10434: checking default object directory
configure:10450: result: objects
configure:10454: checking c++ library-dependency suffix
configure:10475: result: .a
configure:10481: checking where we will install curses.h
configure:10486: result: $(prefix)/include/ncurses
configure:10515: checking for src modules
configure:10575: result: ncurses progs tack panel menu form
configure:10728: creating ./config.status

## ----------------------- ##
## Running config.status.  ##
## ----------------------- ##

This file was extended by config.status 2.52.20011227, executed with
  CONFIG_FILES    = 
  CONFIG_HEADERS  = 
  CONFIG_LINKS    = 
  CONFIG_COMMANDS = 
  > ./config.status 
on localhost

config.status:11329: creating include/MKterm.h.awk
config.status:11329: creating include/curses.head
config.status:11329: creating include/termcap.h
config.status:11329: creating include/unctrl.h
config.status:11329: creating misc/run_tic.sh
config.status:11329: creating man/Makefile
config.status:11329: creating include/Makefile
config.status:11329: creating ncurses/Makefile
config.status:11329: creating progs/Makefile
config.status:11329: creating tack/Makefile
config.status:11329: creating panel/Makefile
config.status:11329: creating menu/Makefile
config.status:11329: creating form/Makefile
config.status:11329: creating test/Makefile
config.status:11329: creating misc/Makefile
config.status:11329: creating c++/Makefile
config.status:11329: creating Makefile
config.status:11426: creating include/ncurses_cfg.h

## ----------------- ##
## Cache variables.  ##
## ----------------- ##

ac_cv_build=m68k-unknown-amigaos
ac_cv_build_alias=amigaos
ac_cv_c_compiler_gnu=yes
ac_cv_c_const=yes
ac_cv_c_inline=inline
ac_cv_cxx_compiler_gnu=yes
ac_cv_env_CC_set=
ac_cv_env_CC_value=
ac_cv_env_CFLAGS_set=set
ac_cv_env_CFLAGS_value='-O2 -fomit-frame-pointer -m68020-60 -ffast-math'
ac_cv_env_CPPFLAGS_set=
ac_cv_env_CPPFLAGS_value=
ac_cv_env_CPP_set=
ac_cv_env_CPP_value=
ac_cv_env_CXXCPP_set=
ac_cv_env_CXXCPP_value=
ac_cv_env_CXXFLAGS_set=
ac_cv_env_CXXFLAGS_value=
ac_cv_env_CXX_set=
ac_cv_env_CXX_value=
ac_cv_env_LDFLAGS_set=set
ac_cv_env_LDFLAGS_value='-s -lm'
ac_cv_env_build_alias_set=set
ac_cv_env_build_alias_value=amigaos
ac_cv_env_host_alias_set=
ac_cv_env_host_alias_value=
ac_cv_env_target_alias_set=
ac_cv_env_target_alias_value=
ac_cv_func_getcwd=yes
ac_cv_func_getegid=yes
ac_cv_func_geteuid=yes
ac_cv_func_gettimeofday=yes
ac_cv_func_getttynam=yes
ac_cv_func_issetugid=no
ac_cv_func_link=yes
ac_cv_funcsmemccpy=yes
ac_cv_func_memmove=yes
ac_cv_func_nanosleep=no
ac_cv_func_poll=no
ac_cv_func_remove=yes
ac_cv_func_select=yes
ac_cv_func_setbuf=yes
ac_cv_func_setbuffer=yes
ac_cv_func_setvbuf=yes
ac_cv_func_setvbuf_reversed=no
ac_cv_func_sigaction=yes
ac_cv_func_sigvec=yes
ac_cv_func_strdup=yes
ac_cv_func_strstr=yes
ac_cv_func_symlink=yes
ac_cv_func_tcgetpgrp=yes
ac_cv_func_times=yes
ac_cv_func_unlink=yes
ac_cv_func_vsnprintf=yes
ac_cv_header_dirent_dirent_h=yes
ac_cv_header_fcntl_h=yes
ac_cv_header_getopt_h=no
ac_cv_header_libc_h=no
ac_cv_header_limits_h=yes
ac_cv_header_locale_h=yes
ac_cv_header_poll_h=no
ac_cv_header_stdbool_h=yes
ac_cv_header_stdc=yes
ac_cv_header_strstream_h=yes
ac_cv_header_sys_bsdtypes_h=no
ac_cv_header_sys_ioctl_h=yes
ac_cv_header_sys_param_h=yes
ac_cv_header_sys_poll_h=no
ac_cv_header_sys_select_h=no
ac_cv_header_sys_time_h=yes
ac_cv_header_sys_times_h=yes
ac_cv_header_termio_h=no
ac_cv_header_termios_h=yes
ac_cv_header_time=yes
ac_cv_header_ttyent_h=yes
ac_cv_header_typeinfo=yes
ac_cv_header_unistd_h=yes
ac_cv_host=m68k-unknown-amigaos
ac_cv_host_alias=amigaos
ac_cv_lib_dir_opendir=no
ac_cv_objext=o
ac_cv_path_install='/bin/install -c'
ac_cv_prog_AWK=gawk
ac_cv_prog_CPP='gcc -E'
ac_cv_prog_CXXCPP='g++ -E'
ac_cv_prog_MAKE_LOWER_TAGS=yes
ac_cv_prog_MAN=man
ac_cv_prog_ac_ct_CC=gcc
ac_cv_prog_ac_ct_CXX=g++
ac_cv_prog_ac_ct_RANLIB=ranlib
ac_cv_prog_cc_g=yes
ac_cv_prog_cc_stdc=
ac_cv_prog_cxx_g=yes
ac_cv_prog_gcc_traditional=no
ac_cv_prog_gnat_exists=no
ac_cv_prog_make_make_set=yes
ac_cv_sys_long_file_names=yes
ac_cv_target=m68k-unknown-amigaos
ac_cv_target_alias=amigaos
ac_cv_type_signal=void
cf_cv_1UL=1UL
cf_cv_abi_version=5
cf_cv_ansi_cc=-DCC_HAS_PROTOS
cf_cv_builtin_bool=1
cf_cv_cc_bool_type=0
cf_cv_cpp_param_init=yes
cf_cv_cpp_vscan_func=no
cf_cv_dcl_errno=yes
cf_cv_do_symlinks=no
cf_cv_func_mkstemp=yes
cf_cv_func_vsscanf=vsscanf
cf_cv_gnu_source=no
cf_cv_have_errno=yes
cf_cv_have_isascii=yes
cf_cv_have_tcgetattr=yes
cf_cv_header_stdbool_h=1
cf_cv_ld_rpath=no
cf_cv_libstdcpp=no
cf_cv_link_dataonly=yes
cf_cv_link_funcs=' link symlink'
cf_cv_makeflags=
cf_cv_mixedcase=no
cf_cv_need_libm=no
cf_cv_regex=regex.h
cf_cv_rel_version=5.3
cf_cv_rm_so_locs=no
cf_cv_shlib_version=auto
cf_cv_shlib_version_infix=no
cf_cv_sizechange=yes
cf_cv_src_modules='ncurses progs tack panel menu form'
cf_cv_subst_AR=ar
cf_cv_subst_AR_OPTS=rv
cf_cv_subst_LD=ld
cf_cv_sys_time_select=yes
cf_cv_system_name=amigaos
cf_cv_timestamp='Thu Oct 24 13:46:53 GMT 2002'
cf_cv_type_of_bool='unsigned char'
cf_cv_type_sigaction=no
cf_cv_typeof_chtype=long
cf_cv_unsigned_literals=yes
cf_cv_working_poll=no

## ------------ ##
## confdefs.h.  ##
## ------------ ##

#define SYSTEM_NAME "amigaos"
#define CC_HAS_PROTOS 1
#define HAVE_LONG_FILE_NAMES 1
#define USE_DATABASE 1
#define TERMINFO_DIRS "/gg/share/terminfo"
#define TERMINFO "/gg/share/terminfo"
#define HAVE_BIG_CORE 1
#define USE_TERMCAP 1
#define TERMPATH "/etc/termcap:/usr/share/misc/termcap"
#define HAVE_REMOVE 1
#define HAVE_UNLINK 1
#define HAVE_LINK 1
#define HAVE_SYMLINK 1
#define HAVE_CURSES_VERSION 1
#define HAVE_HAS_KEY 1
#define HAVE_RESIZETERM 1
#define HAVE_USE_DEFAULT_COLORS 1
#define HAVE_WRESIZE 1
#define NCURSES_EXT_FUNCS 1
#define NCURSES_NO_PADDING 1
#define USE_SIGWINCH 1
#define USE_ROOT_ENVIRON 1
#define USE_ASSUMED_COLOR 1
#define USE_HASHMAP 1
#define GCC_SCANF 1
#define GCC_PRINTF 1
#define GCC_UNUSED __attribute__((unused))
#define GCC_NORETURN __attribute__((noreturn))
#define NDEBUG 1
#define HAVE_NC_ALLOC_H 1
#define HAVE_GETTIMEOFDAY 1
#define STDC_HEADERS 1
#define HAVE_DIRENT_H 1
#define TIME_WITH_SYS_TIME 1
#define HAVE_REGEX_H_FUNCS 1
#define HAVE_FCNTL_H 1
#define HAVE_LIMITS_H 1
#define HAVE_LOCALE_H 1
#define HAVE_SYS_IOCTL_H 1
#define HAVE_SYS_PARAM_H 1
#define HAVE_SYS_TIME_H 1
#define HAVE_SYS_TIMES_H 1
#define HAVE_TTYENT_H 1
#define HAVE_UNISTD_H 1
#define HAVE_SYS_TIME_SELECT 1
#define CC_HAS_INLINE_FUNCS 1
#define TYPEOF_CHTYPE long
#define HAVE_ERRNO 1
#define HAVE_GETCWD 1
#define HAVE_GETEGID 1
#define HAVE_GETEUID 1
#define HAVE_GETTTYNAM 1
#define HAVE_MEMCCPY 1
#define HAVE_REMOVE 1
#define HAVE_SELECT 1
#define HAVE_SETBUF 1
#define HAVE_SETBUFFER 1
#define HAVE_SETVBUF 1
#define HAVE_SIGACTION 1
#define HAVE_SIGVEC 1
#define HAVE_STRDUP 1
#define HAVE_STRSTR 1
#define HAVE_TCGETPGRP 1
#define HAVE_TIMES 1
#define HAVE_VSNPRINTF 1
#define HAVE_ISASCII 1
#define HAVE_TERMIOS_H 1
#define HAVE_UNISTD_H 1
#define HAVE_TCGETATTR 1
#define HAVE_VSSCANF 1
#define HAVE_MKSTEMP 1
#define RETSIGTYPE void
#define HAVE_SIZECHANGE 1
#define HAVE_TYPEINFO 1
#define CPP_HAS_PARAM_INIT 1
#define HAVE_STRSTREAM_H 1
#define HAVE_PANEL_H 1
#define HAVE_LIBPANEL 1
#define HAVE_MENU_H 1
#define HAVE_LIBMENU 1
#define HAVE_FORM_H 1
#define HAVE_LIBFORM 1
#define NCURSES_PATHSEP ':'


configure: exit 0
