A D/aa_demo////
A D/aa_test////
A D/alpha_gradient////
A D/alpha_mask////
A D/alpha_mask2////
A D/alpha_mask3////
A D/bezier_div////
A D/bspline////
A D/circles////
A D/component_rendering////
A D/compositing////
A D/compositing2////
A D/conv_contour////
A D/conv_dash_marker////
A D/conv_stroke////
A D/distortions////
A D/flash_rasterizer////
A D/flash_rasterizer2////
A D/freetype_test////
A D/gamma_correction////
A D/gamma_ctrl////
A D/gamma_tuner////
A D/gouraud////
A D/gouraud_mesh////
A D/gpc_test////
A D/gradients////
A D/graph_test////
A D/idea////
A D/image1////
A D/image_alpha////
A D/image_filters////
A D/image_filters2////
A D/image_fltr_graph////
A D/image_perspective////
A D/image_resample////
A D/image_transforms////
A D/line_patterns////
A D/line_patterns_clip////
A D/lion////
A D/lion_lens////
A D/lion_outline////
A D/mol_view////
A D/multi_clip////
A D/pattern_fill////
A D/pattern_perspective////
A D/pattern_resample////
A D/perspective////
A D/polymorphic_renderer////
A D/pure_api////
A D/raster_text////
A D/rasterizers////
A D/rasterizers2////
A D/rounded_rect////
A D/scanline_boolean////
A D/scanline_boolean2////
A D/simple_blur////
A D/svg_test////
A D/trans_curve1////
A D/trans_curve2////
A D/trans_polar////
A D/truetype_test////
