This is TeX, Amiga Version 3.1415 (format=plain 96.12.1)  4 OCT 1998 20:03
**mcommon.tex
(mcommon.tex (TeX:inputs/cweb/mcwebmac.tex
\PPbox=\box16
\MMbox=\box17
\MGbox=\box18
\MODbox=\box19
\bak=\box20
\bakk=\box21
\ind=\count27
\gdepth=\count28
\secpagedepth=\count29
\chapno=\count30
\gtitle=\toks12
\intersecskip=\skip18
\prechapskip=\skip19
\chapskip=\skip20
\pagewidth=\dimen16
\pageheight=\dimen17
\fullpageheight=\dimen18
\pageshift=\dimen19
\lpageshift=\dimen20
\cont=\write0
\sbox=\box22
\lbox=\box23
\twodigits=\count31
\itemindent=\dimen21
) *1 [54] [55] *7 [56] *9
[57] [58] [59] [60] [61] [62] [63] [64] [65] [66] *29 [67] *32 [68]
[69] [70] [71] [72] [73] [74] [75] [76] [77] *61 [78] [79] [80] *73
[81] [82] [83] [84] *85 [85] *90 Index: (mcommon.idx [86] [87]) [88]
Section names: (mcommon.scn) [89] [90] Table of contents: (mcommon.toc)
[53] )
Output written on mcommon.dvi (38 pages, 150896 bytes).
