This is TeX, Amiga Version 3.1415 (format=plain 96.12.1)  4 OCT 1998 20:03
**mctangle.tex
(mctangle.tex (TeX:inputs/cweb/mcwebmac.tex
\PPbox=\box16
\MMbox=\box17
\MGbox=\box18
\MODbox=\box19
\bak=\box20
\bakk=\box21
\ind=\count27
\gdepth=\count28
\secpagedepth=\count29
\chapno=\count30
\gtitle=\toks12
\intersecskip=\skip18
\prechapskip=\skip19
\chapskip=\skip20
\pagewidth=\dimen16
\pageheight=\dimen17
\fullpageheight=\dimen18
\pageshift=\dimen19
\lpageshift=\dimen20
\cont=\write0
\sbox=\box22
\lbox=\box23
\twodigits=\count31
\itemindent=\dimen21
) *1 [90] [91] [92] [93]
[94] [95] *18 [96] [97] *27 [98] *31 [99] [100] [101] [102] *41 [103]
[104] *47 [105] [106] [107] [108] [109] [110] [111] [112] [113] [114]
[115] [116] [117] [118] *78 [119] [120] [121] *85 [122] [123] [124]
[125] [126] [127] [128] *99 [129] [130] [131] [132] *107 [133] [134]
[135] [136] [137] *122 [138] *123 [139] [140] [141] [142] [143] [144]
[145] [146] [147] [148] [149] [150] [151] [152] [153] [154] [155]
[156] [157] [158] [159] [160] *167 [161] [162] [163] [164] [165] *179
[166] [167] [168] [169] [170] *191 [171] [172] [173] [174] [175] *202
[176] [177] [178] [179] [180] [181] [182] [183] [184] [185] [186]
[187] [188] *236 [189] [190] [191] *245 Index: (mctangle.idx [192]
[193] [194] [195] [196] [197]) [198] Section names: (mctangle.scn
[199]) [200] Table of contents: (mctangle.toc) [89] )
Output written on mctangle.dvi (112 pages, 442088 bytes).
