This is TeX, Amiga Version 3.1415 (format=latex 98.6.14)  4 OCT 1998 20:02
**mcwebman
(mcwebman.tex
LaTeX2e <1997/12/01> patch level 2
(TeX:inputs/latex2e/latex209.def
File: latex209.def 1996/05/21 v0.51 Standard LaTeX file

Entering LaTeX 2.09 compatibility mode.
\footheight=\dimen102
\@maxsep=\dimen103
\@dblmaxsep=\dimen104
\@cla=\count79
\@clb=\count80
\mscount=\count81
(TeX:inputs/latex2e/tracefnt.sty
Package: tracefnt 1997/05/29 v3.0j Standard LaTeX package (font tracing)

\tracingfonts=\count82
LaTeX Info: Redefining \selectfont on input line 139.
)
\symbold=\mathgroup4
\symsans=\mathgroup5
\symtypewriter=\mathgroup6
\symitalic=\mathgroup7
\symsmallcaps=\mathgroup8
\symslanted=\mathgroup9
LaTeX Font Info:    Redeclaring math alphabet \mathbf on input line 306.

LaTeX Font Info:    Redeclaring math alphabet \mathsf on input line 307.

LaTeX Font Info:    Redeclaring math alphabet \mathtt on input line 308.

LaTeX Font Info:    Redeclaring math alphabet \mathit on input line 314.

LaTeX Info: Redefining \em on input line 324.
 (TeX:inputs/latex2e/latexsym.sty
Package: latexsym 1996/11/20 v2.2d Standard LaTeX package (lasy symbols)

\symlasy=\mathgroup10
LaTeX Font Info:    Overwriting symbol font `lasy' in version `bold'
(Font)                  U/lasy/m/n --> U/lasy/b/n on input line 85.
)
LaTeX Font Info:    Redeclaring math delimiter \lgroup on input line 388
.
LaTeX Font Info:    Redeclaring math delimiter \rgroup on input line 390
.
LaTeX Font Info:    Redeclaring math delimiter \bracevert on input line 
392.
)
(TeX:inputs/latex2e/report.cls
Document Class: report 1997/10/10 v1.3x Standard LaTeX document class
(TeX:inputs/latex2e/size10.clo
File: size10.clo 1997/10/10 v1.3x Standard LaTeX file (size option)
)
\c@part=\count83
\c@chapter=\count84
\c@section=\count85
\c@subsection=\count86
\c@subsubsection=\count87
\c@paragraph=\count88
\c@subparagraph=\count89
\c@figure=\count90
\c@table=\count91
\abovecaptionskip=\skip41
\belowcaptionskip=\skip42
Compatibility mode: definition of \rm ignored.
Compatibility mode: definition of \sf ignored.
Compatibility mode: definition of \tt ignored.
Compatibility mode: definition of \bf ignored.
Compatibility mode: definition of \it ignored.
Compatibility mode: definition of \sl ignored.
Compatibility mode: definition of \sc ignored.
LaTeX Info: Redefining \cal on input line 622.
LaTeX Info: Redefining \mit on input line 623.
\bibindent=\dimen105
) (path.sty
path.sty version 3.04 <25 Jul 1992>
\c@tcode=\count92
\c@unter=\count93
) (TeX:inputs/latex209/epsf.sty
\epsffilein=\read1
\epsfxsize=\dimen106
\epsfysize=\dimen107
\epsftsize=\dimen108
\epsfrsize=\dimen109
\epsftmp=\dimen110
\pspoints=\dimen111
) (bibnames.sty
This is bibnames.sty, Version 1.04 <13 June 1992>
(texnames.sty
This is texnames.sty, Version 1.09 <16 March 1993>
)) (TeX:inputs/latex2e/a4.sty
Package: a4 1994/03/15 1.2c A4 based page layout
)
\PPbox=\box26
 (mcwebman.aux)
LaTeX Font Info:    Checking defaults for OML/cmm/m/it on input line 121
.
LaTeX Font Info:    ... okay on input line 121.
LaTeX Font Info:    Checking defaults for T1/cmr/m/n on input line 121.
LaTeX Font Info:    ... okay on input line 121.
LaTeX Font Info:    Checking defaults for OT1/cmr/m/n on input line 121.

LaTeX Font Info:    ... okay on input line 121.
LaTeX Font Info:    Checking defaults for OMS/cmsy/m/n on input line 121
.
LaTeX Font Info:    ... okay on input line 121.
LaTeX Font Info:    Checking defaults for OMX/cmex/m/n on input line 121
.
LaTeX Font Info:    ... okay on input line 121.
LaTeX Font Info:    Checking defaults for U/cmr/m/n on input line 121.
LaTeX Font Info:    ... okay on input line 121.
LaTeX Font Info:    External font `cmex10' loaded for size
(Font)              <12> on input line 124.
LaTeX Font Info:    External font `cmex10' loaded for size
(Font)              <8> on input line 124.
LaTeX Font Info:    External font `cmex10' loaded for size
(Font)              <6> on input line 124.
LaTeX Font Info:    Try loading font information for U+lasy on input lin
e 124.

(TeX:inputs/latex2e/ulasy.fd
File: ulasy.fd 1996/11/20 v2.2dLaTeX symbol font definitions
) [0

] [0] [1] [2] (mcwebman.toc
LaTeX Font Info:    External font `cmex10' loaded for size
(Font)              <7> on input line 3.
LaTeX Font Info:    External font `cmex10' loaded for size
(Font)              <5> on input line 3.
 [3

])
\tf@toc=\write3

[4] [5

] [6]
Chapter 1.
[7

]
Underfull \vbox (badness 1057) has occurred while \output is active []


[8] [9] [10] [11]
LaTeX Font Info:    Try loading font information for OMS+cmtt on input l
ine 495.
LaTeX Font Info:    No file OMScmtt.fd. on input line 495.
LaTeX Font Warning: Font shape `OMS/cmtt/m/n' undefined
(Font)              using `OMS/cmsy/m/n' instead
(Font)              for symbol `textbraceleft' on input line 495.
 [12] [13] [14] [15]
LaTeX Font Info:    Try loading font information for OMS+cmr on input li
ne 757.
 (TeX:inputs/latex2e/omscmr.fd
File: omscmr.fd 1998/01/10 v2.5f Standard LaTeX font definitions
)
LaTeX Font Info:    Font shape `OMS/cmr/m/n' in size <10> not available
(Font)              Font shape `OMS/cmsy/m/n' tried instead on input lin
e 757.

[16] [17] [18] [19] [20] [21] [22]
Chapter 2.
[23

] [24] [25] [26] [27] [28] [29] [30]
\ind=\count94
\bak=\box27
\bakk=\box28
 [31] [32]
\ind=\count95
\bak=\box29
\bakk=\box30
 [33] [34]
\ind=\count96
\bak=\box31
\bakk=\box32
 [35]
[36] [37

] [38]
Chapter 3.
[39

]
Chapter 4.
[77

]
Chapter 5.
[189

] [380

] [381]
Appendix A.
[382

] [383] [384] [385]
Appendix B.
[386

] (mcwebman.bbl (bibnames.sty
This is bibnames.sty, Version 1.04 <13 June 1992>
(texnames.sty
This is texnames.sty, Version 1.09 <16 March 1993>
)) [387] [388

]) [389] (mcwebman.aux)
LaTeX Font Warning: Some font shapes were not available, defaults substi
tuted.
 ) 
Here is how much of TeX's memory you used:
 730 strings out of 25928
 6989 string characters out of 14515
 54504 words of memory out of 65501
 3534 multiletter control sequences out of 7000
 22885 words of font info for 86 fonts, out of 65500 for 255
 20 hyphenation exceptions out of 607
 23i,11n,21p,219b,521s stack positions out of 200i,40n,100p,3000b,1500s

Output written on mcwebman.dvi (53 pages, 148284 bytes).
