This is TeX, Amiga Version 3.1415 (format=plain 96.12.1)  4 OCT 1998 20:03
**mcweave.tex
(mcweave.tex (TeX:inputs/cweb/mcwebmac.tex
\PPbox=\box16
\MMbox=\box17
\MGbox=\box18
\MODbox=\box19
\bak=\box20
\bakk=\box21
\ind=\count27
\gdepth=\count28
\secpagedepth=\count29
\chapno=\count30
\gtitle=\toks12
\intersecskip=\skip18
\prechapskip=\skip19
\chapskip=\skip20
\pagewidth=\dimen16
\pageheight=\dimen17
\fullpageheight=\dimen18
\pageshift=\dimen19
\lpageshift=\dimen20
\cont=\write0
\sbox=\box22
\lbox=\box23
\twodigits=\count31
\itemindent=\dimen21
) *1 [202] [203] [204]
[205] [206] [207] [208] *17 [209] [210] [211] [212] [213] [214] [215]
[216] *32 [217] [218] [219] *40 [220] [221] [222] [223] [224] [225]
[226] [227] [228] [229] *61 [230] [231] [232] [233] [234] [235] [236]
[237] [238] [239] *85 [240] [241] [242] [243] [244] *101 [245] [246]
[247] [248] *109 [249] [250] [251] [252] [253] [254] [255]
\prodno=\count32
\midcol=\dimen22
 [256]
[257] [258] [259] *116 [260] [261] [262] [263] [264] [265] [266]
[267] [268] [269] [270] [271] [272] [273] [274] [275] [276] [277]
[278] [279] [280] [281] [282] [283] [284] [285] [286] [287] [288]
[289] [290] *191 [291] [292] [293] [294] [295] [296] [297] [298]
[299] [300] [301] [302] *211 [303] [304] [305] [306] [307] [308]
[309] [310] [311] [312] *231 [313] [314] [315] [316] [317] [318]
[319] [320] *253 [321] [322] [323] [324] [325] [326] [327] [328]
[329] [330] [331] *285 [332] *286 [333] *293 [334] [335] [336] *297
[337] [338] [339] [340] *306 [341] [342] *312 [343] [344] [345] [346]
[347] [348] *330 [349] *333 [350] [351] [352] [353] [354] [355] [356]
*352 [357] [358] [359] [360] [361] [362] [363] *365 [364] [365] [366]
[367] [368] [369] [370] [371] [372] [373] *383 [374] [375] [376]
[377] *392 Index: (mcweave.idx [378] [379] [380] [381] [382] [383]
[384] [385] [386] [387]) [388] Section names: (mcweave.scn [389]
[390] [391]) [392] Table of contents: (mcweave.toc) [201] )
Output written on mcweave.dvi (192 pages, 756764 bytes).
