This file contains any messages produced by compilers while
running configure, to aid debugging if configure makes a mistake.

It was created by configure, which was
generated by GNU Autoconf 2.52d.  Invocation command line was

  $ configure 

## --------- ##
## Platform. ##
## --------- ##

hostname = louise-amiga
uname -m = m68k
uname -r = 3.1
uname -s = AmigaOS
uname -v = 40.68

/usr/bin/uname -p = unknown
/bin/uname -X     = unknown

/bin/arch              = unknown
/usr/bin/arch -k       = unknown
/usr/convex/getsysinfo = unknown
hostinfo               = unknown
/bin/machine           = unknown
/usr/bin/oslevel       = unknown
/bin/universe          = unknown

PATH = /bin:/usr/bin:/usr/ucb

## ----------- ##
## Core tests. ##
## ----------- ##

configure:990: PATH=".;."; conftest.sh
configure: configure[998]: conftest.sh: not found
configure:993: $? = 127
configure:1115: checking for gcc
configure:1130: found /bin/gcc
configure:1138: result: gcc
configure:1366: checking for C compiler version
configure:1369: gcc --version </dev/null >&5
2.95.3
configure:1372: $? = 0
configure:1374: gcc -v </dev/null >&5
Reading specs from /gg/lib/gcc-lib/m68k-amigaos/2.95.3/specs
gcc version 2.95.3 20010315 (release)
configure:1377: $? = 0
configure:1379: gcc -V </dev/null >&5
gcc: argument to `-V' is missing
configure:1382: $? = 1
configure:1408: checking for C compiler default output
configure:1411: gcc    conftest.c  >&5
configure:1414: $? = 0
configure:1443: result: a.out
configure:1448: checking whether the C compiler works
configure:1454: ./a.out
configure:1457: $? = 0
configure:1472: result: yes
configure:1479: checking whether we are cross compiling
configure:1481: result: no
configure:1484: checking for executable suffix
configure:1486: gcc -o conftest    conftest.c  >&5
configure:1489: $? = 0
configure:1511: result: 
configure:1517: checking for object suffix
configure:1541: gcc -c   conftest.c >&5
configure:1544: $? = 0
configure:1563: result: o
configure:1567: checking whether we are using the GNU C compiler
configure:1594: gcc -c   conftest.c >&5
configure:1597: $? = 0
configure:1600: test -s conftest.o
configure:1603: $? = 0
configure:1615: result: yes
configure:1621: checking whether gcc accepts -g
configure:1645: gcc -c -g  conftest.c >&5
configure:1648: $? = 0
configure:1651: test -s conftest.o
configure:1654: $? = 0
configure:1664: result: yes
configure:1691: gcc -c -g -O2  conftest.c >&5
conftest.c:2: parse error before `me'
configure:1694: $? = 1
configure: failed program was:
#ifndef __cplusplus
  choke me
#endif
configure:1842: checking for ranlib
configure:1857: found /bin/ranlib
configure:1866: result: ranlib
configure:1915: checking for a BSD compatible install
configure:1964: result: /bin/install -c
configure:1975: checking whether ln -s works
configure:1979: result: yes
configure:1991: checking how to run the C preprocessor
configure:2017: gcc -E  conftest.c
configure:2023: $? = 0
configure:2050: gcc -E  conftest.c
configure:2047: ac_nonexistent.h: No such file or directory
configure:2056: $? = 1
configure: failed program was:
#line 2046 "configure"
#include "confdefs.h"
#include <ac_nonexistent.h>
configure:2093: result: gcc -E
configure:2108: gcc -E  conftest.c
configure:2114: $? = 0
configure:2141: gcc -E  conftest.c
configure:2138: ac_nonexistent.h: No such file or directory
configure:2147: $? = 1
configure: failed program was:
#line 2137 "configure"
#include "confdefs.h"
#include <ac_nonexistent.h>
configure:2190: checking for sed
configure:2205: found /bin/sed
configure:2213: result: sed
configure:2229: checking build system type
configure:2247: result: m68k-unknown-amigaos
configure:2254: checking host system type
configure:2268: result: m68k-unknown-amigaos
configure:2275: checking target system type
configure:2289: result: m68k-unknown-amigaos
configure:2310: checking for ANSI C header files
configure:2324: gcc -E  conftest.c
configure:2330: $? = 0
configure:2417: gcc -o conftest -g -O2   conftest.c  >&5
configure:2420: $? = 0
configure:2422: ./conftest
configure:2425: $? = 0
configure:2438: result: yes
configure:2454: checking for sys/types.h
configure:2467: gcc -c -g -O2  conftest.c >&5
configure:2470: $? = 0
configure:2473: test -s conftest.o
configure:2476: $? = 0
configure:2486: result: yes
configure:2454: checking for sys/stat.h
configure:2467: gcc -c -g -O2  conftest.c >&5
configure:2470: $? = 0
configure:2473: test -s conftest.o
configure:2476: $? = 0
configure:2486: result: yes
configure:2454: checking for stdlib.h
configure:2467: gcc -c -g -O2  conftest.c >&5
configure:2470: $? = 0
configure:2473: test -s conftest.o
configure:2476: $? = 0
configure:2486: result: yes
configure:2454: checking for string.h
configure:2467: gcc -c -g -O2  conftest.c >&5
configure:2470: $? = 0
configure:2473: test -s conftest.o
configure:2476: $? = 0
configure:2486: result: yes
configure:2454: checking for memory.h
configure:2467: gcc -c -g -O2  conftest.c >&5
configure:2470: $? = 0
configure:2473: test -s conftest.o
configure:2476: $? = 0
configure:2486: result: yes
configure:2454: checking for strings.h
configure:2467: gcc -c -g -O2  conftest.c >&5
configure:2470: $? = 0
configure:2473: test -s conftest.o
configure:2476: $? = 0
configure:2486: result: yes
configure:2454: checking for inttypes.h
configure:2467: gcc -c -g -O2  conftest.c >&5
configure:2496: inttypes.h: No such file or directory
configure:2470: $? = 1
configure: failed program was:
#line 2460 "configure"
#include "confdefs.h"
#include <stdio.h>
#if HAVE_SYS_TYPES_H
# include <sys/types.h>
#endif
#if HAVE_SYS_STAT_H
# include <sys/stat.h>
#endif
#if STDC_HEADERS
# include <stdlib.h>
# include <stddef.h>
#else
# if HAVE_STDLIB_H
#  include <stdlib.h>
# endif
#endif
#if HAVE_STRING_H
# if !STDC_HEADERS && HAVE_MEMORY_H
#  include <memory.h>
# endif
# include <string.h>
#endif
#if HAVE_STRINGS_H
# include <strings.h>
#endif
#if HAVE_INTTYPES_H
# include <inttypes.h>
#else
# if HAVE_STDINT_H
#  include <stdint.h>
# endif
#endif
#if HAVE_UNISTD_H
# include <unistd.h>
#endif

#include <inttypes.h>
configure:2486: result: no
configure:2454: checking for stdint.h
configure:2467: gcc -c -g -O2  conftest.c >&5
configure:2496: stdint.h: No such file or directory
configure:2470: $? = 1
configure: failed program was:
#line 2460 "configure"
#include "confdefs.h"
#include <stdio.h>
#if HAVE_SYS_TYPES_H
# include <sys/types.h>
#endif
#if HAVE_SYS_STAT_H
# include <sys/stat.h>
#endif
#if STDC_HEADERS
# include <stdlib.h>
# include <stddef.h>
#else
# if HAVE_STDLIB_H
#  include <stdlib.h>
# endif
#endif
#if HAVE_STRING_H
# if !STDC_HEADERS && HAVE_MEMORY_H
#  include <memory.h>
# endif
# include <string.h>
#endif
#if HAVE_STRINGS_H
# include <strings.h>
#endif
#if HAVE_INTTYPES_H
# include <inttypes.h>
#else
# if HAVE_STDINT_H
#  include <stdint.h>
# endif
#endif
#if HAVE_UNISTD_H
# include <unistd.h>
#endif

#include <stdint.h>
configure:2486: result: no
configure:2454: checking for unistd.h
configure:2467: gcc -c -g -O2  conftest.c >&5
configure:2470: $? = 0
configure:2473: test -s conftest.o
configure:2476: $? = 0
configure:2486: result: yes
configure:2510: checking getopt.h usability
configure:2519: gcc -c -g -O2  conftest.c >&5
configure:2522: $? = 0
configure:2525: test -s conftest.o
configure:2528: $? = 0
configure:2537: result: yes
configure:2541: checking getopt.h presence
configure:2548: gcc -E  conftest.c
configure:2554: $? = 0
configure:2572: result: yes
configure:2590: checking for getopt.h
configure:2597: result: yes
configure:2510: checking fcntl.h usability
configure:2519: gcc -c -g -O2  conftest.c >&5
configure:2522: $? = 0
configure:2525: test -s conftest.o
configure:2528: $? = 0
configure:2537: result: yes
configure:2541: checking fcntl.h presence
configure:2548: gcc -E  conftest.c
configure:2554: $? = 0
configure:2572: result: yes
configure:2590: checking for fcntl.h
configure:2597: result: yes
configure:2510: checking limits.h usability
configure:2519: gcc -c -g -O2  conftest.c >&5
configure:2522: $? = 0
configure:2525: test -s conftest.o
configure:2528: $? = 0
configure:2537: result: yes
configure:2541: checking limits.h presence
configure:2548: gcc -E  conftest.c
configure:2554: $? = 0
configure:2572: result: yes
configure:2590: checking for limits.h
configure:2597: result: yes
configure:2510: checking malloc.h usability
configure:2519: gcc -c -g -O2  conftest.c >&5
configure:2522: $? = 0
configure:2525: test -s conftest.o
configure:2528: $? = 0
configure:2537: result: yes
configure:2541: checking malloc.h presence
configure:2548: gcc -E  conftest.c
configure:2554: $? = 0
configure:2572: result: yes
configure:2590: checking for malloc.h
configure:2597: result: yes
configure:2501: checking for unistd.h
configure:2506: result: yes
configure:2510: checking byteswap.h usability
configure:2519: gcc -c -g -O2  conftest.c >&5
configure:2548: byteswap.h: No such file or directory
configure:2522: $? = 1
configure: failed program was:
#line 2513 "configure"
#include "confdefs.h"
#include <stdio.h>
#if HAVE_SYS_TYPES_H
# include <sys/types.h>
#endif
#if HAVE_SYS_STAT_H
# include <sys/stat.h>
#endif
#if STDC_HEADERS
# include <stdlib.h>
# include <stddef.h>
#else
# if HAVE_STDLIB_H
#  include <stdlib.h>
# endif
#endif
#if HAVE_STRING_H
# if !STDC_HEADERS && HAVE_MEMORY_H
#  include <memory.h>
# endif
# include <string.h>
#endif
#if HAVE_STRINGS_H
# include <strings.h>
#endif
#if HAVE_INTTYPES_H
# include <inttypes.h>
#else
# if HAVE_STDINT_H
#  include <stdint.h>
# endif
#endif
#if HAVE_UNISTD_H
# include <unistd.h>
#endif
#include <byteswap.h>
configure:2537: result: no
configure:2541: checking byteswap.h presence
configure:2548: gcc -E  conftest.c
configure:2545: byteswap.h: No such file or directory
configure:2554: $? = 1
configure: failed program was:
#line 2544 "configure"
#include "confdefs.h"
#include <byteswap.h>
configure:2572: result: no
configure:2590: checking for byteswap.h
configure:2597: result: no
configure:2510: checking errno.h usability
configure:2519: gcc -c -g -O2  conftest.c >&5
configure:2522: $? = 0
configure:2525: test -s conftest.o
configure:2528: $? = 0
configure:2537: result: yes
configure:2541: checking errno.h presence
configure:2548: gcc -E  conftest.c
configure:2554: $? = 0
configure:2572: result: yes
configure:2590: checking for errno.h
configure:2597: result: yes
configure:2615: checking whether byte ordering is bigendian
configure:2645: gcc -c -g -O2 -Wall  conftest.c >&5
configure:2648: $? = 0
configure:2651: test -s conftest.o
configure:2654: $? = 0
configure:2681: gcc -c -g -O2 -Wall  conftest.c >&5
configure:2684: $? = 0
configure:2687: test -s conftest.o
configure:2690: $? = 0
configure:2797: result: yes
configure:2816: checking for gcc option to accept ANSI C
configure:2879: gcc  -c -g -O2 -Wall  conftest.c >&5
configure:2882: $? = 0
configure:2885: test -s conftest.o
configure:2888: $? = 0
configure:2905: result: none needed
configure:2913: checking for an ANSI C-conforming const
configure:2983: gcc -c -g -O2 -Wall  conftest.c >&5
configure: In function `main':
configure:2953: warning: unused variable `s'
configure:2973: warning: unused variable `foo'
configure:2940: warning: unused variable `zero'
configure:2934: warning: unused variable `x'
configure:2952: warning: `t' might be used uninitialized in this function
configure:2970: warning: `b' might be used uninitialized in this function
configure:2986: $? = 0
configure:2989: test -s conftest.o
configure:2992: $? = 0
configure:3002: result: yes
configure:3012: checking for inline
configure:3029: gcc -c -g -O2 -Wall  conftest.c >&5
configure:3032: $? = 0
configure:3035: test -s conftest.o
configure:3038: $? = 0
configure:3049: result: inline
configure:3064: checking for size_t
configure:3091: gcc -c -g -O2 -Wall  conftest.c >&5
configure:3094: $? = 0
configure:3097: test -s conftest.o
configure:3100: $? = 0
configure:3110: result: yes
configure:3122: checking if math library is required during link...
configure:3124: checking for pow
configure:3167: gcc -o conftest -g -O2 -Wall   conftest.c  >&5
configure:3170: $? = 0
configure:3173: test -s conftest
configure:3176: $? = 0
configure:3186: result: yes
configure:3290: checking vorbis/codec.h usability
configure:3299: gcc -c -g -O2 -Wall  conftest.c >&5
configure:3328: vorbis/codec.h: No such file or directory
configure:3302: $? = 1
configure: failed program was:
#line 3293 "configure"
#include "confdefs.h"
#include <stdio.h>
#if HAVE_SYS_TYPES_H
# include <sys/types.h>
#endif
#if HAVE_SYS_STAT_H
# include <sys/stat.h>
#endif
#if STDC_HEADERS
# include <stdlib.h>
# include <stddef.h>
#else
# if HAVE_STDLIB_H
#  include <stdlib.h>
# endif
#endif
#if HAVE_STRING_H
# if !STDC_HEADERS && HAVE_MEMORY_H
#  include <memory.h>
# endif
# include <string.h>
#endif
#if HAVE_STRINGS_H
# include <strings.h>
#endif
#if HAVE_INTTYPES_H
# include <inttypes.h>
#else
# if HAVE_STDINT_H
#  include <stdint.h>
# endif
#endif
#if HAVE_UNISTD_H
# include <unistd.h>
#endif
#include <vorbis/codec.h>
configure:3317: result: no
configure:3321: checking vorbis/codec.h presence
configure:3328: gcc -E  conftest.c
configure:3325: vorbis/codec.h: No such file or directory
configure:3334: $? = 1
configure: failed program was:
#line 3324 "configure"
#include "confdefs.h"
#include <vorbis/codec.h>
configure:3352: result: no
configure:3370: checking for vorbis/codec.h
configure:3377: result: no
configure:3459: checking for getopt
configure:3502: gcc -o conftest -g -O2 -Wall   conftest.c  >&5
configure:3505: $? = 0
configure:3508: test -s conftest
configure:3511: $? = 0
configure:3521: result: yes
configure:3459: checking for strerror
configure:3502: gcc -o conftest -g -O2 -Wall   conftest.c  >&5
configure:3505: $? = 0
configure:3508: test -s conftest
configure:3511: $? = 0
configure:3521: result: yes
configure:3459: checking for memmove
configure:3502: gcc -o conftest -g -O2 -Wall   conftest.c  >&5
configure:3505: $? = 0
configure:3508: test -s conftest
configure:3511: $? = 0
configure:3521: result: yes
configure:3459: checking for rand
configure:3502: gcc -o conftest -g -O2 -Wall   conftest.c  >&5
configure:3505: $? = 0
configure:3508: test -s conftest
configure:3511: $? = 0
configure:3521: result: yes
configure:3459: checking for strcasecmp
configure:3502: gcc -o conftest -g -O2 -Wall   conftest.c  >&5
configure:3505: $? = 0
configure:3508: test -s conftest
configure:3511: $? = 0
configure:3521: result: yes
configure:3547: checking linux/asound.h usability
configure:3556: gcc -c -g -O2 -Wall  conftest.c >&5
configure:3585: linux/asound.h: No such file or directory
configure:3559: $? = 1
configure: failed program was:
#line 3550 "configure"
#include "confdefs.h"
#include <stdio.h>
#if HAVE_SYS_TYPES_H
# include <sys/types.h>
#endif
#if HAVE_SYS_STAT_H
# include <sys/stat.h>
#endif
#if STDC_HEADERS
# include <stdlib.h>
# include <stddef.h>
#else
# if HAVE_STDLIB_H
#  include <stdlib.h>
# endif
#endif
#if HAVE_STRING_H
# if !STDC_HEADERS && HAVE_MEMORY_H
#  include <memory.h>
# endif
# include <string.h>
#endif
#if HAVE_STRINGS_H
# include <strings.h>
#endif
#if HAVE_INTTYPES_H
# include <inttypes.h>
#else
# if HAVE_STDINT_H
#  include <stdint.h>
# endif
#endif
#if HAVE_UNISTD_H
# include <unistd.h>
#endif
#include <linux/asound.h>
configure:3574: result: no
configure:3578: checking linux/asound.h presence
configure:3585: gcc -E  conftest.c
configure:3582: linux/asound.h: No such file or directory
configure:3591: $? = 1
configure: failed program was:
#line 3581 "configure"
#include "confdefs.h"
#include <linux/asound.h>
configure:3609: result: no
configure:3627: checking for linux/asound.h
configure:3634: result: no
configure:3718: checking sys/soundcard.h usability
configure:3727: gcc -c -g -O2 -Wall  conftest.c >&5
configure:3756: sys/soundcard.h: No such file or directory
configure:3730: $? = 1
configure: failed program was:
#line 3721 "configure"
#include "confdefs.h"
#include <stdio.h>
#if HAVE_SYS_TYPES_H
# include <sys/types.h>
#endif
#if HAVE_SYS_STAT_H
# include <sys/stat.h>
#endif
#if STDC_HEADERS
# include <stdlib.h>
# include <stddef.h>
#else
# if HAVE_STDLIB_H
#  include <stdlib.h>
# endif
#endif
#if HAVE_STRING_H
# if !STDC_HEADERS && HAVE_MEMORY_H
#  include <memory.h>
# endif
# include <string.h>
#endif
#if HAVE_STRINGS_H
# include <strings.h>
#endif
#if HAVE_INTTYPES_H
# include <inttypes.h>
#else
# if HAVE_STDINT_H
#  include <stdint.h>
# endif
#endif
#if HAVE_UNISTD_H
# include <unistd.h>
#endif
#include <sys/soundcard.h>
configure:3745: result: no
configure:3749: checking sys/soundcard.h presence
configure:3756: gcc -E  conftest.c
configure:3753: sys/soundcard.h: No such file or directory
configure:3762: $? = 1
configure: failed program was:
#line 3752 "configure"
#include "confdefs.h"
#include <sys/soundcard.h>
configure:3780: result: no
configure:3798: checking for sys/soundcard.h
configure:3805: result: no
configure:3718: checking machine/soundcard.h usability
configure:3727: gcc -c -g -O2 -Wall  conftest.c >&5
configure:3756: machine/soundcard.h: No such file or directory
configure:3730: $? = 1
configure: failed program was:
#line 3721 "configure"
#include "confdefs.h"
#include <stdio.h>
#if HAVE_SYS_TYPES_H
# include <sys/types.h>
#endif
#if HAVE_SYS_STAT_H
# include <sys/stat.h>
#endif
#if STDC_HEADERS
# include <stdlib.h>
# include <stddef.h>
#else
# if HAVE_STDLIB_H
#  include <stdlib.h>
# endif
#endif
#if HAVE_STRING_H
# if !STDC_HEADERS && HAVE_MEMORY_H
#  include <memory.h>
# endif
# include <string.h>
#endif
#if HAVE_STRINGS_H
# include <strings.h>
#endif
#if HAVE_INTTYPES_H
# include <inttypes.h>
#else
# if HAVE_STDINT_H
#  include <stdint.h>
# endif
#endif
#if HAVE_UNISTD_H
# include <unistd.h>
#endif
#include <machine/soundcard.h>
configure:3745: result: no
configure:3749: checking machine/soundcard.h presence
configure:3756: gcc -E  conftest.c
configure:3753: machine/soundcard.h: No such file or directory
configure:3762: $? = 1
configure: failed program was:
#line 3752 "configure"
#include "confdefs.h"
#include <machine/soundcard.h>
configure:3780: result: no
configure:3798: checking for machine/soundcard.h
configure:3805: result: no
configure:3843: checking sys/audioio.h usability
configure:3852: gcc -c -g -O2 -Wall  conftest.c >&5
configure:3881: sys/audioio.h: No such file or directory
configure:3855: $? = 1
configure: failed program was:
#line 3846 "configure"
#include "confdefs.h"
#include <stdio.h>
#if HAVE_SYS_TYPES_H
# include <sys/types.h>
#endif
#if HAVE_SYS_STAT_H
# include <sys/stat.h>
#endif
#if STDC_HEADERS
# include <stdlib.h>
# include <stddef.h>
#else
# if HAVE_STDLIB_H
#  include <stdlib.h>
# endif
#endif
#if HAVE_STRING_H
# if !STDC_HEADERS && HAVE_MEMORY_H
#  include <memory.h>
# endif
# include <string.h>
#endif
#if HAVE_STRINGS_H
# include <strings.h>
#endif
#if HAVE_INTTYPES_H
# include <inttypes.h>
#else
# if HAVE_STDINT_H
#  include <stdint.h>
# endif
#endif
#if HAVE_UNISTD_H
# include <unistd.h>
#endif
#include <sys/audioio.h>
configure:3870: result: no
configure:3874: checking sys/audioio.h presence
configure:3881: gcc -E  conftest.c
configure:3878: sys/audioio.h: No such file or directory
configure:3887: $? = 1
configure: failed program was:
#line 3877 "configure"
#include "confdefs.h"
#include <sys/audioio.h>
configure:3905: result: no
configure:3923: checking for sys/audioio.h
configure:3930: result: no
configure:3843: checking sun/audioio.h usability
configure:3852: gcc -c -g -O2 -Wall  conftest.c >&5
configure:3881: sun/audioio.h: No such file or directory
configure:3855: $? = 1
configure: failed program was:
#line 3846 "configure"
#include "confdefs.h"
#include <stdio.h>
#if HAVE_SYS_TYPES_H
# include <sys/types.h>
#endif
#if HAVE_SYS_STAT_H
# include <sys/stat.h>
#endif
#if STDC_HEADERS
# include <stdlib.h>
# include <stddef.h>
#else
# if HAVE_STDLIB_H
#  include <stdlib.h>
# endif
#endif
#if HAVE_STRING_H
# if !STDC_HEADERS && HAVE_MEMORY_H
#  include <memory.h>
# endif
# include <string.h>
#endif
#if HAVE_STRINGS_H
# include <strings.h>
#endif
#if HAVE_INTTYPES_H
# include <inttypes.h>
#else
# if HAVE_STDINT_H
#  include <stdint.h>
# endif
#endif
#if HAVE_UNISTD_H
# include <unistd.h>
#endif
#include <sun/audioio.h>
configure:3870: result: no
configure:3874: checking sun/audioio.h presence
configure:3881: gcc -E  conftest.c
configure:3878: sun/audioio.h: No such file or directory
configure:3887: $? = 1
configure: failed program was:
#line 3877 "configure"
#include "confdefs.h"
#include <sun/audioio.h>
configure:3905: result: no
configure:3923: checking for sun/audioio.h
configure:3930: result: no
configure:3974: checking for stdint-types....
configure:3984: result: "(putting them into ststdint.h)"
configure:3997: checking for uintptr_t
configure:4025: gcc -c -g -O2 -Wall -DFAST_ULAW_CONVERSION -DFAST_ALAW_CONVERSION -DENABLE_GSM  conftest.c >&5
configure:4004: stdint.h: No such file or directory
configure:4028: $? = 1
configure: failed program was:
#line 4003 "configure"
#include "confdefs.h"
#include <stdint.h>

#ifdef F77_DUMMY_MAIN
#  ifdef __cplusplus
     extern "C"
#  endif
   int F77_DUMMY_MAIN() { return 1; }
#endif
int
main ()
{
if ((uintptr_t *) 0)
  return 0;
if (sizeof (uintptr_t))
  return 0;
  ;
  return 0;
}
configure:4044: result: no
configure:3997: checking for uintptr_t
configure:4025: gcc -c -g -O2 -Wall -DFAST_ULAW_CONVERSION -DFAST_ALAW_CONVERSION -DENABLE_GSM  conftest.c >&5
configure:4004: inttypes.h: No such file or directory
configure:4028: $? = 1
configure: failed program was:
#line 4003 "configure"
#include "confdefs.h"
#include <inttypes.h>

#ifdef F77_DUMMY_MAIN
#  ifdef __cplusplus
     extern "C"
#  endif
   int F77_DUMMY_MAIN() { return 1; }
#endif
int
main ()
{
if ((uintptr_t *) 0)
  return 0;
if (sizeof (uintptr_t))
  return 0;
  ;
  return 0;
}
configure:4044: result: no
configure:3997: checking for uintptr_t
configure:4025: gcc -c -g -O2 -Wall -DFAST_ULAW_CONVERSION -DFAST_ALAW_CONVERSION -DENABLE_GSM  conftest.c >&5
configure:4004: sys/inttypes.h: No such file or directory
configure:4028: $? = 1
configure: failed program was:
#line 4003 "configure"
#include "confdefs.h"
#include <sys/inttypes.h>

#ifdef F77_DUMMY_MAIN
#  ifdef __cplusplus
     extern "C"
#  endif
   int F77_DUMMY_MAIN() { return 1; }
#endif
int
main ()
{
if ((uintptr_t *) 0)
  return 0;
if (sizeof (uintptr_t))
  return 0;
  ;
  return 0;
}
configure:4044: result: no
configure:3997: checking for uintptr_t
configure:4025: gcc -c -g -O2 -Wall -DFAST_ULAW_CONVERSION -DFAST_ALAW_CONVERSION -DENABLE_GSM  conftest.c >&5
configure:4004: sys/inttypes.h: No such file or directory
configure:4028: $? = 1
configure: failed program was:
#line 4003 "configure"
#include "confdefs.h"
#include <sys/inttypes.h>

#ifdef F77_DUMMY_MAIN
#  ifdef __cplusplus
     extern "C"
#  endif
   int F77_DUMMY_MAIN() { return 1; }
#endif
int
main ()
{
if ((uintptr_t *) 0)
  return 0;
if (sizeof (uintptr_t))
  return 0;
  ;
  return 0;
}
configure:4044: result: no
configure:4115: checking for uint32_t
configure:4143: gcc -c -g -O2 -Wall -DFAST_ULAW_CONVERSION -DFAST_ALAW_CONVERSION -DENABLE_GSM  conftest.c >&5
configure:4122: stdint.h: No such file or directory
configure:4146: $? = 1
configure: failed program was:
#line 4121 "configure"
#include "confdefs.h"
#include <stdint.h>

#ifdef F77_DUMMY_MAIN
#  ifdef __cplusplus
     extern "C"
#  endif
   int F77_DUMMY_MAIN() { return 1; }
#endif
int
main ()
{
if ((uint32_t *) 0)
  return 0;
if (sizeof (uint32_t))
  return 0;
  ;
  return 0;
}
configure:4162: result: no
configure:4115: checking for uint32_t
configure:4143: gcc -c -g -O2 -Wall -DFAST_ULAW_CONVERSION -DFAST_ALAW_CONVERSION -DENABLE_GSM  conftest.c >&5
configure:4122: inttypes.h: No such file or directory
configure:4146: $? = 1
configure: failed program was:
#line 4121 "configure"
#include "confdefs.h"
#include <inttypes.h>

#ifdef F77_DUMMY_MAIN
#  ifdef __cplusplus
     extern "C"
#  endif
   int F77_DUMMY_MAIN() { return 1; }
#endif
int
main ()
{
if ((uint32_t *) 0)
  return 0;
if (sizeof (uint32_t))
  return 0;
  ;
  return 0;
}
configure:4162: result: no
configure:4115: checking for uint32_t
configure:4143: gcc -c -g -O2 -Wall -DFAST_ULAW_CONVERSION -DFAST_ALAW_CONVERSION -DENABLE_GSM  conftest.c >&5
configure:4122: sys/inttypes.h: No such file or directory
configure:4146: $? = 1
configure: failed program was:
#line 4121 "configure"
#include "confdefs.h"
#include <sys/inttypes.h>

#ifdef F77_DUMMY_MAIN
#  ifdef __cplusplus
     extern "C"
#  endif
   int F77_DUMMY_MAIN() { return 1; }
#endif
int
main ()
{
if ((uint32_t *) 0)
  return 0;
if (sizeof (uint32_t))
  return 0;
  ;
  return 0;
}
configure:4162: result: no
configure:4115: checking for uint32_t
configure:4143: gcc -c -g -O2 -Wall -DFAST_ULAW_CONVERSION -DFAST_ALAW_CONVERSION -DENABLE_GSM  conftest.c >&5
configure:4122: sys/inttypes.h: No such file or directory
configure:4146: $? = 1
configure: failed program was:
#line 4121 "configure"
#include "confdefs.h"
#include <sys/inttypes.h>

#ifdef F77_DUMMY_MAIN
#  ifdef __cplusplus
     extern "C"
#  endif
   int F77_DUMMY_MAIN() { return 1; }
#endif
int
main ()
{
if ((uint32_t *) 0)
  return 0;
if (sizeof (uint32_t))
  return 0;
  ;
  return 0;
}
configure:4162: result: no
configure:4233: checking for u_int32_t
configure:4261: gcc -c -g -O2 -Wall -DFAST_ULAW_CONVERSION -DFAST_ALAW_CONVERSION -DENABLE_GSM  conftest.c >&5
configure:4264: $? = 0
configure:4267: test -s conftest.o
configure:4270: $? = 0
configure:4280: result: yes
configure:4288: checking for uint64_t
configure:4316: gcc -c -g -O2 -Wall -DFAST_ULAW_CONVERSION -DFAST_ALAW_CONVERSION -DENABLE_GSM  conftest.c >&5
configure: In function `main':
configure:4306: `uint64_t' undeclared (first use in this function)
configure:4306: (Each undeclared identifier is reported only once
configure:4306: for each function it appears in.)
configure:4306: parse error before `)'
configure:4319: $? = 1
configure: failed program was:
#line 4294 "configure"
#include "confdefs.h"
#include<sys/types.h>

#ifdef F77_DUMMY_MAIN
#  ifdef __cplusplus
     extern "C"
#  endif
   int F77_DUMMY_MAIN() { return 1; }
#endif
int
main ()
{
if ((uint64_t *) 0)
  return 0;
if (sizeof (uint64_t))
  return 0;
  ;
  return 0;
}
configure:4335: result: no
configure:4343: result: ... seen our u_int32_t in sys/types.h 
configure:4353: checking size of char
configure:4380: gcc -c -g -O2 -Wall -DFAST_ULAW_CONVERSION -DFAST_ALAW_CONVERSION -DENABLE_GSM  conftest.c >&5
configure: In function `main':
configure:4373: duplicate case value
configure:4373: this is the first entry for that value
configure:4383: $? = 1
configure: failed program was:
#line 4360 "configure"
#include "confdefs.h"
#include "confdefs.h"
#include <sys/types.h>

#ifdef F77_DUMMY_MAIN
#  ifdef __cplusplus
     extern "C"
#  endif
   int F77_DUMMY_MAIN() { return 1; }
#endif
int
main ()
{
switch (0) case 0: case (sizeof (char) == 4):;
  ;
  return 0;
}
configure:4380: gcc -c -g -O2 -Wall -DFAST_ULAW_CONVERSION -DFAST_ALAW_CONVERSION -DENABLE_GSM  conftest.c >&5
configure: In function `main':
configure:4373: duplicate case value
configure:4373: this is the first entry for that value
configure:4383: $? = 1
configure: failed program was:
#line 4360 "configure"
#include "confdefs.h"
#include "confdefs.h"
#include <sys/types.h>

#ifdef F77_DUMMY_MAIN
#  ifdef __cplusplus
     extern "C"
#  endif
   int F77_DUMMY_MAIN() { return 1; }
#endif
int
main ()
{
switch (0) case 0: case (sizeof (char) == 8):;
  ;
  return 0;
}
configure:4380: gcc -c -g -O2 -Wall -DFAST_ULAW_CONVERSION -DFAST_ALAW_CONVERSION -DENABLE_GSM  conftest.c >&5
configure:4383: $? = 0
configure:4386: test -s conftest.o
configure:4389: $? = 0
configure:4407: result: 1
configure:4414: checking size of short
configure:4441: gcc -c -g -O2 -Wall -DFAST_ULAW_CONVERSION -DFAST_ALAW_CONVERSION -DENABLE_GSM  conftest.c >&5
configure: In function `main':
configure:4434: duplicate case value
configure:4434: this is the first entry for that value
configure:4444: $? = 1
configure: failed program was:
#line 4421 "configure"
#include "confdefs.h"
#include "confdefs.h"
#include <sys/types.h>

#ifdef F77_DUMMY_MAIN
#  ifdef __cplusplus
     extern "C"
#  endif
   int F77_DUMMY_MAIN() { return 1; }
#endif
int
main ()
{
switch (0) case 0: case (sizeof (short) == 4):;
  ;
  return 0;
}
configure:4441: gcc -c -g -O2 -Wall -DFAST_ULAW_CONVERSION -DFAST_ALAW_CONVERSION -DENABLE_GSM  conftest.c >&5
configure: In function `main':
configure:4434: duplicate case value
configure:4434: this is the first entry for that value
configure:4444: $? = 1
configure: failed program was:
#line 4421 "configure"
#include "confdefs.h"
#include "confdefs.h"
#include <sys/types.h>

#ifdef F77_DUMMY_MAIN
#  ifdef __cplusplus
     extern "C"
#  endif
   int F77_DUMMY_MAIN() { return 1; }
#endif
int
main ()
{
switch (0) case 0: case (sizeof (short) == 8):;
  ;
  return 0;
}
configure:4441: gcc -c -g -O2 -Wall -DFAST_ULAW_CONVERSION -DFAST_ALAW_CONVERSION -DENABLE_GSM  conftest.c >&5
configure: In function `main':
configure:4434: duplicate case value
configure:4434: this is the first entry for that value
configure:4444: $? = 1
configure: failed program was:
#line 4421 "configure"
#include "confdefs.h"
#include "confdefs.h"
#include <sys/types.h>

#ifdef F77_DUMMY_MAIN
#  ifdef __cplusplus
     extern "C"
#  endif
   int F77_DUMMY_MAIN() { return 1; }
#endif
int
main ()
{
switch (0) case 0: case (sizeof (short) == 1):;
  ;
  return 0;
}
configure:4441: gcc -c -g -O2 -Wall -DFAST_ULAW_CONVERSION -DFAST_ALAW_CONVERSION -DENABLE_GSM  conftest.c >&5
configure:4444: $? = 0
configure:4447: test -s conftest.o
configure:4450: $? = 0
configure:4468: result: 2
configure:4475: checking size of int
configure:4502: gcc -c -g -O2 -Wall -DFAST_ULAW_CONVERSION -DFAST_ALAW_CONVERSION -DENABLE_GSM  conftest.c >&5
configure:4505: $? = 0
configure:4508: test -s conftest.o
configure:4511: $? = 0
configure:4529: result: 4
configure:4536: checking size of long
configure:4563: gcc -c -g -O2 -Wall -DFAST_ULAW_CONVERSION -DFAST_ALAW_CONVERSION -DENABLE_GSM  conftest.c >&5
configure:4566: $? = 0
configure:4569: test -s conftest.o
configure:4572: $? = 0
configure:4590: result: 4
configure:4597: checking size of void*
configure:4624: gcc -c -g -O2 -Wall -DFAST_ULAW_CONVERSION -DFAST_ALAW_CONVERSION -DENABLE_GSM  conftest.c >&5
configure:4627: $? = 0
configure:4630: test -s conftest.o
configure:4633: $? = 0
configure:4651: result: 4
configure:4665: result: creating ststdint.h : _STSTDINT_H
configure:4691: result: ..adding include stddef.h
configure:4695: result: ..adding include sys/types.h
configure:4702: result: ... need to look at C basic types
configure:4710: result: ... seen bsd/sysv typedefs
configure:4864: result: ..adding generic uint64_t runtime checks
configure:4998: result: ..adding typedef int32_t intptr_t
configure:5004: result: ..adding generic int_least-types
configure:5028: result: ... DONE ststdint.h
configure:5117: creating ./config.status

## --------------- ##
## Running $as_me. ##
## --------------- ##

This file was extended by config.status, which was
generated by GNU Autoconf 2.52d.  Invocation command line was

  CONFIG_FILES    = 
  CONFIG_HEADERS  = 
  CONFIG_LINKS    = 
  CONFIG_COMMANDS = 
  $ 

on louise-amiga

config.status:5590: creating Makefile
config.status:5590: creating gsm/Makefile
config.status:5682: creating stconfig.h

## ---------------- ##
## Cache variables. ##
## ---------------- ##

ac_cv_build=m68k-unknown-amigaos
ac_cv_build_alias=m68k-unknown-amigaos
ac_cv_c_bigendian=yes
ac_cv_c_compiler_gnu=yes
ac_cv_c_const=yes
ac_cv_c_inline=inline
ac_cv_env_CC_set=
ac_cv_env_CC_value=
ac_cv_env_CFLAGS_set=
ac_cv_env_CFLAGS_value=
ac_cv_env_CPPFLAGS_set=
ac_cv_env_CPPFLAGS_value=
ac_cv_env_CPP_set=
ac_cv_env_CPP_value=
ac_cv_env_LDFLAGS_set=
ac_cv_env_LDFLAGS_value=
ac_cv_env_build_alias_set=
ac_cv_env_build_alias_value=
ac_cv_env_host_alias_set=
ac_cv_env_host_alias_value=
ac_cv_env_target_alias_set=
ac_cv_env_target_alias_value=
ac_cv_func_getopt=yes
ac_cv_func_memmove=yes
ac_cv_func_pow=yes
ac_cv_func_rand=yes
ac_cv_func_strcasecmp=yes
ac_cv_func_strerror=yes
ac_cv_header_byteswap_h=no
ac_cv_header_errno_h=yes
ac_cv_header_fcntl_h=yes
ac_cv_header_getopt_h=yes
ac_cv_header_inttypes_h=no
ac_cv_header_limits_h=yes
ac_cv_header_linux_asound_h=no
ac_cv_header_machine_soundcard_h=no
ac_cv_header_malloc_h=yes
ac_cv_header_memory_h=yes
ac_cv_header_stdc=yes
ac_cv_header_stdint=sys/types.h
ac_cv_header_stdint_h=no
ac_cv_header_stdint_o=no-file
ac_cv_header_stdint_test=yes
ac_cv_header_stdint_u=sys/types.h
ac_cv_header_stdint_x=no-file
ac_cv_header_stdlib_h=yes
ac_cv_header_string_h=yes
ac_cv_header_strings_h=yes
ac_cv_header_sun_audioio_h=no
ac_cv_header_sys_audioio_h=no
ac_cv_header_sys_soundcard_h=no
ac_cv_header_sys_stat_h=yes
ac_cv_header_sys_types_h=yes
ac_cv_header_unistd_h=yes
ac_cv_header_vorbis_codec_h=no
ac_cv_host=m68k-unknown-amigaos
ac_cv_host_alias=m68k-unknown-amigaos
ac_cv_objext=o
ac_cv_path_install='/bin/install -c'
ac_cv_prog_CPP='gcc -E'
ac_cv_prog_SED=sed
ac_cv_prog_ac_ct_CC=gcc
ac_cv_prog_ac_ct_RANLIB=ranlib
ac_cv_prog_cc_g=yes
ac_cv_prog_cc_stdc=
ac_cv_sizeof_X=1:2:4:4:4
ac_cv_sizeof_char=1
ac_cv_sizeof_int=4
ac_cv_sizeof_long=4
ac_cv_sizeof_short=2
ac_cv_sizeof_voidp=4
ac_cv_sizeof_x=1:2
ac_cv_target=m68k-unknown-amigaos
ac_cv_target_alias=m68k-unknown-amigaos
ac_cv_type_size_t=yes
ac_cv_type_u_int32_t=yes
ac_cv_type_uint32_t=no
ac_cv_type_uint64_t=no
ac_cv_type_uintptr_t=no

## ----------- ##
## confdefs.h. ##
## ----------- ##

#define STDC_HEADERS 1
#define HAVE_SYS_TYPES_H 1
#define HAVE_SYS_STAT_H 1
#define HAVE_STDLIB_H 1
#define HAVE_STRING_H 1
#define HAVE_MEMORY_H 1
#define HAVE_STRINGS_H 1
#define HAVE_UNISTD_H 1
#define HAVE_GETOPT_H 1
#define HAVE_FCNTL_H 1
#define HAVE_LIMITS_H 1
#define HAVE_MALLOC_H 1
#define HAVE_UNISTD_H 1
#define HAVE_ERRNO_H 1
#define WORDS_BIGENDIAN 1
#define HAVE_GETOPT 1
#define HAVE_STRERROR 1
#define HAVE_MEMMOVE 1
#define HAVE_RAND 1
#define HAVE_STRCASECMP 1
#define SIZEOF_CHAR 1
#define SIZEOF_SHORT 2
#define SIZEOF_INT 4
#define SIZEOF_LONG 4
#define SIZEOF_VOIDP 4

configure: exit 0
