This file contains any messages produced by compilers while
running configure, to aid debugging if configure makes a mistake.

configure:573: checking host system type
configure:594: checking target system type
configure:612: checking build system type
configure:638: checking for gcc
configure:751: checking whether the C compiler (gcc  ) works
configure:767: gcc -o conftest    conftest.c  1>&5
configure:793: checking whether the C compiler (gcc  ) is a cross-compiler
configure:798: checking whether we are using GNU C
configure:807: gcc -E conftest.c
configure:826: checking whether gcc accepts -g
configure:861: checking gcc version
configure:879: checking how to link static binaries
configure:910: checking for __progname
configure:923: gcc -o conftest -g -O2   conftest.c  1>&5
configure:946: checking how to run the C preprocessor
configure:967: gcc -E  conftest.c >/dev/null 2>conftest.out
configure:1029: checking for fcntl.h
configure:1039: gcc -E  conftest.c >/dev/null 2>conftest.out
configure:1029: checking for grp.h
configure:1039: gcc -E  conftest.c >/dev/null 2>conftest.out
configure:1029: checking for memory.h
configure:1039: gcc -E  conftest.c >/dev/null 2>conftest.out
configure:1029: checking for paths.h
configure:1039: gcc -E  conftest.c >/dev/null 2>conftest.out
configure:1029: checking for poll.h
configure:1039: gcc -E  conftest.c >/dev/null 2>conftest.out
configure:1035: poll.h: No such file or directory
configure: failed program was:
#line 1034 "configure"
#include "confdefs.h"
#include <poll.h>
configure:1029: checking for sys/poll.h
configure:1039: gcc -E  conftest.c >/dev/null 2>conftest.out
configure:1035: sys/poll.h: No such file or directory
configure: failed program was:
#line 1034 "configure"
#include "confdefs.h"
#include <sys/poll.h>
configure:1029: checking for sys/event.h
configure:1039: gcc -E  conftest.c >/dev/null 2>conftest.out
configure:1035: sys/event.h: No such file or directory
configure: failed program was:
#line 1034 "configure"
#include "confdefs.h"
#include <sys/event.h>
configure:1029: checking for osreldate.h
configure:1039: gcc -E  conftest.c >/dev/null 2>conftest.out
configure:1035: osreldate.h: No such file or directory
configure: failed program was:
#line 1034 "configure"
#include "confdefs.h"
#include <osreldate.h>
configure:1066: checking whether time.h and sys/time.h may both be included
configure:1080: gcc -c -g -O2  conftest.c 1>&5
configure:1105: checking for dirent.h that defines DIR
configure:1118: gcc -c -g -O2  conftest.c 1>&5
configure:1143: checking for opendir in -ldir
configure:1162: gcc -o conftest -g -O2   conftest.c -ldir   1>&5
collect2: ld returned 1 exit status
configure: failed program was:
#line 1151 "configure"
#include "confdefs.h"
/* Override any gcc2 internal prototype to avoid an error.  */
/* We use char because int might match the return type of a gcc2
    builtin and then its argument prototype would still apply.  */
char opendir();

int main() {
opendir()
; return 0; }
configure:1228: checking for /usr/local/v6/lib
configure:1238: checking for gethostbyname
configure:1266: gcc -o conftest -g -O2   conftest.c  1>&5
configure:1451: checking for socket
configure:1479: gcc -o conftest -g -O2   conftest.c  1>&5
configure:1580: checking for main in -linet6
configure:1595: gcc -o conftest -g -O2   conftest.c -linet6   1>&5
collect2: ld returned 1 exit status
configure: failed program was:
#line 1588 "configure"
#include "confdefs.h"

int main() {
main()
; return 0; }
configure:1624: checking for crypt
configure:1652: gcc -o conftest -g -O2   conftest.c  1>&5
configure:1719: checking for hstrerror
configure:1747: gcc -o conftest -g -O2   conftest.c  1>&5
configure:1810: checking for strerror
configure:1838: gcc -o conftest -g -O2   conftest.c  1>&5
configure:1867: checking for waitpid
configure:1895: gcc -o conftest -g -O2   conftest.c  1>&5
configure:1867: checking for vsnprintf
configure:1895: gcc -o conftest -g -O2   conftest.c  1>&5
configure:1867: checking for daemon
configure:1895: gcc -o conftest -g -O2   conftest.c  1>&5
collect2: ld returned 1 exit status
configure: failed program was:
#line 1872 "configure"
#include "confdefs.h"
/* System header to define __stub macros and hopefully few prototypes,
    which can conflict with char daemon(); below.  */
#include <assert.h>
/* Override any gcc2 internal prototype to avoid an error.  */
/* We use char because int might match the return type of a gcc2
    builtin and then its argument prototype would still apply.  */
char daemon();

int main() {

/* The GNU C library defines this for functions which it implements
    to always fail with ENOSYS.  Some functions are actually named
    something starting with __ and the normal name is an alias.  */
#if defined (__stub_daemon) || defined (__stub___daemon)
choke me
#else
daemon();
#endif

; return 0; }
configure:1867: checking for setsid
configure:1895: gcc -o conftest -g -O2   conftest.c  1>&5
configure:1867: checking for setlogin
configure:1895: gcc -o conftest -g -O2   conftest.c  1>&5
configure:1867: checking for getaddrinfo
configure:1895: gcc -o conftest -g -O2   conftest.c  1>&5
collect2: ld returned 1 exit status
configure: failed program was:
#line 1872 "configure"
#include "confdefs.h"
/* System header to define __stub macros and hopefully few prototypes,
    which can conflict with char getaddrinfo(); below.  */
#include <assert.h>
/* Override any gcc2 internal prototype to avoid an error.  */
/* We use char because int might match the return type of a gcc2
    builtin and then its argument prototype would still apply.  */
char getaddrinfo();

int main() {

/* The GNU C library defines this for functions which it implements
    to always fail with ENOSYS.  Some functions are actually named
    something starting with __ and the normal name is an alias.  */
#if defined (__stub_getaddrinfo) || defined (__stub___getaddrinfo)
choke me
#else
getaddrinfo();
#endif

; return 0; }
configure:1867: checking for getnameinfo
configure:1895: gcc -o conftest -g -O2   conftest.c  1>&5
collect2: ld returned 1 exit status
configure: failed program was:
#line 1872 "configure"
#include "confdefs.h"
/* System header to define __stub macros and hopefully few prototypes,
    which can conflict with char getnameinfo(); below.  */
#include <assert.h>
/* Override any gcc2 internal prototype to avoid an error.  */
/* We use char because int might match the return type of a gcc2
    builtin and then its argument prototype would still apply.  */
char getnameinfo();

int main() {

/* The GNU C library defines this for functions which it implements
    to always fail with ENOSYS.  Some functions are actually named
    something starting with __ and the normal name is an alias.  */
#if defined (__stub_getnameinfo) || defined (__stub___getnameinfo)
choke me
#else
getnameinfo();
#endif

; return 0; }
configure:1867: checking for gai_strerror
configure:1895: gcc -o conftest -g -O2   conftest.c  1>&5
collect2: ld returned 1 exit status
configure: failed program was:
#line 1872 "configure"
#include "confdefs.h"
/* System header to define __stub macros and hopefully few prototypes,
    which can conflict with char gai_strerror(); below.  */
#include <assert.h>
/* Override any gcc2 internal prototype to avoid an error.  */
/* We use char because int might match the return type of a gcc2
    builtin and then its argument prototype would still apply.  */
char gai_strerror();

int main() {

/* The GNU C library defines this for functions which it implements
    to always fail with ENOSYS.  Some functions are actually named
    something starting with __ and the normal name is an alias.  */
#if defined (__stub_gai_strerror) || defined (__stub___gai_strerror)
choke me
#else
gai_strerror();
#endif

; return 0; }
configure:1867: checking for kqueue
configure:1895: gcc -o conftest -g -O2   conftest.c  1>&5
collect2: ld returned 1 exit status
configure: failed program was:
#line 1872 "configure"
#include "confdefs.h"
/* System header to define __stub macros and hopefully few prototypes,
    which can conflict with char kqueue(); below.  */
#include <assert.h>
/* Override any gcc2 internal prototype to avoid an error.  */
/* We use char because int might match the return type of a gcc2
    builtin and then its argument prototype would still apply.  */
char kqueue();

int main() {

/* The GNU C library defines this for functions which it implements
    to always fail with ENOSYS.  Some functions are actually named
    something starting with __ and the normal name is an alias.  */
#if defined (__stub_kqueue) || defined (__stub___kqueue)
choke me
#else
kqueue();
#endif

; return 0; }
configure:1867: checking for sigset
configure:1895: gcc -o conftest -g -O2   conftest.c  1>&5
collect2: ld returned 1 exit status
configure: failed program was:
#line 1872 "configure"
#include "confdefs.h"
/* System header to define __stub macros and hopefully few prototypes,
    which can conflict with char sigset(); below.  */
#include <assert.h>
/* Override any gcc2 internal prototype to avoid an error.  */
/* We use char because int might match the return type of a gcc2
    builtin and then its argument prototype would still apply.  */
char sigset();

int main() {

/* The GNU C library defines this for functions which it implements
    to always fail with ENOSYS.  Some functions are actually named
    something starting with __ and the normal name is an alias.  */
#if defined (__stub_sigset) || defined (__stub___sigset)
choke me
#else
sigset();
#endif

; return 0; }
configure:1867: checking for atoll
configure:1895: gcc -o conftest -g -O2   conftest.c  1>&5
collect2: ld returned 1 exit status
configure: failed program was:
#line 1872 "configure"
#include "confdefs.h"
/* System header to define __stub macros and hopefully few prototypes,
    which can conflict with char atoll(); below.  */
#include <assert.h>
/* Override any gcc2 internal prototype to avoid an error.  */
/* We use char because int might match the return type of a gcc2
    builtin and then its argument prototype would still apply.  */
char atoll();

int main() {

/* The GNU C library defines this for functions which it implements
    to always fail with ENOSYS.  Some functions are actually named
    something starting with __ and the normal name is an alias.  */
#if defined (__stub_atoll) || defined (__stub___atoll)
choke me
#else
atoll();
#endif

; return 0; }
configure:1923: checking for unistd.h
configure:1933: gcc -E  conftest.c >/dev/null 2>conftest.out
configure:1962: checking for getpagesize
configure:1990: gcc -o conftest -g -O2   conftest.c  1>&5
configure:2015: checking for working mmap
configure:2163: gcc -o conftest -g -O2   conftest.c  1>&5
configure: failed program was:
#line 2023 "configure"
#include "confdefs.h"

/* Thanks to Mike Haertel and Jim Avera for this test.
   Here is a matrix of mmap possibilities:
	mmap private not fixed
	mmap private fixed at somewhere currently unmapped
	mmap private fixed at somewhere already mapped
	mmap shared not fixed
	mmap shared fixed at somewhere currently unmapped
	mmap shared fixed at somewhere already mapped
   For private mappings, we should verify that changes cannot be read()
   back from the file, nor mmap's back from the file at a different
   address.  (There have been systems where private was not correctly
   implemented like the infamous i386 svr4.0, and systems where the
   VM page cache was not coherent with the filesystem buffer cache
   like early versions of FreeBSD and possibly contemporary NetBSD.)
   For shared mappings, we should conversely verify that changes get
   propogated back to all the places they're supposed to be.

   Grep wants private fixed already mapped.
   The main things grep needs to know about mmap are:
   * does it exist and is it safe to write into the mmap'd area
   * how to use it (BSD variants)  */
#include <sys/types.h>
#include <fcntl.h>
#include <sys/mman.h>

/* This mess was copied from the GNU getpagesize.h.  */
#ifndef HAVE_GETPAGESIZE
# ifdef HAVE_UNISTD_H
#  include <unistd.h>
# endif

/* Assume that all systems that can run configure have sys/param.h.  */
# ifndef HAVE_SYS_PARAM_H
#  define HAVE_SYS_PARAM_H 1
# endif

# ifdef _SC_PAGESIZE
#  define getpagesize() sysconf(_SC_PAGESIZE)
# else /* no _SC_PAGESIZE */
#  ifdef HAVE_SYS_PARAM_H
#   include <sys/param.h>
#   ifdef EXEC_PAGESIZE
#    define getpagesize() EXEC_PAGESIZE
#   else /* no EXEC_PAGESIZE */
#    ifdef NBPG
#     define getpagesize() NBPG * CLSIZE
#     ifndef CLSIZE
#      define CLSIZE 1
#     endif /* no CLSIZE */
#    else /* no NBPG */
#     ifdef NBPC
#      define getpagesize() NBPC
#     else /* no NBPC */
#      ifdef PAGESIZE
#       define getpagesize() PAGESIZE
#      endif /* PAGESIZE */
#     endif /* no NBPC */
#    endif /* no NBPG */
#   endif /* no EXEC_PAGESIZE */
#  else /* no HAVE_SYS_PARAM_H */
#   define getpagesize() 8192	/* punt totally */
#  endif /* no HAVE_SYS_PARAM_H */
# endif /* no _SC_PAGESIZE */

#endif /* no HAVE_GETPAGESIZE */

#ifdef __cplusplus
extern "C" { void *malloc(unsigned); }
#else
char *malloc();
#endif

int
main()
{
	char *data, *data2, *data3;
	int i, pagesize;
	int fd;

	pagesize = getpagesize();

	/*
	 * First, make a file with some known garbage in it.
	 */
	data = malloc(pagesize);
	if (!data)
		exit(1);
	for (i = 0; i < pagesize; ++i)
		*(data + i) = rand();
	umask(0);
	fd = creat("conftestmmap", 0600);
	if (fd < 0)
		exit(1);
	if (write(fd, data, pagesize) != pagesize)
		exit(1);
	close(fd);

	/*
	 * Next, try to mmap the file at a fixed address which
	 * already has something else allocated at it.  If we can,
	 * also make sure that we see the same garbage.
	 */
	fd = open("conftestmmap", O_RDWR);
	if (fd < 0)
		exit(1);
	data2 = malloc(2 * pagesize);
	if (!data2)
		exit(1);
	data2 += (pagesize - ((int) data2 & (pagesize - 1))) & (pagesize - 1);
	if (data2 != mmap(data2, pagesize, PROT_READ | PROT_WRITE,
	    MAP_PRIVATE | MAP_FIXED, fd, 0L))
		exit(1);
	for (i = 0; i < pagesize; ++i)
		if (*(data + i) != *(data2 + i))
			exit(1);

	/*
	 * Finally, make sure that changes to the mapped area
	 * do not percolate back to the file as seen by read().
	 * (This is a bug on some variants of i386 svr4.0.)
	 */
	for (i = 0; i < pagesize; ++i)
		*(data2 + i) = *(data2 + i) + 1;
	data3 = malloc(pagesize);
	if (!data3)
		exit(1);
	if (read(fd, data3, pagesize) != pagesize)
		exit(1);
	for (i = 0; i < pagesize; ++i)
		if (*(data + i) != *(data3 + i))
			exit(1);
	close(fd);
	unlink("conftestmmap");
	exit(0);
}

configure:2248: checking for select
configure:2276: gcc -o conftest -g -O2   conftest.c  1>&5
configure:2248: checking for poll
configure:2276: gcc -o conftest -g -O2   conftest.c  1>&5
collect2: ld returned 1 exit status
configure: failed program was:
#line 2253 "configure"
#include "confdefs.h"
/* System header to define __stub macros and hopefully few prototypes,
    which can conflict with char poll(); below.  */
#include <assert.h>
/* Override any gcc2 internal prototype to avoid an error.  */
/* We use char because int might match the return type of a gcc2
    builtin and then its argument prototype would still apply.  */
char poll();

int main() {

/* The GNU C library defines this for functions which it implements
    to always fail with ENOSYS.  Some functions are actually named
    something starting with __ and the normal name is an alias.  */
#if defined (__stub_poll) || defined (__stub___poll)
choke me
#else
poll();
#endif

; return 0; }
configure:2304: checking if struct tm has tm_gmtoff member
configure:2318: gcc -c -g -O2  conftest.c 1>&5
configure:2338: checking if int64_t exists
configure:2351: gcc -c -g -O2  conftest.c 1>&5
configure:2372: checking whether make sets ${MAKE}
configure:2410: checking for a BSD compatible install
