ltconfig:581: checking whether we are using GNU C
ltconfig:589: gcc -E conftest.c
ltconfig:603: checking for object suffix
ltconfig:604: gcc -c   conftest.c 1>&5
ltconfig:629: checking for executable suffix
ltconfig:630: gcc -o conftest    conftest.c  1>&5
ltconfig:776: checking if gcc PIC flag -m68020 -resident32 -malways-restore-a4 works
ltconfig:777: gcc -c  -m68020 -resident32 -malways-restore-a4 -DPIC  conftest.c 1>&5
ltconfig:829: checking if gcc supports -c -o file.o
ltconfig:830: gcc -c  -o out/conftest2.o  conftest.c 1>&5
ltconfig:862: checking if gcc supports -c -o file.lo
ltconfig:863: gcc -c  -c -o conftest.lo  conftest.c 1>&5
ltconfig:914: checking if gcc supports -fno-rtti -fno-exceptions
ltconfig:915: gcc -c  -fno-rtti -fno-exceptions -c conftest.c  conftest.c 1>&5
ltconfig:958: checking if gcc static flag -static works
ltconfig:959: gcc -o conftest    -static conftest.c  1>&5
ltconfig:991: checking for ld used by GCC
GNU ld version 2.9.1 (with BFD 2.9.1)
ltconfig:1653: checking if global_symbol_pipe works
ltconfig:1654: gcc -c   conftest.c 1>&5
ltconfig:1657: eval "/bin/nm conftest.o | sed -n -e 's/^.*[ 	]\([ABCDGISTW]\)[ 	][ 	]*\(\)\([_A-Za-z][_A-Za-z0-9]*\)$/\1 \2\3 \3/p' > conftest.nm"
cannot find nm_test_var in conftest.nm
ltconfig:1653: checking if global_symbol_pipe works
ltconfig:1654: gcc -c   conftest.c 1>&5
ltconfig:1657: eval "/bin/nm conftest.o | sed -n -e 's/^.*[ 	]\([ABCDGISTW]\)[ 	][ 	]*\(_\)\([_A-Za-z][_A-Za-z0-9]*\)$/\1 \2\3 \3/p' > conftest.nm"
ltconfig:1709: gcc -o conftest  -fno-builtin -fno-rtti -fno-exceptions   conftest.c conftstm.o 1>&5
