This file contains any messages produced by compilers while
running configure, to aid debugging if configure makes a mistake.

It was created by libyahoo2 configure 0.7.5, which was
generated by GNU Autoconf 2.59.  Invocation command line was

  $ ./configure --disable-dependency-tracking --bindir=/SDK/Local/C --prefix=/SDK/Local --libdir=/SDK/Local/newlib/lib CFLAGS=-mcrt=newlib CPPFLAGS=-mcrt=newlib CXXFLAGS=-mcrt=newlib LDFLAGS=-mcrt=newlib

## --------- ##
## Platform. ##
## --------- ##

hostname = localhost
uname -m = ppc
uname -r = 52.2
uname -s = AmigaOS
uname -v = 4.0

/usr/bin/uname -p = unknown
/bin/uname -X     = unknown

/bin/arch              = unknown
/usr/bin/arch -k       = unknown
/usr/convex/getsysinfo = unknown
hostinfo               = unknown
/bin/machine           = unknown
/usr/bin/oslevel       = unknown
/bin/universe          = unknown

PATH: /gcc/bin
PATH: /SDK/C
PATH: /SDK/Local/C
PATH: /SDK/Local/newlib/bin
PATH: /SDK/Local/clib2/bin
PATH: /C
PATH: .


## ----------- ##
## Core tests. ##
## ----------- ##

configure:1435: creating cache /dev/null
configure:1563: checking for a BSD-compatible install
configure:1618: result: /SDK/Local/C/ginstall -c
configure:1629: checking whether build environment is sane
configure:1672: result: yes
configure:1706: checking for gawk
configure:1735: result: no
configure:1706: checking for mawk
configure:1735: result: no
configure:1706: checking for nawk
configure:1722: found /SDK/Local/C/nawk
configure:1732: result: nawk
configure:1742: checking whether /SDK/C/gmake sets $(MAKE)
configure:1762: result: yes
configure:1871: checking whether to enable maintainer-specific portions of Makefiles
configure:1880: result: no
configure:1958: checking for gcc
configure:1974: found /gcc/bin/gcc
configure:1984: result: gcc
configure:2228: checking for C compiler version
configure:2231: gcc --version </dev/null >&5
gcc (GCC) 4.0.2 (AmigaOS build 20051012)
Copyright (C) 2005 Free Software Foundation, Inc.
This is free software; see the source for copying conditions.  There is NO
warranty; not even for MERCHANTABILITY or FITNESS FOR A PARTICULAR PURPOSE.

configure:2234: $? = 0
configure:2236: gcc -v </dev/null >&5
Reading specs from /OS4Beta/SDK/gcc/bin/../lib/gcc/ppc-amigaos/4.0.2/specs
Target: ppc-amigaos
Configured with: ../gcc-4.0.2/configure --host=ppc-amigaos --target=ppc-amigaos --build=i686-cygwin --prefix=/gcc --enable-languages=c,c++,objc --enable-haifa --enable-sjlj-exceptions --disable-shared --disable-libstdcxx-pch
Thread model: single
gcc version 4.0.2 (AmigaOS build 20051012)
configure:2239: $? = 0
configure:2241: gcc -V </dev/null >&5
gcc: '-V' option must have argument
configure:2244: $? = 1
configure:2267: checking for C compiler default output file name
configure:2270: gcc -mcrt=newlib -Wall -ansi -pedantic -mcrt=newlib -mcrt=newlib conftest.c  >&5
configure:2273: $? = 0
configure:2319: result: a.out
configure:2324: checking whether the C compiler works
configure:2330: ./a.out
configure:2333: $? = 0
configure:2350: result: yes
configure:2357: checking whether we are cross compiling
configure:2359: result: no
configure:2362: checking for suffix of executables
configure:2364: gcc -o conftest -mcrt=newlib -Wall -ansi -pedantic -mcrt=newlib -mcrt=newlib conftest.c  >&5
configure:2367: $? = 0
configure:2392: result: 
configure:2398: checking for suffix of object files
configure:2419: gcc -c -mcrt=newlib -Wall -ansi -pedantic -mcrt=newlib conftest.c >&5
configure:2422: $? = 0
configure:2444: result: o
configure:2448: checking whether we are using the GNU C compiler
configure:2472: gcc -c -mcrt=newlib -Wall -ansi -pedantic -mcrt=newlib conftest.c >&5
configure:2478: $? = 0
configure:2482: test -z 
			 || test ! -s conftest.err
configure:2485: $? = 0
configure:2488: test -s conftest.o
configure:2491: $? = 0
configure:2504: result: yes
configure:2510: checking whether gcc accepts -g
configure:2531: gcc -c -g -mcrt=newlib conftest.c >&5
configure:2537: $? = 0
configure:2541: test -z 
			 || test ! -s conftest.err
configure:2544: $? = 0
configure:2547: test -s conftest.o
configure:2550: $? = 0
configure:2561: result: yes
configure:2578: checking for gcc option to accept ANSI C
configure:2648: gcc  -c -mcrt=newlib -Wall -ansi -pedantic -mcrt=newlib conftest.c >&5
configure:2654: $? = 0
configure:2658: test -z 
			 || test ! -s conftest.err
configure:2661: $? = 0
configure:2664: test -s conftest.o
configure:2667: $? = 0
configure:2685: result: none needed
configure:2703: gcc -c -mcrt=newlib -Wall -ansi -pedantic -mcrt=newlib conftest.c >&5
conftest.c:2: error: syntax error before 'me'
configure:2709: $? = 1
configure: failed program was:
| #ifndef __cplusplus
|   choke me
| #endif
configure:2850: checking for style of include used by /SDK/C/gmake
configure:2878: result: GNU
configure:2885: checking dependency style of gcc
configure:2947: result: none
configure:3030: checking build system type
configure:3048: result: powerpc-unknown-amigaos
configure:3056: checking host system type
configure:3070: result: powerpc-unknown-amigaos
configure:3078: checking for a sed that does not truncate output
configure:3132: result: /SDK/Local/C/sed
configure:3135: checking for egrep
configure:3145: result: grep -E
configure:3161: checking for ld used by gcc
configure:3228: result: ld
configure:3237: checking if the linker (ld) is GNU ld
configure:3252: result: yes
configure:3257: checking for ld option to reload object files
configure:3264: result: -r
configure:3273: checking for BSD-compatible nm
configure:3315: result: /gcc/bin/nm -B
configure:3319: checking whether ln -s works
configure:3323: result: yes
configure:3330: checking how to recognise dependent libraries
configure:3513: result: unknown
configure:3745: checking how to run the C preprocessor
configure:3780: gcc -E -mcrt=newlib conftest.c
configure:3786: $? = 0
configure:3818: gcc -E -mcrt=newlib conftest.c
conftest.c:11:28: error: ac_nonexistent.h: No such file or directory
configure:3824: $? = 1
configure: failed program was:
| /* confdefs.h.  */
| 
| #define PACKAGE_NAME "libyahoo2"
| #define PACKAGE_TARNAME "libyahoo2"
| #define PACKAGE_VERSION "0.7.5"
| #define PACKAGE_STRING "libyahoo2 0.7.5"
| #define PACKAGE_BUGREPORT "libyahoo2-users@lists.sourceforge.net"
| #define PACKAGE ""
| #define VERSION ""
| /* end confdefs.h.  */
| #include <ac_nonexistent.h>
configure:3863: result: gcc -E
configure:3887: gcc -E -mcrt=newlib conftest.c
configure:3893: $? = 0
configure:3925: gcc -E -mcrt=newlib conftest.c
conftest.c:11:28: error: ac_nonexistent.h: No such file or directory
configure:3931: $? = 1
configure: failed program was:
| /* confdefs.h.  */
| 
| #define PACKAGE_NAME "libyahoo2"
| #define PACKAGE_TARNAME "libyahoo2"
| #define PACKAGE_VERSION "0.7.5"
| #define PACKAGE_STRING "libyahoo2 0.7.5"
| #define PACKAGE_BUGREPORT "libyahoo2-users@lists.sourceforge.net"
| #define PACKAGE ""
| #define VERSION ""
| /* end confdefs.h.  */
| #include <ac_nonexistent.h>
configure:3975: checking for ANSI C header files
configure:4000: gcc -c -mcrt=newlib -Wall -ansi -pedantic -mcrt=newlib conftest.c >&5
configure:4006: $? = 0
configure:4010: test -z 
			 || test ! -s conftest.err
configure:4013: $? = 0
configure:4016: test -s conftest.o
configure:4019: $? = 0
configure:4108: gcc -o conftest -mcrt=newlib -Wall -ansi -pedantic -mcrt=newlib -mcrt=newlib conftest.c  >&5
conftest.c: In function 'main':
conftest.c:28: warning: implicit declaration of function 'exit'
conftest.c:28: warning: incompatible implicit declaration of built-in function 'exit'
configure:4111: $? = 0
configure:4113: ./conftest
configure:4116: $? = 0
configure:4131: result: yes
configure:4155: checking for sys/types.h
configure:4171: gcc -c -mcrt=newlib -Wall -ansi -pedantic -mcrt=newlib conftest.c >&5
configure:4177: $? = 0
configure:4181: test -z 
			 || test ! -s conftest.err
configure:4184: $? = 0
configure:4187: test -s conftest.o
configure:4190: $? = 0
configure:4201: result: yes
configure:4155: checking for sys/stat.h
configure:4171: gcc -c -mcrt=newlib -Wall -ansi -pedantic -mcrt=newlib conftest.c >&5
configure:4177: $? = 0
configure:4181: test -z 
			 || test ! -s conftest.err
configure:4184: $? = 0
configure:4187: test -s conftest.o
configure:4190: $? = 0
configure:4201: result: yes
configure:4155: checking for stdlib.h
configure:4171: gcc -c -mcrt=newlib -Wall -ansi -pedantic -mcrt=newlib conftest.c >&5
configure:4177: $? = 0
configure:4181: test -z 
			 || test ! -s conftest.err
configure:4184: $? = 0
configure:4187: test -s conftest.o
configure:4190: $? = 0
configure:4201: result: yes
configure:4155: checking for string.h
configure:4171: gcc -c -mcrt=newlib -Wall -ansi -pedantic -mcrt=newlib conftest.c >&5
configure:4177: $? = 0
configure:4181: test -z 
			 || test ! -s conftest.err
configure:4184: $? = 0
configure:4187: test -s conftest.o
configure:4190: $? = 0
configure:4201: result: yes
configure:4155: checking for memory.h
configure:4171: gcc -c -mcrt=newlib -Wall -ansi -pedantic -mcrt=newlib conftest.c >&5
In file included from conftest.c:51:
SDK:local/common/include/memory.h:1:2: warning: #warning Hey Spot! Exchange memory.h with string.h
configure:4177: $? = 0
configure:4181: test -z 
			 || test ! -s conftest.err
configure:4184: $? = 0
configure:4187: test -s conftest.o
configure:4190: $? = 0
configure:4201: result: yes
configure:4155: checking for strings.h
configure:4171: gcc -c -mcrt=newlib -Wall -ansi -pedantic -mcrt=newlib conftest.c >&5
configure:4177: $? = 0
configure:4181: test -z 
			 || test ! -s conftest.err
configure:4184: $? = 0
configure:4187: test -s conftest.o
configure:4190: $? = 0
configure:4201: result: yes
configure:4155: checking for inttypes.h
configure:4171: gcc -c -mcrt=newlib -Wall -ansi -pedantic -mcrt=newlib conftest.c >&5
configure:4177: $? = 0
configure:4181: test -z 
			 || test ! -s conftest.err
configure:4184: $? = 0
configure:4187: test -s conftest.o
configure:4190: $? = 0
configure:4201: result: yes
configure:4155: checking for stdint.h
configure:4171: gcc -c -mcrt=newlib -Wall -ansi -pedantic -mcrt=newlib conftest.c >&5
configure:4177: $? = 0
configure:4181: test -z 
			 || test ! -s conftest.err
configure:4184: $? = 0
configure:4187: test -s conftest.o
configure:4190: $? = 0
configure:4201: result: yes
configure:4155: checking for unistd.h
configure:4171: gcc -c -mcrt=newlib -Wall -ansi -pedantic -mcrt=newlib conftest.c >&5
configure:4177: $? = 0
configure:4181: test -z 
			 || test ! -s conftest.err
configure:4184: $? = 0
configure:4187: test -s conftest.o
configure:4190: $? = 0
configure:4201: result: yes
configure:4227: checking dlfcn.h usability
configure:4239: gcc -c -mcrt=newlib -Wall -ansi -pedantic -mcrt=newlib conftest.c >&5
conftest.c:55:19: error: dlfcn.h: No such file or directory
configure:4245: $? = 1
configure: failed program was:
| /* confdefs.h.  */
| 
| #define PACKAGE_NAME "libyahoo2"
| #define PACKAGE_TARNAME "libyahoo2"
| #define PACKAGE_VERSION "0.7.5"
| #define PACKAGE_STRING "libyahoo2 0.7.5"
| #define PACKAGE_BUGREPORT "libyahoo2-users@lists.sourceforge.net"
| #define PACKAGE ""
| #define VERSION ""
| #define STDC_HEADERS 1
| #define HAVE_SYS_TYPES_H 1
| #define HAVE_SYS_STAT_H 1
| #define HAVE_STDLIB_H 1
| #define HAVE_STRING_H 1
| #define HAVE_MEMORY_H 1
| #define HAVE_STRINGS_H 1
| #define HAVE_INTTYPES_H 1
| #define HAVE_STDINT_H 1
| #define HAVE_UNISTD_H 1
| /* end confdefs.h.  */
| #include <stdio.h>
| #if HAVE_SYS_TYPES_H
| # include <sys/types.h>
| #endif
| #if HAVE_SYS_STAT_H
| # include <sys/stat.h>
| #endif
| #if STDC_HEADERS
| # include <stdlib.h>
| # include <stddef.h>
| #else
| # if HAVE_STDLIB_H
| #  include <stdlib.h>
| # endif
| #endif
| #if HAVE_STRING_H
| # if !STDC_HEADERS && HAVE_MEMORY_H
| #  include <memory.h>
| # endif
| # include <string.h>
| #endif
| #if HAVE_STRINGS_H
| # include <strings.h>
| #endif
| #if HAVE_INTTYPES_H
| # include <inttypes.h>
| #else
| # if HAVE_STDINT_H
| #  include <stdint.h>
| # endif
| #endif
| #if HAVE_UNISTD_H
| # include <unistd.h>
| #endif
| #include <dlfcn.h>
configure:4268: result: no
configure:4272: checking dlfcn.h presence
configure:4282: gcc -E -mcrt=newlib conftest.c
conftest.c:21:19: error: dlfcn.h: No such file or directory
configure:4288: $? = 1
configure: failed program was:
| /* confdefs.h.  */
| 
| #define PACKAGE_NAME "libyahoo2"
| #define PACKAGE_TARNAME "libyahoo2"
| #define PACKAGE_VERSION "0.7.5"
| #define PACKAGE_STRING "libyahoo2 0.7.5"
| #define PACKAGE_BUGREPORT "libyahoo2-users@lists.sourceforge.net"
| #define PACKAGE ""
| #define VERSION ""
| #define STDC_HEADERS 1
| #define HAVE_SYS_TYPES_H 1
| #define HAVE_SYS_STAT_H 1
| #define HAVE_STDLIB_H 1
| #define HAVE_STRING_H 1
| #define HAVE_MEMORY_H 1
| #define HAVE_STRINGS_H 1
| #define HAVE_INTTYPES_H 1
| #define HAVE_STDINT_H 1
| #define HAVE_UNISTD_H 1
| /* end confdefs.h.  */
| #include <dlfcn.h>
configure:4308: result: no
configure:4343: checking for dlfcn.h
configure:4350: result: no
configure:4415: checking for g++
configure:4431: found /gcc/bin/g++
configure:4441: result: g++
configure:4457: checking for C++ compiler version
configure:4460: g++ --version </dev/null >&5
g++ (GCC) 4.0.2 (AmigaOS build 20051012)
Copyright (C) 2005 Free Software Foundation, Inc.
This is free software; see the source for copying conditions.  There is NO
warranty; not even for MERCHANTABILITY or FITNESS FOR A PARTICULAR PURPOSE.

configure:4463: $? = 0
configure:4465: g++ -v </dev/null >&5
Reading specs from /OS4Beta/SDK/gcc/bin/../lib/gcc/ppc-amigaos/4.0.2/specs
Target: ppc-amigaos
Configured with: ../gcc-4.0.2/configure --host=ppc-amigaos --target=ppc-amigaos --build=i686-cygwin --prefix=/gcc --enable-languages=c,c++,objc --enable-haifa --enable-sjlj-exceptions --disable-shared --disable-libstdcxx-pch
Thread model: single
gcc version 4.0.2 (AmigaOS build 20051012)
configure:4468: $? = 0
configure:4470: g++ -V </dev/null >&5
g++: '-V' option must have argument
configure:4473: $? = 1
configure:4476: checking whether we are using the GNU C++ compiler
configure:4500: g++ -c -mcrt=newlib -mcrt=newlib conftest.cc >&5
configure:4506: $? = 0
configure:4510: test -z 
			 || test ! -s conftest.err
configure:4513: $? = 0
configure:4516: test -s conftest.o
configure:4519: $? = 0
configure:4532: result: yes
configure:4538: checking whether g++ accepts -g
configure:4559: g++ -c -g -mcrt=newlib conftest.cc >&5
configure:4565: $? = 0
configure:4569: test -z 
			 || test ! -s conftest.err
configure:4572: $? = 0
configure:4575: test -s conftest.o
configure:4578: $? = 0
configure:4589: result: yes
configure:4631: g++ -c -mcrt=newlib -mcrt=newlib conftest.cc >&5
configure:4637: $? = 0
configure:4641: test -z 
			 || test ! -s conftest.err
configure:4644: $? = 0
configure:4647: test -s conftest.o
configure:4650: $? = 0
configure:4676: g++ -c -mcrt=newlib -mcrt=newlib conftest.cc >&5
conftest.cc: In function 'int main()':
conftest.cc:25: error: 'exit' was not declared in this scope
configure:4682: $? = 1
configure: failed program was:
| /* confdefs.h.  */
| 
| #define PACKAGE_NAME "libyahoo2"
| #define PACKAGE_TARNAME "libyahoo2"
| #define PACKAGE_VERSION "0.7.5"
| #define PACKAGE_STRING "libyahoo2 0.7.5"
| #define PACKAGE_BUGREPORT "libyahoo2-users@lists.sourceforge.net"
| #define PACKAGE ""
| #define VERSION ""
| #define STDC_HEADERS 1
| #define HAVE_SYS_TYPES_H 1
| #define HAVE_SYS_STAT_H 1
| #define HAVE_STDLIB_H 1
| #define HAVE_STRING_H 1
| #define HAVE_MEMORY_H 1
| #define HAVE_STRINGS_H 1
| #define HAVE_INTTYPES_H 1
| #define HAVE_STDINT_H 1
| #define HAVE_UNISTD_H 1
| /* end confdefs.h.  */
| 
| int
| main ()
| {
| exit (42);
|   ;
|   return 0;
| }
configure:4631: g++ -c -mcrt=newlib -mcrt=newlib conftest.cc >&5
SDK:newlib/include/stdlib.h:85: error: declaration of 'void std::exit(int)' throws different exceptions
conftest.cc:21: error: than previous declaration 'void std::exit(int) throw ()'
configure:4637: $? = 1
configure: failed program was:
| /* confdefs.h.  */
| 
| #define PACKAGE_NAME "libyahoo2"
| #define PACKAGE_TARNAME "libyahoo2"
| #define PACKAGE_VERSION "0.7.5"
| #define PACKAGE_STRING "libyahoo2 0.7.5"
| #define PACKAGE_BUGREPORT "libyahoo2-users@lists.sourceforge.net"
| #define PACKAGE ""
| #define VERSION ""
| #define STDC_HEADERS 1
| #define HAVE_SYS_TYPES_H 1
| #define HAVE_SYS_STAT_H 1
| #define HAVE_STDLIB_H 1
| #define HAVE_STRING_H 1
| #define HAVE_MEMORY_H 1
| #define HAVE_STRINGS_H 1
| #define HAVE_INTTYPES_H 1
| #define HAVE_STDINT_H 1
| #define HAVE_UNISTD_H 1
| /* end confdefs.h.  */
| extern "C" void std::exit (int) throw (); using std::exit;
| #include <stdlib.h>
| int
| main ()
| {
| exit (42);
|   ;
|   return 0;
| }
configure:4631: g++ -c -mcrt=newlib -mcrt=newlib conftest.cc >&5
configure:4637: $? = 0
configure:4641: test -z 
			 || test ! -s conftest.err
configure:4644: $? = 0
configure:4647: test -s conftest.o
configure:4650: $? = 0
configure:4676: g++ -c -mcrt=newlib -mcrt=newlib conftest.cc >&5
configure:4682: $? = 0
configure:4686: test -z 
			 || test ! -s conftest.err
configure:4689: $? = 0
configure:4692: test -s conftest.o
configure:4695: $? = 0
configure:4720: checking dependency style of g++
configure:4782: result: none
configure:4792: checking how to run the C++ preprocessor
configure:4823: g++ -E -mcrt=newlib conftest.cc
configure:4829: $? = 0
configure:4861: g++ -E -mcrt=newlib conftest.cc
conftest.cc:24:28: error: ac_nonexistent.h: No such file or directory
configure:4867: $? = 1
configure: failed program was:
| /* confdefs.h.  */
| 
| #define PACKAGE_NAME "libyahoo2"
| #define PACKAGE_TARNAME "libyahoo2"
| #define PACKAGE_VERSION "0.7.5"
| #define PACKAGE_STRING "libyahoo2 0.7.5"
| #define PACKAGE_BUGREPORT "libyahoo2-users@lists.sourceforge.net"
| #define PACKAGE ""
| #define VERSION ""
| #define STDC_HEADERS 1
| #define HAVE_SYS_TYPES_H 1
| #define HAVE_SYS_STAT_H 1
| #define HAVE_STDLIB_H 1
| #define HAVE_STRING_H 1
| #define HAVE_MEMORY_H 1
| #define HAVE_STRINGS_H 1
| #define HAVE_INTTYPES_H 1
| #define HAVE_STDINT_H 1
| #define HAVE_UNISTD_H 1
| #ifdef __cplusplus
| extern "C" void std::exit (int); using std::exit;
| #endif
| /* end confdefs.h.  */
| #include <ac_nonexistent.h>
configure:4906: result: g++ -E
configure:4930: g++ -E -mcrt=newlib conftest.cc
configure:4936: $? = 0
configure:4968: g++ -E -mcrt=newlib conftest.cc
conftest.cc:24:28: error: ac_nonexistent.h: No such file or directory
configure:4974: $? = 1
configure: failed program was:
| /* confdefs.h.  */
| 
| #define PACKAGE_NAME "libyahoo2"
| #define PACKAGE_TARNAME "libyahoo2"
| #define PACKAGE_VERSION "0.7.5"
| #define PACKAGE_STRING "libyahoo2 0.7.5"
| #define PACKAGE_BUGREPORT "libyahoo2-users@lists.sourceforge.net"
| #define PACKAGE ""
| #define VERSION ""
| #define STDC_HEADERS 1
| #define HAVE_SYS_TYPES_H 1
| #define HAVE_SYS_STAT_H 1
| #define HAVE_STDLIB_H 1
| #define HAVE_STRING_H 1
| #define HAVE_MEMORY_H 1
| #define HAVE_STRINGS_H 1
| #define HAVE_INTTYPES_H 1
| #define HAVE_STDINT_H 1
| #define HAVE_UNISTD_H 1
| #ifdef __cplusplus
| extern "C" void std::exit (int); using std::exit;
| #endif
| /* end confdefs.h.  */
| #include <ac_nonexistent.h>
configure:5069: checking for g77
configure:5098: result: no
configure:5069: checking for f77
configure:5098: result: no
configure:5069: checking for xlf
configure:5098: result: no
configure:5069: checking for frt
configure:5098: result: no
configure:5069: checking for pgf77
configure:5098: result: no
configure:5069: checking for fort77
configure:5098: result: no
configure:5069: checking for fl32
configure:5098: result: no
configure:5069: checking for af77
configure:5098: result: no
configure:5069: checking for f90
configure:5098: result: no
configure:5069: checking for xlf90
configure:5098: result: no
configure:5069: checking for pgf90
configure:5098: result: no
configure:5069: checking for epcf90
configure:5098: result: no
configure:5069: checking for f95
configure:5098: result: no
configure:5069: checking for fort
configure:5098: result: no
configure:5069: checking for xlf95
configure:5098: result: no
configure:5069: checking for ifc
configure:5098: result: no
configure:5069: checking for efc
configure:5098: result: no
configure:5069: checking for pgf95
configure:5098: result: no
configure:5069: checking for lf95
configure:5098: result: no
configure:5069: checking for gfortran
configure:5098: result: no
configure:5110: checking for Fortran 77 compiler version
configure:5113:  --version </dev/null >&5
./configure: --version: not found
configure:5116: $? = 127
configure:5118:  -v </dev/null >&5
./configure: -v: not found
configure:5121: $? = 127
configure:5123:  -V </dev/null >&5
./configure: -V: not found
configure:5126: $? = 127
configure:5134: checking whether we are using the GNU Fortran 77 compiler
configure:5148:  -c  conftest.F >&5
./configure: -c: not found
configure:5154: $? = 127
configure: failed program was:
|       program main
| #ifndef __GNUC__
|        choke me
| #endif
| 
|       end
configure:5180: result: no
configure:5186: checking whether  accepts -g
configure:5198:  -c -g conftest.f >&5
./configure: -c: not found
configure:5204: $? = 127
configure: failed program was:
|       program main
| 
|       end
configure:5229: result: no
configure:5259: checking the maximum length of command line arguments
configure:5324: result: 8192
configure:5335: checking command to parse /gcc/bin/nm -B output from gcc object
configure:5424: gcc -c -mcrt=newlib -Wall -ansi -pedantic -mcrt=newlib conftest.c >&5
configure:5427: $? = 0
configure:5431: /gcc/bin/nm -B conftest.o \| sed -n -e 's/^.*[ 	]\([ABCDGIRSTW][ABCDGIRSTW]*\)[ 	][ 	]*\(\)\([_A-Za-z][_A-Za-z0-9]*\)$/\1 \2\3 \3/p' \> conftest.nm
configure:5434: $? = 0
configure:5486: gcc -o conftest -mcrt=newlib -Wall -ansi -pedantic -mcrt=newlib -mcrt=newlib conftest.c conftstm.o >&5
configure:5489: $? = 0
configure:5527: result: ok
configure:5531: checking for objdir
configure:5546: result: .libs
configure:5636: checking for ar
configure:5652: found /gcc/bin/ar
configure:5663: result: ar
configure:5716: checking for ranlib
configure:5732: found /gcc/bin/ranlib
configure:5743: result: ranlib
configure:5796: checking for strip
configure:5812: found /gcc/bin/strip
configure:5823: result: strip
configure:6085: checking if gcc static flag  works
configure:6108: result: yes
configure:6126: checking if gcc supports -fno-rtti -fno-exceptions
configure:6144: gcc -c -mcrt=newlib -Wall -ansi -pedantic -mcrt=newlib -fno-rtti -fno-exceptions conftest.c >&5
cc1: warning: command line option "-fno-rtti" is valid for C++/ObjC++ but not for C
configure:6148: $? = 0
configure:6159: result: no
configure:6174: checking for gcc option to produce PIC
configure:6351: result: -m68020 -resident32 -malways-restore-a4
configure:6359: checking if gcc PIC flag -m68020 -resident32 -malways-restore-a4 works
configure:6377: gcc -c -mcrt=newlib -Wall -ansi -pedantic -mcrt=newlib -m68020 -resident32 -malways-restore-a4 -DPIC conftest.c >&5
cc1: error: invalid option '68020'
cc1: error: invalid option 'always-restore-a4'
configure:6381: $? = 1
configure:6392: result: no
configure:6416: checking if gcc supports -c -o file.o
configure:6437: gcc -c -mcrt=newlib -Wall -ansi -pedantic -mcrt=newlib -o out/conftest2.o conftest.c >&5
configure:6441: $? = 0
configure:6461: result: yes
configure:6487: checking whether the gcc linker (ld) supports shared libraries
configure:7335: result: no
configure:7406: checking dynamic linker characteristics
configure:8001: result: amigaos ld.so
configure:8005: checking how to hardcode library paths into programs
configure:8030: result: immediate
configure:8044: checking whether stripping libraries is possible
configure:8049: result: yes
configure:8879: checking if libtool supports shared libraries
configure:8881: result: no
configure:8884: checking whether to build shared libraries
configure:8942: result: no
configure:8945: checking whether to build static libraries
configure:8949: result: yes
configure:9041: creating libtool
configure:9588: checking for ld used by g++
configure:9655: result: ld
configure:9664: checking if the linker (ld) is GNU ld
configure:9679: result: yes
configure:9730: checking whether the g++ linker (ld) supports shared libraries
configure:10558: result: no
configure:10576: g++ -c -mcrt=newlib -mcrt=newlib conftest.cc >&5
configure:10579: $? = 0
configure:10675: checking for g++ option to produce PIC
configure:10927: result: -m68020 -resident32 -malways-restore-a4
configure:10935: checking if g++ PIC flag -m68020 -resident32 -malways-restore-a4 works
configure:10953: g++ -c -mcrt=newlib -mcrt=newlib -m68020 -resident32 -malways-restore-a4 -DPIC conftest.cc >&5
cc1plus: error: invalid option '68020'
cc1plus: error: invalid option 'always-restore-a4'
configure:10957: $? = 1
configure:10968: result: no
configure:10992: checking if g++ supports -c -o file.o
configure:11013: g++ -c -mcrt=newlib -mcrt=newlib -o out/conftest2.o conftest.cc >&5
configure:11017: $? = 0
configure:11037: result: yes
configure:11063: checking whether the g++ linker (ld) supports shared libraries
configure:11088: result: no
configure:11159: checking dynamic linker characteristics
configure:11754: result: amigaos ld.so
configure:11758: checking how to hardcode library paths into programs
configure:11783: result: immediate
configure:11797: checking whether stripping libraries is possible
configure:11802: result: yes
configure:19178: checking for a BSD-compatible install
configure:19233: result: /SDK/Local/C/ginstall -c
configure:19247: checking for library containing socket
configure:19277: gcc -o conftest -mcrt=newlib -Wall -ansi -pedantic -mcrt=newlib -mcrt=newlib conftest.c  >&5
configure:19283: $? = 0
configure:19287: test -z 
			 || test ! -s conftest.err
configure:19290: $? = 0
configure:19293: test -s conftest
configure:19296: $? = 0
configure:19366: result: none required
configure:19504: checking for ANSI C header files
configure:19660: result: yes
configure:19688: checking errno.h usability
configure:19700: gcc -c -mcrt=newlib -Wall -ansi -pedantic -mcrt=newlib conftest.c >&5
configure:19706: $? = 0
configure:19710: test -z 
			 || test ! -s conftest.err
configure:19713: $? = 0
configure:19716: test -s conftest.o
configure:19719: $? = 0
configure:19729: result: yes
configure:19733: checking errno.h presence
configure:19743: gcc -E -mcrt=newlib conftest.c
configure:19749: $? = 0
configure:19769: result: yes
configure:19804: checking for errno.h
configure:19811: result: yes
configure:19679: checking for stdlib.h
configure:19684: result: yes
configure:19679: checking for string.h
configure:19684: result: yes
configure:19679: checking for strings.h
configure:19684: result: yes
configure:19679: checking for unistd.h
configure:19684: result: yes
configure:19826: checking for an ANSI C-conforming const
configure:19893: gcc -c -mcrt=newlib -Wall -ansi -pedantic -mcrt=newlib conftest.c >&5
conftest.c: In function 'main':
conftest.c:57: warning: unused variable 's'
conftest.c:77: warning: unused variable 'foo'
conftest.c:44: warning: unused variable 'zero'
conftest.c:38: warning: unused variable 'x'
configure:19899: $? = 0
configure:19903: test -z 
			 || test ! -s conftest.err
configure:19906: $? = 0
configure:19909: test -s conftest.o
configure:19912: $? = 0
configure:19923: result: yes
configure:19933: checking for size_t
configure:19957: gcc -c -mcrt=newlib -Wall -ansi -pedantic -mcrt=newlib conftest.c >&5
configure:19963: $? = 0
configure:19967: test -z 
			 || test ! -s conftest.err
configure:19970: $? = 0
configure:19973: test -s conftest.o
configure:19976: $? = 0
configure:19987: result: yes
configure:19999: checking whether struct tm is in sys/time.h or time.h
configure:20022: gcc -c -mcrt=newlib -Wall -ansi -pedantic -mcrt=newlib conftest.c >&5
conftest.c: In function 'main':
conftest.c:36: warning: statement with no effect
configure:20028: $? = 0
configure:20032: test -z 
			 || test ! -s conftest.err
configure:20035: $? = 0
configure:20038: test -s conftest.o
configure:20041: $? = 0
configure:20052: result: time.h
configure:20069: checking for stdlib.h
configure:20074: result: yes
configure:20214: checking for GNU libc compatible malloc
configure:20243: gcc -o conftest -mcrt=newlib -Wall -ansi -pedantic -mcrt=newlib -mcrt=newlib conftest.c  >&5
configure:20246: $? = 0
configure:20248: ./conftest
configure:20251: $? = 0
configure:20265: result: yes
configure:20306: checking for memset
configure:20363: gcc -o conftest -mcrt=newlib -Wall -ansi -pedantic -mcrt=newlib -mcrt=newlib conftest.c  >&5
conftest.c:56: warning: conflicting types for built-in function 'memset'
configure:20369: $? = 0
configure:20373: test -z 
			 || test ! -s conftest.err
configure:20376: $? = 0
configure:20379: test -s conftest
configure:20382: $? = 0
configure:20394: result: yes
configure:20306: checking for strchr
configure:20363: gcc -o conftest -mcrt=newlib -Wall -ansi -pedantic -mcrt=newlib -mcrt=newlib conftest.c  >&5
conftest.c:57: warning: conflicting types for built-in function 'strchr'
configure:20369: $? = 0
configure:20373: test -z 
			 || test ! -s conftest.err
configure:20376: $? = 0
configure:20379: test -s conftest
configure:20382: $? = 0
configure:20394: result: yes
configure:20306: checking for strcspn
configure:20363: gcc -o conftest -mcrt=newlib -Wall -ansi -pedantic -mcrt=newlib -mcrt=newlib conftest.c  >&5
conftest.c:58: warning: conflicting types for built-in function 'strcspn'
configure:20369: $? = 0
configure:20373: test -z 
			 || test ! -s conftest.err
configure:20376: $? = 0
configure:20379: test -s conftest
configure:20382: $? = 0
configure:20394: result: yes
configure:20306: checking for strdup
configure:20363: gcc -o conftest -mcrt=newlib -Wall -ansi -pedantic -mcrt=newlib -mcrt=newlib conftest.c  >&5
configure:20369: $? = 0
configure:20373: test -z 
			 || test ! -s conftest.err
configure:20376: $? = 0
configure:20379: test -s conftest
configure:20382: $? = 0
configure:20394: result: yes
configure:20306: checking for strncasecmp
configure:20363: gcc -o conftest -mcrt=newlib -Wall -ansi -pedantic -mcrt=newlib -mcrt=newlib conftest.c  >&5
configure:20369: $? = 0
configure:20373: test -z 
			 || test ! -s conftest.err
configure:20376: $? = 0
configure:20379: test -s conftest
configure:20382: $? = 0
configure:20394: result: yes
configure:20306: checking for strrchr
configure:20363: gcc -o conftest -mcrt=newlib -Wall -ansi -pedantic -mcrt=newlib -mcrt=newlib conftest.c  >&5
conftest.c:61: warning: conflicting types for built-in function 'strrchr'
configure:20369: $? = 0
configure:20373: test -z 
			 || test ! -s conftest.err
configure:20376: $? = 0
configure:20379: test -s conftest
configure:20382: $? = 0
configure:20394: result: yes
configure:20306: checking for strstr
configure:20363: gcc -o conftest -mcrt=newlib -Wall -ansi -pedantic -mcrt=newlib -mcrt=newlib conftest.c  >&5
conftest.c:62: warning: conflicting types for built-in function 'strstr'
configure:20369: $? = 0
configure:20373: test -z 
			 || test ! -s conftest.err
configure:20376: $? = 0
configure:20379: test -s conftest
configure:20382: $? = 0
configure:20394: result: yes
configure:20306: checking for strtol
configure:20363: gcc -o conftest -mcrt=newlib -Wall -ansi -pedantic -mcrt=newlib -mcrt=newlib conftest.c  >&5
configure:20369: $? = 0
configure:20373: test -z 
			 || test ! -s conftest.err
configure:20376: $? = 0
configure:20379: test -s conftest
configure:20382: $? = 0
configure:20394: result: yes
configure:21118: checking for pkg-config
configure:21136: found /SDK/Local/newlib/bin/pkg-config
configure:21149: result: /SDK/Local/newlib/bin/pkg-config
configure:21172: checking for GLIB - version >= 2.0.0
configure:21328: result: no
configure:21361: gcc -o conftest -mcrt=newlib -Wall -ansi -pedantic  -mcrt=newlib -mcrt=newlib conftest.c   >&5
conftest.c:41:18: error: glib.h: No such file or directory
conftest.c: In function 'main':
conftest.c:47: error: 'glib_major_version' undeclared (first use in this function)
conftest.c:47: error: (Each undeclared identifier is reported only once
conftest.c:47: error: for each function it appears in.)
conftest.c:47: error: 'glib_minor_version' undeclared (first use in this function)
conftest.c:47: error: 'glib_micro_version' undeclared (first use in this function)
configure:21367: $? = 1
configure: failed program was:
| /* confdefs.h.  */
| 
| #define PACKAGE_NAME "libyahoo2"
| #define PACKAGE_TARNAME "libyahoo2"
| #define PACKAGE_VERSION "0.7.5"
| #define PACKAGE_STRING "libyahoo2 0.7.5"
| #define PACKAGE_BUGREPORT "libyahoo2-users@lists.sourceforge.net"
| #define PACKAGE ""
| #define VERSION ""
| #define STDC_HEADERS 1
| #define HAVE_SYS_TYPES_H 1
| #define HAVE_SYS_STAT_H 1
| #define HAVE_STDLIB_H 1
| #define HAVE_STRING_H 1
| #define HAVE_MEMORY_H 1
| #define HAVE_STRINGS_H 1
| #define HAVE_INTTYPES_H 1
| #define HAVE_STDINT_H 1
| #define HAVE_UNISTD_H 1
| #ifdef __cplusplus
| extern "C" void std::exit (int); using std::exit;
| #endif
| #define STDC_HEADERS 1
| #define HAVE_ERRNO_H 1
| #define HAVE_STDLIB_H 1
| #define HAVE_STRING_H 1
| #define HAVE_STRINGS_H 1
| #define HAVE_UNISTD_H 1
| #define HAVE_STDLIB_H 1
| #define HAVE_MALLOC 1
| #define HAVE_MEMSET 1
| #define HAVE_STRCHR 1
| #define HAVE_STRCSPN 1
| #define HAVE_STRDUP 1
| #define HAVE_STRNCASECMP 1
| #define HAVE_STRRCHR 1
| #define HAVE_STRSTR 1
| #define HAVE_STRTOL 1
| /* end confdefs.h.  */
| 
| #include <glib.h>
| #include <stdio.h>
| 
| int
| main ()
| {
|  return ((glib_major_version) || (glib_minor_version) || (glib_micro_version));
|   ;
|   return 0;
| }
configure:21460: checking for glib-config
configure:21478: found /SDK/Local/clib2/bin/glib-config
configure:21491: result: /SDK/Local/clib2/bin/glib-config
configure:21499: checking for GLIB - version >= 1.2.8
configure:21603: gcc -o conftest -mcrt=newlib -Wall -ansi -pedantic -ISDK:Local/clib2/include/glib-1.2 -ISDK:Local/clib2/lib/glib/include -mcrt=newlib -mcrt=newlib conftest.c -LSDK:Local/clib2/lib -lglib  >&5
In file included from conftest.c:41:
SDK:Local/clib2/include/glib-1.2/glib.h:1308:23: warning: ISO C does not permit named variadic macros
SDK:Local/clib2/include/glib-1.2/glib.h:1311:25: warning: ISO C does not permit named variadic macros
SDK:Local/clib2/include/glib-1.2/glib.h:1314:26: warning: ISO C does not permit named variadic macros
SDK:Local/clib2/include/glib-1.2/glib.h:1317:25: warning: ISO C does not permit named variadic macros
In file included from conftest.c:41:
SDK:Local/clib2/include/glib-1.2/glib.h:2354: warning: comma at end of enumerator list
SDK:Local/clib2/include/glib-1.2/glib.h:2354: error: syntax error before '/' token
SDK:Local/clib2/include/glib-1.2/glib.h:2355: warning: comma at end of enumerator list
SDK:Local/clib2/include/glib-1.2/glib.h:2355: error: syntax error before '/' token
SDK:Local/clib2/include/glib-1.2/glib.h:2356: warning: comma at end of enumerator list
SDK:Local/clib2/include/glib-1.2/glib.h:2356: error: syntax error before '/' token
SDK:Local/clib2/include/glib-1.2/glib.h:2357: warning: comma at end of enumerator list
SDK:Local/clib2/include/glib-1.2/glib.h:2357: error: syntax error before '/' token
SDK:Local/clib2/include/glib-1.2/glib.h:2358: warning: comma at end of enumerator list
SDK:Local/clib2/include/glib-1.2/glib.h:2358: error: syntax error before '/' token
SDK:Local/clib2/include/glib-1.2/glib.h:2359: warning: comma at end of enumerator list
SDK:Local/clib2/include/glib-1.2/glib.h:2359: error: syntax error before '/' token
configure:21606: $? = 1
configure: program exited with status 1
configure: failed program was:
| /* confdefs.h.  */
| 
| #define PACKAGE_NAME "libyahoo2"
| #define PACKAGE_TARNAME "libyahoo2"
| #define PACKAGE_VERSION "0.7.5"
| #define PACKAGE_STRING "libyahoo2 0.7.5"
| #define PACKAGE_BUGREPORT "libyahoo2-users@lists.sourceforge.net"
| #define PACKAGE ""
| #define VERSION ""
| #define STDC_HEADERS 1
| #define HAVE_SYS_TYPES_H 1
| #define HAVE_SYS_STAT_H 1
| #define HAVE_STDLIB_H 1
| #define HAVE_STRING_H 1
| #define HAVE_MEMORY_H 1
| #define HAVE_STRINGS_H 1
| #define HAVE_INTTYPES_H 1
| #define HAVE_STDINT_H 1
| #define HAVE_UNISTD_H 1
| #ifdef __cplusplus
| extern "C" void std::exit (int); using std::exit;
| #endif
| #define STDC_HEADERS 1
| #define HAVE_ERRNO_H 1
| #define HAVE_STDLIB_H 1
| #define HAVE_STRING_H 1
| #define HAVE_STRINGS_H 1
| #define HAVE_UNISTD_H 1
| #define HAVE_STDLIB_H 1
| #define HAVE_MALLOC 1
| #define HAVE_MEMSET 1
| #define HAVE_STRCHR 1
| #define HAVE_STRCSPN 1
| #define HAVE_STRDUP 1
| #define HAVE_STRNCASECMP 1
| #define HAVE_STRRCHR 1
| #define HAVE_STRSTR 1
| #define HAVE_STRTOL 1
| /* end confdefs.h.  */
| 
| #include <glib.h>
| #include <stdio.h>
| #include <stdlib.h>
| 
| int
| main ()
| {
|   int major, minor, micro;
|   char *tmp_version;
| 
|   system ("touch conf.glibtest");
| 
|   /* HP/UX 9 (%@#!) writes to sscanf strings */
|   tmp_version = g_strdup("1.2.8");
|   if (sscanf(tmp_version, "%d.%d.%d", &major, &minor, &micro) != 3) {
|      printf("%s, bad version string\n", "1.2.8");
|      exit(1);
|    }
| 
|   if ((glib_major_version != 1) ||
|       (glib_minor_version != 2) ||
|       (glib_micro_version != 10))
|     {
|       printf("\n*** 'glib-config --version' returned %d.%d.%d, but GLIB (%d.%d.%d)\n",
|              1, 2, 10,
|              glib_major_version, glib_minor_version, glib_micro_version);
|       printf ("*** was found! If glib-config was correct, then it is best\n");
|       printf ("*** to remove the old version of GLIB. You may also be able to fix the error\n");
|       printf("*** by modifying your LD_LIBRARY_PATH enviroment variable, or by editing\n");
|       printf("*** /etc/ld.so.conf. Make sure you have run ldconfig if that is\n");
|       printf("*** required on your system.\n");
|       printf("*** If glib-config was wrong, set the environment variable GLIB_CONFIG\n");
|       printf("*** to point to the correct copy of glib-config, and remove the file config.cache\n");
|       printf("*** before re-running configure\n");
|     }
|   else if ((glib_major_version != GLIB_MAJOR_VERSION) ||
| 	   (glib_minor_version != GLIB_MINOR_VERSION) ||
|            (glib_micro_version != GLIB_MICRO_VERSION))
|     {
|       printf("*** GLIB header files (version %d.%d.%d) do not match\n",
| 	     GLIB_MAJOR_VERSION, GLIB_MINOR_VERSION, GLIB_MICRO_VERSION);
|       printf("*** library (version %d.%d.%d)\n",
| 	     glib_major_version, glib_minor_version, glib_micro_version);
|     }
|   else
|     {
|       if ((glib_major_version > major) ||
|         ((glib_major_version == major) && (glib_minor_version > minor)) ||
|         ((glib_major_version == major) && (glib_minor_version == minor) && (glib_micro_version >= micro)))
|       {
|         return 0;
|        }
|      else
|       {
|         printf("\n*** An old version of GLIB (%d.%d.%d) was found.\n",
|                glib_major_version, glib_minor_version, glib_micro_version);
|         printf("*** You need a version of GLIB newer than %d.%d.%d. The latest version of\n",
| 	       major, minor, micro);
|         printf("*** GLIB is always available from ftp://ftp.gtk.org.\n");
|         printf("***\n");
|         printf("*** If you have already installed a sufficiently new version, this error\n");
|         printf("*** probably means that the wrong copy of the glib-config shell script is\n");
|         printf("*** being found. The easiest way to fix this is to remove the old version\n");
|         printf("*** of GLIB, but you can also set the GLIB_CONFIG environment to point to the\n");
|         printf("*** correct copy of glib-config. (In this case, you will have to\n");
|         printf("*** modify your LD_LIBRARY_PATH enviroment variable, or edit /etc/ld.so.conf\n");
|         printf("*** so that the correct libraries are found at run-time))\n");
|       }
|     }
|   return 1;
| }
| 
configure:21641: result: no
configure:21674: gcc -o conftest -mcrt=newlib -Wall -ansi -pedantic -ISDK:Local/clib2/include/glib-1.2 -ISDK:Local/clib2/lib/glib/include -mcrt=newlib -mcrt=newlib conftest.c  -LSDK:Local/clib2/lib -lglib >&5
In file included from conftest.c:41:
SDK:Local/clib2/include/glib-1.2/glib.h:1308:23: warning: ISO C does not permit named variadic macros
SDK:Local/clib2/include/glib-1.2/glib.h:1311:25: warning: ISO C does not permit named variadic macros
SDK:Local/clib2/include/glib-1.2/glib.h:1314:26: warning: ISO C does not permit named variadic macros
SDK:Local/clib2/include/glib-1.2/glib.h:1317:25: warning: ISO C does not permit named variadic macros
In file included from conftest.c:41:
SDK:Local/clib2/include/glib-1.2/glib.h:2354: warning: comma at end of enumerator list
SDK:Local/clib2/include/glib-1.2/glib.h:2354: error: syntax error before '/' token
SDK:Local/clib2/include/glib-1.2/glib.h:2355: warning: comma at end of enumerator list
SDK:Local/clib2/include/glib-1.2/glib.h:2355: error: syntax error before '/' token
SDK:Local/clib2/include/glib-1.2/glib.h:2356: warning: comma at end of enumerator list
SDK:Local/clib2/include/glib-1.2/glib.h:2356: error: syntax error before '/' token
SDK:Local/clib2/include/glib-1.2/glib.h:2357: warning: comma at end of enumerator list
SDK:Local/clib2/include/glib-1.2/glib.h:2357: error: syntax error before '/' token
SDK:Local/clib2/include/glib-1.2/glib.h:2358: warning: comma at end of enumerator list
SDK:Local/clib2/include/glib-1.2/glib.h:2358: error: syntax error before '/' token
SDK:Local/clib2/include/glib-1.2/glib.h:2359: warning: comma at end of enumerator list
SDK:Local/clib2/include/glib-1.2/glib.h:2359: error: syntax error before '/' token
configure:21680: $? = 1
configure: failed program was:
| /* confdefs.h.  */
| 
| #define PACKAGE_NAME "libyahoo2"
| #define PACKAGE_TARNAME "libyahoo2"
| #define PACKAGE_VERSION "0.7.5"
| #define PACKAGE_STRING "libyahoo2 0.7.5"
| #define PACKAGE_BUGREPORT "libyahoo2-users@lists.sourceforge.net"
| #define PACKAGE ""
| #define VERSION ""
| #define STDC_HEADERS 1
| #define HAVE_SYS_TYPES_H 1
| #define HAVE_SYS_STAT_H 1
| #define HAVE_STDLIB_H 1
| #define HAVE_STRING_H 1
| #define HAVE_MEMORY_H 1
| #define HAVE_STRINGS_H 1
| #define HAVE_INTTYPES_H 1
| #define HAVE_STDINT_H 1
| #define HAVE_UNISTD_H 1
| #ifdef __cplusplus
| extern "C" void std::exit (int); using std::exit;
| #endif
| #define STDC_HEADERS 1
| #define HAVE_ERRNO_H 1
| #define HAVE_STDLIB_H 1
| #define HAVE_STRING_H 1
| #define HAVE_STRINGS_H 1
| #define HAVE_UNISTD_H 1
| #define HAVE_STDLIB_H 1
| #define HAVE_MALLOC 1
| #define HAVE_MEMSET 1
| #define HAVE_STRCHR 1
| #define HAVE_STRCSPN 1
| #define HAVE_STRDUP 1
| #define HAVE_STRNCASECMP 1
| #define HAVE_STRRCHR 1
| #define HAVE_STRSTR 1
| #define HAVE_STRTOL 1
| /* end confdefs.h.  */
| 
| #include <glib.h>
| #include <stdio.h>
| 
| int
| main ()
| {
|  return ((glib_major_version) || (glib_minor_version) || (glib_micro_version));
|   ;
|   return 0;
| }
configure:21847: creating ./config.status

## ---------------------- ##
## Running config.status. ##
## ---------------------- ##

This file was extended by libyahoo2 config.status 0.7.5, which was
generated by GNU Autoconf 2.59.  Invocation command line was

  CONFIG_FILES    = 
  CONFIG_HEADERS  = 
  CONFIG_LINKS    = 
  CONFIG_COMMANDS = 
  $ ./config.status 

on localhost

config.status:727: creating Makefile
config.status:727: creating libyahoo2.pc
config.status:727: creating libyahoo2.spec
config.status:727: creating src/Makefile
config.status:727: creating doc/Makefile
config.status:831: creating config.h
config.status:1133: executing default-1 commands

## ---------------- ##
## Cache variables. ##
## ---------------- ##

ac_cv_build=powerpc-unknown-amigaos
ac_cv_build_alias=ppc-unknown-amigaos
ac_cv_c_compiler_gnu=yes
ac_cv_c_const=yes
ac_cv_cxx_compiler_gnu=yes
ac_cv_env_CC_set=
ac_cv_env_CC_value=
ac_cv_env_CFLAGS_set=set
ac_cv_env_CFLAGS_value=-mcrt=newlib
ac_cv_env_CPPFLAGS_set=set
ac_cv_env_CPPFLAGS_value=-mcrt=newlib
ac_cv_env_CPP_set=
ac_cv_env_CPP_value=
ac_cv_env_CXXCPP_set=
ac_cv_env_CXXCPP_value=
ac_cv_env_CXXFLAGS_set=set
ac_cv_env_CXXFLAGS_value=-mcrt=newlib
ac_cv_env_CXX_set=
ac_cv_env_CXX_value=
ac_cv_env_F77_set=
ac_cv_env_F77_value=
ac_cv_env_FFLAGS_set=
ac_cv_env_FFLAGS_value=
ac_cv_env_LDFLAGS_set=set
ac_cv_env_LDFLAGS_value=-mcrt=newlib
ac_cv_env_build_alias_set=
ac_cv_env_build_alias_value=
ac_cv_env_host_alias_set=
ac_cv_env_host_alias_value=
ac_cv_env_target_alias_set=
ac_cv_env_target_alias_value=
ac_cv_exeext=
ac_cv_f77_compiler_gnu=no
ac_cv_func_malloc_0_nonnull=yes
ac_cv_func_memset=yes
ac_cv_func_strchr=yes
ac_cv_func_strcspn=yes
ac_cv_func_strdup=yes
ac_cv_func_strncasecmp=yes
ac_cv_func_strrchr=yes
ac_cv_func_strstr=yes
ac_cv_func_strtol=yes
ac_cv_header_dlfcn_h=no
ac_cv_header_errno_h=yes
ac_cv_header_inttypes_h=yes
ac_cv_header_memory_h=yes
ac_cv_header_stdc=yes
ac_cv_header_stdint_h=yes
ac_cv_header_stdlib_h=yes
ac_cv_header_string_h=yes
ac_cv_header_strings_h=yes
ac_cv_header_sys_stat_h=yes
ac_cv_header_sys_types_h=yes
ac_cv_header_unistd_h=yes
ac_cv_host=powerpc-unknown-amigaos
ac_cv_host_alias=ppc-unknown-amigaos
ac_cv_objext=o
ac_cv_path_GLIB_CONFIG=/SDK/Local/clib2/bin/glib-config
ac_cv_path_PKG_CONFIG=/SDK/Local/newlib/bin/pkg-config
ac_cv_path_install='/SDK/Local/C/ginstall -c'
ac_cv_prog_AWK=nawk
ac_cv_prog_CPP='gcc -E'
ac_cv_prog_CXXCPP='g++ -E'
ac_cv_prog_ac_ct_AR=ar
ac_cv_prog_ac_ct_CC=gcc
ac_cv_prog_ac_ct_CXX=g++
ac_cv_prog_ac_ct_RANLIB=ranlib
ac_cv_prog_ac_ct_STRIP=strip
ac_cv_prog_cc_g=yes
ac_cv_prog_cc_stdc=
ac_cv_prog_cxx_g=yes
ac_cv_prog_egrep='grep -E'
ac_cv_prog_f77_g=no
ac_cv_prog_make__SDK_C_gmake_set=yes
ac_cv_search_socket='none required'
ac_cv_struct_tm=time.h
ac_cv_type_size_t=yes
am_cv_CC_dependencies_compiler_type=none
am_cv_CXX_dependencies_compiler_type=none
lt_cv_deplibs_check_method=unknown
lt_cv_file_magic_cmd='$MAGIC_CMD'
lt_cv_file_magic_test_file=
lt_cv_ld_reload_flag=-r
lt_cv_objdir=.libs
lt_cv_path_LD=ld
lt_cv_path_LDCXX=ld
lt_cv_path_NM='/gcc/bin/nm -B'
lt_cv_path_SED=/SDK/Local/C/sed
lt_cv_prog_compiler_c_o=yes
lt_cv_prog_compiler_c_o_CXX=yes
lt_cv_prog_compiler_rtti_exceptions=no
lt_cv_prog_gnu_ld=yes
lt_cv_prog_gnu_ldcxx=yes
lt_cv_sys_global_symbol_pipe='sed -n -e '\''s/^.*[ 	]\([ABCDGIRSTW][ABCDGIRSTW]*\)[ 	][ 	]*\(\)\([_A-Za-z][_A-Za-z0-9]*\)$/\1 \2\3 \3/p'\'
lt_cv_sys_global_symbol_to_c_name_address='sed -n -e '\''s/^: \([^ ]*\) $/  {\"\1\", (lt_ptr) 0},/p'\'' -e '\''s/^[BCDEGRST] \([^ ]*\) \([^ ]*\)$/  {"\2", (lt_ptr) \&\2},/p'\'
lt_cv_sys_global_symbol_to_cdecl='sed -n -e '\''s/^. .* \(.*\)$/extern int \1;/p'\'
lt_cv_sys_max_cmd_len=8192
lt_lt_cv_prog_compiler_c_o='"yes"'
lt_lt_cv_prog_compiler_c_o_CXX='"yes"'
lt_lt_cv_sys_global_symbol_pipe='"sed -n -e '\''s/^.*[ 	]\\([ABCDGIRSTW][ABCDGIRSTW]*\\)[ 	][ 	]*\\(\\)\\([_A-Za-z][_A-Za-z0-9]*\\)\$/\\1 \\2\\3 \\3/p'\''"'
lt_lt_cv_sys_global_symbol_to_c_name_address='"sed -n -e '\''s/^: \\([^ ]*\\) \$/  {\\\"\\1\\\", (lt_ptr) 0},/p'\'' -e '\''s/^[BCDEGRST] \\([^ ]*\\) \\([^ ]*\\)\$/  {\"\\2\", (lt_ptr) \\&\\2},/p'\''"'
lt_lt_cv_sys_global_symbol_to_cdecl='"sed -n -e '\''s/^. .* \\(.*\\)\$/extern int \\1;/p'\''"'

## ----------------- ##
## Output variables. ##
## ----------------- ##

ac_ct_AR='ar'
ac_ct_CC='gcc'
ac_ct_CXX='g++'
ac_ct_F77=''
ac_ct_RANLIB='ranlib'
ac_ct_STRIP='strip'
ACLOCAL='${SHELL} /Scene/Coding/libyahoo2-0.7.5/missing --run aclocal'
am__include='include'
am__quote=''
AMDEP_FALSE=''
AMDEP_TRUE='#'
AMDEPBACKSLASH=''
AMTAR='${SHELL} /Scene/Coding/libyahoo2-0.7.5/missing --run tar'
AR='ar'
AUTOCONF='${SHELL} /Scene/Coding/libyahoo2-0.7.5/missing --run autoconf'
AUTOHEADER='${SHELL} /Scene/Coding/libyahoo2-0.7.5/missing --run autoheader'
AUTOMAKE='${SHELL} /Scene/Coding/libyahoo2-0.7.5/missing --run automake'
AWK='nawk'
bindir='/SDK/Local/C'
build='powerpc-unknown-amigaos'
build_alias=''
build_cpu='powerpc'
build_os='amigaos'
build_vendor='unknown'
CC='gcc'
CCDEPMODE='depmode=none'
CFLAGS='-mcrt=newlib -Wall -ansi -pedantic'
CPP='gcc -E'
CPPFLAGS='-mcrt=newlib'
CXX='g++'
CXXCPP='g++ -E'
CXXDEPMODE='depmode=none'
CXXFLAGS='-mcrt=newlib'
datadir='${prefix}/share'
DATE=''
DEFS='-DHAVE_CONFIG_H'
DEPDIR='.deps'
ECHO='/SDK/Local/C/echo'
ECHO_C=''ECHO_N=''
ECHO_T=''
EGREP='grep -E'
exec_prefix='${prefix}'
EXEEXT=''
F77=''
FFLAGS=''
GLIB_CFLAGS=''
GLIB_CONFIG='/SDK/Local/clib2/bin/glib-config'
GLIB_GENMARSHAL=''
GLIB_LIBS=''
GLIB_MKENUMS=''
GOBJECT_QUERY=''
host='powerpc-unknown-amigaos'
host_alias=''
host_cpu='powerpc'
host_os='amigaos'
host_vendor='unknown'
includedir='${prefix}/include'
infodir='${prefix}/info'
INSTALL_DATA='${INSTALL} -m 644'
INSTALL_PROGRAM='${INSTALL}'
INSTALL_SCRIPT='${INSTALL}'
install_sh='/Scene/Coding/libyahoo2-0.7.5/install-sh'
INSTALL_STRIP_PROGRAM='${SHELL} $(install_sh) -c -s'
LDFLAGS='-mcrt=newlib'
libdir='/SDK/Local/newlib/lib'
libexecdir='${exec_prefix}/libexec'
LIBOBJS=''
LIBS=''
LIBTOOL='$(SHELL) $(top_builddir)/libtool'
LN_S='ln -s'
localstatedir='${prefix}/var'
LTLIBOBJS=''
MAINT='#'
MAINTAINER_MODE_FALSE=''
MAINTAINER_MODE_TRUE='#'
MAKEINFO='${SHELL} /Scene/Coding/libyahoo2-0.7.5/missing --run makeinfo'
mandir='${prefix}/man'
OBJEXT='o'
oldincludedir='/usr/include'
PACKAGE=''
PACKAGE_BUGREPORT='libyahoo2-users@lists.sourceforge.net'
PACKAGE_NAME='libyahoo2'
PACKAGE_STRING='libyahoo2 0.7.5'
PACKAGE_TARNAME='libyahoo2'
PACKAGE_VERSION='0.7.5'
PATH_SEPARATOR=':'
PKG_CONFIG='/SDK/Local/newlib/bin/pkg-config'
prefix='/SDK/Local'
program_transform_name='s,x,x,'
RANLIB='ranlib'
SAMPLE_CLIENT_FALSE='#'
SAMPLE_CLIENT_TRUE=''
sbindir='${exec_prefix}/sbin'
SET_MAKE=''
sharedstatedir='${prefix}/com'
SHELL='/bin/sh'
STRIP='strip'
sysconfdir='${prefix}/etc'
target_alias=''
VERSION=''
YAHOO2_VERSION='9:0:0'
YAHOOPKGREQ=''

## ------------- ##
## Output files. ##
## ------------- ##

CHANGELOG='ChangeLog'

## ----------- ##
## confdefs.h. ##
## ----------- ##

#define HAVE_ERRNO_H 1
#define HAVE_INTTYPES_H 1
#define HAVE_MALLOC 1
#define HAVE_MEMORY_H 1
#define HAVE_MEMSET 1
#define HAVE_STDINT_H 1
#define HAVE_STDLIB_H 1
#define HAVE_STDLIB_H 1
#define HAVE_STDLIB_H 1
#define HAVE_STRCHR 1
#define HAVE_STRCSPN 1
#define HAVE_STRDUP 1
#define HAVE_STRING_H 1
#define HAVE_STRING_H 1
#define HAVE_STRINGS_H 1
#define HAVE_STRINGS_H 1
#define HAVE_STRNCASECMP 1
#define HAVE_STRRCHR 1
#define HAVE_STRSTR 1
#define HAVE_STRTOL 1
#define HAVE_SYS_STAT_H 1
#define HAVE_SYS_TYPES_H 1
#define HAVE_UNISTD_H 1
#define HAVE_UNISTD_H 1
#define PACKAGE ""
#define PACKAGE_BUGREPORT "libyahoo2-users@lists.sourceforge.net"
#define PACKAGE_NAME "libyahoo2"
#define PACKAGE_STRING "libyahoo2 0.7.5"
#define PACKAGE_TARNAME "libyahoo2"
#define PACKAGE_VERSION "0.7.5"
#define STDC_HEADERS 1
#define STDC_HEADERS 1
#define VERSION ""
#endif
#ifdef __cplusplus
extern "C" void std::exit (int); using std::exit;

configure: exit 0

## ---------------------- ##
## Running config.status. ##
## ---------------------- ##

This file was extended by libyahoo2 config.status 0.7.5, which was
generated by GNU Autoconf 2.59.  Invocation command line was

  CONFIG_FILES    = 
  CONFIG_HEADERS  = config.h
  CONFIG_LINKS    = 
  CONFIG_COMMANDS = 
  $ ./config.status 

on localhost

config.status:727: creating Makefile
config.status:727: creating libyahoo2.pc
config.status:727: creating libyahoo2.spec
config.status:727: creating src/Makefile
config.status:727: creating doc/Makefile
config.status:831: creating config.h
config.status:969: config.h is unchanged
config.status:1133: executing default-1 commands
