This file contains any messages produced by compilers while
running configure, to aid debugging if configure makes a mistake.

It was created by configure, which was
generated by GNU Autoconf 2.61.  Invocation command line was

  $ ./configure --prefix=/SDK/Local --disable-dependency-tracking --bindir=/SDK/Local/C --libdir=/SDK/Local/newlib/lib CFLAGS=-mcrt=newlib CPPFLAGS=-mcrt=newlib CXXFLAGS=-mcrt=newlib LDFLAGS=-mcrt=newlib --cache-file=/dev/null --srcdir=.

## --------- ##
## Platform. ##
## --------- ##

hostname = localhost
uname -m = ppc
uname -r = 52.2
uname -s = AmigaOS
uname -v = 4.0

/usr/bin/uname -p = unknown
/bin/uname -X     = unknown

/bin/arch              = unknown
/usr/bin/arch -k       = unknown
/usr/convex/getsysinfo = unknown
/usr/bin/hostinfo      = unknown
/bin/machine           = unknown
/usr/bin/oslevel       = unknown
/bin/universe          = unknown

PATH: /gcc/bin
PATH: /SDK/C
PATH: /SDK/Local/C
PATH: /SDK/Local/newlib/bin
PATH: /SDK/Local/clib2/bin
PATH: /C
PATH: .


## ----------- ##
## Core tests. ##
## ----------- ##

configure:1661: creating cache /dev/null
configure:1784: checking for a BSD-compatible install
configure:1840: result: /SDK/Local/C/ginstall -c
configure:1851: checking whether build environment is sane
configure:1894: result: yes
configure:1922: checking for a thread-safe mkdir -p
configure:1961: result: /SDK/Local/C/mkdir -p
configure:1974: checking for gawk
configure:2004: result: no
configure:1974: checking for mawk
configure:2004: result: no
configure:1974: checking for nawk
configure:1990: found /SDK/Local/C/nawk
configure:2001: result: nawk
configure:2012: checking whether /SDK/C/gmake sets $(MAKE)
configure:2033: result: yes
configure:2283: checking for g++
configure:2299: found /gcc/bin/g++
configure:2310: result: g++
configure:2341: checking for C++ compiler version
configure:2348: g++ --version >&5
g++ (GCC) 4.0.2 (AmigaOS build 20051012)
Copyright (C) 2005 Free Software Foundation, Inc.
This is free software; see the source for copying conditions.  There is NO
warranty; not even for MERCHANTABILITY or FITNESS FOR A PARTICULAR PURPOSE.

configure:2351: $? = 0
configure:2358: g++ -v >&5
Reading specs from /OS4Beta/SDK/gcc/bin/../lib/gcc/ppc-amigaos/4.0.2/specs
Target: ppc-amigaos
Configured with: ../gcc-4.0.2/configure --host=ppc-amigaos --target=ppc-amigaos --build=i686-cygwin --prefix=/gcc --enable-languages=c,c++,objc --enable-haifa --enable-sjlj-exceptions --disable-shared --disable-libstdcxx-pch
Thread model: single
gcc version 4.0.2 (AmigaOS build 20051012)
configure:2361: $? = 0
configure:2368: g++ -V >&5
g++: '-V' option must have argument
configure:2371: $? = 1
configure:2394: checking for C++ compiler default output file name
configure:2421: g++ -mcrt=newlib -mcrt=newlib -mcrt=newlib conftest.cpp  >&5
configure:2424: $? = 0
configure:2462: result: a.out
configure:2479: checking whether the C++ compiler works
configure:2489: ./a.out
configure:2492: $? = 0
configure:2509: result: yes
configure:2516: checking whether we are cross compiling
configure:2518: result: no
configure:2521: checking for suffix of executables
configure:2528: g++ -o conftest -mcrt=newlib -mcrt=newlib -mcrt=newlib conftest.cpp  >&5
configure:2531: $? = 0
configure:2555: result: 
configure:2561: checking for suffix of object files
configure:2587: g++ -c -mcrt=newlib -mcrt=newlib conftest.cpp >&5
configure:2590: $? = 0
configure:2613: result: o
configure:2617: checking whether we are using the GNU C++ compiler
configure:2646: g++ -c -mcrt=newlib -mcrt=newlib conftest.cpp >&5
configure:2652: $? = 0
configure:2669: result: yes
configure:2674: checking whether g++ accepts -g
configure:2704: g++ -c -g -mcrt=newlib conftest.cpp >&5
configure:2710: $? = 0
configure:2809: result: yes
configure:2843: checking for style of include used by /SDK/C/gmake
configure:2871: result: GNU
configure:2896: checking dependency style of g++
configure:2987: result: none
configure:3050: checking for gcc
configure:3066: found /gcc/bin/gcc
configure:3077: result: gcc
configure:3315: checking for C compiler version
configure:3322: gcc --version >&5
gcc (GCC) 4.0.2 (AmigaOS build 20051012)
Copyright (C) 2005 Free Software Foundation, Inc.
This is free software; see the source for copying conditions.  There is NO
warranty; not even for MERCHANTABILITY or FITNESS FOR A PARTICULAR PURPOSE.

configure:3325: $? = 0
configure:3332: gcc -v >&5
Reading specs from /OS4Beta/SDK/gcc/bin/../lib/gcc/ppc-amigaos/4.0.2/specs
Target: ppc-amigaos
Configured with: ../gcc-4.0.2/configure --host=ppc-amigaos --target=ppc-amigaos --build=i686-cygwin --prefix=/gcc --enable-languages=c,c++,objc --enable-haifa --enable-sjlj-exceptions --disable-shared --disable-libstdcxx-pch
Thread model: single
gcc version 4.0.2 (AmigaOS build 20051012)
configure:3335: $? = 0
configure:3342: gcc -V >&5
gcc: '-V' option must have argument
configure:3345: $? = 1
configure:3348: checking whether we are using the GNU C compiler
configure:3377: gcc -c -mcrt=newlib -mcrt=newlib conftest.c >&5
configure:3383: $? = 0
configure:3400: result: yes
configure:3405: checking whether gcc accepts -g
configure:3435: gcc -c -g -mcrt=newlib conftest.c >&5
configure:3441: $? = 0
configure:3540: result: yes
configure:3557: checking for gcc option to accept ISO C89
configure:3631: gcc  -c -mcrt=newlib -mcrt=newlib conftest.c >&5
configure:3637: $? = 0
configure:3660: result: none needed
configure:3680: checking dependency style of gcc
configure:3771: result: none
configure:3791: checking how to run the C preprocessor
configure:3831: gcc -E -mcrt=newlib conftest.c
configure:3837: $? = 0
configure:3868: gcc -E -mcrt=newlib conftest.c
conftest.c:10:28: error: ac_nonexistent.h: No such file or directory
configure:3874: $? = 1
configure: failed program was:
| /* confdefs.h.  */
| #define PACKAGE_NAME ""
| #define PACKAGE_TARNAME ""
| #define PACKAGE_VERSION ""
| #define PACKAGE_STRING ""
| #define PACKAGE_BUGREPORT ""
| #define PACKAGE "libmsn"
| #define VERSION "0.1"
| /* end confdefs.h.  */
| #include <ac_nonexistent.h>
configure:3907: result: gcc -E
configure:3936: gcc -E -mcrt=newlib conftest.c
configure:3942: $? = 0
configure:3973: gcc -E -mcrt=newlib conftest.c
conftest.c:10:28: error: ac_nonexistent.h: No such file or directory
configure:3979: $? = 1
configure: failed program was:
| /* confdefs.h.  */
| #define PACKAGE_NAME ""
| #define PACKAGE_TARNAME ""
| #define PACKAGE_VERSION ""
| #define PACKAGE_STRING ""
| #define PACKAGE_BUGREPORT ""
| #define PACKAGE "libmsn"
| #define VERSION "0.1"
| /* end confdefs.h.  */
| #include <ac_nonexistent.h>
configure:4059: checking for ranlib
configure:4075: found /gcc/bin/ranlib
configure:4086: result: ranlib
configure:4143: checking how to run the C++ preprocessor
configure:4179: g++ -E -mcrt=newlib conftest.cpp
configure:4185: $? = 0
configure:4216: g++ -E -mcrt=newlib conftest.cpp
conftest.cpp:10:28: error: ac_nonexistent.h: No such file or directory
configure:4222: $? = 1
configure: failed program was:
| /* confdefs.h.  */
| #define PACKAGE_NAME ""
| #define PACKAGE_TARNAME ""
| #define PACKAGE_VERSION ""
| #define PACKAGE_STRING ""
| #define PACKAGE_BUGREPORT ""
| #define PACKAGE "libmsn"
| #define VERSION "0.1"
| /* end confdefs.h.  */
| #include <ac_nonexistent.h>
configure:4255: result: g++ -E
configure:4284: g++ -E -mcrt=newlib conftest.cpp
configure:4290: $? = 0
configure:4321: g++ -E -mcrt=newlib conftest.cpp
conftest.cpp:10:28: error: ac_nonexistent.h: No such file or directory
configure:4327: $? = 1
configure: failed program was:
| /* confdefs.h.  */
| #define PACKAGE_NAME ""
| #define PACKAGE_TARNAME ""
| #define PACKAGE_VERSION ""
| #define PACKAGE_STRING ""
| #define PACKAGE_BUGREPORT ""
| #define PACKAGE "libmsn"
| #define VERSION "0.1"
| /* end confdefs.h.  */
| #include <ac_nonexistent.h>
configure:4365: checking for grep that handles long lines and -e
configure:4439: result: /SDK/Local/C/grep
configure:4444: checking for egrep
configure:4522: result: /SDK/Local/C/grep -E
configure:4527: checking for ANSI C header files
configure:4557: g++ -c -mcrt=newlib -mcrt=newlib conftest.cpp >&5
configure:4563: $? = 0
configure:4662: g++ -o conftest -mcrt=newlib -mcrt=newlib -mcrt=newlib conftest.cpp  >&5
configure:4665: $? = 0
configure:4671: ./conftest
configure:4674: $? = 0
configure:4691: result: yes
configure:4715: checking for sys/types.h
configure:4736: g++ -c -mcrt=newlib -mcrt=newlib conftest.cpp >&5
configure:4742: $? = 0
configure:4758: result: yes
configure:4715: checking for sys/stat.h
configure:4736: g++ -c -mcrt=newlib -mcrt=newlib conftest.cpp >&5
configure:4742: $? = 0
configure:4758: result: yes
configure:4715: checking for stdlib.h
configure:4736: g++ -c -mcrt=newlib -mcrt=newlib conftest.cpp >&5
configure:4742: $? = 0
configure:4758: result: yes
configure:4715: checking for string.h
configure:4736: g++ -c -mcrt=newlib -mcrt=newlib conftest.cpp >&5
configure:4742: $? = 0
configure:4758: result: yes
configure:4715: checking for memory.h
configure:4736: g++ -c -mcrt=newlib -mcrt=newlib conftest.cpp >&5
In file included from conftest.cpp:49:
SDK:local/common/include/memory.h:1:2: warning: #warning Hey Spot! Exchange memory.h with string.h
configure:4742: $? = 0
configure:4758: result: yes
configure:4715: checking for strings.h
configure:4736: g++ -c -mcrt=newlib -mcrt=newlib conftest.cpp >&5
configure:4742: $? = 0
configure:4758: result: yes
configure:4715: checking for inttypes.h
configure:4736: g++ -c -mcrt=newlib -mcrt=newlib conftest.cpp >&5
configure:4742: $? = 0
configure:4758: result: yes
configure:4715: checking for stdint.h
configure:4736: g++ -c -mcrt=newlib -mcrt=newlib conftest.cpp >&5
configure:4742: $? = 0
configure:4758: result: yes
configure:4715: checking for unistd.h
configure:4736: g++ -c -mcrt=newlib -mcrt=newlib conftest.cpp >&5
configure:4742: $? = 0
configure:4758: result: yes
configure:4786: checking sstream usability
configure:4803: g++ -c -mcrt=newlib -mcrt=newlib conftest.cpp >&5
configure:4809: $? = 0
configure:4823: result: yes
configure:4827: checking sstream presence
configure:4842: g++ -E -mcrt=newlib conftest.cpp
configure:4848: $? = 0
configure:4862: result: yes
configure:4890: checking for sstream
configure:4898: result: yes
configure:4786: checking strstream usability
configure:4803: g++ -c -mcrt=newlib -mcrt=newlib conftest.cpp >&5
In file included from /OS4Beta/SDK/gcc/bin/../lib/gcc/ppc-amigaos/4.0.2/../../../../include/c++/4.0.2/backward/strstream:51,
                 from conftest.cpp:54:
/OS4Beta/SDK/gcc/bin/../lib/gcc/ppc-amigaos/4.0.2/../../../../include/c++/4.0.2/backward/backward_warning.h:32:2: warning: #warning This file includes at least one deprecated or antiquated header. Please consider using one of the 32 headers found in section 17.4.1.2 of the C++ standard. Examples include substituting the <X> header for the <X.h> header for C++ includes, or <iostream> instead of the deprecated header <iostream.h>. To disable this warning use -Wno-deprecated.
configure:4809: $? = 0
configure:4823: result: yes
configure:4827: checking strstream presence
configure:4842: g++ -E -mcrt=newlib conftest.cpp
In file included from /OS4Beta/SDK/gcc/bin/../lib/gcc/ppc-amigaos/4.0.2/../../../../include/c++/4.0.2/backward/strstream:51,
                 from conftest.cpp:21:
/OS4Beta/SDK/gcc/bin/../lib/gcc/ppc-amigaos/4.0.2/../../../../include/c++/4.0.2/backward/backward_warning.h:32:2: warning: #warning This file includes at least one deprecated or antiquated header. Please consider using one of the 32 headers found in section 17.4.1.2 of the C++ standard. Examples include substituting the <X> header for the <X.h> header for C++ includes, or <iostream> instead of the deprecated header <iostream.h>. To disable this warning use -Wno-deprecated.
configure:4848: $? = 0
configure:4862: result: yes
configure:4890: checking for strstream
configure:4898: result: yes
configure:4921: checking for ANSI C header files
configure:5085: result: yes
configure:5116: checking arpa/inet.h usability
configure:5133: gcc -c -mcrt=newlib -mcrt=newlib conftest.c >&5
configure:5139: $? = 0
configure:5153: result: yes
configure:5157: checking arpa/inet.h presence
configure:5172: gcc -E -mcrt=newlib conftest.c
configure:5178: $? = 0
configure:5192: result: yes
configure:5220: checking for arpa/inet.h
configure:5228: result: yes
configure:5116: checking fcntl.h usability
configure:5133: gcc -c -mcrt=newlib -mcrt=newlib conftest.c >&5
configure:5139: $? = 0
configure:5153: result: yes
configure:5157: checking fcntl.h presence
configure:5172: gcc -E -mcrt=newlib conftest.c
configure:5178: $? = 0
configure:5192: result: yes
configure:5220: checking for fcntl.h
configure:5228: result: yes
configure:5116: checking netdb.h usability
configure:5133: gcc -c -mcrt=newlib -mcrt=newlib conftest.c >&5
configure:5139: $? = 0
configure:5153: result: yes
configure:5157: checking netdb.h presence
configure:5172: gcc -E -mcrt=newlib conftest.c
configure:5178: $? = 0
configure:5192: result: yes
configure:5220: checking for netdb.h
configure:5228: result: yes
configure:5116: checking netinet/in.h usability
configure:5133: gcc -c -mcrt=newlib -mcrt=newlib conftest.c >&5
configure:5139: $? = 0
configure:5153: result: yes
configure:5157: checking netinet/in.h presence
configure:5172: gcc -E -mcrt=newlib conftest.c
configure:5178: $? = 0
configure:5192: result: yes
configure:5220: checking for netinet/in.h
configure:5228: result: yes
configure:5106: checking for stdlib.h
configure:5112: result: yes
configure:5106: checking for string.h
configure:5112: result: yes
configure:5116: checking sys/socket.h usability
configure:5133: gcc -c -mcrt=newlib -mcrt=newlib conftest.c >&5
configure:5139: $? = 0
configure:5153: result: yes
configure:5157: checking sys/socket.h presence
configure:5172: gcc -E -mcrt=newlib conftest.c
configure:5178: $? = 0
configure:5192: result: yes
configure:5220: checking for sys/socket.h
configure:5228: result: yes
configure:5243: checking for an ANSI C-conforming const
configure:5318: gcc -c -mcrt=newlib -mcrt=newlib conftest.c >&5
configure:5324: $? = 0
configure:5339: result: yes
configure:5349: checking for size_t
configure:5379: gcc -c -mcrt=newlib -mcrt=newlib conftest.c >&5
configure:5385: $? = 0
configure:5400: result: yes
configure:5412: checking whether time.h and sys/time.h may both be included
configure:5442: gcc -c -mcrt=newlib -mcrt=newlib conftest.c >&5
configure:5448: $? = 0
configure:5463: result: yes
configure:5491: checking sys/select.h usability
configure:5508: gcc -c -mcrt=newlib -mcrt=newlib conftest.c >&5
configure:5514: $? = 0
configure:5528: result: yes
configure:5532: checking sys/select.h presence
configure:5547: gcc -E -mcrt=newlib conftest.c
configure:5553: $? = 0
configure:5567: result: yes
configure:5595: checking for sys/select.h
configure:5603: result: yes
configure:5481: checking for sys/socket.h
configure:5487: result: yes
configure:5616: checking types of arguments for select
configure:5654: gcc -c -mcrt=newlib -mcrt=newlib conftest.c >&5
configure:5660: $? = 0
configure:5681: result: int,fd_set *,struct timeval *
configure:5716: checking for gethostbyname
configure:5772: gcc -o conftest -mcrt=newlib -mcrt=newlib -mcrt=newlib conftest.c  >&5
configure:5778: $? = 0
configure:5796: result: yes
configure:5716: checking for gethostname
configure:5772: gcc -o conftest -mcrt=newlib -mcrt=newlib -mcrt=newlib conftest.c  >&5
configure:5778: $? = 0
configure:5796: result: yes
configure:5716: checking for getpass
configure:5772: gcc -o conftest -mcrt=newlib -mcrt=newlib -mcrt=newlib conftest.c  >&5
configure:5778: $? = 0
configure:5796: result: yes
configure:5716: checking for inet_ntoa
configure:5772: gcc -o conftest -mcrt=newlib -mcrt=newlib -mcrt=newlib conftest.c  >&5
configure:5778: $? = 0
configure:5796: result: yes
configure:5716: checking for memset
configure:5772: gcc -o conftest -mcrt=newlib -mcrt=newlib -mcrt=newlib conftest.c  >&5
conftest.c:63: warning: conflicting types for built-in function 'memset'
configure:5778: $? = 0
configure:5796: result: yes
configure:5716: checking for select
configure:5772: gcc -o conftest -mcrt=newlib -mcrt=newlib -mcrt=newlib conftest.c  >&5
configure:5778: $? = 0
configure:5796: result: yes
configure:5716: checking for socket
configure:5772: gcc -o conftest -mcrt=newlib -mcrt=newlib -mcrt=newlib conftest.c  >&5
configure:5778: $? = 0
configure:5796: result: yes
configure:5716: checking for strerror
configure:5772: gcc -o conftest -mcrt=newlib -mcrt=newlib -mcrt=newlib conftest.c  >&5
configure:5778: $? = 0
configure:5796: result: yes
configure:5716: checking for strtol
configure:5772: gcc -o conftest -mcrt=newlib -mcrt=newlib -mcrt=newlib conftest.c  >&5
configure:5778: $? = 0
configure:5796: result: yes
configure:5815: checking for curl-config
configure:5851: result: no
configure:5932: not updating unwritable cache /dev/null
configure:5992: creating ./config.status

## ---------------------- ##
## Running config.status. ##
## ---------------------- ##

This file was extended by config.status, which was
generated by GNU Autoconf 2.61.  Invocation command line was

  CONFIG_FILES    = 
  CONFIG_HEADERS  = 
  CONFIG_LINKS    = 
  CONFIG_COMMANDS = 
  $ ./config.status 

on localhost

config.status:647: creating Makefile
config.status:647: creating msn/Makefile
config.status:647: creating config.h
config.status:944: executing depfiles commands

## ---------------- ##
## Cache variables. ##
## ---------------- ##

ac_cv_c_compiler_gnu=yes
ac_cv_c_const=yes
ac_cv_cxx_compiler_gnu=yes
ac_cv_env_build_alias_set=
ac_cv_env_build_alias_value=
ac_cv_env_CC_set=
ac_cv_env_CC_value=
ac_cv_env_CCC_set=
ac_cv_env_CCC_value=
ac_cv_env_CFLAGS_set=set
ac_cv_env_CFLAGS_value=-mcrt=newlib
ac_cv_env_CPP_set=
ac_cv_env_CPP_value=
ac_cv_env_CPPFLAGS_set=set
ac_cv_env_CPPFLAGS_value=-mcrt=newlib
ac_cv_env_CXX_set=
ac_cv_env_CXX_value=
ac_cv_env_CXXCPP_set=
ac_cv_env_CXXCPP_value=
ac_cv_env_CXXFLAGS_set=set
ac_cv_env_CXXFLAGS_value=-mcrt=newlib
ac_cv_env_host_alias_set=
ac_cv_env_host_alias_value=
ac_cv_env_LDFLAGS_set=set
ac_cv_env_LDFLAGS_value=-mcrt=newlib
ac_cv_env_LIBS_set=
ac_cv_env_LIBS_value=
ac_cv_env_target_alias_set=
ac_cv_env_target_alias_value=
ac_cv_func_gethostbyname=yes
ac_cv_func_gethostname=yes
ac_cv_func_getpass=yes
ac_cv_func_inet_ntoa=yes
ac_cv_func_memset=yes
ac_cv_func_select_args='int,fd_set *,struct timeval *'
ac_cv_func_select=yes
ac_cv_func_socket=yes
ac_cv_func_strerror=yes
ac_cv_func_strtol=yes
ac_cv_header_arpa_inet_h=yes
ac_cv_header_fcntl_h=yes
ac_cv_header_inttypes_h=yes
ac_cv_header_memory_h=yes
ac_cv_header_netdb_h=yes
ac_cv_header_netinet_in_h=yes
ac_cv_header_sstream=yes
ac_cv_header_stdc=yes
ac_cv_header_stdint_h=yes
ac_cv_header_stdlib_h=yes
ac_cv_header_string_h=yes
ac_cv_header_strings_h=yes
ac_cv_header_strstream=yes
ac_cv_header_sys_select_h=yes
ac_cv_header_sys_socket_h=yes
ac_cv_header_sys_stat_h=yes
ac_cv_header_sys_types_h=yes
ac_cv_header_time=yes
ac_cv_header_unistd_h=yes
ac_cv_objext=o
ac_cv_path_EGREP='/SDK/Local/C/grep -E'
ac_cv_path_GREP=/SDK/Local/C/grep
ac_cv_path_install='/SDK/Local/C/ginstall -c'
ac_cv_path_mkdir=/SDK/Local/C/mkdir
ac_cv_prog_ac_ct_CC=gcc
ac_cv_prog_ac_ct_CXX=g++
ac_cv_prog_ac_ct_RANLIB=ranlib
ac_cv_prog_AWK=nawk
ac_cv_prog_cc_c89=
ac_cv_prog_cc_g=yes
ac_cv_prog_CPP='gcc -E'
ac_cv_prog_cxx_g=yes
ac_cv_prog_CXXCPP='g++ -E'
ac_cv_prog_make__SDK_C_gmake_set=yes
ac_cv_type_size_t=yes
am_cv_CC_dependencies_compiler_type=none
am_cv_CXX_dependencies_compiler_type=none

## ----------------- ##
## Output variables. ##
## ----------------- ##

ac_ct_CC='gcc'
ac_ct_CXX='g++'
ACLOCAL='${SHELL} /Scene/Coding/centerim-4.22.1/missing --run aclocal-1.10'
am__fastdepCC_FALSE=''
am__fastdepCC_TRUE='#'
am__fastdepCXX_FALSE=''
am__fastdepCXX_TRUE='#'
am__include='include'
am__isrc=''
am__leading_dot='.'
am__quote=''
am__tar='${AMTAR} chof - "$$tardir"'
am__untar='${AMTAR} xf -'
AMDEP_FALSE=''
AMDEP_TRUE='#'
AMDEPBACKSLASH=''
AMTAR='${SHELL} /Scene/Coding/centerim-4.22.1/missing --run tar'
AUTOCONF='${SHELL} /Scene/Coding/centerim-4.22.1/missing --run autoconf'
AUTOHEADER='${SHELL} /Scene/Coding/centerim-4.22.1/missing --run autoheader'
AUTOMAKE='${SHELL} /Scene/Coding/centerim-4.22.1/missing --run automake-1.10'
AWK='nawk'
bindir='/SDK/Local/C'
build_alias=''
BUILD_MSN_FALSE='#'
BUILD_MSN_TRUE=''
CC='gcc'
CCDEPMODE='depmode=none'
CFLAGS='-mcrt=newlib'
CPP='gcc -E'
CPPFLAGS='-mcrt=newlib'
CURL_CONFIG=''
CXX='g++'
CXXCPP='g++ -E'
CXXDEPMODE='depmode=none'
CXXFLAGS='-mcrt=newlib '
CYGPATH_W='echo'
datadir='${datarootdir}'
datarootdir='${prefix}/share'
DEFS='-DHAVE_CONFIG_H'
DEPDIR='.deps'
docdir='${datarootdir}/doc/${PACKAGE}'
dvidir='${docdir}'
ECHO_C=''
ECHO_N='-n'
ECHO_T=''
EGREP='/SDK/Local/C/grep -E'
exec_prefix='${prefix}'
EXEEXT=''
GREP='/SDK/Local/C/grep'
host_alias=''
htmldir='${docdir}'
includedir='${prefix}/include'
infodir='${datarootdir}/info'
INSTALL_DATA='${INSTALL} -m 644'
INSTALL_PROGRAM='${INSTALL}'
INSTALL_SCRIPT='${INSTALL}'
install_sh='$(SHELL) /Scene/Coding/centerim-4.22.1/install-sh'
INSTALL_STRIP_PROGRAM='$(install_sh) -c -s'
LDFLAGS='-mcrt=newlib'
libdir='/SDK/Local/newlib/lib'
libexecdir='${exec_prefix}/libexec'
LIBOBJS=''
LIBS=''
localedir='${datarootdir}/locale'
localstatedir='${prefix}/var'
LTLIBOBJS=''
MAKEINFO='${SHELL} /Scene/Coding/centerim-4.22.1/missing --run makeinfo'
mandir='${datarootdir}/man'
mkdir_p='/SDK/Local/C/mkdir -p'
OBJEXT='o'
oldincludedir='/usr/include'
PACKAGE='libmsn'
PACKAGE_BUGREPORT=''
PACKAGE_NAME=''
PACKAGE_STRING=''
PACKAGE_TARNAME=''
PACKAGE_VERSION=''
PATH_SEPARATOR=':'
pdfdir='${docdir}'
prefix='/SDK/Local'
program_transform_name='s,x,x,'
psdir='${docdir}'
RANLIB='ranlib'
sbindir='${exec_prefix}/sbin'
SET_MAKE=''
sharedstatedir='${prefix}/com'
SHELL='/bin/sh'
STRIP=''
sysconfdir='${prefix}/etc'
target_alias=''
VERSION='0.1'

## ----------- ##
## confdefs.h. ##
## ----------- ##

#define PACKAGE_NAME ""
#define PACKAGE_TARNAME ""
#define PACKAGE_VERSION ""
#define PACKAGE_STRING ""
#define PACKAGE_BUGREPORT ""
#define PACKAGE "libmsn"
#define VERSION "0.1"
#define STDC_HEADERS 1
#define HAVE_SYS_TYPES_H 1
#define HAVE_SYS_STAT_H 1
#define HAVE_STDLIB_H 1
#define HAVE_STRING_H 1
#define HAVE_MEMORY_H 1
#define HAVE_STRINGS_H 1
#define HAVE_INTTYPES_H 1
#define HAVE_STDINT_H 1
#define HAVE_UNISTD_H 1
#define HAVE_SSTREAM 1
#define HAVE_STRSTREAM 1
#define STDC_HEADERS 1
#define HAVE_ARPA_INET_H 1
#define HAVE_FCNTL_H 1
#define HAVE_NETDB_H 1
#define HAVE_NETINET_IN_H 1
#define HAVE_STDLIB_H 1
#define HAVE_STRING_H 1
#define HAVE_SYS_SOCKET_H 1
#define TIME_WITH_SYS_TIME 1
#define HAVE_SYS_SELECT_H 1
#define HAVE_SYS_SOCKET_H 1
#define SELECT_TYPE_ARG1 int
#define SELECT_TYPE_ARG234 (fd_set *)
#define SELECT_TYPE_ARG5 (struct timeval *)
#define HAVE_GETHOSTBYNAME 1
#define HAVE_GETHOSTNAME 1
#define HAVE_GETPASS 1
#define HAVE_INET_NTOA 1
#define HAVE_MEMSET 1
#define HAVE_SELECT 1
#define HAVE_SOCKET 1
#define HAVE_STRERROR 1
#define HAVE_STRTOL 1

configure: exit 0
