This file contains any messages produced by compilers while
running configure, to aid debugging if configure makes a mistake.

It was created by configure, which was
generated by GNU Autoconf 2.57.  Invocation command line was

  $ configure --disable-dependency-tracking --bindir=/SDK/Local/C --prefix=/SDK/Local --libdir=/SDK/Local/newlib/lib --includedir=/SDK/Local/common/include CFLAGS=-mcrt=newlib CPPFLAGS=-mcrt=newlib -DMINIGL -D__USE_INLINE__ CXXFLAGS=-mcrt=newlib LIBS=-lauto LDFLAGS=-mcrt=newlib

## --------- ##
## Platform. ##
## --------- ##

hostname = localhost
uname -m = ppc
uname -r = 51.4
uname -s = AmigaOS
uname -v = 4.0

/usr/bin/uname -p = unknown
/bin/uname -X     = unknown

/bin/arch              = unknown
/usr/bin/arch -k       = unknown
/usr/convex/getsysinfo = unknown
hostinfo               = unknown
/bin/machine           = unknown
/usr/bin/oslevel       = unknown
/bin/universe          = unknown

PATH: /gcc/bin
PATH: /SDK/C
PATH: /SDK/Local/C
PATH: /SDK/Local/newlib/bin
PATH: /SDK/Local/clib2/bin
PATH: /C
PATH: .


## ----------- ##
## Core tests. ##
## ----------- ##

configure:1370: creating cache /dev/null
configure:1481: checking build system type
configure:1499: result: powerpc-unknown-amigaos
configure:1507: checking host system type
configure:1521: result: powerpc-unknown-amigaos
configure:1529: checking target system type
configure:1543: result: powerpc-unknown-amigaos
configure:1597: checking for a BSD-compatible install
configure:1651: result: /SDK/Local/C/ginstall -c
configure:1662: checking whether build environment is sane
configure:1705: result: yes
configure:1730: WARNING: `missing' script is too old or missing
configure:1738: checking for gawk
configure:1767: result: no
configure:1738: checking for mawk
configure:1767: result: no
configure:1738: checking for nawk
configure:1754: found /SDK/Local/C/nawk
configure:1764: result: nawk
configure:1774: checking whether /SDK/C/gmake sets $(MAKE)
configure:1794: result: yes
configure:2007: checking for gcc
configure:2023: found /gcc/bin/gcc
configure:2033: result: gcc
configure:2277: checking for C compiler version
configure:2280: gcc --version </dev/null >&5
gcc (GCC) 4.0.2 (AmigaOS build 20051012)
Copyright (C) 2005 Free Software Foundation, Inc.
This is free software; see the source for copying conditions.  There is NO
warranty; not even for MERCHANTABILITY or FITNESS FOR A PARTICULAR PURPOSE.

configure:2283: $? = 0
configure:2285: gcc -v </dev/null >&5
Reading specs from Bub:SDK/gcc/bin/../lib/gcc/ppc-amigaos/4.0.2/specs
Target: ppc-amigaos
Configured with: ../gcc-4.0.2/configure --host=ppc-amigaos --target=ppc-amigaos --build=i686-cygwin --prefix=/gcc --enable-languages=c,c++,objc --enable-haifa --enable-sjlj-exceptions --disable-shared --disable-libstdcxx-pch
Thread model: single
gcc version 4.0.2 (AmigaOS build 20051012)
configure:2288: $? = 0
configure:2290: gcc -V </dev/null >&5
gcc: '-V' option must have argument
configure:2293: $? = 1
configure:2317: checking for C compiler default output
configure:2320: gcc -mcrt=newlib -mcrt=newlib -DMINIGL -D__USE_INLINE__ -mcrt=newlib conftest.c -lauto >&5
configure:2323: $? = 0
configure:2369: result: a.out
configure:2374: checking whether the C compiler works
configure:2380: ./a.out
configure:2383: $? = 0
configure:2400: result: yes
configure:2407: checking whether we are cross compiling
configure:2409: result: no
configure:2412: checking for suffix of executables
configure:2414: gcc -o conftest -mcrt=newlib -mcrt=newlib -DMINIGL -D__USE_INLINE__ -mcrt=newlib conftest.c -lauto >&5
configure:2417: $? = 0
configure:2442: result: 
configure:2448: checking for suffix of object files
configure:2470: gcc -c -mcrt=newlib -mcrt=newlib -DMINIGL -D__USE_INLINE__ conftest.c >&5
configure:2473: $? = 0
configure:2495: result: o
configure:2499: checking whether we are using the GNU C compiler
configure:2524: gcc -c -mcrt=newlib -mcrt=newlib -DMINIGL -D__USE_INLINE__ conftest.c >&5
configure:2527: $? = 0
configure:2530: test -s conftest.o
configure:2533: $? = 0
configure:2546: result: yes
configure:2552: checking whether gcc accepts -g
configure:2574: gcc -c -g -mcrt=newlib -DMINIGL -D__USE_INLINE__ conftest.c >&5
configure:2577: $? = 0
configure:2580: test -s conftest.o
configure:2583: $? = 0
configure:2594: result: yes
configure:2611: checking for gcc option to accept ANSI C
configure:2672: gcc  -c -mcrt=newlib -mcrt=newlib -DMINIGL -D__USE_INLINE__ conftest.c >&5
configure:2675: $? = 0
configure:2678: test -s conftest.o
configure:2681: $? = 0
configure:2699: result: none needed
configure:2717: gcc -c -mcrt=newlib -mcrt=newlib -DMINIGL -D__USE_INLINE__ conftest.c >&5
conftest.c:2: error: syntax error before 'me'
configure:2720: $? = 1
configure: failed program was:
| #ifndef __cplusplus
|   choke me
| #endif
configure:2840: checking for style of include used by /SDK/C/gmake
configure:2868: result: GNU
configure:2896: checking dependency style of gcc
configure:2979: result: none
configure:3048: checking for g++
configure:3064: found /gcc/bin/g++
configure:3074: result: g++
configure:3090: checking for C++ compiler version
configure:3093: g++ --version </dev/null >&5
g++ (GCC) 4.0.2 (AmigaOS build 20051012)
Copyright (C) 2005 Free Software Foundation, Inc.
This is free software; see the source for copying conditions.  There is NO
warranty; not even for MERCHANTABILITY or FITNESS FOR A PARTICULAR PURPOSE.

configure:3096: $? = 0
configure:3098: g++ -v </dev/null >&5
Reading specs from Bub:SDK/gcc/bin/../lib/gcc/ppc-amigaos/4.0.2/specs
Target: ppc-amigaos
Configured with: ../gcc-4.0.2/configure --host=ppc-amigaos --target=ppc-amigaos --build=i686-cygwin --prefix=/gcc --enable-languages=c,c++,objc --enable-haifa --enable-sjlj-exceptions --disable-shared --disable-libstdcxx-pch
Thread model: single
gcc version 4.0.2 (AmigaOS build 20051012)
configure:3101: $? = 0
configure:3103: g++ -V </dev/null >&5
g++: '-V' option must have argument
configure:3106: $? = 1
configure:3109: checking whether we are using the GNU C++ compiler
configure:3134: g++ -c -mcrt=newlib -mcrt=newlib -DMINIGL -D__USE_INLINE__ conftest.cc >&5
configure:3137: $? = 0
configure:3140: test -s conftest.o
configure:3143: $? = 0
configure:3156: result: yes
configure:3162: checking whether g++ accepts -g
configure:3184: g++ -c -g -mcrt=newlib -DMINIGL -D__USE_INLINE__ conftest.cc >&5
configure:3187: $? = 0
configure:3190: test -s conftest.o
configure:3193: $? = 0
configure:3204: result: yes
configure:3248: g++ -c -mcrt=newlib -mcrt=newlib -DMINIGL -D__USE_INLINE__ conftest.cc >&5
configure:3251: $? = 0
configure:3254: test -s conftest.o
configure:3257: $? = 0
configure:3284: g++ -c -mcrt=newlib -mcrt=newlib -DMINIGL -D__USE_INLINE__ conftest.cc >&5
configure: In function 'int main()':
configure:3281: error: 'exit' was not declared in this scope
configure:3287: $? = 1
configure: failed program was:
| #line 3267 "configure"
| /* confdefs.h.  */
| 
| #define PACKAGE_NAME ""
| #define PACKAGE_TARNAME ""
| #define PACKAGE_VERSION ""
| #define PACKAGE_STRING ""
| #define PACKAGE_BUGREPORT ""
| #define PACKAGE "SAASound"
| #define VERSION "3.2.0"
| /* end confdefs.h.  */
| 
| int
| main ()
| {
| exit (42);
|   ;
|   return 0;
| }
configure:3248: g++ -c -mcrt=newlib -mcrt=newlib -DMINIGL -D__USE_INLINE__ conftest.cc >&5
configure:3251: $? = 0
configure:3254: test -s conftest.o
configure:3257: $? = 0
configure:3284: g++ -c -mcrt=newlib -mcrt=newlib -DMINIGL -D__USE_INLINE__ conftest.cc >&5
configure:3287: $? = 0
configure:3290: test -s conftest.o
configure:3293: $? = 0
configure:3318: checking dependency style of g++
configure:3401: result: none
configure:3430: checking for a BSD-compatible install
configure:3484: result: /SDK/Local/C/ginstall -c
configure:3495: checking whether /SDK/C/gmake sets $(MAKE)
configure:3515: result: yes
configure:3536: checking for a BSD-compatible install
configure:3590: result: /SDK/Local/C/ginstall -c
configure:3690: checking for ld used by GCC
configure:3753: result: ld
configure:3762: checking if the linker (ld) is GNU ld
GNU ld version 2.14 20030612 (Amiga OS build 20050713)
configure:3774: result: yes
configure:3779: checking for ld option to reload object files
configure:3786: result: -r
configure:3791: checking for BSD-compatible nm
configure:3827: result: /gcc/bin/nm -B
configure:3830: checking for a sed that does not truncate output
configure:3912: result: /SDK/Local/C/sed
configure:3915: checking whether ln -s works
configure:3919: result: yes
configure:3926: checking how to recognise dependent libraries
configure:4107: result: unknown
configure:4120: checking command to parse /gcc/bin/nm -B output
configure:4204: gcc -c -mcrt=newlib -mcrt=newlib -DMINIGL -D__USE_INLINE__ conftest.c >&5
configure:4207: $? = 0
configure:4211: /gcc/bin/nm -B conftest.o \| sed -n -e 's/^.*[ 	]\([ABCDGISTW][ABCDGISTW]*\)[ 	][ 	]*\(\)\([_A-Za-z][_A-Za-z0-9]*\)$/\1 \2\3 \3/p' \> conftest.nm
configure:4214: $? = 0
configure:4266: gcc -o conftest -mcrt=newlib -mcrt=newlib -DMINIGL -D__USE_INLINE__ -mcrt=newlib conftest.c conftstm.o >&5
configure:4269: $? = 0
configure:4313: result: ok
configure:4322: checking how to run the C preprocessor
configure:4358: gcc -E -mcrt=newlib -DMINIGL -D__USE_INLINE__ conftest.c
configure:4364: $? = 0
configure:4396: gcc -E -mcrt=newlib -DMINIGL -D__USE_INLINE__ conftest.c
configure:4400:28: error: ac_nonexistent.h: No such file or directory
configure:4402: $? = 1
configure: failed program was:
| #line 4387 "configure"
| /* confdefs.h.  */
| 
| #define PACKAGE_NAME ""
| #define PACKAGE_TARNAME ""
| #define PACKAGE_VERSION ""
| #define PACKAGE_STRING ""
| #define PACKAGE_BUGREPORT ""
| #define PACKAGE "SAASound"
| #define VERSION "3.2.0"
| #ifdef __cplusplus
| #include <stdlib.h>
| #endif
| /* end confdefs.h.  */
| #include <ac_nonexistent.h>
configure:4440: result: gcc -E
configure:4465: gcc -E -mcrt=newlib -DMINIGL -D__USE_INLINE__ conftest.c
configure:4471: $? = 0
configure:4503: gcc -E -mcrt=newlib -DMINIGL -D__USE_INLINE__ conftest.c
configure:4507:28: error: ac_nonexistent.h: No such file or directory
configure:4509: $? = 1
configure: failed program was:
| #line 4494 "configure"
| /* confdefs.h.  */
| 
| #define PACKAGE_NAME ""
| #define PACKAGE_TARNAME ""
| #define PACKAGE_VERSION ""
| #define PACKAGE_STRING ""
| #define PACKAGE_BUGREPORT ""
| #define PACKAGE "SAASound"
| #define VERSION "3.2.0"
| #ifdef __cplusplus
| #include <stdlib.h>
| #endif
| /* end confdefs.h.  */
| #include <ac_nonexistent.h>
configure:4552: checking for egrep
configure:4562: result: grep -E
configure:4567: checking for ANSI C header files
configure:4593: gcc -c -mcrt=newlib -mcrt=newlib -DMINIGL -D__USE_INLINE__ conftest.c >&5
configure:4596: $? = 0
configure:4599: test -s conftest.o
configure:4602: $? = 0
configure:4694: gcc -o conftest -mcrt=newlib -mcrt=newlib -DMINIGL -D__USE_INLINE__ -mcrt=newlib conftest.c -lauto >&5
configure: In function 'main':
configure:4692: warning: incompatible implicit declaration of built-in function 'exit'
configure:4697: $? = 0
configure:4699: ./conftest
configure:4702: $? = 0
configure:4717: result: yes
configure:4741: checking for sys/types.h
configure:4758: gcc -c -mcrt=newlib -mcrt=newlib -DMINIGL -D__USE_INLINE__ conftest.c >&5
configure:4761: $? = 0
configure:4764: test -s conftest.o
configure:4767: $? = 0
configure:4778: result: yes
configure:4741: checking for sys/stat.h
configure:4758: gcc -c -mcrt=newlib -mcrt=newlib -DMINIGL -D__USE_INLINE__ conftest.c >&5
configure:4761: $? = 0
configure:4764: test -s conftest.o
configure:4767: $? = 0
configure:4778: result: yes
configure:4741: checking for stdlib.h
configure:4758: gcc -c -mcrt=newlib -mcrt=newlib -DMINIGL -D__USE_INLINE__ conftest.c >&5
configure:4761: $? = 0
configure:4764: test -s conftest.o
configure:4767: $? = 0
configure:4778: result: yes
configure:4741: checking for string.h
configure:4758: gcc -c -mcrt=newlib -mcrt=newlib -DMINIGL -D__USE_INLINE__ conftest.c >&5
configure:4761: $? = 0
configure:4764: test -s conftest.o
configure:4767: $? = 0
configure:4778: result: yes
configure:4741: checking for memory.h
configure:4758: gcc -c -mcrt=newlib -mcrt=newlib -DMINIGL -D__USE_INLINE__ conftest.c >&5
In file included from configure:4799:
SDK:local/common/include/memory.h:1:2: warning: #warning Hey Spot! Exchange memory.h with string.h
configure:4761: $? = 0
configure:4764: test -s conftest.o
configure:4767: $? = 0
configure:4778: result: yes
configure:4741: checking for strings.h
configure:4758: gcc -c -mcrt=newlib -mcrt=newlib -DMINIGL -D__USE_INLINE__ conftest.c >&5
configure:4761: $? = 0
configure:4764: test -s conftest.o
configure:4767: $? = 0
configure:4778: result: yes
configure:4741: checking for inttypes.h
configure:4758: gcc -c -mcrt=newlib -mcrt=newlib -DMINIGL -D__USE_INLINE__ conftest.c >&5
configure:4801:22: error: inttypes.h: No such file or directory
configure:4761: $? = 1
configure: failed program was:
| #line 4746 "configure"
| /* confdefs.h.  */
| 
| #define PACKAGE_NAME ""
| #define PACKAGE_TARNAME ""
| #define PACKAGE_VERSION ""
| #define PACKAGE_STRING ""
| #define PACKAGE_BUGREPORT ""
| #define PACKAGE "SAASound"
| #define VERSION "3.2.0"
| #ifdef __cplusplus
| #include <stdlib.h>
| #endif
| #define STDC_HEADERS 1
| #define HAVE_SYS_TYPES_H 1
| #define HAVE_SYS_STAT_H 1
| #define HAVE_STDLIB_H 1
| #define HAVE_STRING_H 1
| #define HAVE_MEMORY_H 1
| #define HAVE_STRINGS_H 1
| /* end confdefs.h.  */
| #include <stdio.h>
| #if HAVE_SYS_TYPES_H
| # include <sys/types.h>
| #endif
| #if HAVE_SYS_STAT_H
| # include <sys/stat.h>
| #endif
| #if STDC_HEADERS
| # include <stdlib.h>
| # include <stddef.h>
| #else
| # if HAVE_STDLIB_H
| #  include <stdlib.h>
| # endif
| #endif
| #if HAVE_STRING_H
| # if !STDC_HEADERS && HAVE_MEMORY_H
| #  include <memory.h>
| # endif
| # include <string.h>
| #endif
| #if HAVE_STRINGS_H
| # include <strings.h>
| #endif
| #if HAVE_INTTYPES_H
| # include <inttypes.h>
| #else
| # if HAVE_STDINT_H
| #  include <stdint.h>
| # endif
| #endif
| #if HAVE_UNISTD_H
| # include <unistd.h>
| #endif
| 
| #include <inttypes.h>
configure:4778: result: no
configure:4741: checking for stdint.h
configure:4758: gcc -c -mcrt=newlib -mcrt=newlib -DMINIGL -D__USE_INLINE__ conftest.c >&5
configure:4761: $? = 0
configure:4764: test -s conftest.o
configure:4767: $? = 0
configure:4778: result: yes
configure:4741: checking for unistd.h
configure:4758: gcc -c -mcrt=newlib -mcrt=newlib -DMINIGL -D__USE_INLINE__ conftest.c >&5
configure:4761: $? = 0
configure:4764: test -s conftest.o
configure:4767: $? = 0
configure:4778: result: yes
configure:4804: checking dlfcn.h usability
configure:4817: gcc -c -mcrt=newlib -mcrt=newlib -DMINIGL -D__USE_INLINE__ conftest.c >&5
configure:4862:19: error: dlfcn.h: No such file or directory
configure:4820: $? = 1
configure: failed program was:
| #line 4806 "configure"
| /* confdefs.h.  */
| 
| #define PACKAGE_NAME ""
| #define PACKAGE_TARNAME ""
| #define PACKAGE_VERSION ""
| #define PACKAGE_STRING ""
| #define PACKAGE_BUGREPORT ""
| #define PACKAGE "SAASound"
| #define VERSION "3.2.0"
| #ifdef __cplusplus
| #include <stdlib.h>
| #endif
| #define STDC_HEADERS 1
| #define HAVE_SYS_TYPES_H 1
| #define HAVE_SYS_STAT_H 1
| #define HAVE_STDLIB_H 1
| #define HAVE_STRING_H 1
| #define HAVE_MEMORY_H 1
| #define HAVE_STRINGS_H 1
| #define HAVE_STDINT_H 1
| #define HAVE_UNISTD_H 1
| /* end confdefs.h.  */
| #include <stdio.h>
| #if HAVE_SYS_TYPES_H
| # include <sys/types.h>
| #endif
| #if HAVE_SYS_STAT_H
| # include <sys/stat.h>
| #endif
| #if STDC_HEADERS
| # include <stdlib.h>
| # include <stddef.h>
| #else
| # if HAVE_STDLIB_H
| #  include <stdlib.h>
| # endif
| #endif
| #if HAVE_STRING_H
| # if !STDC_HEADERS && HAVE_MEMORY_H
| #  include <memory.h>
| # endif
| # include <string.h>
| #endif
| #if HAVE_STRINGS_H
| # include <strings.h>
| #endif
| #if HAVE_INTTYPES_H
| # include <inttypes.h>
| #else
| # if HAVE_STDINT_H
| #  include <stdint.h>
| # endif
| #endif
| #if HAVE_UNISTD_H
| # include <unistd.h>
| #endif
| #include <dlfcn.h>
configure:4836: result: no
configure:4840: checking dlfcn.h presence
configure:4851: gcc -E -mcrt=newlib -DMINIGL -D__USE_INLINE__ conftest.c
configure:4864:19: error: dlfcn.h: No such file or directory
configure:4857: $? = 1
configure: failed program was:
| #line 4842 "configure"
| /* confdefs.h.  */
| 
| #define PACKAGE_NAME ""
| #define PACKAGE_TARNAME ""
| #define PACKAGE_VERSION ""
| #define PACKAGE_STRING ""
| #define PACKAGE_BUGREPORT ""
| #define PACKAGE "SAASound"
| #define VERSION "3.2.0"
| #ifdef __cplusplus
| #include <stdlib.h>
| #endif
| #define STDC_HEADERS 1
| #define HAVE_SYS_TYPES_H 1
| #define HAVE_SYS_STAT_H 1
| #define HAVE_STDLIB_H 1
| #define HAVE_STRING_H 1
| #define HAVE_MEMORY_H 1
| #define HAVE_STRINGS_H 1
| #define HAVE_STDINT_H 1
| #define HAVE_UNISTD_H 1
| /* end confdefs.h.  */
| #include <dlfcn.h>
configure:4876: result: no
configure:4912: checking for dlfcn.h
configure:4919: result: no
configure:5117: checking for ranlib
configure:5133: found /gcc/bin/ranlib
configure:5144: result: ranlib
configure:5197: checking for strip
configure:5213: found /gcc/bin/strip
configure:5224: result: strip
configure:5434: checking for objdir
configure:5445: result: .libs
configure:5462: checking for gcc option to produce PIC
configure:5608: result: -m68020 -resident32 -malways-restore-a4
configure:5612: checking if gcc PIC flag -m68020 -resident32 -malways-restore-a4 works
configure:5636: gcc -c -mcrt=newlib -m68020 -resident32 -malways-restore-a4 -DPIC -mcrt=newlib -DMINIGL -D__USE_INLINE__ conftest.c >&5
cc1: error: invalid option '68020'
cc1: error: invalid option 'always-restore-a4'
configure:5639: $? = 1
configure: failed program was:
| #line 5619 "configure"
| /* confdefs.h.  */
| 
| #define PACKAGE_NAME ""
| #define PACKAGE_TARNAME ""
| #define PACKAGE_VERSION ""
| #define PACKAGE_STRING ""
| #define PACKAGE_BUGREPORT ""
| #define PACKAGE "SAASound"
| #define VERSION "3.2.0"
| #ifdef __cplusplus
| #include <stdlib.h>
| #endif
| #define STDC_HEADERS 1
| #define HAVE_SYS_TYPES_H 1
| #define HAVE_SYS_STAT_H 1
| #define HAVE_STDLIB_H 1
| #define HAVE_STRING_H 1
| #define HAVE_MEMORY_H 1
| #define HAVE_STRINGS_H 1
| #define HAVE_STDINT_H 1
| #define HAVE_UNISTD_H 1
| /* end confdefs.h.  */
| 
| int
| main ()
| {
| 
|   ;
|   return 0;
| }
configure:5683: result: no
configure:5699: checking if gcc static flag -static works
configure:5724: gcc -o conftest -mcrt=newlib -mcrt=newlib -DMINIGL -D__USE_INLINE__ -mcrt=newlib -static conftest.c -lauto >&5
configure:5727: $? = 0
configure:5730: test -s conftest
configure:5733: $? = 0
configure:5749: result: yes
configure:5761: checking if gcc supports -c -o file.o
configure:5781: gcc -c -mcrt=newlib -o out/conftest2.o -mcrt=newlib -DMINIGL -D__USE_INLINE__ conftest.c >&5
configure:5805: result: yes
configure:5810: checking if gcc supports -c -o file.lo
configure:5838: gcc -c -mcrt=newlib -c -o conftest.lo -mcrt=newlib -DMINIGL -D__USE_INLINE__ conftest.c >&5
configure:5841: $? = 0
configure:5844: test -s conftest.lo
configure:5847: $? = 0
configure:5869: result: yes
configure:5900: checking if gcc supports -fno-rtti -fno-exceptions
configure:5923: gcc -c -mcrt=newlib -fno-rtti -fno-exceptions -c conftest.c -mcrt=newlib -DMINIGL -D__USE_INLINE__ conftest.c >&5
cc1: warning: command line option "-fno-rtti" is valid for C++/ObjC++ but not for C
cc1: warning: command line option "-fno-rtti" is valid for C++/ObjC++ but not for C
configure:5926: $? = 0
configure:5929: test -s conftest.o
configure:5932: $? = 0
configure:5949: result: yes
configure:5960: checking whether the linker (ld) supports shared libraries
configure:6655: result: no
configure:6660: checking how to hardcode library paths into programs
configure:6684: result: immediate
configure:6689: checking whether stripping libraries is possible
configure:6694: result: yes
configure:6705: checking dynamic linker characteristics
configure:7112: result: amigaos ld.so
configure:7117: checking if libtool supports shared libraries
configure:7119: result: no
configure:7122: checking whether to build shared libraries
configure:7143: result: no
configure:7146: checking whether to build static libraries
configure:7150: result: yes
configure:8438: checking for ANSI C header files
configure:8588: result: yes
configure:8599: checking for an ANSI C-conforming const
configure:8667: gcc -c -mcrt=newlib -mcrt=newlib -DMINIGL -D__USE_INLINE__ conftest.c >&5
configure:8670: $? = 0
configure:8673: test -s conftest.o
configure:8676: $? = 0
configure:8687: result: yes
configure:8697: checking for inline
configure:8719: gcc -c -mcrt=newlib -mcrt=newlib -DMINIGL -D__USE_INLINE__ conftest.c >&5
configure:8722: $? = 0
configure:8725: test -s conftest.o
configure:8728: $? = 0
configure:8740: result: inline
configure:8881: creating ./config.status

## ---------------------- ##
## Running config.status. ##
## ---------------------- ##

This file was extended by config.status, which was
generated by GNU Autoconf 2.57.  Invocation command line was

  CONFIG_FILES    = 
  CONFIG_HEADERS  = 
  CONFIG_LINKS    = 
  CONFIG_COMMANDS = 
  $ ./config.status 

on localhost

config.status:688: creating Makefile
config.status:688: creating src/Makefile
config.status:688: creating include/Makefile
config.status:792: creating config.h
config.status:1019: executing depfiles commands

## ---------------- ##
## Cache variables. ##
## ---------------- ##

ac_cv_build=powerpc-unknown-amigaos
ac_cv_build_alias=ppc-unknown-amigaos
ac_cv_c_compiler_gnu=yes
ac_cv_c_const=yes
ac_cv_c_inline=inline
ac_cv_cxx_compiler_gnu=yes
ac_cv_env_CC_set=
ac_cv_env_CC_value=
ac_cv_env_CFLAGS_set=set
ac_cv_env_CFLAGS_value=-mcrt=newlib
ac_cv_env_CPPFLAGS_set=set
ac_cv_env_CPPFLAGS_value='-mcrt=newlib -DMINIGL -D__USE_INLINE__'
ac_cv_env_CPP_set=
ac_cv_env_CPP_value=
ac_cv_env_CXXFLAGS_set=set
ac_cv_env_CXXFLAGS_value=-mcrt=newlib
ac_cv_env_CXX_set=
ac_cv_env_CXX_value=
ac_cv_env_LDFLAGS_set=set
ac_cv_env_LDFLAGS_value=-mcrt=newlib
ac_cv_env_build_alias_set=
ac_cv_env_build_alias_value=
ac_cv_env_host_alias_set=
ac_cv_env_host_alias_value=
ac_cv_env_target_alias_set=
ac_cv_env_target_alias_value=
ac_cv_exeext=
ac_cv_header_dlfcn_h=no
ac_cv_header_inttypes_h=no
ac_cv_header_memory_h=yes
ac_cv_header_stdc=yes
ac_cv_header_stdint_h=yes
ac_cv_header_stdlib_h=yes
ac_cv_header_string_h=yes
ac_cv_header_strings_h=yes
ac_cv_header_sys_stat_h=yes
ac_cv_header_sys_types_h=yes
ac_cv_header_unistd_h=yes
ac_cv_host=powerpc-unknown-amigaos
ac_cv_host_alias=ppc-unknown-amigaos
ac_cv_objext=o
ac_cv_path_install='/SDK/Local/C/ginstall -c'
ac_cv_prog_AWK=nawk
ac_cv_prog_CPP='gcc -E'
ac_cv_prog_ac_ct_CC=gcc
ac_cv_prog_ac_ct_CXX=g++
ac_cv_prog_ac_ct_RANLIB=ranlib
ac_cv_prog_ac_ct_STRIP=strip
ac_cv_prog_cc_g=yes
ac_cv_prog_cc_stdc=
ac_cv_prog_cxx_g=yes
ac_cv_prog_egrep='grep -E'
ac_cv_prog_make__SDK_C_gmake_set=yes
ac_cv_target=powerpc-unknown-amigaos
ac_cv_target_alias=ppc-unknown-amigaos
am_cv_CC_dependencies_compiler_type=none
am_cv_CXX_dependencies_compiler_type=none
lt_cv_compiler_c_o=yes
lt_cv_compiler_o_lo=yes
lt_cv_deplibs_check_method=unknown
lt_cv_file_magic_cmd='$MAGIC_CMD'
lt_cv_file_magic_test_file=
lt_cv_global_symbol_to_c_name_address='sed -n -e '\''s/^: \([^ ]*\) $/  {\"\1\", (lt_ptr) 0},/p'\'' -e '\''s/^[BCDEGRST] \([^ ]*\) \([^ ]*\)$/  {"\2", (lt_ptr) \&\2},/p'\'
lt_cv_global_symbol_to_cdecl='sed -n -e '\''s/^. .* \(.*\)$/extern char \1;/p'\'
lt_cv_ld_reload_flag=-r
lt_cv_path_LD=ld
lt_cv_path_NM='/gcc/bin/nm -B'
lt_cv_path_SED=/SDK/Local/C/sed
lt_cv_prog_cc_can_build_shared=no
lt_cv_prog_cc_no_builtin=
lt_cv_prog_cc_pic=
lt_cv_prog_cc_pic_works=no
lt_cv_prog_cc_shlib=
lt_cv_prog_cc_static=-static
lt_cv_prog_cc_static_works=yes
lt_cv_prog_cc_wl=-Wl,
lt_cv_prog_gnu_ld=yes
lt_cv_sys_global_symbol_pipe='sed -n -e '\''s/^.*[ 	]\([ABCDGISTW][ABCDGISTW]*\)[ 	][ 	]*\(\)\([_A-Za-z][_A-Za-z0-9]*\)$/\1 \2\3 \3/p'\'

## ----------------- ##
## Output variables. ##
## ----------------- ##

ac_ct_CC='gcc'
ac_ct_CXX='g++'
ac_ct_RANLIB='ranlib'
ac_ct_STRIP='strip'
ACLOCAL='aclocal-1.7'
am__fastdepCC_FALSE=''
am__fastdepCC_TRUE='#'
am__fastdepCXX_FALSE=''
am__fastdepCXX_TRUE='#'
am__include='include'
am__leading_dot='.'
am__quote=''
AMDEP_FALSE=''
AMDEP_TRUE='#'
AMDEPBACKSLASH=''
AMTAR='tar'
AUTOCONF='autoconf'
AUTOHEADER='autoheader'
AUTOMAKE='automake-1.7'
AWK='nawk'
bindir='/SDK/Local/C'
build='powerpc-unknown-amigaos'
build_alias=''
build_cpu='powerpc'
build_os='amigaos'
build_vendor='unknown'
CC='gcc'
CCDEPMODE='depmode=none'
CFLAGS='-mcrt=newlib -Wall -O2 -I$(top_srcdir)/include'
CPP='gcc -E'
CPPFLAGS='-mcrt=newlib -DMINIGL -D__USE_INLINE__'
CXX='g++'
CXXDEPMODE='depmode=none'
CXXFLAGS='-mcrt=newlib -Wall -O2 -I$(top_srcdir)/include'
CYGPATH_W='echo'
datadir='${prefix}/share'
DEFS='-DHAVE_CONFIG_H'
DEPDIR='.deps'
ECHO='/SDK/Local/C/echo'
ECHO_C=''ECHO_N=''
ECHO_T=''
EGREP='grep -E'
exec_prefix='${prefix}'
EXEEXT=''
host='powerpc-unknown-amigaos'
host_alias=''
host_cpu='powerpc'
host_os='amigaos'
host_vendor='unknown'
includedir='/SDK/Local/common/include'
infodir='${prefix}/info'
INSTALL_DATA='${INSTALL} -m 644'
INSTALL_PROGRAM='${INSTALL}'
INSTALL_SCRIPT='${INSTALL}'
install_sh='/RAM Disk/SAASound-3.2/config/install-sh'
INSTALL_STRIP_PROGRAM='${SHELL} $(install_sh) -c -s'
LDFLAGS='-mcrt=newlib'
libdir='/SDK/Local/newlib/lib'
libexecdir='${exec_prefix}/libexec'
LIBOBJS=''
LIBS='-lauto'
LIBTOOL='$(SHELL) $(top_builddir)/libtool'
LN_S='ln -s'
localstatedir='${prefix}/var'
LT_AGE='0'
LT_CURRENT='0'
LT_RELEASE='3.2'
LT_REVISION='0'
LTLIBOBJS=''
MAKEINFO='makeinfo'
mandir='${prefix}/man'
OBJEXT='o'
oldincludedir='/usr/include'
PACKAGE='SAASound'
PACKAGE_BUGREPORT=''
PACKAGE_NAME=''
PACKAGE_STRING=''
PACKAGE_TARNAME=''
PACKAGE_VERSION=''
PATH_SEPARATOR=':'
prefix='/SDK/Local'
program_transform_name='s,x,x,'
RANLIB='ranlib'
SAA_BINARY_AGE='0'
SAA_INTERFACE_AGE='0'
SAA_MAJOR_VERSION='3'
SAA_MICRO_VERSION='0'
SAA_MINOR_VERSION='2'
SAA_VERSION='3.2.0'
SAASOUND_LIBS='-lSAASound'
sbindir='${exec_prefix}/sbin'
SET_MAKE=''
sharedstatedir='${prefix}/com'
SHELL='/bin/sh'
STRIP='strip'
sysconfdir='${prefix}/etc'
target='powerpc-unknown-amigaos'
target_alias=''
target_cpu='powerpc'
target_os='amigaos'
target_vendor='unknown'
VERSION='3.2.0'

## ----------- ##
## confdefs.h. ##
## ----------- ##

#define HAVE_MEMORY_H 1
#define HAVE_STDINT_H 1
#define HAVE_STDLIB_H 1
#define HAVE_STRING_H 1
#define HAVE_STRINGS_H 1
#define HAVE_SYS_STAT_H 1
#define HAVE_SYS_TYPES_H 1
#define HAVE_UNISTD_H 1
#define PACKAGE "SAASound"
#define PACKAGE_BUGREPORT ""
#define PACKAGE_NAME ""
#define PACKAGE_STRING ""
#define PACKAGE_TARNAME ""
#define PACKAGE_VERSION ""
#define STDC_HEADERS 1
#define STDC_HEADERS 1
#define VERSION "3.2.0"
#endif
#ifdef __cplusplus
#include <stdlib.h>

configure: exit 0
