
NBBS (C)opyright 1991 Tomi Blinnikka

Here is a list of the stuff that you need to add into the config file:

*1.  BBS Name		- Don't know why
*2.  Location on HD	- So you don't have to put it before every filename
*3.  SysOp Name		- 
*4.  CoSysop #1		-
*5.  CoSysOp #2		-
*6.  CoSysOp #3		-
*7.  CoSysOp #4		-
*8.  CoSysOp #5		- If you need more you're a jerk
*9.  Ring string	-
*10. Answer string	-
*11. Connect strings	- 1200, 2400, 4800, 9600 (HST), 19200, (38400, 57600)
12. Preset SecLevs 1-10	- There just presets...
*13. System PassWord	-
*14. New User PassWord	-
*15. Remote Shell PassW	-
*16. User Font		- Aah, at last a good program
*17. User Keymap	- ^^
18. CTS/RTS support	-
19. MNP-connect strings	- Check if needed (for other than log)
20. New HST DS 14400^	- Need this ofcourse
21. (Flags ->serial)	- What? Just another suggested thing
22. DTR-hangup		- 
23. ATH-hangup		-
