This file contains any messages produced by compilers while
running configure, to aid debugging if configure makes a mistake.

It was created by configure, which was
generated by GNU Autoconf 2.68.  Invocation command line was

  $ ./configure --prefix=/SDK/local/newlib --host=ppc-amigaos --enable-ahi --enable-dl=no --enable-altivec=no --enable-threads LDFLAGS=-use-dynld

## --------- ##
## Platform. ##
## --------- ##

hostname = fubuntu
uname -m = i686
uname -r = 3.2.0-38-generic-pae
uname -s = Linux
uname -v = #61-Ubuntu SMP Tue Feb 19 12:39:51 UTC 2013

/usr/bin/uname -p = unknown
/bin/uname -X     = unknown

/bin/arch              = unknown
/usr/bin/arch -k       = unknown
/usr/convex/getsysinfo = unknown
/usr/bin/hostinfo      = unknown
/bin/machine           = unknown
/usr/bin/oslevel       = unknown
/bin/universe          = unknown

PATH: /SDK/local/newlib/bin
PATH: /usr/local/amiga/bin
PATH: /usr/local/vbcc/bin
PATH: /usr/lib/lightdm/lightdm
PATH: /usr/local/sbin
PATH: /usr/local/bin
PATH: /usr/sbin
PATH: /usr/bin
PATH: /sbin
PATH: /bin
PATH: /usr/games


## ----------- ##
## Core tests. ##
## ----------- ##

configure:2350: checking for a BSD-compatible install
configure:2418: result: /usr/bin/install -c
configure:2429: checking whether build environment is sane
configure:2484: result: yes
configure:2522: WARNING: 'missing' script is too old or missing
configure:2543: checking for ppc-amigaos-strip
configure:2559: found /usr/local/amiga/bin/ppc-amigaos-strip
configure:2570: result: ppc-amigaos-strip
configure:2635: checking for a thread-safe mkdir -p
configure:2674: result: /bin/mkdir -p
configure:2687: checking for gawk
configure:2717: result: no
configure:2687: checking for mawk
configure:2703: found /usr/bin/mawk
configure:2714: result: mawk
configure:2725: checking whether make sets $(MAKE)
configure:2747: result: yes
configure:2830: checking whether to enable maintainer-specific portions of Makefiles
configure:2839: result: no
configure:3041: checking for ppc-amigaos-gcc
configure:3057: found /usr/local/amiga/bin/ppc-amigaos-gcc
configure:3068: result: ppc-amigaos-gcc
configure:3337: checking for C compiler version
configure:3346: ppc-amigaos-gcc --version >&5
ppc-amigaos-gcc (GCC) 4.2.4 (adtools build 20100512)
Copyright (C) 2007 Free Software Foundation, Inc.
This is free software; see the source for copying conditions.  There is NO
warranty; not even for MERCHANTABILITY or FITNESS FOR A PARTICULAR PURPOSE.

configure:3357: $? = 0
configure:3346: ppc-amigaos-gcc -v >&5
Using built-in specs.
Target: ppc-amigaos
Configured with: /home/salass00/Development/Projects/SourceForge/adtools/gcc/configure --with-bugurl=http://www.sf.net/projects/adtools --with-pkgversion=adtools build trunk --target=ppc-amigaos --prefix=/usr/local/amiga --enable-languages=c,c++ --enable-haifa --enable-sjlj-exceptions --disable-libstdcxx-pch --disable-tls
Thread model: single
gcc version 4.2.4 (adtools build 20100512)
configure:3357: $? = 0
configure:3346: ppc-amigaos-gcc -V >&5
ppc-amigaos-gcc: '-V' option must have argument
configure:3357: $? = 1
configure:3346: ppc-amigaos-gcc -qversion >&5
ppc-amigaos-gcc: no input files
configure:3357: $? = 1
configure:3377: checking whether the C compiler works
configure:3399: ppc-amigaos-gcc   -use-dynld conftest.c  >&5
configure:3403: $? = 0
configure:3451: result: yes
configure:3454: checking for C compiler default output file name
configure:3456: result: a.out
configure:3462: checking for suffix of executables
configure:3469: ppc-amigaos-gcc -o conftest   -use-dynld conftest.c  >&5
configure:3473: $? = 0
configure:3495: result: 
configure:3517: checking whether we are cross compiling
configure:3525: ppc-amigaos-gcc -o conftest   -use-dynld conftest.c  >&5
configure:3529: $? = 0
configure:3536: ./conftest
./configure: line 3538: ./conftest: cannot execute binary file
configure:3540: $? = 126
configure:3555: result: yes
configure:3560: checking for suffix of object files
configure:3582: ppc-amigaos-gcc -c   conftest.c >&5
configure:3586: $? = 0
configure:3607: result: o
configure:3611: checking whether we are using the GNU C compiler
configure:3630: ppc-amigaos-gcc -c   conftest.c >&5
configure:3630: $? = 0
configure:3639: result: yes
configure:3648: checking whether ppc-amigaos-gcc accepts -g
configure:3668: ppc-amigaos-gcc -c -g  conftest.c >&5
configure:3668: $? = 0
configure:3709: result: yes
configure:3726: checking for ppc-amigaos-gcc option to accept ISO C89
configure:3790: ppc-amigaos-gcc  -c -g -O2  conftest.c >&5
configure:3790: $? = 0
configure:3803: result: none needed
configure:3834: checking for style of include used by make
configure:3862: result: GNU
configure:3888: checking dependency style of ppc-amigaos-gcc
configure:3999: result: none
configure:4015: checking whether ln -s works
configure:4019: result: yes
configure:4055: checking build system type
configure:4069: result: i686-pc-linux-gnu
configure:4089: checking host system type
configure:4102: result: powerpc-unknown-amigaos
configure:4143: checking how to print strings
configure:4170: result: printf
configure:4191: checking for a sed that does not truncate output
configure:4255: result: /bin/sed
configure:4273: checking for grep that handles long lines and -e
configure:4331: result: /bin/grep
configure:4336: checking for egrep
configure:4398: result: /bin/grep -E
configure:4403: checking for fgrep
configure:4465: result: /bin/grep -F
configure:4500: checking for ld used by ppc-amigaos-gcc
configure:4567: result: /usr/local/amiga/ppc-amigaos/bin/ld
configure:4574: checking if the linker (/usr/local/amiga/ppc-amigaos/bin/ld) is GNU ld
configure:4589: result: yes
configure:4601: checking for BSD- or MS-compatible name lister (nm)
configure:4650: result: /usr/local/amiga/bin/ppc-amigaos-nm -B
configure:4780: checking the name lister (/usr/local/amiga/bin/ppc-amigaos-nm -B) interface
configure:4787: ppc-amigaos-gcc -c -g -O2  conftest.c >&5
configure:4790: /usr/local/amiga/bin/ppc-amigaos-nm -B "conftest.o"
configure:4793: output
00000000 S some_variable
configure:4800: result: BSD nm
configure:4804: checking the maximum length of command line arguments
configure:4934: result: 1572864
configure:4951: checking whether the shell understands some XSI constructs
configure:4961: result: yes
configure:4965: checking whether the shell understands "+="
configure:4971: result: yes
configure:5006: checking how to convert i686-pc-linux-gnu file names to powerpc-unknown-amigaos format
configure:5046: result: func_convert_file_noop
configure:5053: checking how to convert i686-pc-linux-gnu file names to toolchain format
configure:5073: result: func_convert_file_noop
configure:5080: checking for /usr/local/amiga/ppc-amigaos/bin/ld option to reload object files
configure:5087: result: -r
configure:5121: checking for ppc-amigaos-objdump
configure:5137: found /usr/local/amiga/bin/ppc-amigaos-objdump
configure:5148: result: ppc-amigaos-objdump
configure:5220: checking how to recognize dependent libraries
configure:5422: result: unknown
configure:5467: checking for ppc-amigaos-dlltool
configure:5497: result: no
configure:5507: checking for dlltool
configure:5537: result: no
configure:5567: checking how to associate runtime and link libraries
configure:5594: result: printf %s\n
configure:5611: checking for ppc-amigaos-ar
configure:5627: found /usr/local/amiga/bin/ppc-amigaos-ar
configure:5638: result: ppc-amigaos-ar
configure:5719: checking for archiver @FILE support
configure:5736: ppc-amigaos-gcc -c -g -O2  conftest.c >&5
configure:5736: $? = 0
configure:5739: ppc-amigaos-ar cru libconftest.a @conftest.lst >&5
configure:5742: $? = 0
configure:5747: ppc-amigaos-ar cru libconftest.a @conftest.lst >&5
ppc-amigaos-ar: conftest.o: No such file or directory
configure:5750: $? = 1
configure:5762: result: @
configure:5780: checking for ppc-amigaos-strip
configure:5807: result: ppc-amigaos-strip
configure:5879: checking for ppc-amigaos-ranlib
configure:5895: found /usr/local/amiga/bin/ppc-amigaos-ranlib
configure:5906: result: ppc-amigaos-ranlib
configure:6048: checking command to parse /usr/local/amiga/bin/ppc-amigaos-nm -B output from ppc-amigaos-gcc object
configure:6168: ppc-amigaos-gcc -c -g -O2  conftest.c >&5
configure:6171: $? = 0
configure:6175: /usr/local/amiga/bin/ppc-amigaos-nm -B conftest.o \| sed -n -e 's/^.*[ ]\([ABCDGIRSTW][ABCDGIRSTW]*\)[ ][ ]*\([_A-Za-z][_A-Za-z0-9]*\)$/\1 \2 \2/p' | sed '/ __gnu_lto/d' \> conftest.nm
configure:6178: $? = 0
configure:6244: ppc-amigaos-gcc -o conftest -g -O2  -use-dynld conftest.c conftstm.o >&5
configure:6247: $? = 0
configure:6285: result: ok
configure:6322: checking for sysroot
configure:6352: result: no
configure:6568: checking for ppc-amigaos-mt
configure:6598: result: no
configure:6608: checking for mt
configure:6624: found /bin/mt
configure:6635: result: mt
configure:6647: WARNING: using cross tools not prefixed with host triplet
configure:6658: checking if mt is a manifest tool
configure:6664: mt '-?'
configure:6672: result: no
configure:7314: checking how to run the C preprocessor
configure:7345: ppc-amigaos-gcc -E  conftest.c
configure:7345: $? = 0
configure:7359: ppc-amigaos-gcc -E  conftest.c
conftest.c:11:28: error: ac_nonexistent.h: No such file or directory
configure:7359: $? = 1
configure: failed program was:
| /* confdefs.h */
| #define PACKAGE_NAME ""
| #define PACKAGE_TARNAME ""
| #define PACKAGE_VERSION ""
| #define PACKAGE_STRING ""
| #define PACKAGE_BUGREPORT ""
| #define PACKAGE_URL ""
| #define PACKAGE "libmikmod"
| #define VERSION "3.2.0"
| /* end confdefs.h.  */
| #include <ac_nonexistent.h>
configure:7384: result: ppc-amigaos-gcc -E
configure:7404: ppc-amigaos-gcc -E  conftest.c
configure:7404: $? = 0
configure:7418: ppc-amigaos-gcc -E  conftest.c
conftest.c:11:28: error: ac_nonexistent.h: No such file or directory
configure:7418: $? = 1
configure: failed program was:
| /* confdefs.h */
| #define PACKAGE_NAME ""
| #define PACKAGE_TARNAME ""
| #define PACKAGE_VERSION ""
| #define PACKAGE_STRING ""
| #define PACKAGE_BUGREPORT ""
| #define PACKAGE_URL ""
| #define PACKAGE "libmikmod"
| #define VERSION "3.2.0"
| /* end confdefs.h.  */
| #include <ac_nonexistent.h>
configure:7447: checking for ANSI C header files
configure:7467: ppc-amigaos-gcc -c -g -O2  conftest.c >&5
configure:7467: $? = 0
configure:7551: result: yes
configure:7564: checking for sys/types.h
configure:7564: ppc-amigaos-gcc -c -g -O2  conftest.c >&5
configure:7564: $? = 0
configure:7564: result: yes
configure:7564: checking for sys/stat.h
configure:7564: ppc-amigaos-gcc -c -g -O2  conftest.c >&5
configure:7564: $? = 0
configure:7564: result: yes
configure:7564: checking for stdlib.h
configure:7564: ppc-amigaos-gcc -c -g -O2  conftest.c >&5
configure:7564: $? = 0
configure:7564: result: yes
configure:7564: checking for string.h
configure:7564: ppc-amigaos-gcc -c -g -O2  conftest.c >&5
configure:7564: $? = 0
configure:7564: result: yes
configure:7564: checking for memory.h
configure:7564: ppc-amigaos-gcc -c -g -O2  conftest.c >&5
configure:7564: $? = 0
configure:7564: result: yes
configure:7564: checking for strings.h
configure:7564: ppc-amigaos-gcc -c -g -O2  conftest.c >&5
configure:7564: $? = 0
configure:7564: result: yes
configure:7564: checking for inttypes.h
configure:7564: ppc-amigaos-gcc -c -g -O2  conftest.c >&5
configure:7564: $? = 0
configure:7564: result: yes
configure:7564: checking for stdint.h
configure:7564: ppc-amigaos-gcc -c -g -O2  conftest.c >&5
configure:7564: $? = 0
configure:7564: result: yes
configure:7564: checking for unistd.h
configure:7564: ppc-amigaos-gcc -c -g -O2  conftest.c >&5
configure:7564: $? = 0
configure:7564: result: yes
configure:7578: checking for dlfcn.h
configure:7578: ppc-amigaos-gcc -c -g -O2  conftest.c >&5
configure:7578: $? = 0
configure:7578: result: yes
configure:7784: checking for objdir
configure:7799: result: .libs
configure:8070: checking if ppc-amigaos-gcc supports -fno-rtti -fno-exceptions
configure:8088: ppc-amigaos-gcc -c -g -O2  -fno-rtti -fno-exceptions conftest.c >&5
cc1: warning: command line option "-fno-rtti" is valid for C++/ObjC++ but not for C
configure:8092: $? = 0
configure:8105: result: no
configure:8432: checking for ppc-amigaos-gcc option to produce PIC
configure:8439: result: -fPIC -DPIC
configure:8447: checking if ppc-amigaos-gcc PIC flag -fPIC -DPIC works
configure:8465: ppc-amigaos-gcc -c -g -O2  -fPIC -DPIC -DPIC conftest.c >&5
configure:8469: $? = 0
configure:8482: result: yes
configure:8511: checking if ppc-amigaos-gcc static flag -static works
configure:8539: result: yes
configure:8554: checking if ppc-amigaos-gcc supports -c -o file.o
configure:8575: ppc-amigaos-gcc -c -g -O2  -o out/conftest2.o conftest.c >&5
configure:8579: $? = 0
configure:8601: result: yes
configure:8609: checking if ppc-amigaos-gcc supports -c -o file.o
configure:8656: result: yes
configure:8689: checking whether the ppc-amigaos-gcc linker (/usr/local/amiga/ppc-amigaos/bin/ld) supports shared libraries
configure:9843: result: yes
configure:9880: checking whether -lc should be explicitly linked in
configure:9888: ppc-amigaos-gcc -c -g -O2  conftest.c >&5
configure:9891: $? = 0
configure:9906: ppc-amigaos-gcc -shared conftest.o  -v -Wl,-soname -Wl,conftest -o conftest 2\>\&1 \| /bin/grep  -lc  \>/dev/null 2\>\&1
configure:9909: $? = 0
configure:9923: result: no
configure:10083: checking dynamic linker characteristics
configure:10838: result: amigaos ld.so
configure:10945: checking how to hardcode library paths into programs
configure:10970: result: immediate
configure:11510: checking whether stripping libraries is possible
configure:11515: result: yes
configure:11550: checking if libtool supports shared libraries
configure:11552: result: yes
configure:11555: checking whether to build shared libraries
configure:11576: result: yes
configure:11579: checking whether to build static libraries
configure:11583: result: yes
configure:11620: checking whether make sets $(MAKE)
configure:11642: result: yes
configure:11652: checking for X
configure:11760: ppc-amigaos-gcc -E  conftest.c
conftest.c:23:22: error: X11/Xlib.h: No such file or directory
configure:11760: $? = 1
configure: failed program was:
| /* confdefs.h */
| #define PACKAGE_NAME ""
| #define PACKAGE_TARNAME ""
| #define PACKAGE_VERSION ""
| #define PACKAGE_STRING ""
| #define PACKAGE_BUGREPORT ""
| #define PACKAGE_URL ""
| #define PACKAGE "libmikmod"
| #define VERSION "3.2.0"
| #define STDC_HEADERS 1
| #define HAVE_SYS_TYPES_H 1
| #define HAVE_SYS_STAT_H 1
| #define HAVE_STDLIB_H 1
| #define HAVE_STRING_H 1
| #define HAVE_MEMORY_H 1
| #define HAVE_STRINGS_H 1
| #define HAVE_INTTYPES_H 1
| #define HAVE_STDINT_H 1
| #define HAVE_UNISTD_H 1
| #define HAVE_DLFCN_H 1
| #define LT_OBJDIR ".libs/"
| /* end confdefs.h.  */
| #include <X11/Xlib.h>
configure:11791: ppc-amigaos-gcc -o conftest -g -O2  -use-dynld conftest.c -lX11  >&5
conftest.c:23:22: error: X11/Xlib.h: No such file or directory
configure:11791: $? = 1
configure: failed program was:
| /* confdefs.h */
| #define PACKAGE_NAME ""
| #define PACKAGE_TARNAME ""
| #define PACKAGE_VERSION ""
| #define PACKAGE_STRING ""
| #define PACKAGE_BUGREPORT ""
| #define PACKAGE_URL ""
| #define PACKAGE "libmikmod"
| #define VERSION "3.2.0"
| #define STDC_HEADERS 1
| #define HAVE_SYS_TYPES_H 1
| #define HAVE_SYS_STAT_H 1
| #define HAVE_STDLIB_H 1
| #define HAVE_STRING_H 1
| #define HAVE_MEMORY_H 1
| #define HAVE_STRINGS_H 1
| #define HAVE_INTTYPES_H 1
| #define HAVE_STDINT_H 1
| #define HAVE_UNISTD_H 1
| #define HAVE_DLFCN_H 1
| #define LT_OBJDIR ".libs/"
| /* end confdefs.h.  */
| #include <X11/Xlib.h>
| int
| main ()
| {
| XrmInitialize ()
|   ;
|   return 0;
| }
configure:11830: result: no
configure:11848: checking if makeinfo supports html output
configure:11860: result: yes
configure:12113: checking if compiler recognizes -pthread
configure:12138: ppc-amigaos-gcc -o conftest -g -O2 -pthread  -use-dynld conftest.c  >&5
/tmp/ccBMPEd1.o: In function `main':
/home/salass00/Development/Projects/Libraries/libmikmod-3.2.0/conftest.c:27: undefined reference to `pthread_create'
collect2: ld returned 1 exit status
configure:12138: $? = 1
configure: failed program was:
| /* confdefs.h */
| #define PACKAGE_NAME ""
| #define PACKAGE_TARNAME ""
| #define PACKAGE_VERSION ""
| #define PACKAGE_STRING ""
| #define PACKAGE_BUGREPORT ""
| #define PACKAGE_URL ""
| #define PACKAGE "libmikmod"
| #define VERSION "3.2.0"
| #define STDC_HEADERS 1
| #define HAVE_SYS_TYPES_H 1
| #define HAVE_SYS_STAT_H 1
| #define HAVE_STDLIB_H 1
| #define HAVE_STRING_H 1
| #define HAVE_MEMORY_H 1
| #define HAVE_STRINGS_H 1
| #define HAVE_INTTYPES_H 1
| #define HAVE_STDINT_H 1
| #define HAVE_UNISTD_H 1
| #define HAVE_DLFCN_H 1
| #define LT_OBJDIR ".libs/"
| /* end confdefs.h.  */
| #include <pthread.h>
| int
| main ()
| {
| int p = pthread_create(NULL,NULL,NULL,NULL);
|   ;
|   return 0;
| }
configure:12155: result: no
configure:12165: checking for pthread_create in -lpthread
configure:12190: ppc-amigaos-gcc -o conftest -g -O2  -use-dynld conftest.c -lpthread   >&5
configure:12190: $? = 0
configure:12199: result: yes
configure:12256: checking alsa/asoundlib.h usability
configure:12256: ppc-amigaos-gcc -c -g -O2  conftest.c >&5
conftest.c:56:28: error: alsa/asoundlib.h: No such file or directory
configure:12256: $? = 1
configure: failed program was:
| /* confdefs.h */
| #define PACKAGE_NAME ""
| #define PACKAGE_TARNAME ""
| #define PACKAGE_VERSION ""
| #define PACKAGE_STRING ""
| #define PACKAGE_BUGREPORT ""
| #define PACKAGE_URL ""
| #define PACKAGE "libmikmod"
| #define VERSION "3.2.0"
| #define STDC_HEADERS 1
| #define HAVE_SYS_TYPES_H 1
| #define HAVE_SYS_STAT_H 1
| #define HAVE_STDLIB_H 1
| #define HAVE_STRING_H 1
| #define HAVE_MEMORY_H 1
| #define HAVE_STRINGS_H 1
| #define HAVE_INTTYPES_H 1
| #define HAVE_STDINT_H 1
| #define HAVE_UNISTD_H 1
| #define HAVE_DLFCN_H 1
| #define LT_OBJDIR ".libs/"
| /* end confdefs.h.  */
| #include <stdio.h>
| #ifdef HAVE_SYS_TYPES_H
| # include <sys/types.h>
| #endif
| #ifdef HAVE_SYS_STAT_H
| # include <sys/stat.h>
| #endif
| #ifdef STDC_HEADERS
| # include <stdlib.h>
| # include <stddef.h>
| #else
| # ifdef HAVE_STDLIB_H
| #  include <stdlib.h>
| # endif
| #endif
| #ifdef HAVE_STRING_H
| # if !defined STDC_HEADERS && defined HAVE_MEMORY_H
| #  include <memory.h>
| # endif
| # include <string.h>
| #endif
| #ifdef HAVE_STRINGS_H
| # include <strings.h>
| #endif
| #ifdef HAVE_INTTYPES_H
| # include <inttypes.h>
| #endif
| #ifdef HAVE_STDINT_H
| # include <stdint.h>
| #endif
| #ifdef HAVE_UNISTD_H
| # include <unistd.h>
| #endif
| #include <alsa/asoundlib.h>
configure:12256: result: no
configure:12256: checking alsa/asoundlib.h presence
configure:12256: ppc-amigaos-gcc -E  conftest.c
conftest.c:23:28: error: alsa/asoundlib.h: No such file or directory
configure:12256: $? = 1
configure: failed program was:
| /* confdefs.h */
| #define PACKAGE_NAME ""
| #define PACKAGE_TARNAME ""
| #define PACKAGE_VERSION ""
| #define PACKAGE_STRING ""
| #define PACKAGE_BUGREPORT ""
| #define PACKAGE_URL ""
| #define PACKAGE "libmikmod"
| #define VERSION "3.2.0"
| #define STDC_HEADERS 1
| #define HAVE_SYS_TYPES_H 1
| #define HAVE_SYS_STAT_H 1
| #define HAVE_STDLIB_H 1
| #define HAVE_STRING_H 1
| #define HAVE_MEMORY_H 1
| #define HAVE_STRINGS_H 1
| #define HAVE_INTTYPES_H 1
| #define HAVE_STDINT_H 1
| #define HAVE_UNISTD_H 1
| #define HAVE_DLFCN_H 1
| #define LT_OBJDIR ".libs/"
| /* end confdefs.h.  */
| #include <alsa/asoundlib.h>
configure:12256: result: no
configure:12256: checking for alsa/asoundlib.h
configure:12256: result: no
configure:12463: checking AF/AFlib.h usability
configure:12463: ppc-amigaos-gcc -c -g -O2  conftest.c >&5
conftest.c:56:22: error: AF/AFlib.h: No such file or directory
configure:12463: $? = 1
configure: failed program was:
| /* confdefs.h */
| #define PACKAGE_NAME ""
| #define PACKAGE_TARNAME ""
| #define PACKAGE_VERSION ""
| #define PACKAGE_STRING ""
| #define PACKAGE_BUGREPORT ""
| #define PACKAGE_URL ""
| #define PACKAGE "libmikmod"
| #define VERSION "3.2.0"
| #define STDC_HEADERS 1
| #define HAVE_SYS_TYPES_H 1
| #define HAVE_SYS_STAT_H 1
| #define HAVE_STDLIB_H 1
| #define HAVE_STRING_H 1
| #define HAVE_MEMORY_H 1
| #define HAVE_STRINGS_H 1
| #define HAVE_INTTYPES_H 1
| #define HAVE_STDINT_H 1
| #define HAVE_UNISTD_H 1
| #define HAVE_DLFCN_H 1
| #define LT_OBJDIR ".libs/"
| /* end confdefs.h.  */
| #include <stdio.h>
| #ifdef HAVE_SYS_TYPES_H
| # include <sys/types.h>
| #endif
| #ifdef HAVE_SYS_STAT_H
| # include <sys/stat.h>
| #endif
| #ifdef STDC_HEADERS
| # include <stdlib.h>
| # include <stddef.h>
| #else
| # ifdef HAVE_STDLIB_H
| #  include <stdlib.h>
| # endif
| #endif
| #ifdef HAVE_STRING_H
| # if !defined STDC_HEADERS && defined HAVE_MEMORY_H
| #  include <memory.h>
| # endif
| # include <string.h>
| #endif
| #ifdef HAVE_STRINGS_H
| # include <strings.h>
| #endif
| #ifdef HAVE_INTTYPES_H
| # include <inttypes.h>
| #endif
| #ifdef HAVE_STDINT_H
| # include <stdint.h>
| #endif
| #ifdef HAVE_UNISTD_H
| # include <unistd.h>
| #endif
| #include <AF/AFlib.h>
configure:12463: result: no
configure:12463: checking AF/AFlib.h presence
configure:12463: ppc-amigaos-gcc -E  conftest.c
conftest.c:23:22: error: AF/AFlib.h: No such file or directory
configure:12463: $? = 1
configure: failed program was:
| /* confdefs.h */
| #define PACKAGE_NAME ""
| #define PACKAGE_TARNAME ""
| #define PACKAGE_VERSION ""
| #define PACKAGE_STRING ""
| #define PACKAGE_BUGREPORT ""
| #define PACKAGE_URL ""
| #define PACKAGE "libmikmod"
| #define VERSION "3.2.0"
| #define STDC_HEADERS 1
| #define HAVE_SYS_TYPES_H 1
| #define HAVE_SYS_STAT_H 1
| #define HAVE_STDLIB_H 1
| #define HAVE_STRING_H 1
| #define HAVE_MEMORY_H 1
| #define HAVE_STRINGS_H 1
| #define HAVE_INTTYPES_H 1
| #define HAVE_STDINT_H 1
| #define HAVE_UNISTD_H 1
| #define HAVE_DLFCN_H 1
| #define LT_OBJDIR ".libs/"
| /* end confdefs.h.  */
| #include <AF/AFlib.h>
configure:12463: result: no
configure:12463: checking for AF/AFlib.h
configure:12463: result: no
configure:12525: checking libgus.h usability
configure:12525: ppc-amigaos-gcc -c -g -O2  conftest.c >&5
conftest.c:56:20: error: libgus.h: No such file or directory
configure:12525: $? = 1
configure: failed program was:
| /* confdefs.h */
| #define PACKAGE_NAME ""
| #define PACKAGE_TARNAME ""
| #define PACKAGE_VERSION ""
| #define PACKAGE_STRING ""
| #define PACKAGE_BUGREPORT ""
| #define PACKAGE_URL ""
| #define PACKAGE "libmikmod"
| #define VERSION "3.2.0"
| #define STDC_HEADERS 1
| #define HAVE_SYS_TYPES_H 1
| #define HAVE_SYS_STAT_H 1
| #define HAVE_STDLIB_H 1
| #define HAVE_STRING_H 1
| #define HAVE_MEMORY_H 1
| #define HAVE_STRINGS_H 1
| #define HAVE_INTTYPES_H 1
| #define HAVE_STDINT_H 1
| #define HAVE_UNISTD_H 1
| #define HAVE_DLFCN_H 1
| #define LT_OBJDIR ".libs/"
| /* end confdefs.h.  */
| #include <stdio.h>
| #ifdef HAVE_SYS_TYPES_H
| # include <sys/types.h>
| #endif
| #ifdef HAVE_SYS_STAT_H
| # include <sys/stat.h>
| #endif
| #ifdef STDC_HEADERS
| # include <stdlib.h>
| # include <stddef.h>
| #else
| # ifdef HAVE_STDLIB_H
| #  include <stdlib.h>
| # endif
| #endif
| #ifdef HAVE_STRING_H
| # if !defined STDC_HEADERS && defined HAVE_MEMORY_H
| #  include <memory.h>
| # endif
| # include <string.h>
| #endif
| #ifdef HAVE_STRINGS_H
| # include <strings.h>
| #endif
| #ifdef HAVE_INTTYPES_H
| # include <inttypes.h>
| #endif
| #ifdef HAVE_STDINT_H
| # include <stdint.h>
| #endif
| #ifdef HAVE_UNISTD_H
| # include <unistd.h>
| #endif
| #include <libgus.h>
configure:12525: result: no
configure:12525: checking libgus.h presence
configure:12525: ppc-amigaos-gcc -E  conftest.c
conftest.c:23:20: error: libgus.h: No such file or directory
configure:12525: $? = 1
configure: failed program was:
| /* confdefs.h */
| #define PACKAGE_NAME ""
| #define PACKAGE_TARNAME ""
| #define PACKAGE_VERSION ""
| #define PACKAGE_STRING ""
| #define PACKAGE_BUGREPORT ""
| #define PACKAGE_URL ""
| #define PACKAGE "libmikmod"
| #define VERSION "3.2.0"
| #define STDC_HEADERS 1
| #define HAVE_SYS_TYPES_H 1
| #define HAVE_SYS_STAT_H 1
| #define HAVE_STDLIB_H 1
| #define HAVE_STRING_H 1
| #define HAVE_MEMORY_H 1
| #define HAVE_STRINGS_H 1
| #define HAVE_INTTYPES_H 1
| #define HAVE_STDINT_H 1
| #define HAVE_UNISTD_H 1
| #define HAVE_DLFCN_H 1
| #define LT_OBJDIR ".libs/"
| /* end confdefs.h.  */
| #include <libgus.h>
configure:12525: result: no
configure:12525: checking for libgus.h
configure:12525: result: no
configure:12589: checking sys/sam9407.h usability
configure:12589: ppc-amigaos-gcc -c -g -O2  conftest.c >&5
conftest.c:56:25: error: sys/sam9407.h: No such file or directory
configure:12589: $? = 1
configure: failed program was:
| /* confdefs.h */
| #define PACKAGE_NAME ""
| #define PACKAGE_TARNAME ""
| #define PACKAGE_VERSION ""
| #define PACKAGE_STRING ""
| #define PACKAGE_BUGREPORT ""
| #define PACKAGE_URL ""
| #define PACKAGE "libmikmod"
| #define VERSION "3.2.0"
| #define STDC_HEADERS 1
| #define HAVE_SYS_TYPES_H 1
| #define HAVE_SYS_STAT_H 1
| #define HAVE_STDLIB_H 1
| #define HAVE_STRING_H 1
| #define HAVE_MEMORY_H 1
| #define HAVE_STRINGS_H 1
| #define HAVE_INTTYPES_H 1
| #define HAVE_STDINT_H 1
| #define HAVE_UNISTD_H 1
| #define HAVE_DLFCN_H 1
| #define LT_OBJDIR ".libs/"
| /* end confdefs.h.  */
| #include <stdio.h>
| #ifdef HAVE_SYS_TYPES_H
| # include <sys/types.h>
| #endif
| #ifdef HAVE_SYS_STAT_H
| # include <sys/stat.h>
| #endif
| #ifdef STDC_HEADERS
| # include <stdlib.h>
| # include <stddef.h>
| #else
| # ifdef HAVE_STDLIB_H
| #  include <stdlib.h>
| # endif
| #endif
| #ifdef HAVE_STRING_H
| # if !defined STDC_HEADERS && defined HAVE_MEMORY_H
| #  include <memory.h>
| # endif
| # include <string.h>
| #endif
| #ifdef HAVE_STRINGS_H
| # include <strings.h>
| #endif
| #ifdef HAVE_INTTYPES_H
| # include <inttypes.h>
| #endif
| #ifdef HAVE_STDINT_H
| # include <stdint.h>
| #endif
| #ifdef HAVE_UNISTD_H
| # include <unistd.h>
| #endif
| #include <sys/sam9407.h>
configure:12589: result: no
configure:12589: checking sys/sam9407.h presence
configure:12589: ppc-amigaos-gcc -E  conftest.c
conftest.c:23:25: error: sys/sam9407.h: No such file or directory
configure:12589: $? = 1
configure: failed program was:
| /* confdefs.h */
| #define PACKAGE_NAME ""
| #define PACKAGE_TARNAME ""
| #define PACKAGE_VERSION ""
| #define PACKAGE_STRING ""
| #define PACKAGE_BUGREPORT ""
| #define PACKAGE_URL ""
| #define PACKAGE "libmikmod"
| #define VERSION "3.2.0"
| #define STDC_HEADERS 1
| #define HAVE_SYS_TYPES_H 1
| #define HAVE_SYS_STAT_H 1
| #define HAVE_STDLIB_H 1
| #define HAVE_STRING_H 1
| #define HAVE_MEMORY_H 1
| #define HAVE_STRINGS_H 1
| #define HAVE_INTTYPES_H 1
| #define HAVE_STDINT_H 1
| #define HAVE_UNISTD_H 1
| #define HAVE_DLFCN_H 1
| #define LT_OBJDIR ".libs/"
| /* end confdefs.h.  */
| #include <sys/sam9407.h>
configure:12589: result: no
configure:12589: checking for sys/sam9407.h
configure:12589: result: no
configure:12611: checking for ANSI C header files
configure:12715: result: yes
configure:12723: checking for sys/wait.h that is POSIX.1 compatible
configure:12749: ppc-amigaos-gcc -c -g -O2  conftest.c >&5
configure:12749: $? = 0
configure:12756: result: yes
configure:12767: checking fcntl.h usability
configure:12767: ppc-amigaos-gcc -c -g -O2  conftest.c >&5
configure:12767: $? = 0
configure:12767: result: yes
configure:12767: checking fcntl.h presence
configure:12767: ppc-amigaos-gcc -E  conftest.c
configure:12767: $? = 0
configure:12767: result: yes
configure:12767: checking for fcntl.h
configure:12767: result: yes
configure:12767: checking malloc.h usability
configure:12767: ppc-amigaos-gcc -c -g -O2  conftest.c >&5
configure:12767: $? = 0
configure:12767: result: yes
configure:12767: checking malloc.h presence
configure:12767: ppc-amigaos-gcc -E  conftest.c
configure:12767: $? = 0
configure:12767: result: yes
configure:12767: checking for malloc.h
configure:12767: result: yes
configure:12767: checking for memory.h
configure:12767: result: yes
configure:12767: checking for strings.h
configure:12767: result: yes
configure:12767: checking sys/ioctl.h usability
configure:12767: ppc-amigaos-gcc -c -g -O2  conftest.c >&5
configure:12767: $? = 0
configure:12767: result: yes
configure:12767: checking sys/ioctl.h presence
configure:12767: ppc-amigaos-gcc -E  conftest.c
configure:12767: $? = 0
configure:12767: result: yes
configure:12767: checking for sys/ioctl.h
configure:12767: result: yes
configure:12767: checking for unistd.h
configure:12767: result: yes
configure:12783: checking whether ppc-amigaos-gcc needs -traditional
conftest.c:31:19: error: sgtty.h: No such file or directory
conftest.c:31:20: error: termio.h: No such file or directory
configure:12817: result: no
configure:12824: checking for an ANSI C-conforming const
configure:12889: ppc-amigaos-gcc -c -g -O2  conftest.c >&5
configure:12889: $? = 0
configure:12896: result: yes
configure:12904: checking for pid_t
configure:12904: ppc-amigaos-gcc -c -g -O2  conftest.c >&5
configure:12904: $? = 0
configure:12904: ppc-amigaos-gcc -c -g -O2  conftest.c >&5
conftest.c: In function 'main':
conftest.c:67: error: expected expression before ')' token
configure:12904: $? = 1
configure: failed program was:
| /* confdefs.h */
| #define PACKAGE_NAME ""
| #define PACKAGE_TARNAME ""
| #define PACKAGE_VERSION ""
| #define PACKAGE_STRING ""
| #define PACKAGE_BUGREPORT ""
| #define PACKAGE_URL ""
| #define PACKAGE "libmikmod"
| #define VERSION "3.2.0"
| #define STDC_HEADERS 1
| #define HAVE_SYS_TYPES_H 1
| #define HAVE_SYS_STAT_H 1
| #define HAVE_STDLIB_H 1
| #define HAVE_STRING_H 1
| #define HAVE_MEMORY_H 1
| #define HAVE_STRINGS_H 1
| #define HAVE_INTTYPES_H 1
| #define HAVE_STDINT_H 1
| #define HAVE_UNISTD_H 1
| #define HAVE_DLFCN_H 1
| #define LT_OBJDIR ".libs/"
| #define STDC_HEADERS 1
| #define HAVE_SYS_WAIT_H 1
| #define HAVE_FCNTL_H 1
| #define HAVE_MALLOC_H 1
| #define HAVE_MEMORY_H 1
| #define HAVE_STRINGS_H 1
| #define HAVE_SYS_IOCTL_H 1
| #define HAVE_UNISTD_H 1
| /* end confdefs.h.  */
| #include <stdio.h>
| #ifdef HAVE_SYS_TYPES_H
| # include <sys/types.h>
| #endif
| #ifdef HAVE_SYS_STAT_H
| # include <sys/stat.h>
| #endif
| #ifdef STDC_HEADERS
| # include <stdlib.h>
| # include <stddef.h>
| #else
| # ifdef HAVE_STDLIB_H
| #  include <stdlib.h>
| # endif
| #endif
| #ifdef HAVE_STRING_H
| # if !defined STDC_HEADERS && defined HAVE_MEMORY_H
| #  include <memory.h>
| # endif
| # include <string.h>
| #endif
| #ifdef HAVE_STRINGS_H
| # include <strings.h>
| #endif
| #ifdef HAVE_INTTYPES_H
| # include <inttypes.h>
| #endif
| #ifdef HAVE_STDINT_H
| # include <stdint.h>
| #endif
| #ifdef HAVE_UNISTD_H
| # include <unistd.h>
| #endif
| int
| main ()
| {
| if (sizeof ((pid_t)))
| 	    return 0;
|   ;
|   return 0;
| }
configure:12904: result: yes
configure:12915: checking for size_t
configure:12915: ppc-amigaos-gcc -c -g -O2  conftest.c >&5
configure:12915: $? = 0
configure:12915: ppc-amigaos-gcc -c -g -O2  conftest.c >&5
conftest.c: In function 'main':
conftest.c:67: error: expected expression before ')' token
configure:12915: $? = 1
configure: failed program was:
| /* confdefs.h */
| #define PACKAGE_NAME ""
| #define PACKAGE_TARNAME ""
| #define PACKAGE_VERSION ""
| #define PACKAGE_STRING ""
| #define PACKAGE_BUGREPORT ""
| #define PACKAGE_URL ""
| #define PACKAGE "libmikmod"
| #define VERSION "3.2.0"
| #define STDC_HEADERS 1
| #define HAVE_SYS_TYPES_H 1
| #define HAVE_SYS_STAT_H 1
| #define HAVE_STDLIB_H 1
| #define HAVE_STRING_H 1
| #define HAVE_MEMORY_H 1
| #define HAVE_STRINGS_H 1
| #define HAVE_INTTYPES_H 1
| #define HAVE_STDINT_H 1
| #define HAVE_UNISTD_H 1
| #define HAVE_DLFCN_H 1
| #define LT_OBJDIR ".libs/"
| #define STDC_HEADERS 1
| #define HAVE_SYS_WAIT_H 1
| #define HAVE_FCNTL_H 1
| #define HAVE_MALLOC_H 1
| #define HAVE_MEMORY_H 1
| #define HAVE_STRINGS_H 1
| #define HAVE_SYS_IOCTL_H 1
| #define HAVE_UNISTD_H 1
| /* end confdefs.h.  */
| #include <stdio.h>
| #ifdef HAVE_SYS_TYPES_H
| # include <sys/types.h>
| #endif
| #ifdef HAVE_SYS_STAT_H
| # include <sys/stat.h>
| #endif
| #ifdef STDC_HEADERS
| # include <stdlib.h>
| # include <stddef.h>
| #else
| # ifdef HAVE_STDLIB_H
| #  include <stdlib.h>
| # endif
| #endif
| #ifdef HAVE_STRING_H
| # if !defined STDC_HEADERS && defined HAVE_MEMORY_H
| #  include <memory.h>
| # endif
| # include <string.h>
| #endif
| #ifdef HAVE_STRINGS_H
| # include <strings.h>
| #endif
| #ifdef HAVE_INTTYPES_H
| # include <inttypes.h>
| #endif
| #ifdef HAVE_STDINT_H
| # include <stdint.h>
| #endif
| #ifdef HAVE_UNISTD_H
| # include <unistd.h>
| #endif
| int
| main ()
| {
| if (sizeof ((size_t)))
| 	    return 0;
|   ;
|   return 0;
| }
configure:12915: result: yes
configure:12926: checking whether byte ordering is bigendian
configure:12941: ppc-amigaos-gcc -c -g -O2  conftest.c >&5
conftest.c:32: error: expected '=', ',', ';', 'asm' or '__attribute__' before 'a'
configure:12941: $? = 1
configure: failed program was:
| /* confdefs.h */
| #define PACKAGE_NAME ""
| #define PACKAGE_TARNAME ""
| #define PACKAGE_VERSION ""
| #define PACKAGE_STRING ""
| #define PACKAGE_BUGREPORT ""
| #define PACKAGE_URL ""
| #define PACKAGE "libmikmod"
| #define VERSION "3.2.0"
| #define STDC_HEADERS 1
| #define HAVE_SYS_TYPES_H 1
| #define HAVE_SYS_STAT_H 1
| #define HAVE_STDLIB_H 1
| #define HAVE_STRING_H 1
| #define HAVE_MEMORY_H 1
| #define HAVE_STRINGS_H 1
| #define HAVE_INTTYPES_H 1
| #define HAVE_STDINT_H 1
| #define HAVE_UNISTD_H 1
| #define HAVE_DLFCN_H 1
| #define LT_OBJDIR ".libs/"
| #define STDC_HEADERS 1
| #define HAVE_SYS_WAIT_H 1
| #define HAVE_FCNTL_H 1
| #define HAVE_MALLOC_H 1
| #define HAVE_MEMORY_H 1
| #define HAVE_STRINGS_H 1
| #define HAVE_SYS_IOCTL_H 1
| #define HAVE_UNISTD_H 1
| /* end confdefs.h.  */
| #ifndef __APPLE_CC__
| 	       not a universal capable compiler
| 	     #endif
| 	     typedef int dummy;
| 
configure:12986: ppc-amigaos-gcc -c -g -O2  conftest.c >&5
configure:12986: $? = 0
configure:13004: ppc-amigaos-gcc -c -g -O2  conftest.c >&5
configure:13004: $? = 0
configure:13132: result: yes
configure:13151: checking if compiler understands the signed keyword
configure:13174: ppc-amigaos-gcc -c -g -O2  conftest.c >&5
configure:13174: $? = 0
configure:13187: result: yes
configure:13203: checking for setenv
configure:13203: ppc-amigaos-gcc -o conftest -g -O2  -use-dynld conftest.c  >&5
configure:13203: $? = 0
configure:13203: result: yes
configure:13203: checking for snprintf
configure:13203: ppc-amigaos-gcc -o conftest -g -O2  -use-dynld conftest.c  >&5
conftest.c:56: warning: conflicting types for built-in function 'snprintf'
configure:13203: $? = 0
configure:13203: result: yes
configure:13203: checking for srandom
configure:13203: ppc-amigaos-gcc -o conftest -g -O2  -use-dynld conftest.c  >&5
/tmp/cc2Vc4Ab.o: In function `main':
/home/salass00/Development/Projects/Libraries/libmikmod-3.2.0/conftest.c:68: undefined reference to `srandom'
collect2: ld returned 1 exit status
configure:13203: $? = 1
configure: failed program was:
| /* confdefs.h */
| #define PACKAGE_NAME ""
| #define PACKAGE_TARNAME ""
| #define PACKAGE_VERSION ""
| #define PACKAGE_STRING ""
| #define PACKAGE_BUGREPORT ""
| #define PACKAGE_URL ""
| #define PACKAGE "libmikmod"
| #define VERSION "3.2.0"
| #define STDC_HEADERS 1
| #define HAVE_SYS_TYPES_H 1
| #define HAVE_SYS_STAT_H 1
| #define HAVE_STDLIB_H 1
| #define HAVE_STRING_H 1
| #define HAVE_MEMORY_H 1
| #define HAVE_STRINGS_H 1
| #define HAVE_INTTYPES_H 1
| #define HAVE_STDINT_H 1
| #define HAVE_UNISTD_H 1
| #define HAVE_DLFCN_H 1
| #define LT_OBJDIR ".libs/"
| #define STDC_HEADERS 1
| #define HAVE_SYS_WAIT_H 1
| #define HAVE_FCNTL_H 1
| #define HAVE_MALLOC_H 1
| #define HAVE_MEMORY_H 1
| #define HAVE_STRINGS_H 1
| #define HAVE_SYS_IOCTL_H 1
| #define HAVE_UNISTD_H 1
| #define WORDS_BIGENDIAN 1
| #define HAVE_SETENV 1
| #define HAVE_SNPRINTF 1
| /* end confdefs.h.  */
| /* Define srandom to an innocuous variant, in case <limits.h> declares srandom.
|    For example, HP-UX 11i <limits.h> declares gettimeofday.  */
| #define srandom innocuous_srandom
| 
| /* System header to define __stub macros and hopefully few prototypes,
|     which can conflict with char srandom (); below.
|     Prefer <limits.h> to <assert.h> if __STDC__ is defined, since
|     <limits.h> exists even on freestanding compilers.  */
| 
| #ifdef __STDC__
| # include <limits.h>
| #else
| # include <assert.h>
| #endif
| 
| #undef srandom
| 
| /* Override any GCC internal prototype to avoid an error.
|    Use char because int might match the return type of a GCC
|    builtin and then its argument prototype would still apply.  */
| #ifdef __cplusplus
| extern "C"
| #endif
| char srandom ();
| /* The GNU C library defines this for functions which it implements
|     to always fail with ENOSYS.  Some functions are actually named
|     something starting with __ and the normal name is an alias.  */
| #if defined __stub_srandom || defined __stub___srandom
| choke me
| #endif
| 
| int
| main ()
| {
| return srandom ();
|   ;
|   return 0;
| }
configure:13203: result: no
configure:13212: checking for strcasecmp
configure:13212: ppc-amigaos-gcc -o conftest -g -O2  -use-dynld conftest.c  >&5
conftest.c:57: warning: conflicting types for built-in function 'strcasecmp'
configure:13212: $? = 0
configure:13212: result: yes
configure:13225: checking for strdup
configure:13225: ppc-amigaos-gcc -o conftest -g -O2  -use-dynld conftest.c  >&5
conftest.c:58: warning: conflicting types for built-in function 'strdup'
configure:13225: $? = 0
configure:13225: result: yes
configure:13238: checking for strstr
configure:13238: ppc-amigaos-gcc -o conftest -g -O2  -use-dynld conftest.c  >&5
conftest.c:59: warning: conflicting types for built-in function 'strstr'
configure:13238: $? = 0
configure:13238: result: yes
configure:13255: checking for floor in -lm
configure:13280: ppc-amigaos-gcc -o conftest -g -O2  -use-dynld conftest.c -lm   >&5
conftest.c:44: warning: conflicting types for built-in function 'floor'
configure:13280: $? = 0
configure:13289: result: yes
configure:13486: checking machine/soundcard.h usability
configure:13486: ppc-amigaos-gcc -c -g -O2  conftest.c >&5
conftest.c:73:31: error: machine/soundcard.h: No such file or directory
configure:13486: $? = 1
configure: failed program was:
| /* confdefs.h */
| #define PACKAGE_NAME ""
| #define PACKAGE_TARNAME ""
| #define PACKAGE_VERSION ""
| #define PACKAGE_STRING ""
| #define PACKAGE_BUGREPORT ""
| #define PACKAGE_URL ""
| #define PACKAGE "libmikmod"
| #define VERSION "3.2.0"
| #define STDC_HEADERS 1
| #define HAVE_SYS_TYPES_H 1
| #define HAVE_SYS_STAT_H 1
| #define HAVE_STDLIB_H 1
| #define HAVE_STRING_H 1
| #define HAVE_MEMORY_H 1
| #define HAVE_STRINGS_H 1
| #define HAVE_INTTYPES_H 1
| #define HAVE_STDINT_H 1
| #define HAVE_UNISTD_H 1
| #define HAVE_DLFCN_H 1
| #define LT_OBJDIR ".libs/"
| #define STDC_HEADERS 1
| #define HAVE_SYS_WAIT_H 1
| #define HAVE_FCNTL_H 1
| #define HAVE_MALLOC_H 1
| #define HAVE_MEMORY_H 1
| #define HAVE_STRINGS_H 1
| #define HAVE_SYS_IOCTL_H 1
| #define HAVE_UNISTD_H 1
| #define WORDS_BIGENDIAN 1
| #define HAVE_SETENV 1
| #define HAVE_SNPRINTF 1
| #define HAVE_STRCASECMP 1
| #define HAVE_STRDUP 1
| #define HAVE_STRSTR 1
| #define DRV_PIPE 1
| #define DRV_AIFF 1
| #define DRV_AHI 1
| /* end confdefs.h.  */
| #include <stdio.h>
| #ifdef HAVE_SYS_TYPES_H
| # include <sys/types.h>
| #endif
| #ifdef HAVE_SYS_STAT_H
| # include <sys/stat.h>
| #endif
| #ifdef STDC_HEADERS
| # include <stdlib.h>
| # include <stddef.h>
| #else
| # ifdef HAVE_STDLIB_H
| #  include <stdlib.h>
| # endif
| #endif
| #ifdef HAVE_STRING_H
| # if !defined STDC_HEADERS && defined HAVE_MEMORY_H
| #  include <memory.h>
| # endif
| # include <string.h>
| #endif
| #ifdef HAVE_STRINGS_H
| # include <strings.h>
| #endif
| #ifdef HAVE_INTTYPES_H
| # include <inttypes.h>
| #endif
| #ifdef HAVE_STDINT_H
| # include <stdint.h>
| #endif
| #ifdef HAVE_UNISTD_H
| # include <unistd.h>
| #endif
| #include <machine/soundcard.h>
configure:13486: result: no
configure:13486: checking machine/soundcard.h presence
configure:13486: ppc-amigaos-gcc -E  conftest.c
conftest.c:40:31: error: machine/soundcard.h: No such file or directory
configure:13486: $? = 1
configure: failed program was:
| /* confdefs.h */
| #define PACKAGE_NAME ""
| #define PACKAGE_TARNAME ""
| #define PACKAGE_VERSION ""
| #define PACKAGE_STRING ""
| #define PACKAGE_BUGREPORT ""
| #define PACKAGE_URL ""
| #define PACKAGE "libmikmod"
| #define VERSION "3.2.0"
| #define STDC_HEADERS 1
| #define HAVE_SYS_TYPES_H 1
| #define HAVE_SYS_STAT_H 1
| #define HAVE_STDLIB_H 1
| #define HAVE_STRING_H 1
| #define HAVE_MEMORY_H 1
| #define HAVE_STRINGS_H 1
| #define HAVE_INTTYPES_H 1
| #define HAVE_STDINT_H 1
| #define HAVE_UNISTD_H 1
| #define HAVE_DLFCN_H 1
| #define LT_OBJDIR ".libs/"
| #define STDC_HEADERS 1
| #define HAVE_SYS_WAIT_H 1
| #define HAVE_FCNTL_H 1
| #define HAVE_MALLOC_H 1
| #define HAVE_MEMORY_H 1
| #define HAVE_STRINGS_H 1
| #define HAVE_SYS_IOCTL_H 1
| #define HAVE_UNISTD_H 1
| #define WORDS_BIGENDIAN 1
| #define HAVE_SETENV 1
| #define HAVE_SNPRINTF 1
| #define HAVE_STRCASECMP 1
| #define HAVE_STRDUP 1
| #define HAVE_STRSTR 1
| #define DRV_PIPE 1
| #define DRV_AIFF 1
| #define DRV_AHI 1
| /* end confdefs.h.  */
| #include <machine/soundcard.h>
configure:13486: result: no
configure:13486: checking for machine/soundcard.h
configure:13486: result: no
configure:13498: checking sys/soundcard.h usability
configure:13498: ppc-amigaos-gcc -c -g -O2  conftest.c >&5
conftest.c:73:27: error: sys/soundcard.h: No such file or directory
configure:13498: $? = 1
configure: failed program was:
| /* confdefs.h */
| #define PACKAGE_NAME ""
| #define PACKAGE_TARNAME ""
| #define PACKAGE_VERSION ""
| #define PACKAGE_STRING ""
| #define PACKAGE_BUGREPORT ""
| #define PACKAGE_URL ""
| #define PACKAGE "libmikmod"
| #define VERSION "3.2.0"
| #define STDC_HEADERS 1
| #define HAVE_SYS_TYPES_H 1
| #define HAVE_SYS_STAT_H 1
| #define HAVE_STDLIB_H 1
| #define HAVE_STRING_H 1
| #define HAVE_MEMORY_H 1
| #define HAVE_STRINGS_H 1
| #define HAVE_INTTYPES_H 1
| #define HAVE_STDINT_H 1
| #define HAVE_UNISTD_H 1
| #define HAVE_DLFCN_H 1
| #define LT_OBJDIR ".libs/"
| #define STDC_HEADERS 1
| #define HAVE_SYS_WAIT_H 1
| #define HAVE_FCNTL_H 1
| #define HAVE_MALLOC_H 1
| #define HAVE_MEMORY_H 1
| #define HAVE_STRINGS_H 1
| #define HAVE_SYS_IOCTL_H 1
| #define HAVE_UNISTD_H 1
| #define WORDS_BIGENDIAN 1
| #define HAVE_SETENV 1
| #define HAVE_SNPRINTF 1
| #define HAVE_STRCASECMP 1
| #define HAVE_STRDUP 1
| #define HAVE_STRSTR 1
| #define DRV_PIPE 1
| #define DRV_AIFF 1
| #define DRV_AHI 1
| /* end confdefs.h.  */
| #include <stdio.h>
| #ifdef HAVE_SYS_TYPES_H
| # include <sys/types.h>
| #endif
| #ifdef HAVE_SYS_STAT_H
| # include <sys/stat.h>
| #endif
| #ifdef STDC_HEADERS
| # include <stdlib.h>
| # include <stddef.h>
| #else
| # ifdef HAVE_STDLIB_H
| #  include <stdlib.h>
| # endif
| #endif
| #ifdef HAVE_STRING_H
| # if !defined STDC_HEADERS && defined HAVE_MEMORY_H
| #  include <memory.h>
| # endif
| # include <string.h>
| #endif
| #ifdef HAVE_STRINGS_H
| # include <strings.h>
| #endif
| #ifdef HAVE_INTTYPES_H
| # include <inttypes.h>
| #endif
| #ifdef HAVE_STDINT_H
| # include <stdint.h>
| #endif
| #ifdef HAVE_UNISTD_H
| # include <unistd.h>
| #endif
| #include <sys/soundcard.h>
configure:13498: result: no
configure:13498: checking sys/soundcard.h presence
configure:13498: ppc-amigaos-gcc -E  conftest.c
conftest.c:40:27: error: sys/soundcard.h: No such file or directory
configure:13498: $? = 1
configure: failed program was:
| /* confdefs.h */
| #define PACKAGE_NAME ""
| #define PACKAGE_TARNAME ""
| #define PACKAGE_VERSION ""
| #define PACKAGE_STRING ""
| #define PACKAGE_BUGREPORT ""
| #define PACKAGE_URL ""
| #define PACKAGE "libmikmod"
| #define VERSION "3.2.0"
| #define STDC_HEADERS 1
| #define HAVE_SYS_TYPES_H 1
| #define HAVE_SYS_STAT_H 1
| #define HAVE_STDLIB_H 1
| #define HAVE_STRING_H 1
| #define HAVE_MEMORY_H 1
| #define HAVE_STRINGS_H 1
| #define HAVE_INTTYPES_H 1
| #define HAVE_STDINT_H 1
| #define HAVE_UNISTD_H 1
| #define HAVE_DLFCN_H 1
| #define LT_OBJDIR ".libs/"
| #define STDC_HEADERS 1
| #define HAVE_SYS_WAIT_H 1
| #define HAVE_FCNTL_H 1
| #define HAVE_MALLOC_H 1
| #define HAVE_MEMORY_H 1
| #define HAVE_STRINGS_H 1
| #define HAVE_SYS_IOCTL_H 1
| #define HAVE_UNISTD_H 1
| #define WORDS_BIGENDIAN 1
| #define HAVE_SETENV 1
| #define HAVE_SNPRINTF 1
| #define HAVE_STRCASECMP 1
| #define HAVE_STRDUP 1
| #define HAVE_STRSTR 1
| #define DRV_PIPE 1
| #define DRV_AIFF 1
| #define DRV_AHI 1
| /* end confdefs.h.  */
| #include <sys/soundcard.h>
configure:13498: result: no
configure:13498: checking for sys/soundcard.h
configure:13498: result: no
configure:13629: checking if inlining functions is safe
configure:13659: result: no
configure:13679: checking if compiler is pgcc
configure:13687: result: no
configure:13873: checking that generated files are newer than configure
configure:13879: result: done
configure:13907: creating ./config.status

## ---------------------- ##
## Running config.status. ##
## ---------------------- ##

This file was extended by config.status, which was
generated by GNU Autoconf 2.68.  Invocation command line was

  CONFIG_FILES    = 
  CONFIG_HEADERS  = 
  CONFIG_LINKS    = 
  CONFIG_COMMANDS = 
  $ ./config.status 

on fubuntu

config.status:1148: creating libmikmod-config
config.status:1148: creating libmikmod.spec
config.status:1148: creating Makefile
config.status:1148: creating docs/Makefile
config.status:1148: creating docs/libmikmod-config.1
config.status:1148: creating dlapi/Makefile
config.status:1148: creating drivers/Makefile
config.status:1148: creating include/Makefile
config.status:1148: creating include/mikmod.h
config.status:1148: creating include/mikmod_build.h
config.status:1148: creating libmikmod/Makefile
config.status:1256: WARNING:  'libmikmod/Makefile.in' seems to ignore the --datarootdir setting
config.status:1148: creating loaders/Makefile
config.status:1148: creating mmio/Makefile
config.status:1148: creating playercode/Makefile
config.status:1148: creating posix/Makefile
config.status:1148: creating macintosh/Makefile
config.status:1148: creating macintosh/mikmod.h
config.status:1148: creating macintosh/_libmikmodversion.r
config.status:1148: creating macosx/mikmod.h
config.status:1148: creating macosx/Info.plist
config.status:1148: creating macosx/InfoPlist.strings
config.status:1148: creating os2/Makefile
config.status:1148: creating dos/Makefile
config.status:1148: creating dos/include/Makefile
config.status:1148: creating dos/src/Makefile
config.status:1148: creating win32/Makefile
config.status:1148: creating config.h
config.status:1329: config.h is unchanged
config.status:1377: executing depfiles commands
config.status:1377: executing libtool commands
config.status:1377: executing default commands

## ---------------- ##
## Cache variables. ##
## ---------------- ##

ac_cv_build=i686-pc-linux-gnu
ac_cv_c_bigendian=yes
ac_cv_c_compiler_gnu=yes
ac_cv_c_const=yes
ac_cv_env_CC_set=
ac_cv_env_CC_value=
ac_cv_env_CFLAGS_set=
ac_cv_env_CFLAGS_value=
ac_cv_env_CPPFLAGS_set=
ac_cv_env_CPPFLAGS_value=
ac_cv_env_CPP_set=
ac_cv_env_CPP_value=
ac_cv_env_LDFLAGS_set=set
ac_cv_env_LDFLAGS_value=-use-dynld
ac_cv_env_LIBS_set=
ac_cv_env_LIBS_value=
ac_cv_env_XMKMF_set=
ac_cv_env_XMKMF_value=
ac_cv_env_build_alias_set=
ac_cv_env_build_alias_value=
ac_cv_env_host_alias_set=set
ac_cv_env_host_alias_value=ppc-amigaos
ac_cv_env_target_alias_set=
ac_cv_env_target_alias_value=
ac_cv_func_setenv=yes
ac_cv_func_snprintf=yes
ac_cv_func_srandom=no
ac_cv_func_strcasecmp=yes
ac_cv_func_strdup=yes
ac_cv_func_strstr=yes
ac_cv_have_x=have_x=no
ac_cv_header_AF_AFlib_h=no
ac_cv_header_alsa_asoundlib_h=no
ac_cv_header_dlfcn_h=yes
ac_cv_header_fcntl_h=yes
ac_cv_header_inttypes_h=yes
ac_cv_header_libgus_h=no
ac_cv_header_machine_soundcard_h=no
ac_cv_header_malloc_h=yes
ac_cv_header_memory_h=yes
ac_cv_header_stdc=yes
ac_cv_header_stdint_h=yes
ac_cv_header_stdlib_h=yes
ac_cv_header_string_h=yes
ac_cv_header_strings_h=yes
ac_cv_header_sys_ioctl_h=yes
ac_cv_header_sys_sam9407_h=no
ac_cv_header_sys_soundcard_h=no
ac_cv_header_sys_stat_h=yes
ac_cv_header_sys_types_h=yes
ac_cv_header_sys_wait_h=yes
ac_cv_header_unistd_h=yes
ac_cv_host=powerpc-unknown-amigaos
ac_cv_lib_m_floor=yes
ac_cv_lib_pthread_pthread_create=yes
ac_cv_objext=o
ac_cv_path_EGREP='/bin/grep -E'
ac_cv_path_FGREP='/bin/grep -F'
ac_cv_path_GREP=/bin/grep
ac_cv_path_SED=/bin/sed
ac_cv_path_install='/usr/bin/install -c'
ac_cv_path_mkdir=/bin/mkdir
ac_cv_prog_AR=ppc-amigaos-ar
ac_cv_prog_AWK=mawk
ac_cv_prog_CC=ppc-amigaos-gcc
ac_cv_prog_CPP='ppc-amigaos-gcc -E'
ac_cv_prog_OBJDUMP=ppc-amigaos-objdump
ac_cv_prog_RANLIB=ppc-amigaos-ranlib
ac_cv_prog_STRIP=ppc-amigaos-strip
ac_cv_prog_ac_ct_MANIFEST_TOOL=mt
ac_cv_prog_cc_c89=
ac_cv_prog_cc_g=yes
ac_cv_prog_gcc_traditional=no
ac_cv_prog_make_make_set=yes
ac_cv_type_pid_t=yes
ac_cv_type_size_t=yes
am_cv_CC_dependencies_compiler_type=none
libmikmod_cv_gcc_inline_safe=no
libmikmod_cv_gcc_pthread=no
libmikmod_cv_gcc_signed=yes
libmikmod_cv_makeinfo_html=yes
libmikmod_cv_oss_dev_sndstat=yes
lt_cv_ar_at_file=@
lt_cv_archive_cmds_need_lc=no
lt_cv_deplibs_check_method=unknown
lt_cv_file_magic_cmd='$MAGIC_CMD'
lt_cv_file_magic_test_file=
lt_cv_ld_reload_flag=-r
lt_cv_nm_interface='BSD nm'
lt_cv_objdir=.libs
lt_cv_path_LD=/usr/local/amiga/ppc-amigaos/bin/ld
lt_cv_path_NM='/usr/local/amiga/bin/ppc-amigaos-nm -B'
lt_cv_path_mainfest_tool=no
lt_cv_prog_compiler_c_o=yes
lt_cv_prog_compiler_pic='-fPIC -DPIC'
lt_cv_prog_compiler_pic_works=yes
lt_cv_prog_compiler_rtti_exceptions=no
lt_cv_prog_compiler_static_works=yes
lt_cv_prog_gnu_ld=yes
lt_cv_sharedlib_from_linklib_cmd='printf %s\n'
lt_cv_sys_global_symbol_pipe='sed -n -e '\''s/^.*[	 ]\([ABCDGIRSTW][ABCDGIRSTW]*\)[	 ][	 ]*\([_A-Za-z][_A-Za-z0-9]*\)$/\1 \2 \2/p'\'' | sed '\''/ __gnu_lto/d'\'''
lt_cv_sys_global_symbol_to_c_name_address='sed -n -e '\''s/^: \([^ ]*\)[ ]*$/  {\"\1\", (void *) 0},/p'\'' -e '\''s/^[ABCDGIRSTW]* \([^ ]*\) \([^ ]*\)$/  {"\2", (void *) \&\2},/p'\'''
lt_cv_sys_global_symbol_to_c_name_address_lib_prefix='sed -n -e '\''s/^: \([^ ]*\)[ ]*$/  {\"\1\", (void *) 0},/p'\'' -e '\''s/^[ABCDGIRSTW]* \([^ ]*\) \(lib[^ ]*\)$/  {"\2", (void *) \&\2},/p'\'' -e '\''s/^[ABCDGIRSTW]* \([^ ]*\) \([^ ]*\)$/  {"lib\2", (void *) \&\2},/p'\'''
lt_cv_sys_global_symbol_to_cdecl='sed -n -e '\''s/^T .* \(.*\)$/extern int \1();/p'\'' -e '\''s/^[ABCDGIRSTW]* .* \(.*\)$/extern char \1;/p'\'''
lt_cv_sys_max_cmd_len=1572864
lt_cv_to_host_file_cmd=func_convert_file_noop
lt_cv_to_tool_file_cmd=func_convert_file_noop

## ----------------- ##
## Output variables. ##
## ----------------- ##

ACLOCAL='aclocal-1.12'
AMDEPBACKSLASH='\'
AMDEP_FALSE='#'
AMDEP_TRUE=''
AMTAR='$${TAR-tar}'
AR='ppc-amigaos-ar'
AUTOCONF='autoconf'
AUTOHEADER='autoheader'
AUTOMAKE='automake-1.12'
AWK='mawk'
BETA_RELEASE='0'
CC='ppc-amigaos-gcc'
CCDEPMODE='depmode=none'
CFLAGS='-g -O2 -fno-strength-reduce -funroll-loops -ffast-math -Wall -D_REENTRANT'
CPP='ppc-amigaos-gcc -E'
CPPFLAGS=''
CYGPATH_W='echo'
DEFS='-DHAVE_CONFIG_H'
DEPDIR='.deps'
DLLTOOL='false'
DLOBJS=''
DOES_NOT_HAVE_SIGNED=''
DSYMUTIL=''
DUMPBIN=''
ECHO_C=''
ECHO_N='-n'
ECHO_T=''
EGREP='/bin/grep -E'
EXEEXT=''
FGREP='/bin/grep -F'
GREP='/bin/grep'
INSTALL_DATA='${INSTALL} -m 644'
INSTALL_PROGRAM='${INSTALL}'
INSTALL_SCRIPT='${INSTALL}'
INSTALL_STRIP_PROGRAM='$(install_sh) -c -s'
IS_BETA='0'
LD='/usr/local/amiga/ppc-amigaos/bin/ld'
LDFLAGS='-use-dynld'
LIBMIKMOD_MAJOR_VERSION='3'
LIBMIKMOD_MICRO_VERSION='0'
LIBMIKMOD_MINOR_VERSION='2'
LIBMIKMOD_VERSION='3.2.0'
LIBOBJS=''
LIBRARY_LIB='-lpthread -lm '
LIBS=''
LIBTOOL='$(SHELL) $(top_builddir)/libtool'
LIB_LDADD=''
LIPO=''
LN_S='ln -s'
LTLIBOBJS=''
MAINT='#'
MAINTAINER_MODE_FALSE=''
MAINTAINER_MODE_TRUE='#'
MAKEINFO='makeinfo --no-split'
MANIFEST_TOOL=':'
MKDIR_P='/bin/mkdir -p'
NM='/usr/local/amiga/bin/ppc-amigaos-nm -B'
NMEDIT=''
OBJDUMP='ppc-amigaos-objdump'
OBJEXT='o'
OTOOL64=''
OTOOL=''
PACKAGE='libmikmod'
PACKAGE_BUGREPORT=''
PACKAGE_NAME=''
PACKAGE_STRING=''
PACKAGE_TARNAME=''
PACKAGE_URL=''
PACKAGE_VERSION=''
PATH_SEPARATOR=':'
PLAYER_LIB=''
RANLIB='ppc-amigaos-ranlib'
REENTRANT='-D_REENTRANT'
SED='/bin/sed'
SET_MAKE=''
SHELL='/bin/bash'
SPEC_PRERELEASE='-beta2'
SPEC_RELEASE='0.2beta2'
STRIP='ppc-amigaos-strip'
VERSION='3.2.0'
XMKMF=''
ac_ct_AR=''
ac_ct_CC=''
ac_ct_DUMPBIN=''
am__EXEEXT_FALSE=''
am__EXEEXT_TRUE='#'
am__fastdepCC_FALSE=''
am__fastdepCC_TRUE='#'
am__include='include'
am__isrc=''
am__leading_dot='.'
am__nodep='_no'
am__quote=''
am__tar='$${TAR-tar} chof - "$$tardir"'
am__untar='$${TAR-tar} xf -'
bindir='${exec_prefix}/bin'
build='i686-pc-linux-gnu'
build_alias=''
build_cpu='i686'
build_os='linux-gnu'
build_vendor='pc'
datadir='${datarootdir}'
datarootdir='${prefix}/share'
docdir='${datarootdir}/doc/${PACKAGE}'
dvidir='${docdir}'
exec_prefix='${prefix}'
host='powerpc-unknown-amigaos'
host_alias='ppc-amigaos'
host_cpu='powerpc'
host_os='amigaos'
host_vendor='unknown'
htmldir='${docdir}'
includedir='${prefix}/include'
infodir='${datarootdir}/info'
install_sh='${SHELL} /home/salass00/Development/Projects/Libraries/libmikmod-3.2.0/install-sh'
libdir='${exec_prefix}/lib'
libexecdir='${exec_prefix}/libexec'
localedir='${datarootdir}/locale'
localstatedir='${prefix}/var'
mandir='${datarootdir}/man'
mkdir_p='/bin/mkdir -p'
oldincludedir='/usr/include'
pdfdir='${docdir}'
prefix='/SDK/local/newlib'
program_transform_name='s,x,x,'
psdir='${docdir}'
sbindir='${exec_prefix}/sbin'
sharedstatedir='${prefix}/com'
sysconfdir='${prefix}/etc'
target_alias=''

## ----------- ##
## confdefs.h. ##
## ----------- ##

/* confdefs.h */
#define PACKAGE_NAME ""
#define PACKAGE_TARNAME ""
#define PACKAGE_VERSION ""
#define PACKAGE_STRING ""
#define PACKAGE_BUGREPORT ""
#define PACKAGE_URL ""
#define PACKAGE "libmikmod"
#define VERSION "3.2.0"
#define STDC_HEADERS 1
#define HAVE_SYS_TYPES_H 1
#define HAVE_SYS_STAT_H 1
#define HAVE_STDLIB_H 1
#define HAVE_STRING_H 1
#define HAVE_MEMORY_H 1
#define HAVE_STRINGS_H 1
#define HAVE_INTTYPES_H 1
#define HAVE_STDINT_H 1
#define HAVE_UNISTD_H 1
#define HAVE_DLFCN_H 1
#define LT_OBJDIR ".libs/"
#define STDC_HEADERS 1
#define HAVE_SYS_WAIT_H 1
#define HAVE_FCNTL_H 1
#define HAVE_MALLOC_H 1
#define HAVE_MEMORY_H 1
#define HAVE_STRINGS_H 1
#define HAVE_SYS_IOCTL_H 1
#define HAVE_UNISTD_H 1
#define WORDS_BIGENDIAN 1
#define HAVE_SETENV 1
#define HAVE_SNPRINTF 1
#define HAVE_STRCASECMP 1
#define HAVE_STRDUP 1
#define HAVE_STRSTR 1
#define DRV_PIPE 1
#define DRV_AIFF 1
#define DRV_AHI 1
#define HAVE_PTHREAD 1

configure: exit 0

## ---------------------- ##
## Running config.status. ##
## ---------------------- ##

This file was extended by config.status, which was
generated by GNU Autoconf 2.68.  Invocation command line was

  CONFIG_FILES    = 
  CONFIG_HEADERS  = 
  CONFIG_LINKS    = 
  CONFIG_COMMANDS = 
  $ ./config.status config.h

on fubuntu

config.status:1148: creating config.h
