This file contains any messages produced by compilers while
running configure, to aid debugging if configure makes a mistake.

configure:539: checking whether make sets $(MAKE)
configure:570: checking for gcc
configure:683: checking whether the C compiler (gcc -O  ) works
configure:699: gcc -O -o conftest    conftest.c  1>&5
configure:725: checking whether the C compiler (gcc -O  ) is a cross-compiler
configure:730: checking whether we are using GNU C
configure:774: checking how to run the C preprocessor
configure:871: checking whether -traditional is needed for gcc -O on this system
configure:949: checking for ranlib
configure:987: checking for a BSD compatible install
configure:1040: checking how to copy files
configure:1059: checking how to make hard links
configure:1078: checking whether ln -s works
configure:1103: checking host system type
configure:1140: checking for AIX
configure:1175: checking for minix/config.h
configure:1223: checking for POSIXized ISC
configure:1316: checking for ld used by GCC
configure:1373: checking if the linker (/gnu/m68k-amigaos/bin/ld) is GNU ld
configure:1388: checking for BSD-compatible nm
configure:1474: checking for iconv
configure:1599: checking byte ordering
e-a4 works
ltconfig:549: gcc -O -c  -m68020 -resident32 -malways-restore-a4 -DPIC  conftest.c 1>&5
ltconfig:592: checking if gcc static flag -static works
ltconfig:593: gcc -O -o conftest    -static conftest.c  1>&5
GNU ld version 2.8.1 (with BFD 2.8.1)
ltconfig:977: checking if global_symbol_pipe works
ltconfig:978: gcc -O -c   conftest.c 1>&5
ltconfig:981: eval "/bin/nm conftest.o | sed -n -e 's/^.* [ABCDGISTUW] \([_A-Za-z][_A-Za-z0-9]*\)$/\1 \1/p' > conftest.nm"
cannot find nm_test_var in conftest.nm
