This is TeX, C Version 3.1 (format=plain 91.11.15)  11 MAR 1993 17:15
**cpp.texi
(cpp.texi (texinfo.tex Loading texinfo package [Version 2.100]:  Basics,
\bindingoffset=\dimen16
\normaloffset=\dimen17
\pagewidth=\dimen18
\pageheight=\dimen19
\cornerlong=\dimen20
\cornerthick=\dimen21
\topandbottommargin=\dimen22
\outerhsize=\dimen23
\outervsize=\dimen24
\EMsimple=\toks12
\singlespaceskip=\skip18
\groupinvalidhelp=\toks13
\mil=\dimen25
\exdentamount=\skip19

fonts,
\sffam=\fam8
\fontdepth=\count26
 page headings,
\titlepagetopglue=\skip20
\titlepagebottomglue=\skip21
\realeverypar=\toks14
\evenheadline=\toks15
\oddheadline=\toks16
\evenfootline=\toks17
\oddfootline=\toks18
 tables,
\tableindent=\dimen26
\itemindent=\dimen27
\itemmargin=\dimen28
\itemmax=\dimen29
\itemno=\count27
 indexing,
\initialskipamount=\skip22
\secondaryindent=\skip23
\partialpage=\box16
\doublecolumnhsize=\dimen30
 sectioning,
\chapno=\count28
\secno=\count29
\subsecno=\count30
\subsubsecno=\count31
\appendixno=\count32
\contentsfile=\write0
\absseclevel=\count33
\secbase=\count34
\chapheadingskip=\skip24
\subsecheadingskip=\skip25
\secheadingskip=\skip26
 toc printing,
\contentsrightmargin=\skip27
\shortappendixwidth=\dimen31
\tocindent=\dimen32

environments,
\dblarrowbox=\box17
\longdblarrowbox=\box18
\pushcharbox=\box19
\bullbox=\box20
\equivbox=\box21
\errorbox=\box22
\lispnarrowing=\skip28
\envskipamount=\skip29
\circthick=\dimen33
\cartouter=\dimen34
\cartinner=\dimen35
\normbskip=\skip30
\normpskip=\skip31
\normlskip=\skip32
\lskip=\skip33
\rskip=\skip34
 defuns,
\defbodyindent=\skip35
\defargsindent=\skip36
\deftypemargin=\skip37
\deflastargmargin=\skip38
\parencount=\count35
 cross reference,
\auxfile=\write1
\footnoteno=\count36
 and turning on texinfo input format.
\defaultparindent=\dimen36
)
(cpp.aux)
@cpindfile=@write2
@fnindfile=@write3
@vrindfile=@write4
@tpindfile=@write5
@kyindfile=@write6
@pgindfile=@write7
 [1] [2] Chapter 1 [1] [2] [3] [4] [5] [6] [7] [8] [9] [10] [11]
[12] [13] [14] [15] [16] [17] [18] [19] [20] [21] [22] [23] [24] [25] [26]
[27] [28] [29] [30] [31] [32] [33] [34] [35] [36] [37] [38] [39] [40] [41]
[42] [43] [44] [45] [46] (Concept Index) [47] [48]
Overfull \vbox (7.0pt too high) has occurred while \output is active
\vbox(37.14322+2.25)x225.122
.\glue(\topskip) 37.39322
.\hbox(6.75+2.25)x225.122, glue set 121.62192fil
..\hbox(0.0+0.0)x15.0
..\indrm (
..\indrm I
..\indrm n
..\indrm d
..etc.


Overfull \vbox (7.0pt too high) has occurred while \output is active
\vbox(37.14322+2.25)x225.122
.\glue(\topskip) 37.39322
.\hbox(6.75+2.25)x225.122, glue set 121.62192fil
..\hbox(0.0+0.0)x15.0
..\indrm (
..\indrm I
..\indrm n
..\indrm d
..etc.


(Index of Commands, Macros and Options) [49] [50]
Overfull \vbox (7.0pt too high) has occurred while \output is active
\vbox(37.14322+2.25)x225.122
.\glue(\topskip) 37.39322
.\hbox(6.75+2.25)x225.122, glue set 121.62192fil
..\hbox(0.0+0.0)x15.0
..\indrm (
..\indrm I
..\indrm n
..\indrm d
..etc.


Overfull \vbox (7.0pt too high) has occurred while \output is active
\vbox(37.14322+2.25)x225.122
.\glue(\topskip) 37.39322
.\hbox(6.75+2.25)x225.122, glue set 121.62192fil
..\hbox(0.0+0.0)x15.0
..\indrm (
..\indrm I
..\indrm n
..\indrm d
..etc.

 [51]
[52] (cpp.toc [-1]) [-2] ) 
Here is how much of TeX's memory you used:
 974 strings out of 5540
 10085 string characters out of 72327
 28092 words of memory out of 262141
 1808 multiletter control sequences out of 9500
 24350 words of font info for 83 fonts, out of 72000 for 255
 18 hyphenation exceptions out of 607
 13i,6n,10p,187b,159s stack positions out of 300i,40n,60p,3000b,4000s

Output written on cpp.dvi (56 pages, 126668 bytes).
