This is TeX, C Version 3.1 (format=plain 91.11.15)  11 MAR 1993 17:21
**gcc.texi
(gcc.texi (texinfo.tex Loading texinfo package [Version 2.100]:  Basics,
\bindingoffset=\dimen16
\normaloffset=\dimen17
\pagewidth=\dimen18
\pageheight=\dimen19
\cornerlong=\dimen20
\cornerthick=\dimen21
\topandbottommargin=\dimen22
\outerhsize=\dimen23
\outervsize=\dimen24
\EMsimple=\toks12
\singlespaceskip=\skip18
\groupinvalidhelp=\toks13
\mil=\dimen25
\exdentamount=\skip19

fonts,
\sffam=\fam8
\fontdepth=\count26
 page headings,
\titlepagetopglue=\skip20
\titlepagebottomglue=\skip21
\realeverypar=\toks14
\evenheadline=\toks15
\oddheadline=\toks16
\evenfootline=\toks17
\oddfootline=\toks18
 tables,
\tableindent=\dimen26
\itemindent=\dimen27
\itemmargin=\dimen28
\itemmax=\dimen29
\itemno=\count27
 indexing,
\initialskipamount=\skip22
\secondaryindent=\skip23
\partialpage=\box16
\doublecolumnhsize=\dimen30
 sectioning,
\chapno=\count28
\secno=\count29
\subsecno=\count30
\subsubsecno=\count31
\appendixno=\count32
\contentsfile=\write0
\absseclevel=\count33
\secbase=\count34
\chapheadingskip=\skip24
\subsecheadingskip=\skip25
\secheadingskip=\skip26
 toc printing,
\contentsrightmargin=\skip27
\shortappendixwidth=\dimen31
\tocindent=\dimen32

environments,
\dblarrowbox=\box17
\longdblarrowbox=\box18
\pushcharbox=\box19
\bullbox=\box20
\equivbox=\box21
\errorbox=\box22
\lispnarrowing=\skip28
\envskipamount=\skip29
\circthick=\dimen33
\cartouter=\dimen34
\cartinner=\dimen35
\normbskip=\skip30
\normpskip=\skip31
\normlskip=\skip32
\lskip=\skip33
\rskip=\skip34
 defuns,
\defbodyindent=\skip35
\defargsindent=\skip36
\deftypemargin=\skip37
\deflastargmargin=\skip38
\parencount=\count35
 cross reference,
\auxfile=\write1
\footnoteno=\count36
 and turning on texinfo input format.
\defaultparindent=\dimen36
)
(gcc.aux)
@cpindfile=@write2
@fnindfile=@write3
@vrindfile=@write4
@tpindfile=@write5
@kyindfile=@write6
@pgindfile=@write7
 [1] [2] (GNU GENERAL PUBLIC LICENSE) [1]
Underfull \hbox (badness 1092) in paragraph at lines 220--220
[]@shortcontbf TERMS AND CON-DI-TIONS FOR COPY-ING, DIS-TRI-BU-TION AND 

@hbox(8.23334+2.33331)x469.75499, glue set 2.21887
.@hbox(0.0+0.0)x0.0
.@shortcontbf T
.@shortcontbf E
.@shortcontbf R
.@shortcontbf M
.etc.

[2] [3] [4] [5] [6] [7] (Contributors to GNU CC) [8] [9] Chapter 1 [10]
[11] [12] (invoke.texi Chapter 2 [13] [14] [15] [16] [17] [18] [19] [20]
Overfull \hbox (42.83952pt too wide) in paragraph at lines 456--460
 []@textrm Permit the use of `@texttt $[]@textrm '[] in iden-ti-fiers (C@texttt
 ++ @textrm only). You can also use `@texttt -fno-dollars-in-identifiers[]@text
rm '[]|

@hbox(8.2125+2.73749)x469.75499, glue set - 1.0
.@glue(@leftskip) 57.81621
.@hbox(0.0+0.0)x0.0
.@textrm P
.@kern-0.30418
.@textrm e
.etc.

[21] [22]
Overfull \hbox (2.56671pt too wide) in paragraph at lines 596--599
 @textrm `@texttt -funsigned-char[]@textrm '[]. Like-wise, `@texttt -fno-signed
-char[]@textrm '[] is equiv-a-lent to `@texttt -funsigned-char[]@textrm '[]. |

@hbox(7.60416+2.43333)x469.75499, glue set - 1.0
.@glue(@leftskip) 57.81621
.@textrm `
.@texttt -
.@texttt f
.@texttt u
.etc.

[23] [24] [25] [26] [27] [28] [29] [30] [31] [32]
Overfull \hbox (30.22255pt too wide) in paragraph at lines 1191--1194
 []@textrm `@texttt -O2[]@textrm '[] turns on all `@texttt -f@textsl flag[]@tex
trm '[] op-tions that en-able more op-ti-miza-tion, ex-cept for `@texttt -funro
ll-loops[]@textrm '[],|

@hbox(7.60416+2.43333)x469.75499, glue set - 1.0
.@glue(@leftskip) 57.81621
.@hbox(0.0+0.0)x0.0
.@textrm `
.@texttt -
.@texttt O
.etc.

[33] [34] [35] [36] [37] [38] [39] [40] [41] [42]
Overfull \hbox (6.61937pt too wide) in paragraph at lines 1817--1823
@textrm di-rec-to-ries or adding al-ter-nate names (or sym-bolic links). Thus, 
if `@texttt /usr/local/lib/gcc-lib/80386[]@textrm '[]|

@hbox(8.2125+2.73749)x469.75499, glue set - 1.0
.@textrm d
.@textrm i
.@discretionary
..@textrm -
.@textrm r
.@textrm e
.etc.

[43] [44] [45] [46] [47] [48] [49] [50]
Overfull \hbox (12.17911pt too wide) in paragraph at lines 2363--2367
 @textrm vides com-pat-i-bil-ity with the MetaWare HighC (hc) com-piler. Use `@
texttt -fpcc-struct-return[]@textrm '[]|

@hbox(8.2125+2.73749)x469.75499, glue set - 1.0
.@glue(@leftskip) 57.81621
.@textrm v
.@textrm i
.@textrm d
.@textrm e
.etc.


Overfull \hbox (35.32742pt too wide) in paragraph at lines 2369--2373
 @textrm de-fault. For com-pat-i-bil-ity with the IBM-supplied com-pil-ers, use
 ei-ther `@texttt -fpcc-struct-return[]@textrm '[]|

@hbox(7.60416+2.43333)x469.75499, glue set - 1.0
.@glue(@leftskip) 57.81621
.@textrm d
.@textrm e
.@discretionary
..@textrm -
.@textrm f
.etc.

[51] [52] [53] [54] [55] [56] [57] [58] [59] [60] [61] [62] [63])
(install.texi Chapter 3 [64] [65] [66] [67] [68] [69] [70] [71] [72] [73]
[74]
Overfull \hbox (13.04266pt too wide) in paragraph at lines 795--799
 [] []@textrm Cross-compilers for the Mips as tar-get do not work be-cause the 
aux-il-iary pro-grams `@texttt mips-tdump.c[]@textrm '[]|

@hbox(7.60416+2.43333)x469.75499, glue set - 1.0
.@glue(@leftskip) 21.68121
.@hbox(0.0+0.0)x0.0
.@glue 0.0
.@hbox(4.86667+0.0)x0.0, glue set - 12.70244fil
..@glue 0.0 plus 1.0fil minus 1.0fil
..@mathon
..@textsy ^^O
..@mathoff
..@glue 7.22743
.@textrm C
.etc.

[75] [76] [77] [78] [79] [80]
Overfull \hbox (7.62788pt too wide) in paragraph at lines 1164--1170
 [] []@textrm Type `@texttt @make-gcc[]@textrm '[] to re-com-pile ev-ery-thing 
(al-ter-na-tively, you may sub-mit the file `@texttt make-gcc.com[]@textrm '[]|


@hbox(8.2125+2.73749)x469.75499, glue set - 1.0
.@glue(@leftskip) 21.68121
.@hbox(0.0+0.0)x0.0
.@glue 0.0
.@hbox(7.05666+0.0)x0.0, glue set - 15.74411fil
..@glue 0.0 plus 1.0fil minus 1.0fil
..@textrm 4
..@textrm .
..@glue 7.22743
.@textrm T
.etc.

[81] [82] [83] [84]) (extend.texi Chapter 4 [85] [86] [87] [88] [89] [90]
Overfull \hbox (48.1057pt too wide) in paragraph at lines 292--296
@textsl lines@textrm . A pa-per de-scrib-ing them is avail-able from `@texttt m
aya.idiap.ch[]@textrm '[] in the file `@texttt pub/tmb/usenix88-lexic.ps.Z[]@te
xtrm '[]. |

@hbox(7.60416+2.43333)x469.75499, glue set - 1.0
.@textsl l
.@textsl i
.@textsl n
.@textsl e
.@textsl s
.etc.

[91] [92] [93] [94] [95] [96] [97] [98] [99] [100] [101] [102] [103] [104]
[105] [106] [107] [108] [109] [110] [111] [112] [113] [114] [115] [116]
[117] [118] [119] [120] [121]) Chapter 5 [122] [123] [124] [125] [126] [127]
[128] [129] [130] [131] [132] [133] [134] [135] [136] [137] Chapter 6 [138]
[139] [140] [141] [142] [143] [144] [145] [146] Chapter 7 [147] [148]
Chapter 8 [149] [150] [151] [152] [153] [154] [155] Chapter 9 [156] Chapter 10
[157] [158] [159] Chapter 11 [160] [161] [162] [163] [164] [165] (rtl.texi
Chapter 12 [166] [167] [168] [169] [170] [171] [172] [173] [174] [175] [176]
[177] [178] [179] [180] [181] [182] [183] [184] [185] [186] [187] [188]
[189] [190] [191] [192] [193] [194] [195] [196] [197] [198] [199] [200]
[201] [202] [203] [204] [205] [206] [207]) (md.texi Chapter 13 [208] [209]
[210] [211] [212] [213]
Overfull \hbox (42.37166pt too wide) in paragraph at lines 385--385
 []           @texttt (set (reg:SI 21) (mem:SI (plus:SI (reg:SI 100) (const_int
 4))))[] |

@hbox(7.60416+2.43333)x469.75499
.@glue(@leftskip) 86.72375
.@hbox(0.0+0.0)x0.0
.@glue 5.74869
.@penalty 10000
.@glue 5.74869
.etc.


Overfull \hbox (53.86903pt too wide) in paragraph at lines 386--386
 []           @texttt (set (reg:SI 22) (mem:SI (plus:SI (reg:SI 100) (const_int
 8))))])[] |

@hbox(7.60416+2.43333)x469.75499
.@glue(@leftskip) 86.72375
.@hbox(0.0+0.0)x0.0
.@glue 5.74869
.@penalty 10000
.@glue 5.74869
.etc.

[214] [215] [216] [217] [218] [219] [220] [221] [222] [223] [224] [225]
[226] [227] [228] [229] [230] [231] [232] [233] [234] [235] [236] [237]
[238] [239] [240] [241] [242] [243] [244] [245] [246] [247] [248] [249]
[250] [251] [252] [253] [254] [255] [256] [257] [258] [259] [260] [261]
[262] [263]) (tm.texi Chapter 14 [264] [265] [266] [267] [268] [269] [270]
[271] [272] [273] [274] [275] [276] [277] [278] [279] [280] [281] [282]
[283] [284] [285] [286] [287] [288] [289] [290] [291] [292] [293] [294]
[295] [296] [297] [298] [299] [300] [301] [302] [303] [304] [305] [306]
[307] [308] [309] [310] [311] [312] [313] [314] [315] [316] [317] [318]
Overfull \hbox (65.36641pt too wide) in paragraph at lines 3501--3501
 []   @texttt : ((GET_CODE (X) == PLUS || GET_CODE (X) == MINUS || GET_CODE (X)
 == NEG) \[] |

@hbox(7.60416+1.04173)x469.75499
.@glue(@leftskip) 86.72375
.@hbox(0.0+0.0)x0.0
.@glue 5.74869
.@penalty 10000
.@glue 5.74869
.etc.

[319] [320] [321] [322] [323] [324] [325] [326] [327] [328] [329] [330]
[331] [332] [333] [334] [335] [336] [337] [338] [339] [340] [341] [342]
[343] [344] [345] [346] [347] [348] [349] [350] [351] [352] [353]) Chapter 15
[354] [355] [356] (Index) [357] [358]
Overfull \vbox (7.0pt too high) has occurred while \output is active
\vbox(37.14322+2.25)x225.122
.\glue(\topskip) 37.39322
.\hbox(6.75+2.25)x225.122, glue set 121.62192fil
..\hbox(0.0+0.0)x15.0
..\indrm (
..\indrm I
..\indrm n
..\indrm d
..etc.


Overfull \vbox (7.0pt too high) has occurred while \output is active
\vbox(37.14322+2.25)x225.122
.\glue(\topskip) 37.39322
.\hbox(6.75+2.25)x225.122, glue set 121.62192fil
..\hbox(0.0+0.0)x15.0
..\indrm (
..\indrm I
..\indrm n
..\indrm d
..etc.

 [359]
[360] (gcc.toc [-1] [-2] [-3] [-4] [-5]) [-6] ) 
Here is how much of TeX's memory you used:
 1302 strings out of 5540
 15634 string characters out of 72327
 32685 words of memory out of 262141
 2120 multiletter control sequences out of 9500
 24350 words of font info for 83 fonts, out of 72000 for 255
 18 hyphenation exceptions out of 607
 15i,6n,10p,205b,214s stack positions out of 300i,40n,60p,3000b,4000s

Output written on gcc.dvi (368 pages, 1053480 bytes).
