This file contains any messages produced by compilers while
running configure, to aid debugging if configure makes a mistake.

It was created by Xvid configure 1.2.2, which was
generated by GNU Autoconf 2.59.  Invocation command line was

  $ configure --prefix=/SDK/Local/newlib CFLAGS=-fPIC LDFLAGS=-use-dynld CC=gcc -mcrt=newlib

## --------- ##
## Platform. ##
## --------- ##

hostname = localhost
uname -m = ppc
uname -r = 53.1
uname -s = AmigaOS
uname -v = 3.5

/usr/bin/uname -p = unknown
/bin/uname -X     = unknown

/bin/arch              = unknown
/usr/bin/arch -k       = unknown
/usr/convex/getsysinfo = unknown
hostinfo               = unknown
/bin/machine           = unknown
/usr/bin/oslevel       = unknown
/bin/universe          = unknown

PATH: /Cygnix/CygnixPPC/local/bin
PATH: /Cygnix/CygnixPPC/bin
PATH: /bin
PATH: /Cygnix/CygnixPPC/X11R6.3/bin
PATH: /gcc/bin
PATH: /SDK/C
PATH: /SDK/Local/C
PATH: /SDK/Local/newlib/bin
PATH: /SDK/Local/clib2/bin
PATH: /C


## ----------- ##
## Core tests. ##
## ----------- ##

configure:1229: creating cache /dev/null
configure:1422: checking build system type
configure:1440: result: powerpc-unknown-amigaos
configure:1448: checking host system type
configure:1462: result: powerpc-unknown-amigaos
configure:1470: checking target system type
configure:1484: result: powerpc-unknown-amigaos
configure:1500: checking whether to use default CFLAGS
configure:1508: result: no
configure:1558: checking for gcc
configure:1584: result: gcc -mcrt=newlib
configure:1828: checking for C compiler version
configure:1831: gcc -mcrt=newlib --version </dev/null >&5
gcc (GCC) 4.2.4 (adtools build 20090118)
Copyright (C) 2007 Free Software Foundation, Inc.
This is free software; see the source for copying conditions.  There is NO
warranty; not even for MERCHANTABILITY or FITNESS FOR A PARTICULAR PURPOSE.

configure:1834: $? = 0
configure:1836: gcc -mcrt=newlib -v </dev/null >&5
Using built-in specs.
Target: ppc-amigaos
Configured with: ../gcc/configure --prefix=/gcc --host=ppc-amigaos --target=ppc-amigaos --build=i686-cygwin --enable-haifa --enable-sjlj-exceptions --enable-languages=c,c++
Thread model: single
gcc version 4.2.4 (adtools build 20090118)
configure:1839: $? = 0
configure:1841: gcc -mcrt=newlib -V </dev/null >&5
gcc: '-V' must come at the start of the command line
configure:1844: $? = 1
configure:1867: checking for C compiler default output file name
configure:1870: gcc -mcrt=newlib -fPIC  -use-dynld conftest.c  >&5
configure:1873: $? = 0
configure:1919: result: a.out
configure:1924: checking whether the C compiler works
configure:1930: ./a.out
configure:1933: $? = 0
configure:1950: result: yes
configure:1957: checking whether we are cross compiling
configure:1959: result: no
configure:1962: checking for suffix of executables
configure:1964: gcc -mcrt=newlib -o conftest -fPIC  -use-dynld conftest.c  >&5
configure:1967: $? = 0
configure:1992: result: 
configure:1998: checking for suffix of object files
configure:2019: gcc -mcrt=newlib -c -fPIC  conftest.c >&5
configure:2022: $? = 0
configure:2044: result: o
configure:2048: checking whether we are using the GNU C compiler
configure:2072: gcc -mcrt=newlib -c -fPIC  conftest.c >&5
configure:2078: $? = 0
configure:2082: test -z 
			 || test ! -s conftest.err
configure:2085: $? = 0
configure:2088: test -s conftest.o
configure:2091: $? = 0
configure:2104: result: yes
configure:2110: checking whether gcc -mcrt=newlib accepts -g
configure:2131: gcc -mcrt=newlib -c -g  conftest.c >&5
configure:2137: $? = 0
configure:2141: test -z 
			 || test ! -s conftest.err
configure:2144: $? = 0
configure:2147: test -s conftest.o
configure:2150: $? = 0
configure:2161: result: yes
configure:2178: checking for gcc -mcrt=newlib option to accept ANSI C
configure:2248: gcc -mcrt=newlib  -c -fPIC  conftest.c >&5
configure:2254: $? = 0
configure:2258: test -z 
			 || test ! -s conftest.err
configure:2261: $? = 0
configure:2264: test -s conftest.o
configure:2267: $? = 0
configure:2285: result: none needed
configure:2303: gcc -mcrt=newlib -c -fPIC  conftest.c >&5
conftest.c:2: error: expected '=', ',', ';', 'asm' or '__attribute__' before 'me'
configure:2309: $? = 1
configure: failed program was:
| #ifndef __cplusplus
|   choke me
| #endif
configure:2457: checking for a BSD-compatible install
configure:2512: result: /bin/ginstall -c
configure:2566: checking for ranlib
configure:2582: found /gcc/bin/ranlib
configure:2593: result: ranlib
configure:2610: checking for whether to use assembly code
configure:2613: result: yes
configure:2615: checking for architecture type
configure:2629: result: PowerPC
configure:2658: checking how to run the C preprocessor
configure:2693: gcc -mcrt=newlib -E  conftest.c
configure:2699: $? = 0
configure:2731: gcc -mcrt=newlib -E  conftest.c
conftest.c:9:28: error: ac_nonexistent.h: No such file or directory
configure:2737: $? = 1
configure: failed program was:
| /* confdefs.h.  */
| 
| #define PACKAGE_NAME "Xvid"
| #define PACKAGE_TARNAME "xvid"
| #define PACKAGE_VERSION "1.2.2"
| #define PACKAGE_STRING "Xvid 1.2.2"
| #define PACKAGE_BUGREPORT "xvid-devel@xvid.org"
| /* end confdefs.h.  */
| #include <ac_nonexistent.h>
configure:2776: result: gcc -mcrt=newlib -E
configure:2800: gcc -mcrt=newlib -E  conftest.c
configure:2806: $? = 0
configure:2838: gcc -mcrt=newlib -E  conftest.c
conftest.c:9:28: error: ac_nonexistent.h: No such file or directory
configure:2844: $? = 1
configure: failed program was:
| /* confdefs.h.  */
| 
| #define PACKAGE_NAME "Xvid"
| #define PACKAGE_TARNAME "xvid"
| #define PACKAGE_VERSION "1.2.2"
| #define PACKAGE_STRING "Xvid 1.2.2"
| #define PACKAGE_BUGREPORT "xvid-devel@xvid.org"
| /* end confdefs.h.  */
| #include <ac_nonexistent.h>
configure:2888: checking for egrep
configure:2898: result: grep -E
configure:2903: checking for ANSI C header files
configure:2928: gcc -mcrt=newlib -c -fPIC  conftest.c >&5
configure:2934: $? = 0
configure:2938: test -z 
			 || test ! -s conftest.err
configure:2941: $? = 0
configure:2944: test -s conftest.o
configure:2947: $? = 0
configure:3036: gcc -mcrt=newlib -o conftest -fPIC  -use-dynld conftest.c  >&5
conftest.c: In function 'main':
conftest.c:26: warning: incompatible implicit declaration of built-in function 'exit'
configure:3039: $? = 0
configure:3041: ./conftest
configure:3044: $? = 0
configure:3059: result: yes
configure:3083: checking for sys/types.h
configure:3099: gcc -mcrt=newlib -c -fPIC  conftest.c >&5
configure:3105: $? = 0
configure:3109: test -z 
			 || test ! -s conftest.err
configure:3112: $? = 0
configure:3115: test -s conftest.o
configure:3118: $? = 0
configure:3129: result: yes
configure:3083: checking for sys/stat.h
configure:3099: gcc -mcrt=newlib -c -fPIC  conftest.c >&5
configure:3105: $? = 0
configure:3109: test -z 
			 || test ! -s conftest.err
configure:3112: $? = 0
configure:3115: test -s conftest.o
configure:3118: $? = 0
configure:3129: result: yes
configure:3083: checking for stdlib.h
configure:3099: gcc -mcrt=newlib -c -fPIC  conftest.c >&5
configure:3105: $? = 0
configure:3109: test -z 
			 || test ! -s conftest.err
configure:3112: $? = 0
configure:3115: test -s conftest.o
configure:3118: $? = 0
configure:3129: result: yes
configure:3083: checking for string.h
configure:3099: gcc -mcrt=newlib -c -fPIC  conftest.c >&5
configure:3105: $? = 0
configure:3109: test -z 
			 || test ! -s conftest.err
configure:3112: $? = 0
configure:3115: test -s conftest.o
configure:3118: $? = 0
configure:3129: result: yes
configure:3083: checking for memory.h
configure:3099: gcc -mcrt=newlib -c -fPIC  conftest.c >&5
conftest.c:49:20: error: memory.h: No such file or directory
configure:3105: $? = 1
configure: failed program was:
| /* confdefs.h.  */
| 
| #define PACKAGE_NAME "Xvid"
| #define PACKAGE_TARNAME "xvid"
| #define PACKAGE_VERSION "1.2.2"
| #define PACKAGE_STRING "Xvid 1.2.2"
| #define PACKAGE_BUGREPORT "xvid-devel@xvid.org"
| #define STDC_HEADERS 1
| #define HAVE_SYS_TYPES_H 1
| #define HAVE_SYS_STAT_H 1
| #define HAVE_STDLIB_H 1
| #define HAVE_STRING_H 1
| /* end confdefs.h.  */
| #include <stdio.h>
| #if HAVE_SYS_TYPES_H
| # include <sys/types.h>
| #endif
| #if HAVE_SYS_STAT_H
| # include <sys/stat.h>
| #endif
| #if STDC_HEADERS
| # include <stdlib.h>
| # include <stddef.h>
| #else
| # if HAVE_STDLIB_H
| #  include <stdlib.h>
| # endif
| #endif
| #if HAVE_STRING_H
| # if !STDC_HEADERS && HAVE_MEMORY_H
| #  include <memory.h>
| # endif
| # include <string.h>
| #endif
| #if HAVE_STRINGS_H
| # include <strings.h>
| #endif
| #if HAVE_INTTYPES_H
| # include <inttypes.h>
| #else
| # if HAVE_STDINT_H
| #  include <stdint.h>
| # endif
| #endif
| #if HAVE_UNISTD_H
| # include <unistd.h>
| #endif
| 
| #include <memory.h>
configure:3129: result: no
configure:3083: checking for strings.h
configure:3099: gcc -mcrt=newlib -c -fPIC  conftest.c >&5
configure:3105: $? = 0
configure:3109: test -z 
			 || test ! -s conftest.err
configure:3112: $? = 0
configure:3115: test -s conftest.o
configure:3118: $? = 0
configure:3129: result: yes
configure:3083: checking for inttypes.h
configure:3099: gcc -mcrt=newlib -c -fPIC  conftest.c >&5
configure:3105: $? = 0
configure:3109: test -z 
			 || test ! -s conftest.err
configure:3112: $? = 0
configure:3115: test -s conftest.o
configure:3118: $? = 0
configure:3129: result: yes
configure:3083: checking for stdint.h
configure:3099: gcc -mcrt=newlib -c -fPIC  conftest.c >&5
configure:3105: $? = 0
configure:3109: test -z 
			 || test ! -s conftest.err
configure:3112: $? = 0
configure:3115: test -s conftest.o
configure:3118: $? = 0
configure:3129: result: yes
configure:3083: checking for unistd.h
configure:3099: gcc -mcrt=newlib -c -fPIC  conftest.c >&5
configure:3105: $? = 0
configure:3109: test -z 
			 || test ! -s conftest.err
configure:3112: $? = 0
configure:3115: test -s conftest.o
configure:3118: $? = 0
configure:3129: result: yes
configure:3141: checking for int *
configure:3165: gcc -mcrt=newlib -c -fPIC  conftest.c >&5
configure:3171: $? = 0
configure:3175: test -z 
			 || test ! -s conftest.err
configure:3178: $? = 0
configure:3181: test -s conftest.o
configure:3184: $? = 0
configure:3195: result: yes
configure:3198: checking size of int *
configure:3517: gcc -mcrt=newlib -o conftest -fPIC  -use-dynld conftest.c  >&5
configure:3520: $? = 0
configure:3522: ./conftest
configure:3525: $? = 0
configure:3548: result: 4
configure:3571: checking whether byte ordering is bigendian
configure:3598: gcc -mcrt=newlib -c -fPIC  conftest.c >&5
configure:3604: $? = 0
configure:3608: test -z 
			 || test ! -s conftest.err
configure:3611: $? = 0
configure:3614: test -s conftest.o
configure:3617: $? = 0
configure:3641: gcc -mcrt=newlib -c -fPIC  conftest.c >&5
configure:3647: $? = 0
configure:3651: test -z 
			 || test ! -s conftest.err
configure:3654: $? = 0
configure:3657: test -s conftest.o
configure:3660: $? = 0
configure:3782: result: yes
configure:3799: checking for build extensions
configure:3833: result: Unknown OS - Using .so .a .o
configure:3842: checking for platform specific LDFLAGS/CFLAGS
configure:3897: result: Unknown Platform (Using default -shared -lc -lm)
configure:4134: checking for altivec.h
configure:4142: result: yes
configure:4152: checking for Altivec compiler support
configure:4187: result: yes (GNU)
configure:4249: checking stdio.h usability
configure:4261: gcc -mcrt=newlib -c -fPIC  conftest.c >&5
configure:4267: $? = 0
configure:4271: test -z 
			 || test ! -s conftest.err
configure:4274: $? = 0
configure:4277: test -s conftest.o
configure:4280: $? = 0
configure:4290: result: yes
configure:4294: checking stdio.h presence
configure:4304: gcc -mcrt=newlib -E  conftest.c
configure:4310: $? = 0
configure:4330: result: yes
configure:4365: checking for stdio.h
configure:4372: result: yes
configure:4249: checking signal.h usability
configure:4261: gcc -mcrt=newlib -c -fPIC  conftest.c >&5
configure:4267: $? = 0
configure:4271: test -z 
			 || test ! -s conftest.err
configure:4274: $? = 0
configure:4277: test -s conftest.o
configure:4280: $? = 0
configure:4290: result: yes
configure:4294: checking signal.h presence
configure:4304: gcc -mcrt=newlib -E  conftest.c
configure:4310: $? = 0
configure:4330: result: yes
configure:4365: checking for signal.h
configure:4372: result: yes
configure:4240: checking for stdlib.h
configure:4245: result: yes
configure:4240: checking for string.h
configure:4245: result: yes
configure:4249: checking assert.h usability
configure:4261: gcc -mcrt=newlib -c -fPIC  conftest.c >&5
configure:4267: $? = 0
configure:4271: test -z 
			 || test ! -s conftest.err
configure:4274: $? = 0
configure:4277: test -s conftest.o
configure:4280: $? = 0
configure:4290: result: yes
configure:4294: checking assert.h presence
configure:4304: gcc -mcrt=newlib -E  conftest.c
configure:4310: $? = 0
configure:4330: result: yes
configure:4365: checking for assert.h
configure:4372: result: yes
configure:4249: checking math.h usability
configure:4261: gcc -mcrt=newlib -c -fPIC  conftest.c >&5
configure:4267: $? = 0
configure:4271: test -z 
			 || test ! -s conftest.err
configure:4274: $? = 0
configure:4277: test -s conftest.o
configure:4280: $? = 0
configure:4290: result: yes
configure:4294: checking math.h presence
configure:4304: gcc -mcrt=newlib -E  conftest.c
configure:4310: $? = 0
configure:4330: result: yes
configure:4365: checking for math.h
configure:4372: result: yes
configure:4401: checking pthread.h usability
configure:4413: gcc -mcrt=newlib -c -fPIC  conftest.c >&5
configure:4419: $? = 0
configure:4423: test -z 
			 || test ! -s conftest.err
configure:4426: $? = 0
configure:4429: test -s conftest.o
configure:4432: $? = 0
configure:4442: result: yes
configure:4446: checking pthread.h presence
configure:4456: gcc -mcrt=newlib -E  conftest.c
configure:4462: $? = 0
configure:4482: result: yes
configure:4517: checking for pthread.h
configure:4524: result: yes
configure:4529: checking for pthread_create in -lpthread
configure:4559: gcc -mcrt=newlib -o conftest -fPIC  -use-dynld conftest.c -lpthread   >&5
configure:4565: $? = 0
configure:4569: test -z 
			 || test ! -s conftest.err
configure:4572: $? = 0
configure:4575: test -s conftest
configure:4578: $? = 0
configure:4591: result: yes
configure:4594: checking for pthread_join in -lpthread
configure:4624: gcc -mcrt=newlib -o conftest -fPIC  -use-dynld conftest.c -lpthread   >&5
configure:4630: $? = 0
configure:4634: test -z 
			 || test ! -s conftest.err
configure:4637: $? = 0
configure:4640: test -s conftest
configure:4643: $? = 0
configure:4656: result: yes
configure:4887: creating ./config.status

## ---------------------- ##
## Running config.status. ##
## ---------------------- ##

This file was extended by Xvid config.status 1.2.2, which was
generated by GNU Autoconf 2.59.  Invocation command line was

  CONFIG_FILES    = 
  CONFIG_HEADERS  = 
  CONFIG_LINKS    = 
  CONFIG_COMMANDS = 
  $ ./config.status 

on localhost

config.status:679: creating platform.inc

## ---------------- ##
## Cache variables. ##
## ---------------- ##

ac_cv_build=powerpc-unknown-amigaos
ac_cv_build_alias=ppc-unknown-amigaos
ac_cv_c_bigendian=yes
ac_cv_c_compiler_gnu=yes
ac_cv_env_CC_set=set
ac_cv_env_CC_value='gcc -mcrt=newlib'
ac_cv_env_CFLAGS_set=set
ac_cv_env_CFLAGS_value=-fPIC
ac_cv_env_CPPFLAGS_set=
ac_cv_env_CPPFLAGS_value=
ac_cv_env_CPP_set=
ac_cv_env_CPP_value=
ac_cv_env_LDFLAGS_set=set
ac_cv_env_LDFLAGS_value=-use-dynld
ac_cv_env_build_alias_set=
ac_cv_env_build_alias_value=
ac_cv_env_host_alias_set=
ac_cv_env_host_alias_value=
ac_cv_env_target_alias_set=
ac_cv_env_target_alias_value=
ac_cv_exeext=
ac_cv_header_assert_h=yes
ac_cv_header_inttypes_h=yes
ac_cv_header_math_h=yes
ac_cv_header_memory_h=no
ac_cv_header_pthread_h=yes
ac_cv_header_signal_h=yes
ac_cv_header_stdc=yes
ac_cv_header_stdint_h=yes
ac_cv_header_stdio_h=yes
ac_cv_header_stdlib_h=yes
ac_cv_header_string_h=yes
ac_cv_header_strings_h=yes
ac_cv_header_sys_stat_h=yes
ac_cv_header_sys_types_h=yes
ac_cv_header_unistd_h=yes
ac_cv_host=powerpc-unknown-amigaos
ac_cv_host_alias=ppc-unknown-amigaos
ac_cv_lib_pthread_pthread_create=yes
ac_cv_lib_pthread_pthread_join=yes
ac_cv_objext=o
ac_cv_path_install='/bin/ginstall -c'
ac_cv_prog_CPP='gcc -mcrt=newlib -E'
ac_cv_prog_ac_ct_CC='gcc -mcrt=newlib'
ac_cv_prog_ac_ct_RANLIB=ranlib
ac_cv_prog_cc_g=yes
ac_cv_prog_cc_stdc=
ac_cv_prog_egrep='grep -E'
ac_cv_sizeof_int_p=4
ac_cv_target=powerpc-unknown-amigaos
ac_cv_target_alias=ppc-unknown-amigaos
ac_cv_type_int_p=yes

## ----------------- ##
## Output variables. ##
## ----------------- ##

ac_ct_CC='gcc -mcrt=newlib'
ac_ct_RANLIB='ranlib'
ac_nasm=''
ac_yasm=''
AFLAGS=''
API_MAJOR='4'
API_MINOR='2'
ARCHITECTURE='PPC'
AS='$(CC)'
ASSEMBLY_EXTENSION='.s'
ASSEMBLY_SOURCES=''
bindir='${exec_prefix}/bin'
build='powerpc-unknown-amigaos'
build_alias=''
build_cpu='powerpc'
build_os='amigaos'
build_vendor='unknown'
BUS='32BIT'
CC='gcc -mcrt=newlib'
CFLAGS='-fPIC'
CPP='gcc -mcrt=newlib -E'
CPPFLAGS=''
datadir='${prefix}/share'
DCT_IA64_SOURCES=''
DEFS='-DPACKAGE_NAME=\"Xvid\" -DPACKAGE_TARNAME=\"xvid\" -DPACKAGE_VERSION=\"1.2.2\" -DPACKAGE_STRING=\"Xvid\ 1.2.2\" -DPACKAGE_BUGREPORT=\"xvid-devel@xvid.org\" -DSTDC_HEADERS=1 -DHAVE_SYS_TYPES_H=1 -DHAVE_SYS_STAT_H=1 -DHAVE_STDLIB_H=1 -DHAVE_STRING_H=1 -DHAVE_STRINGS_H=1 -DHAVE_INTTYPES_H=1 -DHAVE_STDINT_H=1 -DHAVE_UNISTD_H=1 -DSIZEOF_INT_P=4 -DHAVE_STDIO_H=1 -DHAVE_SIGNAL_H=1 -DHAVE_STDLIB_H=1 -DHAVE_STRING_H=1 -DHAVE_ASSERT_H=1 -DHAVE_MATH_H=1 '
ECHO_C=''ECHO_N=''
ECHO_T=''
EGREP='grep -E'
ENDIANNESS='BIG_ENDIAN'
exec_prefix='${prefix}'
EXEEXT=''
FEATURES=''
GENERIC_SOURCES='SRC_GENERIC'
host='powerpc-unknown-amigaos'
host_alias=''
host_cpu='powerpc'
host_os='amigaos'
host_vendor='unknown'
includedir='${prefix}/include'
infodir='${prefix}/info'
INSTALL_DATA='${INSTALL} -m 644'
INSTALL_PROGRAM='${INSTALL}'
INSTALL_SCRIPT='${INSTALL}'
LDFLAGS='-use-dynld'
libdir='${exec_prefix}/lib'
libexecdir='${exec_prefix}/libexec'
LIBOBJS=''
LIBS=''
localstatedir='${prefix}/var'
LTLIBOBJS=''
mandir='${prefix}/man'
NASM_FORMAT=''
OBJECT_EXTENSION='o'
OBJEXT='o'
oldincludedir='/usr/include'
PACKAGE_BUGREPORT='xvid-devel@xvid.org'
PACKAGE_NAME='Xvid'
PACKAGE_STRING='Xvid 1.2.2'
PACKAGE_TARNAME='xvid'
PACKAGE_VERSION='1.2.2'
PATH_SEPARATOR=':'
PPC_ALTIVEC_SOURCES='SRC_PPC_ALTIVEC'
PRE_SHARED_LIB='libxvidcore.$(SHARED_EXTENSION)'
prefix='/SDK/Local/newlib'
program_transform_name='s,x,x,'
RANLIB='ranlib'
sbindir='${exec_prefix}/sbin'
SHARED_EXTENSION='so'
SHARED_LIB='libxvidcore.$(SHARED_EXTENSION)'
sharedstatedir='${prefix}/com'
SHELL='/bin/sh'
SPECIFIC_CFLAGS=' -DHAVE_ALTIVEC_H -maltivec -mabi=altivec -DHAVE_ALTIVEC_BRACES_DECL -DHAVE_ALTIVEC_H -DHAVE_PTHREAD '
SPECIFIC_LDFLAGS=' -lpthread '
STATIC_EXTENSION='a'
STATIC_LIB='libxvidcore.$(STATIC_EXTENSION)'
sysconfdir='${prefix}/etc'
target='powerpc-unknown-amigaos'
target_alias=''
target_cpu='powerpc'
target_os='amigaos'
target_vendor='unknown'

## ----------- ##
## confdefs.h. ##
## ----------- ##

#define HAVE_ASSERT_H 1
#define HAVE_INTTYPES_H 1
#define HAVE_MATH_H 1
#define HAVE_SIGNAL_H 1
#define HAVE_STDINT_H 1
#define HAVE_STDIO_H 1
#define HAVE_STDLIB_H 1
#define HAVE_STDLIB_H 1
#define HAVE_STRING_H 1
#define HAVE_STRING_H 1
#define HAVE_STRINGS_H 1
#define HAVE_SYS_STAT_H 1
#define HAVE_SYS_TYPES_H 1
#define HAVE_UNISTD_H 1
#define PACKAGE_BUGREPORT "xvid-devel@xvid.org"
#define PACKAGE_NAME "Xvid"
#define PACKAGE_STRING "Xvid 1.2.2"
#define PACKAGE_TARNAME "xvid"
#define PACKAGE_VERSION "1.2.2"
#define SIZEOF_INT_P 4
#define STDC_HEADERS 1

configure: exit 0
