This file contains any messages produced by compilers while
running configure, to aid debugging if configure makes a mistake.

It was created by configure, which was
generated by GNU Autoconf 2.52.  Invocation command line was

  $ configure 

## ---------- ##
## Platform.  ##
## ---------- ##

hostname = developer.ahiv.hu
uname -m = m68k
uname -r = 3.1
uname -s = AmigaOS
uname -v = 40.68

/usr/bin/uname -p = 68040
/bin/uname -X     = unknown

/bin/arch              = unknown
/usr/bin/arch -k       = unknown
/usr/convex/getsysinfo = unknown
hostinfo               = unknown
/bin/machine           = unknown
/usr/bin/oslevel       = unknown
/bin/universe          = unknown

PATH = /bin:/usr/bin:/usr/ucb

## ------------ ##
## Core tests.  ##
## ------------ ##

configure:1105: PATH=".;."; conftest.sh
configure: configure[1113]: conftest.sh: not found
configure:1108: $? = 127
configure:1236: checking build system type
configure:1254: result: m68k-unknown-amigaos
configure:1261: checking host system type
configure:1275: result: m68k-unknown-amigaos
configure:1325: checking for gcc
configure:1340: found /bin/gcc
configure:1348: result: gcc
configure:1576: checking for C compiler version
configure:1579: gcc --version </dev/null >&5
2.95.3
configure:1582: $? = 0
configure:1584: gcc -v </dev/null >&5
Reading specs from /gg/lib/gcc-lib/m68k-amigaos/2.95.3/specs
gcc version 2.95.3 20010315 (release)
configure:1587: $? = 0
configure:1589: gcc -V </dev/null >&5
gcc: argument to `-V' is missing
configure:1592: $? = 1
configure:1612: checking for C compiler default output
configure:1615: gcc    conftest.c  >&5
configure:1618: $? = 0
configure:1647: result: a.out
configure:1652: checking whether the C compiler works
configure:1658: ./a.out
configure:1661: $? = 0
configure:1676: result: yes
configure:1683: checking whether we are cross compiling
configure:1685: result: no
configure:1688: checking for executable suffix
configure:1690: gcc -o conftest    conftest.c  >&5
configure:1693: $? = 0
configure:1715: result: 
configure:1721: checking for object suffix
configure:1739: gcc -c   conftest.c >&5
configure:1742: $? = 0
configure:1761: result: o
configure:1765: checking whether we are using the GNU C compiler
configure:1786: gcc -c   conftest.c >&5
configure:1789: $? = 0
configure:1792: test -s conftest.o
configure:1795: $? = 0
configure:1807: result: yes
configure:1813: checking whether gcc accepts -g
configure:1831: gcc -c -g  conftest.c >&5
configure:1834: $? = 0
configure:1837: test -s conftest.o
configure:1840: $? = 0
configure:1850: result: yes
configure:1877: gcc -c -g -O2  conftest.c >&5
conftest.c:2: parse error before `me'
configure:1880: $? = 1
configure: failed program was:
#ifndef __cplusplus
  choke me
#endif
configure:1988: checking for ld used by GCC
configure:2052: result: /gg/m68k-amigaos/bin/ld
configure:2061: checking if the linker (/gg/m68k-amigaos/bin/ld) is GNU ld
GNU ld version 2.9.1 (with BFD 2.9.1)
configure:2073: result: yes
configure:2077: checking for /gg/m68k-amigaos/bin/ld option to reload object files
configure:2084: result: -r
configure:2093: checking for BSD-compatible nm
configure:2128: result: /bin/nm
configure:2132: checking whether ln -s works
configure:2136: result: yes
configure:2143: checking how to recognise dependant libraries
configure:2320: result: unknown
configure:2455: checking how to run the C preprocessor
configure:2557: result: /bin/cpp
configure:2572: /bin/cpp  conftest.c
configure:2578: $? = 0
configure:2605: /bin/cpp  conftest.c
configure:2602: ac_nonexistent.h: No such file or directory
configure:2611: $? = 1
configure: failed program was:
#line 2601 "configure"
#include "confdefs.h"
#include <ac_nonexistent.h>
configure:2653: checking for dlfcn.h
configure:2663: /bin/cpp  conftest.c
configure:2660: dlfcn.h: No such file or directory
configure:2669: $? = 1
configure: failed program was:
#line 2659 "configure"
#include "confdefs.h"
#include <dlfcn.h>
configure:2688: result: no
configure:2747: checking for g++
configure:2762: found /bin/g++
configure:2770: result: g++
configure:2785: checking for C++ compiler version
configure:2788: g++ --version </dev/null >&5
2.95.3
configure:2791: $? = 0
configure:2793: g++ -v </dev/null >&5
Reading specs from /gg/lib/gcc-lib/m68k-amigaos/2.95.3/specs
gcc version 2.95.3 20010315 (release)
configure:2796: $? = 0
configure:2798: g++ -V </dev/null >&5
g++: argument to `-V' missing

configure:2801: $? = 1
configure:2804: checking whether we are using the GNU C++ compiler
configure:2825: g++ -c   conftest.cc >&5
configure:2828: $? = 0
configure:2831: test -s conftest.o
configure:2834: $? = 0
configure:2846: result: yes
configure:2852: checking whether g++ accepts -g
configure:2870: g++ -c -g  conftest.cc >&5
configure:2873: $? = 0
configure:2876: test -s conftest.o
configure:2879: $? = 0
configure:2889: result: yes
configure:2929: g++ -c -g -O2  conftest.cc >&5
configure:2932: $? = 0
configure:2935: test -s conftest.o
configure:2938: $? = 0
configure:2960: g++ -c -g -O2  conftest.cc >&5
configure:2963: $? = 0
configure:2966: test -s conftest.o
configure:2969: $? = 0
configure:2996: checking how to run the C++ preprocessor
configure:3018: g++ -E  conftest.cc
configure:3024: $? = 0
configure:3051: g++ -E  conftest.cc
configure:3048: ac_nonexistent.h: No such file or directory
configure:3057: $? = 1
configure: failed program was:
#line 3047 "configure"
#include "confdefs.h"
#include <ac_nonexistent.h>
configure:3094: result: g++ -E
configure:3109: g++ -E  conftest.cc
configure:3115: $? = 0
configure:3142: g++ -E  conftest.cc
configure:3139: ac_nonexistent.h: No such file or directory
configure:3148: $? = 1
configure: failed program was:
#line 3138 "configure"
#include "confdefs.h"
#include <ac_nonexistent.h>
configure:3190: checking the maximum length of command line arguments
configure:3239: result: -
configure:3247: checking command to parse /bin/nm output from gcc object
configure:3332: g++ -c -g -O2  conftest.cc >&5
configure:3335: $? = 0
configure:3339: /bin/nm conftest.o \| sed -n -e 's/^.*[ 	]\([ABCDGISTW][ABCDGISTW]*\)[ 	][ 	]*\(\)\([_A-Za-z][_A-Za-z0-9]*\)$/\1 \2\3 \3/p' \> conftest.nm
configure:3342: $? = 0
cannot find nm_test_var in conftest.nm
configure:3332: g++ -c -g -O2  conftest.cc >&5
configure:3335: $? = 0
configure:3339: /bin/nm conftest.o \| sed -n -e 's/^.*[ 	]\([ABCDGISTW][ABCDGISTW]*\)[ 	][ 	]*\(_\)\([_A-Za-z][_A-Za-z0-9]*\)$/\1 \2\3 \3/p' \> conftest.nm
configure:3342: $? = 0
configure:3394: g++ -o conftest -g -O2   conftest.cc conftstm.o >&5
configure:3397: $? = 0
configure:3435: result: ok
configure:3439: checking for objdir
configure:3454: result: .libs
configure:3537: checking for ranlib
configure:3552: found /bin/ranlib
configure:3561: result: ranlib
configure:3611: checking for strip
configure:3626: found /bin/strip
configure:3635: result: strip
configure:3884: checking if gcc static flag  works
configure:3907: result: yes
configure:3921: checking if gcc supports -fno-rtti -fno-exceptions
configure:3945: result: yes
configure:3960: checking for gcc option to produce PIC
configure:4112: result: -m68020 -resident32 -malways-restore-a4
configure:4119: checking if gcc PIC flag -m68020 -resident32 -malways-restore-a4 works
configure:4143: result: yes
configure:4167: checking if gcc supports -c -o file.o
configure:4208: result: yes
configure:4233: checking whether the gcc linker (/gg/m68k-amigaos/bin/ld) supports shared libraries
configure:4994: result: no
configure:5059: checking how to hardcode library paths into programs
configure:5083: result: immediate
configure:5097: checking whether stripping libraries is possible
configure:5102: result: yes
configure:5109: checking dynamic linker characteristics
configure:5530: result: amigaos ld.so
configure:6073: checking if libtool supports shared libraries
configure:6075: result: no
configure:6078: checking whether to build shared libraries
configure:6097: result: no
configure:6100: checking whether to build static libraries
configure:6104: result: yes
configure:6183: creating libtool
configure:6893: checking whether the g++ linker (/gg/m68k-amigaos/bin/ld) supports shared libraries
configure:7544: result: no
configure:7560: g++ -c -g -O2  conftest.cc >&5
configure:7563: $? = 0
configure:7896: result: -m68020 -resident32 -malways-restore-a4
configure:7903: checking if g++ PIC flag -m68020 -resident32 -malways-restore-a4 works
configure:7927: result: yes
configure:7951: checking if g++ supports -c -o file.o
configure:7992: result: yes
configure:8017: checking whether the g++ linker (/gg/m68k-amigaos/bin/ld) supports shared libraries
configure:8020: result: no
configure:8085: checking how to hardcode library paths into programs
configure:8109: result: immediate
configure:8123: checking whether stripping libraries is possible
configure:8128: result: yes
configure:8135: checking dynamic linker characteristics
configure:8556: result: amigaos ld.so
configure:9506: checking if gcj supports -fno-rtti -fno-exceptions
configure:9530: result: yes
configure:9545: checking for gcj option to produce PIC
configure:9697: result: -m68020 -resident32 -malways-restore-a4
configure:9704: checking if gcj PIC flag -m68020 -resident32 -malways-restore-a4 works
configure:9728: result: no
configure:9752: checking if gcj supports -c -o file.o
configure:9793: result: no
configure:9818: checking whether the gcj linker (/gg/m68k-amigaos/bin/ld) supports shared libraries
configure:10579: result: no
configure:10644: checking how to hardcode library paths into programs
configure:10668: result: immediate
configure:10682: checking whether stripping libraries is possible
configure:10687: result: yes
configure:10694: checking dynamic linker characteristics
configure:11115: result: amigaos ld.so
configure:12071: checking for a BSD compatible install
configure:12120: result: /bin/install -c
configure:12226: checking for gcc
configure:12249: result: gcc
configure:12477: checking for C compiler version
configure:12480: gcc --version </dev/null >&5
2.95.3
configure:12483: $? = 0
configure:12485: gcc -v </dev/null >&5
Reading specs from /gg/lib/gcc-lib/m68k-amigaos/2.95.3/specs
gcc version 2.95.3 20010315 (release)
configure:12488: $? = 0
configure:12490: gcc -V </dev/null >&5
gcc: argument to `-V' is missing
configure:12493: $? = 1
configure:12496: checking whether we are using the GNU C compiler
configure:12538: result: yes
configure:12544: checking whether gcc accepts -g
configure:12581: result: yes
configure:12608: gcc -c -g -O2  conftest.c >&5
conftest.c:2: parse error before `me'
configure:12611: $? = 1
configure: failed program was:
#ifndef __cplusplus
  choke me
#endif
configure:12724: checking switches for the host compiler
configure:12732: result: -g -O2
configure:12742: checking target compiler
configure:12749: result: gcc
configure:12751: checking switches on the target compiler
configure:12758: result: -g -O2
configure:12760: checking target linker
configure:12767: result: gcc
configure:12769: checking switches on the target compiler
configure:12817: checking for ranlib
configure:12841: result: ranlib
configure:12860: result: -g -O2
configure:12866: checking if host and target compilers are the same
configure:12870: result: yes
configure:12888: checking character encoding
configure:12892: result: iso8859
configure:12905: checking if executables have the .exe suffix
configure:12912: result: unknown
configure:12962: checking for sin
configure:12999: gcc -o conftest -g -O2   conftest.c  >&5
configure:12978: warning: conflicting types for built-in function `sin'
configure:13002: $? = 0
configure:13005: test -s conftest
configure:13008: $? = 0
configure:13018: result: yes
configure:13026: checking for dlopen in -ldl
configure:13053: gcc -o conftest -g -O2   conftest.c -ldl   >&5
/gg/m68k-amigaos/bin/ld: cannot open -ldl: No such file or directory
collect2: ld returned 1 exit status
configure:13056: $? = 1
configure: failed program was:
#line 13034 "configure"
#include "confdefs.h"

/* Override any gcc2 internal prototype to avoid an error.  */
#ifdef __cplusplus
extern "C"
#endif
/* We use char because int might match the return type of a gcc2
   builtin and then its argument prototype would still apply.  */
char dlopen ();
int
main ()
{
dlopen ();
  ;
  return 0;
}
configure:13073: result: no
configure:13089: checking for library containing Tcl_Init
configure:13116: gcc -o conftest -g -O2   conftest.c  >&5
/t/ccPz9EtS.o: In function `main':
/EmptyCD/ADE/src/sqlite/configure:13109: undefined reference to `Tcl_Init'
collect2: ld returned 1 exit status
configure:13119: $? = 1
configure: failed program was:
#line 13097 "configure"
#include "confdefs.h"

/* Override any gcc2 internal prototype to avoid an error.  */
#ifdef __cplusplus
extern "C"
#endif
/* We use char because int might match the return type of a gcc2
   builtin and then its argument prototype would still apply.  */
char Tcl_Init ();
int
main ()
{
Tcl_Init ();
  ;
  return 0;
}
configure:13156: gcc -o conftest -g -O2   conftest.c -ltcl8.4   >&5
/gg/m68k-amigaos/bin/ld: cannot open -ltcl8.4: No such file or directory
collect2: ld returned 1 exit status
configure:13159: $? = 1
configure: failed program was:
#line 13137 "configure"
#include "confdefs.h"

/* Override any gcc2 internal prototype to avoid an error.  */
#ifdef __cplusplus
extern "C"
#endif
/* We use char because int might match the return type of a gcc2
   builtin and then its argument prototype would still apply.  */
char Tcl_Init ();
int
main ()
{
Tcl_Init ();
  ;
  return 0;
}
configure:13156: gcc -o conftest -g -O2   conftest.c -ltcl8.3   >&5
/gg/m68k-amigaos/bin/ld: cannot open -ltcl8.3: No such file or directory
collect2: ld returned 1 exit status
configure:13159: $? = 1
configure: failed program was:
#line 13137 "configure"
#include "confdefs.h"

/* Override any gcc2 internal prototype to avoid an error.  */
#ifdef __cplusplus
extern "C"
#endif
/* We use char because int might match the return type of a gcc2
   builtin and then its argument prototype would still apply.  */
char Tcl_Init ();
int
main ()
{
Tcl_Init ();
  ;
  return 0;
}
configure:13156: gcc -o conftest -g -O2   conftest.c -ltcl8.2   >&5
/gg/m68k-amigaos/bin/ld: cannot open -ltcl8.2: No such file or directory
collect2: ld returned 1 exit status
configure:13159: $? = 1
configure: failed program was:
#line 13137 "configure"
#include "confdefs.h"

/* Override any gcc2 internal prototype to avoid an error.  */
#ifdef __cplusplus
extern "C"
#endif
/* We use char because int might match the return type of a gcc2
   builtin and then its argument prototype would still apply.  */
char Tcl_Init ();
int
main ()
{
Tcl_Init ();
  ;
  return 0;
}
configure:13156: gcc -o conftest -g -O2   conftest.c -ltcl8.1   >&5
/gg/m68k-amigaos/bin/ld: cannot open -ltcl8.1: No such file or directory
collect2: ld returned 1 exit status
configure:13159: $? = 1
configure: failed program was:
#line 13137 "configure"
#include "confdefs.h"

/* Override any gcc2 internal prototype to avoid an error.  */
#ifdef __cplusplus
extern "C"
#endif
/* We use char because int might match the return type of a gcc2
   builtin and then its argument prototype would still apply.  */
char Tcl_Init ();
int
main ()
{
Tcl_Init ();
  ;
  return 0;
}
configure:13156: gcc -o conftest -g -O2   conftest.c -ltcl8.0   >&5
/gg/m68k-amigaos/bin/ld: cannot open -ltcl8.0: No such file or directory
collect2: ld returned 1 exit status
configure:13159: $? = 1
configure: failed program was:
#line 13137 "configure"
#include "confdefs.h"

/* Override any gcc2 internal prototype to avoid an error.  */
#ifdef __cplusplus
extern "C"
#endif
/* We use char because int might match the return type of a gcc2
   builtin and then its argument prototype would still apply.  */
char Tcl_Init ();
int
main ()
{
Tcl_Init ();
  ;
  return 0;
}
configure:13156: gcc -o conftest -g -O2   conftest.c -ltcl80   >&5
/gg/m68k-amigaos/bin/ld: cannot open -ltcl80: No such file or directory
collect2: ld returned 1 exit status
configure:13159: $? = 1
configure: failed program was:
#line 13137 "configure"
#include "confdefs.h"

/* Override any gcc2 internal prototype to avoid an error.  */
#ifdef __cplusplus
extern "C"
#endif
/* We use char because int might match the return type of a gcc2
   builtin and then its argument prototype would still apply.  */
char Tcl_Init ();
int
main ()
{
Tcl_Init ();
  ;
  return 0;
}
configure:13156: gcc -o conftest -g -O2   conftest.c -ltcl   >&5
/gg/m68k-amigaos/bin/ld: cannot open -ltcl: No such file or directory
collect2: ld returned 1 exit status
configure:13159: $? = 1
configure: failed program was:
#line 13137 "configure"
#include "confdefs.h"

/* Override any gcc2 internal prototype to avoid an error.  */
#ifdef __cplusplus
extern "C"
#endif
/* We use char because int might match the return type of a gcc2
   builtin and then its argument prototype would still apply.  */
char Tcl_Init ();
int
main ()
{
Tcl_Init ();
  ;
  return 0;
}
configure:13178: result: no
configure:13192: checking TCL header files
configure:13211: result: not specified: still searching...
configure:13213: checking for tcl.h
configure:13223: /bin/cpp  conftest.c
configure:13220: tcl.h: No such file or directory
configure:13229: $? = 1
configure: failed program was:
#line 13219 "configure"
#include "confdefs.h"
#include <tcl.h>
configure:13248: result: no
configure:13258: checking for /usr/local/include/tcl.h
configure:13273: result: no
configure:13258: checking for /usr/X11/include/tcl.h
configure:13273: result: no
configure:13258: checking for /usr/X11R6/include/tcl.h
configure:13273: result: no
configure:13258: checking for /usr/pkg/include/tcl.h
configure:13273: result: no
configure:13258: checking for /usr/contrib/include/tcl.h
configure:13273: result: no
configure:13258: checking for /usr/include/tcl.h
configure:13273: result: no
configure:13298: checking for library containing readline
configure:13325: gcc -o conftest -g -O2   conftest.c  >&5
/t/ccE1cEZ8.o: In function `main':
/EmptyCD/ADE/src/sqlite/configure:13318: undefined reference to `readline'
collect2: ld returned 1 exit status
configure:13328: $? = 1
configure: failed program was:
#line 13306 "configure"
#include "confdefs.h"

/* Override any gcc2 internal prototype to avoid an error.  */
#ifdef __cplusplus
extern "C"
#endif
/* We use char because int might match the return type of a gcc2
   builtin and then its argument prototype would still apply.  */
char readline ();
int
main ()
{
readline ();
  ;
  return 0;
}
configure:13365: gcc -o conftest -g -O2   conftest.c -lreadline   >&5
/gg/lib/libreadline.a(display.o)(.text+0x1948): undefined reference to `tputs'
/gg/lib/libreadline.a(display.o)(.text+0x916): undefined reference to `tputs'
/gg/lib/libreadline.a(display.o)(.text+0xdf4): undefined reference to `tputs'
/gg/lib/libreadline.a(display.o)(.text+0x107a): undefined reference to `tputs'
/gg/lib/libreadline.a(display.o)(.text+0x1170): undefined reference to `tputs'
/gg/lib/libreadline.a(display.o)(.text+0x11ac): more undefined references to `tputs' follow
/gg/lib/libreadline.a(display.o)(.text+0x169a): undefined reference to `tgoto'
/gg/lib/libreadline.a(display.o)(.text+0x16ac): undefined reference to `tputs'
/gg/lib/libreadline.a(display.o)(.text+0x16de): undefined reference to `tputs'
/gg/lib/libreadline.a(display.o)(.text+0x1714): undefined reference to `tputs'
/gg/lib/libreadline.a(display.o)(.text+0x1752): undefined reference to `tputs'
/gg/lib/libreadline.a(display.o)(.text+0x178c): undefined reference to `tgoto'
/gg/lib/libreadline.a(display.o)(.text+0x179c): undefined reference to `tputs'
/gg/lib/libreadline.a(display.o)(.text+0x17ce): undefined reference to `tputs'
/gg/lib/libreadline.a(display.o)(.text+0x1918): undefined reference to `tputs'
/gg/lib/libreadline.a(display.o)(.text+0x1994): undefined reference to `tputs'
/gg/lib/libreadline.a(terminal.o)(.text+0x3ea): undefined reference to `tgetflag'
/gg/lib/libreadline.a(terminal.o)(.text+0x448): undefined reference to `tgetflag'
/gg/lib/libreadline.a(terminal.o)(.text+0x98): undefined reference to `tgetnum'
/gg/lib/libreadline.a(terminal.o)(.text+0xea): undefined reference to `tgetnum'
/gg/lib/libreadline.a(terminal.o)(.text+0x22e): undefined reference to `tgetstr'
/gg/lib/libreadline.a(terminal.o)(.text+0x2ec): undefined reference to `tgetent'
/gg/lib/libreadline.a(terminal.o)(.text+0x656): undefined reference to `tputs'
/gg/lib/libreadline.a(terminal.o)(.text+0x714): undefined reference to `tputs'
/gg/lib/libreadline.a(terminal.o)(.text+0x770): undefined reference to `tputs'
/gg/lib/libreadline.a(terminal.o)(.text+0x7ba): undefined reference to `tputs'
collect2: ld returned 1 exit status
configure:13368: $? = 1
configure: failed program was:
#line 13346 "configure"
#include "confdefs.h"

/* Override any gcc2 internal prototype to avoid an error.  */
#ifdef __cplusplus
extern "C"
#endif
/* We use char because int might match the return type of a gcc2
   builtin and then its argument prototype would still apply.  */
char readline ();
int
main ()
{
readline ();
  ;
  return 0;
}
configure:13387: result: no
configure:13400: checking readline header files
configure:13411: result: not specified: still searching...
configure:13413: checking for readline.h
configure:13423: /bin/cpp  conftest.c
configure:13420: readline.h: No such file or directory
configure:13429: $? = 1
configure: failed program was:
#line 13419 "configure"
#include "confdefs.h"
#include <readline.h>
configure:13448: result: no
configure:13458: checking for /usr/include/readline.h
configure:13473: result: no
configure:13484: checking for /usr/include/readline/readline.h
configure:13499: result: yes
configure:13524: checking for usleep
configure:13561: gcc -o conftest -g -O2   conftest.c  >&5
configure:13564: $? = 0
configure:13567: test -s conftest
configure:13570: $? = 0
configure:13580: result: yes
configure:13699: creating ./config.status

## ----------------------- ##
## Running config.status.  ##
## ----------------------- ##

This file was extended by config.status 2.52, executed with
  CONFIG_FILES    = 
  CONFIG_HEADERS  = 
  CONFIG_LINKS    = 
  CONFIG_COMMANDS = 
  > ./config.status 
on developer.ahiv.hu

config.status:14167: creating Makefile

## ----------------- ##
## Cache variables.  ##
## ----------------- ##

ac_cv_build=m68k-unknown-amigaos
ac_cv_build_alias=m68k-unknown-amigaos
ac_cv_c_compiler_gnu=yes
ac_cv_cxx_compiler_gnu=yes
ac_cv_env_CC_set=
ac_cv_env_CC_value=
ac_cv_env_CFLAGS_set=
ac_cv_env_CFLAGS_value=
ac_cv_env_CPPFLAGS_set=
ac_cv_env_CPPFLAGS_value=
ac_cv_env_CPP_set=set
ac_cv_env_CPP_value=/bin/cpp
ac_cv_env_CXXCPP_set=
ac_cv_env_CXXCPP_value=
ac_cv_env_CXXFLAGS_set=
ac_cv_env_CXXFLAGS_value=
ac_cv_env_CXX_set=
ac_cv_env_CXX_value=
ac_cv_env_LDFLAGS_set=
ac_cv_env_LDFLAGS_value=
ac_cv_env_build_alias_set=
ac_cv_env_build_alias_value=
ac_cv_env_host_alias_set=
ac_cv_env_host_alias_value=
ac_cv_env_target_alias_set=
ac_cv_env_target_alias_value=
ac_cv_file__usr_X11R6_include_tcl_h=no
ac_cv_file__usr_X11_include_tcl_h=no
ac_cv_file__usr_contrib_include_tcl_h=no
ac_cv_file__usr_include_readline_h=no
ac_cv_file__usr_include_readline_readline_h=yes
ac_cv_file__usr_include_tcl_h=no
ac_cv_file__usr_local_include_tcl_h=no
ac_cv_file__usr_pkg_include_tcl_h=no
ac_cv_func_sin=yes
ac_cv_func_usleep=yes
ac_cv_header_dlfcn_h=no
ac_cv_header_readline_h=no
ac_cv_header_tcl_h=no
ac_cv_host=m68k-unknown-amigaos
ac_cv_host_alias=m68k-unknown-amigaos
ac_cv_lib_dl_dlopen=no
ac_cv_objext=o
ac_cv_path_install='/bin/install -c'
ac_cv_prog_CPP=/bin/cpp
ac_cv_prog_CXXCPP='g++ -E'
ac_cv_prog_ac_ct_CC=gcc
ac_cv_prog_ac_ct_CXX=g++
ac_cv_prog_ac_ct_RANLIB=ranlib
ac_cv_prog_ac_ct_STRIP=strip
ac_cv_prog_cc_g=yes
ac_cv_prog_cxx_g=yes
ac_cv_search_Tcl_Init=no
ac_cv_search_readline=no
lt_cv_deplibs_check_method=unknown
lt_cv_file_magic_cmd='$MAGIC_CMD'
lt_cv_file_magic_test_file=
lt_cv_ld_reload_flag=-r
lt_cv_objdir=.libs
lt_cv_path_LD=/gg/m68k-amigaos/bin/ld
lt_cv_path_NM=/bin/nm
lt_cv_prog_compiler_c_o=yes
lt_cv_prog_compiler_c_o_CXX=yes
lt_cv_prog_compiler_c_o_GCJ=no
lt_cv_prog_compiler_rtti_exceptions=yes
lt_cv_prog_gnu_ld=yes
lt_cv_sys_global_symbol_pipe='sed -n -e '\''s/^.*[ 	]\([ABCDGISTW][ABCDGISTW]*\)[ 	][ 	]*\(_\)\([_A-Za-z][_A-Za-z0-9]*\)$/\1 \2\3 \3/p'\'
lt_cv_sys_global_symbol_to_c_name_address='sed -n -e '\''s/^: \([^ ]*\) $/  {\"\1\", (lt_ptr) 0},/p'\'' -e '\''s/^[BCDEGRST] \([^ ]*\) \([^ ]*\)$/  {"\2", (lt_ptr) \&\2},/p'\'
lt_cv_sys_global_symbol_to_cdecl='sed -n -e '\''s/^. .* \(.*\)$/extern int \1;/p'\'
lt_cv_sys_max_cmd_len=-
lt_lt_cv_prog_compiler_c_o='"yes"'
lt_lt_cv_prog_compiler_c_o_CXX='"yes"'
lt_lt_cv_prog_compiler_c_o_GCJ='"no"'
lt_lt_cv_sys_global_symbol_pipe='"sed -n -e '\''s/^.*[ 	]\\([ABCDGISTW][ABCDGISTW]*\\)[ 	][ 	]*\\(_\\)\\([_A-Za-z][_A-Za-z0-9]*\\)\$/\\1 \\2\\3 \\3/p'\''"'
lt_lt_cv_sys_global_symbol_to_c_name_address='"sed -n -e '\''s/^: \\([^ ]*\\) \$/  {\\\"\\1\\\", (lt_ptr) 0},/p'\'' -e '\''s/^[BCDEGRST] \\([^ ]*\\) \\([^ ]*\\)\$/  {\"\\2\", (lt_ptr) \\&\\2},/p'\''"'
lt_lt_cv_sys_global_symbol_to_cdecl='"sed -n -e '\''s/^. .* \\(.*\\)\$/extern int \\1;/p'\''"'


configure: exit 0
