This file contains any messages produced by compilers while
running configure, to aid debugging if configure makes a mistake.

It was created by configure, which was
generated by GNU Autoconf 2.59.  Invocation command line was

  $ configure --disable-dependency-tracking --bindir=/SDK/Local/C --prefix=/SDK/Local --libdir=/SDK/Local/newlib/lib --includedir=/SDK/Local/common/include CFLAGS=-mcrt=newlib CPPFLAGS=-mcrt=newlib -DMINIGL CXXFLAGS=-mcrt=newlib LIBS=-lunix LDFLAGS=-mcrt=newlib --with-sdl-prefix=/SDK/local/newlib/

## --------- ##
## Platform. ##
## --------- ##

hostname = localhost
uname -m = ppc
uname -r = 51.4
uname -s = AmigaOS
uname -v = 4.0

/usr/bin/uname -p = unknown
/bin/uname -X     = unknown

/bin/arch              = unknown
/usr/bin/arch -k       = unknown
/usr/convex/getsysinfo = unknown
hostinfo               = unknown
/bin/machine           = unknown
/usr/bin/oslevel       = unknown
/bin/universe          = unknown

PATH: /gcc/bin
PATH: /SDK/C
PATH: /SDK/Local/C
PATH: /SDK/Local/newlib/bin
PATH: /SDK/Local/clib2/bin
PATH: /C
PATH: .


## ----------- ##
## Core tests. ##
## ----------- ##

configure:1203: creating cache /dev/null
configure:1316: checking build system type
configure:1334: result: powerpc-unknown-amigaos
configure:1342: checking host system type
configure:1356: result: powerpc-unknown-amigaos
configure:1364: checking target system type
configure:1378: result: powerpc-unknown-amigaos
configure:1409: checking for a BSD-compatible install
configure:1464: result: /SDK/Local/C/ginstall -c
configure:1475: checking whether build environment is sane
configure:1518: result: yes
configure:1542: WARNING: `missing' script is too old or missing
configure:1583: checking for gawk
configure:1612: result: no
configure:1583: checking for mawk
configure:1612: result: no
configure:1583: checking for nawk
configure:1599: found /SDK/Local/C/nawk
configure:1609: result: nawk
configure:1619: checking whether /SDK/C/gmake sets $(MAKE)
configure:1639: result: yes
configure:1868: checking for gcc
configure:1884: found /gcc/bin/gcc
configure:1894: result: gcc
configure:2138: checking for C compiler version
configure:2141: gcc --version </dev/null >&5
gcc (GCC) 4.0.2 (AmigaOS build 20051012)
Copyright (C) 2005 Free Software Foundation, Inc.
This is free software; see the source for copying conditions.  There is NO
warranty; not even for MERCHANTABILITY or FITNESS FOR A PARTICULAR PURPOSE.

configure:2144: $? = 0
configure:2146: gcc -v </dev/null >&5
Reading specs from Bub:SDK/gcc/bin/../lib/gcc/ppc-amigaos/4.0.2/specs
Target: ppc-amigaos
Configured with: ../gcc-4.0.2/configure --host=ppc-amigaos --target=ppc-amigaos --build=i686-cygwin --prefix=/gcc --enable-languages=c,c++,objc --enable-haifa --enable-sjlj-exceptions --disable-shared --disable-libstdcxx-pch
Thread model: single
gcc version 4.0.2 (AmigaOS build 20051012)
configure:2149: $? = 0
configure:2151: gcc -V </dev/null >&5
gcc: '-V' option must have argument
configure:2154: $? = 1
configure:2177: checking for C compiler default output file name
configure:2180: gcc -mcrt=newlib -g -funroll-loops -frerun-cse-after-loop -ffast-math -fomit-frame-pointer -fexpensive-optimizations -fno-exceptions -fno-rtti -mcrt=newlib -DMINIGL -mcrt=newlib conftest.c -lunix >&5
cc1: warning: command line option "-fno-rtti" is valid for C++/ObjC++ but not for C
configure:2183: $? = 0
configure:2229: result: a.out
configure:2234: checking whether the C compiler works
configure:2240: ./a.out
configure:2243: $? = 0
configure:2260: result: yes
configure:2267: checking whether we are cross compiling
configure:2269: result: no
configure:2272: checking for suffix of executables
configure:2274: gcc -o conftest -mcrt=newlib -g -funroll-loops -frerun-cse-after-loop -ffast-math -fomit-frame-pointer -fexpensive-optimizations -fno-exceptions -fno-rtti -mcrt=newlib -DMINIGL -mcrt=newlib conftest.c -lunix >&5
cc1: warning: command line option "-fno-rtti" is valid for C++/ObjC++ but not for C
configure:2277: $? = 0
configure:2302: result: 
configure:2308: checking for suffix of object files
configure:2329: gcc -c -mcrt=newlib -g -funroll-loops -frerun-cse-after-loop -ffast-math -fomit-frame-pointer -fexpensive-optimizations -fno-exceptions -fno-rtti -mcrt=newlib -DMINIGL conftest.c >&5
cc1: warning: command line option "-fno-rtti" is valid for C++/ObjC++ but not for C
configure:2332: $? = 0
configure:2354: result: o
configure:2358: checking whether we are using the GNU C compiler
configure:2382: gcc -c -mcrt=newlib -g -funroll-loops -frerun-cse-after-loop -ffast-math -fomit-frame-pointer -fexpensive-optimizations -fno-exceptions -fno-rtti -mcrt=newlib -DMINIGL conftest.c >&5
cc1: warning: command line option "-fno-rtti" is valid for C++/ObjC++ but not for C
configure:2388: $? = 0
configure:2392: test -z 
			 || test ! -s conftest.err
configure:2395: $? = 0
configure:2398: test -s conftest.o
configure:2401: $? = 0
configure:2414: result: yes
configure:2420: checking whether gcc accepts -g
configure:2441: gcc -c -g -mcrt=newlib -DMINIGL conftest.c >&5
configure:2447: $? = 0
configure:2451: test -z 
			 || test ! -s conftest.err
configure:2454: $? = 0
configure:2457: test -s conftest.o
configure:2460: $? = 0
configure:2471: result: yes
configure:2488: checking for gcc option to accept ANSI C
configure:2558: gcc  -c -mcrt=newlib -g -funroll-loops -frerun-cse-after-loop -ffast-math -fomit-frame-pointer -fexpensive-optimizations -fno-exceptions -fno-rtti -mcrt=newlib -DMINIGL conftest.c >&5
cc1: warning: command line option "-fno-rtti" is valid for C++/ObjC++ but not for C
configure:2564: $? = 0
configure:2568: test -z 
			 || test ! -s conftest.err
configure:2571: $? = 0
configure:2574: test -s conftest.o
configure:2577: $? = 0
configure:2595: result: none needed
configure:2613: gcc -c -mcrt=newlib -g -funroll-loops -frerun-cse-after-loop -ffast-math -fomit-frame-pointer -fexpensive-optimizations -fno-exceptions -fno-rtti -mcrt=newlib -DMINIGL conftest.c >&5
cc1: warning: command line option "-fno-rtti" is valid for C++/ObjC++ but not for C
conftest.c:2: error: syntax error before 'me'
configure:2619: $? = 1
configure: failed program was:
| #ifndef __cplusplus
|   choke me
| #endif
configure:2763: checking for style of include used by /SDK/C/gmake
configure:2791: result: GNU
configure:2819: checking dependency style of gcc
configure:2909: result: none
configure:2984: checking for g++
configure:3000: found /gcc/bin/g++
configure:3010: result: g++
configure:3026: checking for C++ compiler version
configure:3029: g++ --version </dev/null >&5
g++ (GCC) 4.0.2 (AmigaOS build 20051012)
Copyright (C) 2005 Free Software Foundation, Inc.
This is free software; see the source for copying conditions.  There is NO
warranty; not even for MERCHANTABILITY or FITNESS FOR A PARTICULAR PURPOSE.

configure:3032: $? = 0
configure:3034: g++ -v </dev/null >&5
Reading specs from Bub:SDK/gcc/bin/../lib/gcc/ppc-amigaos/4.0.2/specs
Target: ppc-amigaos
Configured with: ../gcc-4.0.2/configure --host=ppc-amigaos --target=ppc-amigaos --build=i686-cygwin --prefix=/gcc --enable-languages=c,c++,objc --enable-haifa --enable-sjlj-exceptions --disable-shared --disable-libstdcxx-pch
Thread model: single
gcc version 4.0.2 (AmigaOS build 20051012)
configure:3037: $? = 0
configure:3039: g++ -V </dev/null >&5
g++: '-V' option must have argument
configure:3042: $? = 1
configure:3045: checking whether we are using the GNU C++ compiler
configure:3069: g++ -c -mcrt=newlib -g -funroll-loops -frerun-cse-after-loop -ffast-math -fomit-frame-pointer -fexpensive-optimizations -fno-exceptions -fno-rtti -mcrt=newlib -DMINIGL conftest.cc >&5
configure:3075: $? = 0
configure:3079: test -z 
			 || test ! -s conftest.err
configure:3082: $? = 0
configure:3085: test -s conftest.o
configure:3088: $? = 0
configure:3101: result: yes
configure:3107: checking whether g++ accepts -g
configure:3128: g++ -c -g -mcrt=newlib -DMINIGL conftest.cc >&5
configure:3134: $? = 0
configure:3138: test -z 
			 || test ! -s conftest.err
configure:3141: $? = 0
configure:3144: test -s conftest.o
configure:3147: $? = 0
configure:3158: result: yes
configure:3200: g++ -c -mcrt=newlib -g -funroll-loops -frerun-cse-after-loop -ffast-math -fomit-frame-pointer -fexpensive-optimizations -fno-exceptions -fno-rtti -mcrt=newlib -DMINIGL conftest.cc >&5
configure:3206: $? = 0
configure:3210: test -z 
			 || test ! -s conftest.err
configure:3213: $? = 0
configure:3216: test -s conftest.o
configure:3219: $? = 0
configure:3245: g++ -c -mcrt=newlib -g -funroll-loops -frerun-cse-after-loop -ffast-math -fomit-frame-pointer -fexpensive-optimizations -fno-exceptions -fno-rtti -mcrt=newlib -DMINIGL conftest.cc >&5
conftest.cc: In function 'int main()':
conftest.cc:15: error: 'exit' was not declared in this scope
configure:3251: $? = 1
configure: failed program was:
| /* confdefs.h.  */
| 
| #define PACKAGE_NAME ""
| #define PACKAGE_TARNAME ""
| #define PACKAGE_VERSION ""
| #define PACKAGE_STRING ""
| #define PACKAGE_BUGREPORT ""
| #define PACKAGE "eversion"
| #define VERSION "0.1.0"
| /* end confdefs.h.  */
| 
| int
| main ()
| {
| exit (42);
|   ;
|   return 0;
| }
configure:3200: g++ -c -mcrt=newlib -g -funroll-loops -frerun-cse-after-loop -ffast-math -fomit-frame-pointer -fexpensive-optimizations -fno-exceptions -fno-rtti -mcrt=newlib -DMINIGL conftest.cc >&5
configure:3206: $? = 0
configure:3210: test -z 
			 || test ! -s conftest.err
configure:3213: $? = 0
configure:3216: test -s conftest.o
configure:3219: $? = 0
configure:3245: g++ -c -mcrt=newlib -g -funroll-loops -frerun-cse-after-loop -ffast-math -fomit-frame-pointer -fexpensive-optimizations -fno-exceptions -fno-rtti -mcrt=newlib -DMINIGL conftest.cc >&5
configure:3251: $? = 0
configure:3255: test -z 
			 || test ! -s conftest.err
configure:3258: $? = 0
configure:3261: test -s conftest.o
configure:3264: $? = 0
configure:3289: checking dependency style of g++
configure:3379: result: none
configure:3415: checking for a BSD-compatible install
configure:3470: result: /SDK/Local/C/ginstall -c
configure:3481: checking whether /SDK/C/gmake sets $(MAKE)
configure:3501: result: yes
configure:3511: checking for library containing strerror
configure:3541: g++ -o conftest -mcrt=newlib -g -funroll-loops -frerun-cse-after-loop -ffast-math -fomit-frame-pointer -fexpensive-optimizations -fno-exceptions -fno-rtti -mcrt=newlib -DMINIGL -mcrt=newlib conftest.cc -lunix >&5
configure:3547: $? = 0
configure:3551: test -z 
			 || test ! -s conftest.err
configure:3554: $? = 0
configure:3557: test -s conftest
configure:3560: $? = 0
configure:3630: result: none required
configure:3638: checking whether gcc and cc understand -c and -o together
configure:3668: gcc -c conftest.cc -o conftest.o >&5
configure:3671: $? = 0
configure:3673: gcc -c conftest.cc -o conftest.o >&5
configure:3676: $? = 0
configure:3683: cc -c conftest.cc >&5
configure: cc: not found
configure:3686: $? = 127
configure:3715: result: yes
configure:3746: checking how to run the C++ preprocessor
configure:3777: g++ -E -mcrt=newlib -DMINIGL conftest.cc
configure:3783: $? = 0
configure:3815: g++ -E -mcrt=newlib -DMINIGL conftest.cc
conftest.cc:14:28: error: ac_nonexistent.h: No such file or directory
configure:3821: $? = 1
configure: failed program was:
| /* confdefs.h.  */
| 
| #define PACKAGE_NAME ""
| #define PACKAGE_TARNAME ""
| #define PACKAGE_VERSION ""
| #define PACKAGE_STRING ""
| #define PACKAGE_BUGREPORT ""
| #define PACKAGE "eversion"
| #define VERSION "0.1.0"
| #ifdef __cplusplus
| extern "C" void std::exit (int) throw (); using std::exit;
| #endif
| /* end confdefs.h.  */
| #include <ac_nonexistent.h>
configure:3860: result: g++ -E
configure:3884: g++ -E -mcrt=newlib -DMINIGL conftest.cc
configure:3890: $? = 0
configure:3922: g++ -E -mcrt=newlib -DMINIGL conftest.cc
conftest.cc:14:28: error: ac_nonexistent.h: No such file or directory
configure:3928: $? = 1
configure: failed program was:
| /* confdefs.h.  */
| 
| #define PACKAGE_NAME ""
| #define PACKAGE_TARNAME ""
| #define PACKAGE_VERSION ""
| #define PACKAGE_STRING ""
| #define PACKAGE_BUGREPORT ""
| #define PACKAGE "eversion"
| #define VERSION "0.1.0"
| #ifdef __cplusplus
| extern "C" void std::exit (int) throw (); using std::exit;
| #endif
| /* end confdefs.h.  */
| #include <ac_nonexistent.h>
configure:3972: checking for egrep
configure:3982: result: grep -E
configure:3987: checking for ANSI C header files
configure:4012: g++ -c -mcrt=newlib -g -funroll-loops -frerun-cse-after-loop -ffast-math -fomit-frame-pointer -fexpensive-optimizations -fno-exceptions -fno-rtti -mcrt=newlib -DMINIGL conftest.cc >&5
configure:4018: $? = 0
configure:4022: test -z 
			 || test ! -s conftest.err
configure:4025: $? = 0
configure:4028: test -s conftest.o
configure:4031: $? = 0
configure:4120: g++ -o conftest -mcrt=newlib -g -funroll-loops -frerun-cse-after-loop -ffast-math -fomit-frame-pointer -fexpensive-optimizations -fno-exceptions -fno-rtti -mcrt=newlib -DMINIGL -mcrt=newlib conftest.cc -lunix >&5
configure:4123: $? = 0
configure:4125: ./conftest
configure:4128: $? = 0
configure:4143: result: yes
configure:4158: checking for itoa
configure:4215: g++ -o conftest -mcrt=newlib -g -funroll-loops -frerun-cse-after-loop -ffast-math -fomit-frame-pointer -fexpensive-optimizations -fno-exceptions -fno-rtti -mcrt=newlib -DMINIGL -mcrt=newlib conftest.cc -lunix >&5
/tmp/ccQzPMmV.o(.text+0xa): In function `main':
RAM Disk:eversion-0.1.0/conftest.cc:55: undefined reference to `itoa'
/tmp/ccQzPMmV.o(.text+0xe):RAM Disk:eversion-0.1.0/conftest.cc:55: undefined reference to `itoa'
/tmp/ccQzPMmV.o(.sdata+0x0):RAM Disk:eversion-0.1.0/conftest.cc:55: undefined reference to `itoa'
configure:4221: $? = 1
configure: failed program was:
| /* confdefs.h.  */
| 
| #define PACKAGE_NAME ""
| #define PACKAGE_TARNAME ""
| #define PACKAGE_VERSION ""
| #define PACKAGE_STRING ""
| #define PACKAGE_BUGREPORT ""
| #define PACKAGE "eversion"
| #define VERSION "0.1.0"
| #ifdef __cplusplus
| extern "C" void std::exit (int) throw (); using std::exit;
| #endif
| #define STDC_HEADERS 1
| /* end confdefs.h.  */
| /* Define itoa to an innocuous variant, in case <limits.h> declares itoa.
|    For example, HP-UX 11i <limits.h> declares gettimeofday.  */
| #define itoa innocuous_itoa
| 
| /* System header to define __stub macros and hopefully few prototypes,
|     which can conflict with char itoa (); below.
|     Prefer <limits.h> to <assert.h> if __STDC__ is defined, since
|     <limits.h> exists even on freestanding compilers.  */
| 
| #ifdef __STDC__
| # include <limits.h>
| #else
| # include <assert.h>
| #endif
| 
| #undef itoa
| 
| /* Override any gcc2 internal prototype to avoid an error.  */
| #ifdef __cplusplus
| extern "C"
| {
| #endif
| /* We use char because int might match the return type of a gcc2
|    builtin and then its argument prototype would still apply.  */
| char itoa ();
| /* The GNU C library defines this for functions which it implements
|     to always fail with ENOSYS.  Some functions are actually named
|     something starting with __ and the normal name is an alias.  */
| #if defined (__stub_itoa) || defined (__stub___itoa)
| choke me
| #else
| char (*f) () = itoa;
| #endif
| #ifdef __cplusplus
| }
| #endif
| 
| int
| main ()
| {
| return f != itoa;
|   ;
|   return 0;
| }
configure:4246: result: no
configure:4298: checking for sdl-config
configure:4329: result: /SDK/local/newlib//bin/sdl-config
configure:4337: checking for SDL - version >= 1.0.0
configure:4429: g++ -o conftest -mcrt=newlib -g -funroll-loops -frerun-cse-after-loop -ffast-math -fomit-frame-pointer -fexpensive-optimizations -fno-exceptions -fno-rtti -I/SDK/Local/common/include/SDL -mcrt=newlib -DMINIGL -mcrt=newlib conftest.cc -lunix -L/SDK/Local/newlib/lib -lGL -lGLU -lSDL -lauto -lpthread -lm -lm >&5
configure:4432: $? = 0
configure:4434: ./conftest
configure:4437: $? = 0
configure:4456: result: yes
configure:4686: creating ./config.status

## ---------------------- ##
## Running config.status. ##
## ---------------------- ##

This file was extended by config.status, which was
generated by GNU Autoconf 2.59.  Invocation command line was

  CONFIG_FILES    = 
  CONFIG_HEADERS  = 
  CONFIG_LINKS    = 
  CONFIG_COMMANDS = 
  $ ./config.status 

on localhost

config.status:712: creating Makefile
config.status:712: creating src/Makefile
config.status:712: creating data/Makefile
config.status:816: creating config.h
config.status:1084: executing depfiles commands

## ---------------- ##
## Cache variables. ##
## ---------------- ##

ac_cv_build=powerpc-unknown-amigaos
ac_cv_build_alias=ppc-unknown-amigaos
ac_cv_c_compiler_gnu=yes
ac_cv_cxx_compiler_gnu=yes
ac_cv_env_CC_set=
ac_cv_env_CC_value=
ac_cv_env_CFLAGS_set=set
ac_cv_env_CFLAGS_value=-mcrt=newlib
ac_cv_env_CPPFLAGS_set=set
ac_cv_env_CPPFLAGS_value='-mcrt=newlib -DMINIGL'
ac_cv_env_CXXCPP_set=
ac_cv_env_CXXCPP_value=
ac_cv_env_CXXFLAGS_set=set
ac_cv_env_CXXFLAGS_value=-mcrt=newlib
ac_cv_env_CXX_set=
ac_cv_env_CXX_value=
ac_cv_env_LDFLAGS_set=set
ac_cv_env_LDFLAGS_value=-mcrt=newlib
ac_cv_env_build_alias_set=
ac_cv_env_build_alias_value=
ac_cv_env_host_alias_set=
ac_cv_env_host_alias_value=
ac_cv_env_target_alias_set=
ac_cv_env_target_alias_value=
ac_cv_exeext=
ac_cv_func_itoa=no
ac_cv_header_stdc=yes
ac_cv_host=powerpc-unknown-amigaos
ac_cv_host_alias=ppc-unknown-amigaos
ac_cv_objext=o
ac_cv_path_SDL_CONFIG=/SDK/local/newlib//bin/sdl-config
ac_cv_path_install='/SDK/Local/C/ginstall -c'
ac_cv_prog_AWK=nawk
ac_cv_prog_CXXCPP='g++ -E'
ac_cv_prog_ac_ct_CC=gcc
ac_cv_prog_ac_ct_CXX=g++
ac_cv_prog_cc_g=yes
ac_cv_prog_cc_gcc_c_o=yes
ac_cv_prog_cc_stdc=
ac_cv_prog_cxx_g=yes
ac_cv_prog_egrep='grep -E'
ac_cv_prog_make__SDK_C_gmake_set=yes
ac_cv_search_strerror='none required'
ac_cv_target=powerpc-unknown-amigaos
ac_cv_target_alias=ppc-unknown-amigaos
am_cv_CC_dependencies_compiler_type=none
am_cv_CXX_dependencies_compiler_type=none

## ----------------- ##
## Output variables. ##
## ----------------- ##

ac_ct_CC='gcc'
ac_ct_CXX='g++'
ac_ct_STRIP=''
ACLOCAL='aclocal-1.9'
am__fastdepCC_FALSE=''
am__fastdepCC_TRUE='#'
am__fastdepCXX_FALSE=''
am__fastdepCXX_TRUE='#'
am__include='include'
am__leading_dot='.'
am__quote=''
am__tar='${AMTAR} chof - "$$tardir"'
am__untar='${AMTAR} xf -'
AMDEP_FALSE=''
AMDEP_TRUE='#'
AMDEPBACKSLASH=''
AMTAR='tar'
AUTOCONF='autoconf'
AUTOHEADER='autoheader'
AUTOMAKE='automake-1.9'
AWK='nawk'
bindir='/SDK/Local/C'
build='powerpc-unknown-amigaos'
build_alias=''
build_cpu='powerpc'
build_os='amigaos'
build_vendor='unknown'
CC='gcc'
CCDEPMODE='depmode=none'
CFLAGS='-mcrt=newlib -g -funroll-loops -frerun-cse-after-loop -ffast-math -fomit-frame-pointer -fexpensive-optimizations -fno-exceptions -fno-rtti -I/SDK/Local/common/include/SDL -Wall -ansi -pedantic'
CPPFLAGS='-mcrt=newlib -DMINIGL'
CXX='g++'
CXXCPP='g++ -E'
CXXDEPMODE='depmode=none'
CXXFLAGS='-mcrt=newlib -g -funroll-loops -frerun-cse-after-loop -ffast-math -fomit-frame-pointer -fexpensive-optimizations -fno-exceptions -fno-rtti -I/SDK/Local/common/include/SDL -Wall -ansi -pedantic -I/SDK/Local/common/include/SDL -Wall -ansi -pedantic -O2 -funroll-loops -ffast-math -fomit-frame-pointer -fexpensive-optimizations'
CYGPATH_W='echo'
datadir='${prefix}/share'
DEFS='-DHAVE_CONFIG_H'
DEPDIR='.deps'
ECHO_C=''ECHO_N=''
ECHO_T=''
EGREP='grep -E'
exec_prefix='${prefix}'
EXEEXT=''
host='powerpc-unknown-amigaos'
host_alias=''
host_cpu='powerpc'
host_os='amigaos'
host_vendor='unknown'
includedir='/SDK/Local/common/include'
infodir='${prefix}/info'
INSTALL_DATA='${INSTALL} -m 644'
INSTALL_PROGRAM='${INSTALL}'
INSTALL_SCRIPT='${INSTALL}'
install_sh='/RAM Disk/eversion-0.1.0/install-sh'
INSTALL_STRIP_PROGRAM='${SHELL} $(install_sh) -c -s'
LDFLAGS='-mcrt=newlib'
libdir='/SDK/Local/newlib/lib'
libexecdir='${exec_prefix}/libexec'
LIBOBJS=''
LIBS='-L/SDK/Local/newlib/lib -lGL -lGLU -lSDL -lauto -lpthread -lm -lm -lSDL_net -lSDL_image'
localstatedir='${prefix}/var'
LTLIBOBJS=''
MAKEINFO='makeinfo'
mandir='${prefix}/man'
mkdir_p='mkdir -p --'
OBJEXT='o'
oldincludedir='/usr/include'
PACKAGE='eversion'
PACKAGE_BUGREPORT=''
PACKAGE_NAME=''
PACKAGE_STRING=''
PACKAGE_TARNAME=''
PACKAGE_VERSION=''
PATH_SEPARATOR=':'
prefix='/SDK/Local'
program_transform_name='s,x,x,'
sbindir='${exec_prefix}/sbin'
SDL_CFLAGS='-I/SDK/Local/common/include/SDL'
SDL_CONFIG='/SDK/local/newlib//bin/sdl-config'
SDL_LIBS='-L/SDK/Local/newlib/lib -lGL -lGLU -lSDL -lauto -lpthread -lm -lm'
SET_MAKE=''
sharedstatedir='${prefix}/com'
SHELL='/bin/sh'
STRIP=''
sysconfdir='${prefix}/etc'
target='powerpc-unknown-amigaos'
target_alias=''
target_cpu='powerpc'
target_os='amigaos'
target_vendor='unknown'
VERSION='0.1.0'

## ----------- ##
## confdefs.h. ##
## ----------- ##

#define PACKAGE "eversion"
#define PACKAGE_BUGREPORT ""
#define PACKAGE_NAME ""
#define PACKAGE_STRING ""
#define PACKAGE_TARNAME ""
#define PACKAGE_VERSION ""
#define STDC_HEADERS 1
#define VERSION "0.1.0"
#endif
#ifdef __cplusplus
extern "C" void std::exit (int) throw (); using std::exit;

configure: exit 0
