This file contains any messages produced by compilers while
running configure, to aid debugging if configure makes a mistake.

It was created by configure, which was
generated by GNU Autoconf 2.68.  Invocation command line was

  $ configure YACC=yacc

## --------- ##
## Platform. ##
## --------- ##

hostname = $HOSTNAME /c/hostname
uname -m = powerpc
uname -r = 3.9
uname -s = MorphOS
uname -v = 51.39

/usr/bin/uname -p = unknown
/bin/uname -X     = unknown

/bin/arch              = unknown
/usr/bin/arch -k       = unknown
/usr/convex/getsysinfo = unknown
/usr/bin/hostinfo      = unknown
/bin/machine           = unknown
/usr/bin/oslevel       = unknown
/bin/universe          = unknown

PATH: .
PATH: /bin
PATH: /usr/bin
PATH: /usr/local/bin
PATH: /c
PATH: .


## ----------- ##
## Core tests. ##
## ----------- ##

configure:2321: checking build system type
configure:2335: result: powerpc-unknown-morphos
configure:2355: checking host system type
configure:2368: result: powerpc-unknown-morphos
configure:2388: checking target system type
configure:2401: result: powerpc-unknown-morphos
configure:2455: checking whether make sets $(MAKE)
configure:2477: result: yes
configure:2496: checking for objc
configure:2512: found ./objc
configure:2523: result: objc -q
configure:2542: checking for objc
configure:2560: found ./objc
configure:2573: result: ./objc
configure:2635: checking for gcc
configure:2651: found /bin/gcc
configure:2662: result: gcc
configure:2891: checking for C compiler version
configure:2900: gcc --version >&5
gcc (GCC/MorphOS) 4.4.5
Copyright (C) 2010 Free Software Foundation, Inc.
This is free software; see the source for copying conditions.  There is NO
warranty; not even for MERCHANTABILITY or FITNESS FOR A PARTICULAR PURPOSE.

configure:2911: $? = 0
configure:2900: gcc -v >&5
Using built-in specs.
Target: ppc-morphos
Configured with: ../configure --target=ppc-morphos --with-ld=/gg/ppc-morphos/bin/ld --with-nm=/gg/ppc-morphos/bin/nm --with-as=/gg/ppc-morphos/bin/as --with-strip=/gg/ppc-morphos/bin/strip --with-gmp=/Temp/cvs.morphos.net/morphos/morphoswb/development/gcc4/local_libs --with-mpfr=/Temp/cvs.morphos.net/morphos/morphoswb/development/gcc4/local_libs --enable-languages=c,c++,objc --prefix=/gg --with-sysroot=/gg --libexecdir=/gg/lib --oldincludedir=/gg/include --program-prefix=ppc-morphos- --program-suffix=-4.4.5 --enable-threads=morphos --disable-bootstrap --with-pkgversion=GCC/MorphOS --with-bugurl=http://www.morphos-team.net --enable-version-specific-runtime-libs
Thread model: morphos
gcc version 4.4.5 (GCC/MorphOS) 
configure:2911: $? = 0
configure:2900: gcc -V >&5
gcc: '-V' option must have argument
configure:2911: $? = 1
configure:2900: gcc -qversion >&5
gcc: no input files
configure:2911: $? = 1
configure:2931: checking whether the C compiler works
configure:2953: gcc    conftest.c  >&5
configure:2957: $? = 0
configure:3005: result: yes
configure:3008: checking for C compiler default output file name
configure:3010: result: a.out
configure:3016: checking for suffix of executables
configure:3023: gcc -o conftest    conftest.c  >&5
configure:3027: $? = 0
configure:3049: result: 
configure:3071: checking whether we are cross compiling
configure:3079: gcc -o conftest    conftest.c  >&5
configure:3083: $? = 0
configure:3090: ./conftest
configure:3094: $? = 0
configure:3109: result: no
configure:3114: checking for suffix of object files
configure:3136: gcc -c   conftest.c >&5
configure:3140: $? = 0
configure:3161: result: o
configure:3165: checking whether we are using the GNU C compiler
configure:3184: gcc -c   conftest.c >&5
configure:3184: $? = 0
configure:3193: result: yes
configure:3202: checking whether gcc accepts -g
configure:3222: gcc -c -g  conftest.c >&5
configure:3222: $? = 0
configure:3263: result: yes
configure:3280: checking for gcc option to accept ISO C89
configure:3344: gcc  -c -g -O2  conftest.c >&5
configure:3344: $? = 0
configure:3357: result: none needed
configure:3382: checking how to run the C preprocessor
configure:3413: gcc -E  conftest.c
configure:3413: $? = 0
configure:3427: gcc -E  conftest.c
conftest.c:9:28: error: ac_nonexistent.h: No such file or directory
configure:3427: $? = 1
configure: failed program was:
| /* confdefs.h */
| #define PACKAGE_NAME ""
| #define PACKAGE_TARNAME ""
| #define PACKAGE_VERSION ""
| #define PACKAGE_STRING ""
| #define PACKAGE_BUGREPORT ""
| #define PACKAGE_URL ""
| /* end confdefs.h.  */
| #include <ac_nonexistent.h>
configure:3452: result: gcc -E
configure:3472: gcc -E  conftest.c
configure:3472: $? = 0
configure:3486: gcc -E  conftest.c
conftest.c:9:28: error: ac_nonexistent.h: No such file or directory
configure:3486: $? = 1
configure: failed program was:
| /* confdefs.h */
| #define PACKAGE_NAME ""
| #define PACKAGE_TARNAME ""
| #define PACKAGE_VERSION ""
| #define PACKAGE_STRING ""
| #define PACKAGE_BUGREPORT ""
| #define PACKAGE_URL ""
| /* end confdefs.h.  */
| #include <ac_nonexistent.h>
configure:3516: checking whether preprocessor processes .m files
configure:3523: result: yes
configure:3896: checking testing whether C compiler supports short line tags
gcc -c st750982648.i -o st750982648.o
configure:3925: result: yes
configure:3928: checking testing whether C compiler supports long line tags
gcc -c lt750982648.i -o lt750982648.o
lt750982648.i:1: error: stray '#' in program
lt750982648.i:1: error: expected '=', ',', ';', 'asm' or '__attribute__' before numeric constant
configure:3957: result: no
configure:3998: checking for rm
configure:4014: found /bin/rm
configure:4026: result: rm -f
configure:4036: checking for cp
configure:4052: found /bin/cp
configure:4064: result: cp -p
configure:4074: checking for cat
configure:4090: found /bin/cat
configure:4102: result: cat
configure:4112: checking for mkdir
configure:4128: found /bin/mkdir
configure:4140: result: mkdir
configure:4163: checking for a BSD-compatible install
configure:4231: result: /bin/install -c
configure:4244: checking for ar
configure:4260: found /bin/ar
configure:4272: result: ar cr
configure:4369: checking for ranlib
configure:4385: found /bin/ranlib
configure:4396: result: ranlib
configure:4466: checking for flex
configure:4482: found /bin/flex
configure:4493: result: flex
configure:4507: checking for byacc
configure:4534: result: yacc
configure:4557: checking for nm
configure:4573: found /bin/nm
configure:4584: result: nm
configure:4725: checking for grep that handles long lines and -e
configure:4783: result: /bin/grep
configure:4788: checking for egrep
configure:4850: result: /bin/grep -E
configure:4855: checking for ANSI C header files
configure:4875: gcc -c -g -O2  conftest.c >&5
configure:4875: $? = 0
configure:4948: gcc -o conftest -g -O2   conftest.c  >&5
configure:4948: $? = 0
configure:4948: ./conftest
configure:4948: $? = 0
configure:4959: result: yes
configure:4972: checking for sys/types.h
configure:4972: gcc -c -g -O2  conftest.c >&5
configure:4972: $? = 0
configure:4972: result: yes
configure:4972: checking for sys/stat.h
configure:4972: gcc -c -g -O2  conftest.c >&5
configure:4972: $? = 0
configure:4972: result: yes
configure:4972: checking for stdlib.h
configure:4972: gcc -c -g -O2  conftest.c >&5
configure:4972: $? = 0
configure:4972: result: yes
configure:4972: checking for string.h
configure:4972: gcc -c -g -O2  conftest.c >&5
configure:4972: $? = 0
configure:4972: result: yes
configure:4972: checking for memory.h
configure:4972: gcc -c -g -O2  conftest.c >&5
configure:4972: $? = 0
configure:4972: result: yes
configure:4972: checking for strings.h
configure:4972: gcc -c -g -O2  conftest.c >&5
configure:4972: $? = 0
configure:4972: result: yes
configure:4972: checking for inttypes.h
configure:4972: gcc -c -g -O2  conftest.c >&5
configure:4972: $? = 0
configure:4972: result: yes
configure:4972: checking for stdint.h
configure:4972: gcc -c -g -O2  conftest.c >&5
configure:4972: $? = 0
configure:4972: result: yes
configure:4972: checking for unistd.h
configure:4972: gcc -c -g -O2  conftest.c >&5
configure:4972: $? = 0
configure:4972: result: yes
configure:4987: checking for string.h
configure:4987: result: yes
configure:4987: checking stdarg.h usability
configure:4987: gcc -c -g -O2  conftest.c >&5
configure:4987: $? = 0
configure:4987: result: yes
configure:4987: checking stdarg.h presence
configure:4987: gcc -E  conftest.c
configure:4987: $? = 0
configure:4987: result: yes
configure:4987: checking for stdarg.h
configure:4987: result: yes
configure:4999: checking whether gcc and cc understand -c and -o together
configure:5030: gcc -c conftest.c -o conftest2.o >&5
configure:5034: $? = 0
configure:5040: gcc -c conftest.c -o conftest2.o >&5
configure:5044: $? = 0
configure:5055: cc -c conftest.c >&5
configure: cc: not found
configure:5059: $? = 127
configure:5099: result: yes
configure:5109: checking for an ANSI C-conforming const
configure:5174: gcc -c -g -O2  conftest.c >&5
configure:5174: $? = 0
configure:5181: result: yes
configure:5193: checking for memcpy
configure:5193: gcc -o conftest -g -O2   conftest.c  >&5
conftest.c:44: warning: conflicting types for built-in function 'memcpy'
configure:5193: $? = 0
configure:5193: result: yes
configure:5193: checking for memset
configure:5193: gcc -o conftest -g -O2   conftest.c  >&5
conftest.c:45: warning: conflicting types for built-in function 'memset'
configure:5193: $? = 0
configure:5193: result: yes
configure:5193: checking for snprintf
configure:5193: gcc -o conftest -g -O2   conftest.c  >&5
conftest.c:46: warning: conflicting types for built-in function 'snprintf'
configure:5193: $? = 0
configure:5193: result: yes
configure:5236: checking whether to use postlink
gcc x750982648.c y750982648.c -o x750982648
y750982648.c: In function 'main':
y750982648.c:3: warning: incompatible implicit declaration of built-in function 'exit'
gcc y750982648.c x750982648.c -o y750982648
y750982648.c: In function 'main':
y750982648.c:3: warning: incompatible implicit declaration of built-in function 'exit'
check whether x750982648 returns '7' (yes)
check whether y750982648 returns '7' (yes)
configure:5289: result: no
configure:5303: checking for _objcInit
configure:5303: gcc -o conftest -g -O2   conftest.c  >&5
/t//ccyB1iIX.o: In function `main':
/Work/Developing/objc-3.3.1/conftest.c:58: undefined reference to `_objcInit'
collect2: ld returned 1 exit status
configure:5303: $? = 1
configure: failed program was:
| /* confdefs.h */
| #define PACKAGE_NAME ""
| #define PACKAGE_TARNAME ""
| #define PACKAGE_VERSION ""
| #define PACKAGE_STRING ""
| #define PACKAGE_BUGREPORT ""
| #define PACKAGE_URL ""
| #define STDC_HEADERS 1
| #define HAVE_SYS_TYPES_H 1
| #define HAVE_SYS_STAT_H 1
| #define HAVE_STDLIB_H 1
| #define HAVE_STRING_H 1
| #define HAVE_MEMORY_H 1
| #define HAVE_STRINGS_H 1
| #define HAVE_INTTYPES_H 1
| #define HAVE_STDINT_H 1
| #define HAVE_UNISTD_H 1
| #define HAVE_STRING_H 1
| #define HAVE_STDARG_H 1
| #define HAVE_MEMCPY 1
| #define HAVE_MEMSET 1
| #define HAVE_SNPRINTF 1
| /* end confdefs.h.  */
| /* Define _objcInit to an innocuous variant, in case <limits.h> declares _objcInit.
|    For example, HP-UX 11i <limits.h> declares gettimeofday.  */
| #define _objcInit innocuous__objcInit
| 
| /* System header to define __stub macros and hopefully few prototypes,
|     which can conflict with char _objcInit (); below.
|     Prefer <limits.h> to <assert.h> if __STDC__ is defined, since
|     <limits.h> exists even on freestanding compilers.  */
| 
| #ifdef __STDC__
| # include <limits.h>
| #else
| # include <assert.h>
| #endif
| 
| #undef _objcInit
| 
| /* Override any GCC internal prototype to avoid an error.
|    Use char because int might match the return type of a GCC
|    builtin and then its argument prototype would still apply.  */
| #ifdef __cplusplus
| extern "C"
| #endif
| char _objcInit ();
| /* The GNU C library defines this for functions which it implements
|     to always fail with ENOSYS.  Some functions are actually named
|     something starting with __ and the normal name is an alias.  */
| #if defined __stub__objcInit || defined __stub____objcInit
| choke me
| #endif
| 
| int
| main ()
| {
| return _objcInit ();
|   ;
|   return 0;
| }
configure:5303: result: no
configure:5507: creating ./config.status

## ---------------------- ##
## Running config.status. ##
## ---------------------- ##

This file was extended by config.status, which was
generated by GNU Autoconf 2.68.  Invocation command line was

  CONFIG_FILES    = 
  CONFIG_HEADERS  = 
  CONFIG_LINKS    = 
  CONFIG_COMMANDS = 
  $ ./config.status 

on $HOSTNAME /c/hostname

config.status:845: creating config.h
config.status:845: creating Makefile
config.status:845: creating src/objcrt/config.h
config.status:845: creating src/objcrt/Makefile
config.status:845: creating src/objpak/config.h
config.status:845: creating src/objpak/Makefile
config.status:845: creating src/oclib/config.h
config.status:845: creating src/oclib/Makefile
config.status:845: creating src/objc/config.h
config.status:845: creating src/objc/Makefile
config.status:845: creating src/objc/objc
config.status:845: creating src/objc/objc.m
config.status:845: creating src/cakit/config.h
config.status:845: creating src/cakit/Makefile
config.status:845: creating examples/Makefile
config.status:845: creating words/Makefile

## ---------------- ##
## Cache variables. ##
## ---------------- ##

ac_cv_build=powerpc-unknown-morphos
ac_cv_c_compiler_gnu=yes
ac_cv_c_const=yes
ac_cv_cplus=no
ac_cv_env_CCC_set=
ac_cv_env_CCC_value=
ac_cv_env_CC_set=
ac_cv_env_CC_value=
ac_cv_env_CFLAGS_set=
ac_cv_env_CFLAGS_value=
ac_cv_env_CPPFLAGS_set=
ac_cv_env_CPPFLAGS_value=
ac_cv_env_CPP_set=
ac_cv_env_CPP_value=
ac_cv_env_CXXFLAGS_set=
ac_cv_env_CXXFLAGS_value=
ac_cv_env_CXX_set=
ac_cv_env_CXX_value=
ac_cv_env_LDFLAGS_set=
ac_cv_env_LDFLAGS_value=
ac_cv_env_LIBS_set=
ac_cv_env_LIBS_value=
ac_cv_env_build_alias_set=
ac_cv_env_build_alias_value=
ac_cv_env_host_alias_set=
ac_cv_env_host_alias_value=
ac_cv_env_target_alias_set=
ac_cv_env_target_alias_value=
ac_cv_func__objcInit=no
ac_cv_func_memcpy=yes
ac_cv_func_memset=yes
ac_cv_func_snprintf=yes
ac_cv_header_inttypes_h=yes
ac_cv_header_memory_h=yes
ac_cv_header_stdarg_h=yes
ac_cv_header_stdc=yes
ac_cv_header_stdint_h=yes
ac_cv_header_stdlib_h=yes
ac_cv_header_string_h=yes
ac_cv_header_strings_h=yes
ac_cv_header_sys_stat_h=yes
ac_cv_header_sys_types_h=yes
ac_cv_header_unistd_h=yes
ac_cv_host=powerpc-unknown-morphos
ac_cv_informix=no
ac_cv_longlinetags=no
ac_cv_objext=o
ac_cv_path_EGREP='/bin/grep -E'
ac_cv_path_GREP=/bin/grep
ac_cv_path_XOBJC=./objc
ac_cv_path_install='/bin/install -c'
ac_cv_postlink=no
ac_cv_prefixed_names=no
ac_cv_prog_AR='ar cr'
ac_cv_prog_CAT=cat
ac_cv_prog_CP='cp -p'
ac_cv_prog_CPP='gcc -E'
ac_cv_prog_LEX=flex
ac_cv_prog_MKDIR=mkdir
ac_cv_prog_NM=nm
ac_cv_prog_OBJC='objc -q'
ac_cv_prog_RM='rm -f'
ac_cv_prog_YACC=yacc
ac_cv_prog_ac_ct_CC=gcc
ac_cv_prog_ac_ct_RANLIB=ranlib
ac_cv_prog_cc_c89=
ac_cv_prog_cc_g=yes
ac_cv_prog_cc_gcc_c_o=yes
ac_cv_prog_make_make_set=yes
ac_cv_shortlinetags=yes
ac_cv_target=powerpc-unknown-morphos

## ----------------- ##
## Output variables. ##
## ----------------- ##

AOUTNAME='a.out'
AR='ar cr'
BINDIR='/usr/local/bin'
BINDOTSUFFIX=''
CAKIT_IFLAGS='-I. -noI -I../../include/objcrt'
CAT='cat'
CC='gcc'
CCDOLLARFLAG='-fdollars-in-identifiers'
CCMINUSCFLAG='-c '
CCMINUSDFLAG='-D'
CCMINUSIFLAG='-I'
CCMINUSOFLAG='-o '
CCPLUS=''
CFLAGS='-g -O2'
CP='cp -p'
CPP='gcc -E'
CPPFILTER=''
CPPFLAGS=''
CPPIMPORTFLAG='-x objective-c -Wno-import'
CPPMINUSOFLAG='> '
CPPSUFFIX='P'
CPPWANTSDOTC='0'
CXX=''
CXXFLAGS=''
DBG_MFLAGS='-DDEBUG -g'
DEFS='-DPACKAGE_NAME=\"\" -DPACKAGE_TARNAME=\"\" -DPACKAGE_VERSION=\"\" -DPACKAGE_STRING=\"\" -DPACKAGE_BUGREPORT=\"\" -DPACKAGE_URL=\"\" -DSTDC_HEADERS=1 -DHAVE_SYS_TYPES_H=1 -DHAVE_SYS_STAT_H=1 -DHAVE_STDLIB_H=1 -DHAVE_STRING_H=1 -DHAVE_MEMORY_H=1 -DHAVE_STRINGS_H=1 -DHAVE_INTTYPES_H=1 -DHAVE_STDINT_H=1 -DHAVE_UNISTD_H=1 -DHAVE_STRING_H=1 -DHAVE_STDARG_H=1 -DHAVE_MEMCPY=1 -DHAVE_MEMSET=1 -DHAVE_SNPRINTF=1'
DLARGS='-bogus'
DLFILE='objcdlso.ld'
DLXCCARGS=''
DLXLDARGS=''
DOTSHLIBSUFFIX='.so'
ECHO_C=''
ECHO_N='-n'
ECHO_T=''
EGREP='/bin/grep -E'
EXEEXT=''
FINAL_AR='echo'
GCPREFIX='/usr/local'
GCPREFIXC='/usr/local'
GREP='/bin/grep'
HDRDIR='/usr/local/include'
IISUFFIX='cc'
INITCALL='_objcInit'
INSTALLDIR='/usr/local'
INSTALLDIRC='/usr/local'
INSTALL_DATA='${INSTALL} -m 644'
INSTALL_PROGRAM='${INSTALL}'
INSTALL_SCRIPT='${INSTALL}'
LD='gcc'
LDFLAGS=''
LDMINUSOFLAG='-o '
LEX='flex'
LEXYYC='lex.yy.c'
LIBDIR='/usr/local/lib'
LIBOBJS=''
LIBS=''
LIBSUFFIX='a'
LINKFORMAT='unix'
LTLIBOBJS=''
MANDIR='/usr/local/man'
MFLAGS='OPT_MFLAGS'
MKDIR='mkdir'
NAME='objc-3.3.1'
NM='nm'
OBJC1FILTER=''
OBJC='objc -q'
OBJCRTEXPORT=''
OBJCRT_IFLAGS='-noI'
OBJCRT_LINUX='0'
OBJCRT_PROTOTYPE_MESSENGER='1'
OBJCRT_SCOPE_OBJCMODULES_EXTERN='0'
OBJCRT_USE_MEMSET='1'
OBJCRT_USE_PREFIXED_NAMES='0'
OBJCRT_USE_SNPRINTF='1'
OBJCRT_USE_STDARG='1'
OBJCRT_USE_YYLESS='1'
OBJC_BOOTLIBS='-noLibs ../oclib/oclib.a ../objpak/objpak.a ../objcrt/objcrt.a'
OBJC_HAVE_SYSTEM_CALL='1'
OBJC_IFLAGS='-I. -noI -I../../include/objcrt -I../../include/objpak -I../oclib'
OBJEXT='o'
OBJPAK_IFLAGS='-noI -I../../include/objcrt'
OBJSUFFIX='o'
OCLIB_IFLAGS='-noI -I../../include/objcrt -I../../include/objpak'
OC_CCARGS=''
OC_CPARGS='-D__PORTABLE_OBJC__ '
OC_LDARGS=''
OC_OCARGS='-gnu -shortTags'
OPT_MFLAGS='-DNDEBUG -O2'
PACKAGE_BUGREPORT=''
PACKAGE_NAME=''
PACKAGE_STRING=''
PACKAGE_TARNAME=''
PACKAGE_URL=''
PACKAGE_VERSION=''
PATHSEP='/'
PATHSEPC='/'
PATH_SEPARATOR=':'
PICFLAG='-fpic'
PICOCARGS=''
PLLDARGS=''
POSTLINK='0'
PRINTFSYSTEM=''
RANLIB='ranlib'
RM='rm -f'
RUNXSTR='n'
SET_MAKE=''
SHELL='/bin/sh'
SHORTCMDLINE='0'
SQLCC=''
SQLEXT='ec'
SQLINC=''
SQLLIBS=''
STATICFLAG='-static'
TARGET='powerpc-unknown-morphos'
USELFLAG='1'
WARNING='DO NOT EDIT -- configure objc-3.3.1 powerpc-unknown-morphos'
XOBJC='./objc'
YACC='yacc'
YTABC='y.tab.c'
YTABH='y.tab.h'
ac_ct_CC='gcc'
ac_ct_CXX=''
bindir='${exec_prefix}/bin'
build='powerpc-unknown-morphos'
build_alias=''
build_cpu='powerpc'
build_os='morphos'
build_vendor='unknown'
datadir='${datarootdir}'
datarootdir='${prefix}/share'
docdir='${datarootdir}/doc/${PACKAGE}'
dvidir='${docdir}'
exec_prefix='${prefix}'
host='powerpc-unknown-morphos'
host_alias=''
host_cpu='powerpc'
host_os='morphos'
host_vendor='unknown'
htmldir='${docdir}'
includedir='${prefix}/include'
infodir='${datarootdir}/info'
libdir='${exec_prefix}/lib'
libexecdir='${exec_prefix}/libexec'
localedir='${datarootdir}/locale'
localstatedir='${prefix}/var'
mandir='${datarootdir}/man'
oldincludedir='/usr/include'
pdfdir='${docdir}'
prefix='/usr/local'
program_transform_name='s,x,x,'
psdir='${docdir}'
sbindir='${exec_prefix}/sbin'
sharedstatedir='${prefix}/com'
sysconfdir='${prefix}/etc'
target='powerpc-unknown-morphos'
target_alias=''
target_cpu='powerpc'
target_os='morphos'
target_vendor='unknown'

## ----------- ##
## confdefs.h. ##
## ----------- ##

/* confdefs.h */
#define PACKAGE_NAME ""
#define PACKAGE_TARNAME ""
#define PACKAGE_VERSION ""
#define PACKAGE_STRING ""
#define PACKAGE_BUGREPORT ""
#define PACKAGE_URL ""
#define STDC_HEADERS 1
#define HAVE_SYS_TYPES_H 1
#define HAVE_SYS_STAT_H 1
#define HAVE_STDLIB_H 1
#define HAVE_STRING_H 1
#define HAVE_MEMORY_H 1
#define HAVE_STRINGS_H 1
#define HAVE_INTTYPES_H 1
#define HAVE_STDINT_H 1
#define HAVE_UNISTD_H 1
#define HAVE_STRING_H 1
#define HAVE_STDARG_H 1
#define HAVE_MEMCPY 1
#define HAVE_MEMSET 1
#define HAVE_SNPRINTF 1

configure: exit 0
