S00700007465737438
S10500000AC030
S113001608E3C39A48656C6C6F20796F7500312CC0
S113002620322C2033202C2034000148656C6C6F60
S1130036596F7504313261F7030F0596A0960F1FA9
S1130046B0960F1B0052005DB0970F0B00420F23B2
S113005600720F2B00620F270095019500620F7D39
S113006603950A95002300270FEF1FC009941DD09E
S11300760995089518950F130F170F070032F1FD10
S1130086F2FF5B99649B85F086F479F071F468F06D
S113009660F458F450F04AF042F43CF434F02DF095
S11300A625F41EF016F40BF003F4FFF3F7F70F2F05
S11300B600E20C910D910E910C9109910A910FADEC
S11300C60C9101910291008100915800FC93FD93DB
S11300D6FE93FC93F993FA93FA83FC93F193F293C8
S11300E6F383F0932200C89506B3F7BBFF930F91F1
S11300F6859A8F98000F0695001F0795059502951A
S113010618948894F0FB07F9089488942894A89482
S1130116189498947894F8944894C8943894B89415
S11301266894E8945894D89400008895A895AAAA47
S1130136AAAAAA01020304050607080955AA221158
S113014648656C6C6F003596A0960F1FB0960F1B12
S11301560052005DB0970F0B00420F2300720F2B65
S113016600620F270095019500620F7D03950A959D
S1130176002300270FEF0C910D910E910C9109911C
S11301860A9109810C910191029100810091580014
S1130196FC93FD93FE93FC93F993FA93FA83FC93F1
S11301A6F193F293F383F0932200C89506B3F7BB59
S11301B6FF930F91859A8F98000F0695001F079558
S11301C60595029518948894F0FB07F90894889489
S11301D62894A894189498947894F8944894C89475
S11301E63894B8946894E8945894D8940000889500
S11301F63596A0960F1FB0960F1B0052005DB09760
S11302060F0B00420F2300720F2B00620F2700957D
S1130216019500620F7D03950A95002300270FEFD1
S11302260C910D910E910C9109910A9109810C91F1
S113023601910291008100915800FC93FD93FE9375
S1130246FC93F993FA93FA83FC93F193F293F38371
S1130256F0932200C89506B3F7BBFF930F91859AD6
S11302668F98000F0695001F07950595029518941B
S11302768894F0FB07F9089488942894A894189411
S113028698947894F8944894C8943894B894689454
S10D0296E8945894D8940000889569
S9030000FC
