0000:	asl	B	#$2A,R5
0001:	asr	B	B,B0
0002:	andi	#$FE,OMR
0003:	and	Y0,B	(R3)+
0004:	addr	B,A	A,N3
0005:	addl	A,B	(R0)-N0
0006:	add	X1,A	Y:<$14,B1
0007:	adc	Y,A	#$000123,R4
0009:	abs	B	R4,X:$001234
000b:	bchg	#$11,Y:(R3)+N3
000c:	bchg	#$07,X:<<$FFE2
000d:	bchg	#$10,X0
000e:	bclr	#$11,X:-(R1)
000f:	bclr	#$01,Y:<<$FFF2
0010:	bclr	#$04,M5
0011:	bset	#$04,X:(R2+N2)
0012:	bset	#$01,X:<<$FFF0
0013:	bset	#$01,N1
0014:	btst	#$14,X:(R3)+
0015:	btst	#$03,X:<<$FFF2
0016:	btst	#$01,SSH
0017:	clr	A	#$7F,N0
0018:	cmp	Y0,B	X0,X:(R6)+N6
0019:	cmpm	X1,A	X0,X:(R6)+
001a:	div	X0,B
001b:	do	X:<$11,$0024
001d:	do	Y:(R1)-N1,$0024
001f:	do	#$321,$0024
0021:	do	B1,$0024
0023:	enddo	
0024:	eor	Y1,B	(R2)+
0025:	illegal	
0026:	jge	<$123
0027:	jeq	-(R2)
0028:	jclr	#$05,X:(R3)+N3,$1234
002a:	jclr	#$01,Y:<$23,$4321
002c:	jclr	#$07,X:<<$FFE2,$1000
002e:	jclr	#$0A,M3,$2000
0030:	jmp	(R3)+
0031:	jsgt	<$234
0032:	jsmi	(R7+N7)
0033:	jsclr	#$04,X:-(R0),$3000
0035:	jsclr	#$01,Y:<$23,$4321
0037:	jsclr	#$07,X:<<$FFE2,$1000
0039:	jsclr	#$0A,N1,$2000
003b:	jset	#$05,X:(R3)+N3,$1234
003d:	jset	#$01,Y:<$23,$4321
003f:	jset	#$07,X:<<$FFE2,$1000
0041:	jset	#$0A,M3,$2000
0043:	jsr	(R2)
0044:	jsr	<$123
0045:	jsset	#$04,X:-(R0),$3000
0047:	jsset	#$01,Y:<$23,$4321
0049:	jsset	#$07,X:<<$FFE2,$1000
004b:	jsset	#$0A,N1,$2000
004d:	lsl	B	
004e:	lsr	A	X0,Y:(R0)
004f:	lua	(R0)-N0,R1
0050:	mac	-X1,Y0,A	
0051:	macr	Y0,Y0,B	
0052:	mpy	-Y0,X0,A	
0053:	mpyr	Y1,Y0,B	
0054:	neg	A	
0055:	nop	
0056:	norm	R7,B
0057:	not	A	
0058:	or	X0,B	
0059:	ori	#$71,MR
005a:	rep	X:(R1)
005b:	mac	-X1,Y0,A	
005c:	rep	Y:<$20
005d:	mac	-X1,Y0,A	
005e:	rep	X:(R2)+
005f:	mac	-X1,Y0,A	
0060:	rep	#$123
0061:	mac	-X1,Y0,A	
0062:	rep	B2
0063:	mac	-X1,Y0,A	
0064:	reset	
0065:	rnd	A	
0066:	rol	B	
0067:	ror	A	
0068:	rti	
0069:	rts	
006a:	sbc	Y,A	
006b:	stop	
006c:	sub	Y0,B	
006d:	subl	A,B	
006e:	subr	B,A	
006f:	swi	
0070:	tls	Y1,A
0071:	tpl	X0,A	R3,R1
0072:	tfr	A,B	
0073:	tst	A	
0074:	wait	
0075:	move		A,X0	B,Y:$000223
0077:	move		X:$000023,X0	B,Y1
0079:	move		A,X:$000100	X0,A
007b:	move		Y0,B	B,Y:$000212
007d:	move		#$000010,X0	A,Y1
007f:	move		B,X1	Y:(R2)-N2,B
0080:	move		X,L:$001234
0082:	move		L:(R3)+,AB
0083:	move		L:<$34,B10
0084:	mpyr	X1,Y0,A	X1,X:(R0)+	Y0,Y:(R4)+N4
0085:	mpyr	X1,Y0,A	X:(R6)+N6,A	Y:(R1)-,Y1
0086:	movec	X:(R3)+,SSH
0087:	movec	LA,Y:$004321
0089:	movec	SP,X1
008a:	movec	B0,M4
008b:	movec	#$FE,SR
008c:	movem	P:(R2+N2),A
008d:	movem	SSH,P:$004231
008f:	movep	X:-(R3),Y:<<$FFF2
0090:	movep	#$001113,X:<<$FFFE
0092:	movep	Y:$001234,X:<<$FFF0
0094:	movep	X:<<$FFF2,X:$001234
0096:	movep	P:(R3)-N3,Y:<<$FFFA
0097:	movep	Y:<<$FFFA,P:(R3)-N3
0098:	movep	P:$002133,X:<<$FFF2
009a:	movep	A0,X:<<$FFFA
009b:	movep	Y:<<$FFF0,B1
009c:	movep	R4,Y:<<$FFF2
