This file contains any messages produced by compilers while
running configure, to aid debugging if configure makes a mistake.

configure:563: checking for a BSD compatible install
configure:616: checking whether build environment is sane
configure:673: checking whether make sets ${MAKE}
configure:719: checking for working aclocal
configure:732: checking for working autoconf
configure:745: checking for working automake
configure:758: checking for working autoheader
configure:771: checking for working makeinfo
configure:794: checking for gcc
configure:907: checking whether the C compiler (gcc  ) works
configure:923: gcc -o conftest    conftest.c  1>&5
configure:949: checking whether the C compiler (gcc  ) is a cross-compiler
configure:954: checking whether we are using GNU C
configure:982: checking whether gcc accepts -g
configure:1039: checking for working const
configure:1114: checking how to run the C preprocessor
configure:1194: checking for ANSI C header files
configure:1298: checking for size_t
configure:1336: checking for c++
configure:1368: checking whether the C++ compiler (c++  ) works
configure:1384: c++ -o conftest    conftest.C  1>&5
configure:1410: checking whether the C++ compiler (c++  ) is a cross-compiler
configure:1415: checking whether we are using GNU C++
configure:1443: checking whether c++ accepts -g
configure:1507: checking for Cygwin environment
configure:1540: checking for mingw32 environment
configure:1571: checking for executable suffix
configure:1607: checking for gawk
configure:1638: checking for the txtc compiler
configure:1657: checking for bison
configure:1696: checking for flex
configure:1729: checking for flex
configure:1763: checking for yywrap in -lfl
configure:1805: checking lex output file root
configure:1826: checking whether yytext is a pointer
configure:1868: checking for main in -lfl
configure:1883: gcc -o conftest -g -O2   conftest.c -lfl   1>&5
configure:1914: checking for yywrap
configure:1942: gcc -o conftest -g -O2   conftest.c -lfl  1>&5
configure:1970: checking for ANSI C header files
configure:2077: checking for malloc.h
configure:2077: checking for strings.h
configure:2077: checking for unistd.h
configure:2115: checking for working const
configure:2193: checking for strdup
configure:2251: checking for getopt_long
configure:2310: checking for tar
configure:2351: checking for cpp2html
