Machine: m68k
Release: unknown
System: AmigaOS
checking for a usable C compiler...checking for compiler warnings.../bin/cc   -Wall -Werror -o ./conftest conftest.c 
yes
checking for IEEE754 floating point.../bin/cc  -Wall -Werror  -o ./conftest conftest.c 
yes
checking __bounded__ attribute.../bin/cc  -Wall -Werror  -o ./conftest conftest.c 
cc1: warnings being treated as errors
conftest.c:1: warning: `__bounded__' attribute directive ignored
no
checking __format__ attribute.../bin/cc  -Wall -Werror  -o ./conftest conftest.c 
cc1: warnings being treated as errors
conftest.c:6: warning: `__nonnull__' attribute directive ignored
no
checking __nonnull__ attribute.../bin/cc  -Wall -Werror -Wall -Werror -o ./conftest conftest.c
cc1: warnings being treated as errors
conftest.c:1: warning: `__nonnull__' attribute directive ignored
-> failed (0)
no
checking __aligned__ attribute.../bin/cc  -Wall -Werror -Wall -Werror -o ./conftest conftest.c
yes
checking __packed__ attribute.../bin/cc  -Wall -Werror -Wall -Werror -o ./conftest conftest.c
yes
checking for long double.../bin/cc  -Wall -Werror -o ./conftest conftest.c
yes
checking for long long.../bin/cc  -Wall -Werror -o ./conftest conftest.c
yes
checking for cygwin environment.../bin/cc  -Wall -Werror -mcygwin -o ./conftest conftest.c
conftest.c:3: windows.h: No such file or directory
-> failed (0)
no
checking for Agar (http://libagar.org/)...yes
checking whether Agar works.../bin/cc  -Wall -Werror -I/usr/include/agar -Iusr/include -Iusr/include/SDL -Iusr/include/freetype -Iusr/include/freetype  -I/usr/include    -o ./conftest conftest.c -L/usr/lib -lag_gui -lag_core -Lusr/lib -lSDL -ldebug -Lusr/lib -lfreetype -lz -lm -L/usr/lib -ljpeg -lpthread  
yes
Don't forget to run "make depend".
