This file contains any messages produced by compilers while
running configure, to aid debugging if configure makes a mistake.

configure:563: checking host system type
configure:615: checking for a BSD compatible install
configure:672: checking whether build environment is sane
configure:729: checking whether make sets ${MAKE}
configure:776: checking for working aclocal
configure:789: checking for working autoconf
configure:802: checking for working automake
configure:815: checking for working autoheader
configure:828: checking for working makeinfo
configure:845: checking for gnutar
configure:845: checking for gtar
configure:845: checking for tar
configure:895: checking for perl5.003 or newer
configure:930: checking for gcc
configure:1043: checking whether the C compiler (gcc   ) works
configure:1059: gcc -o conftest    conftest.c  1>&5
configure:1085: checking whether the C compiler (gcc   ) is a cross-compiler
configure:1090: checking whether we are using GNU C
configure:1099: gcc -E conftest.c
configure:1118: checking whether gcc accepts -g
configure:1150: checking how to run the C preprocessor
configure:1171: gcc -E  conftest.c >/dev/null 2>conftest.out
configure:1231: checking whether gcc needs -traditional
configure:1256: termio.h: No such file or directory
configure:1279: checking for ranlib
configure:1311: checking for bison
configure:1342: checking for AIX
configure:1367: checking for minix/config.h
configure:1377: gcc -E  conftest.c >/dev/null 2>conftest.out
configure:1373: minix/config.h: No such file or directory
configure: failed program was:
#line 1372 "configure"
#include "confdefs.h"
#include <minix/config.h>
configure:1417: checking build system type
configure:1472: checking for getconf
configure:1502: checking for CFLAGS value to request large file support
configure:1540: checking for LDFLAGS value to request large file support
configure:1552: checking for LIBS value to request large file support
configure:1607: checking for _FILE_OFFSET_BITS
configure:1632: checking for _LARGEFILE_SOURCE
configure:1661: checking for _LARGE_FILES
configure:1696: checking for gcc option to accept ANSI C
configure:1750: gcc  -c -g -O2  conftest.c 1>&5
configure:1776: checking for function prototypes
configure:1938: checking for uname
configure:1967: gcc -o conftest -g -O2   conftest.c  1>&5
configure:1994: checking for chroot
configure:2023: gcc -o conftest -g -O2   conftest.c  1>&5
configure:2050: checking for gethostid
configure:2079: gcc -o conftest -g -O2   conftest.c  1>&5
configure:2104: checking for working const
configure:2158: gcc -c -g -O2  conftest.c 1>&5
configure:2179: checking for ANSI C header files
configure:2192: gcc -E  conftest.c >/dev/null 2>conftest.out
configure:2259: gcc -o conftest -g -O2   conftest.c  1>&5
configure:2283: checking whether byte ordering is bigendian
configure:2301: gcc -c -g -O2  conftest.c 1>&5
configure:2316: gcc -c -g -O2  conftest.c 1>&5
configure:2374: checking whether struct tm is in sys/time.h or time.h
configure:2387: gcc -c -g -O2  conftest.c 1>&5
configure:2408: checking whether time.h and sys/time.h may both be included
configure:2422: gcc -c -g -O2  conftest.c 1>&5
configure:2443: checking for member tm_zone in aggregate type struct tm
configure:2456: gcc -c -g -O2  conftest.c 1>&5
configure:2514: checking whether stat file-mode macros are broken
configure:2572: checking for inttypes.h
configure:2585: gcc -c -g -O2  conftest.c 1>&5
configure:2579: inttypes.h: No such file or directory
configure: failed program was:
#line 2577 "configure"
#include "confdefs.h"
#include <sys/types.h>
#include <inttypes.h>
int main() {
uintmax_t i = (uintmax_t) -1;
; return 0; }
configure:2607: checking for unsigned long long
configure:2620: gcc -o conftest -g -O2   conftest.c  1>&5
configure:2641: checking for uid_t in sys/types.h
configure:2689: checking type of array argument to getgroups
configure:2722: gcc -o conftest -g -O2   conftest.c  1>&5
configure: failed program was:
#line 2697 "configure"
#include "confdefs.h"

/* Thanks to Mike Rendell for this test.  */
#include <sys/types.h>
#define NGID 256
#undef MAX
#define MAX(x, y) ((x) > (y) ? (x) : (y))
main()
{
  gid_t gidset[NGID];
  int i, n;
  union { gid_t gval; long lval; }  val;

  val.lval = -1;
  for (i = 0; i < NGID; i++)
    gidset[i] = val.gval;
  n = getgroups (sizeof (gidset) / MAX (sizeof (int), sizeof (gid_t)) - 1,
                 gidset);
  /* Exit non-zero if getgroups seems to require an array of ints.  This
     happens when gid_t is short but getgroups modifies an array of ints.  */
  exit ((n > 0 && gidset[n] != val.gval) ? 1 : 0);
}

configure:2763: checking for unistd.h
configure:2773: gcc -E  conftest.c >/dev/null 2>conftest.out
configure:2800: checking for mode_t
configure:2839: checking for unistd.h
configure:2876: checking for off_t
configure:2915: checking for unistd.h
configure:2952: checking for pid_t
configure:2988: checking return type of signal handlers
configure:3010: gcc -c -g -O2  conftest.c 1>&5
configure:3032: checking for unistd.h
configure:3069: checking for size_t
configure:3105: checking for uid_t in sys/types.h
configure:3142: checking for unistd.h
configure:3179: checking for ino_t
configure:3218: checking for unistd.h
configure:3255: checking for ssize_t
configure:3297: checking for library containing gethostbyname
configure:3316: gcc -o conftest -g -O2   conftest.c  1>&5
configure:3373: checking for dirent.h that defines DIR
configure:3386: gcc -c -g -O2  conftest.c 1>&5
configure:3411: checking for opendir in -ldir
configure:3430: gcc -o conftest -g -O2   conftest.c -ldir   1>&5
/bin/ld: cannot open -ldir: No such file or directory
collect2: ld returned 1 exit status
configure: failed program was:
#line 3419 "configure"
#include "confdefs.h"
/* Override any gcc2 internal prototype to avoid an error.  */
/* We use char because int might match the return type of a gcc2
    builtin and then its argument prototype would still apply.  */
char opendir();

int main() {
opendir()
; return 0; }
configure:3497: checking for sys/time.h
configure:3507: gcc -E  conftest.c >/dev/null 2>conftest.out
configure:3497: checking for unistd.h
configure:3536: checking for alarm
configure:3565: gcc -o conftest -g -O2   conftest.c  1>&5
configure:3590: checking for working mktime
configure:3748: gcc -o conftest -g -O2   conftest.c  1>&5
configure: failed program was:
#line 3598 "configure"
#include "confdefs.h"
/* Test program from Paul Eggert (eggert@twinsun.com)
   and Tony Leneis (tony@plaza.ds.adp.com).  */
#if TIME_WITH_SYS_TIME
# include <sys/time.h>
# include <time.h>
#else
# if HAVE_SYS_TIME_H
#  include <sys/time.h>
# else
#  include <time.h>
# endif
#endif

#if HAVE_UNISTD_H
# include <unistd.h>
#endif

#if !HAVE_ALARM
# define alarm(X) /* empty */
#endif

/* Work around redefinition to rpl_putenv by other config tests.  */
#undef putenv

static time_t time_t_max;

/* Values we'll use to set the TZ environment variable.  */
static const char *const tz_strings[] = {
  (const char *) 0, "TZ=GMT0", "TZ=JST-9",
  "TZ=EST+3EDT+2,M10.1.0/00:00:00,M2.3.0/00:00:00"
};
#define N_STRINGS (sizeof (tz_strings) / sizeof (tz_strings[0]))

/* Fail if mktime fails to convert a date in the spring-forward gap.
   Based on a problem report from Andreas Jaeger.  */
static void
spring_forward_gap ()
{
  /* glibc (up to about 1998-10-07) failed this test) */
  struct tm tm;

  /* Use the portable POSIX.1 specification "TZ=PST8PDT,M4.1.0,M10.5.0"
     instead of "TZ=America/Vancouver" in order to detect the bug even
     on systems that don't support the Olson extension, or don't have the
     full zoneinfo tables installed.  */
  putenv ("TZ=PST8PDT,M4.1.0,M10.5.0");

  tm.tm_year = 98;
  tm.tm_mon = 3;
  tm.tm_mday = 5;
  tm.tm_hour = 2;
  tm.tm_min = 0;
  tm.tm_sec = 0;
  tm.tm_isdst = -1;
  if (mktime (&tm) == (time_t)-1)
    exit (1);
}

static void
mktime_test (now)
     time_t now;
{
  struct tm *lt;
  if ((lt = localtime (&now)) && mktime (lt) != now)
    exit (1);
  now = time_t_max - now;
  if ((lt = localtime (&now)) && mktime (lt) != now)
    exit (1);
}

static void
irix_6_4_bug ()
{
  /* Based on code from Ariel Faigon.  */
  struct tm tm;
  tm.tm_year = 96;
  tm.tm_mon = 3;
  tm.tm_mday = 0;
  tm.tm_hour = 0;
  tm.tm_min = 0;
  tm.tm_sec = 0;
  tm.tm_isdst = -1;
  mktime (&tm);
  if (tm.tm_mon != 2 || tm.tm_mday != 31)
    exit (1);
}

static void
bigtime_test (j)
     int j;
{
  struct tm tm;
  time_t now;
  tm.tm_year = tm.tm_mon = tm.tm_mday = tm.tm_hour = tm.tm_min = tm.tm_sec = j;
  now = mktime (&tm);
  if (now != (time_t) -1)
    {
      struct tm *lt = localtime (&now);
      if (! (lt
	     && lt->tm_year == tm.tm_year
	     && lt->tm_mon == tm.tm_mon
	     && lt->tm_mday == tm.tm_mday
	     && lt->tm_hour == tm.tm_hour
	     && lt->tm_min == tm.tm_min
	     && lt->tm_sec == tm.tm_sec
	     && lt->tm_yday == tm.tm_yday
	     && lt->tm_wday == tm.tm_wday
	     && ((lt->tm_isdst < 0 ? -1 : 0 < lt->tm_isdst)
		  == (tm.tm_isdst < 0 ? -1 : 0 < tm.tm_isdst))))
	exit (1);
    }
}

int
main ()
{
  time_t t, delta;
  int i, j;

  /* This test makes some buggy mktime implementations loop.
     Give up after 60 seconds; a mktime slower than that
     isn't worth using anyway.  */
  alarm (60);

  for (time_t_max = 1; 0 < time_t_max; time_t_max *= 2)
    continue;
  time_t_max--;
  delta = time_t_max / 997; /* a suitable prime number */
  for (i = 0; i < N_STRINGS; i++)
    {
      if (tz_strings[i])
	putenv (tz_strings[i]);

      for (t = 0; t <= time_t_max - delta; t += delta)
	mktime_test (t);
      mktime_test ((time_t) 60 * 60);
      mktime_test ((time_t) 60 * 60 * 24);

      for (j = 1; 0 < j; j *= 2)
        bigtime_test (j);
      bigtime_test (j - 1);
    }
  irix_6_4_bug ();
  spring_forward_gap ();
  exit (0);
}

configure:3768: checking for working memcmp
configure:3807: gcc -o conftest -g -O2   conftest.c  1>&5
configure:3827: checking whether we are using the GNU C Library
configure:3857: checking for version 2 of the GNU C Library
configure:3890: checking for strerror in -lcposix
configure:3909: gcc -o conftest -g -O2   conftest.c -lcposix   1>&5
/bin/ld: cannot open -lcposix: No such file or directory
collect2: ld returned 1 exit status
configure: failed program was:
#line 3898 "configure"
#include "confdefs.h"
/* Override any gcc2 internal prototype to avoid an error.  */
/* We use char because int might match the return type of a gcc2
    builtin and then its argument prototype would still apply.  */
char strerror();

int main() {
strerror()
; return 0; }
configure:3933: checking whether to enable assertions
configure:3953: checking for utime.h
configure:3963: gcc -E  conftest.c >/dev/null 2>conftest.out
configure:3991: checking for struct utimbuf
configure:4017: gcc -c -g -O2  conftest.c 1>&5
configure:4040: checking for d_type member in directory struct
configure:4068: gcc -o conftest -g -O2   conftest.c  1>&5
configure:4092: checking for d_ino member in directory struct
configure:4120: gcc -o conftest -g -O2   conftest.c  1>&5
configure:4204: checking for memory.h
configure:4214: gcc -E  conftest.c >/dev/null 2>conftest.out
configure:4244: checking for string.h
configure:4254: gcc -E  conftest.c >/dev/null 2>conftest.out
configure:4284: checking for strings.h
configure:4294: gcc -E  conftest.c >/dev/null 2>conftest.out
configure:4324: checking for stdlib.h
configure:4334: gcc -E  conftest.c >/dev/null 2>conftest.out
configure:4401: checking whether free is declared
configure:4417: gcc -c -g -O2  conftest.c 1>&5
configure:4401: checking whether lseek is declared
configure:4417: gcc -c -g -O2  conftest.c 1>&5
configure:4401: checking whether malloc is declared
configure:4417: gcc -c -g -O2  conftest.c 1>&5
configure:4401: checking whether memchr is declared
configure:4417: gcc -c -g -O2  conftest.c 1>&5
configure:4401: checking whether realloc is declared
configure:4417: gcc -c -g -O2  conftest.c 1>&5
configure:4401: checking whether stpcpy is declared
configure:4417: gcc -c -g -O2  conftest.c 1>&5
configure: In function `main':
configure:4432: `stpcpy' undeclared (first use in this function)
configure:4432: (Each undeclared identifier is reported only once
configure:4432: for each function it appears in.)
configure: failed program was:
#line 4406 "configure"
#include "confdefs.h"

#include <stdio.h>
#ifdef HAVE_STRING_H
# if !STDC_HEADERS && HAVE_MEMORY_H
#  include <memory.h>
# endif
# include <string.h>
#else
# ifdef HAVE_STRINGS_H
#  include <strings.h>
# endif
#endif
#ifdef HAVE_STDLIB_H
# include <stdlib.h>
#endif
#ifdef HAVE_UNISTD_H
# include <unistd.h>
#endif

int main() {

#ifndef stpcpy
char *(*pfn) = (char *(*)) stpcpy
#endif
      
; return 0; }
configure:4401: checking whether strstr is declared
configure:4417: gcc -c -g -O2  conftest.c 1>&5
configure:4449: checking for strerror
configure:4478: gcc -o conftest -g -O2   conftest.c  1>&5
configure:4449: checking for strerror_r
configure:4478: gcc -o conftest -g -O2   conftest.c  1>&5
/t/ccjFXy7C.o: In function `main':
/src/src/sh-utils-2.0/configure:4472: undefined reference to `strerror_r'
collect2: ld returned 1 exit status
configure: failed program was:
#line 4454 "configure"
#include "confdefs.h"
/* System header to define __stub macros and hopefully few prototypes,
    which can conflict with char strerror_r(); below.  */
#include <assert.h>
/* Override any gcc2 internal prototype to avoid an error.  */
/* We use char because int might match the return type of a gcc2
    builtin and then its argument prototype would still apply.  */
char strerror_r();
char (*f)();

int main() {

/* The GNU C library defines this for functions which it implements
    to always fail with ENOSYS.  Some functions are actually named
    something starting with __ and the normal name is an alias.  */
#if defined (__stub_strerror_r) || defined (__stub___strerror_r)
choke me
#else
f = strerror_r;
#endif

; return 0; }
configure:4449: checking for vprintf
configure:4478: gcc -o conftest -g -O2   conftest.c  1>&5
configure:4449: checking for doprnt
configure:4478: gcc -o conftest -g -O2   conftest.c  1>&5
/t/cc3SmwZh.o: In function `main':
/src/src/sh-utils-2.0/configure:4472: undefined reference to `doprnt'
collect2: ld returned 1 exit status
configure: failed program was:
#line 4454 "configure"
#include "confdefs.h"
/* System header to define __stub macros and hopefully few prototypes,
    which can conflict with char doprnt(); below.  */
#include <assert.h>
/* Override any gcc2 internal prototype to avoid an error.  */
/* We use char because int might match the return type of a gcc2
    builtin and then its argument prototype would still apply.  */
char doprnt();
char (*f)();

int main() {

/* The GNU C library defines this for functions which it implements
    to always fail with ENOSYS.  Some functions are actually named
    something starting with __ and the normal name is an alias.  */
#if defined (__stub_doprnt) || defined (__stub___doprnt)
choke me
#else
f = doprnt;
#endif

; return 0; }
configure:4503: checking for ANSI C header files
configure:4611: checking for bzero
configure:4640: gcc -o conftest -g -O2   conftest.c  1>&5
configure:4611: checking for bcopy
configure:4640: gcc -o conftest -g -O2   conftest.c  1>&5
configure:4611: checking for isascii
configure:4640: gcc -o conftest -g -O2   conftest.c  1>&5
configure:4611: checking for btowc
configure:4640: gcc -o conftest -g -O2   conftest.c  1>&5
/t/ccHMcC8B.o: In function `main':
/src/src/sh-utils-2.0/configure:4634: undefined reference to `btowc'
collect2: ld returned 1 exit status
configure: failed program was:
#line 4616 "configure"
#include "confdefs.h"
/* System header to define __stub macros and hopefully few prototypes,
    which can conflict with char btowc(); below.  */
#include <assert.h>
/* Override any gcc2 internal prototype to avoid an error.  */
/* We use char because int might match the return type of a gcc2
    builtin and then its argument prototype would still apply.  */
char btowc();
char (*f)();

int main() {

/* The GNU C library defines this for functions which it implements
    to always fail with ENOSYS.  Some functions are actually named
    something starting with __ and the normal name is an alias.  */
#if defined (__stub_btowc) || defined (__stub___btowc)
choke me
#else
f = btowc;
#endif

; return 0; }
configure:4668: checking for alloca.h
configure:4678: gcc -E  conftest.c >/dev/null 2>conftest.out
configure:4674: alloca.h: No such file or directory
configure: failed program was:
#line 4673 "configure"
#include "confdefs.h"
#include <alloca.h>
configure:4668: checking for libintl.h
configure:4678: gcc -E  conftest.c >/dev/null 2>conftest.out
configure:4674: libintl.h: No such file or directory
configure: failed program was:
#line 4673 "configure"
#include "confdefs.h"
#include <libintl.h>
configure:4668: checking for wctype.h
configure:4678: gcc -E  conftest.c >/dev/null 2>conftest.out
configure:4674: wctype.h: No such file or directory
configure: failed program was:
#line 4673 "configure"
#include "confdefs.h"
#include <wctype.h>
configure:4668: checking for wchar.h
configure:4678: gcc -E  conftest.c >/dev/null 2>conftest.out
configure:4674: wchar.h: No such file or directory
configure: failed program was:
#line 4673 "configure"
#include "confdefs.h"
#include <wchar.h>
configure:4705: checking for ANSI C header files
configure:4811: checking for working alloca.h
configure:4844: checking for alloca
configure:4877: gcc -o conftest -g -O2   conftest.c  1>&5
configure:5050: checking for lchown
configure:5079: gcc -o conftest -g -O2   conftest.c  1>&5
/t/ccQUlVvU.o: In function `main':
/src/src/sh-utils-2.0/configure:5073: undefined reference to `lchown'
collect2: ld returned 1 exit status
configure: failed program was:
#line 5055 "configure"
#include "confdefs.h"
/* System header to define __stub macros and hopefully few prototypes,
    which can conflict with char lchown(); below.  */
#include <assert.h>
/* Override any gcc2 internal prototype to avoid an error.  */
/* We use char because int might match the return type of a gcc2
    builtin and then its argument prototype would still apply.  */
char lchown();
char (*f)();

int main() {

/* The GNU C library defines this for functions which it implements
    to always fail with ENOSYS.  Some functions are actually named
    something starting with __ and the normal name is an alias.  */
#if defined (__stub_lchown) || defined (__stub___lchown)
choke me
#else
f = lchown;
#endif

; return 0; }
configure:5148: checking for working chown
configure:5185: gcc -o conftest -g -O2   conftest.c  1>&5
configure:5214: checking for localtime_r
configure:5243: gcc -o conftest -g -O2   conftest.c  1>&5
/t/ccZHV5FS.o: In function `main':
/src/src/sh-utils-2.0/configure:5237: undefined reference to `localtime_r'
collect2: ld returned 1 exit status
configure: failed program was:
#line 5219 "configure"
#include "confdefs.h"
/* System header to define __stub macros and hopefully few prototypes,
    which can conflict with char localtime_r(); below.  */
#include <assert.h>
/* Override any gcc2 internal prototype to avoid an error.  */
/* We use char because int might match the return type of a gcc2
    builtin and then its argument prototype would still apply.  */
char localtime_r();
char (*f)();

int main() {

/* The GNU C library defines this for functions which it implements
    to always fail with ENOSYS.  Some functions are actually named
    something starting with __ and the normal name is an alias.  */
#if defined (__stub_localtime_r) || defined (__stub___localtime_r)
choke me
#else
f = localtime_r;
#endif

; return 0; }
configure:5277: checking whether lstat accepts an empty string
configure:5299: gcc -o conftest -g -O2   conftest.c  1>&5
configure:5326: checking whether stat accepts an empty string
configure:5348: gcc -o conftest -g -O2   conftest.c  1>&5
configure:5380: checking for working realloc
configure:5399: gcc -o conftest -g -O2   conftest.c  1>&5
configure:5431: checking for working malloc
configure:5450: gcc -o conftest -g -O2   conftest.c  1>&5
configure:5480: checking for string.h
configure:5517: checking for working readdir
configure:5629: gcc -o conftest -g -O2   conftest.c  1>&5
configure:5873: checking whether clearerr_unlocked is declared
configure:5890: gcc -c -g -O2  conftest.c 1>&5
configure: In function `main':
configure:5887: `clearerr_unlocked' undeclared (first use in this function)
configure:5887: (Each undeclared identifier is reported only once
configure:5887: for each function it appears in.)
configure: failed program was:
#line 5878 "configure"
#include "confdefs.h"
#include <stdio.h>
			    
int main() {

#ifndef clearerr_unlocked
char *(*pfn) = (char *(*)) clearerr_unlocked
#endif
      
; return 0; }
configure:5873: checking whether feof_unlocked is declared
configure:5890: gcc -c -g -O2  conftest.c 1>&5
configure: In function `main':
configure:5887: `feof_unlocked' undeclared (first use in this function)
configure:5887: (Each undeclared identifier is reported only once
configure:5887: for each function it appears in.)
configure: failed program was:
#line 5878 "configure"
#include "confdefs.h"
#include <stdio.h>
			    
int main() {

#ifndef feof_unlocked
char *(*pfn) = (char *(*)) feof_unlocked
#endif
      
; return 0; }
configure:5873: checking whether ferror_unlocked is declared
configure:5890: gcc -c -g -O2  conftest.c 1>&5
configure: In function `main':
configure:5887: `ferror_unlocked' undeclared (first use in this function)
configure:5887: (Each undeclared identifier is reported only once
configure:5887: for each function it appears in.)
configure: failed program was:
#line 5878 "configure"
#include "confdefs.h"
#include <stdio.h>
			    
int main() {

#ifndef ferror_unlocked
char *(*pfn) = (char *(*)) ferror_unlocked
#endif
      
; return 0; }
configure:5873: checking whether fflush_unlocked is declared
configure:5890: gcc -c -g -O2  conftest.c 1>&5
configure: In function `main':
configure:5887: `fflush_unlocked' undeclared (first use in this function)
configure:5887: (Each undeclared identifier is reported only once
configure:5887: for each function it appears in.)
configure: failed program was:
#line 5878 "configure"
#include "confdefs.h"
#include <stdio.h>
			    
int main() {

#ifndef fflush_unlocked
char *(*pfn) = (char *(*)) fflush_unlocked
#endif
      
; return 0; }
configure:5873: checking whether fputc_unlocked is declared
configure:5890: gcc -c -g -O2  conftest.c 1>&5
configure: In function `main':
configure:5887: `fputc_unlocked' undeclared (first use in this function)
configure:5887: (Each undeclared identifier is reported only once
configure:5887: for each function it appears in.)
configure: failed program was:
#line 5878 "configure"
#include "confdefs.h"
#include <stdio.h>
			    
int main() {

#ifndef fputc_unlocked
char *(*pfn) = (char *(*)) fputc_unlocked
#endif
      
; return 0; }
configure:5873: checking whether fread_unlocked is declared
configure:5890: gcc -c -g -O2  conftest.c 1>&5
configure: In function `main':
configure:5887: `fread_unlocked' undeclared (first use in this function)
configure:5887: (Each undeclared identifier is reported only once
configure:5887: for each function it appears in.)
configure: failed program was:
#line 5878 "configure"
#include "confdefs.h"
#include <stdio.h>
			    
int main() {

#ifndef fread_unlocked
char *(*pfn) = (char *(*)) fread_unlocked
#endif
      
; return 0; }
configure:5873: checking whether fwrite_unlocked is declared
configure:5890: gcc -c -g -O2  conftest.c 1>&5
configure: In function `main':
configure:5887: `fwrite_unlocked' undeclared (first use in this function)
configure:5887: (Each undeclared identifier is reported only once
configure:5887: for each function it appears in.)
configure: failed program was:
#line 5878 "configure"
#include "confdefs.h"
#include <stdio.h>
			    
int main() {

#ifndef fwrite_unlocked
char *(*pfn) = (char *(*)) fwrite_unlocked
#endif
      
; return 0; }
configure:5873: checking whether getc_unlocked is declared
configure:5890: gcc -c -g -O2  conftest.c 1>&5
configure: In function `main':
configure:5887: `getc_unlocked' undeclared (first use in this function)
configure:5887: (Each undeclared identifier is reported only once
configure:5887: for each function it appears in.)
configure: failed program was:
#line 5878 "configure"
#include "confdefs.h"
#include <stdio.h>
			    
int main() {

#ifndef getc_unlocked
char *(*pfn) = (char *(*)) getc_unlocked
#endif
      
; return 0; }
configure:5873: checking whether getchar_unlocked is declared
configure:5890: gcc -c -g -O2  conftest.c 1>&5
configure: In function `main':
configure:5887: `getchar_unlocked' undeclared (first use in this function)
configure:5887: (Each undeclared identifier is reported only once
configure:5887: for each function it appears in.)
configure: failed program was:
#line 5878 "configure"
#include "confdefs.h"
#include <stdio.h>
			    
int main() {

#ifndef getchar_unlocked
char *(*pfn) = (char *(*)) getchar_unlocked
#endif
      
; return 0; }
configure:5873: checking whether putc_unlocked is declared
configure:5890: gcc -c -g -O2  conftest.c 1>&5
configure: In function `main':
configure:5887: `putc_unlocked' undeclared (first use in this function)
configure:5887: (Each undeclared identifier is reported only once
configure:5887: for each function it appears in.)
configure: failed program was:
#line 5878 "configure"
#include "confdefs.h"
#include <stdio.h>
			    
int main() {

#ifndef putc_unlocked
char *(*pfn) = (char *(*)) putc_unlocked
#endif
      
; return 0; }
configure:5873: checking whether putchar_unlocked is declared
configure:5890: gcc -c -g -O2  conftest.c 1>&5
configure: In function `main':
configure:5887: `putchar_unlocked' undeclared (first use in this function)
configure:5887: (Each undeclared identifier is reported only once
configure:5887: for each function it appears in.)
configure: failed program was:
#line 5878 "configure"
#include "confdefs.h"
#include <stdio.h>
			    
int main() {

#ifndef putchar_unlocked
char *(*pfn) = (char *(*)) putchar_unlocked
#endif
      
; return 0; }
configure:5981: checking for working fnmatch
configure:5996: gcc -o conftest -g -O2   conftest.c  1>&5
configure:6029: checking for AFS
configure:6043: checking for stdlib.h
configure:6081: checking whether <inttypes.h> defines strtoumax as a macro
configure:6087: inttypes.h: No such file or directory
configure:6111: checking for strtoumax
configure:6140: gcc -o conftest -g -O2   conftest.c  1>&5
/t/ccFFcKel.o: In function `main':
/src/src/sh-utils-2.0/configure:6134: undefined reference to `strtoumax'
collect2: ld returned 1 exit status
configure: failed program was:
#line 6116 "configure"
#include "confdefs.h"
/* System header to define __stub macros and hopefully few prototypes,
    which can conflict with char strtoumax(); below.  */
#include <assert.h>
/* Override any gcc2 internal prototype to avoid an error.  */
/* We use char because int might match the return type of a gcc2
    builtin and then its argument prototype would still apply.  */
char strtoumax();
char (*f)();

int main() {

/* The GNU C library defines this for functions which it implements
    to always fail with ENOSYS.  Some functions are actually named
    something starting with __ and the normal name is an alias.  */
#if defined (__stub_strtoumax) || defined (__stub___strtoumax)
choke me
#else
f = strtoumax;
#endif

; return 0; }
configure:6173: checking for strtoull
configure:6202: gcc -o conftest -g -O2   conftest.c  1>&5
/t/cc7etjBB.o: In function `main':
/src/src/sh-utils-2.0/configure:6196: undefined reference to `strtoull'
collect2: ld returned 1 exit status
configure: failed program was:
#line 6178 "configure"
#include "confdefs.h"
/* System header to define __stub macros and hopefully few prototypes,
    which can conflict with char strtoull(); below.  */
#include <assert.h>
/* Override any gcc2 internal prototype to avoid an error.  */
/* We use char because int might match the return type of a gcc2
    builtin and then its argument prototype would still apply.  */
char strtoull();
char (*f)();

int main() {

/* The GNU C library defines this for functions which it implements
    to always fail with ENOSYS.  Some functions are actually named
    something starting with __ and the normal name is an alias.  */
#if defined (__stub_strtoull) || defined (__stub___strtoull)
choke me
#else
f = strtoull;
#endif

; return 0; }
configure:6253: checking for working re_compile_pattern
configure:6280: gcc -o conftest -g -O2   conftest.c  1>&5
configure: In function `main':
configure:6268: storage size of `regex' isn't known
configure:6270: `RE_SYNTAX_POSIX_EGREP' undeclared (first use in this function)
configure:6270: (Each undeclared identifier is reported only once
configure:6270: for each function it appears in.)
configure:6273: warning: assignment makes pointer from integer without a cast
configure: failed program was:
#line 6261 "configure"
#include "confdefs.h"
	
#include <stdio.h>
#include <regex.h>
	  int
	  main ()
	  {
	    static struct re_pattern_buffer regex;
	    const char *s;
	    re_set_syntax (RE_SYNTAX_POSIX_EGREP);
	    /* Add this third left square bracket, , to balance the
	       three right ones below.  Otherwise autoconf-2.14 chokes.  */
	    s = re_compile_pattern ("a[[:]:]b\n", 9, &regex);
	    /* This should fail with _Invalid character class name_ error.  */
	    exit (s ? 0 : 1);
	  }
	
configure:6345: checking for strcasecmp
configure:6374: gcc -o conftest -g -O2   conftest.c  1>&5
configure:6345: checking for strncasecmp
configure:6374: gcc -o conftest -g -O2   conftest.c  1>&5
configure:6403: checking for dup2
configure:6432: gcc -o conftest -g -O2   conftest.c  1>&5
configure:6461: checking for memchr
configure:6490: gcc -o conftest -g -O2   conftest.c  1>&5
configure:6519: checking for memmove
configure:6548: gcc -o conftest -g -O2   conftest.c  1>&5
configure:6577: checking for getpagesize
configure:6606: gcc -o conftest -g -O2   conftest.c  1>&5
configure:6642: checking whether setvbuf arguments are reversed
configure:6664: gcc -o conftest -g -O2   conftest.c  1>&5
configure: In function `main':
configure:6657: warning: passing arg 2 of `setvbuf' makes pointer from integer without a cast
configure:6657: warning: passing arg 3 of `setvbuf' makes integer from pointer without a cast
configure: failed program was:
#line 6650 "configure"
#include "confdefs.h"
#include <stdio.h>
/* If setvbuf has the reversed format, exit 0. */
main () {
  /* This call has the arguments reversed.
     A reversed system may check and see that the address of main
     is not _IOLBF, _IONBF, or _IOFBF, and return nonzero.  */
  if (setvbuf(stdout, _IOLBF, (char *) main, BUFSIZ) != 0)
    exit(1);
  putc('\r', stdout);
  exit(0);			/* Non-reversed systems segv here.  */
}
configure:6690: checking for getline
configure:6719: gcc -o conftest -g -O2   conftest.c  1>&5
/t/ccKfW5QK.o: In function `main':
/src/src/sh-utils-2.0/configure:6713: undefined reference to `getline'
collect2: ld returned 1 exit status
configure: failed program was:
#line 6695 "configure"
#include "confdefs.h"
/* System header to define __stub macros and hopefully few prototypes,
    which can conflict with char getline(); below.  */
#include <assert.h>
/* Override any gcc2 internal prototype to avoid an error.  */
/* We use char because int might match the return type of a gcc2
    builtin and then its argument prototype would still apply.  */
char getline();
char (*f)();

int main() {

/* The GNU C library defines this for functions which it implements
    to always fail with ENOSYS.  Some functions are actually named
    something starting with __ and the normal name is an alias.  */
#if defined (__stub_getline) || defined (__stub___getline)
choke me
#else
f = getline;
#endif

; return 0; }
configure:6836: checking for getdelim
configure:6865: gcc -o conftest -g -O2   conftest.c  1>&5
/t/cces6rEt.o: In function `main':
/src/src/sh-utils-2.0/configure:6859: undefined reference to `getdelim'
collect2: ld returned 1 exit status
configure: failed program was:
#line 6841 "configure"
#include "confdefs.h"
/* System header to define __stub macros and hopefully few prototypes,
    which can conflict with char getdelim(); below.  */
#include <assert.h>
/* Override any gcc2 internal prototype to avoid an error.  */
/* We use char because int might match the return type of a gcc2
    builtin and then its argument prototype would still apply.  */
char getdelim();
char (*f)();

int main() {

/* The GNU C library defines this for functions which it implements
    to always fail with ENOSYS.  Some functions are actually named
    something starting with __ and the normal name is an alias.  */
#if defined (__stub_getdelim) || defined (__stub___getdelim)
choke me
#else
f = getdelim;
#endif

; return 0; }
configure:6894: checking for strerror in -lcposix
configure:6937: checking for gethostbyname
configure:6966: gcc -o conftest -g -O2   conftest.c  1>&5
configure:6937: checking for gethostbyaddr
configure:6966: gcc -o conftest -g -O2   conftest.c  1>&5
configure:6937: checking for inet_ntoa
configure:6966: gcc -o conftest -g -O2   conftest.c  1>&5
configure:6997: checking for bcopy
configure:6997: checking for endgrent
configure:7026: gcc -o conftest -g -O2   conftest.c  1>&5
configure:6997: checking for endpwent
configure:7026: gcc -o conftest -g -O2   conftest.c  1>&5
configure:6997: checking for ftime
configure:7026: gcc -o conftest -g -O2   conftest.c  1>&5
configure:6997: checking for getcwd
configure:7026: gcc -o conftest -g -O2   conftest.c  1>&5
configure:6997: checking for gettimeofday
configure:7026: gcc -o conftest -g -O2   conftest.c  1>&5
configure:6997: checking for isascii
configure:6997: checking for localeconv
configure:7026: gcc -o conftest -g -O2   conftest.c  1>&5
configure:6997: checking for memcpy
configure:7026: gcc -o conftest -g -O2   conftest.c  1>&5
configure:7009: warning: conflicting types for built-in function `memcpy'
configure:6997: checking for mempcpy
configure:7026: gcc -o conftest -g -O2   conftest.c  1>&5
/t/ccASp6o2.o: In function `main':
/src/src/sh-utils-2.0/configure:7020: undefined reference to `mempcpy'
collect2: ld returned 1 exit status
configure: failed program was:
#line 7002 "configure"
#include "confdefs.h"
/* System header to define __stub macros and hopefully few prototypes,
    which can conflict with char mempcpy(); below.  */
#include <assert.h>
/* Override any gcc2 internal prototype to avoid an error.  */
/* We use char because int might match the return type of a gcc2
    builtin and then its argument prototype would still apply.  */
char mempcpy();
char (*f)();

int main() {

/* The GNU C library defines this for functions which it implements
    to always fail with ENOSYS.  Some functions are actually named
    something starting with __ and the normal name is an alias.  */
#if defined (__stub_mempcpy) || defined (__stub___mempcpy)
choke me
#else
f = mempcpy;
#endif

; return 0; }
configure:6997: checking for sethostname
configure:7026: gcc -o conftest -g -O2   conftest.c  1>&5
configure:6997: checking for strchr
configure:7026: gcc -o conftest -g -O2   conftest.c  1>&5
configure:6997: checking for strrchr
configure:7026: gcc -o conftest -g -O2   conftest.c  1>&5
configure:6997: checking for strerror
configure:6997: checking for sysinfo
configure:7026: gcc -o conftest -g -O2   conftest.c  1>&5
/t/cctPPBqg.o: In function `main':
/src/src/sh-utils-2.0/configure:7020: undefined reference to `sysinfo'
collect2: ld returned 1 exit status
configure: failed program was:
#line 7002 "configure"
#include "confdefs.h"
/* System header to define __stub macros and hopefully few prototypes,
    which can conflict with char sysinfo(); below.  */
#include <assert.h>
/* Override any gcc2 internal prototype to avoid an error.  */
/* We use char because int might match the return type of a gcc2
    builtin and then its argument prototype would still apply.  */
char sysinfo();
char (*f)();

int main() {

/* The GNU C library defines this for functions which it implements
    to always fail with ENOSYS.  Some functions are actually named
    something starting with __ and the normal name is an alias.  */
#if defined (__stub_sysinfo) || defined (__stub___sysinfo)
choke me
#else
f = sysinfo;
#endif

; return 0; }
configure:6997: checking for tzset
configure:7026: gcc -o conftest -g -O2   conftest.c  1>&5
configure:7052: checking whether localtime caches TZ
configure:7095: gcc -o conftest -g -O2   conftest.c  1>&5
configure:7125: checking for initgroups
configure:7154: gcc -o conftest -g -O2   conftest.c  1>&5
configure:7231: checking for syslog
configure:7260: gcc -o conftest -g -O2   conftest.c  1>&5
configure:7341: checking for arpa/inet.h
configure:7351: gcc -E  conftest.c >/dev/null 2>conftest.out
configure:7341: checking for fcntl.h
configure:7351: gcc -E  conftest.c >/dev/null 2>conftest.out
configure:7341: checking for float.h
configure:7351: gcc -E  conftest.c >/dev/null 2>conftest.out
configure:7341: checking for limits.h
configure:7351: gcc -E  conftest.c >/dev/null 2>conftest.out
configure:7341: checking for netdb.h
configure:7351: gcc -E  conftest.c >/dev/null 2>conftest.out
configure:7341: checking for netinet/in.h
configure:7351: gcc -E  conftest.c >/dev/null 2>conftest.out
configure:7341: checking for stdlib.h
configure:7341: checking for string.h
configure:7341: checking for sys/param.h
configure:7351: gcc -E  conftest.c >/dev/null 2>conftest.out
configure:7341: checking for sys/socket.h
configure:7351: gcc -E  conftest.c >/dev/null 2>conftest.out
configure:7341: checking for sys/systeminfo.h
configure:7351: gcc -E  conftest.c >/dev/null 2>conftest.out
configure:7347: sys/systeminfo.h: No such file or directory
configure: failed program was:
#line 7346 "configure"
#include "confdefs.h"
#include <sys/systeminfo.h>
configure:7341: checking for sys/time.h
configure:7341: checking for sys/timeb.h
configure:7351: gcc -E  conftest.c >/dev/null 2>conftest.out
configure:7341: checking for syslog.h
configure:7351: gcc -E  conftest.c >/dev/null 2>conftest.out
configure:7341: checking for unistd.h
configure:7341: checking for paths.h
configure:7351: gcc -E  conftest.c >/dev/null 2>conftest.out
configure:7341: checking for termios.h
configure:7351: gcc -E  conftest.c >/dev/null 2>conftest.out
configure:7381: checking for gethostname
configure:7410: gcc -o conftest -g -O2   conftest.c  1>&5
configure:7381: checking for getusershell
configure:7410: gcc -o conftest -g -O2   conftest.c  1>&5
configure:7381: checking for memcpy
configure:7381: checking for memset
configure:7410: gcc -o conftest -g -O2   conftest.c  1>&5
configure:7393: warning: conflicting types for built-in function `memset'
configure:7439: checking for stime
configure:7468: gcc -o conftest -g -O2   conftest.c  1>&5
/t/ccVm6zDl.o: In function `main':
/src/src/sh-utils-2.0/configure:7462: undefined reference to `stime'
collect2: ld returned 1 exit status
configure: failed program was:
#line 7444 "configure"
#include "confdefs.h"
/* System header to define __stub macros and hopefully few prototypes,
    which can conflict with char stime(); below.  */
#include <assert.h>
/* Override any gcc2 internal prototype to avoid an error.  */
/* We use char because int might match the return type of a gcc2
    builtin and then its argument prototype would still apply.  */
char stime();
char (*f)();

int main() {

/* The GNU C library defines this for functions which it implements
    to always fail with ENOSYS.  Some functions are actually named
    something starting with __ and the normal name is an alias.  */
#if defined (__stub_stime) || defined (__stub___stime)
choke me
#else
f = stime;
#endif

; return 0; }
configure:7439: checking for strcspn
configure:7468: gcc -o conftest -g -O2   conftest.c  1>&5
configure:7439: checking for stpcpy
configure:7468: gcc -o conftest -g -O2   conftest.c  1>&5
/t/ccRr190D.o: In function `main':
/src/src/sh-utils-2.0/configure:7462: undefined reference to `stpcpy'
collect2: ld returned 1 exit status
configure: failed program was:
#line 7444 "configure"
#include "confdefs.h"
/* System header to define __stub macros and hopefully few prototypes,
    which can conflict with char stpcpy(); below.  */
#include <assert.h>
/* Override any gcc2 internal prototype to avoid an error.  */
/* We use char because int might match the return type of a gcc2
    builtin and then its argument prototype would still apply.  */
char stpcpy();
char (*f)();

int main() {

/* The GNU C library defines this for functions which it implements
    to always fail with ENOSYS.  Some functions are actually named
    something starting with __ and the normal name is an alias.  */
#if defined (__stub_stpcpy) || defined (__stub___stpcpy)
choke me
#else
f = stpcpy;
#endif

; return 0; }
configure:7439: checking for strstr
configure:7468: gcc -o conftest -g -O2   conftest.c  1>&5
configure:7439: checking for strtol
configure:7468: gcc -o conftest -g -O2   conftest.c  1>&5
configure:7439: checking for strtoul
configure:7468: gcc -o conftest -g -O2   conftest.c  1>&5
configure:7497: checking for group_member
configure:7526: gcc -o conftest -g -O2   conftest.c  1>&5
/t/ccroDFrC.o: In function `main':
/src/src/sh-utils-2.0/configure:7520: undefined reference to `group_member'
collect2: ld returned 1 exit status
configure: failed program was:
#line 7502 "configure"
#include "confdefs.h"
/* System header to define __stub macros and hopefully few prototypes,
    which can conflict with char group_member(); below.  */
#include <assert.h>
/* Override any gcc2 internal prototype to avoid an error.  */
/* We use char because int might match the return type of a gcc2
    builtin and then its argument prototype would still apply.  */
char group_member();
char (*f)();

int main() {

/* The GNU C library defines this for functions which it implements
    to always fail with ENOSYS.  Some functions are actually named
    something starting with __ and the normal name is an alias.  */
#if defined (__stub_group_member) || defined (__stub___group_member)
choke me
#else
f = group_member;
#endif

; return 0; }
configure:7551: checking for SVID conformant putenv
configure:7581: gcc -o conftest -g -O2   conftest.c  1>&5
configure: failed program was:
#line 7559 "configure"
#include "confdefs.h"

    int
    main ()
    {
      /* Put it in env.  */
      if (putenv ("CONFTEST_putenv=val"))
        exit (1);

      /* Try to remove it.  */
      if (putenv ("CONFTEST_putenv"))
        exit (1);

      /* Make sure it was deleted.  */
      if (getenv ("CONFTEST_putenv") != 0)
        exit (1);

      exit (0);
    }
	      
configure:7607: checking for error_at_line
configure:7619: gcc -o conftest -g -O2   conftest.c  1>&5
/t/ccHwPBly.o: In function `main':
/src/src/sh-utils-2.0/configure:7615: undefined reference to `error_at_line'
collect2: ld returned 1 exit status
configure: failed program was:
#line 7612 "configure"
#include "confdefs.h"

int main() {
error_at_line(0, 0, "", 0, "");
; return 0; }
configure:7641: checking for localtime_r
configure:7700: checking for sys/time.h
configure:7737: checking for working GNU strftime
configure:7847: gcc -o conftest -g -O2   conftest.c  1>&5
/t/cchu2c1r.o: In function `main':
/src/src/sh-utils-2.0/configure:7788: undefined reference to `rpl_putenv'
collect2: ld returned 1 exit status
configure: failed program was:
#line 7745 "configure"
#include "confdefs.h"
 /* Ulrich Drepper provided parts of the test program.  */
#if STDC_HEADERS
# include <stdlib.h>
#endif

#if TIME_WITH_SYS_TIME
# include <sys/time.h>
# include <time.h>
#else
# if HAVE_SYS_TIME_H
#  include <sys/time.h>
# else
#  include <time.h>
# endif
#endif

static int
compare (const char *fmt, const struct tm *tm, const char *expected)
{
  char buf[99];
  strftime (buf, 99, fmt, tm);
  if (strcmp (buf, expected))
    {
#ifdef SHOW_FAILURES
      printf ("fmt: "%s", expected "%s", got "%s"\n",
	      fmt, expected, buf);
#endif
      return 1;
    }
  return 0;
}

int
main ()
{
  int n_fail = 0;
  struct tm *tm;
  time_t t = 738367; /* Fri Jan  9 13:06:07 1970 */
  tm = gmtime (&t);

  /* This is necessary to make strftime give consistent zone strings and
     e.g., seconds since the epoch (%s).  */
  putenv ("TZ=GMT0");

#undef CMP
#define CMP(Fmt, Expected) n_fail += compare ((Fmt), tm, (Expected))

  CMP ("%-m", "1");		/* GNU */
  CMP ("%A", "Friday");
  CMP ("%^A", "FRIDAY");	/* The ^ is a GNU extension.  */
  CMP ("%B", "January");
  CMP ("%^B", "JANUARY");
  CMP ("%C", "19");		/* POSIX.2 */
  CMP ("%D", "01/09/70");	/* POSIX.2 */
  CMP ("%F", "1970-01-09");
  CMP ("%G", "1970");		/* GNU */
  CMP ("%H", "13");
  CMP ("%I", "01");
  CMP ("%M", "06");
  CMP ("%M", "06");
  CMP ("%R", "13:06");		/* POSIX.2 */
  CMP ("%S", "07");
  CMP ("%T", "13:06:07");	/* POSIX.2 */
  CMP ("%U", "01");
  CMP ("%V", "02");
  CMP ("%W", "01");
  CMP ("%X", "13:06:07");
  CMP ("%Y", "1970");
  CMP ("%Z", "GMT");
  CMP ("%_m", " 1");		/* GNU */
  CMP ("%a", "Fri");
  CMP ("%^a", "FRI");
  CMP ("%b", "Jan");
  CMP ("%^b", "JAN");
  CMP ("%c", "Fri Jan  9 13:06:07 1970");
  CMP ("%^c", "FRI JAN  9 13:06:07 1970");
  CMP ("%d", "09");
  CMP ("%e", " 9");		/* POSIX.2 */
  CMP ("%g", "70");		/* GNU */
  CMP ("%h", "Jan");		/* POSIX.2 */
  CMP ("%^h", "JAN");
  CMP ("%j", "009");
  CMP ("%k", "13");		/* GNU */
  CMP ("%l", " 1");		/* GNU */
  CMP ("%m", "01");
  CMP ("%n", "\n");		/* POSIX.2 */
  CMP ("%p", "PM");
  CMP ("%r", "01:06:07 PM");	/* POSIX.2 */
  CMP ("%s", "738367");		/* GNU */
  CMP ("%t", "\t");		/* POSIX.2 */
  CMP ("%u", "5");		/* POSIX.2 */
  CMP ("%w", "5");
  CMP ("%x", "01/09/70");
  CMP ("%y", "70");
  CMP ("%z", "+0000");		/* GNU */

  exit (n_fail ? 1 : 0);
}
	      
configure:7876: checking for localtime_r
configure:7941: checking for getgroups
configure:7970: gcc -o conftest -g -O2   conftest.c  1>&5
configure:8046: checking for working getgroups
configure:8065: gcc -o conftest -g -O2   conftest.c  1>&5
configure: failed program was:
#line 8054 "configure"
#include "confdefs.h"

      int
      main ()
      {
	/* On Ultrix 4.3, getgroups (0, 0) always fails.  */
	exit (getgroups (0, 0) == -1 ? 1 : 0);
      }
		
configure:8094: checking for vprintf
configure:8203: checking for working alloca.h
configure:8236: checking for alloca
configure:8437: checking for 3-argument setpriority function
configure:8450: gcc -o conftest -g -O2   conftest.c  1>&5
configure:8508: checking for utmpname
configure:8537: gcc -o conftest -g -O2   conftest.c  1>&5
/t/ccQTb9SD.o: In function `main':
/src/src/sh-utils-2.0/configure:8531: undefined reference to `utmpname'
collect2: ld returned 1 exit status
configure: failed program was:
#line 8513 "configure"
#include "confdefs.h"
/* System header to define __stub macros and hopefully few prototypes,
    which can conflict with char utmpname(); below.  */
#include <assert.h>
/* Override any gcc2 internal prototype to avoid an error.  */
/* We use char because int might match the return type of a gcc2
    builtin and then its argument prototype would still apply.  */
char utmpname();
char (*f)();

int main() {

/* The GNU C library defines this for functions which it implements
    to always fail with ENOSYS.  Some functions are actually named
    something starting with __ and the normal name is an alias.  */
#if defined (__stub_utmpname) || defined (__stub___utmpname)
choke me
#else
f = utmpname;
#endif

; return 0; }
configure:8563: checking ut_host in struct utmp
configure:8576: gcc -o conftest -g -O2   conftest.c  1>&5
configure:8638: checking if we can get the system boot time
configure:8681: checking for pstat_getdynamic
configure:8710: gcc -o conftest -g -O2   conftest.c  1>&5
/t/ccCu5dOS.o: In function `main':
/src/src/sh-utils-2.0/configure:8704: undefined reference to `pstat_getdynamic'
collect2: ld returned 1 exit status
configure: failed program was:
#line 8686 "configure"
#include "confdefs.h"
/* System header to define __stub macros and hopefully few prototypes,
    which can conflict with char pstat_getdynamic(); below.  */
#include <assert.h>
/* Override any gcc2 internal prototype to avoid an error.  */
/* We use char because int might match the return type of a gcc2
    builtin and then its argument prototype would still apply.  */
char pstat_getdynamic();
char (*f)();

int main() {

/* The GNU C library defines this for functions which it implements
    to always fail with ENOSYS.  Some functions are actually named
    something starting with __ and the normal name is an alias.  */
#if defined (__stub_pstat_getdynamic) || defined (__stub___pstat_getdynamic)
choke me
#else
f = pstat_getdynamic;
#endif

; return 0; }
configure:8737: checking for kstat_open in -lkstat
configure:8756: gcc -o conftest -g -O2   conftest.c -lkstat   1>&5
/bin/ld: cannot open -lkstat: No such file or directory
collect2: ld returned 1 exit status
configure: failed program was:
#line 8745 "configure"
#include "confdefs.h"
/* Override any gcc2 internal prototype to avoid an error.  */
/* We use char because int might match the return type of a gcc2
    builtin and then its argument prototype would still apply.  */
char kstat_open();

int main() {
kstat_open()
; return 0; }
configure:8790: checking for elf_begin in -lelf
configure:8809: gcc -o conftest -g -O2   conftest.c -lelf   1>&5
/bin/ld: cannot open -lelf: No such file or directory
collect2: ld returned 1 exit status
configure: failed program was:
#line 8798 "configure"
#include "confdefs.h"
/* Override any gcc2 internal prototype to avoid an error.  */
/* We use char because int might match the return type of a gcc2
    builtin and then its argument prototype would still apply.  */
char elf_begin();

int main() {
elf_begin()
; return 0; }
configure:8831: checking for kvm_open in -lkvm
configure:8850: gcc -o conftest -g -O2   conftest.c -lkvm   1>&5
/bin/ld: cannot open -lkvm: No such file or directory
collect2: ld returned 1 exit status
configure: failed program was:
#line 8839 "configure"
#include "confdefs.h"
/* Override any gcc2 internal prototype to avoid an error.  */
/* We use char because int might match the return type of a gcc2
    builtin and then its argument prototype would still apply.  */
char kvm_open();

int main() {
kvm_open()
; return 0; }
configure:8872: checking for getloadavg in -lutil
configure:8891: gcc -o conftest -g -O2   conftest.c -lutil   1>&5
/bin/ld: cannot open -lutil: No such file or directory
collect2: ld returned 1 exit status
configure: failed program was:
#line 8880 "configure"
#include "confdefs.h"
/* Override any gcc2 internal prototype to avoid an error.  */
/* We use char because int might match the return type of a gcc2
    builtin and then its argument prototype would still apply.  */
char getloadavg();

int main() {
getloadavg()
; return 0; }
configure:8919: checking for getloadavg in -lgetloadavg
configure:8938: gcc -o conftest -g -O2   conftest.c -lgetloadavg  -L/usr/local/lib  1>&5
/bin/ld: cannot open -lgetloadavg: No such file or directory
collect2: ld returned 1 exit status
configure: failed program was:
#line 8927 "configure"
#include "confdefs.h"
/* Override any gcc2 internal prototype to avoid an error.  */
/* We use char because int might match the return type of a gcc2
    builtin and then its argument prototype would still apply.  */
char getloadavg();

int main() {
getloadavg()
; return 0; }
configure:8965: checking for getloadavg
configure:8994: gcc -o conftest -g -O2   conftest.c -L/usr/local/lib  1>&5
/t/ccgH0eSH.o: In function `main':
/src/src/sh-utils-2.0/configure:8988: undefined reference to `getloadavg'
collect2: ld returned 1 exit status
configure: failed program was:
#line 8970 "configure"
#include "confdefs.h"
/* System header to define __stub macros and hopefully few prototypes,
    which can conflict with char getloadavg(); below.  */
#include <assert.h>
/* Override any gcc2 internal prototype to avoid an error.  */
/* We use char because int might match the return type of a gcc2
    builtin and then its argument prototype would still apply.  */
char getloadavg();
char (*f)();

int main() {

/* The GNU C library defines this for functions which it implements
    to always fail with ENOSYS.  Some functions are actually named
    something starting with __ and the normal name is an alias.  */
#if defined (__stub_getloadavg) || defined (__stub___getloadavg)
choke me
#else
f = getloadavg;
#endif

; return 0; }
configure:9036: checking for sys/dg_sys_info.h
configure:9046: gcc -E  conftest.c >/dev/null 2>conftest.out
configure:9042: sys/dg_sys_info.h: No such file or directory
configure: failed program was:
#line 9041 "configure"
#include "confdefs.h"
#include <sys/dg_sys_info.h>
configure:9120: checking for locale.h
configure:9130: gcc -E  conftest.c >/dev/null 2>conftest.out
configure:9154: checking for setlocale
configure:9183: gcc -o conftest -g -O2   conftest.c -L/usr/local/lib  1>&5
configure:9221: checking for inq_stats/cpustats.h
configure:9231: gcc -E  conftest.c >/dev/null 2>conftest.out
configure:9227: inq_stats/cpustats.h: No such file or directory
configure: failed program was:
#line 9226 "configure"
#include "confdefs.h"
#include <inq_stats/cpustats.h>
configure:9264: checking for sys/cpustats.h
configure:9274: gcc -E  conftest.c >/dev/null 2>conftest.out
configure:9270: sys/cpustats.h: No such file or directory
configure: failed program was:
#line 9269 "configure"
#include "confdefs.h"
#include <sys/cpustats.h>
configure:9305: checking for mach/mach.h
configure:9315: gcc -E  conftest.c >/dev/null 2>conftest.out
configure:9311: mach/mach.h: No such file or directory
configure: failed program was:
#line 9310 "configure"
#include "confdefs.h"
#include <mach/mach.h>
configure:9345: checking for nlist.h
configure:9355: gcc -E  conftest.c >/dev/null 2>conftest.out
configure:9376: checking for n_un in struct nlist
configure:9388: gcc -c -g -O2  conftest.c 1>&5
configure: In function `main':
configure:9384: structure has no member named `n_un'
configure: failed program was:
#line 9381 "configure"
#include "confdefs.h"
#include <nlist.h>
int main() {
struct nlist n; n.n_un.n_name = 0;
; return 0; }
configure:9415: checking whether getloadavg requires setgid
configure:9482: checking for /proc/uptime
configure:9503: checking POSIX termios
configure:9518: gcc -o conftest -g -O2   conftest.c  1>&5
configure:9534: checking whether use of TIOCGWINSZ requires termios.h
configure:9566: checking whether use of TIOCGWINSZ requires sys/ioctl.h
configure:9607: checking whether termios.h needs _XOPEN_SOURCE
configure:9657: checking c_line in struct termios
configure:9673: gcc -o conftest -g -O2   conftest.c  1>&5
configure: In function `main':
configure:9669: structure has no member named `c_line'
configure: failed program was:
#line 9662 "configure"
#include "confdefs.h"
#if TERMIOS_NEEDS_XOPEN_SOURCE
#define _XOPEN_SOURCE
#endif
#include <sys/types.h>
#include <termios.h>
int main() {
struct termios t; t.c_line;
; return 0; }
configure:9694: checking for sys/ptem.h
configure:9704: gcc -E  conftest.c >/dev/null 2>conftest.out
configure:9700: sys/ptem.h: No such file or directory
configure: failed program was:
#line 9699 "configure"
#include "confdefs.h"
#include <sys/ptem.h>
configure:9732: checking whether use of TIOCGWINSZ requires termios.h
configure:9823: checking for floor
configure:9852: gcc -o conftest -g -O2   conftest.c  -lm 1>&5
/bin/ld: cannot open -lm: No such file or directory
collect2: ld returned 1 exit status
configure: failed program was:
#line 9828 "configure"
#include "confdefs.h"
/* System header to define __stub macros and hopefully few prototypes,
    which can conflict with char floor(); below.  */
#include <assert.h>
/* Override any gcc2 internal prototype to avoid an error.  */
/* We use char because int might match the return type of a gcc2
    builtin and then its argument prototype would still apply.  */
char floor();
char (*f)();

int main() {

/* The GNU C library defines this for functions which it implements
    to always fail with ENOSYS.  Some functions are actually named
    something starting with __ and the normal name is an alias.  */
#if defined (__stub_floor) || defined (__stub___floor)
choke me
#else
f = floor;
#endif

; return 0; }
configure:9823: checking for modf
configure:9852: gcc -o conftest -g -O2   conftest.c  -lm 1>&5
/bin/ld: cannot open -lm: No such file or directory
collect2: ld returned 1 exit status
configure: failed program was:
#line 9828 "configure"
#include "confdefs.h"
/* System header to define __stub macros and hopefully few prototypes,
    which can conflict with char modf(); below.  */
#include <assert.h>
/* Override any gcc2 internal prototype to avoid an error.  */
/* We use char because int might match the return type of a gcc2
    builtin and then its argument prototype would still apply.  */
char modf();
char (*f)();

int main() {

/* The GNU C library defines this for functions which it implements
    to always fail with ENOSYS.  Some functions are actually named
    something starting with __ and the normal name is an alias.  */
#if defined (__stub_modf) || defined (__stub___modf)
choke me
#else
f = modf;
#endif

; return 0; }
configure:9823: checking for rint
configure:9852: gcc -o conftest -g -O2   conftest.c  -lm 1>&5
/bin/ld: cannot open -lm: No such file or directory
collect2: ld returned 1 exit status
configure: failed program was:
#line 9828 "configure"
#include "confdefs.h"
/* System header to define __stub macros and hopefully few prototypes,
    which can conflict with char rint(); below.  */
#include <assert.h>
/* Override any gcc2 internal prototype to avoid an error.  */
/* We use char because int might match the return type of a gcc2
    builtin and then its argument prototype would still apply.  */
char rint();
char (*f)();

int main() {

/* The GNU C library defines this for functions which it implements
    to always fail with ENOSYS.  Some functions are actually named
    something starting with __ and the normal name is an alias.  */
#if defined (__stub_rint) || defined (__stub___rint)
choke me
#else
f = rint;
#endif

; return 0; }
configure:9879: checking for working strtod
configure:9917: gcc -o conftest -g -O2   conftest.c  1>&5
configure:10043: checking for sqrt
configure:10072: gcc -o conftest -g -O2   conftest.c  1>&5
configure:10055: warning: conflicting types for built-in function `sqrt'
configure:10144: checking for library containing yp_match
configure:10163: gcc -o conftest -g -O2   conftest.c  1>&5
/t/cccXP7K9.o: In function `main':
/src/src/sh-utils-2.0/configure:10159: undefined reference to `yp_match'
collect2: ld returned 1 exit status
configure: failed program was:
#line 10152 "configure"
#include "confdefs.h"
/* Override any gcc2 internal prototype to avoid an error.  */
/* We use char because int might match the return type of a gcc2
    builtin and then its argument prototype would still apply.  */
char yp_match();

int main() {
yp_match()
; return 0; }
configure:10186: gcc -o conftest -g -O2   conftest.c -lsun   1>&5
/bin/ld: cannot open -lsun: No such file or directory
collect2: ld returned 1 exit status
configure: failed program was:
#line 10175 "configure"
#include "confdefs.h"
/* Override any gcc2 internal prototype to avoid an error.  */
/* We use char because int might match the return type of a gcc2
    builtin and then its argument prototype would still apply.  */
char yp_match();

int main() {
yp_match()
; return 0; }
configure:10186: gcc -o conftest -g -O2   conftest.c -lypsec   1>&5
/bin/ld: cannot open -lypsec: No such file or directory
collect2: ld returned 1 exit status
configure: failed program was:
#line 10175 "configure"
#include "confdefs.h"
/* Override any gcc2 internal prototype to avoid an error.  */
/* We use char because int might match the return type of a gcc2
    builtin and then its argument prototype would still apply.  */
char yp_match();

int main() {
yp_match()
; return 0; }
configure:10219: checking for library containing getspnam
configure:10238: gcc -o conftest -g -O2   conftest.c  1>&5
/t/ccXoPBly.o: In function `main':
/src/src/sh-utils-2.0/configure:10234: undefined reference to `getspnam'
collect2: ld returned 1 exit status
configure: failed program was:
#line 10227 "configure"
#include "confdefs.h"
/* Override any gcc2 internal prototype to avoid an error.  */
/* We use char because int might match the return type of a gcc2
    builtin and then its argument prototype would still apply.  */
char getspnam();

int main() {
getspnam()
; return 0; }
configure:10261: gcc -o conftest -g -O2   conftest.c -lshadow   1>&5
/bin/ld: cannot open -lshadow: No such file or directory
collect2: ld returned 1 exit status
configure: failed program was:
#line 10250 "configure"
#include "confdefs.h"
/* Override any gcc2 internal prototype to avoid an error.  */
/* We use char because int might match the return type of a gcc2
    builtin and then its argument prototype would still apply.  */
char getspnam();

int main() {
getspnam()
; return 0; }
configure:10261: gcc -o conftest -g -O2   conftest.c -lsec   1>&5
/bin/ld: cannot open -lsec: No such file or directory
collect2: ld returned 1 exit status
configure: failed program was:
#line 10250 "configure"
#include "confdefs.h"
/* Override any gcc2 internal prototype to avoid an error.  */
/* We use char because int might match the return type of a gcc2
    builtin and then its argument prototype would still apply.  */
char getspnam();

int main() {
getspnam()
; return 0; }
configure:10292: shadow.h: No such file or directory
configure:10360: checking for library containing crypt
configure:10379: gcc -o conftest -g -O2   conftest.c  1>&5
configure:10434: checking for inline
configure:10448: gcc -c -g -O2  conftest.c 1>&5
configure:10477: checking for unistd.h
configure:10516: checking for getpagesize
configure:10570: checking for working mmap
configure:10718: gcc -o conftest -g -O2   conftest.c  1>&5
configure: failed program was:
#line 10578 "configure"
#include "confdefs.h"

/* Thanks to Mike Haertel and Jim Avera for this test.
   Here is a matrix of mmap possibilities:
	mmap private not fixed
	mmap private fixed at somewhere currently unmapped
	mmap private fixed at somewhere already mapped
	mmap shared not fixed
	mmap shared fixed at somewhere currently unmapped
	mmap shared fixed at somewhere already mapped
   For private mappings, we should verify that changes cannot be read()
   back from the file, nor mmap's back from the file at a different
   address.  (There have been systems where private was not correctly
   implemented like the infamous i386 svr4.0, and systems where the
   VM page cache was not coherent with the filesystem buffer cache
   like early versions of FreeBSD and possibly contemporary NetBSD.)
   For shared mappings, we should conversely verify that changes get
   propogated back to all the places they're supposed to be.

   Grep wants private fixed already mapped.
   The main things grep needs to know about mmap are:
   * does it exist and is it safe to write into the mmap'd area
   * how to use it (BSD variants)  */
#include <sys/types.h>
#include <fcntl.h>
#include <sys/mman.h>

/* This mess was copied from the GNU getpagesize.h.  */
#ifndef HAVE_GETPAGESIZE
# ifdef HAVE_UNISTD_H
#  include <unistd.h>
# endif

/* Assume that all systems that can run configure have sys/param.h.  */
# ifndef HAVE_SYS_PARAM_H
#  define HAVE_SYS_PARAM_H 1
# endif

# ifdef _SC_PAGESIZE
#  define getpagesize() sysconf(_SC_PAGESIZE)
# else /* no _SC_PAGESIZE */
#  ifdef HAVE_SYS_PARAM_H
#   include <sys/param.h>
#   ifdef EXEC_PAGESIZE
#    define getpagesize() EXEC_PAGESIZE
#   else /* no EXEC_PAGESIZE */
#    ifdef NBPG
#     define getpagesize() NBPG * CLSIZE
#     ifndef CLSIZE
#      define CLSIZE 1
#     endif /* no CLSIZE */
#    else /* no NBPG */
#     ifdef NBPC
#      define getpagesize() NBPC
#     else /* no NBPC */
#      ifdef PAGESIZE
#       define getpagesize() PAGESIZE
#      endif /* PAGESIZE */
#     endif /* no NBPC */
#    endif /* no NBPG */
#   endif /* no EXEC_PAGESIZE */
#  else /* no HAVE_SYS_PARAM_H */
#   define getpagesize() 8192	/* punt totally */
#  endif /* no HAVE_SYS_PARAM_H */
# endif /* no _SC_PAGESIZE */

#endif /* no HAVE_GETPAGESIZE */

#ifdef __cplusplus
extern "C" { void *malloc(unsigned); }
#else
char *malloc();
#endif

int
main()
{
	char *data, *data2, *data3;
	int i, pagesize;
	int fd;

	pagesize = getpagesize();

	/*
	 * First, make a file with some known garbage in it.
	 */
	data = malloc(pagesize);
	if (!data)
		exit(1);
	for (i = 0; i < pagesize; ++i)
		*(data + i) = rand();
	umask(0);
	fd = creat("conftestmmap", 0600);
	if (fd < 0)
		exit(1);
	if (write(fd, data, pagesize) != pagesize)
		exit(1);
	close(fd);

	/*
	 * Next, try to mmap the file at a fixed address which
	 * already has something else allocated at it.  If we can,
	 * also make sure that we see the same garbage.
	 */
	fd = open("conftestmmap", O_RDWR);
	if (fd < 0)
		exit(1);
	data2 = malloc(2 * pagesize);
	if (!data2)
		exit(1);
	data2 += (pagesize - ((int) data2 & (pagesize - 1))) & (pagesize - 1);
	if (data2 != mmap(data2, pagesize, PROT_READ | PROT_WRITE,
	    MAP_PRIVATE | MAP_FIXED, fd, 0L))
		exit(1);
	for (i = 0; i < pagesize; ++i)
		if (*(data + i) != *(data2 + i))
			exit(1);

	/*
	 * Finally, make sure that changes to the mapped area
	 * do not percolate back to the file as seen by read().
	 * (This is a bug on some variants of i386 svr4.0.)
	 */
	for (i = 0; i < pagesize; ++i)
		*(data2 + i) = *(data2 + i) + 1;
	data3 = malloc(pagesize);
	if (!data3)
		exit(1);
	if (read(fd, data3, pagesize) != pagesize)
		exit(1);
	for (i = 0; i < pagesize; ++i)
		if (*(data + i) != *(data3 + i))
			exit(1);
	close(fd);
	unlink("conftestmmap");
	exit(0);
}

configure:10746: checking for argz.h
configure:10756: gcc -E  conftest.c >/dev/null 2>conftest.out
configure:10752: argz.h: No such file or directory
configure: failed program was:
#line 10751 "configure"
#include "confdefs.h"
#include <argz.h>
configure:10746: checking for limits.h
configure:10746: checking for locale.h
configure:10746: checking for nl_types.h
configure:10756: gcc -E  conftest.c >/dev/null 2>conftest.out
configure:10752: nl_types.h: No such file or directory
configure: failed program was:
#line 10751 "configure"
#include "confdefs.h"
#include <nl_types.h>
configure:10746: checking for malloc.h
configure:10756: gcc -E  conftest.c >/dev/null 2>conftest.out
configure:10746: checking for string.h
configure:10746: checking for unistd.h
configure:10746: checking for sys/param.h
configure:10786: checking for getcwd
configure:10786: checking for munmap
configure:10815: gcc -o conftest -g -O2   conftest.c  1>&5
configure:10786: checking for putenv
configure:10815: gcc -o conftest -g -O2   conftest.c  1>&5
/t/cchc1BFK.o: In function `main':
/src/src/sh-utils-2.0/configure:10809: undefined reference to `rpl_putenv'
collect2: ld returned 1 exit status
configure: failed program was:
#line 10791 "configure"
#include "confdefs.h"
/* System header to define __stub macros and hopefully few prototypes,
    which can conflict with char putenv(); below.  */
#include <assert.h>
/* Override any gcc2 internal prototype to avoid an error.  */
/* We use char because int might match the return type of a gcc2
    builtin and then its argument prototype would still apply.  */
char putenv();
char (*f)();

int main() {

/* The GNU C library defines this for functions which it implements
    to always fail with ENOSYS.  Some functions are actually named
    something starting with __ and the normal name is an alias.  */
#if defined (__stub_putenv) || defined (__stub___putenv)
choke me
#else
f = putenv;
#endif

; return 0; }
configure:10786: checking for setenv
configure:10815: gcc -o conftest -g -O2   conftest.c  1>&5
configure:10786: checking for setlocale
configure:10786: checking for strchr
configure:10786: checking for strcasecmp
configure:10786: checking for strdup
configure:10815: gcc -o conftest -g -O2   conftest.c  1>&5
configure:10786: checking for __argz_count
configure:10815: gcc -o conftest -g -O2   conftest.c  1>&5
/t/ccL3Tz9S.o: In function `main':
/src/src/sh-utils-2.0/configure:10809: undefined reference to `__argz_count'
collect2: ld returned 1 exit status
configure: failed program was:
#line 10791 "configure"
#include "confdefs.h"
/* System header to define __stub macros and hopefully few prototypes,
    which can conflict with char __argz_count(); below.  */
#include <assert.h>
/* Override any gcc2 internal prototype to avoid an error.  */
/* We use char because int might match the return type of a gcc2
    builtin and then its argument prototype would still apply.  */
char __argz_count();
char (*f)();

int main() {

/* The GNU C library defines this for functions which it implements
    to always fail with ENOSYS.  Some functions are actually named
    something starting with __ and the normal name is an alias.  */
#if defined (__stub___argz_count) || defined (__stub_____argz_count)
choke me
#else
f = __argz_count;
#endif

; return 0; }
configure:10786: checking for __argz_stringify
configure:10815: gcc -o conftest -g -O2   conftest.c  1>&5
/t/ccDgwxzc.o: In function `main':
/src/src/sh-utils-2.0/configure:10809: undefined reference to `__argz_stringify'
collect2: ld returned 1 exit status
configure: failed program was:
#line 10791 "configure"
#include "confdefs.h"
/* System header to define __stub macros and hopefully few prototypes,
    which can conflict with char __argz_stringify(); below.  */
#include <assert.h>
/* Override any gcc2 internal prototype to avoid an error.  */
/* We use char because int might match the return type of a gcc2
    builtin and then its argument prototype would still apply.  */
char __argz_stringify();
char (*f)();

int main() {

/* The GNU C library defines this for functions which it implements
    to always fail with ENOSYS.  Some functions are actually named
    something starting with __ and the normal name is an alias.  */
#if defined (__stub___argz_stringify) || defined (__stub_____argz_stringify)
choke me
#else
f = __argz_stringify;
#endif

; return 0; }
configure:10786: checking for __argz_next
configure:10815: gcc -o conftest -g -O2   conftest.c  1>&5
/t/ccFkxdZv.o: In function `main':
/src/src/sh-utils-2.0/configure:10809: undefined reference to `__argz_next'
collect2: ld returned 1 exit status
configure: failed program was:
#line 10791 "configure"
#include "confdefs.h"
/* System header to define __stub macros and hopefully few prototypes,
    which can conflict with char __argz_next(); below.  */
#include <assert.h>
/* Override any gcc2 internal prototype to avoid an error.  */
/* We use char because int might match the return type of a gcc2
    builtin and then its argument prototype would still apply.  */
char __argz_next();
char (*f)();

int main() {

/* The GNU C library defines this for functions which it implements
    to always fail with ENOSYS.  Some functions are actually named
    something starting with __ and the normal name is an alias.  */
#if defined (__stub___argz_next) || defined (__stub_____argz_next)
choke me
#else
f = __argz_next;
#endif

; return 0; }
configure:10907: checking for LC_MESSAGES
configure:10919: gcc -o conftest -g -O2   conftest.c  1>&5
configure:10940: checking whether NLS is requested
configure:10960: checking whether included gettext is requested
configure:10979: checking for libintl.h
configure:11319: checking whether catgets can be used
configure:11592: checking for msgfmt
configure:11626: checking for gmsgfmt
configure:11662: checking for xgettext
configure:11759: checking for catalogs to be installed
