This file contains any messages produced by compilers while
running configure, to aid debugging if configure makes a mistake.

It was created by GNU Autoconf configure 2.54, which was
generated by GNU Autoconf 2.54.  Invocation command line was

  $ ./configure --prefix=/gg --host=amiga

## --------- ##
## Platform. ##
## --------- ##

hostname = amiga
uname -m = m68k
uname -r = unknown
uname -s = AmigaOS
uname -v = 45.57

/usr/bin/uname -p = 68040
/bin/uname -X     = unknown

/bin/arch              = unknown
/usr/bin/arch -k       = unknown
/usr/convex/getsysinfo = unknown
hostinfo               = unknown
/bin/machine           = unknown
/usr/bin/oslevel       = unknown
/bin/universe          = unknown

PATH: /bin
PATH: /usr/bin
PATH: /usr/ucb


## ----------- ##
## Core tests. ##
## ----------- ##

configure:1220: checking for a BSD-compatible install
configure:1274: result: /bin/install -c
configure:1285: checking whether build environment is sane
configure:1328: result: yes
configure:1361: checking for gawk
configure:1377: found /bin/gawk
configure:1387: result: gawk
configure:1397: checking whether make sets ${MAKE}
configure:1417: result: yes
configure:1487: checking for amiga-strip
configure:1516: result: no
configure:1525: checking for strip
configure:1552: result: :
configure:1595: checking for expr
configure:1613: found /bin/expr
configure:1625: result: /bin/expr
configure:1642: checking for gm4
configure:1675: result: no
configure:1642: checking for gnum4
configure:1675: result: no
configure:1642: checking for m4
configure:1660: found /bin/m4
configure:1672: result: /bin/m4
configure:1683: checking whether m4 supports frozen files
configure:1695: result: yes
configure:1713: checking for perl
configure:1731: found /bin/perl
configure:1744: result: /bin/perl
configure:1770: checking for emacs
configure:1799: result: no
configure:1770: checking for xemacs
configure:1799: result: no
configure:1825: checking for emacs
configure:1851: result: no
configure:2029: creating ./config.status

## ---------------------- ##
## Running config.status. ##
## ---------------------- ##

This file was extended by GNU Autoconf config.status 2.54, which was
generated by GNU Autoconf 2.54.  Invocation command line was

  CONFIG_FILES    = 
  CONFIG_HEADERS  = 
  CONFIG_LINKS    = 
  CONFIG_COMMANDS = 
  $ ./config.status 

on amiga

config.status:2699: creating config/Makefile
config.status:2699: creating tests/Makefile
config.status:2699: creating tests/atlocal
config.status:2699: creating tests/autoconf
config.status:2699: creating tests/autoheader
config.status:2699: creating tests/autom4te
config.status:2699: creating tests/autoreconf
config.status:2699: creating tests/autoscan
config.status:2699: creating tests/autoupdate
config.status:2699: creating tests/ifnames
config.status:2699: creating man/Makefile
config.status:2699: creating lib/emacs/Makefile
config.status:2699: creating Makefile
config.status:2699: creating doc/Makefile
config.status:2699: creating lib/Makefile
config.status:2699: creating lib/Autom4te/Makefile
config.status:2699: creating lib/autoscan/Makefile
config.status:2699: creating lib/m4sugar/Makefile
config.status:2699: creating lib/autoconf/Makefile
config.status:2699: creating lib/autotest/Makefile
config.status:2699: creating bin/Makefile
config.status:2833: executing tests/atconfig commands

## ---------------- ##
## Cache variables. ##
## ---------------- ##

ac_cv_env_build_alias_set=
ac_cv_env_build_alias_value=
ac_cv_env_host_alias_set=set
ac_cv_env_host_alias_value=amiga
ac_cv_env_target_alias_set=
ac_cv_env_target_alias_value=
ac_cv_path_EXPR=/bin/expr
ac_cv_path_M4=/bin/m4
ac_cv_path_PERL=/bin/perl
ac_cv_path_install='/bin/install -c'
ac_cv_prog_AWK=gawk
ac_cv_prog_EMACS=no
ac_cv_prog_ac_ct_STRIP=:
ac_cv_prog_gnu_m4=yes
ac_cv_prog_make_make_set=yes

## ----------------- ##
## Output variables. ##
## ----------------- ##

ACLOCAL='${SHELL} /Blaze/compile/autoconf-2.54/config/missing --run aclocal-1.6c'
AMTAR='${SHELL} /Blaze/compile/autoconf-2.54/config/missing --run tar'
AUTOCONF='${SHELL} /Blaze/compile/autoconf-2.54/config/missing --run autoconf'
AUTOHEADER='${SHELL} /Blaze/compile/autoconf-2.54/config/missing --run autoheader'
AUTOMAKE='${SHELL} /Blaze/compile/autoconf-2.54/config/missing --run automake-1.6c'
AWK='gawk'
CYGPATH_W='echo'
DEFS='-DPACKAGE_NAME=\"GNU\ Autoconf\" -DPACKAGE_TARNAME=\"autoconf\" -DPACKAGE_VERSION=\"2.54\" -DPACKAGE_STRING=\"GNU\ Autoconf\ 2.54\" -DPACKAGE_BUGREPORT=\"bug-autoconf@gnu.org\" -DPACKAGE=\"autoconf\" -DVERSION=\"2.54\" '
ECHO_C=''ECHO_N=''
ECHO_T=''
EMACS='no'
EXPR='/bin/expr'
HELP2MAN='${SHELL} /Blaze/compile/autoconf-2.54/config/missing --run help2man'
INSTALL_DATA='${INSTALL} -m 644'
INSTALL_PROGRAM='${INSTALL}'
INSTALL_SCRIPT='${INSTALL}'
INSTALL_STRIP_PROGRAM='${SHELL} $(install_sh) -c -s'
LIBOBJS=''
LIBS=''
LTLIBOBJS=''
M4='/bin/m4'
MAKEINFO='${SHELL} /Blaze/compile/autoconf-2.54/config/missing --run makeinfo'
PACKAGE='autoconf'
PACKAGE_BUGREPORT='bug-autoconf@gnu.org'
PACKAGE_NAME='GNU Autoconf'
PACKAGE_STRING='GNU Autoconf 2.54'
PACKAGE_TARNAME='autoconf'
PACKAGE_VERSION='2.54'
PATH_SEPARATOR=':'
PERL='/bin/perl'
SET_MAKE=''
SHELL='/bin/sh'
STRIP=':'
VERSION='2.54'
ac_ct_STRIP=':'
bindir='${exec_prefix}/bin'
build_alias=''
datadir='${prefix}/share'
exec_prefix='${prefix}'
host_alias='amiga'
includedir='${prefix}/include'
infodir='${prefix}/info'
install_sh='/Blaze/compile/autoconf-2.54/config/install-sh'
libdir='${exec_prefix}/lib'
libexecdir='${exec_prefix}/libexec'
lispdir=''
localstatedir='${prefix}/var'
mandir='${prefix}/man'
oldincludedir='/usr/include'
prefix='/gg'
program_transform_name='s,x,x,'
sbindir='${exec_prefix}/sbin'
sharedstatedir='${prefix}/com'
sysconfdir='${prefix}/etc'
target_alias=''

## ----------- ##
## confdefs.h. ##
## ----------- ##

#define PACKAGE "autoconf"
#define PACKAGE_BUGREPORT "bug-autoconf@gnu.org"
#define PACKAGE_NAME "GNU Autoconf"
#define PACKAGE_STRING "GNU Autoconf 2.54"
#define PACKAGE_TARNAME "autoconf"
#define PACKAGE_VERSION "2.54"
#define VERSION "2.54"

configure: exit 0
