MUIA_Aboutmui_Application =            0x80422523 /* V11 i.. Object *          */
MUIA_ApplicationObject =               0x8042d3ee /* V4  ..g Object *          */
MUIA_Application_Active =              0x804260ab /* V4  isg BOOL              */
MUIA_Application_Author =              0x80424842 /* V4  i.g STRPTR            */
MUIA_Application_Base =                0x8042e07a /* V4  i.g STRPTR            */
MUIA_Application_Broker =              0x8042dbce /* V4  ..g Broker *          */
MUIA_Application_BrokerHook =          0x80428f4b /* V4  isg struct Hook *     */
MUIA_Application_BrokerPort =          0x8042e0ad /* V6  ..g struct MsgPort *  */
MUIA_Application_BrokerPri =           0x8042c8d0 /* V6  i.g LONG              */
MUIA_Application_Commands =            0x80428648 /* V4  isg struct MUI_Command * */
MUIA_Application_Copyright =           0x8042ef4d /* V4  i.g STRPTR            */
MUIA_Application_Description =         0x80421fc6 /* V4  i.g STRPTR            */
MUIA_Application_DiskObject =          0x804235cb /* V4  isg struct DiskObject * */
MUIA_Application_DoubleStart =         0x80423bc6 /* V4  ..g BOOL              */
MUIA_Application_DropObject =          0x80421266 /* V5  is. Object *          */
MUIA_Application_ForceQuit =           0x804257df /* V8  ..g BOOL              */
MUIA_Application_HelpFile =            0x804293f4 /* V8  isg STRPTR            */
MUIA_Application_Iconified =           0x8042a07f /* V4  .sg BOOL              */
MUIA_Application_Menu =                0x80420e1f /* V4  i.g struct NewMenu *  */
MUIA_Application_MenuAction =          0x80428961 /* V4  ..g ULONG             */
MUIA_Application_MenuHelp =            0x8042540b /* V4  ..g ULONG             */
MUIA_Application_Menustrip =           0x804252d9 /* V8  i.. Object *          */
MUIA_Application_RexxHook =            0x80427c42 /* V7  isg struct Hook *     */
MUIA_Application_RexxMsg =             0x8042fd88 /* V4  ..g struct RxMsg *    */
MUIA_Application_RexxString =          0x8042d711 /* V4  .s. STRPTR            */
MUIA_Application_SingleTask =          0x8042a2c8 /* V4  i.. BOOL              */
MUIA_Application_Sleep =               0x80425711 /* V4  .s. BOOL              */
MUIA_Application_Title =               0x804281b8 /* V4  i.g STRPTR            */
MUIA_Application_UseCommodities =      0x80425ee5 /* V10 i.. BOOL              */
MUIA_Application_UseRexx =             0x80422387 /* V10 i.. BOOL              */
MUIA_Application_Version =             0x8042b33f /* V4  i.g STRPTR            */
MUIA_Application_Window =              0x8042bfe0 /* V4  i.. Object *          */
MUIA_Application_WindowList =          0x80429abe /* V13 ..g struct List *     */
MUIA_AppMessage =                      0x80421955 /* V5  ..g struct AppMessage * */
MUIA_Background =                      0x8042545b /* V4  is. LONG              */
MUIA_Bitmap_Bitmap =                   0x804279bd /* V8  isg struct BitMap *   */
MUIA_Bitmap_Height =                   0x80421560 /* V8  isg LONG              */
MUIA_Bitmap_MappingTable =             0x8042e23d /* V8  isg UBYTE *           */
MUIA_Bitmap_Precision =                0x80420c74 /* V11 isg LONG              */
MUIA_Bitmap_RemappedBitmap =           0x80423a47 /* V11 ..g struct BitMap *   */
MUIA_Bitmap_SourceColors =             0x80425360 /* V8  isg ULONG *           */
MUIA_Bitmap_Transparent =              0x80422805 /* V8  isg LONG              */
MUIA_Bitmap_UseFriend =                0x804239d8 /* V11 i.. BOOL              */
MUIA_Bitmap_Width =                    0x8042eb3a /* V8  isg LONG              */
MUIA_Bodychunk_Body =                  0x8042ca67 /* V8  isg UBYTE *           */
MUIA_Bodychunk_Compression =           0x8042de5f /* V8  isg UBYTE             */
MUIA_Bodychunk_Depth =                 0x8042c392 /* V8  isg LONG              */
MUIA_Bodychunk_Masking =               0x80423b0e /* V8  isg UBYTE             */
MUIA_Boopsi_Class =                    0x80426999 /* V4  isg struct IClass *   */
MUIA_Boopsi_ClassID =                  0x8042bfa3 /* V4  isg char *            */
MUIA_Boopsi_MaxHeight =                0x8042757f /* V4  isg ULONG             */
MUIA_Boopsi_MaxWidth =                 0x8042bcb1 /* V4  isg ULONG             */
MUIA_Boopsi_MinHeight =                0x80422c93 /* V4  isg ULONG             */
MUIA_Boopsi_MinWidth =                 0x80428fb2 /* V4  isg ULONG             */
MUIA_Boopsi_Object =                   0x80420178 /* V4  ..g Object *          */
MUIA_Boopsi_Remember =                 0x8042f4bd /* V4  i.. ULONG             */
MUIA_Boopsi_Smart =                    0x8042b8d7 /* V9  i.. BOOL              */
MUIA_Boopsi_TagDrawInfo =              0x8042bae7 /* V4  isg ULONG             */
MUIA_Boopsi_TagScreen =                0x8042bc71 /* V4  isg ULONG             */
MUIA_Boopsi_TagWindow =                0x8042e11d /* V4  isg ULONG             */
MUIA_BottomEdge =                      0x8042e552 /* V4  ..g LONG              */
MUIA_Coloradjust_Blue =                0x8042b8a3 /* V4  isg ULONG             */
MUIA_Coloradjust_Green =               0x804285ab /* V4  isg ULONG             */
MUIA_Coloradjust_ModeID =              0x8042ec59 /* V4  isg ULONG             */
MUIA_Coloradjust_Red =                 0x80420eaa /* V4  isg ULONG             */
MUIA_Coloradjust_RGB =                 0x8042f899 /* V4  isg ULONG *           */
MUIA_Colorfield_Blue =                 0x8042d3b0 /* V4  isg ULONG             */
MUIA_Colorfield_Green =                0x80424466 /* V4  isg ULONG             */
MUIA_Colorfield_Pen =                  0x8042713a /* V4  ..g ULONG             */
MUIA_Colorfield_Red =                  0x804279f6 /* V4  isg ULONG             */
MUIA_Colorfield_RGB =                  0x8042677a /* V4  isg ULONG *           */
MUIA_ContextMenu =                     0x8042b704 /* V11 isg Object *          */
MUIA_ContextMenuTrigger =              0x8042a2c1 /* V11 ..g Object *          */
MUIA_ControlChar =                     0x8042120b /* V4  isg char              */
MUIA_CycleChain =                      0x80421ce7 /* V11 isg LONG              */
MUIA_Cycle_Active =                    0x80421788 /* V4  isg LONG              */
MUIA_Cycle_Entries =                   0x80420629 /* V4  i.. STRPTR *          */
MUIA_Dataspace_Pool =                  0x80424cf9 /* V11 i.. APTR              */
MUIA_Dirlist_AcceptPattern =           0x8042760a /* V4  is. STRPTR            */
MUIA_Dirlist_Directory =               0x8042ea41 /* V4  isg STRPTR            */
MUIA_Dirlist_DrawersOnly =             0x8042b379 /* V4  is. BOOL              */
MUIA_Dirlist_FilesOnly =               0x8042896a /* V4  is. BOOL              */
MUIA_Dirlist_FilterDrawers =           0x80424ad2 /* V4  is. BOOL              */
MUIA_Dirlist_FilterHook =              0x8042ae19 /* V4  is. struct Hook *     */
MUIA_Dirlist_MultiSelDirs =            0x80428653 /* V6  is. BOOL              */
MUIA_Dirlist_NumBytes =                0x80429e26 /* V4  ..g LONG              */
MUIA_Dirlist_NumDrawers =              0x80429cb8 /* V4  ..g LONG              */
MUIA_Dirlist_NumFiles =                0x8042a6f0 /* V4  ..g LONG              */
MUIA_Dirlist_Path =                    0x80426176 /* V4  ..g STRPTR            */
MUIA_Dirlist_RejectIcons =             0x80424808 /* V4  is. BOOL              */
MUIA_Dirlist_RejectPattern =           0x804259c7 /* V4  is. STRPTR            */
MUIA_Dirlist_SortDirs =                0x8042bbb9 /* V4  is. LONG              */
MUIA_Dirlist_SortHighLow =             0x80421896 /* V4  is. BOOL              */
MUIA_Dirlist_SortType =                0x804228bc /* V4  is. LONG              */
MUIA_Dirlist_Status =                  0x804240de /* V4  ..g LONG              */
MUIA_Disabled =                        0x80423661 /* V4  isg BOOL              */
MUIA_Draggable =                       0x80420b6e /* V11 isg BOOL              */
MUIA_Dropable =                        0x8042fbce /* V11 isg BOOL              */
MUIA_ExportID =                        0x8042d76e /* V4  isg ULONG             */
MUIA_Family_Child =                    0x8042c696 /* V8  i.. Object *          */
MUIA_Family_List =                     0x80424b9e /* V8  ..g struct MinList *  */
MUIA_FillArea =                        0x804294a3 /* V4  is. BOOL              */
MUIA_FixHeight =                       0x8042a92b /* V4  i.. LONG              */
MUIA_FixHeightTxt =                    0x804276f2 /* V4  i.. STRPTR            */
MUIA_FixWidth =                        0x8042a3f1 /* V4  i.. LONG              */
MUIA_FixWidthTxt =                     0x8042d044 /* V4  i.. STRPTR            */
MUIA_Floattext_Justify =               0x8042dc03 /* V4  isg BOOL              */
MUIA_Floattext_SkipChars =             0x80425c7d /* V4  is. STRPTR            */
MUIA_Floattext_TabSize =               0x80427d17 /* V4  is. LONG              */
MUIA_Floattext_Text =                  0x8042d16a /* V4  isg STRPTR            */
MUIA_Font =                            0x8042be50 /* V4  i.g struct TextFont * */
MUIA_Frame =                           0x8042ac64 /* V4  i.. LONG              */
MUIA_FramePhantomHoriz =               0x8042ed76 /* V4  i.. BOOL              */
MUIA_FrameTitle =                      0x8042d1c7 /* V4  i.. STRPTR            */
MUIA_Gadget_Gadget =                   0x8042ec1a /* V11 ..g struct Gadget *   */
MUIA_Gauge_Current =                   0x8042f0dd /* V4  isg LONG              */
MUIA_Gauge_Divide =                    0x8042d8df /* V4  isg BOOL              */
MUIA_Gauge_Horiz =                     0x804232dd /* V4  i.. BOOL              */
MUIA_Gauge_InfoText =                  0x8042bf15 /* V7  isg STRPTR            */
MUIA_Gauge_Max =                       0x8042bcdb /* V4  isg LONG              */
MUIA_Group_ActivePage =                0x80424199 /* V5  isg LONG              */
MUIA_Group_Child =                     0x804226e6 /* V4  i.. Object *          */
MUIA_Group_ChildList =                 0x80424748 /* V4  ..g struct List *     */
MUIA_Group_Columns =                   0x8042f416 /* V4  is. LONG              */
MUIA_Group_Horiz =                     0x8042536b /* V4  i.. BOOL              */
MUIA_Group_HorizSpacing =              0x8042c651 /* V4  isg LONG              */
MUIA_Group_LayoutHook =                0x8042c3b2 /* V11 i.. struct Hook *     */
MUIA_Group_PageMode =                  0x80421a5f /* V5  i.. BOOL              */
MUIA_Group_Rows =                      0x8042b68f /* V4  is. LONG              */
MUIA_Group_SameHeight =                0x8042037e /* V4  i.. BOOL              */
MUIA_Group_SameSize =                  0x80420860 /* V4  i.. BOOL              */
MUIA_Group_SameWidth =                 0x8042b3ec /* V4  i.. BOOL              */
MUIA_Group_Spacing =                   0x8042866d /* V4  is. LONG              */
MUIA_Group_VertSpacing =               0x8042e1bf /* V4  isg LONG              */
MUIA_Height =                          0x80423237 /* V4  ..g LONG              */
MUIA_HelpLine =                        0x8042a825 /* V4  isg LONG              */
MUIA_HelpNode =                        0x80420b85 /* V4  isg STRPTR            */
MUIA_HorizDisappear =                  0x80429615 /* V11 isg LONG              */
MUIA_HorizWeight =                     0x80426db9 /* V4  isg WORD              */
MUIA_Image_FontMatch =                 0x8042815d /* V4  i.. BOOL              */
MUIA_Image_FontMatchHeight =           0x80429f26 /* V4  i.. BOOL              */
MUIA_Image_FontMatchWidth =            0x804239bf /* V4  i.. BOOL              */
MUIA_Image_FreeHoriz =                 0x8042da84 /* V4  i.. BOOL              */
MUIA_Image_FreeVert =                  0x8042ea28 /* V4  i.. BOOL              */
MUIA_Image_OldImage =                  0x80424f3d /* V4  i.. struct Image *    */
MUIA_Image_Spec =                      0x804233d5 /* V4  i.. char *            */
MUIA_Image_State =                     0x8042a3ad /* V4  is. LONG              */
MUIA_InnerBottom =                     0x8042f2c0 /* V4  i.g LONG              */
MUIA_InnerLeft =                       0x804228f8 /* V4  i.g LONG              */
MUIA_InnerRight =                      0x804297ff /* V4  i.g LONG              */
MUIA_InnerTop =                        0x80421eb6 /* V4  i.g LONG              */
MUIA_InputMode =                       0x8042fb04 /* V4  i.. LONG              */
MUIA_LeftEdge =                        0x8042bec6 /* V4  ..g LONG              */
MUIA_Levelmeter_Label =                0x80420dd5 /* V11 isg STRPTR            */
MUIA_Listview_ClickColumn =            0x8042d1b3 /* V7  ..g LONG              */
MUIA_Listview_DefClickColumn =         0x8042b296 /* V7  isg LONG              */
MUIA_Listview_DoubleClick =            0x80424635 /* V4  i.g BOOL              */
MUIA_Listview_DragType =               0x80425cd3 /* V11 isg LONG              */
MUIA_Listview_Input =                  0x8042682d /* V4  i.. BOOL              */
MUIA_Listview_List =                   0x8042bcce /* V4  i.g Object *          */
MUIA_Listview_MultiSelect =            0x80427e08 /* V7  i.. LONG              */
MUIA_Listview_ScrollerPos =            0x8042b1b4 /* V10 i.. BOOL              */
MUIA_Listview_SelectChange =           0x8042178f /* V4  ..g BOOL              */
MUIA_List_Active =                     0x8042391c /* V4  isg LONG              */
MUIA_List_AdjustHeight =               0x8042850d /* V4  i.. BOOL              */
MUIA_List_AdjustWidth =                0x8042354a /* V4  i.. BOOL              */
MUIA_List_AutoVisible =                0x8042a445 /* V11 isg BOOL              */
MUIA_List_CompareHook =                0x80425c14 /* V4  is. struct Hook *     */
MUIA_List_ConstructHook =              0x8042894f /* V4  is. struct Hook *     */
MUIA_List_DestructHook =               0x804297ce /* V4  is. struct Hook *     */
MUIA_List_DisplayHook =                0x8042b4d5 /* V4  is. struct Hook *     */
MUIA_List_DragSortable =               0x80426099 /* V11 isg BOOL              */
MUIA_List_DropMark =                   0x8042aba6 /* V11 ..g LONG              */
MUIA_List_Entries =                    0x80421654 /* V4  ..g LONG              */
MUIA_List_First =                      0x804238d4 /* V4  ..g LONG              */
MUIA_List_Format =                     0x80423c0a /* V4  isg STRPTR            */
MUIA_List_InsertPosition =             0x8042d0cd /* V9  ..g LONG              */
MUIA_List_MinLineHeight =              0x8042d1c3 /* V4  i.. LONG              */
MUIA_List_MultiTestHook =              0x8042c2c6 /* V4  is. struct Hook *     */
MUIA_List_Pool =                       0x80423431 /* V13 i.. APTR              */
MUIA_List_PoolPuddleSize =             0x8042a4eb /* V13 i.. ULONG             */
MUIA_List_PoolThreshSize =             0x8042c48c /* V13 i.. ULONG             */
MUIA_List_Quiet =                      0x8042d8c7 /* V4  .s. BOOL              */
MUIA_List_ShowDropMarks =              0x8042c6f3 /* V11 isg BOOL              */
MUIA_List_SourceArray =                0x8042c0a0 /* V4  i.. APTR              */
MUIA_List_Title =                      0x80423e66 /* V6  isg char *            */
MUIA_List_Visible =                    0x8042191f /* V4  ..g LONG              */
MUIA_MaxHeight =                       0x804293e4 /* V11 i.. LONG              */
MUIA_MaxWidth =                        0x8042f112 /* V11 i.. LONG              */
MUIA_Menuitem_Checked =                0x8042562a /* V8  isg BOOL              */
MUIA_Menuitem_Checkit =                0x80425ace /* V8  isg BOOL              */
MUIA_Menuitem_Enabled =                0x8042ae0f /* V8  isg BOOL              */
MUIA_Menuitem_Exclude =                0x80420bc6 /* V8  isg LONG              */
MUIA_Menuitem_Shortcut =               0x80422030 /* V8  isg STRPTR            */
MUIA_Menuitem_Title =                  0x804218be /* V8  isg STRPTR            */
MUIA_Menuitem_Toggle =                 0x80424d5c /* V8  isg BOOL              */
MUIA_Menuitem_Trigger =                0x80426f32 /* V8  ..g struct MenuItem * */
MUIA_Menustrip_Enabled =               0x8042815b /* V8  isg BOOL              */
MUIA_Menu_Enabled =                    0x8042ed48 /* V8  isg BOOL              */
MUIA_Menu_Title =                      0x8042a0e3 /* V8  isg STRPTR            */
MUIA_NoNotify =                        0x804237f9 /* V7  .s. BOOL              */
MUIA_Numeric_Default =                 0x804263e8 /* V11 isg LONG              */
MUIA_Numeric_Format =                  0x804263e9 /* V11 isg STRPTR            */
MUIA_Numeric_Max =                     0x8042d78a /* V11 isg LONG              */
MUIA_Numeric_Min =                     0x8042e404 /* V11 isg LONG              */
MUIA_Numeric_Reverse =                 0x8042f2a0 /* V11 isg BOOL              */
MUIA_Numeric_RevLeftRight =            0x804294a7 /* V11 isg BOOL              */
MUIA_Numeric_RevUpDown =               0x804252dd /* V11 isg BOOL              */
MUIA_Numeric_Value =                   0x8042ae3a /* V11 isg LONG              */
MUIA_ObjectID =                        0x8042d76e /* V11 isg ULONG             */
MUIA_Palette_Entries =                 0x8042a3d8 /* V6  i.g struct MUI_Palette_Entry * */
MUIA_Palette_Groupable =               0x80423e67 /* V6  isg BOOL              */
MUIA_Palette_Names =                   0x8042c3a2 /* V6  isg char **           */
MUIA_Parent =                          0x8042e35f /* V11 ..g Object *          */
MUIA_Penadjust_PSIMode =               0x80421cbb /* V11 i.. BOOL              */
MUIA_Pendisplay_Pen =                  0x8042a748 /* V13 ..g Object *          */
MUIA_Pendisplay_Reference =            0x8042dc24 /* V13 isg Object *          */
MUIA_Pendisplay_RGBcolor =             0x8042a1a9 /* V11 isg struct MUI_RBBcolor * */
MUIA_Pendisplay_Spec =                 0x8042a204 /* V11 isg struct MUI_PenSpec  * */
MUIA_Popasl_Active =                   0x80421b37 /* V7  ..g BOOL              */
MUIA_Popasl_StartHook =                0x8042b703 /* V7  isg struct Hook *     */
MUIA_Popasl_StopHook =                 0x8042d8d2 /* V7  isg struct Hook *     */
MUIA_Popasl_Type =                     0x8042df3d /* V7  i.g ULONG             */
MUIA_Poplist_Array =                   0x8042084c /* V8  i.. char **           */
MUIA_Popobject_Follow =                0x80424cb5 /* V7  isg BOOL              */
MUIA_Popobject_Light =                 0x8042a5a3 /* V7  isg BOOL              */
MUIA_Popobject_Object =                0x804293e3 /* V7  i.g Object *          */
MUIA_Popobject_ObjStrHook =            0x8042db44 /* V7  isg struct Hook *     */
MUIA_Popobject_StrObjHook =            0x8042fbe1 /* V7  isg struct Hook *     */
MUIA_Popobject_Volatile =              0x804252ec /* V7  isg BOOL              */
MUIA_Popobject_WindowHook =            0x8042f194 /* V9  isg struct Hook *     */
MUIA_Popstring_Button =                0x8042d0b9 /* V7  i.g Object *          */
MUIA_Popstring_CloseHook =             0x804256bf /* V7  isg struct Hook *     */
MUIA_Popstring_OpenHook =              0x80429d00 /* V7  isg struct Hook *     */
MUIA_Popstring_String =                0x804239ea /* V7  i.g Object *          */
MUIA_Popstring_Toggle =                0x80422b7a /* V7  isg BOOL              */
MUIA_Pressed =                         0x80423535 /* V4  ..g BOOL              */
MUIA_Prop_Entries =                    0x8042fbdb /* V4  isg LONG              */
MUIA_Prop_First =                      0x8042d4b2 /* V4  isg LONG              */
MUIA_Prop_Horiz =                      0x8042f4f3 /* V4  i.g BOOL              */
MUIA_Prop_Slider =                     0x80429c3a /* V4  isg BOOL              */
MUIA_Prop_UseWinBorder =               0x8042deee /* V13 i.. LONG              */
MUIA_Prop_Visible =                    0x8042fea6 /* V4  isg LONG              */
MUIA_Radio_Active =                    0x80429b41 /* V4  isg LONG              */
MUIA_Radio_Entries =                   0x8042b6a1 /* V4  i.. STRPTR *          */
MUIA_Rectangle_BarTitle =              0x80426689 /* V11 i.g STRPTR            */
MUIA_Rectangle_HBar =                  0x8042c943 /* V7  i.g BOOL              */
MUIA_Rectangle_VBar =                  0x80422204 /* V7  i.g BOOL              */
MUIA_Register_Frame =                  0x8042349b /* V7  i.g BOOL              */
MUIA_Register_Titles =                 0x804297ec /* V7  i.g STRPTR *          */
MUIA_Revision =                        0x80427eaa /* V4  ..g LONG              */
MUIA_RightEdge =                       0x8042ba82 /* V4  ..g LONG              */
MUIA_Scale_Horiz =                     0x8042919a /* V4  isg BOOL              */
MUIA_Scrollbar_Type =                  0x8042fb6b /* V11 i.. LONG              */
MUIA_Scrollgroup_Contents =            0x80421261 /* V4  i.. Object *          */
MUIA_Scrollgroup_FreeHoriz =           0x804292f3 /* V9  i.. BOOL              */
MUIA_Scrollgroup_FreeVert =            0x804224f2 /* V9  i.. BOOL              */
MUIA_Scrollgroup_UseWinBorder =        0x804284c1 /* V13 i.. BOOL              */
MUIA_Selected =                        0x8042654b /* V4  isg BOOL              */
MUIA_ShortHelp =                       0x80428fe3 /* V11 isg STRPTR            */
MUIA_ShowMe =                          0x80429ba8 /* V4  isg BOOL              */
MUIA_ShowSelState =                    0x8042caac /* V4  i.. BOOL              */
MUIA_Slider_Horiz =                    0x8042fad1 /* V11 isg BOOL              */
MUIA_Slider_Level =                    0x8042ae3a /* V4  isg LONG              */
MUIA_Slider_Max =                      0x8042d78a /* V4  isg LONG              */
MUIA_Slider_Min =                      0x8042e404 /* V4  isg LONG              */
MUIA_Slider_Quiet =                    0x80420b26 /* V6  i.. BOOL              */
MUIA_Slider_Reverse =                  0x8042f2a0 /* V4  isg BOOL              */
MUIA_String_Accept =                   0x8042e3e1 /* V4  isg STRPTR            */
MUIA_String_Acknowledge =              0x8042026c /* V4  ..g STRPTR            */
MUIA_String_AdvanceOnCR =              0x804226de /* V11 isg BOOL              */
MUIA_String_AttachedList =             0x80420fd2 /* V4  i.. Object *          */
MUIA_String_BufferPos =                0x80428b6c /* V4  .sg LONG              */
MUIA_String_Contents =                 0x80428ffd /* V4  isg STRPTR            */
MUIA_String_DisplayPos =               0x8042ccbf /* V4  .sg LONG              */
MUIA_String_EditHook =                 0x80424c33 /* V7  isg struct Hook *     */
MUIA_String_Format =                   0x80427484 /* V4  i.g LONG              */
MUIA_String_Integer =                  0x80426e8a /* V4  isg ULONG             */
MUIA_String_LonelyEditHook =           0x80421569 /* V11 isg BOOL              */
MUIA_String_MaxLen =                   0x80424984 /* V4  i.g LONG              */
MUIA_String_Reject =                   0x8042179c /* V4  isg STRPTR            */
MUIA_String_Secret =                   0x80428769 /* V4  i.g BOOL              */
MUIA_Text_Contents =                   0x8042f8dc /* V4  isg STRPTR            */
MUIA_Text_HiChar =                     0x804218ff /* V4  i.. char              */
MUIA_Text_PreParse =                   0x8042566d /* V4  isg STRPTR            */
MUIA_Text_SetMax =                     0x80424d0a /* V4  i.. BOOL              */
MUIA_Text_SetMin =                     0x80424e10 /* V4  i.. BOOL              */
MUIA_Text_SetVMax =                    0x80420d8b /* V11 i.. BOOL              */
MUIA_Timer =                           0x80426435 /* V4  ..g LONG              */
MUIA_TopEdge =                         0x8042509b /* V4  ..g LONG              */
MUIA_UserData =                        0x80420313 /* V4  isg ULONG             */
MUIA_Version =                         0x80422301 /* V4  ..g LONG              */
MUIA_VertDisappear =                   0x8042d12f /* V11 isg LONG              */
MUIA_VertWeight =                      0x804298d0 /* V4  isg WORD              */
MUIA_Virtgroup_Height =                0x80423038 /* V6  ..g LONG              */
MUIA_Virtgroup_Input =                 0x80427f7e /* V11 i.. BOOL              */
MUIA_Virtgroup_Left =                  0x80429371 /* V6  isg LONG              */
MUIA_Virtgroup_Top =                   0x80425200 /* V6  isg LONG              */
MUIA_Virtgroup_Width =                 0x80427c49 /* V6  ..g LONG              */
MUIA_Weight =                          0x80421d1f /* V4  i.. WORD              */
MUIA_Width =                           0x8042b59c /* V4  ..g LONG              */
MUIA_Window =                          0x80421591 /* V4  ..g struct Window *   */
MUIA_WindowObject =                    0x8042669e /* V4  ..g Object *          */
MUIA_Window_Activate =                 0x80428d2f /* V4  isg BOOL              */
MUIA_Window_ActiveObject =             0x80427925 /* V4  .sg Object *          */
MUIA_Window_AltHeight =                0x8042cce3 /* V4  i.g LONG              */
MUIA_Window_AltLeftEdge =              0x80422d65 /* V4  i.g LONG              */
MUIA_Window_AltTopEdge =               0x8042e99b /* V4  i.g LONG              */
MUIA_Window_AltWidth =                 0x804260f4 /* V4  i.g LONG              */
MUIA_Window_AppWindow =                0x804280cf /* V5  i.. BOOL              */
MUIA_Window_Backdrop =                 0x8042c0bb /* V4  i.. BOOL              */
MUIA_Window_Borderless =               0x80429b79 /* V4  i.. BOOL              */
MUIA_Window_CloseGadget =              0x8042a110 /* V4  i.. BOOL              */
MUIA_Window_CloseRequest =             0x8042e86e /* V4  ..g BOOL              */
MUIA_Window_DefaultObject =            0x804294d7 /* V4  isg Object *          */
MUIA_Window_DepthGadget =              0x80421923 /* V4  i.. BOOL              */
MUIA_Window_DragBar =                  0x8042045d /* V4  i.. BOOL              */
MUIA_Window_FancyDrawing =             0x8042bd0e /* V8  isg BOOL              */
MUIA_Window_Height =                   0x80425846 /* V4  i.g LONG              */
MUIA_Window_ID =                       0x804201bd /* V4  isg ULONG             */
MUIA_Window_InputEvent =               0x804247d8 /* V4  ..g struct InputEvent * */
MUIA_Window_IsSubWindow =              0x8042b5aa /* V4  isg BOOL              */
MUIA_Window_LeftEdge =                 0x80426c65 /* V4  i.g LONG              */
MUIA_Window_Menu =                     0x8042db94 /* V4  i.. struct NewMenu *  */
MUIA_Window_MenuAction =               0x80427521 /* V8  isg ULONG             */
MUIA_Window_Menustrip =                0x8042855e /* V8  i.g Object *          */
MUIA_Window_MouseObject =              0x8042bf9b /* V10 ..g Object *          */
MUIA_Window_NeedsMouseObject =         0x8042372a /* V10 i.. BOOL              */
MUIA_Window_NoMenus =                  0x80429df5 /* V4  is. BOOL              */
MUIA_Window_Open =                     0x80428aa0 /* V4  .sg BOOL              */
MUIA_Window_PublicScreen =             0x804278e4 /* V6  isg STRPTR            */
MUIA_Window_RefWindow =                0x804201f4 /* V4  is. Object *          */
MUIA_Window_RootObject =               0x8042cba5 /* V4  isg Object *          */
MUIA_Window_Screen =                   0x8042df4f /* V4  isg struct Screen *   */
MUIA_Window_ScreenTitle =              0x804234b0 /* V5  isg STRPTR            */
MUIA_Window_SizeGadget =               0x8042e33d /* V4  i.. BOOL              */
MUIA_Window_SizeRight =                0x80424780 /* V4  i.. BOOL              */
MUIA_Window_Sleep =                    0x8042e7db /* V4  .sg BOOL              */
MUIA_Window_Title =                    0x8042ad3d /* V4  isg STRPTR            */
MUIA_Window_TopEdge =                  0x80427c66 /* V4  i.g LONG              */
MUIA_Window_UseBottomBorderScroller =  0x80424e79 /* V13 is. BOOL              */
MUIA_Window_UseLeftBorderScroller =    0x8042433e /* V13 is. BOOL              */
MUIA_Window_UseRightBorderScroller =   0x8042c05e /* V13 is. BOOL              */
MUIA_Window_Width =                    0x8042dcae /* V4  i.g LONG              */
MUIA_Window_Window =                   0x80426a42 /* V4  ..g struct Window *   */
ASLFR_TitleText =                      0x80080001
ASLFR_InitialLeftEdge =                0x80080003
ASLFR_InitialTopEdge =                 0x80080004
ASLFR_InitialWidth =                   0x80080005
ASLFR_InitialHeight =                  0x80080006
ASLFR_InitialFile =                    0x80080008
ASLFR_InitialDrawer =                  0x80080009
ASLFR_InitialPattern =                 0x8008000A
ASLFR_DoSaveMode =                     0x8008002C
ASLFR_DoMultiSelect =                  0x8008002D
ASLFR_DoPatterns =                     0x8008002E
ASLFR_DrawersOnly =                    0x8008002F
ASLFR_RejectIcons =                    0x8008003C
ASLFR_RejectPattern =                  0x8008003D
ASLFR_AcceptPattern =                  0x8008003E
ASLFR_FilterDrawers =                  0x8008003F
