WindowBack = 0
RequesterBack = 1
ButtonBack = 2
ListBack = 3
TextBack = 4
PropBack = 5
PopupBack = 6
SelectedBack = 7
ListCursor = 8
ListSelect = 9
ListSelCur = 10
ArrowUp = 11
ArrowDown = 12
ArrowLeft = 13
ArrowRight = 14
CheckMark = 15
RadioButton = 16
Cycle = 17
PopUp = 18
PopFile = 19
PopDrawer = 20
PropKnob = 21
Drawer = 22
HardDisk = 23
Disk = 24
Chip = 25
Volume = 26
RegisterBack = 27
Network = 28
Assign = 29
TapePlay = 30
TapePlayBack = 31
TapePause = 32
TapeStop = 33
TapeRecord = 34
GroupBack = 35
SliderBack = 36
SliderKnob = 37
TapeUp = 38
TapeDown = 39
PageBack = 40
ReadListBack = 41
Count = 42
BACKGROUND = 128
SHADOW = 129
SHINE = 130
FILL = 131
SHADOWBACK = 132
SHADOWFILL = 133
SHADOWSHINE = 134
FILLBACK = 135
FILLSHINE = 136
SHINEBACK = 137
FILLBACK2 = 138
HSHINEBACK = 139
HSHADOWBACK = 140
HSHINESHINE = 141
HSHADOWSHADOW = 142
MARKSHINE = 143
MARKHALFSHINE = 144
MARKBACKGROUND = 145
LASTPAT = 145
