TRUE = 1
FALSE = 0
MUIV_Application_ReturnID_Quit = -1
MUIV_Cycle_Active_Next = -1
MUIV_Cycle_Active_Prev = -2
MUIV_Dirlist_SortDirs_First = 0
MUIV_Dirlist_SortDirs_Last = 1
MUIV_Dirlist_SortDirs_Mix = 2
MUIV_Dirlist_SortType_Date = 1
MUIV_Dirlist_SortType_Name = 0
MUIV_Dirlist_SortType_Size = 2
MUIV_Dirlist_Status_Invalid = 0
MUIV_Dirlist_Status_Reading = 1
MUIV_Dirlist_Status_Valid = 2
MUIV_DragQuery_Accept = 1
MUIV_DragQuery_Refuse = 0
MUIV_DragReport_Abort = 0
MUIV_DragReport_Continue = 1
MUIV_DragReport_Lock = 2
MUIV_DragReport_Refresh = 3
MUIV_EveryTime = 0x49893131
MUIV_Font_Big = -6
MUIV_Font_Button = -7
MUIV_Font_Fixed = -4
MUIV_Font_Inherit = 0
MUIV_Font_List = -2
MUIV_Font_Normal = -1
MUIV_Font_Tiny = -3
MUIV_Font_Title = -5
MUIV_Frame_Button = 1
MUIV_Frame_Count = 13
MUIV_Frame_Gauge = 8
MUIV_Frame_Group = 9
MUIV_Frame_ImageButton = 2
MUIV_Frame_InputList = 6
MUIV_Frame_None = 0
MUIV_Frame_PopUp = 10
MUIV_Frame_Prop = 7
MUIV_Frame_ReadList = 5
MUIV_Frame_Slider = 12
MUIV_Frame_String = 4
MUIV_Frame_Text = 3
MUIV_Frame_Virtual = 11
MUIV_Group_ActivePage_Advance = -4
MUIV_Group_ActivePage_First = 0
MUIV_Group_ActivePage_Last = -1
MUIV_Group_ActivePage_Next = -3
MUIV_Group_ActivePage_Prev = -2
MUIV_Imageadjust_Type_All = 0
MUIV_Imageadjust_Type_Background = 2
MUIV_Imageadjust_Type_Image = 1
MUIV_Imageadjust_Type_Pen = 3
MUIV_InputMode_Immediate = 2
MUIV_InputMode_None = 0
MUIV_InputMode_RelVerify = 1
MUIV_InputMode_Toggle = 3
MUIV_Listview_DragType_Immediate = 1
MUIV_Listview_DragType_None = 0
MUIV_Listview_MultiSelect_Always = 3
MUIV_Listview_MultiSelect_Default = 1
MUIV_Listview_MultiSelect_None = 0
MUIV_Listview_MultiSelect_Shifted = 2
MUIV_Listview_ScrollerPos_Default = 0
MUIV_Listview_ScrollerPos_Left = 1
MUIV_Listview_ScrollerPos_None = 3
MUIV_Listview_ScrollerPos_Right = 2
MUIV_List_Active_Bottom = -3
MUIV_List_Active_Down = -5
MUIV_List_Active_Off = -1
MUIV_List_Active_PageDown = -7
MUIV_List_Active_PageUp = -6
MUIV_List_Active_Top = -2
MUIV_List_Active_Up = -4
MUIV_List_ConstructHook_String = -1
MUIV_List_CopyHook_String = -1
MUIV_List_CursorType_Bar = 1
MUIV_List_CursorType_None = 0
MUIV_List_CursorType_Rect = 2
MUIV_List_DestructHook_String = -1
MUIV_List_Exchange_Active = -1
MUIV_List_Exchange_Bottom = -2
MUIV_List_Exchange_Next = -3
MUIV_List_Exchange_Previous = -4
MUIV_List_Exchange_Top = 0
MUIV_List_GetEntry_Active = -1
MUIV_List_Insert_Active = -1
MUIV_List_Insert_Bottom = -3
MUIV_List_Insert_Sorted = -2
MUIV_List_Insert_Top = 0
MUIV_List_Jump_Active = -1
MUIV_List_Jump_Bottom = -2
MUIV_List_Jump_Down = -3
MUIV_List_Jump_Top = 0
MUIV_List_Jump_Up = -4
MUIV_List_Move_Active = -1
MUIV_List_Move_Bottom = -2
MUIV_List_Move_Next = -3
MUIV_List_Move_Previous = -4
MUIV_List_Move_Top = 0
MUIV_List_NextSelected_End = -1
MUIV_List_NextSelected_Start = -1
MUIV_List_Redraw_Active = -1
MUIV_List_Redraw_All = -2
MUIV_List_Remove_Active = -1
MUIV_List_Remove_First = 0
MUIV_List_Remove_Last = -2
MUIV_List_Remove_Selected = -3
MUIV_List_Select_Active = -1
MUIV_List_Select_All = -2
MUIV_List_Select_Ask = 3
MUIV_List_Select_Off = 0
MUIV_List_Select_On = 1
MUIV_List_Select_Toggle = 2
MUIV_Menuitem_Shortcut_Check = -1
MUIV_Notify_Application = 3
MUIV_Notify_Parent = 4
MUIV_Notify_Self = 1
MUIV_Notify_Window = 2
MUIV_NotTriggerValue = 0x49893133
MUIV_Palette_Entry_End = -1
MUIV_Prop_UseWinBorder_Bottom = 3
MUIV_Prop_UseWinBorder_Left = 1
MUIV_Prop_UseWinBorder_None = 0
MUIV_Prop_UseWinBorder_Right = 2
MUIV_Scrollbar_Type_Bottom = 1
MUIV_Scrollbar_Type_Default = 0
MUIV_Scrollbar_Type_Sym = 3
MUIV_Scrollbar_Type_Top = 2
MUIV_String_Format_Center = 1
MUIV_String_Format_Left = 0
MUIV_String_Format_Right = 2
MUIV_TriggerValue = 0x49893131
MUIV_Window_ActiveObject_Next = -1
MUIV_Window_ActiveObject_None = 0
MUIV_Window_ActiveObject_Prev = -2
MUIV_Window_AltHeight_Scaled = -1000
MUIV_Window_AltLeftEdge_Centered = -1
MUIV_Window_AltLeftEdge_Moused = -2
MUIV_Window_AltLeftEdge_NoChange = -1000
MUIV_Window_AltTopEdge_Centered = -1
MUIV_Window_AltTopEdge_Moused = -2
MUIV_Window_AltTopEdge_NoChange = -1000
MUIV_Window_AltWidth_Scaled = -1000
MUIV_Window_Height_Default = -1001
MUIV_Window_Height_Scaled = -1000
MUIV_Window_LeftEdge_Centered = -1
MUIV_Window_LeftEdge_Moused = -2
MUIV_Window_Menu_NoMenu = -1
MUIV_Window_TopEdge_Centered = -1
MUIV_Window_TopEdge_Moused = -2
MUIV_Window_Width_Default = -1001
MUIV_Window_Width_Scaled = -1000
MUII_ArrowDown = 12
MUII_ArrowLeft = 13
MUII_ArrowRight = 14
MUII_ArrowUp = 11
MUII_Assign = 29
MUII_BACKGROUND = 128
MUII_ButtonBack = 2
MUII_CheckMark = 15
MUII_Chip = 25
MUII_Count = 42
MUII_Cycle = 17
MUII_Disk = 24
MUII_Drawer = 22
MUII_FILL = 131
MUII_FILLBACK = 135
MUII_FILLBACK2 = 138
MUII_FILLSHINE = 136
MUII_GroupBack = 35
MUII_HardDisk = 23
MUII_HSHADOWBACK = 140
MUII_HSHADOWSHADOW = 142
MUII_HSHINEBACK = 139
MUII_HSHINESHINE = 141
MUII_LASTPAT = 145
MUII_ListBack = 3
MUII_ListCursor = 8
MUII_ListSelCur = 10
MUII_ListSelect = 9
MUII_MARKBACKGROUND = 145
MUII_MARKHALFSHINE = 144
MUII_MARKSHINE = 143
MUII_Network = 28
MUII_PageBack = 40
MUII_PopDrawer = 20
MUII_PopFile = 19
MUII_PopUp = 18
MUII_PopupBack = 6
MUII_PropBack = 5
MUII_PropKnob = 21
MUII_RadioButton = 16
MUII_ReadListBack = 41
MUII_RegisterBack = 27
MUII_RequesterBack = 1
MUII_SelectedBack = 7
MUII_SHADOW = 129
MUII_SHADOWBACK = 132
MUII_SHADOWFILL = 133
MUII_SHADOWSHINE = 134
MUII_SHINE = 130
MUII_SHINEBACK = 137
MUII_SliderBack = 36
MUII_SliderKnob = 37
MUII_TapeDown = 39
MUII_TapePause = 32
MUII_TapePlay = 30
MUII_TapePlayBack = 31
MUII_TapeRecord = 34
MUII_TapeStop = 33
MUII_TapeUp = 38
MUII_TextBack = 4
MUII_Volume = 26
MUII_WindowBack = 0
