This file contains any messages produced by compilers while
running configure, to aid debugging if configure makes a mistake.

It was created by configure, which was
generated by GNU Autoconf 2.57.  Invocation command line was

  $ configure --disable-dependency-tracking --bindir=/SDK/Local/C --prefix=/SDK/Local --libdir=/SDK/Local/newlib/lib --includedir=/SDK/Local/common/include CFLAGS=-mcrt=newlib CPPFLAGS=-mcrt=newlib -DMINIGL CXXFLAGS=-mcrt=newlib LIBS=-lunix LDFLAGS=-mcrt=newlib

## --------- ##
## Platform. ##
## --------- ##

hostname = localhost
uname -m = ppc
uname -r = 51.4
uname -s = AmigaOS
uname -v = 4.0

/usr/bin/uname -p = unknown
/bin/uname -X     = unknown

/bin/arch              = unknown
/usr/bin/arch -k       = unknown
/usr/convex/getsysinfo = unknown
hostinfo               = unknown
/bin/machine           = unknown
/usr/bin/oslevel       = unknown
/bin/universe          = unknown

PATH: /gcc/bin
PATH: /SDK/C
PATH: /SDK/Local/C
PATH: /SDK/Local/newlib/bin
PATH: /SDK/Local/clib2/bin
PATH: /C
PATH: .


## ----------- ##
## Core tests. ##
## ----------- ##

configure:1369: creating cache /dev/null
configure:1488: checking for a BSD-compatible install
configure:1542: result: /SDK/Local/C/ginstall -c
configure:1553: checking whether build environment is sane
configure:1596: result: yes
configure:1621: WARNING: `missing' script is too old or missing
configure:1629: checking for gawk
configure:1658: result: no
configure:1629: checking for mawk
configure:1658: result: no
configure:1629: checking for nawk
configure:1645: found /SDK/Local/C/nawk
configure:1655: result: nawk
configure:1665: checking whether /SDK/C/gmake sets $(MAKE)
configure:1685: result: yes
configure:1908: checking for g++
configure:1924: found /gcc/bin/g++
configure:1934: result: g++
configure:1950: checking for C++ compiler version
configure:1953: g++ --version </dev/null >&5
g++ (GCC) 4.0.2 (AmigaOS build 20051012)
Copyright (C) 2005 Free Software Foundation, Inc.
This is free software; see the source for copying conditions.  There is NO
warranty; not even for MERCHANTABILITY or FITNESS FOR A PARTICULAR PURPOSE.

configure:1956: $? = 0
configure:1958: g++ -v </dev/null >&5
Reading specs from Bub:SDK/gcc/bin/../lib/gcc/ppc-amigaos/4.0.2/specs
Target: ppc-amigaos
Configured with: ../gcc-4.0.2/configure --host=ppc-amigaos --target=ppc-amigaos --build=i686-cygwin --prefix=/gcc --enable-languages=c,c++,objc --enable-haifa --enable-sjlj-exceptions --disable-shared --disable-libstdcxx-pch
Thread model: single
gcc version 4.0.2 (AmigaOS build 20051012)
configure:1961: $? = 0
configure:1963: g++ -V </dev/null >&5
g++: '-V' option must have argument
configure:1966: $? = 1
configure:1990: checking for C++ compiler default output
configure:1993: g++ -mcrt=newlib -mcrt=newlib -DMINIGL -mcrt=newlib conftest.cc -lunix >&5
configure:1996: $? = 0
configure:2042: result: a.out
configure:2047: checking whether the C++ compiler works
configure:2053: ./a.out
configure:2056: $? = 0
configure:2073: result: yes
configure:2080: checking whether we are cross compiling
configure:2082: result: no
configure:2085: checking for suffix of executables
configure:2087: g++ -o conftest -mcrt=newlib -mcrt=newlib -DMINIGL -mcrt=newlib conftest.cc -lunix >&5
configure:2090: $? = 0
configure:2115: result: 
configure:2121: checking for suffix of object files
configure:2143: g++ -c -mcrt=newlib -mcrt=newlib -DMINIGL conftest.cc >&5
configure:2146: $? = 0
configure:2168: result: o
configure:2172: checking whether we are using the GNU C++ compiler
configure:2197: g++ -c -mcrt=newlib -mcrt=newlib -DMINIGL conftest.cc >&5
configure:2200: $? = 0
configure:2203: test -s conftest.o
configure:2206: $? = 0
configure:2219: result: yes
configure:2225: checking whether g++ accepts -g
configure:2247: g++ -c -g -mcrt=newlib -DMINIGL conftest.cc >&5
configure:2250: $? = 0
configure:2253: test -s conftest.o
configure:2256: $? = 0
configure:2267: result: yes
configure:2311: g++ -c -mcrt=newlib -mcrt=newlib -DMINIGL conftest.cc >&5
configure:2314: $? = 0
configure:2317: test -s conftest.o
configure:2320: $? = 0
configure:2347: g++ -c -mcrt=newlib -mcrt=newlib -DMINIGL conftest.cc >&5
configure: In function 'int main()':
configure:2344: error: 'exit' was not declared in this scope
configure:2350: $? = 1
configure: failed program was:
| #line 2330 "configure"
| /* confdefs.h.  */
| 
| #define PACKAGE_NAME ""
| #define PACKAGE_TARNAME ""
| #define PACKAGE_VERSION ""
| #define PACKAGE_STRING ""
| #define PACKAGE_BUGREPORT ""
| #define PACKAGE "resid"
| #define VERSION "0.16"
| /* end confdefs.h.  */
| 
| int
| main ()
| {
| exit (42);
|   ;
|   return 0;
| }
configure:2311: g++ -c -mcrt=newlib -mcrt=newlib -DMINIGL conftest.cc >&5
configure:2314: $? = 0
configure:2317: test -s conftest.o
configure:2320: $? = 0
configure:2347: g++ -c -mcrt=newlib -mcrt=newlib -DMINIGL conftest.cc >&5
configure:2350: $? = 0
configure:2353: test -s conftest.o
configure:2356: $? = 0
configure:2398: checking for style of include used by /SDK/C/gmake
configure:2426: result: GNU
configure:2454: checking dependency style of g++
configure:2516: result: none
configure:2573: checking for perl
configure:2591: found /SDK/Local/C/perl
configure:2603: result: /SDK/Local/C/perl
configure:2684: checking build system type
configure:2702: result: powerpc-unknown-amigaos
configure:2710: checking host system type
configure:2724: result: powerpc-unknown-amigaos
configure:2778: checking for gcc
configure:2794: found /gcc/bin/gcc
configure:2804: result: gcc
configure:3048: checking for C compiler version
configure:3051: gcc --version </dev/null >&5
gcc (GCC) 4.0.2 (AmigaOS build 20051012)
Copyright (C) 2005 Free Software Foundation, Inc.
This is free software; see the source for copying conditions.  There is NO
warranty; not even for MERCHANTABILITY or FITNESS FOR A PARTICULAR PURPOSE.

configure:3054: $? = 0
configure:3056: gcc -v </dev/null >&5
Reading specs from Bub:SDK/gcc/bin/../lib/gcc/ppc-amigaos/4.0.2/specs
Target: ppc-amigaos
Configured with: ../gcc-4.0.2/configure --host=ppc-amigaos --target=ppc-amigaos --build=i686-cygwin --prefix=/gcc --enable-languages=c,c++,objc --enable-haifa --enable-sjlj-exceptions --disable-shared --disable-libstdcxx-pch
Thread model: single
gcc version 4.0.2 (AmigaOS build 20051012)
configure:3059: $? = 0
configure:3061: gcc -V </dev/null >&5
gcc: '-V' option must have argument
configure:3064: $? = 1
configure:3067: checking whether we are using the GNU C compiler
configure:3092: gcc -c -mcrt=newlib -mcrt=newlib -DMINIGL conftest.c >&5
configure:3095: $? = 0
configure:3098: test -s conftest.o
configure:3101: $? = 0
configure:3114: result: yes
configure:3120: checking whether gcc accepts -g
configure:3142: gcc -c -g -mcrt=newlib -DMINIGL conftest.c >&5
configure:3145: $? = 0
configure:3148: test -s conftest.o
configure:3151: $? = 0
configure:3162: result: yes
configure:3179: checking for gcc option to accept ANSI C
configure:3240: gcc  -c -mcrt=newlib -mcrt=newlib -DMINIGL conftest.c >&5
configure:3243: $? = 0
configure:3246: test -s conftest.o
configure:3249: $? = 0
configure:3267: result: none needed
configure:3285: gcc -c -mcrt=newlib -mcrt=newlib -DMINIGL conftest.c >&5
conftest.c:2: error: syntax error before 'me'
configure:3288: $? = 1
configure: failed program was:
| #ifndef __cplusplus
|   choke me
| #endif
configure:3399: checking dependency style of gcc
configure:3461: result: none
configure:3488: checking for ld used by GCC
configure:3551: result: ld
configure:3560: checking if the linker (ld) is GNU ld
GNU ld version 2.14 20030612 (Amiga OS build 20050713)
configure:3572: result: yes
configure:3577: checking for ld option to reload object files
configure:3584: result: -r
configure:3589: checking for BSD-compatible nm
configure:3625: result: /gcc/bin/nm -B
configure:3628: checking for a sed that does not truncate output
configure:3710: result: /SDK/Local/C/sed
configure:3713: checking whether ln -s works
configure:3717: result: yes
configure:3724: checking how to recognise dependent libraries
configure:3905: result: unknown
configure:3918: checking command to parse /gcc/bin/nm -B output
configure:4002: g++ -c -mcrt=newlib -mcrt=newlib -DMINIGL conftest.cc >&5
configure:4005: $? = 0
configure:4009: /gcc/bin/nm -B conftest.o \| sed -n -e 's/^.*[ 	]\([ABCDGISTW][ABCDGISTW]*\)[ 	][ 	]*\(\)\([_A-Za-z][_A-Za-z0-9]*\)$/\1 \2\3 \3/p' \> conftest.nm
configure:4012: $? = 0
configure:4064: g++ -o conftest -mcrt=newlib -mcrt=newlib -DMINIGL -mcrt=newlib conftest.cc conftstm.o >&5
configure:4067: $? = 0
configure:4111: result: ok
configure:4120: checking how to run the C++ preprocessor
configure:4152: g++ -E -mcrt=newlib -DMINIGL conftest.cc
configure:4158: $? = 0
configure:4190: g++ -E -mcrt=newlib -DMINIGL conftest.cc
configure:4194:28: error: ac_nonexistent.h: No such file or directory
configure:4196: $? = 1
configure: failed program was:
| #line 4181 "configure"
| /* confdefs.h.  */
| 
| #define PACKAGE_NAME ""
| #define PACKAGE_TARNAME ""
| #define PACKAGE_VERSION ""
| #define PACKAGE_STRING ""
| #define PACKAGE_BUGREPORT ""
| #define PACKAGE "resid"
| #define VERSION "0.16"
| #ifdef __cplusplus
| #include <stdlib.h>
| #endif
| /* end confdefs.h.  */
| #include <ac_nonexistent.h>
configure:4234: result: g++ -E
configure:4259: g++ -E -mcrt=newlib -DMINIGL conftest.cc
configure:4265: $? = 0
configure:4297: g++ -E -mcrt=newlib -DMINIGL conftest.cc
configure:4301:28: error: ac_nonexistent.h: No such file or directory
configure:4303: $? = 1
configure: failed program was:
| #line 4288 "configure"
| /* confdefs.h.  */
| 
| #define PACKAGE_NAME ""
| #define PACKAGE_TARNAME ""
| #define PACKAGE_VERSION ""
| #define PACKAGE_STRING ""
| #define PACKAGE_BUGREPORT ""
| #define PACKAGE "resid"
| #define VERSION "0.16"
| #ifdef __cplusplus
| #include <stdlib.h>
| #endif
| /* end confdefs.h.  */
| #include <ac_nonexistent.h>
configure:4346: checking for egrep
configure:4356: result: grep -E
configure:4361: checking for ANSI C header files
configure:4387: g++ -c -mcrt=newlib -mcrt=newlib -DMINIGL conftest.cc >&5
configure:4390: $? = 0
configure:4393: test -s conftest.o
configure:4396: $? = 0
configure:4488: g++ -o conftest -mcrt=newlib -mcrt=newlib -DMINIGL -mcrt=newlib conftest.cc -lunix >&5
configure:4491: $? = 0
configure:4493: ./conftest
configure:4496: $? = 0
configure:4511: result: yes
configure:4535: checking for sys/types.h
configure:4552: g++ -c -mcrt=newlib -mcrt=newlib -DMINIGL conftest.cc >&5
configure:4555: $? = 0
configure:4558: test -s conftest.o
configure:4561: $? = 0
configure:4572: result: yes
configure:4535: checking for sys/stat.h
configure:4552: g++ -c -mcrt=newlib -mcrt=newlib -DMINIGL conftest.cc >&5
configure:4555: $? = 0
configure:4558: test -s conftest.o
configure:4561: $? = 0
configure:4572: result: yes
configure:4535: checking for stdlib.h
configure:4552: g++ -c -mcrt=newlib -mcrt=newlib -DMINIGL conftest.cc >&5
configure:4555: $? = 0
configure:4558: test -s conftest.o
configure:4561: $? = 0
configure:4572: result: yes
configure:4535: checking for string.h
configure:4552: g++ -c -mcrt=newlib -mcrt=newlib -DMINIGL conftest.cc >&5
configure:4555: $? = 0
configure:4558: test -s conftest.o
configure:4561: $? = 0
configure:4572: result: yes
configure:4535: checking for memory.h
configure:4552: g++ -c -mcrt=newlib -mcrt=newlib -DMINIGL conftest.cc >&5
In file included from configure:4593:
SDK:local/common/include/memory.h:1:2: warning: #warning Hey Spot! Exchange memory.h with string.h
configure:4555: $? = 0
configure:4558: test -s conftest.o
configure:4561: $? = 0
configure:4572: result: yes
configure:4535: checking for strings.h
configure:4552: g++ -c -mcrt=newlib -mcrt=newlib -DMINIGL conftest.cc >&5
configure:4555: $? = 0
configure:4558: test -s conftest.o
configure:4561: $? = 0
configure:4572: result: yes
configure:4535: checking for inttypes.h
configure:4552: g++ -c -mcrt=newlib -mcrt=newlib -DMINIGL conftest.cc >&5
configure:4595:22: error: inttypes.h: No such file or directory
configure:4555: $? = 1
configure: failed program was:
| #line 4540 "configure"
| /* confdefs.h.  */
| 
| #define PACKAGE_NAME ""
| #define PACKAGE_TARNAME ""
| #define PACKAGE_VERSION ""
| #define PACKAGE_STRING ""
| #define PACKAGE_BUGREPORT ""
| #define PACKAGE "resid"
| #define VERSION "0.16"
| #ifdef __cplusplus
| #include <stdlib.h>
| #endif
| #define STDC_HEADERS 1
| #define HAVE_SYS_TYPES_H 1
| #define HAVE_SYS_STAT_H 1
| #define HAVE_STDLIB_H 1
| #define HAVE_STRING_H 1
| #define HAVE_MEMORY_H 1
| #define HAVE_STRINGS_H 1
| /* end confdefs.h.  */
| #include <stdio.h>
| #if HAVE_SYS_TYPES_H
| # include <sys/types.h>
| #endif
| #if HAVE_SYS_STAT_H
| # include <sys/stat.h>
| #endif
| #if STDC_HEADERS
| # include <stdlib.h>
| # include <stddef.h>
| #else
| # if HAVE_STDLIB_H
| #  include <stdlib.h>
| # endif
| #endif
| #if HAVE_STRING_H
| # if !STDC_HEADERS && HAVE_MEMORY_H
| #  include <memory.h>
| # endif
| # include <string.h>
| #endif
| #if HAVE_STRINGS_H
| # include <strings.h>
| #endif
| #if HAVE_INTTYPES_H
| # include <inttypes.h>
| #else
| # if HAVE_STDINT_H
| #  include <stdint.h>
| # endif
| #endif
| #if HAVE_UNISTD_H
| # include <unistd.h>
| #endif
| 
| #include <inttypes.h>
configure:4572: result: no
configure:4535: checking for stdint.h
configure:4552: g++ -c -mcrt=newlib -mcrt=newlib -DMINIGL conftest.cc >&5
configure:4555: $? = 0
configure:4558: test -s conftest.o
configure:4561: $? = 0
configure:4572: result: yes
configure:4535: checking for unistd.h
configure:4552: g++ -c -mcrt=newlib -mcrt=newlib -DMINIGL conftest.cc >&5
configure:4555: $? = 0
configure:4558: test -s conftest.o
configure:4561: $? = 0
configure:4572: result: yes
configure:4598: checking dlfcn.h usability
configure:4611: g++ -c -mcrt=newlib -mcrt=newlib -DMINIGL conftest.cc >&5
configure:4656:19: error: dlfcn.h: No such file or directory
configure:4614: $? = 1
configure: failed program was:
| #line 4600 "configure"
| /* confdefs.h.  */
| 
| #define PACKAGE_NAME ""
| #define PACKAGE_TARNAME ""
| #define PACKAGE_VERSION ""
| #define PACKAGE_STRING ""
| #define PACKAGE_BUGREPORT ""
| #define PACKAGE "resid"
| #define VERSION "0.16"
| #ifdef __cplusplus
| #include <stdlib.h>
| #endif
| #define STDC_HEADERS 1
| #define HAVE_SYS_TYPES_H 1
| #define HAVE_SYS_STAT_H 1
| #define HAVE_STDLIB_H 1
| #define HAVE_STRING_H 1
| #define HAVE_MEMORY_H 1
| #define HAVE_STRINGS_H 1
| #define HAVE_STDINT_H 1
| #define HAVE_UNISTD_H 1
| /* end confdefs.h.  */
| #include <stdio.h>
| #if HAVE_SYS_TYPES_H
| # include <sys/types.h>
| #endif
| #if HAVE_SYS_STAT_H
| # include <sys/stat.h>
| #endif
| #if STDC_HEADERS
| # include <stdlib.h>
| # include <stddef.h>
| #else
| # if HAVE_STDLIB_H
| #  include <stdlib.h>
| # endif
| #endif
| #if HAVE_STRING_H
| # if !STDC_HEADERS && HAVE_MEMORY_H
| #  include <memory.h>
| # endif
| # include <string.h>
| #endif
| #if HAVE_STRINGS_H
| # include <strings.h>
| #endif
| #if HAVE_INTTYPES_H
| # include <inttypes.h>
| #else
| # if HAVE_STDINT_H
| #  include <stdint.h>
| # endif
| #endif
| #if HAVE_UNISTD_H
| # include <unistd.h>
| #endif
| #include <dlfcn.h>
configure:4630: result: no
configure:4634: checking dlfcn.h presence
configure:4645: g++ -E -mcrt=newlib -DMINIGL conftest.cc
configure:4658:19: error: dlfcn.h: No such file or directory
configure:4651: $? = 1
configure: failed program was:
| #line 4636 "configure"
| /* confdefs.h.  */
| 
| #define PACKAGE_NAME ""
| #define PACKAGE_TARNAME ""
| #define PACKAGE_VERSION ""
| #define PACKAGE_STRING ""
| #define PACKAGE_BUGREPORT ""
| #define PACKAGE "resid"
| #define VERSION "0.16"
| #ifdef __cplusplus
| #include <stdlib.h>
| #endif
| #define STDC_HEADERS 1
| #define HAVE_SYS_TYPES_H 1
| #define HAVE_SYS_STAT_H 1
| #define HAVE_STDLIB_H 1
| #define HAVE_STRING_H 1
| #define HAVE_MEMORY_H 1
| #define HAVE_STRINGS_H 1
| #define HAVE_STDINT_H 1
| #define HAVE_UNISTD_H 1
| /* end confdefs.h.  */
| #include <dlfcn.h>
configure:4670: result: no
configure:4706: checking for dlfcn.h
configure:4713: result: no
configure:4911: checking for ranlib
configure:4927: found /gcc/bin/ranlib
configure:4938: result: ranlib
configure:4991: checking for strip
configure:5007: found /gcc/bin/strip
configure:5018: result: strip
configure:5228: checking for objdir
configure:5239: result: .libs
configure:5256: checking for gcc option to produce PIC
configure:5402: result: -m68020 -resident32 -malways-restore-a4
configure:5406: checking if gcc PIC flag -m68020 -resident32 -malways-restore-a4 works
configure:5430: g++ -c -mcrt=newlib -mcrt=newlib -DMINIGL conftest.cc >&5
configure:5433: $? = 0
configure:5436: test -s conftest.o
configure:5439: $? = 0
configure:5477: result: yes
configure:5493: checking if gcc static flag -static works
configure:5518: g++ -o conftest -mcrt=newlib -mcrt=newlib -DMINIGL -mcrt=newlib -static conftest.cc -lunix >&5
configure:5521: $? = 0
configure:5524: test -s conftest
configure:5527: $? = 0
configure:5543: result: yes
configure:5555: checking if gcc supports -c -o file.o
configure:5575: g++ -c -mcrt=newlib -mcrt=newlib -DMINIGL conftest.cc >&5
Assembler messages:
FATAL: can't create conftest.o: Permission denied
configure:5599: result: no
configure:5673: checking if we can lock with hard links
configure:5681: result: yes
configure:5694: checking if gcc supports -fno-rtti -fno-exceptions
configure:5717: g++ -c -mcrt=newlib -mcrt=newlib -DMINIGL conftest.cc >&5
configure:5720: $? = 0
configure:5723: test -s conftest.o
configure:5726: $? = 0
configure:5743: result: yes
configure:5754: checking whether the linker (ld) supports shared libraries
configure:6449: result: no
configure:6454: checking how to hardcode library paths into programs
configure:6478: result: immediate
configure:6483: checking whether stripping libraries is possible
configure:6488: result: yes
configure:6499: checking dynamic linker characteristics
configure:6930: result: amigaos ld.so
configure:6935: checking if libtool supports shared libraries
configure:6937: result: no
configure:6940: checking whether to build shared libraries
configure:6961: result: no
configure:6964: checking whether to build static libraries
configure:6968: result: yes
configure:8261: checking for int
configure:8286: g++ -c -mcrt=newlib -mcrt=newlib -DMINIGL conftest.cc >&5
configure:8289: $? = 0
configure:8292: test -s conftest.o
configure:8295: $? = 0
configure:8306: result: yes
configure:8309: checking size of int
configure:8584: g++ -o conftest -mcrt=newlib -mcrt=newlib -DMINIGL -mcrt=newlib conftest.cc -lunix >&5
configure:8587: $? = 0
configure:8589: ./conftest
configure:8592: $? = 0
configure:8615: result: 4
configure:8629: checking for working bool
configure:8653: g++ -c -mcrt=newlib -mcrt=newlib -DMINIGL conftest.cc >&5
configure:8656: $? = 0
configure:8659: test -s conftest.o
configure:8662: $? = 0
configure:8673: result: yes
configure:8819: creating ./config.status

## ---------------------- ##
## Running config.status. ##
## ---------------------- ##

This file was extended by config.status, which was
generated by GNU Autoconf 2.57.  Invocation command line was

  CONFIG_FILES    = 
  CONFIG_HEADERS  = 
  CONFIG_LINKS    = 
  CONFIG_COMMANDS = 
  $ ./config.status 

on localhost

config.status:664: creating Makefile
config.status:664: creating siddefs.h
config.status:789: executing depfiles commands

## ---------------- ##
## Cache variables. ##
## ---------------- ##

ac_cv_build=powerpc-unknown-amigaos
ac_cv_build_alias=ppc-unknown-amigaos
ac_cv_c_compiler_gnu=yes
ac_cv_cxx_bool=yes
ac_cv_cxx_compiler_gnu=yes
ac_cv_env_CC_set=
ac_cv_env_CC_value=
ac_cv_env_CFLAGS_set=set
ac_cv_env_CFLAGS_value=-mcrt=newlib
ac_cv_env_CPPFLAGS_set=set
ac_cv_env_CPPFLAGS_value='-mcrt=newlib -DMINIGL'
ac_cv_env_CXXCPP_set=
ac_cv_env_CXXCPP_value=
ac_cv_env_CXXFLAGS_set=set
ac_cv_env_CXXFLAGS_value=-mcrt=newlib
ac_cv_env_CXX_set=
ac_cv_env_CXX_value=
ac_cv_env_LDFLAGS_set=set
ac_cv_env_LDFLAGS_value=-mcrt=newlib
ac_cv_env_build_alias_set=
ac_cv_env_build_alias_value=
ac_cv_env_host_alias_set=
ac_cv_env_host_alias_value=
ac_cv_env_target_alias_set=
ac_cv_env_target_alias_value=
ac_cv_exeext=
ac_cv_header_dlfcn_h=no
ac_cv_header_inttypes_h=no
ac_cv_header_memory_h=yes
ac_cv_header_stdc=yes
ac_cv_header_stdint_h=yes
ac_cv_header_stdlib_h=yes
ac_cv_header_string_h=yes
ac_cv_header_strings_h=yes
ac_cv_header_sys_stat_h=yes
ac_cv_header_sys_types_h=yes
ac_cv_header_unistd_h=yes
ac_cv_host=powerpc-unknown-amigaos
ac_cv_host_alias=ppc-unknown-amigaos
ac_cv_objext=o
ac_cv_path_PERL=/SDK/Local/C/perl
ac_cv_path_install='/SDK/Local/C/ginstall -c'
ac_cv_prog_AWK=nawk
ac_cv_prog_CXXCPP='g++ -E'
ac_cv_prog_ac_ct_CC=gcc
ac_cv_prog_ac_ct_CXX=g++
ac_cv_prog_ac_ct_RANLIB=ranlib
ac_cv_prog_ac_ct_STRIP=strip
ac_cv_prog_cc_g=yes
ac_cv_prog_cc_stdc=
ac_cv_prog_cxx_g=yes
ac_cv_prog_egrep='grep -E'
ac_cv_prog_make__SDK_C_gmake_set=yes
ac_cv_sizeof_int=4
ac_cv_type_int=yes
am_cv_CC_dependencies_compiler_type=none
am_cv_CXX_dependencies_compiler_type=none
lt_cv_compiler_c_o=no
lt_cv_deplibs_check_method=unknown
lt_cv_file_magic_cmd='$MAGIC_CMD'
lt_cv_file_magic_test_file=
lt_cv_global_symbol_to_c_name_address='sed -n -e '\''s/^: \([^ ]*\) $/  {\"\1\", (lt_ptr) 0},/p'\'' -e '\''s/^[BCDEGRST] \([^ ]*\) \([^ ]*\)$/  {"\2", (lt_ptr) \&\2},/p'\'
lt_cv_global_symbol_to_cdecl='sed -n -e '\''s/^. .* \(.*\)$/extern char \1;/p'\'
lt_cv_ld_reload_flag=-r
lt_cv_path_LD=ld
lt_cv_path_NM='/gcc/bin/nm -B'
lt_cv_path_SED=/SDK/Local/C/sed
lt_cv_prog_cc_can_build_shared=yes
lt_cv_prog_cc_no_builtin=
lt_cv_prog_cc_pic=' -m68020 -resident32 -malways-restore-a4'
lt_cv_prog_cc_pic_works=yes
lt_cv_prog_cc_shlib=
lt_cv_prog_cc_static=-static
lt_cv_prog_cc_static_works=yes
lt_cv_prog_cc_wl=-Wl,
lt_cv_prog_gnu_ld=yes
lt_cv_sys_global_symbol_pipe='sed -n -e '\''s/^.*[ 	]\([ABCDGISTW][ABCDGISTW]*\)[ 	][ 	]*\(\)\([_A-Za-z][_A-Za-z0-9]*\)$/\1 \2\3 \3/p'\'

## ----------------- ##
## Output variables. ##
## ----------------- ##

ac_ct_CC='gcc'
ac_ct_CXX='g++'
ac_ct_RANLIB='ranlib'
ac_ct_STRIP='strip'
ACLOCAL='aclocal-1.6'
am__include='include'
am__quote=''
AMDEP_FALSE=''
AMDEP_TRUE='#'
AMDEPBACKSLASH=''
AMTAR='tar'
AUTOCONF='autoconf'
AUTOHEADER='autoheader'
AUTOMAKE='automake-1.6'
AWK='nawk'
bindir='/SDK/Local/C'
build='powerpc-unknown-amigaos'
build_alias=''
build_cpu='powerpc'
build_os='amigaos'
build_vendor='unknown'
CC='gcc'
CCDEPMODE='depmode=none'
CFLAGS='-mcrt=newlib'
CPPFLAGS='-mcrt=newlib -DMINIGL'
CXX='g++'
CXXCPP='g++ -E'
CXXDEPMODE='depmode=none'
CXXFLAGS='-mcrt=newlib'
datadir='${prefix}/share'
DEFS='-DPACKAGE_NAME=\"\" -DPACKAGE_TARNAME=\"\" -DPACKAGE_VERSION=\"\" -DPACKAGE_STRING=\"\" -DPACKAGE_BUGREPORT=\"\" -DPACKAGE=\"resid\" -DVERSION=\"0.16\" -DSTDC_HEADERS=1 -DHAVE_SYS_TYPES_H=1 -DHAVE_SYS_STAT_H=1 -DHAVE_STDLIB_H=1 -DHAVE_STRING_H=1 -DHAVE_MEMORY_H=1 -DHAVE_STRINGS_H=1 -DHAVE_STDINT_H=1 -DHAVE_UNISTD_H=1 -DSIZEOF_INT=4 '
DEPDIR='.deps'
ECHO='/SDK/Local/C/echo'
ECHO_C=''ECHO_N=''
ECHO_T=''
EGREP='grep -E'
exec_prefix='${prefix}'
EXEEXT=''
host='powerpc-unknown-amigaos'
host_alias=''
host_cpu='powerpc'
host_os='amigaos'
host_vendor='unknown'
includedir='/SDK/Local/common/include'
infodir='${prefix}/info'
INSTALL_DATA='${INSTALL} -m 644'
INSTALL_PROGRAM='${INSTALL}'
INSTALL_SCRIPT='${INSTALL}'
install_sh='/RAM Disk/resid-0.16/install-sh'
INSTALL_STRIP_PROGRAM='${SHELL} $(install_sh) -c -s'
LDFLAGS='-mcrt=newlib'
libdir='/SDK/Local/newlib/lib'
libexecdir='${exec_prefix}/libexec'
LIBOBJS=''
LIBS='-lunix'
LIBTOOL='$(SHELL) $(top_builddir)/libtool'
LIBTOOL_DEPS='./ltmain.sh'
LN_S='ln -s'
localstatedir='${prefix}/var'
LTLIBOBJS=''
LTVERSION='5:0:0'
MAKEINFO='makeinfo'
mandir='${prefix}/man'
OBJEXT='o'
oldincludedir='/usr/include'
PACKAGE='resid'
PACKAGE_BUGREPORT=''
PACKAGE_NAME=''
PACKAGE_STRING=''
PACKAGE_TARNAME=''
PACKAGE_VERSION=''
PATH_SEPARATOR=':'
PERL='/SDK/Local/C/perl'
prefix='/SDK/Local'
program_transform_name='s,x,x,'
RANLIB='ranlib'
RESID_HAVE_BOOL='1'
RESID_INLINE='inline'
RESID_INLINING='1'
sbindir='${exec_prefix}/sbin'
SET_MAKE=''
sharedstatedir='${prefix}/com'
SHELL='/bin/sh'
STRIP='strip'
sysconfdir='${prefix}/etc'
target_alias=''
VERSION='0.16'

## ----------- ##
## confdefs.h. ##
## ----------- ##

#define HAVE_MEMORY_H 1
#define HAVE_STDINT_H 1
#define HAVE_STDLIB_H 1
#define HAVE_STRING_H 1
#define HAVE_STRINGS_H 1
#define HAVE_SYS_STAT_H 1
#define HAVE_SYS_TYPES_H 1
#define HAVE_UNISTD_H 1
#define PACKAGE "resid"
#define PACKAGE_BUGREPORT ""
#define PACKAGE_NAME ""
#define PACKAGE_STRING ""
#define PACKAGE_TARNAME ""
#define PACKAGE_VERSION ""
#define SIZEOF_INT 4
#define STDC_HEADERS 1
#define VERSION "0.16"
#endif
#ifdef __cplusplus
#include <stdlib.h>

configure: exit 0
