		HardDisk information for 'a1ide.device' unit 2

	Rigid Disk Block found at block 0  ---  CheckSum is OK.

 ID           = 0x5244534B = 'RDSK'     block identifier
 SummedLongs  = 0x00000080 =        128 size of RDB structure
 ChkSum       = 0xA2D5A0E6              block checksum
 HostID       = 0x00000007 =          7 SCSI Target ID of host (controller)
 BlockBytes   = 0x00000200 =        512 size of disk blocks
 RDB Flags    = 0x00000017 =
                RDBF_LAST       - Last drive on this controller
                RDBF_LASTLUN    - Last LUN on this SCSI-address
                RDBF_LASTTID    - Last SCSI-address on this SCSI bus
                                - Drive supports scsi reselection
                RDBF_DISKID     - RDB contains valid disk identification

	--- Block list heads (0xFFFFFFFF or -1 is none): ---

 BadBlockList      = 0xFFFFFFFF =         -1 (OBSOLETE!)
 PartitionList     = 0x0000003C =         60 optional first partition block
 FileSysHeaderList = 0xFFFFFFFF =         -1 optional file system header block
 DriveInit         = 0xFFFFFFFF =         -1 optional drive-specific init code
 BootStrapCode     = 0x00000001 =          1 Secondary bootstrap code. Uses sector type BOOT
   Reserved1[0]    = 0xFFFFFFFF
   Reserved1[1]    = 0xFFFFFFFF
   Reserved1[2]    = 0xFFFFFFFF
   Reserved1[3]    = 0xFFFFFFFF
   Reserved1[4]    = 0xFFFFFFFF

	--- Physical drive characteristics: ---

 Cylinders    = 0x004C55D0 =    5002704 number of drive cylinders
 Sectors      = 0x00000010 =         16 sectors per track
 Heads        = 0x00000004 =          4 number of drive heads
 Interleave   = 0x00000001 =          1 interleave
 Park         = 0x004C55D0 =    5002704 landing zone cylinder
 WritePreComp = 0x00000000 =          0 starting cylinder: write precompensation
 ReducedWrite = 0x00000000 =          0 starting cylinder: reduced write current
 StepRate     = 0x00000000 =          0 drive step rate

	--- Logical drive characteristics ---

 RDBBlocksLo     = 0x00000000 =          0 low block of range reserved for these hardblocks
 RDBBlocksHi     = 0x000007FF =       2047 high block of range reserved for these hardblocks
 LoCylinder      = 0x00000020 =         32 low cylinder of partitionable disk area
 HiCylinder      = 0x004C55CF =    5002703 high cylinder of partitionable disk area
 CylBlocks       = 0x00000040 =         64 number of blocks per cylinder
 AutoParkSeconds = 0x00000000 =          0 zero means no autopark
 HighRDSKBlock   = 0x00000042 =         66 highest block used by RDB
 Reserved4       = 0x00000000

	--- Drive/Disk identification : ---

 DiskVendor         = 'Maxtor  '
 DiskProduct        = '6Y160P0         '
 DiskRevision       = 'YAR4'

	--- Controller identification : ---
	*** not present. ***

 DriveInitName  = '                                        '
 BootStrapName  = 'cd0:slb_v2'

Partition Block at block 60  ---  CheckSum is OK.
 Partition AH0:
 Flags          = 0x00000001 =
                  PBF_BOOTABLE    - Partition is bootable
                  PBF_NOMOUNT     - Partition is automaticaly mounted 
 DevFlags       = 0x00000000 =          0 Preferred flags for OpenDevice
                                 DosEnvec block has 19 entries
 SizeBlock      = 0x00000080 =        128 block size in longwords
 SecOrg         = 0x00000000 =          0 not used
 Surfaces       = 0x00000002 =          2 number of heads
 SectorPerBlock = 0x00000001 =          1 not used; must be 1
 BlocksPerTrack = 0x00000020 =         32 number of blocks per track
 Reserved       = 0x00000002 =          2 DOS reserved blocks at start of partition
 PreAlloc       = 0x00000000 =          0 DOS reserved blocks at end of partition
 Interleave     = 0x00000001 =          1 (usually 0)
 LowCyl         = 0x00000020 =         32 starting cylinder
 HighCyl        = 0x00051338 =     332600 ending cylinder
 NumBuffers     = 0x000001F4 =        500 initial number of buffers
 BufMemType     = 0x00000001 =          1 type of memory for buffers
 MaxTransfer    = 0x7FFFFFFF = 2147483647 max number of bytes to transfer at a time
 Mask           = 0xFFFFFFFE =         -2 address mask to block out certain memory
 BootPri        = 0xFFFFFFCE =        -50 boot priority for autoboot
 DosType        = 0x444F5307 =   'DOS\07' HEX string showing filesystem type
 Baud           = 0x00000000 =          0 baud rate for serial handler
 Control        = 0x00000000 =          0 control word for handler/filesystem
 BootBlocks     = 0x00000000 =          0 number of blocks containing boot code

Partition Block at block 61  ---  CheckSum is OK.
 Partition AH1:
 Flags          = 0x00000000 =
                  PBF_BOOTABLE    - Partition is NOT bootable
                  PBF_NOMOUNT     - Partition is automaticaly mounted 
 DevFlags       = 0x00000000 =          0 Preferred flags for OpenDevice
                                 DosEnvec block has 19 entries
 SizeBlock      = 0x00000080 =        128 block size in longwords
 SecOrg         = 0x00000000 =          0 not used
 Surfaces       = 0x00000002 =          2 number of heads
 SectorPerBlock = 0x00000001 =          1 not used; must be 1
 BlocksPerTrack = 0x00000020 =         32 number of blocks per track
 Reserved       = 0x00000002 =          2 DOS reserved blocks at start of partition
 PreAlloc       = 0x00000000 =          0 DOS reserved blocks at end of partition
 Interleave     = 0x00000000 =          0 (usually 0)
 LowCyl         = 0x00051339 =     332601 starting cylinder
 HighCyl        = 0x000F3B48 =     998216 ending cylinder
 NumBuffers     = 0x000001F4 =        500 initial number of buffers
 BufMemType     = 0x00000001 =          1 type of memory for buffers
 MaxTransfer    = 0x7FFFFFFF = 2147483647 max number of bytes to transfer at a time
 Mask           = 0xFFFFFFFE =         -2 address mask to block out certain memory
 BootPri        = 0x00000000 =          0 boot priority for autoboot
 DosType        = 0x444F5307 =   'DOS\07' HEX string showing filesystem type
 Baud           = 0x00000000 =          0 baud rate for serial handler
 Control        = 0x00000000 =          0 control word for handler/filesystem
 BootBlocks     = 0x00000000 =          0 number of blocks containing boot code

Partition Block at block 62  ---  CheckSum is OK.
 Partition AH2:
 Flags          = 0x00000000 =
                  PBF_BOOTABLE    - Partition is NOT bootable
                  PBF_NOMOUNT     - Partition is automaticaly mounted 
 DevFlags       = 0x00000000 =          0 Preferred flags for OpenDevice
                                 DosEnvec block has 19 entries
 SizeBlock      = 0x00000080 =        128 block size in longwords
 SecOrg         = 0x00000000 =          0 not used
 Surfaces       = 0x00000002 =          2 number of heads
 SectorPerBlock = 0x00000001 =          1 not used; must be 1
 BlocksPerTrack = 0x00000020 =         32 number of blocks per track
 Reserved       = 0x00000002 =          2 DOS reserved blocks at start of partition
 PreAlloc       = 0x00000000 =          0 DOS reserved blocks at end of partition
 Interleave     = 0x00000000 =          0 (usually 0)
 LowCyl         = 0x000F3B49 =     998217 starting cylinder
 HighCyl        = 0x00196358 =    1663832 ending cylinder
 NumBuffers     = 0x000001F4 =        500 initial number of buffers
 BufMemType     = 0x00000001 =          1 type of memory for buffers
 MaxTransfer    = 0x7FFFFFFF = 2147483647 max number of bytes to transfer at a time
 Mask           = 0xFFFFFFFE =         -2 address mask to block out certain memory
 BootPri        = 0x00000000 =          0 boot priority for autoboot
 DosType        = 0x444F5307 =   'DOS\07' HEX string showing filesystem type
 Baud           = 0x00000000 =          0 baud rate for serial handler
 Control        = 0x00000000 =          0 control word for handler/filesystem
 BootBlocks     = 0x00000000 =          0 number of blocks containing boot code

Partition Block at block 63  ---  CheckSum is OK.
 Partition AH3:
 Flags          = 0x00000000 =
                  PBF_BOOTABLE    - Partition is NOT bootable
                  PBF_NOMOUNT     - Partition is automaticaly mounted 
 DevFlags       = 0x00000000 =          0 Preferred flags for OpenDevice
                                 DosEnvec block has 19 entries
 SizeBlock      = 0x00000080 =        128 block size in longwords
 SecOrg         = 0x00000000 =          0 not used
 Surfaces       = 0x00000002 =          2 number of heads
 SectorPerBlock = 0x00000001 =          1 not used; must be 1
 BlocksPerTrack = 0x00000020 =         32 number of blocks per track
 Reserved       = 0x00000002 =          2 DOS reserved blocks at start of partition
 PreAlloc       = 0x00000000 =          0 DOS reserved blocks at end of partition
 Interleave     = 0x00000000 =          0 (usually 0)
 LowCyl         = 0x00196359 =    1663833 starting cylinder
 HighCyl        = 0x00238B68 =    2329448 ending cylinder
 NumBuffers     = 0x000001F4 =        500 initial number of buffers
 BufMemType     = 0x00000001 =          1 type of memory for buffers
 MaxTransfer    = 0x7FFFFFFF = 2147483647 max number of bytes to transfer at a time
 Mask           = 0xFFFFFFFE =         -2 address mask to block out certain memory
 BootPri        = 0x00000000 =          0 boot priority for autoboot
 DosType        = 0x444F5307 =   'DOS\07' HEX string showing filesystem type
 Baud           = 0x00000000 =          0 baud rate for serial handler
 Control        = 0x00000000 =          0 control word for handler/filesystem
 BootBlocks     = 0x00000000 =          0 number of blocks containing boot code

Partition Block at block 64  ---  CheckSum is OK.
 Partition AH4:
 Flags          = 0x00000000 =
                  PBF_BOOTABLE    - Partition is NOT bootable
                  PBF_NOMOUNT     - Partition is automaticaly mounted 
 DevFlags       = 0x00000000 =          0 Preferred flags for OpenDevice
                                 DosEnvec block has 19 entries
 SizeBlock      = 0x00000080 =        128 block size in longwords
 SecOrg         = 0x00000000 =          0 not used
 Surfaces       = 0x00000002 =          2 number of heads
 SectorPerBlock = 0x00000001 =          1 not used; must be 1
 BlocksPerTrack = 0x00000020 =         32 number of blocks per track
 Reserved       = 0x00000002 =          2 DOS reserved blocks at start of partition
 PreAlloc       = 0x00000000 =          0 DOS reserved blocks at end of partition
 Interleave     = 0x00000000 =          0 (usually 0)
 LowCyl         = 0x00238B69 =    2329449 starting cylinder
 HighCyl        = 0x002DB378 =    2995064 ending cylinder
 NumBuffers     = 0x000001F4 =        500 initial number of buffers
 BufMemType     = 0x00000001 =          1 type of memory for buffers
 MaxTransfer    = 0x7FFFFFFF = 2147483647 max number of bytes to transfer at a time
 Mask           = 0xFFFFFFFE =         -2 address mask to block out certain memory
 BootPri        = 0x00000000 =          0 boot priority for autoboot
 DosType        = 0x444F5307 =   'DOS\07' HEX string showing filesystem type
 Baud           = 0x00000000 =          0 baud rate for serial handler
 Control        = 0x00000000 =          0 control word for handler/filesystem
 BootBlocks     = 0x00000000 =          0 number of blocks containing boot code

Partition Block at block 65  ---  CheckSum is OK.
 Partition AH5:
 Flags          = 0x00000000 =
                  PBF_BOOTABLE    - Partition is NOT bootable
                  PBF_NOMOUNT     - Partition is automaticaly mounted 
 DevFlags       = 0x00000000 =          0 Preferred flags for OpenDevice
                                 DosEnvec block has 19 entries
 SizeBlock      = 0x00000080 =        128 block size in longwords
 SecOrg         = 0x00000000 =          0 not used
 Surfaces       = 0x00000002 =          2 number of heads
 SectorPerBlock = 0x00000001 =          1 not used; must be 1
 BlocksPerTrack = 0x00000020 =         32 number of blocks per track
 Reserved       = 0x00000002 =          2 DOS reserved blocks at start of partition
 PreAlloc       = 0x00000000 =          0 DOS reserved blocks at end of partition
 Interleave     = 0x00000000 =          0 (usually 0)
 LowCyl         = 0x002DB379 =    2995065 starting cylinder
 HighCyl        = 0x003C28B3 =    3942579 ending cylinder
 NumBuffers     = 0x000001F4 =        500 initial number of buffers
 BufMemType     = 0x00000001 =          1 type of memory for buffers
 MaxTransfer    = 0x7FFFFFFF = 2147483647 max number of bytes to transfer at a time
 Mask           = 0xFFFFFFFE =         -2 address mask to block out certain memory
 BootPri        = 0x00000000 =          0 boot priority for autoboot
 DosType        = 0x444F5307 =   'DOS\07' HEX string showing filesystem type
 Baud           = 0x00000000 =          0 baud rate for serial handler
 Control        = 0x00000000 =          0 control word for handler/filesystem
 BootBlocks     = 0x00000000 =          0 number of blocks containing boot code

Partition Block at block 66  ---  CheckSum is OK.
 Partition AH6:
 Flags          = 0x00000000 =
                  PBF_BOOTABLE    - Partition is NOT bootable
                  PBF_NOMOUNT     - Partition is automaticaly mounted 
 DevFlags       = 0x00000000 =          0 Preferred flags for OpenDevice
                                 DosEnvec block has 19 entries
 SizeBlock      = 0x00000080 =        128 block size in longwords
 SecOrg         = 0x00000000 =          0 not used
 Surfaces       = 0x00000002 =          2 number of heads
 SectorPerBlock = 0x00000001 =          1 not used; must be 1
 BlocksPerTrack = 0x00000020 =         32 number of blocks per track
 Reserved       = 0x00000002 =          2 DOS reserved blocks at start of partition
 PreAlloc       = 0x00000000 =          0 DOS reserved blocks at end of partition
 Interleave     = 0x00000000 =          0 (usually 0)
 LowCyl         = 0x003C28B4 =    3942580 starting cylinder
 HighCyl        = 0x004C55CF =    5002703 ending cylinder
 NumBuffers     = 0x000001F4 =        500 initial number of buffers
 BufMemType     = 0x00000001 =          1 type of memory for buffers
 MaxTransfer    = 0x7FFFFFFF = 2147483647 max number of bytes to transfer at a time
 Mask           = 0xFFFFFFFE =         -2 address mask to block out certain memory
 BootPri        = 0x00000000 =          0 boot priority for autoboot
 DosType        = 0x444F5301 =   'DOS\01' HEX string showing filesystem type
 Baud           = 0x00000000 =          0 baud rate for serial handler
 Control        = 0x00000000 =          0 control word for handler/filesystem
 BootBlocks     = 0x00000000 =          0 number of blocks containing boot code

There are total 7 valid partitions on this drive.

