This file contains any messages produced by compilers while
running configure, to aid debugging if configure makes a mistake.

It was created by configure, which was
generated by GNU Autoconf 2.57.  Invocation command line was

  $ configure --disable-dependency-tracking --bindir=/SDK/Local/C --prefix=/SDK/Local --libdir=/SDK/Local/clib2/lib --includedir=/SDK/Local/common/include CFLAGS=-mcrt=clib2 CPPFLAGS=-mcrt=clib2 -DMINIGL CXXFLAGS=-mcrt=clib2 LIBS=-lunix LDFLAGS=-mcrt=clib2

## --------- ##
## Platform. ##
## --------- ##

hostname = localhost
uname -m = ppc
uname -r = 51.4
uname -s = AmigaOS
uname -v = 4.0

/usr/bin/uname -p = unknown
/bin/uname -X     = unknown

/bin/arch              = unknown
/usr/bin/arch -k       = unknown
/usr/convex/getsysinfo = unknown
hostinfo               = unknown
/bin/machine           = unknown
/usr/bin/oslevel       = unknown
/bin/universe          = unknown

PATH: /SDK/Local/clib2/bin
PATH: /gcc/bin
PATH: /SDK/C
PATH: /SDK/Local/C
PATH: /SDK/Local/newlib/bin
PATH: /SDK/Local/clib2/bin
PATH: /C
PATH: .


## ----------- ##
## Core tests. ##
## ----------- ##

configure:1388: creating cache /dev/null
configure:1507: checking for a BSD-compatible install
configure:1561: result: /SDK/Local/C/ginstall -c
configure:1572: checking whether build environment is sane
configure:1615: result: yes
configure:1648: checking for gawk
configure:1677: result: no
configure:1648: checking for mawk
configure:1677: result: no
configure:1648: checking for nawk
configure:1664: found /SDK/Local/C/nawk
configure:1674: result: nawk
configure:1684: checking whether /SDK/C/gmake sets $(MAKE)
configure:1704: result: yes
configure:1946: checking for g++
configure:1962: found /gcc/bin/g++
configure:1972: result: g++
configure:1988: checking for C++ compiler version
configure:1991: g++ --version </dev/null >&5
g++ (GCC) 4.0.2 (AmigaOS build 20051012)
Copyright (C) 2005 Free Software Foundation, Inc.
This is free software; see the source for copying conditions.  There is NO
warranty; not even for MERCHANTABILITY or FITNESS FOR A PARTICULAR PURPOSE.

configure:1994: $? = 0
configure:1996: g++ -v </dev/null >&5
Reading specs from Bub:SDK/gcc/bin/../lib/gcc/ppc-amigaos/4.0.2/specs
Target: ppc-amigaos
Configured with: ../gcc-4.0.2/configure --host=ppc-amigaos --target=ppc-amigaos --build=i686-cygwin --prefix=/gcc --enable-languages=c,c++,objc --enable-haifa --enable-sjlj-exceptions --disable-shared --disable-libstdcxx-pch
Thread model: single
gcc version 4.0.2 (AmigaOS build 20051012)
configure:1999: $? = 0
configure:2001: g++ -V </dev/null >&5
g++: '-V' option must have argument
configure:2004: $? = 1
configure:2028: checking for C++ compiler default output
configure:2031: g++ -mcrt=clib2 -mcrt=clib2 -DMINIGL -mcrt=clib2 conftest.cc -lunix >&5
configure:2034: $? = 0
configure:2080: result: a.out
configure:2085: checking whether the C++ compiler works
configure:2091: ./a.out
configure:2094: $? = 0
configure:2111: result: yes
configure:2118: checking whether we are cross compiling
configure:2120: result: no
configure:2123: checking for suffix of executables
configure:2125: g++ -o conftest -mcrt=clib2 -mcrt=clib2 -DMINIGL -mcrt=clib2 conftest.cc -lunix >&5
configure:2128: $? = 0
configure:2153: result: 
configure:2159: checking for suffix of object files
configure:2181: g++ -c -mcrt=clib2 -mcrt=clib2 -DMINIGL conftest.cc >&5
configure:2184: $? = 0
configure:2206: result: o
configure:2210: checking whether we are using the GNU C++ compiler
configure:2235: g++ -c -mcrt=clib2 -mcrt=clib2 -DMINIGL conftest.cc >&5
configure:2238: $? = 0
configure:2241: test -s conftest.o
configure:2244: $? = 0
configure:2257: result: yes
configure:2263: checking whether g++ accepts -g
configure:2285: g++ -c -g -mcrt=clib2 -DMINIGL conftest.cc >&5
configure:2288: $? = 0
configure:2291: test -s conftest.o
configure:2294: $? = 0
configure:2305: result: yes
configure:2349: g++ -c -mcrt=clib2 -mcrt=clib2 -DMINIGL conftest.cc >&5
configure:2352: $? = 0
configure:2355: test -s conftest.o
configure:2358: $? = 0
configure:2385: g++ -c -mcrt=clib2 -mcrt=clib2 -DMINIGL conftest.cc >&5
configure: In function 'int main()':
configure:2382: error: 'exit' was not declared in this scope
configure:2388: $? = 1
configure: failed program was:
| #line 2368 "configure"
| /* confdefs.h.  */
| 
| #define PACKAGE_NAME ""
| #define PACKAGE_TARNAME ""
| #define PACKAGE_VERSION ""
| #define PACKAGE_STRING ""
| #define PACKAGE_BUGREPORT ""
| #define PACKAGE "resid"
| #define VERSION "0.16"
| /* end confdefs.h.  */
| 
| int
| main ()
| {
| exit (42);
|   ;
|   return 0;
| }
configure:2349: g++ -c -mcrt=clib2 -mcrt=clib2 -DMINIGL conftest.cc >&5
configure:2352: $? = 0
configure:2355: test -s conftest.o
configure:2358: $? = 0
configure:2385: g++ -c -mcrt=clib2 -mcrt=clib2 -DMINIGL conftest.cc >&5
configure:2388: $? = 0
configure:2391: test -s conftest.o
configure:2394: $? = 0
configure:2427: checking for style of include used by /SDK/C/gmake
configure:2455: result: GNU
configure:2483: checking dependency style of g++
configure:2551: result: none
configure:2620: checking for perl
configure:2638: found /SDK/Local/C/perl
configure:2650: result: /SDK/Local/C/perl
configure:2665: checking how to run the C++ preprocessor
configure:2697: g++ -E -mcrt=clib2 -DMINIGL conftest.cc
configure:2703: $? = 0
configure:2735: g++ -E -mcrt=clib2 -DMINIGL conftest.cc
configure:2739:28: error: ac_nonexistent.h: No such file or directory
configure:2741: $? = 1
configure: failed program was:
| #line 2726 "configure"
| /* confdefs.h.  */
| 
| #define PACKAGE_NAME ""
| #define PACKAGE_TARNAME ""
| #define PACKAGE_VERSION ""
| #define PACKAGE_STRING ""
| #define PACKAGE_BUGREPORT ""
| #define PACKAGE "resid"
| #define VERSION "0.16"
| #ifdef __cplusplus
| #include <stdlib.h>
| #endif
| /* end confdefs.h.  */
| #include <ac_nonexistent.h>
configure:2779: result: g++ -E
configure:2804: g++ -E -mcrt=clib2 -DMINIGL conftest.cc
configure:2810: $? = 0
configure:2842: g++ -E -mcrt=clib2 -DMINIGL conftest.cc
configure:2846:28: error: ac_nonexistent.h: No such file or directory
configure:2848: $? = 1
configure: failed program was:
| #line 2833 "configure"
| /* confdefs.h.  */
| 
| #define PACKAGE_NAME ""
| #define PACKAGE_TARNAME ""
| #define PACKAGE_VERSION ""
| #define PACKAGE_STRING ""
| #define PACKAGE_BUGREPORT ""
| #define PACKAGE "resid"
| #define VERSION "0.16"
| #ifdef __cplusplus
| #include <stdlib.h>
| #endif
| /* end confdefs.h.  */
| #include <ac_nonexistent.h>
configure:2891: checking for egrep
configure:2901: result: grep -E
configure:2906: checking for ANSI C header files
configure:2932: g++ -c -mcrt=clib2 -mcrt=clib2 -DMINIGL conftest.cc >&5
configure:2935: $? = 0
configure:2938: test -s conftest.o
configure:2941: $? = 0
configure:3033: g++ -o conftest -mcrt=clib2 -mcrt=clib2 -DMINIGL -mcrt=clib2 conftest.cc -lunix >&5
configure:3036: $? = 0
configure:3038: ./conftest
configure:3041: $? = 0
configure:3056: result: yes
configure:3080: checking for sys/types.h
configure:3097: g++ -c -mcrt=clib2 -mcrt=clib2 -DMINIGL conftest.cc >&5
configure:3100: $? = 0
configure:3103: test -s conftest.o
configure:3106: $? = 0
configure:3117: result: yes
configure:3080: checking for sys/stat.h
configure:3097: g++ -c -mcrt=clib2 -mcrt=clib2 -DMINIGL conftest.cc >&5
configure:3100: $? = 0
configure:3103: test -s conftest.o
configure:3106: $? = 0
configure:3117: result: yes
configure:3080: checking for stdlib.h
configure:3097: g++ -c -mcrt=clib2 -mcrt=clib2 -DMINIGL conftest.cc >&5
configure:3100: $? = 0
configure:3103: test -s conftest.o
configure:3106: $? = 0
configure:3117: result: yes
configure:3080: checking for string.h
configure:3097: g++ -c -mcrt=clib2 -mcrt=clib2 -DMINIGL conftest.cc >&5
configure:3100: $? = 0
configure:3103: test -s conftest.o
configure:3106: $? = 0
configure:3117: result: yes
configure:3080: checking for memory.h
configure:3097: g++ -c -mcrt=clib2 -mcrt=clib2 -DMINIGL conftest.cc >&5
In file included from configure:3138:
SDK:local/common/include/memory.h:1:2: warning: #warning Hey Spot! Exchange memory.h with string.h
configure:3100: $? = 0
configure:3103: test -s conftest.o
configure:3106: $? = 0
configure:3117: result: yes
configure:3080: checking for strings.h
configure:3097: g++ -c -mcrt=clib2 -mcrt=clib2 -DMINIGL conftest.cc >&5
configure:3100: $? = 0
configure:3103: test -s conftest.o
configure:3106: $? = 0
configure:3117: result: yes
configure:3080: checking for inttypes.h
configure:3097: g++ -c -mcrt=clib2 -mcrt=clib2 -DMINIGL conftest.cc >&5
configure:3100: $? = 0
configure:3103: test -s conftest.o
configure:3106: $? = 0
configure:3117: result: yes
configure:3080: checking for stdint.h
configure:3097: g++ -c -mcrt=clib2 -mcrt=clib2 -DMINIGL conftest.cc >&5
configure:3100: $? = 0
configure:3103: test -s conftest.o
configure:3106: $? = 0
configure:3117: result: yes
configure:3080: checking for unistd.h
configure:3097: g++ -c -mcrt=clib2 -mcrt=clib2 -DMINIGL conftest.cc >&5
configure:3100: $? = 0
configure:3103: test -s conftest.o
configure:3106: $? = 0
configure:3117: result: yes
configure:3129: checking for int
configure:3154: g++ -c -mcrt=clib2 -mcrt=clib2 -DMINIGL conftest.cc >&5
configure:3157: $? = 0
configure:3160: test -s conftest.o
configure:3163: $? = 0
configure:3174: result: yes
configure:3177: checking size of int
configure:3452: g++ -o conftest -mcrt=clib2 -mcrt=clib2 -DMINIGL -mcrt=clib2 conftest.cc -lunix >&5
configure:3455: $? = 0
configure:3457: ./conftest
configure:3460: $? = 0
configure:3483: result: 4
configure:3497: checking for working bool
configure:3521: g++ -c -mcrt=clib2 -mcrt=clib2 -DMINIGL conftest.cc >&5
configure:3524: $? = 0
configure:3527: test -s conftest.o
configure:3530: $? = 0
configure:3541: result: yes
configure:3632: checking build system type
configure:3650: result: powerpc-unknown-amigaos
configure:3658: checking host system type
configure:3672: result: powerpc-unknown-amigaos
configure:3726: checking for gcc
configure:3742: found /gcc/bin/gcc
configure:3752: result: gcc
configure:3996: checking for C compiler version
configure:3999: gcc --version </dev/null >&5
gcc (GCC) 4.0.2 (AmigaOS build 20051012)
Copyright (C) 2005 Free Software Foundation, Inc.
This is free software; see the source for copying conditions.  There is NO
warranty; not even for MERCHANTABILITY or FITNESS FOR A PARTICULAR PURPOSE.

configure:4002: $? = 0
configure:4004: gcc -v </dev/null >&5
Reading specs from Bub:SDK/gcc/bin/../lib/gcc/ppc-amigaos/4.0.2/specs
Target: ppc-amigaos
Configured with: ../gcc-4.0.2/configure --host=ppc-amigaos --target=ppc-amigaos --build=i686-cygwin --prefix=/gcc --enable-languages=c,c++,objc --enable-haifa --enable-sjlj-exceptions --disable-shared --disable-libstdcxx-pch
Thread model: single
gcc version 4.0.2 (AmigaOS build 20051012)
configure:4007: $? = 0
configure:4009: gcc -V </dev/null >&5
gcc: '-V' option must have argument
configure:4012: $? = 1
configure:4015: checking whether we are using the GNU C compiler
configure:4040: gcc -c -mcrt=clib2 -mcrt=clib2 -DMINIGL conftest.c >&5
configure:4043: $? = 0
configure:4046: test -s conftest.o
configure:4049: $? = 0
configure:4062: result: yes
configure:4068: checking whether gcc accepts -g
configure:4090: gcc -c -g -mcrt=clib2 -DMINIGL conftest.c >&5
configure:4093: $? = 0
configure:4096: test -s conftest.o
configure:4099: $? = 0
configure:4110: result: yes
configure:4127: checking for gcc option to accept ANSI C
configure:4188: gcc  -c -mcrt=clib2 -mcrt=clib2 -DMINIGL conftest.c >&5
configure:4191: $? = 0
configure:4194: test -s conftest.o
configure:4197: $? = 0
configure:4215: result: none needed
configure:4233: gcc -c -mcrt=clib2 -mcrt=clib2 -DMINIGL conftest.c >&5
conftest.c:2: error: syntax error before 'me'
configure:4236: $? = 1
configure: failed program was:
| #ifndef __cplusplus
|   choke me
| #endif
configure:4347: checking dependency style of gcc
configure:4415: result: none
configure:4432: checking for a sed that does not truncate output
configure:4486: result: /SDK/Local/C/sed
configure:4500: checking for ld used by gcc
configure:4567: result: ld
configure:4576: checking if the linker (ld) is GNU ld
configure:4591: result: yes
configure:4596: checking for ld option to reload object files
configure:4603: result: -r
configure:4612: checking for BSD-compatible nm
configure:4654: result: /gcc/bin/nm -B
configure:4658: checking whether ln -s works
configure:4662: result: yes
configure:4669: checking how to recognise dependent libraries
configure:4869: result: unknown
configure:5073: checking how to run the C preprocessor
configure:5109: gcc -E -mcrt=clib2 -DMINIGL conftest.c
configure:5115: $? = 0
configure:5147: gcc -E -mcrt=clib2 -DMINIGL conftest.c
configure:5162:28: error: ac_nonexistent.h: No such file or directory
configure:5153: $? = 1
configure: failed program was:
| #line 5138 "configure"
| /* confdefs.h.  */
| 
| #define PACKAGE_NAME ""
| #define PACKAGE_TARNAME ""
| #define PACKAGE_VERSION ""
| #define PACKAGE_STRING ""
| #define PACKAGE_BUGREPORT ""
| #define PACKAGE "resid"
| #define VERSION "0.16"
| #ifdef __cplusplus
| #include <stdlib.h>
| #endif
| #define STDC_HEADERS 1
| #define HAVE_SYS_TYPES_H 1
| #define HAVE_SYS_STAT_H 1
| #define HAVE_STDLIB_H 1
| #define HAVE_STRING_H 1
| #define HAVE_MEMORY_H 1
| #define HAVE_STRINGS_H 1
| #define HAVE_INTTYPES_H 1
| #define HAVE_STDINT_H 1
| #define HAVE_UNISTD_H 1
| #define SIZEOF_INT 4
| /* end confdefs.h.  */
| #include <ac_nonexistent.h>
configure:5191: result: gcc -E
configure:5216: gcc -E -mcrt=clib2 -DMINIGL conftest.c
configure:5222: $? = 0
configure:5254: gcc -E -mcrt=clib2 -DMINIGL conftest.c
configure:5269:28: error: ac_nonexistent.h: No such file or directory
configure:5260: $? = 1
configure: failed program was:
| #line 5245 "configure"
| /* confdefs.h.  */
| 
| #define PACKAGE_NAME ""
| #define PACKAGE_TARNAME ""
| #define PACKAGE_VERSION ""
| #define PACKAGE_STRING ""
| #define PACKAGE_BUGREPORT ""
| #define PACKAGE "resid"
| #define VERSION "0.16"
| #ifdef __cplusplus
| #include <stdlib.h>
| #endif
| #define STDC_HEADERS 1
| #define HAVE_SYS_TYPES_H 1
| #define HAVE_SYS_STAT_H 1
| #define HAVE_STDLIB_H 1
| #define HAVE_STRING_H 1
| #define HAVE_MEMORY_H 1
| #define HAVE_STRINGS_H 1
| #define HAVE_INTTYPES_H 1
| #define HAVE_STDINT_H 1
| #define HAVE_UNISTD_H 1
| #define SIZEOF_INT 4
| /* end confdefs.h.  */
| #include <ac_nonexistent.h>
configure:5317: checking dlfcn.h usability
configure:5330: gcc -c -mcrt=clib2 -mcrt=clib2 -DMINIGL conftest.c >&5
configure:5377:19: error: dlfcn.h: No such file or directory
configure:5333: $? = 1
configure: failed program was:
| #line 5319 "configure"
| /* confdefs.h.  */
| 
| #define PACKAGE_NAME ""
| #define PACKAGE_TARNAME ""
| #define PACKAGE_VERSION ""
| #define PACKAGE_STRING ""
| #define PACKAGE_BUGREPORT ""
| #define PACKAGE "resid"
| #define VERSION "0.16"
| #ifdef __cplusplus
| #include <stdlib.h>
| #endif
| #define STDC_HEADERS 1
| #define HAVE_SYS_TYPES_H 1
| #define HAVE_SYS_STAT_H 1
| #define HAVE_STDLIB_H 1
| #define HAVE_STRING_H 1
| #define HAVE_MEMORY_H 1
| #define HAVE_STRINGS_H 1
| #define HAVE_INTTYPES_H 1
| #define HAVE_STDINT_H 1
| #define HAVE_UNISTD_H 1
| #define SIZEOF_INT 4
| /* end confdefs.h.  */
| #include <stdio.h>
| #if HAVE_SYS_TYPES_H
| # include <sys/types.h>
| #endif
| #if HAVE_SYS_STAT_H
| # include <sys/stat.h>
| #endif
| #if STDC_HEADERS
| # include <stdlib.h>
| # include <stddef.h>
| #else
| # if HAVE_STDLIB_H
| #  include <stdlib.h>
| # endif
| #endif
| #if HAVE_STRING_H
| # if !STDC_HEADERS && HAVE_MEMORY_H
| #  include <memory.h>
| # endif
| # include <string.h>
| #endif
| #if HAVE_STRINGS_H
| # include <strings.h>
| #endif
| #if HAVE_INTTYPES_H
| # include <inttypes.h>
| #else
| # if HAVE_STDINT_H
| #  include <stdint.h>
| # endif
| #endif
| #if HAVE_UNISTD_H
| # include <unistd.h>
| #endif
| #include <dlfcn.h>
configure:5349: result: no
configure:5353: checking dlfcn.h presence
configure:5364: gcc -E -mcrt=clib2 -DMINIGL conftest.c
configure:5379:19: error: dlfcn.h: No such file or directory
configure:5370: $? = 1
configure: failed program was:
| #line 5355 "configure"
| /* confdefs.h.  */
| 
| #define PACKAGE_NAME ""
| #define PACKAGE_TARNAME ""
| #define PACKAGE_VERSION ""
| #define PACKAGE_STRING ""
| #define PACKAGE_BUGREPORT ""
| #define PACKAGE "resid"
| #define VERSION "0.16"
| #ifdef __cplusplus
| #include <stdlib.h>
| #endif
| #define STDC_HEADERS 1
| #define HAVE_SYS_TYPES_H 1
| #define HAVE_SYS_STAT_H 1
| #define HAVE_STDLIB_H 1
| #define HAVE_STRING_H 1
| #define HAVE_MEMORY_H 1
| #define HAVE_STRINGS_H 1
| #define HAVE_INTTYPES_H 1
| #define HAVE_STDINT_H 1
| #define HAVE_UNISTD_H 1
| #define SIZEOF_INT 4
| /* end confdefs.h.  */
| #include <dlfcn.h>
configure:5389: result: no
configure:5425: checking for dlfcn.h
configure:5432: result: no
configure:5496: checking for g77
configure:5525: result: no
configure:5496: checking for f77
configure:5525: result: no
configure:5496: checking for xlf
configure:5525: result: no
configure:5496: checking for frt
configure:5525: result: no
configure:5496: checking for pgf77
configure:5525: result: no
configure:5496: checking for fl32
configure:5525: result: no
configure:5496: checking for af77
configure:5525: result: no
configure:5496: checking for fort77
configure:5525: result: no
configure:5496: checking for f90
configure:5525: result: no
configure:5496: checking for xlf90
configure:5525: result: no
configure:5496: checking for pgf90
configure:5525: result: no
configure:5496: checking for epcf90
configure:5525: result: no
configure:5496: checking for f95
configure:5525: result: no
configure:5496: checking for fort
configure:5525: result: no
configure:5496: checking for xlf95
configure:5525: result: no
configure:5496: checking for lf95
configure:5525: result: no
configure:5496: checking for g95
configure:5525: result: no
configure:5537: checking for Fortran 77 compiler version
configure:5540:  --version </dev/null >&5
configure: --version: not found
configure:5543: $? = 127
configure:5545:  -v </dev/null >&5
configure: -v: not found
configure:5548: $? = 127
configure:5550:  -V </dev/null >&5
configure: -V: not found
configure:5553: $? = 127
configure:5560: checking whether we are using the GNU Fortran 77 compiler
configure:5574:  -c  conftest.F >&5
configure: -c: not found
configure:5577: $? = 127
configure: failed program was:
|       program main
| #ifndef __GNUC__
|        choke me
| #endif
| 
|       end
configure:5596: result: no
configure:5603: checking whether  accepts -g
configure:5615:  -c -g conftest.f >&5
configure: -c: not found
configure:5618: $? = 127
configure: failed program was:
|       program main
| 
|       end
configure:5636: result: no
configure:5664: checking the maximum length of command line arguments
configure:5723: result: 262144
configure:5734: checking command to parse /gcc/bin/nm -B output from gcc object
configure:5823: g++ -c -mcrt=clib2 -mcrt=clib2 -DMINIGL conftest.cc >&5
configure:5826: $? = 0
configure:5830: /gcc/bin/nm -B conftest.o \| sed -n -e 's/^.*[ 	]\([ABCDGISTW][ABCDGISTW]*\)[ 	][ 	]*\(\)\([_A-Za-z][_A-Za-z0-9]*\)$/\1 \2\3 \3/p' \> conftest.nm
configure:5833: $? = 0
configure:5885: g++ -o conftest -mcrt=clib2 -mcrt=clib2 -DMINIGL -mcrt=clib2 conftest.cc conftstm.o >&5
configure:5888: $? = 0
configure:5926: result: ok
configure:5930: checking for objdir
configure:5945: result: .libs
configure:6035: checking for ar
configure:6051: found /gcc/bin/ar
configure:6062: result: ar
configure:6115: checking for ranlib
configure:6131: found /gcc/bin/ranlib
configure:6142: result: ranlib
configure:6195: checking for strip
configure:6211: found /gcc/bin/strip
configure:6222: result: strip
configure:6484: checking if gcc static flag  works
configure:6507: result: yes
configure:6524: checking if gcc supports -fno-rtti -fno-exceptions
configure:6542: gcc -c -mcrt=clib2 -mcrt=clib2 -DMINIGL -fno-rtti -fno-exceptions conftest.c >&5
cc1: warning: command line option "-fno-rtti" is valid for C++/ObjC++ but not for C
configure:6546: $? = 0
configure:6557: result: no
configure:6572: checking for gcc option to produce PIC
configure:6749: result: -m68020 -resident32 -malways-restore-a4
configure:6756: checking if gcc PIC flag -m68020 -resident32 -malways-restore-a4 works
configure:6774: gcc -c -mcrt=clib2 -mcrt=clib2 -DMINIGL -m68020 -resident32 -malways-restore-a4 -DPIC conftest.c >&5
cc1: error: invalid option '68020'
cc1: error: invalid option 'always-restore-a4'
configure:6778: $? = 1
configure:6789: result: no
configure:6813: checking if gcc supports -c -o file.o
configure:6841: gcc -c -mcrt=clib2 -mcrt=clib2 -DMINIGL -o out/conftest2.o conftest.c >&5
configure:6845: $? = 0
configure:6862: result: yes
configure:6888: checking whether the gcc linker (ld) supports shared libraries
configure:7682: result: no
configure:7753: checking how to hardcode library paths into programs
configure:7778: result: immediate
configure:7792: checking whether stripping libraries is possible
configure:7797: result: yes
configure:7819: checking dynamic linker characteristics
configure:8330: result: amigaos ld.so
configure:9056: checking if libtool supports shared libraries
configure:9058: result: no
configure:9061: checking whether to build shared libraries
configure:9110: result: no
configure:9113: checking whether to build static libraries
configure:9117: result: yes
configure:9208: creating libtool
configure:9752: checking for ld used by g++
configure:9819: result: ld
configure:9828: checking if the linker (ld) is GNU ld
configure:9843: result: yes
configure:9894: checking whether the g++ linker (ld) supports shared libraries
configure:10689: result: no
configure:10707: g++ -c -mcrt=clib2 -mcrt=clib2 -DMINIGL conftest.cc >&5
configure:10710: $? = 0
configure:10806: checking for g++ option to produce PIC
configure:11058: result: -m68020 -resident32 -malways-restore-a4
configure:11065: checking if g++ PIC flag -m68020 -resident32 -malways-restore-a4 works
configure:11083: g++ -c -mcrt=clib2 -mcrt=clib2 -DMINIGL -m68020 -resident32 -malways-restore-a4 -DPIC conftest.cc >&5
cc1plus: error: invalid option '68020'
cc1plus: error: invalid option 'always-restore-a4'
configure:11087: $? = 1
configure:11098: result: no
configure:11122: checking if g++ supports -c -o file.o
configure:11150: g++ -c -mcrt=clib2 -mcrt=clib2 -DMINIGL -o out/conftest2.o conftest.cc >&5
configure:11154: $? = 0
configure:11171: result: yes
configure:11197: checking whether the g++ linker (ld) supports shared libraries
configure:11222: result: no
configure:11293: checking how to hardcode library paths into programs
configure:11318: result: immediate
configure:11332: checking whether stripping libraries is possible
configure:11337: result: yes
configure:11359: checking dynamic linker characteristics
configure:11870: result: amigaos ld.so
configure:18747: checking for ReSID namespace
configure:18749: result: 
configure:18935: creating ./config.status

## ---------------------- ##
## Running config.status. ##
## ---------------------- ##

This file was extended by config.status, which was
generated by GNU Autoconf 2.57.  Invocation command line was

  CONFIG_FILES    = 
  CONFIG_HEADERS  = 
  CONFIG_LINKS    = 
  CONFIG_COMMANDS = 
  $ ./config.status 

on localhost

config.status:679: creating Makefile
config.status:679: creating siddefs.h
config.status:804: executing depfiles commands

## ---------------- ##
## Cache variables. ##
## ---------------- ##

ac_cv_build=powerpc-unknown-amigaos
ac_cv_build_alias=ppc-unknown-amigaos
ac_cv_c_compiler_gnu=yes
ac_cv_cxx_bool=yes
ac_cv_cxx_compiler_gnu=yes
ac_cv_env_CC_set=
ac_cv_env_CC_value=
ac_cv_env_CFLAGS_set=set
ac_cv_env_CFLAGS_value=-mcrt=clib2
ac_cv_env_CPPFLAGS_set=set
ac_cv_env_CPPFLAGS_value='-mcrt=clib2 -DMINIGL'
ac_cv_env_CPP_set=
ac_cv_env_CPP_value=
ac_cv_env_CXXCPP_set=
ac_cv_env_CXXCPP_value=
ac_cv_env_CXXFLAGS_set=set
ac_cv_env_CXXFLAGS_value=-mcrt=clib2
ac_cv_env_CXX_set=
ac_cv_env_CXX_value=
ac_cv_env_F77_set=
ac_cv_env_F77_value=
ac_cv_env_FFLAGS_set=
ac_cv_env_FFLAGS_value=
ac_cv_env_LDFLAGS_set=set
ac_cv_env_LDFLAGS_value=-mcrt=clib2
ac_cv_env_build_alias_set=
ac_cv_env_build_alias_value=
ac_cv_env_host_alias_set=
ac_cv_env_host_alias_value=
ac_cv_env_target_alias_set=
ac_cv_env_target_alias_value=
ac_cv_exeext=
ac_cv_f77_compiler_gnu=no
ac_cv_header_dlfcn_h=no
ac_cv_header_inttypes_h=yes
ac_cv_header_memory_h=yes
ac_cv_header_stdc=yes
ac_cv_header_stdint_h=yes
ac_cv_header_stdlib_h=yes
ac_cv_header_string_h=yes
ac_cv_header_strings_h=yes
ac_cv_header_sys_stat_h=yes
ac_cv_header_sys_types_h=yes
ac_cv_header_unistd_h=yes
ac_cv_host=powerpc-unknown-amigaos
ac_cv_host_alias=ppc-unknown-amigaos
ac_cv_objext=o
ac_cv_path_PERL=/SDK/Local/C/perl
ac_cv_path_install='/SDK/Local/C/ginstall -c'
ac_cv_prog_AWK=nawk
ac_cv_prog_CPP='gcc -E'
ac_cv_prog_CXXCPP='g++ -E'
ac_cv_prog_ac_ct_AR=ar
ac_cv_prog_ac_ct_CC=gcc
ac_cv_prog_ac_ct_CXX=g++
ac_cv_prog_ac_ct_RANLIB=ranlib
ac_cv_prog_ac_ct_STRIP=strip
ac_cv_prog_cc_g=yes
ac_cv_prog_cc_stdc=
ac_cv_prog_cxx_g=yes
ac_cv_prog_egrep='grep -E'
ac_cv_prog_f77_g=no
ac_cv_prog_make__SDK_C_gmake_set=yes
ac_cv_sizeof_int=4
ac_cv_type_int=yes
am_cv_CC_dependencies_compiler_type=none
am_cv_CXX_dependencies_compiler_type=none
lt_cv_deplibs_check_method=unknown
lt_cv_file_magic_cmd='$MAGIC_CMD'
lt_cv_file_magic_test_file=
lt_cv_ld_reload_flag=-r
lt_cv_objdir=.libs
lt_cv_path_LD=ld
lt_cv_path_LDCXX=ld
lt_cv_path_NM='/gcc/bin/nm -B'
lt_cv_path_SED=/SDK/Local/C/sed
lt_cv_prog_compiler_c_o=yes
lt_cv_prog_compiler_c_o_CXX=yes
lt_cv_prog_compiler_rtti_exceptions=no
lt_cv_prog_gnu_ld=yes
lt_cv_prog_gnu_ldcxx=yes
lt_cv_sys_global_symbol_pipe='sed -n -e '\''s/^.*[ 	]\([ABCDGISTW][ABCDGISTW]*\)[ 	][ 	]*\(\)\([_A-Za-z][_A-Za-z0-9]*\)$/\1 \2\3 \3/p'\'
lt_cv_sys_global_symbol_to_c_name_address='sed -n -e '\''s/^: \([^ ]*\) $/  {\"\1\", (lt_ptr) 0},/p'\'' -e '\''s/^[BCDEGRST] \([^ ]*\) \([^ ]*\)$/  {"\2", (lt_ptr) \&\2},/p'\'
lt_cv_sys_global_symbol_to_cdecl='sed -n -e '\''s/^. .* \(.*\)$/extern int \1;/p'\'
lt_cv_sys_max_cmd_len=262144
lt_lt_cv_prog_compiler_c_o='"yes"'
lt_lt_cv_prog_compiler_c_o_CXX='"yes"'
lt_lt_cv_sys_global_symbol_pipe='"sed -n -e '\''s/^.*[ 	]\\([ABCDGISTW][ABCDGISTW]*\\)[ 	][ 	]*\\(\\)\\([_A-Za-z][_A-Za-z0-9]*\\)\$/\\1 \\2\\3 \\3/p'\''"'
lt_lt_cv_sys_global_symbol_to_c_name_address='"sed -n -e '\''s/^: \\([^ ]*\\) \$/  {\\\"\\1\\\", (lt_ptr) 0},/p'\'' -e '\''s/^[BCDEGRST] \\([^ ]*\\) \\([^ ]*\\)\$/  {\"\\2\", (lt_ptr) \\&\\2},/p'\''"'
lt_lt_cv_sys_global_symbol_to_cdecl='"sed -n -e '\''s/^. .* \\(.*\\)\$/extern int \\1;/p'\''"'

## ----------------- ##
## Output variables. ##
## ----------------- ##

ac_ct_AR='ar'
ac_ct_CC='gcc'
ac_ct_CXX='g++'
ac_ct_F77=''
ac_ct_RANLIB='ranlib'
ac_ct_STRIP='strip'
ACLOCAL='${SHELL} /Scene/Coding/sid/resid-0.16/missing --run aclocal-1.7'
am__fastdepCC_FALSE=''
am__fastdepCC_TRUE='#'
am__fastdepCXX_FALSE=''
am__fastdepCXX_TRUE='#'
am__include='include'
am__leading_dot='.'
am__quote=''
AMDEP_FALSE=''
AMDEP_TRUE='#'
AMDEPBACKSLASH=''
AMTAR='${SHELL} /Scene/Coding/sid/resid-0.16/missing --run tar'
AR='ar'
AUTOCONF='${SHELL} /Scene/Coding/sid/resid-0.16/missing --run autoconf'
AUTOHEADER='${SHELL} /Scene/Coding/sid/resid-0.16/missing --run autoheader'
AUTOMAKE='${SHELL} /Scene/Coding/sid/resid-0.16/missing --run automake-1.7'
AWK='nawk'
bindir='/SDK/Local/C'
build='powerpc-unknown-amigaos'
build_alias=''
build_cpu='powerpc'
build_os='amigaos'
build_vendor='unknown'
CC='gcc'
CCDEPMODE='depmode=none'
CFLAGS='-mcrt=clib2'
CPP='gcc -E'
CPPFLAGS='-mcrt=clib2 -DMINIGL'
CXX='g++'
CXXCPP='g++ -E'
CXXDEPMODE='depmode=none'
CXXFLAGS='-mcrt=clib2'
CYGPATH_W='echo'
datadir='${prefix}/share'
DEFS='-DPACKAGE_NAME=\"\" -DPACKAGE_TARNAME=\"\" -DPACKAGE_VERSION=\"\" -DPACKAGE_STRING=\"\" -DPACKAGE_BUGREPORT=\"\" -DPACKAGE=\"resid\" -DVERSION=\"0.16\" -DSTDC_HEADERS=1 -DHAVE_SYS_TYPES_H=1 -DHAVE_SYS_STAT_H=1 -DHAVE_STDLIB_H=1 -DHAVE_STRING_H=1 -DHAVE_MEMORY_H=1 -DHAVE_STRINGS_H=1 -DHAVE_INTTYPES_H=1 -DHAVE_STDINT_H=1 -DHAVE_UNISTD_H=1 -DSIZEOF_INT=4 '
DEPDIR='.deps'
ECHO='/SDK/Local/C/echo'
ECHO_C=''ECHO_N=''
ECHO_T=''
EGREP='grep -E'
exec_prefix='${prefix}'
EXEEXT=''
F77=''
FFLAGS=''
host='powerpc-unknown-amigaos'
host_alias=''
host_cpu='powerpc'
host_os='amigaos'
host_vendor='unknown'
includedir='/SDK/Local/common/include'
infodir='${prefix}/info'
INSTALL_DATA='${INSTALL} -m 644'
INSTALL_PROGRAM='${INSTALL}'
INSTALL_RESID_FALSE=''
INSTALL_RESID_TRUE='#'
INSTALL_SCRIPT='${INSTALL}'
install_sh='/Scene/Coding/sid/resid-0.16/install-sh'
INSTALL_STRIP_PROGRAM='${SHELL} $(install_sh) -c -s'
LDFLAGS='-mcrt=clib2'
libdir='/SDK/Local/clib2/lib'
libexecdir='${exec_prefix}/libexec'
LIBOBJS=''
LIBS='-lunix'
LIBTOOL='$(SHELL) $(top_builddir)/libtool'
LIBTOOL_DEPS='./ltmain.sh'
LN_S='ln -s'
localstatedir='${prefix}/var'
LTLIBOBJS=''
LTVERSION='5:0:0'
MAKEINFO='${SHELL} /Scene/Coding/sid/resid-0.16/missing --run makeinfo'
mandir='${prefix}/man'
OBJEXT='o'
oldincludedir='/usr/include'
PACKAGE='resid'
PACKAGE_BUGREPORT=''
PACKAGE_NAME=''
PACKAGE_STRING=''
PACKAGE_TARNAME=''
PACKAGE_VERSION=''
PATH_SEPARATOR=':'
PERL='/SDK/Local/C/perl'
prefix='/SDK/Local'
program_transform_name='s,x,x,'
RANLIB='ranlib'
RESID_HAVE_BOOL='1'
RESID_INLINE='inline'
RESID_INLINING='1'
RESID_NAMESPACE=''
sbindir='${exec_prefix}/sbin'
SET_MAKE=''
sharedstatedir='${prefix}/com'
SHELL='/bin/sh'
STRIP='strip'
sysconfdir='${prefix}/etc'
target_alias=''
VERSION='0.16'

## ----------- ##
## confdefs.h. ##
## ----------- ##

#define HAVE_INTTYPES_H 1
#define HAVE_MEMORY_H 1
#define HAVE_STDINT_H 1
#define HAVE_STDLIB_H 1
#define HAVE_STRING_H 1
#define HAVE_STRINGS_H 1
#define HAVE_SYS_STAT_H 1
#define HAVE_SYS_TYPES_H 1
#define HAVE_UNISTD_H 1
#define PACKAGE "resid"
#define PACKAGE_BUGREPORT ""
#define PACKAGE_NAME ""
#define PACKAGE_STRING ""
#define PACKAGE_TARNAME ""
#define PACKAGE_VERSION ""
#define SIZEOF_INT 4
#define STDC_HEADERS 1
#define VERSION "0.16"
#endif
#ifdef __cplusplus
#include <stdlib.h>

configure: exit 0
