/* $Revision Header built automatically *************** (do not edit) ************
**
** © Copyright by H.P.G
**
** File             : Aztec:Source/_Closewd/History.log
** Created on       : Sunday, 22-Nov-92 10:37:15
** Created by       : Hans-Peter Guenther
** Current revision : V2.10
**
**
** Purpose
** -------
**     CloseWd Version 1.2 (C) 1992 by H.P.G FreeWare
**     This is tool that lets you close any Window that stays left from another
**     application and cannot be closed otherwise.
**
** Revision V2.10
** --------------
**     Bug fixed: If CloseWD should open its window on another than
**     the workbench screen, in some cases you were not able to
**     close the public screen anymore.
**
** Revision V2.01
** --------------
** changed on Tuesday, 15-Sep-92 22:14:20  by  Hans-Peter Guenther.   LogMessage :
**     Bug Fixed: CWd uses a wrong Template format which uses undefined structures
**     now its setup forces no more crashes.
**     Enh.: Added new Screen cli-option which lets you specify another public
**     screen than the default to open the window on.
**     Opt.: Saved a little Bytes of code size.
**
** Revision V1.16
** --------------
**     --- Initial release ---
**
*********************************************************************************/
#define REVISION "2.01"
#define REVDATE  "15-Sep-92"
#define REVTIME  "22:14:20"
#define AUTHOR   "Hans-Peter Guenther"
