Machine: m68k
Release: unknown
System: AmigaOS
Argument: --cache=../.cache
checking for a usable C compiler...checking for compiler warning options...yes
checking for gcc...yes
checking for IEEE754 floating point...yes
checking __bounded__ attribute...no
checking __format__ attribute...no
checking __nonnull__ attribute...no
checking __aligned__ attribute...yes
checking __packed__ attribute...yes
checking for long double...yes
checking for long long...yes
checking for cygwin environment...no
checking for POSIX threads...yes
checking for the X/Open Threads Extension...yes
checking for PTHREAD_MUTEX_RECURSIVE...yes
checking for PTHREAD_MUTEX_RECURSIVE_NP...no
checking for SDL (http://www.libsdl.org)...yes
checking whether SDL works...no
checking whether SDL works (with X11 libs)...no
checking for OpenGL (http://www.opengl.org)...yes
checking whether -lopengl32 works...no
checking whether OpenGL works...yes
checking for FreeType (http://www.freetype.org)...yes
checking whether FreeType works...yes
checking for Agar (http://libagar.org/)...no
checking whether Agar works...no
checking for OpenGL support in Agar...no
checking for the C math library.../bin/cc   -Wall -Werror    -o ./conftest conftest.c -lm
yes
