This file contains any messages produced by compilers while
running configure, to aid debugging if configure makes a mistake.

It was created by GNU nano configure 2.1.2, which was
generated by GNU Autoconf 2.61.  Invocation command line was

  $ ./configure 

## --------- ##
## Platform. ##
## --------- ##

hostname = localhost
uname -m = powerpc
uname -r = 1.4
uname -s = MorphOS
uname -v = 50.60

/usr/bin/uname -p = unknown
/bin/uname -X     = unknown

/bin/arch              = unknown
/usr/bin/arch -k       = unknown
/usr/convex/getsysinfo = unknown
/usr/bin/hostinfo      = unknown
/bin/machine           = unknown
/usr/bin/oslevel       = unknown
/bin/universe          = unknown

PATH: .
PATH: /bin
PATH: /usr/bin
PATH: /usr/local/bin
PATH: /mossys/c
PATH: /c
PATH: .


## ----------- ##
## Core tests. ##
## ----------- ##

configure:1840: checking build system type
configure:1858: result: powerpc-unknown-morphos
configure:1880: checking host system type
configure:1895: result: powerpc-unknown-morphos
configure:1917: checking target system type
configure:1932: result: powerpc-unknown-morphos
configure:1975: checking for a BSD-compatible install
configure:2031: result: /bin/install -c
configure:2042: checking whether build environment is sane
configure:2085: result: yes
configure:2109: WARNING: `missing' script is too old or missing
configure:2113: checking for a thread-safe mkdir -p
configure:2152: result: ./install-sh -c -d
configure:2165: checking for gawk
configure:2181: found /bin/gawk
configure:2192: result: gawk
configure:2203: checking whether make sets $(MAKE)
configure:2224: result: yes
configure:2472: checking for gcc
configure:2488: found /bin/gcc
configure:2499: result: gcc
configure:2737: checking for C compiler version
configure:2744: gcc --version >&5
2.95.3
configure:2747: $? = 0
configure:2754: gcc -v >&5
Reading specs from /gg/lib/gcc-lib/ppc-morphos/2.95.3/specs
gcc version 2.95.3 20070319 (release/emm-zapek-cisc-munk)
configure:2757: $? = 0
configure:2764: gcc -V >&5
gcc: argument to `-V' is missing
configure:2767: $? = 1
configure:2790: checking for C compiler default output file name
configure:2817: gcc    conftest.c  >&5
configure:2820: $? = 0
configure:2858: result: a.out
configure:2875: checking whether the C compiler works
configure:2885: ./a.out
configure:2888: $? = 0
configure:2905: result: yes
configure:2912: checking whether we are cross compiling
configure:2914: result: no
configure:2917: checking for suffix of executables
configure:2924: gcc -o conftest    conftest.c  >&5
configure:2927: $? = 0
configure:2951: result: 
configure:2957: checking for suffix of object files
configure:2983: gcc -c   conftest.c >&5
configure:2986: $? = 0
configure:3009: result: o
configure:3013: checking whether we are using the GNU C compiler
configure:3042: gcc -c   conftest.c >&5
configure:3048: $? = 0
configure:3065: result: yes
configure:3070: checking whether gcc accepts -g
configure:3100: gcc -c -g  conftest.c >&5
configure:3106: $? = 0
configure:3205: result: yes
configure:3222: checking for gcc option to accept ISO C89
configure:3296: gcc  -c -g -O2  conftest.c >&5
configure:3302: $? = 0
configure:3325: result: none needed
configure:3354: checking for style of include used by make
configure:3382: result: GNU
configure:3407: checking dependency style of gcc
configure:3498: result: gcc
configure:3513: checking whether ln -s works
configure:3520: result: no, using cp -p
configure:3526: checking for strerror in -lcposix
configure:3561: gcc -o conftest -g -O2   conftest.c -lcposix   >&5
/gg/ppc-morphos/bin/ld: cannot open -lcposix: No such file or directory
collect2: ld returned 1 exit status
configure:3567: $? = 1
configure: failed program was:
| /* confdefs.h.  */
| #define PACKAGE_NAME "GNU nano"
| #define PACKAGE_TARNAME "nano"
| #define PACKAGE_VERSION "2.1.2"
| #define PACKAGE_STRING "GNU nano 2.1.2"
| #define PACKAGE_BUGREPORT "nano-devel@gnu.org"
| #define PACKAGE "nano"
| #define VERSION "2.1.2"
| #define _GNU_SOURCE 1
| /* end confdefs.h.  */
| 
| /* Override any GCC internal prototype to avoid an error.
|    Use char because int might match the return type of a GCC
|    builtin and then its argument prototype would still apply.  */
| #ifdef __cplusplus
| extern "C"
| #endif
| char strerror ();
| int
| main ()
| {
| return strerror ();
|   ;
|   return 0;
| }
configure:3585: result: no
configure:3600: checking for special C compiler options needed for large files
configure:3693: result: no
configure:3699: checking for _FILE_OFFSET_BITS value needed for large files
configure:3734: gcc -c -g -O2  conftest.c >&5
conftest.c:17: warning: left shift count >= width of type
conftest.c:17: warning: left shift count >= width of type
conftest.c:19: size of array `off_t_is_large' is negative
configure:3740: $? = 1
configure: failed program was:
| /* confdefs.h.  */
| #define PACKAGE_NAME "GNU nano"
| #define PACKAGE_TARNAME "nano"
| #define PACKAGE_VERSION "2.1.2"
| #define PACKAGE_STRING "GNU nano 2.1.2"
| #define PACKAGE_BUGREPORT "nano-devel@gnu.org"
| #define PACKAGE "nano"
| #define VERSION "2.1.2"
| #define _GNU_SOURCE 1
| /* end confdefs.h.  */
| #include <sys/types.h>
|  /* Check that off_t can represent 2**63 - 1 correctly.
|     We can't simply define LARGE_OFF_T to be 9223372036854775807,
|     since some C++ compilers masquerading as C compilers
|     incorrectly reject 9223372036854775807.  */
| #define LARGE_OFF_T (((off_t) 1 << 62) - 1 + ((off_t) 1 << 62))
|   int off_t_is_large[(LARGE_OFF_T % 2147483629 == 721
| 		       && LARGE_OFF_T % 2147483647 == 1)
| 		      ? 1 : -1];
| int
| main ()
| {
| 
|   ;
|   return 0;
| }
configure:3784: gcc -c -g -O2  conftest.c >&5
conftest.c:18: warning: left shift count >= width of type
conftest.c:18: warning: left shift count >= width of type
conftest.c:20: size of array `off_t_is_large' is negative
configure:3790: $? = 1
configure: failed program was:
| /* confdefs.h.  */
| #define PACKAGE_NAME "GNU nano"
| #define PACKAGE_TARNAME "nano"
| #define PACKAGE_VERSION "2.1.2"
| #define PACKAGE_STRING "GNU nano 2.1.2"
| #define PACKAGE_BUGREPORT "nano-devel@gnu.org"
| #define PACKAGE "nano"
| #define VERSION "2.1.2"
| #define _GNU_SOURCE 1
| /* end confdefs.h.  */
| #define _FILE_OFFSET_BITS 64
| #include <sys/types.h>
|  /* Check that off_t can represent 2**63 - 1 correctly.
|     We can't simply define LARGE_OFF_T to be 9223372036854775807,
|     since some C++ compilers masquerading as C compilers
|     incorrectly reject 9223372036854775807.  */
| #define LARGE_OFF_T (((off_t) 1 << 62) - 1 + ((off_t) 1 << 62))
|   int off_t_is_large[(LARGE_OFF_T % 2147483629 == 721
| 		       && LARGE_OFF_T % 2147483647 == 1)
| 		      ? 1 : -1];
| int
| main ()
| {
| 
|   ;
|   return 0;
| }
configure:3808: result: unknown
configure:3820: checking for _LARGE_FILES value needed for large files
configure:3855: gcc -c -g -O2  conftest.c >&5
conftest.c:17: warning: left shift count >= width of type
conftest.c:17: warning: left shift count >= width of type
conftest.c:19: size of array `off_t_is_large' is negative
configure:3861: $? = 1
configure: failed program was:
| /* confdefs.h.  */
| #define PACKAGE_NAME "GNU nano"
| #define PACKAGE_TARNAME "nano"
| #define PACKAGE_VERSION "2.1.2"
| #define PACKAGE_STRING "GNU nano 2.1.2"
| #define PACKAGE_BUGREPORT "nano-devel@gnu.org"
| #define PACKAGE "nano"
| #define VERSION "2.1.2"
| #define _GNU_SOURCE 1
| /* end confdefs.h.  */
| #include <sys/types.h>
|  /* Check that off_t can represent 2**63 - 1 correctly.
|     We can't simply define LARGE_OFF_T to be 9223372036854775807,
|     since some C++ compilers masquerading as C compilers
|     incorrectly reject 9223372036854775807.  */
| #define LARGE_OFF_T (((off_t) 1 << 62) - 1 + ((off_t) 1 << 62))
|   int off_t_is_large[(LARGE_OFF_T % 2147483629 == 721
| 		       && LARGE_OFF_T % 2147483647 == 1)
| 		      ? 1 : -1];
| int
| main ()
| {
| 
|   ;
|   return 0;
| }
configure:3905: gcc -c -g -O2  conftest.c >&5
conftest.c:18: warning: left shift count >= width of type
conftest.c:18: warning: left shift count >= width of type
conftest.c:20: size of array `off_t_is_large' is negative
configure:3911: $? = 1
configure: failed program was:
| /* confdefs.h.  */
| #define PACKAGE_NAME "GNU nano"
| #define PACKAGE_TARNAME "nano"
| #define PACKAGE_VERSION "2.1.2"
| #define PACKAGE_STRING "GNU nano 2.1.2"
| #define PACKAGE_BUGREPORT "nano-devel@gnu.org"
| #define PACKAGE "nano"
| #define VERSION "2.1.2"
| #define _GNU_SOURCE 1
| /* end confdefs.h.  */
| #define _LARGE_FILES 1
| #include <sys/types.h>
|  /* Check that off_t can represent 2**63 - 1 correctly.
|     We can't simply define LARGE_OFF_T to be 9223372036854775807,
|     since some C++ compilers masquerading as C compilers
|     incorrectly reject 9223372036854775807.  */
| #define LARGE_OFF_T (((off_t) 1 << 62) - 1 + ((off_t) 1 << 62))
|   int off_t_is_large[(LARGE_OFF_T % 2147483629 == 721
| 		       && LARGE_OFF_T % 2147483647 == 1)
| 		      ? 1 : -1];
| int
| main ()
| {
| 
|   ;
|   return 0;
| }
configure:3929: result: unknown
configure:3961: checking for msgfmt
configure:3992: result: no
configure:3998: checking for gmsgfmt
configure:4029: result: :
configure:4040: checking for xgettext
configure:4071: result: no
configure:4079: checking for msgmerge
configure:4109: result: no
configure:4168: checking for ld used by GCC
configure:4231: result: /gg/ppc-morphos/bin/ld
configure:4240: checking if the linker (/gg/ppc-morphos/bin/ld) is GNU ld
GNU ld version 2.9.1 (with BFD 2.9.1)
configure:4252: result: yes
configure:4258: checking for shared library run path origin
configure:4271: result: done
configure:4688: checking whether NLS is requested
configure:4697: result: yes
configure:4714: checking for GNU gettext in libc
configure:4743: gcc -o conftest -g -O2   conftest.c  >&5
/t/ccmUicNS.o: In function `main':
/t/ccmUicNS.o(.text+0x28): undefined reference to `libintl_bindtextdomain'
/t/ccmUicNS.o(.text+0x30): undefined reference to `libintl_gettext'
/t/ccmUicNS.o(.text+0x44): undefined reference to `libintl_ngettext'
/t/ccmUicNS.o(.text+0x4a): undefined reference to `_nl_domain_bindings'
/t/ccmUicNS.o(.text+0x4e): undefined reference to `_nl_msg_cat_cntr'
/t/ccmUicNS.o(.text+0x52): undefined reference to `_nl_domain_bindings'
/t/ccmUicNS.o(.text+0x5a): undefined reference to `_nl_msg_cat_cntr'
collect2: ld returned 1 exit status
configure:4749: $? = 1
configure: failed program was:
| /* confdefs.h.  */
| #define PACKAGE_NAME "GNU nano"
| #define PACKAGE_TARNAME "nano"
| #define PACKAGE_VERSION "2.1.2"
| #define PACKAGE_STRING "GNU nano 2.1.2"
| #define PACKAGE_BUGREPORT "nano-devel@gnu.org"
| #define PACKAGE "nano"
| #define VERSION "2.1.2"
| #define _GNU_SOURCE 1
| /* end confdefs.h.  */
| #include <libintl.h>
| extern int _nl_msg_cat_cntr;
| extern int *_nl_domain_bindings;
| int
| main ()
| {
| bindtextdomain ("", "");
| return (int) gettext ("") + (int) ngettext ("", "", 0) + _nl_msg_cat_cntr + *_nl_domain_bindings
|   ;
|   return 0;
| }
configure:4766: result: no
configure:4800: checking for iconv
configure:4832: gcc -o conftest -g -O2 -I/usr/local/include  conftest.c  >&5
In file included from conftest.c:12:
/usr/local/include/iconv.h:6: libraries/iconv.h: No such file or directory
configure:4838: $? = 1
configure: failed program was:
| /* confdefs.h.  */
| #define PACKAGE_NAME "GNU nano"
| #define PACKAGE_TARNAME "nano"
| #define PACKAGE_VERSION "2.1.2"
| #define PACKAGE_STRING "GNU nano 2.1.2"
| #define PACKAGE_BUGREPORT "nano-devel@gnu.org"
| #define PACKAGE "nano"
| #define VERSION "2.1.2"
| #define _GNU_SOURCE 1
| /* end confdefs.h.  */
| #include <stdlib.h>
| #include <iconv.h>
| int
| main ()
| {
| iconv_t cd = iconv_open("","");
|        iconv(cd,NULL,NULL,NULL,NULL);
|        iconv_close(cd);
|   ;
|   return 0;
| }
configure:4881: gcc -o conftest -g -O2 -I/usr/local/include  conftest.c  /usr/local/lib/libiconv.a >&5
In file included from conftest.c:12:
/usr/local/include/iconv.h:6: libraries/iconv.h: No such file or directory
configure:4887: $? = 1
configure: failed program was:
| /* confdefs.h.  */
| #define PACKAGE_NAME "GNU nano"
| #define PACKAGE_TARNAME "nano"
| #define PACKAGE_VERSION "2.1.2"
| #define PACKAGE_STRING "GNU nano 2.1.2"
| #define PACKAGE_BUGREPORT "nano-devel@gnu.org"
| #define PACKAGE "nano"
| #define VERSION "2.1.2"
| #define _GNU_SOURCE 1
| /* end confdefs.h.  */
| #include <stdlib.h>
| #include <iconv.h>
| int
| main ()
| {
| iconv_t cd = iconv_open("","");
|          iconv(cd,NULL,NULL,NULL,NULL);
|          iconv_close(cd);
|   ;
|   return 0;
| }
configure:4908: result: no, consider installing GNU libiconv
configure:5309: checking for GNU gettext in libintl
configure:5346: gcc -o conftest -g -O2  -I/usr/local/include  conftest.c  /usr/local/lib/libintl.a >&5
/t/ccRKInd6.o: In function `main':
/t/ccRKInd6.o(.text+0x54): undefined reference to `_nl_expand_alias'
/t/ccRKInd6.o(.text+0x5a): undefined reference to `_nl_msg_cat_cntr'
/t/ccRKInd6.o(.text+0x66): undefined reference to `_nl_msg_cat_cntr'
collect2: ld returned 1 exit status
configure:5352: $? = 1
configure: failed program was:
| /* confdefs.h.  */
| #define PACKAGE_NAME "GNU nano"
| #define PACKAGE_TARNAME "nano"
| #define PACKAGE_VERSION "2.1.2"
| #define PACKAGE_STRING "GNU nano 2.1.2"
| #define PACKAGE_BUGREPORT "nano-devel@gnu.org"
| #define PACKAGE "nano"
| #define VERSION "2.1.2"
| #define _GNU_SOURCE 1
| /* end confdefs.h.  */
| #include <libintl.h>
| extern int _nl_msg_cat_cntr;
| extern
| #ifdef __cplusplus
| "C"
| #endif
| const char *_nl_expand_alias ();
| int
| main ()
| {
| bindtextdomain ("", "");
| return (int) gettext ("") + (int) ngettext ("", "", 0) + _nl_msg_cat_cntr + *_nl_expand_alias (0)
|   ;
|   return 0;
| }
configure:5427: result: no
configure:5547: checking how to run the C preprocessor
configure:5587: gcc -E  conftest.c
configure:5593: $? = 0
configure:5624: gcc -E  conftest.c
conftest.c:12: ac_nonexistent.h: No such file or directory
configure:5630: $? = 1
configure: failed program was:
| /* confdefs.h.  */
| #define PACKAGE_NAME "GNU nano"
| #define PACKAGE_TARNAME "nano"
| #define PACKAGE_VERSION "2.1.2"
| #define PACKAGE_STRING "GNU nano 2.1.2"
| #define PACKAGE_BUGREPORT "nano-devel@gnu.org"
| #define PACKAGE "nano"
| #define VERSION "2.1.2"
| #define _GNU_SOURCE 1
| #define PKGDATADIR "/usr/local/share/nano"
| /* end confdefs.h.  */
| #include <ac_nonexistent.h>
configure:5663: result: gcc -E
configure:5692: gcc -E  conftest.c
configure:5698: $? = 0
configure:5729: gcc -E  conftest.c
conftest.c:12: ac_nonexistent.h: No such file or directory
configure:5735: $? = 1
configure: failed program was:
| /* confdefs.h.  */
| #define PACKAGE_NAME "GNU nano"
| #define PACKAGE_TARNAME "nano"
| #define PACKAGE_VERSION "2.1.2"
| #define PACKAGE_STRING "GNU nano 2.1.2"
| #define PACKAGE_BUGREPORT "nano-devel@gnu.org"
| #define PACKAGE "nano"
| #define VERSION "2.1.2"
| #define _GNU_SOURCE 1
| #define PKGDATADIR "/usr/local/share/nano"
| /* end confdefs.h.  */
| #include <ac_nonexistent.h>
configure:5773: checking for grep that handles long lines and -e
configure:5847: result: /bin/grep
configure:5852: checking for egrep
configure:5930: result: /bin/grep -E
configure:5935: checking for ANSI C header files
configure:5965: gcc -c -g -O2  conftest.c >&5
configure:5971: $? = 0
configure:6070: gcc -o conftest -g -O2   conftest.c  >&5
configure:6073: $? = 0
configure:6079: ./conftest
configure:6082: $? = 0
configure:6099: result: yes
configure:6123: checking for sys/types.h
configure:6144: gcc -c -g -O2  conftest.c >&5
configure:6150: $? = 0
configure:6166: result: yes
configure:6123: checking for sys/stat.h
configure:6144: gcc -c -g -O2  conftest.c >&5
configure:6150: $? = 0
configure:6166: result: yes
configure:6123: checking for stdlib.h
configure:6144: gcc -c -g -O2  conftest.c >&5
configure:6150: $? = 0
configure:6166: result: yes
configure:6123: checking for string.h
configure:6144: gcc -c -g -O2  conftest.c >&5
configure:6150: $? = 0
configure:6166: result: yes
configure:6123: checking for memory.h
configure:6144: gcc -c -g -O2  conftest.c >&5
configure:6150: $? = 0
configure:6166: result: yes
configure:6123: checking for strings.h
configure:6144: gcc -c -g -O2  conftest.c >&5
configure:6150: $? = 0
configure:6166: result: yes
configure:6123: checking for inttypes.h
configure:6144: gcc -c -g -O2  conftest.c >&5
configure:6150: $? = 0
configure:6166: result: yes
configure:6123: checking for stdint.h
configure:6144: gcc -c -g -O2  conftest.c >&5
configure:6150: $? = 0
configure:6166: result: yes
configure:6123: checking for unistd.h
configure:6144: gcc -c -g -O2  conftest.c >&5
configure:6150: $? = 0
configure:6166: result: yes
configure:6199: checking getopt.h usability
configure:6216: gcc -c -g -O2  conftest.c >&5
conftest.c:55: getopt.h: No such file or directory
configure:6222: $? = 1
configure: failed program was:
| /* confdefs.h.  */
| #define PACKAGE_NAME "GNU nano"
| #define PACKAGE_TARNAME "nano"
| #define PACKAGE_VERSION "2.1.2"
| #define PACKAGE_STRING "GNU nano 2.1.2"
| #define PACKAGE_BUGREPORT "nano-devel@gnu.org"
| #define PACKAGE "nano"
| #define VERSION "2.1.2"
| #define _GNU_SOURCE 1
| #define PKGDATADIR "/usr/local/share/nano"
| #define STDC_HEADERS 1
| #define HAVE_SYS_TYPES_H 1
| #define HAVE_SYS_STAT_H 1
| #define HAVE_STDLIB_H 1
| #define HAVE_STRING_H 1
| #define HAVE_MEMORY_H 1
| #define HAVE_STRINGS_H 1
| #define HAVE_INTTYPES_H 1
| #define HAVE_STDINT_H 1
| #define HAVE_UNISTD_H 1
| /* end confdefs.h.  */
| #include <stdio.h>
| #ifdef HAVE_SYS_TYPES_H
| # include <sys/types.h>
| #endif
| #ifdef HAVE_SYS_STAT_H
| # include <sys/stat.h>
| #endif
| #ifdef STDC_HEADERS
| # include <stdlib.h>
| # include <stddef.h>
| #else
| # ifdef HAVE_STDLIB_H
| #  include <stdlib.h>
| # endif
| #endif
| #ifdef HAVE_STRING_H
| # if !defined STDC_HEADERS && defined HAVE_MEMORY_H
| #  include <memory.h>
| # endif
| # include <string.h>
| #endif
| #ifdef HAVE_STRINGS_H
| # include <strings.h>
| #endif
| #ifdef HAVE_INTTYPES_H
| # include <inttypes.h>
| #endif
| #ifdef HAVE_STDINT_H
| # include <stdint.h>
| #endif
| #ifdef HAVE_UNISTD_H
| # include <unistd.h>
| #endif
| #include <getopt.h>
configure:6236: result: no
configure:6240: checking getopt.h presence
configure:6255: gcc -E  conftest.c
conftest.c:22: getopt.h: No such file or directory
configure:6261: $? = 1
configure: failed program was:
| /* confdefs.h.  */
| #define PACKAGE_NAME "GNU nano"
| #define PACKAGE_TARNAME "nano"
| #define PACKAGE_VERSION "2.1.2"
| #define PACKAGE_STRING "GNU nano 2.1.2"
| #define PACKAGE_BUGREPORT "nano-devel@gnu.org"
| #define PACKAGE "nano"
| #define VERSION "2.1.2"
| #define _GNU_SOURCE 1
| #define PKGDATADIR "/usr/local/share/nano"
| #define STDC_HEADERS 1
| #define HAVE_SYS_TYPES_H 1
| #define HAVE_SYS_STAT_H 1
| #define HAVE_STDLIB_H 1
| #define HAVE_STRING_H 1
| #define HAVE_MEMORY_H 1
| #define HAVE_STRINGS_H 1
| #define HAVE_INTTYPES_H 1
| #define HAVE_STDINT_H 1
| #define HAVE_UNISTD_H 1
| /* end confdefs.h.  */
| #include <getopt.h>
configure:6275: result: no
configure:6308: checking for getopt.h
configure:6316: result: no
configure:6199: checking libintl.h usability
configure:6216: gcc -c -g -O2  conftest.c >&5
configure:6222: $? = 0
configure:6236: result: yes
configure:6240: checking libintl.h presence
configure:6255: gcc -E  conftest.c
configure:6261: $? = 0
configure:6275: result: yes
configure:6308: checking for libintl.h
configure:6316: result: yes
configure:6199: checking limits.h usability
configure:6216: gcc -c -g -O2  conftest.c >&5
configure:6222: $? = 0
configure:6236: result: yes
configure:6240: checking limits.h presence
configure:6255: gcc -E  conftest.c
configure:6261: $? = 0
configure:6275: result: yes
configure:6308: checking for limits.h
configure:6316: result: yes
configure:6199: checking regex.h usability
configure:6216: gcc -c -g -O2  conftest.c >&5
configure:6222: $? = 0
configure:6236: result: yes
configure:6240: checking regex.h presence
configure:6255: gcc -E  conftest.c
configure:6261: $? = 0
configure:6275: result: yes
configure:6308: checking for regex.h
configure:6316: result: yes
configure:6199: checking sys/param.h usability
configure:6216: gcc -c -g -O2  conftest.c >&5
configure:6222: $? = 0
configure:6236: result: yes
configure:6240: checking sys/param.h presence
configure:6255: gcc -E  conftest.c
configure:6261: $? = 0
configure:6275: result: yes
configure:6308: checking for sys/param.h
configure:6316: result: yes
configure:6199: checking wchar.h usability
configure:6216: gcc -c -g -O2  conftest.c >&5
conftest.c:59: wchar.h: No such file or directory
configure:6222: $? = 1
configure: failed program was:
| /* confdefs.h.  */
| #define PACKAGE_NAME "GNU nano"
| #define PACKAGE_TARNAME "nano"
| #define PACKAGE_VERSION "2.1.2"
| #define PACKAGE_STRING "GNU nano 2.1.2"
| #define PACKAGE_BUGREPORT "nano-devel@gnu.org"
| #define PACKAGE "nano"
| #define VERSION "2.1.2"
| #define _GNU_SOURCE 1
| #define PKGDATADIR "/usr/local/share/nano"
| #define STDC_HEADERS 1
| #define HAVE_SYS_TYPES_H 1
| #define HAVE_SYS_STAT_H 1
| #define HAVE_STDLIB_H 1
| #define HAVE_STRING_H 1
| #define HAVE_MEMORY_H 1
| #define HAVE_STRINGS_H 1
| #define HAVE_INTTYPES_H 1
| #define HAVE_STDINT_H 1
| #define HAVE_UNISTD_H 1
| #define HAVE_LIBINTL_H 1
| #define HAVE_LIMITS_H 1
| #define HAVE_REGEX_H 1
| #define HAVE_SYS_PARAM_H 1
| /* end confdefs.h.  */
| #include <stdio.h>
| #ifdef HAVE_SYS_TYPES_H
| # include <sys/types.h>
| #endif
| #ifdef HAVE_SYS_STAT_H
| # include <sys/stat.h>
| #endif
| #ifdef STDC_HEADERS
| # include <stdlib.h>
| # include <stddef.h>
| #else
| # ifdef HAVE_STDLIB_H
| #  include <stdlib.h>
| # endif
| #endif
| #ifdef HAVE_STRING_H
| # if !defined STDC_HEADERS && defined HAVE_MEMORY_H
| #  include <memory.h>
| # endif
| # include <string.h>
| #endif
| #ifdef HAVE_STRINGS_H
| # include <strings.h>
| #endif
| #ifdef HAVE_INTTYPES_H
| # include <inttypes.h>
| #endif
| #ifdef HAVE_STDINT_H
| # include <stdint.h>
| #endif
| #ifdef HAVE_UNISTD_H
| # include <unistd.h>
| #endif
| #include <wchar.h>
configure:6236: result: no
configure:6240: checking wchar.h presence
configure:6255: gcc -E  conftest.c
conftest.c:26: wchar.h: No such file or directory
configure:6261: $? = 1
configure: failed program was:
| /* confdefs.h.  */
| #define PACKAGE_NAME "GNU nano"
| #define PACKAGE_TARNAME "nano"
| #define PACKAGE_VERSION "2.1.2"
| #define PACKAGE_STRING "GNU nano 2.1.2"
| #define PACKAGE_BUGREPORT "nano-devel@gnu.org"
| #define PACKAGE "nano"
| #define VERSION "2.1.2"
| #define _GNU_SOURCE 1
| #define PKGDATADIR "/usr/local/share/nano"
| #define STDC_HEADERS 1
| #define HAVE_SYS_TYPES_H 1
| #define HAVE_SYS_STAT_H 1
| #define HAVE_STDLIB_H 1
| #define HAVE_STRING_H 1
| #define HAVE_MEMORY_H 1
| #define HAVE_STRINGS_H 1
| #define HAVE_INTTYPES_H 1
| #define HAVE_STDINT_H 1
| #define HAVE_UNISTD_H 1
| #define HAVE_LIBINTL_H 1
| #define HAVE_LIMITS_H 1
| #define HAVE_REGEX_H 1
| #define HAVE_SYS_PARAM_H 1
| /* end confdefs.h.  */
| #include <wchar.h>
configure:6275: result: no
configure:6308: checking for wchar.h
configure:6316: result: no
configure:6199: checking wctype.h usability
configure:6216: gcc -c -g -O2  conftest.c >&5
conftest.c:59: wctype.h: No such file or directory
configure:6222: $? = 1
configure: failed program was:
| /* confdefs.h.  */
| #define PACKAGE_NAME "GNU nano"
| #define PACKAGE_TARNAME "nano"
| #define PACKAGE_VERSION "2.1.2"
| #define PACKAGE_STRING "GNU nano 2.1.2"
| #define PACKAGE_BUGREPORT "nano-devel@gnu.org"
| #define PACKAGE "nano"
| #define VERSION "2.1.2"
| #define _GNU_SOURCE 1
| #define PKGDATADIR "/usr/local/share/nano"
| #define STDC_HEADERS 1
| #define HAVE_SYS_TYPES_H 1
| #define HAVE_SYS_STAT_H 1
| #define HAVE_STDLIB_H 1
| #define HAVE_STRING_H 1
| #define HAVE_MEMORY_H 1
| #define HAVE_STRINGS_H 1
| #define HAVE_INTTYPES_H 1
| #define HAVE_STDINT_H 1
| #define HAVE_UNISTD_H 1
| #define HAVE_LIBINTL_H 1
| #define HAVE_LIMITS_H 1
| #define HAVE_REGEX_H 1
| #define HAVE_SYS_PARAM_H 1
| /* end confdefs.h.  */
| #include <stdio.h>
| #ifdef HAVE_SYS_TYPES_H
| # include <sys/types.h>
| #endif
| #ifdef HAVE_SYS_STAT_H
| # include <sys/stat.h>
| #endif
| #ifdef STDC_HEADERS
| # include <stdlib.h>
| # include <stddef.h>
| #else
| # ifdef HAVE_STDLIB_H
| #  include <stdlib.h>
| # endif
| #endif
| #ifdef HAVE_STRING_H
| # if !defined STDC_HEADERS && defined HAVE_MEMORY_H
| #  include <memory.h>
| # endif
| # include <string.h>
| #endif
| #ifdef HAVE_STRINGS_H
| # include <strings.h>
| #endif
| #ifdef HAVE_INTTYPES_H
| # include <inttypes.h>
| #endif
| #ifdef HAVE_STDINT_H
| # include <stdint.h>
| #endif
| #ifdef HAVE_UNISTD_H
| # include <unistd.h>
| #endif
| #include <wctype.h>
configure:6236: result: no
configure:6240: checking wctype.h presence
configure:6255: gcc -E  conftest.c
conftest.c:26: wctype.h: No such file or directory
configure:6261: $? = 1
configure: failed program was:
| /* confdefs.h.  */
| #define PACKAGE_NAME "GNU nano"
| #define PACKAGE_TARNAME "nano"
| #define PACKAGE_VERSION "2.1.2"
| #define PACKAGE_STRING "GNU nano 2.1.2"
| #define PACKAGE_BUGREPORT "nano-devel@gnu.org"
| #define PACKAGE "nano"
| #define VERSION "2.1.2"
| #define _GNU_SOURCE 1
| #define PKGDATADIR "/usr/local/share/nano"
| #define STDC_HEADERS 1
| #define HAVE_SYS_TYPES_H 1
| #define HAVE_SYS_STAT_H 1
| #define HAVE_STDLIB_H 1
| #define HAVE_STRING_H 1
| #define HAVE_MEMORY_H 1
| #define HAVE_STRINGS_H 1
| #define HAVE_INTTYPES_H 1
| #define HAVE_STDINT_H 1
| #define HAVE_UNISTD_H 1
| #define HAVE_LIBINTL_H 1
| #define HAVE_LIMITS_H 1
| #define HAVE_REGEX_H 1
| #define HAVE_SYS_PARAM_H 1
| /* end confdefs.h.  */
| #include <wctype.h>
configure:6275: result: no
configure:6308: checking for wctype.h
configure:6316: result: no
configure:6605: checking whether to enable UTF-8 support
configure:6618: result: auto
configure:6621: checking whether to use slang
configure:7512: result: no
configure:7594: checking for getdelim
configure:7650: gcc -o conftest -g -O2   conftest.c  >&5
/t/ccp1piUX.o: In function `main':
/t/ccp1piUX.o(.text+0xc): undefined reference to `getdelim'
collect2: ld returned 1 exit status
configure:7656: $? = 1
configure: failed program was:
| /* confdefs.h.  */
| #define PACKAGE_NAME "GNU nano"
| #define PACKAGE_TARNAME "nano"
| #define PACKAGE_VERSION "2.1.2"
| #define PACKAGE_STRING "GNU nano 2.1.2"
| #define PACKAGE_BUGREPORT "nano-devel@gnu.org"
| #define PACKAGE "nano"
| #define VERSION "2.1.2"
| #define _GNU_SOURCE 1
| #define PKGDATADIR "/usr/local/share/nano"
| #define STDC_HEADERS 1
| #define HAVE_SYS_TYPES_H 1
| #define HAVE_SYS_STAT_H 1
| #define HAVE_STDLIB_H 1
| #define HAVE_STRING_H 1
| #define HAVE_MEMORY_H 1
| #define HAVE_STRINGS_H 1
| #define HAVE_INTTYPES_H 1
| #define HAVE_STDINT_H 1
| #define HAVE_UNISTD_H 1
| #define HAVE_LIBINTL_H 1
| #define HAVE_LIMITS_H 1
| #define HAVE_REGEX_H 1
| #define HAVE_SYS_PARAM_H 1
| #define NDEBUG 1
| /* end confdefs.h.  */
| /* Define getdelim to an innocuous variant, in case <limits.h> declares getdelim.
|    For example, HP-UX 11i <limits.h> declares gettimeofday.  */
| #define getdelim innocuous_getdelim
| 
| /* System header to define __stub macros and hopefully few prototypes,
|     which can conflict with char getdelim (); below.
|     Prefer <limits.h> to <assert.h> if __STDC__ is defined, since
|     <limits.h> exists even on freestanding compilers.  */
| 
| #ifdef __STDC__
| # include <limits.h>
| #else
| # include <assert.h>
| #endif
| 
| #undef getdelim
| 
| /* Override any GCC internal prototype to avoid an error.
|    Use char because int might match the return type of a GCC
|    builtin and then its argument prototype would still apply.  */
| #ifdef __cplusplus
| extern "C"
| #endif
| char getdelim ();
| /* The GNU C library defines this for functions which it implements
|     to always fail with ENOSYS.  Some functions are actually named
|     something starting with __ and the normal name is an alias.  */
| #if defined __stub_getdelim || defined __stub___getdelim
| choke me
| #endif
| 
| int
| main ()
| {
| return getdelim ();
|   ;
|   return 0;
| }
configure:7674: result: no
configure:7594: checking for getline
configure:7650: gcc -o conftest -g -O2   conftest.c  >&5
/t/cco5iY74.o: In function `main':
/t/cco5iY74.o(.text+0xc): undefined reference to `getline'
collect2: ld returned 1 exit status
configure:7656: $? = 1
configure: failed program was:
| /* confdefs.h.  */
| #define PACKAGE_NAME "GNU nano"
| #define PACKAGE_TARNAME "nano"
| #define PACKAGE_VERSION "2.1.2"
| #define PACKAGE_STRING "GNU nano 2.1.2"
| #define PACKAGE_BUGREPORT "nano-devel@gnu.org"
| #define PACKAGE "nano"
| #define VERSION "2.1.2"
| #define _GNU_SOURCE 1
| #define PKGDATADIR "/usr/local/share/nano"
| #define STDC_HEADERS 1
| #define HAVE_SYS_TYPES_H 1
| #define HAVE_SYS_STAT_H 1
| #define HAVE_STDLIB_H 1
| #define HAVE_STRING_H 1
| #define HAVE_MEMORY_H 1
| #define HAVE_STRINGS_H 1
| #define HAVE_INTTYPES_H 1
| #define HAVE_STDINT_H 1
| #define HAVE_UNISTD_H 1
| #define HAVE_LIBINTL_H 1
| #define HAVE_LIMITS_H 1
| #define HAVE_REGEX_H 1
| #define HAVE_SYS_PARAM_H 1
| #define NDEBUG 1
| /* end confdefs.h.  */
| /* Define getline to an innocuous variant, in case <limits.h> declares getline.
|    For example, HP-UX 11i <limits.h> declares gettimeofday.  */
| #define getline innocuous_getline
| 
| /* System header to define __stub macros and hopefully few prototypes,
|     which can conflict with char getline (); below.
|     Prefer <limits.h> to <assert.h> if __STDC__ is defined, since
|     <limits.h> exists even on freestanding compilers.  */
| 
| #ifdef __STDC__
| # include <limits.h>
| #else
| # include <assert.h>
| #endif
| 
| #undef getline
| 
| /* Override any GCC internal prototype to avoid an error.
|    Use char because int might match the return type of a GCC
|    builtin and then its argument prototype would still apply.  */
| #ifdef __cplusplus
| extern "C"
| #endif
| char getline ();
| /* The GNU C library defines this for functions which it implements
|     to always fail with ENOSYS.  Some functions are actually named
|     something starting with __ and the normal name is an alias.  */
| #if defined __stub_getline || defined __stub___getline
| choke me
| #endif
| 
| int
| main ()
| {
| return getline ();
|   ;
|   return 0;
| }
configure:7674: result: no
configure:7594: checking for isblank
configure:7650: gcc -o conftest -g -O2   conftest.c  >&5
configure:7656: $? = 0
configure:7674: result: yes
configure:7594: checking for strcasecmp
configure:7650: gcc -o conftest -g -O2   conftest.c  >&5
configure:7656: $? = 0
configure:7674: result: yes
configure:7594: checking for strcasestr
configure:7650: gcc -o conftest -g -O2   conftest.c  >&5
/t/ccm1SIeF.o: In function `main':
/t/ccm1SIeF.o(.text+0xc): undefined reference to `strcasestr'
collect2: ld returned 1 exit status
configure:7656: $? = 1
configure: failed program was:
| /* confdefs.h.  */
| #define PACKAGE_NAME "GNU nano"
| #define PACKAGE_TARNAME "nano"
| #define PACKAGE_VERSION "2.1.2"
| #define PACKAGE_STRING "GNU nano 2.1.2"
| #define PACKAGE_BUGREPORT "nano-devel@gnu.org"
| #define PACKAGE "nano"
| #define VERSION "2.1.2"
| #define _GNU_SOURCE 1
| #define PKGDATADIR "/usr/local/share/nano"
| #define STDC_HEADERS 1
| #define HAVE_SYS_TYPES_H 1
| #define HAVE_SYS_STAT_H 1
| #define HAVE_STDLIB_H 1
| #define HAVE_STRING_H 1
| #define HAVE_MEMORY_H 1
| #define HAVE_STRINGS_H 1
| #define HAVE_INTTYPES_H 1
| #define HAVE_STDINT_H 1
| #define HAVE_UNISTD_H 1
| #define HAVE_LIBINTL_H 1
| #define HAVE_LIMITS_H 1
| #define HAVE_REGEX_H 1
| #define HAVE_SYS_PARAM_H 1
| #define NDEBUG 1
| #define HAVE_ISBLANK 1
| #define HAVE_STRCASECMP 1
| /* end confdefs.h.  */
| /* Define strcasestr to an innocuous variant, in case <limits.h> declares strcasestr.
|    For example, HP-UX 11i <limits.h> declares gettimeofday.  */
| #define strcasestr innocuous_strcasestr
| 
| /* System header to define __stub macros and hopefully few prototypes,
|     which can conflict with char strcasestr (); below.
|     Prefer <limits.h> to <assert.h> if __STDC__ is defined, since
|     <limits.h> exists even on freestanding compilers.  */
| 
| #ifdef __STDC__
| # include <limits.h>
| #else
| # include <assert.h>
| #endif
| 
| #undef strcasestr
| 
| /* Override any GCC internal prototype to avoid an error.
|    Use char because int might match the return type of a GCC
|    builtin and then its argument prototype would still apply.  */
| #ifdef __cplusplus
| extern "C"
| #endif
| char strcasestr ();
| /* The GNU C library defines this for functions which it implements
|     to always fail with ENOSYS.  Some functions are actually named
|     something starting with __ and the normal name is an alias.  */
| #if defined __stub_strcasestr || defined __stub___strcasestr
| choke me
| #endif
| 
| int
| main ()
| {
| return strcasestr ();
|   ;
|   return 0;
| }
configure:7674: result: no
configure:7594: checking for strncasecmp
configure:7650: gcc -o conftest -g -O2   conftest.c  >&5
configure:7656: $? = 0
configure:7674: result: yes
configure:7594: checking for strnlen
configure:7650: gcc -o conftest -g -O2   conftest.c  >&5
/t/cc4i82Ow.o: In function `main':
/t/cc4i82Ow.o(.text+0xc): undefined reference to `strnlen'
collect2: ld returned 1 exit status
configure:7656: $? = 1
configure: failed program was:
| /* confdefs.h.  */
| #define PACKAGE_NAME "GNU nano"
| #define PACKAGE_TARNAME "nano"
| #define PACKAGE_VERSION "2.1.2"
| #define PACKAGE_STRING "GNU nano 2.1.2"
| #define PACKAGE_BUGREPORT "nano-devel@gnu.org"
| #define PACKAGE "nano"
| #define VERSION "2.1.2"
| #define _GNU_SOURCE 1
| #define PKGDATADIR "/usr/local/share/nano"
| #define STDC_HEADERS 1
| #define HAVE_SYS_TYPES_H 1
| #define HAVE_SYS_STAT_H 1
| #define HAVE_STDLIB_H 1
| #define HAVE_STRING_H 1
| #define HAVE_MEMORY_H 1
| #define HAVE_STRINGS_H 1
| #define HAVE_INTTYPES_H 1
| #define HAVE_STDINT_H 1
| #define HAVE_UNISTD_H 1
| #define HAVE_LIBINTL_H 1
| #define HAVE_LIMITS_H 1
| #define HAVE_REGEX_H 1
| #define HAVE_SYS_PARAM_H 1
| #define NDEBUG 1
| #define HAVE_ISBLANK 1
| #define HAVE_STRCASECMP 1
| #define HAVE_STRNCASECMP 1
| /* end confdefs.h.  */
| /* Define strnlen to an innocuous variant, in case <limits.h> declares strnlen.
|    For example, HP-UX 11i <limits.h> declares gettimeofday.  */
| #define strnlen innocuous_strnlen
| 
| /* System header to define __stub macros and hopefully few prototypes,
|     which can conflict with char strnlen (); below.
|     Prefer <limits.h> to <assert.h> if __STDC__ is defined, since
|     <limits.h> exists even on freestanding compilers.  */
| 
| #ifdef __STDC__
| # include <limits.h>
| #else
| # include <assert.h>
| #endif
| 
| #undef strnlen
| 
| /* Override any GCC internal prototype to avoid an error.
|    Use char because int might match the return type of a GCC
|    builtin and then its argument prototype would still apply.  */
| #ifdef __cplusplus
| extern "C"
| #endif
| char strnlen ();
| /* The GNU C library defines this for functions which it implements
|     to always fail with ENOSYS.  Some functions are actually named
|     something starting with __ and the normal name is an alias.  */
| #if defined __stub_strnlen || defined __stub___strnlen
| choke me
| #endif
| 
| int
| main ()
| {
| return strnlen ();
|   ;
|   return 0;
| }
configure:7674: result: no
configure:7594: checking for vsnprintf
configure:7650: gcc -o conftest -g -O2   conftest.c  >&5
configure:7656: $? = 0
configure:7674: result: yes
configure:7699: checking for iswalnum
configure:7755: gcc -o conftest -g -O2   conftest.c  >&5
/t/cc3gi0Ax.o: In function `main':
/t/cc3gi0Ax.o(.text+0xc): undefined reference to `iswalnum'
collect2: ld returned 1 exit status
configure:7761: $? = 1
configure: failed program was:
| /* confdefs.h.  */
| #define PACKAGE_NAME "GNU nano"
| #define PACKAGE_TARNAME "nano"
| #define PACKAGE_VERSION "2.1.2"
| #define PACKAGE_STRING "GNU nano 2.1.2"
| #define PACKAGE_BUGREPORT "nano-devel@gnu.org"
| #define PACKAGE "nano"
| #define VERSION "2.1.2"
| #define _GNU_SOURCE 1
| #define PKGDATADIR "/usr/local/share/nano"
| #define STDC_HEADERS 1
| #define HAVE_SYS_TYPES_H 1
| #define HAVE_SYS_STAT_H 1
| #define HAVE_STDLIB_H 1
| #define HAVE_STRING_H 1
| #define HAVE_MEMORY_H 1
| #define HAVE_STRINGS_H 1
| #define HAVE_INTTYPES_H 1
| #define HAVE_STDINT_H 1
| #define HAVE_UNISTD_H 1
| #define HAVE_LIBINTL_H 1
| #define HAVE_LIMITS_H 1
| #define HAVE_REGEX_H 1
| #define HAVE_SYS_PARAM_H 1
| #define NDEBUG 1
| #define HAVE_ISBLANK 1
| #define HAVE_STRCASECMP 1
| #define HAVE_STRNCASECMP 1
| #define HAVE_VSNPRINTF 1
| /* end confdefs.h.  */
| /* Define iswalnum to an innocuous variant, in case <limits.h> declares iswalnum.
|    For example, HP-UX 11i <limits.h> declares gettimeofday.  */
| #define iswalnum innocuous_iswalnum
| 
| /* System header to define __stub macros and hopefully few prototypes,
|     which can conflict with char iswalnum (); below.
|     Prefer <limits.h> to <assert.h> if __STDC__ is defined, since
|     <limits.h> exists even on freestanding compilers.  */
| 
| #ifdef __STDC__
| # include <limits.h>
| #else
| # include <assert.h>
| #endif
| 
| #undef iswalnum
| 
| /* Override any GCC internal prototype to avoid an error.
|    Use char because int might match the return type of a GCC
|    builtin and then its argument prototype would still apply.  */
| #ifdef __cplusplus
| extern "C"
| #endif
| char iswalnum ();
| /* The GNU C library defines this for functions which it implements
|     to always fail with ENOSYS.  Some functions are actually named
|     something starting with __ and the normal name is an alias.  */
| #if defined __stub_iswalnum || defined __stub___iswalnum
| choke me
| #endif
| 
| int
| main ()
| {
| return iswalnum ();
|   ;
|   return 0;
| }
configure:7779: result: no
configure:7699: checking for iswblank
configure:7755: gcc -o conftest -g -O2   conftest.c  >&5
/t/cc2oN5Gk.o: In function `main':
/t/cc2oN5Gk.o(.text+0xc): undefined reference to `iswblank'
collect2: ld returned 1 exit status
configure:7761: $? = 1
configure: failed program was:
| /* confdefs.h.  */
| #define PACKAGE_NAME "GNU nano"
| #define PACKAGE_TARNAME "nano"
| #define PACKAGE_VERSION "2.1.2"
| #define PACKAGE_STRING "GNU nano 2.1.2"
| #define PACKAGE_BUGREPORT "nano-devel@gnu.org"
| #define PACKAGE "nano"
| #define VERSION "2.1.2"
| #define _GNU_SOURCE 1
| #define PKGDATADIR "/usr/local/share/nano"
| #define STDC_HEADERS 1
| #define HAVE_SYS_TYPES_H 1
| #define HAVE_SYS_STAT_H 1
| #define HAVE_STDLIB_H 1
| #define HAVE_STRING_H 1
| #define HAVE_MEMORY_H 1
| #define HAVE_STRINGS_H 1
| #define HAVE_INTTYPES_H 1
| #define HAVE_STDINT_H 1
| #define HAVE_UNISTD_H 1
| #define HAVE_LIBINTL_H 1
| #define HAVE_LIMITS_H 1
| #define HAVE_REGEX_H 1
| #define HAVE_SYS_PARAM_H 1
| #define NDEBUG 1
| #define HAVE_ISBLANK 1
| #define HAVE_STRCASECMP 1
| #define HAVE_STRNCASECMP 1
| #define HAVE_VSNPRINTF 1
| /* end confdefs.h.  */
| /* Define iswblank to an innocuous variant, in case <limits.h> declares iswblank.
|    For example, HP-UX 11i <limits.h> declares gettimeofday.  */
| #define iswblank innocuous_iswblank
| 
| /* System header to define __stub macros and hopefully few prototypes,
|     which can conflict with char iswblank (); below.
|     Prefer <limits.h> to <assert.h> if __STDC__ is defined, since
|     <limits.h> exists even on freestanding compilers.  */
| 
| #ifdef __STDC__
| # include <limits.h>
| #else
| # include <assert.h>
| #endif
| 
| #undef iswblank
| 
| /* Override any GCC internal prototype to avoid an error.
|    Use char because int might match the return type of a GCC
|    builtin and then its argument prototype would still apply.  */
| #ifdef __cplusplus
| extern "C"
| #endif
| char iswblank ();
| /* The GNU C library defines this for functions which it implements
|     to always fail with ENOSYS.  Some functions are actually named
|     something starting with __ and the normal name is an alias.  */
| #if defined __stub_iswblank || defined __stub___iswblank
| choke me
| #endif
| 
| int
| main ()
| {
| return iswblank ();
|   ;
|   return 0;
| }
configure:7779: result: no
configure:7699: checking for iswpunct
configure:7755: gcc -o conftest -g -O2   conftest.c  >&5
/t/ccnlq6so.o: In function `main':
/t/ccnlq6so.o(.text+0xc): undefined reference to `iswpunct'
collect2: ld returned 1 exit status
configure:7761: $? = 1
configure: failed program was:
| /* confdefs.h.  */
| #define PACKAGE_NAME "GNU nano"
| #define PACKAGE_TARNAME "nano"
| #define PACKAGE_VERSION "2.1.2"
| #define PACKAGE_STRING "GNU nano 2.1.2"
| #define PACKAGE_BUGREPORT "nano-devel@gnu.org"
| #define PACKAGE "nano"
| #define VERSION "2.1.2"
| #define _GNU_SOURCE 1
| #define PKGDATADIR "/usr/local/share/nano"
| #define STDC_HEADERS 1
| #define HAVE_SYS_TYPES_H 1
| #define HAVE_SYS_STAT_H 1
| #define HAVE_STDLIB_H 1
| #define HAVE_STRING_H 1
| #define HAVE_MEMORY_H 1
| #define HAVE_STRINGS_H 1
| #define HAVE_INTTYPES_H 1
| #define HAVE_STDINT_H 1
| #define HAVE_UNISTD_H 1
| #define HAVE_LIBINTL_H 1
| #define HAVE_LIMITS_H 1
| #define HAVE_REGEX_H 1
| #define HAVE_SYS_PARAM_H 1
| #define NDEBUG 1
| #define HAVE_ISBLANK 1
| #define HAVE_STRCASECMP 1
| #define HAVE_STRNCASECMP 1
| #define HAVE_VSNPRINTF 1
| /* end confdefs.h.  */
| /* Define iswpunct to an innocuous variant, in case <limits.h> declares iswpunct.
|    For example, HP-UX 11i <limits.h> declares gettimeofday.  */
| #define iswpunct innocuous_iswpunct
| 
| /* System header to define __stub macros and hopefully few prototypes,
|     which can conflict with char iswpunct (); below.
|     Prefer <limits.h> to <assert.h> if __STDC__ is defined, since
|     <limits.h> exists even on freestanding compilers.  */
| 
| #ifdef __STDC__
| # include <limits.h>
| #else
| # include <assert.h>
| #endif
| 
| #undef iswpunct
| 
| /* Override any GCC internal prototype to avoid an error.
|    Use char because int might match the return type of a GCC
|    builtin and then its argument prototype would still apply.  */
| #ifdef __cplusplus
| extern "C"
| #endif
| char iswpunct ();
| /* The GNU C library defines this for functions which it implements
|     to always fail with ENOSYS.  Some functions are actually named
|     something starting with __ and the normal name is an alias.  */
| #if defined __stub_iswpunct || defined __stub___iswpunct
| choke me
| #endif
| 
| int
| main ()
| {
| return iswpunct ();
|   ;
|   return 0;
| }
configure:7779: result: no
configure:7699: checking for iswspace
configure:7755: gcc -o conftest -g -O2   conftest.c  >&5
/t/cc3HrSrf.o: In function `main':
/t/cc3HrSrf.o(.text+0xc): undefined reference to `iswspace'
collect2: ld returned 1 exit status
configure:7761: $? = 1
configure: failed program was:
| /* confdefs.h.  */
| #define PACKAGE_NAME "GNU nano"
| #define PACKAGE_TARNAME "nano"
| #define PACKAGE_VERSION "2.1.2"
| #define PACKAGE_STRING "GNU nano 2.1.2"
| #define PACKAGE_BUGREPORT "nano-devel@gnu.org"
| #define PACKAGE "nano"
| #define VERSION "2.1.2"
| #define _GNU_SOURCE 1
| #define PKGDATADIR "/usr/local/share/nano"
| #define STDC_HEADERS 1
| #define HAVE_SYS_TYPES_H 1
| #define HAVE_SYS_STAT_H 1
| #define HAVE_STDLIB_H 1
| #define HAVE_STRING_H 1
| #define HAVE_MEMORY_H 1
| #define HAVE_STRINGS_H 1
| #define HAVE_INTTYPES_H 1
| #define HAVE_STDINT_H 1
| #define HAVE_UNISTD_H 1
| #define HAVE_LIBINTL_H 1
| #define HAVE_LIMITS_H 1
| #define HAVE_REGEX_H 1
| #define HAVE_SYS_PARAM_H 1
| #define NDEBUG 1
| #define HAVE_ISBLANK 1
| #define HAVE_STRCASECMP 1
| #define HAVE_STRNCASECMP 1
| #define HAVE_VSNPRINTF 1
| /* end confdefs.h.  */
| /* Define iswspace to an innocuous variant, in case <limits.h> declares iswspace.
|    For example, HP-UX 11i <limits.h> declares gettimeofday.  */
| #define iswspace innocuous_iswspace
| 
| /* System header to define __stub macros and hopefully few prototypes,
|     which can conflict with char iswspace (); below.
|     Prefer <limits.h> to <assert.h> if __STDC__ is defined, since
|     <limits.h> exists even on freestanding compilers.  */
| 
| #ifdef __STDC__
| # include <limits.h>
| #else
| # include <assert.h>
| #endif
| 
| #undef iswspace
| 
| /* Override any GCC internal prototype to avoid an error.
|    Use char because int might match the return type of a GCC
|    builtin and then its argument prototype would still apply.  */
| #ifdef __cplusplus
| extern "C"
| #endif
| char iswspace ();
| /* The GNU C library defines this for functions which it implements
|     to always fail with ENOSYS.  Some functions are actually named
|     something starting with __ and the normal name is an alias.  */
| #if defined __stub_iswspace || defined __stub___iswspace
| choke me
| #endif
| 
| int
| main ()
| {
| return iswspace ();
|   ;
|   return 0;
| }
configure:7779: result: no
configure:7699: checking for nl_langinfo
configure:7755: gcc -o conftest -g -O2   conftest.c  >&5
/t/cc2tFawL.o: In function `main':
/t/cc2tFawL.o(.text+0xc): undefined reference to `nl_langinfo'
collect2: ld returned 1 exit status
configure:7761: $? = 1
configure: failed program was:
| /* confdefs.h.  */
| #define PACKAGE_NAME "GNU nano"
| #define PACKAGE_TARNAME "nano"
| #define PACKAGE_VERSION "2.1.2"
| #define PACKAGE_STRING "GNU nano 2.1.2"
| #define PACKAGE_BUGREPORT "nano-devel@gnu.org"
| #define PACKAGE "nano"
| #define VERSION "2.1.2"
| #define _GNU_SOURCE 1
| #define PKGDATADIR "/usr/local/share/nano"
| #define STDC_HEADERS 1
| #define HAVE_SYS_TYPES_H 1
| #define HAVE_SYS_STAT_H 1
| #define HAVE_STDLIB_H 1
| #define HAVE_STRING_H 1
| #define HAVE_MEMORY_H 1
| #define HAVE_STRINGS_H 1
| #define HAVE_INTTYPES_H 1
| #define HAVE_STDINT_H 1
| #define HAVE_UNISTD_H 1
| #define HAVE_LIBINTL_H 1
| #define HAVE_LIMITS_H 1
| #define HAVE_REGEX_H 1
| #define HAVE_SYS_PARAM_H 1
| #define NDEBUG 1
| #define HAVE_ISBLANK 1
| #define HAVE_STRCASECMP 1
| #define HAVE_STRNCASECMP 1
| #define HAVE_VSNPRINTF 1
| /* end confdefs.h.  */
| /* Define nl_langinfo to an innocuous variant, in case <limits.h> declares nl_langinfo.
|    For example, HP-UX 11i <limits.h> declares gettimeofday.  */
| #define nl_langinfo innocuous_nl_langinfo
| 
| /* System header to define __stub macros and hopefully few prototypes,
|     which can conflict with char nl_langinfo (); below.
|     Prefer <limits.h> to <assert.h> if __STDC__ is defined, since
|     <limits.h> exists even on freestanding compilers.  */
| 
| #ifdef __STDC__
| # include <limits.h>
| #else
| # include <assert.h>
| #endif
| 
| #undef nl_langinfo
| 
| /* Override any GCC internal prototype to avoid an error.
|    Use char because int might match the return type of a GCC
|    builtin and then its argument prototype would still apply.  */
| #ifdef __cplusplus
| extern "C"
| #endif
| char nl_langinfo ();
| /* The GNU C library defines this for functions which it implements
|     to always fail with ENOSYS.  Some functions are actually named
|     something starting with __ and the normal name is an alias.  */
| #if defined __stub_nl_langinfo || defined __stub___nl_langinfo
| choke me
| #endif
| 
| int
| main ()
| {
| return nl_langinfo ();
|   ;
|   return 0;
| }
configure:7779: result: no
configure:7699: checking for mblen
configure:7755: gcc -o conftest -g -O2   conftest.c  >&5
configure:7761: $? = 0
configure:7779: result: yes
configure:7699: checking for mbstowcs
configure:7755: gcc -o conftest -g -O2   conftest.c  >&5
configure:7761: $? = 0
configure:7779: result: yes
configure:7699: checking for mbtowc
configure:7755: gcc -o conftest -g -O2   conftest.c  >&5
configure:7761: $? = 0
configure:7779: result: yes
configure:7699: checking for wctomb
configure:7755: gcc -o conftest -g -O2   conftest.c  >&5
configure:7761: $? = 0
configure:7779: result: yes
configure:7699: checking for wcwidth
configure:7755: gcc -o conftest -g -O2   conftest.c  >&5
/t/cc5CljJs.o: In function `main':
/t/cc5CljJs.o(.text+0xc): undefined reference to `wcwidth'
collect2: ld returned 1 exit status
configure:7761: $? = 1
configure: failed program was:
| /* confdefs.h.  */
| #define PACKAGE_NAME "GNU nano"
| #define PACKAGE_TARNAME "nano"
| #define PACKAGE_VERSION "2.1.2"
| #define PACKAGE_STRING "GNU nano 2.1.2"
| #define PACKAGE_BUGREPORT "nano-devel@gnu.org"
| #define PACKAGE "nano"
| #define VERSION "2.1.2"
| #define _GNU_SOURCE 1
| #define PKGDATADIR "/usr/local/share/nano"
| #define STDC_HEADERS 1
| #define HAVE_SYS_TYPES_H 1
| #define HAVE_SYS_STAT_H 1
| #define HAVE_STDLIB_H 1
| #define HAVE_STRING_H 1
| #define HAVE_MEMORY_H 1
| #define HAVE_STRINGS_H 1
| #define HAVE_INTTYPES_H 1
| #define HAVE_STDINT_H 1
| #define HAVE_UNISTD_H 1
| #define HAVE_LIBINTL_H 1
| #define HAVE_LIMITS_H 1
| #define HAVE_REGEX_H 1
| #define HAVE_SYS_PARAM_H 1
| #define NDEBUG 1
| #define HAVE_ISBLANK 1
| #define HAVE_STRCASECMP 1
| #define HAVE_STRNCASECMP 1
| #define HAVE_VSNPRINTF 1
| #define HAVE_MBLEN 1
| #define HAVE_MBSTOWCS 1
| #define HAVE_MBTOWC 1
| #define HAVE_WCTOMB 1
| /* end confdefs.h.  */
| /* Define wcwidth to an innocuous variant, in case <limits.h> declares wcwidth.
|    For example, HP-UX 11i <limits.h> declares gettimeofday.  */
| #define wcwidth innocuous_wcwidth
| 
| /* System header to define __stub macros and hopefully few prototypes,
|     which can conflict with char wcwidth (); below.
|     Prefer <limits.h> to <assert.h> if __STDC__ is defined, since
|     <limits.h> exists even on freestanding compilers.  */
| 
| #ifdef __STDC__
| # include <limits.h>
| #else
| # include <assert.h>
| #endif
| 
| #undef wcwidth
| 
| /* Override any GCC internal prototype to avoid an error.
|    Use char because int might match the return type of a GCC
|    builtin and then its argument prototype would still apply.  */
| #ifdef __cplusplus
| extern "C"
| #endif
| char wcwidth ();
| /* The GNU C library defines this for functions which it implements
|     to always fail with ENOSYS.  Some functions are actually named
|     something starting with __ and the normal name is an alias.  */
| #if defined __stub_wcwidth || defined __stub___wcwidth
| choke me
| #endif
| 
| int
| main ()
| {
| return wcwidth ();
|   ;
|   return 0;
| }
configure:7779: result: no
configure:8134: checking return type of signal handlers
configure:8162: gcc -c -g -O2  conftest.c >&5
conftest.c: In function `main':
conftest.c:41: void value not ignored as it ought to be
configure:8168: $? = 1
configure: failed program was:
| /* confdefs.h.  */
| #define PACKAGE_NAME "GNU nano"
| #define PACKAGE_TARNAME "nano"
| #define PACKAGE_VERSION "2.1.2"
| #define PACKAGE_STRING "GNU nano 2.1.2"
| #define PACKAGE_BUGREPORT "nano-devel@gnu.org"
| #define PACKAGE "nano"
| #define VERSION "2.1.2"
| #define _GNU_SOURCE 1
| #define PKGDATADIR "/usr/local/share/nano"
| #define STDC_HEADERS 1
| #define HAVE_SYS_TYPES_H 1
| #define HAVE_SYS_STAT_H 1
| #define HAVE_STDLIB_H 1
| #define HAVE_STRING_H 1
| #define HAVE_MEMORY_H 1
| #define HAVE_STRINGS_H 1
| #define HAVE_INTTYPES_H 1
| #define HAVE_STDINT_H 1
| #define HAVE_UNISTD_H 1
| #define HAVE_LIBINTL_H 1
| #define HAVE_LIMITS_H 1
| #define HAVE_REGEX_H 1
| #define HAVE_SYS_PARAM_H 1
| #define NDEBUG 1
| #define HAVE_ISBLANK 1
| #define HAVE_STRCASECMP 1
| #define HAVE_STRNCASECMP 1
| #define HAVE_VSNPRINTF 1
| #define HAVE_MBLEN 1
| #define HAVE_MBSTOWCS 1
| #define HAVE_MBTOWC 1
| #define HAVE_WCTOMB 1
| /* end confdefs.h.  */
| #include <sys/types.h>
| #include <signal.h>
| 
| int
| main ()
| {
| return *(signal (0, 0)) (0) == 1;
|   ;
|   return 0;
| }
configure:8183: result: void
configure:8195: checking for vprintf
configure:8251: gcc -o conftest -g -O2   conftest.c  >&5
configure:8257: $? = 0
configure:8275: result: yes
configure:8282: checking for _doprnt
configure:8338: gcc -o conftest -g -O2   conftest.c  >&5
/t/ccNHziAi.o: In function `main':
/t/ccNHziAi.o(.text+0xc): undefined reference to `_doprnt'
collect2: ld returned 1 exit status
configure:8344: $? = 1
configure: failed program was:
| /* confdefs.h.  */
| #define PACKAGE_NAME "GNU nano"
| #define PACKAGE_TARNAME "nano"
| #define PACKAGE_VERSION "2.1.2"
| #define PACKAGE_STRING "GNU nano 2.1.2"
| #define PACKAGE_BUGREPORT "nano-devel@gnu.org"
| #define PACKAGE "nano"
| #define VERSION "2.1.2"
| #define _GNU_SOURCE 1
| #define PKGDATADIR "/usr/local/share/nano"
| #define STDC_HEADERS 1
| #define HAVE_SYS_TYPES_H 1
| #define HAVE_SYS_STAT_H 1
| #define HAVE_STDLIB_H 1
| #define HAVE_STRING_H 1
| #define HAVE_MEMORY_H 1
| #define HAVE_STRINGS_H 1
| #define HAVE_INTTYPES_H 1
| #define HAVE_STDINT_H 1
| #define HAVE_UNISTD_H 1
| #define HAVE_LIBINTL_H 1
| #define HAVE_LIMITS_H 1
| #define HAVE_REGEX_H 1
| #define HAVE_SYS_PARAM_H 1
| #define NDEBUG 1
| #define HAVE_ISBLANK 1
| #define HAVE_STRCASECMP 1
| #define HAVE_STRNCASECMP 1
| #define HAVE_VSNPRINTF 1
| #define HAVE_MBLEN 1
| #define HAVE_MBSTOWCS 1
| #define HAVE_MBTOWC 1
| #define HAVE_WCTOMB 1
| #define RETSIGTYPE void
| #define HAVE_VPRINTF 1
| /* end confdefs.h.  */
| /* Define _doprnt to an innocuous variant, in case <limits.h> declares _doprnt.
|    For example, HP-UX 11i <limits.h> declares gettimeofday.  */
| #define _doprnt innocuous__doprnt
| 
| /* System header to define __stub macros and hopefully few prototypes,
|     which can conflict with char _doprnt (); below.
|     Prefer <limits.h> to <assert.h> if __STDC__ is defined, since
|     <limits.h> exists even on freestanding compilers.  */
| 
| #ifdef __STDC__
| # include <limits.h>
| #else
| # include <assert.h>
| #endif
| 
| #undef _doprnt
| 
| /* Override any GCC internal prototype to avoid an error.
|    Use char because int might match the return type of a GCC
|    builtin and then its argument prototype would still apply.  */
| #ifdef __cplusplus
| extern "C"
| #endif
| char _doprnt ();
| /* The GNU C library defines this for functions which it implements
|     to always fail with ENOSYS.  Some functions are actually named
|     something starting with __ and the normal name is an alias.  */
| #if defined __stub__doprnt || defined __stub____doprnt
| choke me
| #endif
| 
| int
| main ()
| {
| return _doprnt ();
|   ;
|   return 0;
| }
configure:8361: result: no
configure:8379: checking for getopt_long
configure:8435: gcc -o conftest -g -O2   conftest.c  >&5
/t/cc3o2Xec.o: In function `main':
/t/cc3o2Xec.o(.text+0xc): undefined reference to `getopt_long'
collect2: ld returned 1 exit status
configure:8441: $? = 1
configure: failed program was:
| /* confdefs.h.  */
| #define PACKAGE_NAME "GNU nano"
| #define PACKAGE_TARNAME "nano"
| #define PACKAGE_VERSION "2.1.2"
| #define PACKAGE_STRING "GNU nano 2.1.2"
| #define PACKAGE_BUGREPORT "nano-devel@gnu.org"
| #define PACKAGE "nano"
| #define VERSION "2.1.2"
| #define _GNU_SOURCE 1
| #define PKGDATADIR "/usr/local/share/nano"
| #define STDC_HEADERS 1
| #define HAVE_SYS_TYPES_H 1
| #define HAVE_SYS_STAT_H 1
| #define HAVE_STDLIB_H 1
| #define HAVE_STRING_H 1
| #define HAVE_MEMORY_H 1
| #define HAVE_STRINGS_H 1
| #define HAVE_INTTYPES_H 1
| #define HAVE_STDINT_H 1
| #define HAVE_UNISTD_H 1
| #define HAVE_LIBINTL_H 1
| #define HAVE_LIMITS_H 1
| #define HAVE_REGEX_H 1
| #define HAVE_SYS_PARAM_H 1
| #define NDEBUG 1
| #define HAVE_ISBLANK 1
| #define HAVE_STRCASECMP 1
| #define HAVE_STRNCASECMP 1
| #define HAVE_VSNPRINTF 1
| #define HAVE_MBLEN 1
| #define HAVE_MBSTOWCS 1
| #define HAVE_MBTOWC 1
| #define HAVE_WCTOMB 1
| #define RETSIGTYPE void
| #define HAVE_VPRINTF 1
| /* end confdefs.h.  */
| /* Define getopt_long to an innocuous variant, in case <limits.h> declares getopt_long.
|    For example, HP-UX 11i <limits.h> declares gettimeofday.  */
| #define getopt_long innocuous_getopt_long
| 
| /* System header to define __stub macros and hopefully few prototypes,
|     which can conflict with char getopt_long (); below.
|     Prefer <limits.h> to <assert.h> if __STDC__ is defined, since
|     <limits.h> exists even on freestanding compilers.  */
| 
| #ifdef __STDC__
| # include <limits.h>
| #else
| # include <assert.h>
| #endif
| 
| #undef getopt_long
| 
| /* Override any GCC internal prototype to avoid an error.
|    Use char because int might match the return type of a GCC
|    builtin and then its argument prototype would still apply.  */
| #ifdef __cplusplus
| extern "C"
| #endif
| char getopt_long ();
| /* The GNU C library defines this for functions which it implements
|     to always fail with ENOSYS.  Some functions are actually named
|     something starting with __ and the normal name is an alias.  */
| #if defined __stub_getopt_long || defined __stub___getopt_long
| choke me
| #endif
| 
| int
| main ()
| {
| return getopt_long ();
|   ;
|   return 0;
| }
configure:8459: result: no
configure:8487: checking ncurses.h usability
configure:8504: gcc -c -g -O2  conftest.c >&5
conftest.c:70: ncurses.h: No such file or directory
configure:8510: $? = 1
configure: failed program was:
| /* confdefs.h.  */
| #define PACKAGE_NAME "GNU nano"
| #define PACKAGE_TARNAME "nano"
| #define PACKAGE_VERSION "2.1.2"
| #define PACKAGE_STRING "GNU nano 2.1.2"
| #define PACKAGE_BUGREPORT "nano-devel@gnu.org"
| #define PACKAGE "nano"
| #define VERSION "2.1.2"
| #define _GNU_SOURCE 1
| #define PKGDATADIR "/usr/local/share/nano"
| #define STDC_HEADERS 1
| #define HAVE_SYS_TYPES_H 1
| #define HAVE_SYS_STAT_H 1
| #define HAVE_STDLIB_H 1
| #define HAVE_STRING_H 1
| #define HAVE_MEMORY_H 1
| #define HAVE_STRINGS_H 1
| #define HAVE_INTTYPES_H 1
| #define HAVE_STDINT_H 1
| #define HAVE_UNISTD_H 1
| #define HAVE_LIBINTL_H 1
| #define HAVE_LIMITS_H 1
| #define HAVE_REGEX_H 1
| #define HAVE_SYS_PARAM_H 1
| #define NDEBUG 1
| #define HAVE_ISBLANK 1
| #define HAVE_STRCASECMP 1
| #define HAVE_STRNCASECMP 1
| #define HAVE_VSNPRINTF 1
| #define HAVE_MBLEN 1
| #define HAVE_MBSTOWCS 1
| #define HAVE_MBTOWC 1
| #define HAVE_WCTOMB 1
| #define RETSIGTYPE void
| #define HAVE_VPRINTF 1
| /* end confdefs.h.  */
| #include <stdio.h>
| #ifdef HAVE_SYS_TYPES_H
| # include <sys/types.h>
| #endif
| #ifdef HAVE_SYS_STAT_H
| # include <sys/stat.h>
| #endif
| #ifdef STDC_HEADERS
| # include <stdlib.h>
| # include <stddef.h>
| #else
| # ifdef HAVE_STDLIB_H
| #  include <stdlib.h>
| # endif
| #endif
| #ifdef HAVE_STRING_H
| # if !defined STDC_HEADERS && defined HAVE_MEMORY_H
| #  include <memory.h>
| # endif
| # include <string.h>
| #endif
| #ifdef HAVE_STRINGS_H
| # include <strings.h>
| #endif
| #ifdef HAVE_INTTYPES_H
| # include <inttypes.h>
| #endif
| #ifdef HAVE_STDINT_H
| # include <stdint.h>
| #endif
| #ifdef HAVE_UNISTD_H
| # include <unistd.h>
| #endif
| #include <ncurses.h>
configure:8524: result: no
configure:8528: checking ncurses.h presence
configure:8543: gcc -E  conftest.c
conftest.c:37: ncurses.h: No such file or directory
configure:8549: $? = 1
configure: failed program was:
| /* confdefs.h.  */
| #define PACKAGE_NAME "GNU nano"
| #define PACKAGE_TARNAME "nano"
| #define PACKAGE_VERSION "2.1.2"
| #define PACKAGE_STRING "GNU nano 2.1.2"
| #define PACKAGE_BUGREPORT "nano-devel@gnu.org"
| #define PACKAGE "nano"
| #define VERSION "2.1.2"
| #define _GNU_SOURCE 1
| #define PKGDATADIR "/usr/local/share/nano"
| #define STDC_HEADERS 1
| #define HAVE_SYS_TYPES_H 1
| #define HAVE_SYS_STAT_H 1
| #define HAVE_STDLIB_H 1
| #define HAVE_STRING_H 1
| #define HAVE_MEMORY_H 1
| #define HAVE_STRINGS_H 1
| #define HAVE_INTTYPES_H 1
| #define HAVE_STDINT_H 1
| #define HAVE_UNISTD_H 1
| #define HAVE_LIBINTL_H 1
| #define HAVE_LIMITS_H 1
| #define HAVE_REGEX_H 1
| #define HAVE_SYS_PARAM_H 1
| #define NDEBUG 1
| #define HAVE_ISBLANK 1
| #define HAVE_STRCASECMP 1
| #define HAVE_STRNCASECMP 1
| #define HAVE_VSNPRINTF 1
| #define HAVE_MBLEN 1
| #define HAVE_MBSTOWCS 1
| #define HAVE_MBTOWC 1
| #define HAVE_WCTOMB 1
| #define RETSIGTYPE void
| #define HAVE_VPRINTF 1
| /* end confdefs.h.  */
| #include <ncurses.h>
configure:8563: result: no
configure:8596: checking for ncurses.h
configure:8604: result: no
configure:8619: checking for get_wch in -lncursesw
configure:8654: gcc -o conftest -g -O2   conftest.c -lncursesw   >&5
/gg/ppc-morphos/bin/ld: cannot open -lncursesw: No such file or directory
collect2: ld returned 1 exit status
configure:8660: $? = 1
configure: failed program was:
| /* confdefs.h.  */
| #define PACKAGE_NAME "GNU nano"
| #define PACKAGE_TARNAME "nano"
| #define PACKAGE_VERSION "2.1.2"
| #define PACKAGE_STRING "GNU nano 2.1.2"
| #define PACKAGE_BUGREPORT "nano-devel@gnu.org"
| #define PACKAGE "nano"
| #define VERSION "2.1.2"
| #define _GNU_SOURCE 1
| #define PKGDATADIR "/usr/local/share/nano"
| #define STDC_HEADERS 1
| #define HAVE_SYS_TYPES_H 1
| #define HAVE_SYS_STAT_H 1
| #define HAVE_STDLIB_H 1
| #define HAVE_STRING_H 1
| #define HAVE_MEMORY_H 1
| #define HAVE_STRINGS_H 1
| #define HAVE_INTTYPES_H 1
| #define HAVE_STDINT_H 1
| #define HAVE_UNISTD_H 1
| #define HAVE_LIBINTL_H 1
| #define HAVE_LIMITS_H 1
| #define HAVE_REGEX_H 1
| #define HAVE_SYS_PARAM_H 1
| #define NDEBUG 1
| #define HAVE_ISBLANK 1
| #define HAVE_STRCASECMP 1
| #define HAVE_STRNCASECMP 1
| #define HAVE_VSNPRINTF 1
| #define HAVE_MBLEN 1
| #define HAVE_MBSTOWCS 1
| #define HAVE_MBTOWC 1
| #define HAVE_WCTOMB 1
| #define RETSIGTYPE void
| #define HAVE_VPRINTF 1
| /* end confdefs.h.  */
| 
| /* Override any GCC internal prototype to avoid an error.
|    Use char because int might match the return type of a GCC
|    builtin and then its argument prototype would still apply.  */
| #ifdef __cplusplus
| extern "C"
| #endif
| char get_wch ();
| int
| main ()
| {
| return get_wch ();
|   ;
|   return 0;
| }
configure:8678: result: no
configure:8687: checking for initscr in -lncurses
configure:8722: gcc -o conftest -g -O2   conftest.c -lncurses   >&5
configure:8728: $? = 0
configure:8746: result: yes
configure:9049: result: Using ncurses as the curses library
configure:9054: checking for use_default_colors in -lncurses
configure:9089: gcc -o conftest -g -O2   conftest.c -lncurses   >&5
configure:9095: $? = 0
configure:9114: result: yes
configure:9169: WARNING:
*** Insufficient UTF-8 support was detected in your curses and/or C
*** libraries.  If you want UTF-8 support, please verify that your slang
*** was built with UTF-8 support or your curses was built with wide
*** character support, and that your C library was built with wide
*** character support.
configure:9322: creating ./config.status

## ---------------------- ##
## Running config.status. ##
## ---------------------- ##

This file was extended by GNU nano config.status 2.1.2, which was
generated by GNU Autoconf 2.61.  Invocation command line was

  CONFIG_FILES    = 
  CONFIG_HEADERS  = 
  CONFIG_LINKS    = 
  CONFIG_COMMANDS = 
  $ ./config.status 

on localhost

config.status:10138: creating Makefile
config.status:10138: creating doc/Makefile
config.status:10138: creating doc/nanorc.sample
config.status:10138: creating doc/man/Makefile
config.status:10138: creating doc/man/fr/Makefile
config.status:10138: creating doc/syntax/Makefile
config.status:10138: creating doc/texinfo/Makefile
config.status:10138: creating m4/Makefile
config.status:10138: creating po/Makefile.in
config.status:10281: WARNING:  po/Makefile.in.in seems to ignore the --datarootdir setting
config.status:10138: creating src/Makefile
config.status:10138: creating nano.spec
config.status:10138: creating config.h
config.status:10466: executing depfiles commands
config.status:10466: executing default-1 commands

## ---------------- ##
## Cache variables. ##
## ---------------- ##

ac_cv_build=powerpc-unknown-morphos
ac_cv_c_compiler_gnu=yes
ac_cv_env_CC_set=
ac_cv_env_CC_value=
ac_cv_env_CFLAGS_set=
ac_cv_env_CFLAGS_value=
ac_cv_env_CPPFLAGS_set=
ac_cv_env_CPPFLAGS_value=
ac_cv_env_CPP_set=
ac_cv_env_CPP_value=
ac_cv_env_LDFLAGS_set=
ac_cv_env_LDFLAGS_value=
ac_cv_env_LIBS_set=
ac_cv_env_LIBS_value=
ac_cv_env_build_alias_set=
ac_cv_env_build_alias_value=
ac_cv_env_host_alias_set=
ac_cv_env_host_alias_value=
ac_cv_env_target_alias_set=
ac_cv_env_target_alias_value=
ac_cv_func__doprnt=no
ac_cv_func_getdelim=no
ac_cv_func_getline=no
ac_cv_func_getopt_long=no
ac_cv_func_isblank=yes
ac_cv_func_iswalnum=no
ac_cv_func_iswblank=no
ac_cv_func_iswpunct=no
ac_cv_func_iswspace=no
ac_cv_func_mblen=yes
ac_cv_func_mbstowcs=yes
ac_cv_func_mbtowc=yes
ac_cv_func_nl_langinfo=no
ac_cv_func_strcasecmp=yes
ac_cv_func_strcasestr=no
ac_cv_func_strncasecmp=yes
ac_cv_func_strnlen=no
ac_cv_func_vprintf=yes
ac_cv_func_vsnprintf=yes
ac_cv_func_wctomb=yes
ac_cv_func_wcwidth=no
ac_cv_header_getopt_h=no
ac_cv_header_inttypes_h=yes
ac_cv_header_libintl_h=yes
ac_cv_header_limits_h=yes
ac_cv_header_memory_h=yes
ac_cv_header_ncurses_h=no
ac_cv_header_regex_h=yes
ac_cv_header_stdc=yes
ac_cv_header_stdint_h=yes
ac_cv_header_stdlib_h=yes
ac_cv_header_string_h=yes
ac_cv_header_strings_h=yes
ac_cv_header_sys_param_h=yes
ac_cv_header_sys_stat_h=yes
ac_cv_header_sys_types_h=yes
ac_cv_header_unistd_h=yes
ac_cv_header_wchar_h=no
ac_cv_header_wctype_h=no
ac_cv_host=powerpc-unknown-morphos
ac_cv_lib_cposix_strerror=no
ac_cv_lib_ncurses___use_default_colors=yes
ac_cv_lib_ncurses_initscr=yes
ac_cv_lib_ncursesw_get_wch=no
ac_cv_objext=o
ac_cv_path_EGREP='/bin/grep -E'
ac_cv_path_GMSGFMT=:
ac_cv_path_GREP=/bin/grep
ac_cv_path_MSGFMT=:
ac_cv_path_MSGMERGE=:
ac_cv_path_XGETTEXT=:
ac_cv_path_install='/bin/install -c'
ac_cv_prog_AWK=gawk
ac_cv_prog_CPP='gcc -E'
ac_cv_prog_ac_ct_CC=gcc
ac_cv_prog_cc_g=yes
ac_cv_prog_make_make_set=yes
ac_cv_sys_file_offset_bits=unknown
ac_cv_sys_large_files=unknown
ac_cv_sys_largefile_CC=no
ac_cv_target=powerpc-unknown-morphos
ac_cv_type_signal=void
acl_cv_hardcode_direct=no
acl_cv_hardcode_libdir_flag_spec='${wl}-rpath ${wl}$libdir'
acl_cv_hardcode_libdir_separator=
acl_cv_hardcode_minus_L=no
acl_cv_libext=a
acl_cv_path_LD=/gg/ppc-morphos/bin/ld
acl_cv_prog_gnu_ld=yes
acl_cv_rpath=done
acl_cv_shlibext=
acl_cv_sys_lib_dlsearch_path_spec='/lib /usr/lib'
acl_cv_sys_lib_search_path_spec='/lib /usr/lib /usr/local/lib'
acl_cv_wl=-Wl,
am_cv_CC_dependencies_compiler_type=gcc
am_cv_func_iconv='no, consider installing GNU libiconv'
am_cv_lib_iconv=no
gt_cv_func_gnugettext2_libc=no
gt_cv_func_gnugettext2_libintl=no

## ----------------- ##
## Output variables. ##
## ----------------- ##

ACLOCAL='aclocal-1.10'
AMDEPBACKSLASH='\'
AMDEP_FALSE='#'
AMDEP_TRUE=''
AMTAR='tar'
AUTOCONF='autoconf'
AUTOHEADER='autoheader'
AUTOMAKE='automake-1.10'
AWK='gawk'
CC='gcc'
CCDEPMODE='depmode=gcc'
CFLAGS='-g -O2'
CPP='gcc -E'
CPPFLAGS=''
CURSES_LIB='-lncurses'
CYGPATH_W='echo'
DEFS='-DHAVE_CONFIG_H'
DEPDIR='.deps'
ECHO_C=''
ECHO_N='-n'
ECHO_T=''
EGREP='/bin/grep -E'
EXEEXT=''
GLIB_CFLAGS=''
GLIB_GENMARSHAL=''
GLIB_LIBS=''
GLIB_MKENUMS=''
GMSGFMT=':'
GOBJECT_QUERY=''
GREP='/bin/grep'
INSTALL_DATA='${INSTALL} -m 644'
INSTALL_PROGRAM='${INSTALL}'
INSTALL_SCRIPT='${INSTALL}'
INSTALL_STRIP_PROGRAM='$(install_sh) -c -s'
INTLLIBS=''
LDFLAGS=''
LIBICONV=''
LIBINTL=''
LIBOBJS=''
LIBS=' -lncurses'
LN_S='cp -p'
LTLIBICONV=''
LTLIBINTL=''
LTLIBOBJS=''
MAKEINFO='makeinfo'
MKINSTALLDIRS='./mkinstalldirs'
MSGFMT=':'
MSGMERGE=':'
OBJEXT='o'
PACKAGE='nano'
PACKAGE_BUGREPORT='nano-devel@gnu.org'
PACKAGE_NAME='GNU nano'
PACKAGE_STRING='GNU nano 2.1.2'
PACKAGE_TARNAME='nano'
PACKAGE_VERSION='2.1.2'
PATH_SEPARATOR=':'
PKGDATADIR='/usr/local/share/nano'
PKG_CONFIG=''
POSUB=''
SET_MAKE=''
SHELL='/bin/sh'
STRIP=''
USE_COLOR_FALSE=''
USE_COLOR_TRUE='#'
USE_NANORC_FALSE=''
USE_NANORC_TRUE='#'
USE_NLS='no'
USE_NLS_FALSE=''
USE_NLS_TRUE='#'
VERSION='2.1.2'
XGETTEXT=':'
ac_ct_CC='gcc'
am__fastdepCC_FALSE=''
am__fastdepCC_TRUE='#'
am__include='include'
am__isrc=''
am__leading_dot='.'
am__quote=''
am__tar='${AMTAR} chof - "$$tardir"'
am__untar='${AMTAR} xf -'
bindir='${exec_prefix}/bin'
build='powerpc-unknown-morphos'
build_alias=''
build_cpu='powerpc'
build_os='morphos'
build_vendor='unknown'
datadir='${datarootdir}'
datarootdir='${prefix}/share'
docdir='${datarootdir}/doc/${PACKAGE_TARNAME}'
dvidir='${docdir}'
exec_prefix='${prefix}'
host='powerpc-unknown-morphos'
host_alias=''
host_cpu='powerpc'
host_os='morphos'
host_vendor='unknown'
htmldir='${docdir}'
includedir='${prefix}/include'
infodir='${datarootdir}/info'
install_sh='$(SHELL) /Ram Disk/nano-2.1.2/install-sh'
libdir='${exec_prefix}/lib'
libexecdir='${exec_prefix}/libexec'
localedir='${datarootdir}/locale'
localstatedir='${prefix}/var'
mandir='${datarootdir}/man'
mkdir_p='$(top_builddir)/./install-sh -c -d'
oldincludedir='/usr/include'
pdfdir='${docdir}'
prefix='/usr/local'
program_transform_name='s,x,x,'
psdir='${docdir}'
sbindir='${exec_prefix}/sbin'
sharedstatedir='${prefix}/com'
sysconfdir='${prefix}/etc'
target='powerpc-unknown-morphos'
target_alias=''
target_cpu='powerpc'
target_os='morphos'
target_vendor='unknown'

## ----------- ##
## confdefs.h. ##
## ----------- ##

#define PACKAGE_NAME "GNU nano"
#define PACKAGE_TARNAME "nano"
#define PACKAGE_VERSION "2.1.2"
#define PACKAGE_STRING "GNU nano 2.1.2"
#define PACKAGE_BUGREPORT "nano-devel@gnu.org"
#define PACKAGE "nano"
#define VERSION "2.1.2"
#define _GNU_SOURCE 1
#define PKGDATADIR "/usr/local/share/nano"
#define STDC_HEADERS 1
#define HAVE_SYS_TYPES_H 1
#define HAVE_SYS_STAT_H 1
#define HAVE_STDLIB_H 1
#define HAVE_STRING_H 1
#define HAVE_MEMORY_H 1
#define HAVE_STRINGS_H 1
#define HAVE_INTTYPES_H 1
#define HAVE_STDINT_H 1
#define HAVE_UNISTD_H 1
#define HAVE_LIBINTL_H 1
#define HAVE_LIMITS_H 1
#define HAVE_REGEX_H 1
#define HAVE_SYS_PARAM_H 1
#define NDEBUG 1
#define HAVE_ISBLANK 1
#define HAVE_STRCASECMP 1
#define HAVE_STRNCASECMP 1
#define HAVE_VSNPRINTF 1
#define HAVE_MBLEN 1
#define HAVE_MBSTOWCS 1
#define HAVE_MBTOWC 1
#define HAVE_WCTOMB 1
#define RETSIGTYPE void
#define HAVE_VPRINTF 1
#define HAVE_USE_DEFAULT_COLORS 1

configure: exit 0
