In file included from sndfile.c:26:
sndfile.h:318: error: expected '=', ',', ';', 'asm' or '__attribute__' before 'sf_count_t'
In file included from sndfile.c:26:
sndfile.h:319:1: warning: "SF_COUNT_MAX" redefined
In file included from sfconfig.h:36,
                 from sndfile.c:19:
config.h:216:1: warning: this is the location of the previous definition
sndfile.h:332: error: expected specifier-qualifier-list before 'sf_count_t'
sndfile.h:385: error: expected specifier-qualifier-list before 'sf_count_t'
sndfile.h:465: error: expected declaration specifiers or '...' before '*' token
sndfile.h:465: warning: type defaults to 'int' in declaration of 'sf_count_t'
sndfile.h:465: error: 'sf_count_t' declared as function returning a function
sndfile.h:465: warning: function declaration isn't a prototype
sndfile.h:466: error: 'sf_vio_seek' declared as function returning a function
sndfile.h:467: error: 'sf_vio_read' declared as function returning a function
sndfile.h:468: error: 'sf_vio_write' declared as function returning a function
sndfile.h:469: error: 'sf_vio_tell' declared as function returning a function
sndfile.h:472: error: expected specifier-qualifier-list before 'sf_vio_get_filelen'
sndfile.h:561: error: 'sf_seek' declared as function returning a function
sndfile.h:585: error: 'sf_read_raw' declared as function returning a function
sndfile.h:586: error: 'sf_write_raw' declared as function returning a function
sndfile.h:599: error: 'sf_readf_short' declared as function returning a function
sndfile.h:600: error: 'sf_writef_short' declared as function returning a function
sndfile.h:602: error: 'sf_readf_int' declared as function returning a function
sndfile.h:603: error: 'sf_writef_int' declared as function returning a function
sndfile.h:605: error: 'sf_readf_float' declared as function returning a function
sndfile.h:606: error: 'sf_writef_float' declared as function returning a function
sndfile.h:608: error: 'sf_readf_double' declared as function returning a function
sndfile.h:609: error: 'sf_writef_double' declared as function returning a function
sndfile.h:617: error: 'sf_read_short' declared as function returning a function
sndfile.h:618: error: 'sf_write_short' declared as function returning a function
sndfile.h:620: error: 'sf_read_int' declared as function returning a function
sndfile.h:621: error: 'sf_write_int' declared as function returning a function
sndfile.h:623: error: 'sf_read_float' declared as function returning a function
sndfile.h:624: error: 'sf_write_float' declared as function returning a function
sndfile.h:626: error: 'sf_read_double' declared as function returning a function
sndfile.h:627: error: 'sf_write_double' declared as function returning a function
In file included from sndfile.c:28:
common.h:182: error: field 'position' declared as a function
common.h:356: error: field 'pipeoffset' declared as a function
common.h:376: error: field 'filelength' declared as a function
common.h:377: error: field 'fileoffset' declared as a function
common.h:379: error: field 'rsrclength' declared as a function
common.h:381: error: field 'dataoffset' declared as a function
common.h:382: error: field 'datalength' declared as a function
common.h:383: error: field 'dataend' declared as a function
common.h:392: error: field 'read_current' declared as a function
common.h:393: error: field 'write_current' declared as a function
common.h:414: error: 'read_short' declared as function returning a function
common.h:415: error: 'read_int' declared as function returning a function
common.h:416: error: 'read_float' declared as function returning a function
common.h:417: error: 'read_double' declared as function returning a function
common.h:419: error: 'write_short' declared as function returning a function
common.h:420: error: 'write_int' declared as function returning a function
common.h:421: error: 'write_float' declared as function returning a function
common.h:422: error: 'write_double' declared as function returning a function
common.h:424: error: 'seek' declared as function returning a function
common.h:709: error: 'psf_default_seek' declared as function returning a function
common.h:727: error: 'psf_fseek' declared as function returning a function
common.h:728: error: 'psf_fread' declared as function returning a function
common.h:729: error: 'psf_fwrite' declared as function returning a function
common.h:730: error: 'psf_fgets' declared as function returning a function
common.h:731: error: 'psf_ftell' declared as function returning a function
common.h:732: error: 'psf_get_filelen' declared as function returning a function
common.h:824: error: field 'offset' declared as a function
common.h:825: error: field 'len' declared as a function
sndfile.c: In function 'sf_open':
sndfile.c:312: warning: invalid application of 'sizeof' to a function type
sndfile.c: In function 'sf_open_fd':
sndfile.c:339: error: 'SF_INFO' has no member named 'format'
sndfile.c:355: warning: assignment makes pointer from integer without a cast
sndfile.c: In function 'sf_open_virtual':
sndfile.c:368: error: 'SF_VIRTUAL_IO' has no member named 'get_filelen'
sndfile.c:368: error: 'SF_VIRTUAL_IO' has no member named 'seek'
sndfile.c:368: error: 'SF_VIRTUAL_IO' has no member named 'tell'
sndfile.c:374: error: 'SF_VIRTUAL_IO' has no member named 'read'
sndfile.c:380: error: 'SF_VIRTUAL_IO' has no member named 'write'
sndfile.c: In function 'sf_format_check':
sndfile.c:542: error: 'SF_INFO' has no member named 'format'
sndfile.c:543: error: 'SF_INFO' has no member named 'format'
sndfile.c:550: error: 'SF_INFO' has no member named 'channels'
sndfile.c:550: error: 'SF_INFO' has no member named 'channels'
sndfile.c:553: error: 'SF_INFO' has no member named 'samplerate'
sndfile.c:556: error: 'SF_INFO' has no member named 'format'
sndfile.c:563: error: 'SF_INFO' has no member named 'channels'
sndfile.c:565: error: 'SF_INFO' has no member named 'channels'
sndfile.c:567: error: 'SF_INFO' has no member named 'channels'
sndfile.c:602: error: 'SF_INFO' has no member named 'channels'
sndfile.c:604: error: 'SF_INFO' has no member named 'channels'
sndfile.c:606: error: 'SF_INFO' has no member named 'channels'
sndfile.c:606: error: 'SF_INFO' has no member named 'channels'
sndfile.c:619: error: 'SF_INFO' has no member named 'channels'
sndfile.c:621: error: 'SF_INFO' has no member named 'channels'
sndfile.c:623: error: 'SF_INFO' has no member named 'channels'
sndfile.c:648: error: 'SF_INFO' has no member named 'channels'
sndfile.c:650: error: 'SF_INFO' has no member named 'channels'
sndfile.c:652: error: 'SF_INFO' has no member named 'channels'
sndfile.c:663: error: 'SF_INFO' has no member named 'channels'
sndfile.c:707: error: 'SF_INFO' has no member named 'channels'
sndfile.c:709: error: 'SF_INFO' has no member named 'channels'
sndfile.c:737: error: 'SF_INFO' has no member named 'channels'
sndfile.c:747: error: 'SF_INFO' has no member named 'channels'
sndfile.c:757: error: 'SF_INFO' has no member named 'channels'
sndfile.c:767: error: 'SF_INFO' has no member named 'channels'
sndfile.c:775: error: 'SF_INFO' has no member named 'channels'
sndfile.c:793: error: 'SF_INFO' has no member named 'channels'
sndfile.c:808: error: 'SF_INFO' has no member named 'channels'
sndfile.c: In function 'sf_command':
sndfile.c:950: error: 'SF_INFO' has no member named 'format'
sndfile.c:964: error: 'SF_INFO' has no member named 'format'
sndfile.c:985: error: 'SF_INFO' has no member named 'channels'
sndfile.c:1016: error: 'SF_INFO' has no member named 'channels'
sndfile.c:1021: error: 'SF_INFO' has no member named 'channels'
sndfile.c:1033: error: 'SF_INFO' has no member named 'channels'
sndfile.c:1077: warning: invalid application of 'sizeof' to a function type
sndfile.c:1079: warning: invalid application of 'sizeof' to a function type
sndfile.c:1084: warning: nested extern declaration of 'position'
sndfile.c:1086: error: lvalue required as left operand of assignment
sndfile.c:1088: warning: comparison between pointer and integer
sndfile.c:1091: error: 'SF_INFO' has no member named 'frames'
sndfile.c:1093: error: lvalue required as left operand of assignment
sndfile.c:1100: warning: invalid application of 'sizeof' to a function type
sndfile.c:1103: error: 'SF_INFO' has no member named 'format'
sndfile.c:1114: error: 'SF_EMBED_FILE_INFO' has no member named 'offset'
sndfile.c:1115: error: 'SF_EMBED_FILE_INFO' has no member named 'length'
sndfile.c:1121: error: 'SF_INFO' has no member named 'format'
sndfile.c:1123: error: 'SF_INFO' has no member named 'format'
sndfile.c:1148: error: 'SF_INFO' has no member named 'format'
sndfile.c:1226: error: 'SF_INFO' has no member named 'channels'
sndfile.c:1239: error: 'SF_INFO' has no member named 'channels'
sndfile.c:1246: error: 'SF_INFO' has no member named 'channels'
sndfile.c: At top level:
sndfile.c:1287: error: 'sf_seek' declared as function returning a function
sndfile.c: In function 'sf_seek':
sndfile.c:1288: error: function 'seek_from_start' is initialized like a variable
sndfile.c:1288: warning: nested extern declaration of 'seek_from_start'
sndfile.c:1288: warning: nested extern declaration of 'retval'
sndfile.c:1292: error: 'SF_INFO' has no member named 'seekable'
sndfile.c:1294: error: cast specifies function type
sndfile.c:1303: error: cast specifies function type
sndfile.c:1315: error: lvalue required as left operand of assignment
sndfile.c:1322: warning: return makes integer from pointer without a cast
sndfile.c:1324: warning: return makes integer from pointer without a cast
sndfile.c:1327: error: invalid operands to binary +
sndfile.c:1329: error: invalid operands to binary +
sndfile.c:1336: warning: return makes integer from pointer without a cast
sndfile.c:1337: error: invalid operands to binary +
sndfile.c:1342: warning: return makes integer from pointer without a cast
sndfile.c:1343: error: invalid operands to binary +
sndfile.c:1350: error: 'SF_INFO' has no member named 'frames'
sndfile.c:1359: error: cast specifies function type
sndfile.c:1362: warning: ordered comparison of pointer with integer zero
sndfile.c:1364: error: cast specifies function type
sndfile.c:1367: warning: ordered comparison of pointer with integer zero
sndfile.c:1367: error: 'SF_INFO' has no member named 'frames'
sndfile.c:1369: error: cast specifies function type
sndfile.c:1375: error: lvalue required as left operand of assignment
sndfile.c:1393: warning: return makes integer from pointer without a cast
sndfile.c:1397: error: cast specifies function type
sndfile.c: At top level:
sndfile.c:1429: error: 'sf_read_raw' declared as function returning a function
sndfile.c: In function 'sf_read_raw':
sndfile.c:1430: warning: nested extern declaration of 'count'
sndfile.c:1430: warning: nested extern declaration of 'extra'
sndfile.c:1443: warning: ordered comparison of pointer with integer zero
sndfile.c:1443: error: 'SF_INFO' has no member named 'frames'
sndfile.c:1448: error: 'SF_INFO' has no member named 'channels'
sndfile.c:1457: warning: passing argument 2 of 'psf_fread' makes pointer from integer without a cast
sndfile.c:1457: error: lvalue required as left operand of assignment
sndfile.c:1459: error: invalid operands to binary /
sndfile.c:1459: error: 'SF_INFO' has no member named 'frames'
sndfile.c:1460: error: invalid operands to binary /
sndfile.c:1462: error: 'SF_INFO' has no member named 'frames'
sndfile.c:1463: warning: pointer to a function used in subtraction
sndfile.c:1463: error: lvalue required as left operand of assignment
sndfile.c:1464: error: invalid operands to binary +
sndfile.c:1465: error: 'SF_INFO' has no member named 'frames'
sndfile.c:1470: warning: return makes integer from pointer without a cast
sndfile.c: At top level:
sndfile.c:1478: error: 'sf_read_short' declared as function returning a function
sndfile.c: In function 'sf_read_short':
sndfile.c:1479: warning: nested extern declaration of 'count'
sndfile.c:1479: warning: nested extern declaration of 'extra'
sndfile.c:1488: error: 'SF_INFO' has no member named 'channels'
sndfile.c:1493: warning: ordered comparison of pointer with integer zero
sndfile.c:1493: error: 'SF_INFO' has no member named 'frames'
sndfile.c:1494: error: invalid operands to binary *
sndfile.c:1507: error: lvalue required as left operand of assignment
sndfile.c:1509: error: 'SF_INFO' has no member named 'channels'
sndfile.c:1509: error: 'SF_INFO' has no member named 'frames'
sndfile.c:1510: error: 'SF_INFO' has no member named 'channels'
sndfile.c:1512: error: 'SF_INFO' has no member named 'frames'
sndfile.c:1512: error: 'SF_INFO' has no member named 'channels'
sndfile.c:1513: warning: pointer to a function used in subtraction
sndfile.c:1513: error: lvalue required as left operand of assignment
sndfile.c:1514: error: invalid operands to binary +
sndfile.c:1514: error: invalid operands to binary *
sndfile.c:1515: error: 'SF_INFO' has no member named 'frames'
sndfile.c:1520: warning: return makes integer from pointer without a cast
sndfile.c: At top level:
sndfile.c:1525: error: 'sf_readf_short' declared as function returning a function
sndfile.c: In function 'sf_readf_short':
sndfile.c:1526: warning: nested extern declaration of 'count'
sndfile.c:1526: warning: nested extern declaration of 'extra'
sndfile.c:1535: warning: ordered comparison of pointer with integer zero
sndfile.c:1535: error: 'SF_INFO' has no member named 'frames'
sndfile.c:1536: error: 'SF_INFO' has no member named 'channels'
sndfile.c:1549: error: 'SF_INFO' has no member named 'channels'
sndfile.c:1549: error: lvalue required as left operand of assignment
sndfile.c:1551: error: 'SF_INFO' has no member named 'channels'
sndfile.c:1551: error: 'SF_INFO' has no member named 'frames'
sndfile.c:1552: error: 'SF_INFO' has no member named 'channels'
sndfile.c:1554: error: 'SF_INFO' has no member named 'frames'
sndfile.c:1554: error: 'SF_INFO' has no member named 'channels'
sndfile.c:1555: error: 'SF_INFO' has no member named 'channels'
sndfile.c:1556: error: invalid operands to binary +
sndfile.c:1556: error: invalid operands to binary *
sndfile.c:1557: error: 'SF_INFO' has no member named 'frames'
sndfile.c:1562: error: 'SF_INFO' has no member named 'channels'
sndfile.c: At top level:
sndfile.c:1570: error: 'sf_read_int' declared as function returning a function
sndfile.c: In function 'sf_read_int':
sndfile.c:1571: warning: nested extern declaration of 'count'
sndfile.c:1571: warning: nested extern declaration of 'extra'
sndfile.c:1580: error: 'SF_INFO' has no member named 'channels'
sndfile.c:1585: warning: ordered comparison of pointer with integer zero
sndfile.c:1585: error: 'SF_INFO' has no member named 'frames'
sndfile.c:1586: error: invalid operands to binary *
sndfile.c:1599: error: lvalue required as left operand of assignment
sndfile.c:1601: error: 'SF_INFO' has no member named 'channels'
sndfile.c:1601: error: 'SF_INFO' has no member named 'frames'
sndfile.c:1602: error: 'SF_INFO' has no member named 'channels'
sndfile.c:1604: error: 'SF_INFO' has no member named 'frames'
sndfile.c:1604: error: 'SF_INFO' has no member named 'channels'
sndfile.c:1605: warning: pointer to a function used in subtraction
sndfile.c:1605: error: lvalue required as left operand of assignment
sndfile.c:1606: error: invalid operands to binary +
sndfile.c:1606: error: invalid operands to binary *
sndfile.c:1607: error: 'SF_INFO' has no member named 'frames'
sndfile.c:1612: warning: return makes integer from pointer without a cast
sndfile.c: At top level:
sndfile.c:1617: error: 'sf_readf_int' declared as function returning a function
sndfile.c: In function 'sf_readf_int':
sndfile.c:1618: warning: nested extern declaration of 'count'
sndfile.c:1618: warning: nested extern declaration of 'extra'
sndfile.c:1627: warning: ordered comparison of pointer with integer zero
sndfile.c:1627: error: 'SF_INFO' has no member named 'frames'
sndfile.c:1628: error: 'SF_INFO' has no member named 'channels'
sndfile.c:1641: error: 'SF_INFO' has no member named 'channels'
sndfile.c:1641: error: lvalue required as left operand of assignment
sndfile.c:1643: error: 'SF_INFO' has no member named 'channels'
sndfile.c:1643: error: 'SF_INFO' has no member named 'frames'
sndfile.c:1644: error: 'SF_INFO' has no member named 'channels'
sndfile.c:1646: error: 'SF_INFO' has no member named 'frames'
sndfile.c:1646: error: 'SF_INFO' has no member named 'channels'
sndfile.c:1647: error: 'SF_INFO' has no member named 'channels'
sndfile.c:1648: error: invalid operands to binary +
sndfile.c:1648: error: invalid operands to binary *
sndfile.c:1649: error: 'SF_INFO' has no member named 'frames'
sndfile.c:1654: error: 'SF_INFO' has no member named 'channels'
sndfile.c: At top level:
sndfile.c:1662: error: 'sf_read_float' declared as function returning a function
sndfile.c: In function 'sf_read_float':
sndfile.c:1663: warning: nested extern declaration of 'count'
sndfile.c:1663: warning: nested extern declaration of 'extra'
sndfile.c:1672: error: 'SF_INFO' has no member named 'channels'
sndfile.c:1677: warning: ordered comparison of pointer with integer zero
sndfile.c:1677: error: 'SF_INFO' has no member named 'frames'
sndfile.c:1678: error: invalid operands to binary *
sndfile.c:1691: error: lvalue required as left operand of assignment
sndfile.c:1693: error: 'SF_INFO' has no member named 'channels'
sndfile.c:1693: error: 'SF_INFO' has no member named 'frames'
sndfile.c:1694: error: 'SF_INFO' has no member named 'channels'
sndfile.c:1696: error: 'SF_INFO' has no member named 'frames'
sndfile.c:1696: error: 'SF_INFO' has no member named 'channels'
sndfile.c:1697: warning: pointer to a function used in subtraction
sndfile.c:1697: error: lvalue required as left operand of assignment
sndfile.c:1698: error: invalid operands to binary +
sndfile.c:1698: error: invalid operands to binary *
sndfile.c:1699: error: 'SF_INFO' has no member named 'frames'
sndfile.c:1704: warning: return makes integer from pointer without a cast
sndfile.c: At top level:
sndfile.c:1709: error: 'sf_readf_float' declared as function returning a function
sndfile.c: In function 'sf_readf_float':
sndfile.c:1710: warning: nested extern declaration of 'count'
sndfile.c:1710: warning: nested extern declaration of 'extra'
sndfile.c:1719: warning: ordered comparison of pointer with integer zero
sndfile.c:1719: error: 'SF_INFO' has no member named 'frames'
sndfile.c:1720: error: 'SF_INFO' has no member named 'channels'
sndfile.c:1733: error: 'SF_INFO' has no member named 'channels'
sndfile.c:1733: error: lvalue required as left operand of assignment
sndfile.c:1735: error: 'SF_INFO' has no member named 'channels'
sndfile.c:1735: error: 'SF_INFO' has no member named 'frames'
sndfile.c:1736: error: 'SF_INFO' has no member named 'channels'
sndfile.c:1738: error: 'SF_INFO' has no member named 'frames'
sndfile.c:1738: error: 'SF_INFO' has no member named 'channels'
sndfile.c:1739: error: 'SF_INFO' has no member named 'channels'
sndfile.c:1740: error: invalid operands to binary +
sndfile.c:1740: error: invalid operands to binary *
sndfile.c:1741: error: 'SF_INFO' has no member named 'frames'
sndfile.c:1746: error: 'SF_INFO' has no member named 'channels'
sndfile.c: At top level:
sndfile.c:1754: error: 'sf_read_double' declared as function returning a function
sndfile.c: In function 'sf_read_double':
sndfile.c:1755: warning: nested extern declaration of 'count'
sndfile.c:1755: warning: nested extern declaration of 'extra'
sndfile.c:1764: error: 'SF_INFO' has no member named 'channels'
sndfile.c:1769: warning: ordered comparison of pointer with integer zero
sndfile.c:1769: error: 'SF_INFO' has no member named 'frames'
sndfile.c:1770: error: invalid operands to binary *
sndfile.c:1783: error: lvalue required as left operand of assignment
sndfile.c:1785: error: 'SF_INFO' has no member named 'channels'
sndfile.c:1785: error: 'SF_INFO' has no member named 'frames'
sndfile.c:1786: error: 'SF_INFO' has no member named 'channels'
sndfile.c:1788: error: 'SF_INFO' has no member named 'frames'
sndfile.c:1788: error: 'SF_INFO' has no member named 'channels'
sndfile.c:1789: warning: pointer to a function used in subtraction
sndfile.c:1789: error: lvalue required as left operand of assignment
sndfile.c:1790: error: invalid operands to binary +
sndfile.c:1790: error: invalid operands to binary *
sndfile.c:1791: error: 'SF_INFO' has no member named 'frames'
sndfile.c:1796: warning: return makes integer from pointer without a cast
sndfile.c: At top level:
sndfile.c:1801: error: 'sf_readf_double' declared as function returning a function
sndfile.c: In function 'sf_readf_double':
sndfile.c:1802: warning: nested extern declaration of 'count'
sndfile.c:1802: warning: nested extern declaration of 'extra'
sndfile.c:1811: warning: ordered comparison of pointer with integer zero
sndfile.c:1811: error: 'SF_INFO' has no member named 'frames'
sndfile.c:1812: error: 'SF_INFO' has no member named 'channels'
sndfile.c:1825: error: 'SF_INFO' has no member named 'channels'
sndfile.c:1825: error: lvalue required as left operand of assignment
sndfile.c:1827: error: 'SF_INFO' has no member named 'channels'
sndfile.c:1827: error: 'SF_INFO' has no member named 'frames'
sndfile.c:1828: error: 'SF_INFO' has no member named 'channels'
sndfile.c:1830: error: 'SF_INFO' has no member named 'frames'
sndfile.c:1830: error: 'SF_INFO' has no member named 'channels'
sndfile.c:1831: error: 'SF_INFO' has no member named 'channels'
sndfile.c:1832: error: invalid operands to binary +
sndfile.c:1832: error: invalid operands to binary *
sndfile.c:1833: error: 'SF_INFO' has no member named 'frames'
sndfile.c:1838: error: 'SF_INFO' has no member named 'channels'
sndfile.c: At top level:
sndfile.c:1846: error: 'sf_write_raw' declared as function returning a function
sndfile.c: In function 'sf_write_raw':
sndfile.c:1847: warning: nested extern declaration of 'count'
sndfile.c:1860: error: 'SF_INFO' has no member named 'channels'
sndfile.c:1873: warning: passing argument 2 of 'psf_fwrite' makes pointer from integer without a cast
sndfile.c:1873: error: lvalue required as left operand of assignment
sndfile.c:1875: error: invalid operands to binary /
sndfile.c:1882: error: 'SF_INFO' has no member named 'frames'
sndfile.c:1883: error: 'SF_INFO' has no member named 'frames'
sndfile.c:1885: warning: return makes integer from pointer without a cast
sndfile.c: At top level:
sndfile.c:1893: error: 'sf_write_short' declared as function returning a function
sndfile.c: In function 'sf_write_short':
sndfile.c:1894: warning: nested extern declaration of 'count'
sndfile.c:1903: error: 'SF_INFO' has no member named 'channels'
sndfile.c:1921: error: lvalue required as left operand of assignment
sndfile.c:1923: error: 'SF_INFO' has no member named 'channels'
sndfile.c:1930: error: 'SF_INFO' has no member named 'frames'
sndfile.c:1931: error: 'SF_INFO' has no member named 'frames'
sndfile.c:1933: warning: return makes integer from pointer without a cast
sndfile.c: At top level:
sndfile.c:1938: error: 'sf_writef_short' declared as function returning a function
sndfile.c: In function 'sf_writef_short':
sndfile.c:1939: warning: nested extern declaration of 'count'
sndfile.c:1961: error: 'SF_INFO' has no member named 'channels'
sndfile.c:1961: error: lvalue required as left operand of assignment
sndfile.c:1963: error: 'SF_INFO' has no member named 'channels'
sndfile.c:1970: error: 'SF_INFO' has no member named 'frames'
sndfile.c:1971: error: 'SF_INFO' has no member named 'frames'
sndfile.c:1973: error: 'SF_INFO' has no member named 'channels'
sndfile.c: At top level:
sndfile.c:1981: error: 'sf_write_int' declared as function returning a function
sndfile.c: In function 'sf_write_int':
sndfile.c:1982: warning: nested extern declaration of 'count'
sndfile.c:1991: error: 'SF_INFO' has no member named 'channels'
sndfile.c:2009: error: lvalue required as left operand of assignment
sndfile.c:2011: error: 'SF_INFO' has no member named 'channels'
sndfile.c:2018: error: 'SF_INFO' has no member named 'frames'
sndfile.c:2019: error: 'SF_INFO' has no member named 'frames'
sndfile.c:2021: warning: return makes integer from pointer without a cast
sndfile.c: At top level:
sndfile.c:2026: error: 'sf_writef_int' declared as function returning a function
sndfile.c: In function 'sf_writef_int':
sndfile.c:2027: warning: nested extern declaration of 'count'
sndfile.c:2049: error: 'SF_INFO' has no member named 'channels'
sndfile.c:2049: error: lvalue required as left operand of assignment
sndfile.c:2051: error: 'SF_INFO' has no member named 'channels'
sndfile.c:2058: error: 'SF_INFO' has no member named 'frames'
sndfile.c:2059: error: 'SF_INFO' has no member named 'frames'
sndfile.c:2061: error: 'SF_INFO' has no member named 'channels'
sndfile.c: At top level:
sndfile.c:2069: error: 'sf_write_float' declared as function returning a function
sndfile.c: In function 'sf_write_float':
sndfile.c:2070: warning: nested extern declaration of 'count'
sndfile.c:2079: error: 'SF_INFO' has no member named 'channels'
sndfile.c:2097: error: lvalue required as left operand of assignment
sndfile.c:2099: error: 'SF_INFO' has no member named 'channels'
sndfile.c:2106: error: 'SF_INFO' has no member named 'frames'
sndfile.c:2107: error: 'SF_INFO' has no member named 'frames'
sndfile.c:2109: warning: return makes integer from pointer without a cast
sndfile.c: At top level:
sndfile.c:2114: error: 'sf_writef_float' declared as function returning a function
sndfile.c: In function 'sf_writef_float':
sndfile.c:2115: warning: nested extern declaration of 'count'
sndfile.c:2137: error: 'SF_INFO' has no member named 'channels'
sndfile.c:2137: error: lvalue required as left operand of assignment
sndfile.c:2139: error: 'SF_INFO' has no member named 'channels'
sndfile.c:2146: error: 'SF_INFO' has no member named 'frames'
sndfile.c:2147: error: 'SF_INFO' has no member named 'frames'
sndfile.c:2149: error: 'SF_INFO' has no member named 'channels'
sndfile.c: At top level:
sndfile.c:2157: error: 'sf_write_double' declared as function returning a function
sndfile.c: In function 'sf_write_double':
sndfile.c:2158: warning: nested extern declaration of 'count'
sndfile.c:2167: error: 'SF_INFO' has no member named 'channels'
sndfile.c:2185: error: lvalue required as left operand of assignment
sndfile.c:2187: error: 'SF_INFO' has no member named 'channels'
sndfile.c:2194: error: 'SF_INFO' has no member named 'frames'
sndfile.c:2195: error: 'SF_INFO' has no member named 'frames'
sndfile.c:2197: warning: return makes integer from pointer without a cast
sndfile.c: At top level:
sndfile.c:2202: error: 'sf_writef_double' declared as function returning a function
sndfile.c: In function 'sf_writef_double':
sndfile.c:2203: warning: nested extern declaration of 'count'
sndfile.c:2225: error: 'SF_INFO' has no member named 'channels'
sndfile.c:2225: error: lvalue required as left operand of assignment
sndfile.c:2227: error: 'SF_INFO' has no member named 'channels'
sndfile.c:2234: error: 'SF_INFO' has no member named 'frames'
sndfile.c:2235: error: 'SF_INFO' has no member named 'frames'
sndfile.c:2237: error: 'SF_INFO' has no member named 'channels'
sndfile.c: In function 'format_from_extension':
sndfile.c:2287: error: 'SF_INFO' has no member named 'channels'
sndfile.c:2288: error: 'SF_INFO' has no member named 'samplerate'
sndfile.c:2292: error: 'SF_INFO' has no member named 'channels'
sndfile.c:2293: error: 'SF_INFO' has no member named 'samplerate'
sndfile.c:2298: error: 'SF_INFO' has no member named 'channels'
sndfile.c:2299: error: 'SF_INFO' has no member named 'samplerate'
sndfile.c:2303: error: 'SF_INFO' has no member named 'channels'
sndfile.c:2304: error: 'SF_INFO' has no member named 'samplerate'
sndfile.c:2308: error: 'SF_INFO' has no member named 'channels'
sndfile.c:2309: error: 'SF_INFO' has no member named 'samplerate'
sndfile.c: In function 'guess_file_type':
sndfile.c:2408: warning: comparison between pointer and integer
sndfile.c:2439: warning: ordered comparison of pointer with integer zero
sndfile.c: In function 'validate_sfinfo':
sndfile.c:2448: error: 'SF_INFO' has no member named 'samplerate'
sndfile.c:2450: error: 'SF_INFO' has no member named 'frames'
sndfile.c:2452: error: 'SF_INFO' has no member named 'channels'
sndfile.c:2454: error: 'SF_INFO' has no member named 'format'
sndfile.c:2456: error: 'SF_INFO' has no member named 'format'
sndfile.c:2458: error: 'SF_INFO' has no member named 'sections'
sndfile.c: In function 'validate_psf':
sndfile.c:2466: warning: ordered comparison of pointer with integer zero
sndfile.c:2470: warning: ordered comparison of pointer with integer zero
sndfile.c:2474: error: 'SF_INFO' has no member named 'channels'
sndfile.c:2476: error: 'SF_INFO' has no member named 'channels'
sndfile.c: In function 'psf_open_file':
sndfile.c:2586: error: 'SF_INFO' has no member named 'frames'
sndfile.c:2587: error: 'SF_INFO' has no member named 'sections'
sndfile.c:2588: error: 'SF_INFO' has no member named 'seekable'
sndfile.c:2591: error: 'SF_INFO' has no member named 'format'
sndfile.c:2606: warning: assignment makes pointer from integer without a cast
sndfile.c:2607: warning: assignment makes pointer from integer without a cast
sndfile.c:2608: warning: assignment makes pointer from integer without a cast
sndfile.c:2609: warning: assignment makes pointer from integer without a cast
sndfile.c:2619: error: 'SF_INFO' has no member named 'sections'
sndfile.c:2624: error: 'SF_INFO' has no member named 'seekable'
sndfile.c:2625: warning: assignment makes pointer from integer without a cast
sndfile.c:2628: error: 'SF_INFO' has no member named 'seekable'
sndfile.c:2631: warning: assignment makes pointer from integer without a cast
sndfile.c:2634: warning: ordered comparison of pointer with integer zero
sndfile.c:2637: warning: comparison between pointer and integer
sndfile.c:2647: warning: assignment makes pointer from integer without a cast
sndfile.c:2658: warning: comparison between pointer and integer
sndfile.c:2658: warning: overflow in implicit constant conversion
sndfile.c:2667: error: 'SF_INFO' has no member named 'format'
sndfile.c:2671: error: 'SF_INFO' has no member named 'format'
sndfile.c:2681: error: 'SF_INFO' has no member named 'format'
sndfile.c:2683: error: 'SF_INFO' has no member named 'format'
sndfile.c:2685: error: 'SF_INFO' has no member named 'format'
sndfile.c:2686: error: 'SF_INFO' has no member named 'format'
sndfile.c:2693: error: 'SF_INFO' has no member named 'format'
sndfile.c:2722: error: 'SF_INFO' has no member named 'format'
sndfile.c:2843: error: 'SF_INFO' has no member named 'format'
sndfile.c:2844: warning: ordered comparison of pointer with integer zero
sndfile.c:2863: warning: ordered comparison of pointer with integer zero
sndfile.c:2887: error: 'SF_INFO' has no member named 'frames'
sndfile.c:2888: error: 'SF_INFO' has no member named 'frames'
make[2]: *** [sndfile.lo] Error 1
make[1]: *** [all] Error 2
make: *** [all-recursive] Error 1
