Notice	fd29c05f	1184
README	886fcdb	6427
cds.c	e3315d6b	4140
data.c	eb761546	10427
defines.h	e500bb1a	8464
defs.h	fe3a5b09	33839
equiv.c	1d94f69d	9299
error.c	f0c9f046	4951
exec.c	baff62f	19866
expr.c	e5c459bf	65927
f2c.1	2dd43ec	6444
f2c.1t	1f5e67b8	6592
f2c.h	e9faf891	4291
format.c	e892d74a	57524
format.h	b396862	458
formatdata.c	5a6bf2f	26246
ftypes.h	18b86a27	1377
gram.dcl	12d52ce2	8004
gram.exec	e190cb8e	3026
gram.expr	e3da3320	3137
gram.head	1bea096d	7258
gram.io	1b7c281c	3294
init.c	fb025abe	11545
intr.c	1daf6bb2	20230
io.c	58298f8	30475
iob.h	ece45655	548
lex.c	cd38277	33122
machdefs.h	4950e5b	659
main.c	a9edd22	17988
malloc.c	15ce32c9	3594
mem.c	1d2ccbcd	5368
memset.c	17404d52	1964
misc.c	1a6ce13c	21834
names.c	edcc8220	21316
names.h	110806d6	569
niceprintf.c	19f04f73	10798
niceprintf.h	c31f08c	412
output.c	e0a41b9b	41304
output.h	fa6797d9	2103
p1defs.h	1b02743	5741
p1output.c	176856df	14211
parse.h	18d34e6b	1119
parse_args.c	f92dc84e	13885
pccdefs.h	1b4fbbee	1195
pread.c	e1ea5c0e	17788
proc.c	e896d07	37475
put.c	e8383f2e	9925
putpcc.c	e5cb0de7	42853
sysdep.c	69a84d9	12113
sysdep.h	173ac294	2690
tokens	188b7c5d	733
usignal.h	1c4ce909	124
vax.c	ec20bfe5	12023
version.c	120fc486	107
xsum.c	ec5cc970	6579
