25	0000  9ABB 	SBI DDRB,3
27	0001  E400 	LDI R16,$40
28	0002  BD0F 	OUT TCCR1A,R16
30	0003  E00B 	LDI R16,$0B
31	0004  BD0E 	OUT TCCR1B,R16
34	0005  E4E6 	LDI R30,(TUNE*2)&255
35	0006  E0F0 	LDI R31,(TUNE*2)>8
37	0007  2700 	CLR R16
39	0008  BD0B 	OUT OCR1AH,R16
40	0009  BD0A 	OUT OCR1AL,R16
41	000A  E322 	LDI R18,50
43	000B  952A 	DEC R18
44	000C  F7F1 	BRNE L3
45	000D  953A 	DEC R19
46	000E  F7E1 	BRNE L3
48	000F  95C8 	LPM 
49	0010  9011 	LD R1,Z+
50	0011  2D10 	MOV R17,R0
51	0012  3010 	CPI R17,0
52	0013  F389 	BREQ RESTART
53	0014  95C8 	LPM 
54	0015  9011 	LD R1,Z+
55	0016  2D40 	MOV R20,R0
57	0017  2722 	CLR R18
58	0018  BD2D 	OUT TCNT1H,R18
59	0019  BD2C 	OUT TCNT1L,R18
61	001A  BD0B 	OUT OCR1AH,R16
62	001B  BD1A 	OUT OCR1AL,R17
65	001C  952A 	DEC R18
66	001D  F7F1 	BRNE L2
67	001E  953A 	DEC R19
68	001F  F7E1 	BRNE L2
69	0020  954A 	DEC R20
70	0021  F7D1 	BRNE L2
72	0022  CFE5 	RJMP L1
77	0023  6B07
              	DB O2D,7
78	0024  7807
              	DB O2C,7
79	0025  7F0A
              	DB O2B,10
80	0026  6B0A
              	DB O2D,10
81	0027  6B0A
              	DB O2D,10
82	0028  6B0A
              	DB O2D,10
83	0029  5F0A
              	DB O2E,10
84	002A  6B14
              	DB O2D,20
85	002B  780A
              	DB O2C,10
86	002C  7F0F
              	DB O2B,15
87	002D  6B05
              	DB O2D,5
88	002E  500F
              	DB O2G,15
89	002F  4705
              	DB O3A,5
90	0030  3F19
              	DB O3B,25
91	0031  3F0A
              	DB O3B,10
92	0032  3F0A
              	DB O3B,10
93	0033  6B0A
              	DB O2D,10
94	0034  6B0A
              	DB O2D,10
95	0035  3F0A
              	DB O3B,10
96	0036  3F0A
              	DB O3B,10
97	0037  4714
              	DB O3A,20
98	0038  500A
              	DB O2G,10
99	0039  570F
              	DB O2FS,15
100	003A  5007
              	DB O2G,7
101	003B  470F
              	DB O3A,15
102	003C  3F07
              	DB O3B,7
103	003D  4714
              	DB O3A,20
104	003E  00	DB 0


ACSR		$0008	E
UBRR		$0009	E
UCR		$000A	E
USR		$000B	E
UDR		$000C	E
PIND		$0010	E
DDRD		$0011	E
PORTD		$0012	E
PINB		$0016	E
DDRB		$0017	E
PORTB		$0018	E
EECR		$001C	E
EEDR		$001D	E
EEAR		$001E	E
WDTCR		$0021	E
ICR1		$0024	E
ICR1L		$0024	E
ICR1H		$0025	E
OCR1		$002A	E
OCR1AL		$002A	E
OCR1AH		$002B	E
TCNT1		$002C	E
TCNT1L		$002C	E
TCNT1H		$002D	E
TCCR1B		$002E	E
TCCR1A		$002F	E
TCNT0		$0032	E
TCCR0		$0033	E
MCUCR		$0035	E
TIFR		$0038	E
TIMSK		$0039	E
GIFR		$003A	E
GIMSK		$003B	E
SP		$003D	E
SREG		$003F	E
RESET_VECT		$0000	E
INT0_VECT		$0001	E
INT1_VECT		$0002	E
TIMER1_CAPT1_VECT		$0003	E
TIMER1_COMP1_VECT		$0004	E
TIMER1_OVF1_VECT		$0005	E
TIMER0_OVF0_VECT		$0006	E
UART_RX_VECT		$0007	E
UART_UDRE_VECT		$0008	E
UART_TX_VECT		$0009	E
ANA_COMP_VECT		$000A	E
ROMSTART		$000B	E
O2A		$008E	E
O2B		$007F	E
O2C		$0078	E
O2D		$006B	E
O2E		$005F	E
O2F		$0059	E
O2FS		$0057	E
O2G		$0050	E
O3A		$0047	E
O3B		$003F	E
O3C		$003C	E
O3D		$0035	E
O3E		$0030	E
O3F		$002D	E
O3G		$0028	E
RESTART		$0005	L
L1		$0008	L
L3		$000B	L
L2		$001C	L
TUNE		$0023	L
