This file contains any messages produced by compilers while
running configure, to aid debugging if configure makes a mistake.

It was created by configure, which was
generated by GNU Autoconf 2.59.  Invocation command line was

  $ configure --disable-dependency-tracking --bindir=/SDK/Local/C --prefix=/SDK/Local --libdir=/SDK/Local/clib2/lib --includedir=/SDK/Local/common/include

## --------- ##
## Platform. ##
## --------- ##

hostname = localhost
uname -m = ppc
uname -r = 51.4
uname -s = AmigaOS
uname -v = 4.0

/usr/bin/uname -p = unknown
/bin/uname -X     = unknown

/bin/arch              = unknown
/usr/bin/arch -k       = unknown
/usr/convex/getsysinfo = unknown
hostinfo               = unknown
/bin/machine           = unknown
/usr/bin/oslevel       = unknown
/bin/universe          = unknown

PATH: /gcc/bin
PATH: /SDK/C
PATH: /SDK/Local/C
PATH: /SDK/Local/newlib/bin
PATH: /SDK/Local/clib2/bin
PATH: /C
PATH: .


## ----------- ##
## Core tests. ##
## ----------- ##

configure:1420: creating cache /dev/null
configure:1566: checking build system type
configure:1584: result: powerpc-unknown-amigaos
configure:1592: checking host system type
configure:1606: result: powerpc-unknown-amigaos
configure:1629: checking for a BSD-compatible install
configure:1684: result: /SDK/Local/C/ginstall -c
configure:1695: checking whether build environment is sane
configure:1738: result: yes
configure:1762: WARNING: `missing' script is too old or missing
configure:1803: checking for gawk
configure:1832: result: no
configure:1803: checking for mawk
configure:1832: result: no
configure:1803: checking for nawk
configure:1819: found /SDK/Local/C/nawk
configure:1829: result: nawk
configure:1839: checking whether /SDK/C/gmake sets $(MAKE)
configure:1859: result: yes
configure:2029: checking whether /SDK/C/gmake sets $(MAKE)
configure:2049: result: yes
configure:2104: checking for gcc
configure:2130: result: gcc
configure:2374: checking for C compiler version
configure:2377: gcc --version </dev/null >&5
gcc (GCC) 4.0.2 (AmigaOS build 20051012)
Copyright (C) 2005 Free Software Foundation, Inc.
This is free software; see the source for copying conditions.  There is NO
warranty; not even for MERCHANTABILITY or FITNESS FOR A PARTICULAR PURPOSE.

configure:2380: $? = 0
configure:2382: gcc -v </dev/null >&5
Reading specs from Bub:SDK/gcc/bin/../lib/gcc/ppc-amigaos/4.0.2/specs
Target: ppc-amigaos
Configured with: ../gcc-4.0.2/configure --host=ppc-amigaos --target=ppc-amigaos --build=i686-cygwin --prefix=/gcc --enable-languages=c,c++,objc --enable-haifa --enable-sjlj-exceptions --disable-shared --disable-libstdcxx-pch
Thread model: single
gcc version 4.0.2 (AmigaOS build 20051012)
configure:2385: $? = 0
configure:2387: gcc -V </dev/null >&5
gcc: '-V' option must have argument
configure:2390: $? = 1
configure:2413: checking for C compiler default output file name
configure:2416: gcc -mcrt=clib2  -mcrt=clib2 conftest.c -lunix >&5
configure:2419: $? = 0
configure:2465: result: a.out
configure:2470: checking whether the C compiler works
configure:2476: ./a.out
configure:2479: $? = 0
configure:2496: result: yes
configure:2503: checking whether we are cross compiling
configure:2505: result: no
configure:2508: checking for suffix of executables
configure:2510: gcc -o conftest -mcrt=clib2  -mcrt=clib2 conftest.c -lunix >&5
configure:2513: $? = 0
configure:2538: result: 
configure:2544: checking for suffix of object files
configure:2565: gcc -c -mcrt=clib2  conftest.c >&5
configure:2568: $? = 0
configure:2590: result: o
configure:2594: checking whether we are using the GNU C compiler
configure:2618: gcc -c -mcrt=clib2  conftest.c >&5
configure:2624: $? = 0
configure:2628: test -z 
			 || test ! -s conftest.err
configure:2631: $? = 0
configure:2634: test -s conftest.o
configure:2637: $? = 0
configure:2650: result: yes
configure:2656: checking whether gcc accepts -g
configure:2677: gcc -c -g  conftest.c >&5
configure:2683: $? = 0
configure:2687: test -z 
			 || test ! -s conftest.err
configure:2690: $? = 0
configure:2693: test -s conftest.o
configure:2696: $? = 0
configure:2707: result: yes
configure:2724: checking for gcc option to accept ANSI C
configure:2794: gcc  -c -mcrt=clib2  conftest.c >&5
configure:2800: $? = 0
configure:2804: test -z 
			 || test ! -s conftest.err
configure:2807: $? = 0
configure:2810: test -s conftest.o
configure:2813: $? = 0
configure:2831: result: none needed
configure:2849: gcc -c -mcrt=clib2  conftest.c >&5
conftest.c:2: error: syntax error before 'me'
configure:2855: $? = 1
configure: failed program was:
| #ifndef __cplusplus
|   choke me
| #endif
configure:2999: checking for style of include used by /SDK/C/gmake
configure:3027: result: GNU
configure:3055: checking dependency style of gcc
configure:3145: result: none
configure:3214: checking for g++
configure:3230: found /gcc/bin/g++
configure:3240: result: g++
configure:3256: checking for C++ compiler version
configure:3259: g++ --version </dev/null >&5
g++ (GCC) 4.0.2 (AmigaOS build 20051012)
Copyright (C) 2005 Free Software Foundation, Inc.
This is free software; see the source for copying conditions.  There is NO
warranty; not even for MERCHANTABILITY or FITNESS FOR A PARTICULAR PURPOSE.

configure:3262: $? = 0
configure:3264: g++ -v </dev/null >&5
Reading specs from Bub:SDK/gcc/bin/../lib/gcc/ppc-amigaos/4.0.2/specs
Target: ppc-amigaos
Configured with: ../gcc-4.0.2/configure --host=ppc-amigaos --target=ppc-amigaos --build=i686-cygwin --prefix=/gcc --enable-languages=c,c++,objc --enable-haifa --enable-sjlj-exceptions --disable-shared --disable-libstdcxx-pch
Thread model: single
gcc version 4.0.2 (AmigaOS build 20051012)
configure:3267: $? = 0
configure:3269: g++ -V </dev/null >&5
g++: '-V' option must have argument
configure:3272: $? = 1
configure:3275: checking whether we are using the GNU C++ compiler
configure:3299: g++ -c -mcrt=clib2  conftest.cc >&5
configure:3305: $? = 0
configure:3309: test -z 
			 || test ! -s conftest.err
configure:3312: $? = 0
configure:3315: test -s conftest.o
configure:3318: $? = 0
configure:3331: result: yes
configure:3337: checking whether g++ accepts -g
configure:3358: g++ -c -g  conftest.cc >&5
configure:3364: $? = 0
configure:3368: test -z 
			 || test ! -s conftest.err
configure:3371: $? = 0
configure:3374: test -s conftest.o
configure:3377: $? = 0
configure:3388: result: yes
configure:3430: g++ -c -mcrt=clib2  conftest.cc >&5
configure:3436: $? = 0
configure:3440: test -z 
			 || test ! -s conftest.err
configure:3443: $? = 0
configure:3446: test -s conftest.o
configure:3449: $? = 0
configure:3475: g++ -c -mcrt=clib2  conftest.cc >&5
conftest.cc: In function 'int main()':
conftest.cc:15: error: 'exit' was not declared in this scope
configure:3481: $? = 1
configure: failed program was:
| /* confdefs.h.  */
| 
| #define PACKAGE_NAME ""
| #define PACKAGE_TARNAME ""
| #define PACKAGE_VERSION ""
| #define PACKAGE_STRING ""
| #define PACKAGE_BUGREPORT ""
| #define PACKAGE "GUIlib"
| #define VERSION "1.1.2"
| /* end confdefs.h.  */
| 
| int
| main ()
| {
| exit (42);
|   ;
|   return 0;
| }
configure:3430: g++ -c -mcrt=clib2  conftest.cc >&5
SDK:clib2/include/stdlib.h:123: error: declaration of 'void std::exit(int)' throws different exceptions
conftest.cc:11: error: than previous declaration 'void std::exit(int) throw ()'
configure:3436: $? = 1
configure: failed program was:
| /* confdefs.h.  */
| 
| #define PACKAGE_NAME ""
| #define PACKAGE_TARNAME ""
| #define PACKAGE_VERSION ""
| #define PACKAGE_STRING ""
| #define PACKAGE_BUGREPORT ""
| #define PACKAGE "GUIlib"
| #define VERSION "1.1.2"
| /* end confdefs.h.  */
| extern "C" void std::exit (int) throw (); using std::exit;
| #include <stdlib.h>
| int
| main ()
| {
| exit (42);
|   ;
|   return 0;
| }
configure:3430: g++ -c -mcrt=clib2  conftest.cc >&5
configure:3436: $? = 0
configure:3440: test -z 
			 || test ! -s conftest.err
configure:3443: $? = 0
configure:3446: test -s conftest.o
configure:3449: $? = 0
configure:3475: g++ -c -mcrt=clib2  conftest.cc >&5
configure:3481: $? = 0
configure:3485: test -z 
			 || test ! -s conftest.err
configure:3488: $? = 0
configure:3491: test -s conftest.o
configure:3494: $? = 0
configure:3519: checking dependency style of g++
configure:3609: result: none
configure:3698: checking for a sed that does not truncate output
configure:3752: result: /SDK/Local/C/sed
configure:3755: checking for egrep
configure:3765: result: grep -E
configure:3781: checking for ld used by gcc
configure:3848: result: ld
configure:3857: checking if the linker (ld) is GNU ld
configure:3872: result: yes
configure:3877: checking for ld option to reload object files
configure:3884: result: -r
configure:3902: checking for BSD-compatible nm
configure:3951: result: /gcc/bin/nm -B
configure:3955: checking whether ln -s works
configure:3959: result: yes
configure:3966: checking how to recognise dependent libraries
configure:4144: result: unknown
configure:4381: checking how to run the C preprocessor
configure:4416: gcc -E  conftest.c
configure:4422: $? = 0
configure:4454: gcc -E  conftest.c
conftest.c:14:28: error: ac_nonexistent.h: No such file or directory
configure:4460: $? = 1
configure: failed program was:
| /* confdefs.h.  */
| 
| #define PACKAGE_NAME ""
| #define PACKAGE_TARNAME ""
| #define PACKAGE_VERSION ""
| #define PACKAGE_STRING ""
| #define PACKAGE_BUGREPORT ""
| #define PACKAGE "GUIlib"
| #define VERSION "1.1.2"
| #ifdef __cplusplus
| extern "C" void std::exit (int); using std::exit;
| #endif
| /* end confdefs.h.  */
| #include <ac_nonexistent.h>
configure:4499: result: gcc -E
configure:4523: gcc -E  conftest.c
configure:4529: $? = 0
configure:4561: gcc -E  conftest.c
conftest.c:14:28: error: ac_nonexistent.h: No such file or directory
configure:4567: $? = 1
configure: failed program was:
| /* confdefs.h.  */
| 
| #define PACKAGE_NAME ""
| #define PACKAGE_TARNAME ""
| #define PACKAGE_VERSION ""
| #define PACKAGE_STRING ""
| #define PACKAGE_BUGREPORT ""
| #define PACKAGE "GUIlib"
| #define VERSION "1.1.2"
| #ifdef __cplusplus
| extern "C" void std::exit (int); using std::exit;
| #endif
| /* end confdefs.h.  */
| #include <ac_nonexistent.h>
configure:4611: checking for ANSI C header files
configure:4636: gcc -c -mcrt=clib2  conftest.c >&5
configure:4642: $? = 0
configure:4646: test -z 
			 || test ! -s conftest.err
configure:4649: $? = 0
configure:4652: test -s conftest.o
configure:4655: $? = 0
configure:4744: gcc -o conftest -mcrt=clib2  -mcrt=clib2 conftest.c -lunix >&5
conftest.c: In function 'main':
conftest.c:31: warning: incompatible implicit declaration of built-in function 'exit'
configure:4747: $? = 0
configure:4749: ./conftest
configure:4752: $? = 0
configure:4767: result: yes
configure:4791: checking for sys/types.h
configure:4807: gcc -c -mcrt=clib2  conftest.c >&5
configure:4813: $? = 0
configure:4817: test -z 
			 || test ! -s conftest.err
configure:4820: $? = 0
configure:4823: test -s conftest.o
configure:4826: $? = 0
configure:4837: result: yes
configure:4791: checking for sys/stat.h
configure:4807: gcc -c -mcrt=clib2  conftest.c >&5
configure:4813: $? = 0
configure:4817: test -z 
			 || test ! -s conftest.err
configure:4820: $? = 0
configure:4823: test -s conftest.o
configure:4826: $? = 0
configure:4837: result: yes
configure:4791: checking for stdlib.h
configure:4807: gcc -c -mcrt=clib2  conftest.c >&5
configure:4813: $? = 0
configure:4817: test -z 
			 || test ! -s conftest.err
configure:4820: $? = 0
configure:4823: test -s conftest.o
configure:4826: $? = 0
configure:4837: result: yes
configure:4791: checking for string.h
configure:4807: gcc -c -mcrt=clib2  conftest.c >&5
configure:4813: $? = 0
configure:4817: test -z 
			 || test ! -s conftest.err
configure:4820: $? = 0
configure:4823: test -s conftest.o
configure:4826: $? = 0
configure:4837: result: yes
configure:4791: checking for memory.h
configure:4807: gcc -c -mcrt=clib2  conftest.c >&5
In file included from conftest.c:54:
SDK:local/common/include/memory.h:1:2: warning: #warning Hey Spot! Exchange memory.h with string.h
configure:4813: $? = 0
configure:4817: test -z 
			 || test ! -s conftest.err
configure:4820: $? = 0
configure:4823: test -s conftest.o
configure:4826: $? = 0
configure:4837: result: yes
configure:4791: checking for strings.h
configure:4807: gcc -c -mcrt=clib2  conftest.c >&5
configure:4813: $? = 0
configure:4817: test -z 
			 || test ! -s conftest.err
configure:4820: $? = 0
configure:4823: test -s conftest.o
configure:4826: $? = 0
configure:4837: result: yes
configure:4791: checking for inttypes.h
configure:4807: gcc -c -mcrt=clib2  conftest.c >&5
configure:4813: $? = 0
configure:4817: test -z 
			 || test ! -s conftest.err
configure:4820: $? = 0
configure:4823: test -s conftest.o
configure:4826: $? = 0
configure:4837: result: yes
configure:4791: checking for stdint.h
configure:4807: gcc -c -mcrt=clib2  conftest.c >&5
configure:4813: $? = 0
configure:4817: test -z 
			 || test ! -s conftest.err
configure:4820: $? = 0
configure:4823: test -s conftest.o
configure:4826: $? = 0
configure:4837: result: yes
configure:4791: checking for unistd.h
configure:4807: gcc -c -mcrt=clib2  conftest.c >&5
configure:4813: $? = 0
configure:4817: test -z 
			 || test ! -s conftest.err
configure:4820: $? = 0
configure:4823: test -s conftest.o
configure:4826: $? = 0
configure:4837: result: yes
configure:4863: checking dlfcn.h usability
configure:4875: gcc -c -mcrt=clib2  conftest.c >&5
conftest.c:58:19: error: dlfcn.h: No such file or directory
configure:4881: $? = 1
configure: failed program was:
| /* confdefs.h.  */
| 
| #define PACKAGE_NAME ""
| #define PACKAGE_TARNAME ""
| #define PACKAGE_VERSION ""
| #define PACKAGE_STRING ""
| #define PACKAGE_BUGREPORT ""
| #define PACKAGE "GUIlib"
| #define VERSION "1.1.2"
| #ifdef __cplusplus
| extern "C" void std::exit (int); using std::exit;
| #endif
| #define STDC_HEADERS 1
| #define HAVE_SYS_TYPES_H 1
| #define HAVE_SYS_STAT_H 1
| #define HAVE_STDLIB_H 1
| #define HAVE_STRING_H 1
| #define HAVE_MEMORY_H 1
| #define HAVE_STRINGS_H 1
| #define HAVE_INTTYPES_H 1
| #define HAVE_STDINT_H 1
| #define HAVE_UNISTD_H 1
| /* end confdefs.h.  */
| #include <stdio.h>
| #if HAVE_SYS_TYPES_H
| # include <sys/types.h>
| #endif
| #if HAVE_SYS_STAT_H
| # include <sys/stat.h>
| #endif
| #if STDC_HEADERS
| # include <stdlib.h>
| # include <stddef.h>
| #else
| # if HAVE_STDLIB_H
| #  include <stdlib.h>
| # endif
| #endif
| #if HAVE_STRING_H
| # if !STDC_HEADERS && HAVE_MEMORY_H
| #  include <memory.h>
| # endif
| # include <string.h>
| #endif
| #if HAVE_STRINGS_H
| # include <strings.h>
| #endif
| #if HAVE_INTTYPES_H
| # include <inttypes.h>
| #else
| # if HAVE_STDINT_H
| #  include <stdint.h>
| # endif
| #endif
| #if HAVE_UNISTD_H
| # include <unistd.h>
| #endif
| #include <dlfcn.h>
configure:4904: result: no
configure:4908: checking dlfcn.h presence
configure:4918: gcc -E  conftest.c
conftest.c:24:19: error: dlfcn.h: No such file or directory
configure:4924: $? = 1
configure: failed program was:
| /* confdefs.h.  */
| 
| #define PACKAGE_NAME ""
| #define PACKAGE_TARNAME ""
| #define PACKAGE_VERSION ""
| #define PACKAGE_STRING ""
| #define PACKAGE_BUGREPORT ""
| #define PACKAGE "GUIlib"
| #define VERSION "1.1.2"
| #ifdef __cplusplus
| extern "C" void std::exit (int); using std::exit;
| #endif
| #define STDC_HEADERS 1
| #define HAVE_SYS_TYPES_H 1
| #define HAVE_SYS_STAT_H 1
| #define HAVE_STDLIB_H 1
| #define HAVE_STRING_H 1
| #define HAVE_MEMORY_H 1
| #define HAVE_STRINGS_H 1
| #define HAVE_INTTYPES_H 1
| #define HAVE_STDINT_H 1
| #define HAVE_UNISTD_H 1
| /* end confdefs.h.  */
| #include <dlfcn.h>
configure:4944: result: no
configure:4979: checking for dlfcn.h
configure:4986: result: no
configure:5009: checking how to run the C++ preprocessor
configure:5040: g++ -E  conftest.cc
configure:5046: $? = 0
configure:5078: g++ -E  conftest.cc
conftest.cc:24:28: error: ac_nonexistent.h: No such file or directory
configure:5084: $? = 1
configure: failed program was:
| /* confdefs.h.  */
| 
| #define PACKAGE_NAME ""
| #define PACKAGE_TARNAME ""
| #define PACKAGE_VERSION ""
| #define PACKAGE_STRING ""
| #define PACKAGE_BUGREPORT ""
| #define PACKAGE "GUIlib"
| #define VERSION "1.1.2"
| #ifdef __cplusplus
| extern "C" void std::exit (int); using std::exit;
| #endif
| #define STDC_HEADERS 1
| #define HAVE_SYS_TYPES_H 1
| #define HAVE_SYS_STAT_H 1
| #define HAVE_STDLIB_H 1
| #define HAVE_STRING_H 1
| #define HAVE_MEMORY_H 1
| #define HAVE_STRINGS_H 1
| #define HAVE_INTTYPES_H 1
| #define HAVE_STDINT_H 1
| #define HAVE_UNISTD_H 1
| /* end confdefs.h.  */
| #include <ac_nonexistent.h>
configure:5123: result: g++ -E
configure:5147: g++ -E  conftest.cc
configure:5153: $? = 0
configure:5185: g++ -E  conftest.cc
conftest.cc:24:28: error: ac_nonexistent.h: No such file or directory
configure:5191: $? = 1
configure: failed program was:
| /* confdefs.h.  */
| 
| #define PACKAGE_NAME ""
| #define PACKAGE_TARNAME ""
| #define PACKAGE_VERSION ""
| #define PACKAGE_STRING ""
| #define PACKAGE_BUGREPORT ""
| #define PACKAGE "GUIlib"
| #define VERSION "1.1.2"
| #ifdef __cplusplus
| extern "C" void std::exit (int); using std::exit;
| #endif
| #define STDC_HEADERS 1
| #define HAVE_SYS_TYPES_H 1
| #define HAVE_SYS_STAT_H 1
| #define HAVE_STDLIB_H 1
| #define HAVE_STRING_H 1
| #define HAVE_MEMORY_H 1
| #define HAVE_STRINGS_H 1
| #define HAVE_INTTYPES_H 1
| #define HAVE_STDINT_H 1
| #define HAVE_UNISTD_H 1
| /* end confdefs.h.  */
| #include <ac_nonexistent.h>
configure:5288: checking for g77
configure:5317: result: no
configure:5288: checking for f77
configure:5317: result: no
configure:5288: checking for xlf
configure:5317: result: no
configure:5288: checking for frt
configure:5317: result: no
configure:5288: checking for pgf77
configure:5317: result: no
configure:5288: checking for fort77
configure:5317: result: no
configure:5288: checking for fl32
configure:5317: result: no
configure:5288: checking for af77
configure:5317: result: no
configure:5288: checking for f90
configure:5317: result: no
configure:5288: checking for xlf90
configure:5317: result: no
configure:5288: checking for pgf90
configure:5317: result: no
configure:5288: checking for epcf90
configure:5317: result: no
configure:5288: checking for f95
configure:5317: result: no
configure:5288: checking for fort
configure:5317: result: no
configure:5288: checking for xlf95
configure:5317: result: no
configure:5288: checking for ifc
configure:5317: result: no
configure:5288: checking for efc
configure:5317: result: no
configure:5288: checking for pgf95
configure:5317: result: no
configure:5288: checking for lf95
configure:5317: result: no
configure:5288: checking for gfortran
configure:5317: result: no
configure:5329: checking for Fortran 77 compiler version
configure:5332:  --version </dev/null >&5
configure: --version: not found
configure:5335: $? = 127
configure:5337:  -v </dev/null >&5
configure: -v: not found
configure:5340: $? = 127
configure:5342:  -V </dev/null >&5
configure: -V: not found
configure:5345: $? = 127
configure:5353: checking whether we are using the GNU Fortran 77 compiler
configure:5367:  -c  conftest.F >&5
configure: -c: not found
configure:5373: $? = 127
configure: failed program was:
|       program main
| #ifndef __GNUC__
|        choke me
| #endif
| 
|       end
configure:5399: result: no
configure:5405: checking whether  accepts -g
configure:5417:  -c -g conftest.f >&5
configure: -c: not found
configure:5423: $? = 127
configure: failed program was:
|       program main
| 
|       end
configure:5448: result: no
configure:5478: checking the maximum length of command line arguments
configure:5593: result: 8192
configure:5604: checking command to parse /gcc/bin/nm -B output from gcc object
configure:5709: gcc -c -mcrt=clib2  conftest.c >&5
configure:5712: $? = 0
configure:5716: /gcc/bin/nm -B conftest.o \| sed -n -e 's/^.*[ 	]\([ABCDGIRSTW][ABCDGIRSTW]*\)[ 	][ 	]*\([_A-Za-z][_A-Za-z0-9]*\)$/\1 \2 \2/p' \> conftest.nm
configure:5719: $? = 0
configure:5771: gcc -o conftest -mcrt=clib2  -mcrt=clib2 conftest.c conftstm.o >&5
configure:5774: $? = 0
configure:5812: result: ok
configure:5816: checking for objdir
configure:5831: result: .libs
configure:5921: checking for ar
configure:5937: found /gcc/bin/ar
configure:5948: result: ar
configure:6001: checking for ranlib
configure:6017: found /gcc/bin/ranlib
configure:6028: result: ranlib
configure:6081: checking for strip
configure:6097: found /gcc/bin/strip
configure:6108: result: strip
configure:6384: checking if gcc supports -fno-rtti -fno-exceptions
configure:6402: gcc -c -mcrt=clib2  -fno-rtti -fno-exceptions conftest.c >&5
cc1: warning: command line option "-fno-rtti" is valid for C++/ObjC++ but not for C
configure:6406: $? = 0
configure:6419: result: no
configure:6434: checking for gcc option to produce PIC
configure:6644: result: -m68020 -resident32 -malways-restore-a4
configure:6652: checking if gcc PIC flag -m68020 -resident32 -malways-restore-a4 works
configure:6670: gcc -c -mcrt=clib2  -m68020 -resident32 -malways-restore-a4 -DPIC conftest.c >&5
cc1: error: invalid option '68020'
cc1: error: invalid option 'always-restore-a4'
configure:6674: $? = 1
configure:6687: result: no
configure:6715: checking if gcc static flag -static works
configure:6743: result: yes
configure:6753: checking if gcc supports -c -o file.o
configure:6774: gcc -c -mcrt=clib2  -o out/conftest2.o conftest.c >&5
configure:6778: $? = 0
configure:6800: result: yes
configure:6826: checking whether the gcc linker (ld) supports shared libraries
configure:7784: result: no
configure:7851: checking dynamic linker characteristics
configure:8441: result: amigaos ld.so
configure:8450: checking how to hardcode library paths into programs
configure:8475: result: unsupported
configure:8489: checking whether stripping libraries is possible
configure:8494: result: yes
configure:9328: checking if libtool supports shared libraries
configure:9330: result: no
configure:9333: checking whether to build shared libraries
configure:9354: result: no
configure:9357: checking whether to build static libraries
configure:9361: result: yes
configure:9453: creating libtool
configure:10041: checking for ld used by g++
configure:10108: result: ld
configure:10117: checking if the linker (ld) is GNU ld
configure:10132: result: yes
configure:10183: checking whether the g++ linker (ld) supports shared libraries
configure:11121: result: no
configure:11143: g++ -c -mcrt=clib2  conftest.cpp >&5
configure:11146: $? = 0
configure:11265: checking for g++ option to produce PIC
configure:11539: result: -m68020 -resident32 -malways-restore-a4
configure:11547: checking if g++ PIC flag -m68020 -resident32 -malways-restore-a4 works
configure:11565: g++ -c -mcrt=clib2  -m68020 -resident32 -malways-restore-a4 -DPIC conftest.cpp >&5
cc1plus: error: invalid option '68020'
cc1plus: error: invalid option 'always-restore-a4'
configure:11569: $? = 1
configure:11582: result: no
configure:11610: checking if g++ static flag -static works
configure:11638: result: yes
configure:11648: checking if g++ supports -c -o file.o
configure:11669: g++ -c -mcrt=clib2  -o out/conftest2.o conftest.cpp >&5
configure:11673: $? = 0
configure:11695: result: yes
configure:11721: checking whether the g++ linker (ld) supports shared libraries
configure:11746: result: no
configure:11813: checking dynamic linker characteristics
configure:12403: result: amigaos ld.so
configure:12412: checking how to hardcode library paths into programs
configure:12437: result: immediate
configure:18608: checking for a BSD-compatible install
configure:18663: result: /SDK/Local/C/ginstall -c
configure:18718: checking for sdl-config
configure:18736: found /SDK/Local/newlib/bin/sdl-config
configure:18749: result: /SDK/Local/newlib/bin/sdl-config
configure:18757: checking for SDL - version >= 1.0.1
configure:18849: gcc -o conftest -mcrt=clib2 -I/SDK/Local/common/include/SDL  -mcrt=clib2 conftest.c -lunix -L/SDK/Local/newlib/lib -lGL -lGLU -lSDL -lauto -lpthread -lm -lm -lstdc++ >&5
configure:18852: $? = 0
configure:18854: ./conftest
configure:18857: $? = 0
configure:18876: result: yes
configure:19130: creating ./config.status

## ---------------------- ##
## Running config.status. ##
## ---------------------- ##

This file was extended by config.status, which was
generated by GNU Autoconf 2.59.  Invocation command line was

  CONFIG_FILES    = 
  CONFIG_HEADERS  = 
  CONFIG_LINKS    = 
  CONFIG_COMMANDS = 
  $ ./config.status 

on localhost

config.status:718: creating Makefile
config.status:901: executing depfiles commands

## ---------------- ##
## Cache variables. ##
## ---------------- ##

ac_cv_build=powerpc-unknown-amigaos
ac_cv_build_alias=ppc-unknown-amigaos
ac_cv_c_compiler_gnu=yes
ac_cv_cxx_compiler_gnu=yes
ac_cv_env_CC_set=set
ac_cv_env_CC_value=gcc
ac_cv_env_CFLAGS_set=set
ac_cv_env_CFLAGS_value=-mcrt=clib2
ac_cv_env_CPPFLAGS_set=
ac_cv_env_CPPFLAGS_value=
ac_cv_env_CPP_set=
ac_cv_env_CPP_value=
ac_cv_env_CXXCPP_set=
ac_cv_env_CXXCPP_value=
ac_cv_env_CXXFLAGS_set=set
ac_cv_env_CXXFLAGS_value=-mcrt=clib2
ac_cv_env_CXX_set=
ac_cv_env_CXX_value=
ac_cv_env_F77_set=
ac_cv_env_F77_value=
ac_cv_env_FFLAGS_set=
ac_cv_env_FFLAGS_value=
ac_cv_env_LDFLAGS_set=set
ac_cv_env_LDFLAGS_value=-mcrt=clib2
ac_cv_env_build_alias_set=
ac_cv_env_build_alias_value=
ac_cv_env_host_alias_set=
ac_cv_env_host_alias_value=
ac_cv_env_target_alias_set=
ac_cv_env_target_alias_value=
ac_cv_exeext=
ac_cv_f77_compiler_gnu=no
ac_cv_header_dlfcn_h=no
ac_cv_header_inttypes_h=yes
ac_cv_header_memory_h=yes
ac_cv_header_stdc=yes
ac_cv_header_stdint_h=yes
ac_cv_header_stdlib_h=yes
ac_cv_header_string_h=yes
ac_cv_header_strings_h=yes
ac_cv_header_sys_stat_h=yes
ac_cv_header_sys_types_h=yes
ac_cv_header_unistd_h=yes
ac_cv_host=powerpc-unknown-amigaos
ac_cv_host_alias=ppc-unknown-amigaos
ac_cv_objext=o
ac_cv_path_SDL_CONFIG=/SDK/Local/newlib/bin/sdl-config
ac_cv_path_install='/SDK/Local/C/ginstall -c'
ac_cv_prog_AWK=nawk
ac_cv_prog_CPP='gcc -E'
ac_cv_prog_CXXCPP='g++ -E'
ac_cv_prog_ac_ct_AR=ar
ac_cv_prog_ac_ct_CC=gcc
ac_cv_prog_ac_ct_CXX=g++
ac_cv_prog_ac_ct_RANLIB=ranlib
ac_cv_prog_ac_ct_STRIP=strip
ac_cv_prog_cc_g=yes
ac_cv_prog_cc_stdc=
ac_cv_prog_cxx_g=yes
ac_cv_prog_egrep='grep -E'
ac_cv_prog_f77_g=no
ac_cv_prog_make__SDK_C_gmake_set=yes
am_cv_CC_dependencies_compiler_type=none
am_cv_CXX_dependencies_compiler_type=none
lt_cv_deplibs_check_method=unknown
lt_cv_file_magic_cmd='$MAGIC_CMD'
lt_cv_file_magic_test_file=
lt_cv_ld_reload_flag=-r
lt_cv_objdir=.libs
lt_cv_path_LD=ld
lt_cv_path_LDCXX=ld
lt_cv_path_NM='/gcc/bin/nm -B'
lt_cv_path_SED=/SDK/Local/C/sed
lt_cv_prog_compiler_c_o=yes
lt_cv_prog_compiler_c_o_CXX=yes
lt_cv_prog_compiler_rtti_exceptions=no
lt_cv_prog_gnu_ld=yes
lt_cv_prog_gnu_ldcxx=yes
lt_cv_sys_global_symbol_pipe='sed -n -e '\''s/^.*[ 	]\([ABCDGIRSTW][ABCDGIRSTW]*\)[ 	][ 	]*\([_A-Za-z][_A-Za-z0-9]*\)$/\1 \2 \2/p'\'
lt_cv_sys_global_symbol_to_c_name_address='sed -n -e '\''s/^: \([^ ]*\) $/  {\"\1\", (lt_ptr) 0},/p'\'' -e '\''s/^[BCDEGRST] \([^ ]*\) \([^ ]*\)$/  {"\2", (lt_ptr) \&\2},/p'\'
lt_cv_sys_global_symbol_to_cdecl='sed -n -e '\''s/^. .* \(.*\)$/extern int \1;/p'\'
lt_cv_sys_max_cmd_len=8192
lt_lt_cv_prog_compiler_c_o='"yes"'
lt_lt_cv_prog_compiler_c_o_CXX='"yes"'
lt_lt_cv_sys_global_symbol_pipe='"sed -n -e '\''s/^.*[ 	]\\([ABCDGIRSTW][ABCDGIRSTW]*\\)[ 	][ 	]*\\([_A-Za-z][_A-Za-z0-9]*\\)\$/\\1 \\2 \\2/p'\''"'
lt_lt_cv_sys_global_symbol_to_c_name_address='"sed -n -e '\''s/^: \\([^ ]*\\) \$/  {\\\"\\1\\\", (lt_ptr) 0},/p'\'' -e '\''s/^[BCDEGRST] \\([^ ]*\\) \\([^ ]*\\)\$/  {\"\\2\", (lt_ptr) \\&\\2},/p'\''"'
lt_lt_cv_sys_global_symbol_to_cdecl='"sed -n -e '\''s/^. .* \\(.*\\)\$/extern int \\1;/p'\''"'

## ----------------- ##
## Output variables. ##
## ----------------- ##

ac_ct_AR='ar'
ac_ct_CC='gcc'
ac_ct_CXX='g++'
ac_ct_F77=''
ac_ct_RANLIB='ranlib'
ac_ct_STRIP='strip'
ACLOCAL='aclocal-1.9'
am__fastdepCC_FALSE=''
am__fastdepCC_TRUE='#'
am__fastdepCXX_FALSE=''
am__fastdepCXX_TRUE='#'
am__include='include'
am__leading_dot='.'
am__quote=''
am__tar='${AMTAR} chof - "$$tardir"'
am__untar='${AMTAR} xf -'
AMDEP_FALSE=''
AMDEP_TRUE='#'
AMDEPBACKSLASH=''
AMTAR='tar'
AR='ar'
AUTOCONF='autoconf'
AUTOHEADER='autoheader'
AUTOMAKE='automake-1.9'
AWK='nawk'
BINARY_AGE='2'
bindir='/SDK/Local/C'
build='powerpc-unknown-amigaos'
build_alias=''
build_cpu='powerpc'
build_os='amigaos'
build_vendor='unknown'
CC='gcc'
CCDEPMODE='depmode=none'
CFLAGS='-mcrt=clib2 -I/SDK/Local/common/include/SDL'
CPP='gcc -E'
CPPFLAGS=''
CXX='g++'
CXXCPP='g++ -E'
CXXDEPMODE='depmode=none'
CXXFLAGS='-mcrt=clib2 -I/SDK/Local/common/include/SDL'
CYGPATH_W='echo'
datadir='${prefix}/share'
DEFS='-DPACKAGE_NAME=\"\" -DPACKAGE_TARNAME=\"\" -DPACKAGE_VERSION=\"\" -DPACKAGE_STRING=\"\" -DPACKAGE_BUGREPORT=\"\" -DPACKAGE=\"GUIlib\" -DVERSION=\"1.1.2\" -DSTDC_HEADERS=1 -DHAVE_SYS_TYPES_H=1 -DHAVE_SYS_STAT_H=1 -DHAVE_STDLIB_H=1 -DHAVE_STRING_H=1 -DHAVE_MEMORY_H=1 -DHAVE_STRINGS_H=1 -DHAVE_INTTYPES_H=1 -DHAVE_STDINT_H=1 -DHAVE_UNISTD_H=1 '
DEPDIR='.deps'
ECHO='/SDK/Local/C/echo'
ECHO_C=''ECHO_N=''
ECHO_T=''
EGREP='grep -E'
exec_prefix='${prefix}'
EXEEXT=''
F77=''
FFLAGS=''
host='powerpc-unknown-amigaos'
host_alias=''
host_cpu='powerpc'
host_os='amigaos'
host_vendor='unknown'
includedir='/SDK/Local/common/include'
infodir='${prefix}/info'
INSTALL_DATA='${INSTALL} -m 644'
INSTALL_PROGRAM='${INSTALL}'
INSTALL_SCRIPT='${INSTALL}'
install_sh='/Scene/Coding/GUIlib-1.1.2/install-sh'
INSTALL_STRIP_PROGRAM='${SHELL} $(install_sh) -c -s'
INTERFACE_AGE='2'
LDFLAGS='-mcrt=clib2'
libdir='/SDK/Local/clib2/lib'
libexecdir='${exec_prefix}/libexec'
LIBOBJS=''
LIBS='-lunix -L/SDK/Local/newlib/lib -lGL -lGLU -lSDL -lauto -lpthread -lm -lm -lstdc++'
LIBTOOL='$(SHELL) $(top_builddir)/libtool'
LN_S='ln -s'
localstatedir='${prefix}/var'
LT_AGE='0'
LT_CURRENT='0'
LT_RELEASE='1.1'
LT_REVISION='2'
LTLIBOBJS=''
MAJOR_VERSION='1'
MAKEINFO='makeinfo'
mandir='${prefix}/man'
MICRO_VERSION='2'
MINOR_VERSION='1'
mkdir_p='mkdir -p --'
OBJEXT='o'
oldincludedir='/usr/include'
PACKAGE='GUIlib'
PACKAGE_BUGREPORT=''
PACKAGE_NAME=''
PACKAGE_STRING=''
PACKAGE_TARNAME=''
PACKAGE_VERSION=''
PATH_SEPARATOR=':'
prefix='/SDK/Local'
program_transform_name='s,x,x,'
RANLIB='ranlib'
sbindir='${exec_prefix}/sbin'
SDL_CFLAGS='-I/SDK/Local/common/include/SDL'
SDL_CONFIG='/SDK/Local/newlib/bin/sdl-config'
SDL_LIBS='-L/SDK/Local/newlib/lib -lGL -lGLU -lSDL -lauto -lpthread -lm -lm -lstdc++'
SET_MAKE=''
sharedstatedir='${prefix}/com'
SHELL='/bin/sh'
STRIP='strip'
sysconfdir='${prefix}/etc'
target_alias=''
VERSION='1.1.2'

## ----------- ##
## confdefs.h. ##
## ----------- ##

#define HAVE_INTTYPES_H 1
#define HAVE_MEMORY_H 1
#define HAVE_STDINT_H 1
#define HAVE_STDLIB_H 1
#define HAVE_STRING_H 1
#define HAVE_STRINGS_H 1
#define HAVE_SYS_STAT_H 1
#define HAVE_SYS_TYPES_H 1
#define HAVE_UNISTD_H 1
#define PACKAGE "GUIlib"
#define PACKAGE_BUGREPORT ""
#define PACKAGE_NAME ""
#define PACKAGE_STRING ""
#define PACKAGE_TARNAME ""
#define PACKAGE_VERSION ""
#define STDC_HEADERS 1
#define VERSION "1.1.2"
#endif
#ifdef __cplusplus
extern "C" void std::exit (int); using std::exit;

configure: exit 0
