This file contains any messages produced by compilers while
running configure, to aid debugging if configure makes a mistake.

configure:566: checking for a BSD compatible install
configure:619: checking whether build environment is sane
configure:676: checking whether /SDK/C/gmake sets ${MAKE}
configure:722: checking for working aclocal
configure:735: checking for working autoconf
configure:748: checking for working automake
configure:761: checking for working autoheader
configure:774: checking for working makeinfo
configure:873: checking host system type
configure:894: checking build system type
configure:914: checking for ranlib
configure:944: checking for gcc
configure:1057: checking whether the C compiler (gcc  ) works
configure:1073: gcc -o conftest    conftest.c  1>&5
configure:1099: checking whether the C compiler (gcc  ) is a cross-compiler
configure:1104: checking whether we are using GNU C
configure:1113: gcc -E conftest.c
configure:1132: checking whether gcc accepts -g
configure:1175: checking for ld used by GCC
configure:1237: checking if the linker (ld) is GNU ld
GNU ld (GNU Binutils) 2.18
configure:1253: checking for BSD-compatible nm
configure:1289: checking whether ln -s works
ltconfig:603: checking for object suffix
ltconfig:604: gcc -c -g -O2  conftest.c 1>&5
ltconfig:629: checking for executable suffix
ltconfig:630: gcc -o conftest -g -O2   conftest.c  1>&5
ltconfig:776: checking if gcc PIC flag -m68020 -resident32 -malways-restore-a4 works
ltconfig:777: gcc -c -g -O2 -m68020 -resident32 -malways-restore-a4 -DPIC  conftest.c 1>&5
cc1: error: unrecognized command line option "-m68020"
cc1: error: unrecognized command line option "-malways-restore-a4"
ltconfig:829: checking if gcc supports -c -o file.o
ltconfig:830: gcc -c -g -O2 -o out/conftest2.o  conftest.c 1>&5
ltconfig:862: checking if gcc supports -c -o file.lo
ltconfig:863: gcc -c -g -O2 -c -o conftest.lo  conftest.c 1>&5
ltconfig:914: checking if gcc supports -fno-rtti -fno-exceptions
ltconfig:915: gcc -c -g -O2 -fno-rtti -fno-exceptions -c conftest.c  conftest.c 1>&5
ltconfig:958: checking if gcc static flag -static works
ltconfig:959: gcc -o conftest -g -O2   -static conftest.c  1>&5
GNU ld (GNU Binutils) 2.18
ltconfig:1653: checking if global_symbol_pipe works
ltconfig:1654: gcc -c -g -O2  conftest.c 1>&5
ltconfig:1657: eval "/gcc/bin/nm -B conftest.o | sed -n -e 's/^.*[ 	]\([ABCDGISTW]\)[ 	][ 	]*\(\)\([_A-Za-z][_A-Za-z0-9]*\)$/\1 \2\3 \3/p' > conftest.nm"
ltconfig:1709: gcc -o conftest -g -O2 -fno-builtin   conftest.c conftstm.o 1>&5
configure:1475: checking for Cygwin environment
configure:1491: gcc -c -g -O2  conftest.c 1>&5
configure: In function 'main':
configure:1487: error: '__CYGWIN32__' undeclared (first use in this function)
configure:1487: error: (Each undeclared identifier is reported only once
configure:1487: error: for each function it appears in.)
configure: failed program was:
#line 1480 "configure"
#include "confdefs.h"

int main() {

#ifndef __CYGWIN__
#define __CYGWIN__ __CYGWIN32__
#endif
return __CYGWIN__;
; return 0; }
configure:1508: checking for mingw32 environment
configure:1520: gcc -c -g -O2  conftest.c 1>&5
configure: In function 'main':
configure:1516: error: '__MINGW32__' undeclared (first use in this function)
configure:1516: error: (Each undeclared identifier is reported only once
configure:1516: error: for each function it appears in.)
configure: failed program was:
#line 1513 "configure"
#include "confdefs.h"

int main() {
return __MINGW32__;
; return 0; }
configure:1539: checking for executable suffix
configure:1571: checking for void
configure:1580: gcc -c -g -O2  conftest.c 1>&5
configure:1594: checking for working const
configure:1648: gcc -c -g -O2  conftest.c 1>&5
configure:1669: checking how to run the C preprocessor
configure:1690: gcc -E  conftest.c >/dev/null 2>conftest.out
configure:1749: checking for ANSI C header files
configure:1762: gcc -E  conftest.c >/dev/null 2>conftest.out
configure:1829: gcc -o conftest -g -O2   conftest.c  1>&5
configure: In function 'main':
configure:1824: warning: incompatible implicit declaration of built-in function 'exit'
configure:1853: checking for size_t
configure:1887: checking for ANSI C header files
configure:1994: checking for string.h
configure:2004: gcc -E  conftest.c >/dev/null 2>conftest.out
configure:1994: checking for limits.h
configure:2004: gcc -E  conftest.c >/dev/null 2>conftest.out
configure:1994: checking for float.h
configure:2004: gcc -E  conftest.c >/dev/null 2>conftest.out
configure:2034: checking for malloc.h
configure:2044: gcc -E  conftest.c >/dev/null 2>conftest.out
configure:2034: checking for strings.h
configure:2044: gcc -E  conftest.c >/dev/null 2>conftest.out
configure:2034: checking for values.h
configure:2044: gcc -E  conftest.c >/dev/null 2>conftest.out
configure:2040:20: error: values.h: No such file or directory
configure: failed program was:
#line 2039 "configure"
#include "confdefs.h"
#include <values.h>
configure:2074: checking for sys/stdtypes.h
configure:2084: gcc -E  conftest.c >/dev/null 2>conftest.out
configure:2080:26: error: sys/stdtypes.h: No such file or directory
configure: failed program was:
#line 2079 "configure"
#include "confdefs.h"
#include <sys/stdtypes.h>
configure:2114: checking for memmove
configure:2142: gcc -o conftest -g -O2   conftest.c  1>&5
configure:2126: warning: conflicting types for built-in function 'memmove'
configure:2181: checking for gcc strength-reduce bug
configure:2202: gcc -o conftest -O2   conftest.c  -lm 1>&5
configure: In function 'main':
configure:2198: warning: incompatible implicit declaration of built-in function 'exit'
