This file contains any messages produced by compilers while
running configure, to aid debugging if configure makes a mistake.

It was created by configure, which was
generated by GNU Autoconf 2.57.  Invocation command line was

  $ ./configure --disable-dependency-tracking --bindir=/SDK/Local/C --prefix=/SDK/Local --libdir=/SDK/Local/clib2/lib CFLAGS=-mcrt=clib2 CPPFLAGS=-mcrt=clib2 CXXFLAGS=-mcrt=clib2 LDFLAGS=-mcrt=clib2

## --------- ##
## Platform. ##
## --------- ##

hostname = localhost
uname -m = ppc
uname -r = 52.2
uname -s = AmigaOS
uname -v = 4.0

/usr/bin/uname -p = unknown
/bin/uname -X     = unknown

/bin/arch              = unknown
/usr/bin/arch -k       = unknown
/usr/convex/getsysinfo = unknown
hostinfo               = unknown
/bin/machine           = unknown
/usr/bin/oslevel       = unknown
/bin/universe          = unknown

PATH: /gcc/bin
PATH: /SDK/C
PATH: /SDK/Local/C
PATH: /SDK/Local/newlib/bin
PATH: /SDK/Local/clib2/bin
PATH: /C
PATH: .


## ----------- ##
## Core tests. ##
## ----------- ##

configure:1388: creating cache /dev/null
configure:1516: checking build system type
configure:1534: result: powerpc-unknown-amigaos
configure:1542: checking host system type
configure:1556: result: powerpc-unknown-amigaos
configure:1564: checking target system type
configure:1578: result: powerpc-unknown-amigaos
configure:1606: checking for a BSD-compatible install
configure:1660: result: /SDK/Local/C/ginstall -c
configure:1671: checking whether build environment is sane
configure:1714: result: yes
configure:1747: checking for gawk
configure:1776: result: no
configure:1747: checking for mawk
configure:1776: result: no
configure:1747: checking for nawk
configure:1763: found /SDK/Local/C/nawk
configure:1773: result: nawk
configure:1783: checking whether /SDK/C/gmake sets $(MAKE)
configure:1803: result: yes
configure:2023: checking for g++
configure:2039: found /gcc/bin/g++
configure:2049: result: g++
configure:2065: checking for C++ compiler version
configure:2068: g++ --version </dev/null >&5
g++ (GCC) 4.0.2 (AmigaOS build 20051012)
Copyright (C) 2005 Free Software Foundation, Inc.
This is free software; see the source for copying conditions.  There is NO
warranty; not even for MERCHANTABILITY or FITNESS FOR A PARTICULAR PURPOSE.

configure:2071: $? = 0
configure:2073: g++ -v </dev/null >&5
Reading specs from /OS4Beta/SDK/gcc/bin/../lib/gcc/ppc-amigaos/4.0.2/specs
Target: ppc-amigaos
Configured with: ../gcc-4.0.2/configure --host=ppc-amigaos --target=ppc-amigaos --build=i686-cygwin --prefix=/gcc --enable-languages=c,c++,objc --enable-haifa --enable-sjlj-exceptions --disable-shared --disable-libstdcxx-pch
Thread model: single
gcc version 4.0.2 (AmigaOS build 20051012)
configure:2076: $? = 0
configure:2078: g++ -V </dev/null >&5
g++: '-V' option must have argument
configure:2081: $? = 1
configure:2105: checking for C++ compiler default output
configure:2108: g++ -mcrt=clib2 -mcrt=clib2 -mcrt=clib2 conftest.cc  >&5
configure:2111: $? = 0
configure:2157: result: a.out
configure:2162: checking whether the C++ compiler works
configure:2168: ./a.out
configure:2171: $? = 0
configure:2188: result: yes
configure:2195: checking whether we are cross compiling
configure:2197: result: no
configure:2200: checking for suffix of executables
configure:2202: g++ -o conftest -mcrt=clib2 -mcrt=clib2 -mcrt=clib2 conftest.cc  >&5
configure:2205: $? = 0
configure:2230: result: 
configure:2236: checking for suffix of object files
configure:2258: g++ -c -mcrt=clib2 -mcrt=clib2 conftest.cc >&5
configure:2261: $? = 0
configure:2283: result: o
configure:2287: checking whether we are using the GNU C++ compiler
configure:2312: g++ -c -mcrt=clib2 -mcrt=clib2 conftest.cc >&5
configure:2315: $? = 0
configure:2318: test -s conftest.o
configure:2321: $? = 0
configure:2334: result: yes
configure:2340: checking whether g++ accepts -g
configure:2362: g++ -c -g -mcrt=clib2 conftest.cc >&5
configure:2365: $? = 0
configure:2368: test -s conftest.o
configure:2371: $? = 0
configure:2382: result: yes
configure:2426: g++ -c -mcrt=clib2 -mcrt=clib2 conftest.cc >&5
configure:2429: $? = 0
configure:2432: test -s conftest.o
configure:2435: $? = 0
configure:2462: g++ -c -mcrt=clib2 -mcrt=clib2 conftest.cc >&5
configure: In function 'int main()':
configure:2459: error: 'exit' was not declared in this scope
configure:2465: $? = 1
configure: failed program was:
| #line 2445 "configure"
| /* confdefs.h.  */
| 
| #define PACKAGE_NAME ""
| #define PACKAGE_TARNAME ""
| #define PACKAGE_VERSION ""
| #define PACKAGE_STRING ""
| #define PACKAGE_BUGREPORT ""
| #define PACKAGE "flatzebra"
| #define VERSION "0.1.1"
| /* end confdefs.h.  */
| 
| int
| main ()
| {
| exit (42);
|   ;
|   return 0;
| }
configure:2426: g++ -c -mcrt=clib2 -mcrt=clib2 conftest.cc >&5
configure:2429: $? = 0
configure:2432: test -s conftest.o
configure:2435: $? = 0
configure:2462: g++ -c -mcrt=clib2 -mcrt=clib2 conftest.cc >&5
configure:2465: $? = 0
configure:2468: test -s conftest.o
configure:2471: $? = 0
configure:2505: checking for style of include used by /SDK/C/gmake
configure:2533: result: GNU
configure:2561: checking dependency style of g++
configure:2644: result: none
configure:2661: checking maximum warning verbosity option
configure:2682: result: -Wall for C++
configure:2818: checking for gcc
configure:2834: found /gcc/bin/gcc
configure:2844: result: gcc
configure:3088: checking for C compiler version
configure:3091: gcc --version </dev/null >&5
gcc (GCC) 4.0.2 (AmigaOS build 20051012)
Copyright (C) 2005 Free Software Foundation, Inc.
This is free software; see the source for copying conditions.  There is NO
warranty; not even for MERCHANTABILITY or FITNESS FOR A PARTICULAR PURPOSE.

configure:3094: $? = 0
configure:3096: gcc -v </dev/null >&5
Reading specs from /OS4Beta/SDK/gcc/bin/../lib/gcc/ppc-amigaos/4.0.2/specs
Target: ppc-amigaos
Configured with: ../gcc-4.0.2/configure --host=ppc-amigaos --target=ppc-amigaos --build=i686-cygwin --prefix=/gcc --enable-languages=c,c++,objc --enable-haifa --enable-sjlj-exceptions --disable-shared --disable-libstdcxx-pch
Thread model: single
gcc version 4.0.2 (AmigaOS build 20051012)
configure:3099: $? = 0
configure:3101: gcc -V </dev/null >&5
gcc: '-V' option must have argument
configure:3104: $? = 1
configure:3107: checking whether we are using the GNU C compiler
configure:3132: gcc -c -mcrt=clib2 -mcrt=clib2 conftest.c >&5
configure:3135: $? = 0
configure:3138: test -s conftest.o
configure:3141: $? = 0
configure:3154: result: yes
configure:3160: checking whether gcc accepts -g
configure:3182: gcc -c -g -mcrt=clib2 conftest.c >&5
configure:3185: $? = 0
configure:3188: test -s conftest.o
configure:3191: $? = 0
configure:3202: result: yes
configure:3219: checking for gcc option to accept ANSI C
configure:3280: gcc  -c -mcrt=clib2 -mcrt=clib2 conftest.c >&5
configure:3283: $? = 0
configure:3286: test -s conftest.o
configure:3289: $? = 0
configure:3307: result: none needed
configure:3325: gcc -c -mcrt=clib2 -mcrt=clib2 conftest.c >&5
conftest.c:2: error: syntax error before 'me'
configure:3328: $? = 1
configure: failed program was:
| #ifndef __cplusplus
|   choke me
| #endif
configure:3439: checking dependency style of gcc
configure:3522: result: none
configure:3539: checking for a sed that does not truncate output
configure:3593: result: /SDK/Local/C/sed
configure:3596: checking for egrep
configure:3606: result: grep -E
configure:3622: checking for ld used by gcc
configure:3689: result: ld
configure:3698: checking if the linker (ld) is GNU ld
configure:3713: result: yes
configure:3718: checking for ld option to reload object files
configure:3725: result: -r
configure:3734: checking for BSD-compatible nm
configure:3776: result: /gcc/bin/nm -B
configure:3780: checking whether ln -s works
configure:3784: result: yes
configure:3791: checking how to recognise dependent libraries
configure:3991: result: unknown
configure:4195: checking how to run the C preprocessor
configure:4231: gcc -E -mcrt=clib2 conftest.c
configure:4237: $? = 0
configure:4269: gcc -E -mcrt=clib2 conftest.c
configure:4273:28: error: ac_nonexistent.h: No such file or directory
configure:4275: $? = 1
configure: failed program was:
| #line 4260 "configure"
| /* confdefs.h.  */
| 
| #define PACKAGE_NAME ""
| #define PACKAGE_TARNAME ""
| #define PACKAGE_VERSION ""
| #define PACKAGE_STRING ""
| #define PACKAGE_BUGREPORT ""
| #define PACKAGE "flatzebra"
| #define VERSION "0.1.1"
| #ifdef __cplusplus
| #include <stdlib.h>
| #endif
| /* end confdefs.h.  */
| #include <ac_nonexistent.h>
configure:4313: result: gcc -E
configure:4338: gcc -E -mcrt=clib2 conftest.c
configure:4344: $? = 0
configure:4376: gcc -E -mcrt=clib2 conftest.c
configure:4380:28: error: ac_nonexistent.h: No such file or directory
configure:4382: $? = 1
configure: failed program was:
| #line 4367 "configure"
| /* confdefs.h.  */
| 
| #define PACKAGE_NAME ""
| #define PACKAGE_TARNAME ""
| #define PACKAGE_VERSION ""
| #define PACKAGE_STRING ""
| #define PACKAGE_BUGREPORT ""
| #define PACKAGE "flatzebra"
| #define VERSION "0.1.1"
| #ifdef __cplusplus
| #include <stdlib.h>
| #endif
| /* end confdefs.h.  */
| #include <ac_nonexistent.h>
configure:4425: checking for ANSI C header files
configure:4451: gcc -c -mcrt=clib2 -mcrt=clib2 conftest.c >&5
configure:4454: $? = 0
configure:4457: test -s conftest.o
configure:4460: $? = 0
configure:4552: gcc -o conftest -mcrt=clib2 -mcrt=clib2 -mcrt=clib2 conftest.c  >&5
configure: In function 'main':
configure:4550: warning: incompatible implicit declaration of built-in function 'exit'
configure:4555: $? = 0
configure:4557: ./conftest
configure:4560: $? = 0
configure:4575: result: yes
configure:4599: checking for sys/types.h
configure:4616: gcc -c -mcrt=clib2 -mcrt=clib2 conftest.c >&5
configure:4619: $? = 0
configure:4622: test -s conftest.o
configure:4625: $? = 0
configure:4636: result: yes
configure:4599: checking for sys/stat.h
configure:4616: gcc -c -mcrt=clib2 -mcrt=clib2 conftest.c >&5
configure:4619: $? = 0
configure:4622: test -s conftest.o
configure:4625: $? = 0
configure:4636: result: yes
configure:4599: checking for stdlib.h
configure:4616: gcc -c -mcrt=clib2 -mcrt=clib2 conftest.c >&5
configure:4619: $? = 0
configure:4622: test -s conftest.o
configure:4625: $? = 0
configure:4636: result: yes
configure:4599: checking for string.h
configure:4616: gcc -c -mcrt=clib2 -mcrt=clib2 conftest.c >&5
configure:4619: $? = 0
configure:4622: test -s conftest.o
configure:4625: $? = 0
configure:4636: result: yes
configure:4599: checking for memory.h
configure:4616: gcc -c -mcrt=clib2 -mcrt=clib2 conftest.c >&5
In file included from configure:4657:
SDK:local/common/include/memory.h:1:2: warning: #warning Hey Spot! Exchange memory.h with string.h
configure:4619: $? = 0
configure:4622: test -s conftest.o
configure:4625: $? = 0
configure:4636: result: yes
configure:4599: checking for strings.h
configure:4616: gcc -c -mcrt=clib2 -mcrt=clib2 conftest.c >&5
configure:4619: $? = 0
configure:4622: test -s conftest.o
configure:4625: $? = 0
configure:4636: result: yes
configure:4599: checking for inttypes.h
configure:4616: gcc -c -mcrt=clib2 -mcrt=clib2 conftest.c >&5
configure:4619: $? = 0
configure:4622: test -s conftest.o
configure:4625: $? = 0
configure:4636: result: yes
configure:4599: checking for stdint.h
configure:4616: gcc -c -mcrt=clib2 -mcrt=clib2 conftest.c >&5
configure:4619: $? = 0
configure:4622: test -s conftest.o
configure:4625: $? = 0
configure:4636: result: yes
configure:4599: checking for unistd.h
configure:4616: gcc -c -mcrt=clib2 -mcrt=clib2 conftest.c >&5
configure:4619: $? = 0
configure:4622: test -s conftest.o
configure:4625: $? = 0
configure:4636: result: yes
configure:4662: checking dlfcn.h usability
configure:4675: gcc -c -mcrt=clib2 -mcrt=clib2 conftest.c >&5
configure:4678: $? = 0
configure:4681: test -s conftest.o
configure:4684: $? = 0
configure:4694: result: yes
configure:4698: checking dlfcn.h presence
configure:4709: gcc -E -mcrt=clib2 conftest.c
configure:4715: $? = 0
configure:4734: result: yes
configure:4770: checking for dlfcn.h
configure:4777: result: yes
configure:4795: checking how to run the C++ preprocessor
configure:4827: g++ -E -mcrt=clib2 conftest.cc
configure:4833: $? = 0
configure:4865: g++ -E -mcrt=clib2 conftest.cc
configure:4880:28: error: ac_nonexistent.h: No such file or directory
configure:4871: $? = 1
configure: failed program was:
| #line 4856 "configure"
| /* confdefs.h.  */
| 
| #define PACKAGE_NAME ""
| #define PACKAGE_TARNAME ""
| #define PACKAGE_VERSION ""
| #define PACKAGE_STRING ""
| #define PACKAGE_BUGREPORT ""
| #define PACKAGE "flatzebra"
| #define VERSION "0.1.1"
| #ifdef __cplusplus
| #include <stdlib.h>
| #endif
| #define STDC_HEADERS 1
| #define HAVE_SYS_TYPES_H 1
| #define HAVE_SYS_STAT_H 1
| #define HAVE_STDLIB_H 1
| #define HAVE_STRING_H 1
| #define HAVE_MEMORY_H 1
| #define HAVE_STRINGS_H 1
| #define HAVE_INTTYPES_H 1
| #define HAVE_STDINT_H 1
| #define HAVE_UNISTD_H 1
| #define HAVE_DLFCN_H 1
| /* end confdefs.h.  */
| #include <ac_nonexistent.h>
configure:4909: result: g++ -E
configure:4934: g++ -E -mcrt=clib2 conftest.cc
configure:4940: $? = 0
configure:4972: g++ -E -mcrt=clib2 conftest.cc
configure:4987:28: error: ac_nonexistent.h: No such file or directory
configure:4978: $? = 1
configure: failed program was:
| #line 4963 "configure"
| /* confdefs.h.  */
| 
| #define PACKAGE_NAME ""
| #define PACKAGE_TARNAME ""
| #define PACKAGE_VERSION ""
| #define PACKAGE_STRING ""
| #define PACKAGE_BUGREPORT ""
| #define PACKAGE "flatzebra"
| #define VERSION "0.1.1"
| #ifdef __cplusplus
| #include <stdlib.h>
| #endif
| #define STDC_HEADERS 1
| #define HAVE_SYS_TYPES_H 1
| #define HAVE_SYS_STAT_H 1
| #define HAVE_STDLIB_H 1
| #define HAVE_STRING_H 1
| #define HAVE_MEMORY_H 1
| #define HAVE_STRINGS_H 1
| #define HAVE_INTTYPES_H 1
| #define HAVE_STDINT_H 1
| #define HAVE_UNISTD_H 1
| #define HAVE_DLFCN_H 1
| /* end confdefs.h.  */
| #include <ac_nonexistent.h>
configure:5072: checking for g77
configure:5101: result: no
configure:5072: checking for f77
configure:5101: result: no
configure:5072: checking for xlf
configure:5101: result: no
configure:5072: checking for frt
configure:5101: result: no
configure:5072: checking for pgf77
configure:5101: result: no
configure:5072: checking for fl32
configure:5101: result: no
configure:5072: checking for af77
configure:5101: result: no
configure:5072: checking for fort77
configure:5101: result: no
configure:5072: checking for f90
configure:5101: result: no
configure:5072: checking for xlf90
configure:5101: result: no
configure:5072: checking for pgf90
configure:5101: result: no
configure:5072: checking for epcf90
configure:5101: result: no
configure:5072: checking for f95
configure:5101: result: no
configure:5072: checking for fort
configure:5101: result: no
configure:5072: checking for xlf95
configure:5101: result: no
configure:5072: checking for lf95
configure:5101: result: no
configure:5072: checking for g95
configure:5101: result: no
configure:5113: checking for Fortran 77 compiler version
configure:5116:  --version </dev/null >&5
./configure: --version: not found
configure:5119: $? = 127
configure:5121:  -v </dev/null >&5
./configure: -v: not found
configure:5124: $? = 127
configure:5126:  -V </dev/null >&5
./configure: -V: not found
configure:5129: $? = 127
configure:5136: checking whether we are using the GNU Fortran 77 compiler
configure:5150:  -c  conftest.F >&5
./configure: -c: not found
configure:5153: $? = 127
configure: failed program was:
|       program main
| #ifndef __GNUC__
|        choke me
| #endif
| 
|       end
configure:5172: result: no
configure:5179: checking whether  accepts -g
configure:5191:  -c -g conftest.f >&5
./configure: -c: not found
configure:5194: $? = 127
configure: failed program was:
|       program main
| 
|       end
configure:5212: result: no
configure:5240: checking the maximum length of command line arguments
configure:5299: result: 262144
configure:5310: checking command to parse /gcc/bin/nm -B output from gcc object
configure:5399: g++ -c -mcrt=clib2 -Wall -mcrt=clib2 conftest.cc >&5
configure:5402: $? = 0
configure:5406: /gcc/bin/nm -B conftest.o \| sed -n -e 's/^.*[ 	]\([ABCDGIRSTW][ABCDGIRSTW]*\)[ 	][ 	]*\(\)\([_A-Za-z][_A-Za-z0-9]*\)$/\1 \2\3 \3/p' \> conftest.nm
configure:5409: $? = 0
configure:5461: g++ -o conftest -mcrt=clib2 -Wall -mcrt=clib2 -mcrt=clib2 conftest.cc conftstm.o >&5
configure:5464: $? = 0
configure:5502: result: ok
configure:5506: checking for objdir
configure:5521: result: .libs
configure:5611: checking for ar
configure:5627: found /gcc/bin/ar
configure:5638: result: ar
configure:5691: checking for ranlib
configure:5707: found /gcc/bin/ranlib
configure:5718: result: ranlib
configure:5771: checking for strip
configure:5787: found /gcc/bin/strip
configure:5798: result: strip
configure:6060: checking if gcc static flag  works
configure:6083: result: yes
configure:6100: checking if gcc supports -fno-rtti -fno-exceptions
configure:6118: gcc -c -mcrt=clib2 -mcrt=clib2 -fno-rtti -fno-exceptions conftest.c >&5
cc1: warning: command line option "-fno-rtti" is valid for C++/ObjC++ but not for C
configure:6122: $? = 0
configure:6133: result: no
configure:6148: checking for gcc option to produce PIC
configure:6325: result: -m68020 -resident32 -malways-restore-a4
configure:6332: checking if gcc PIC flag -m68020 -resident32 -malways-restore-a4 works
configure:6350: gcc -c -mcrt=clib2 -mcrt=clib2 -m68020 -resident32 -malways-restore-a4 -DPIC conftest.c >&5
cc1: error: invalid option '68020'
cc1: error: invalid option 'always-restore-a4'
configure:6354: $? = 1
configure:6365: result: no
configure:6389: checking if gcc supports -c -o file.o
configure:6417: gcc -c -mcrt=clib2 -mcrt=clib2 -o out/conftest2.o conftest.c >&5
configure:6421: $? = 0
configure:6438: result: yes
configure:6464: checking whether the gcc linker (ld) supports shared libraries
configure:7283: result: no
configure:7354: checking how to hardcode library paths into programs
configure:7379: result: immediate
configure:7393: checking whether stripping libraries is possible
configure:7398: result: yes
configure:7420: checking dynamic linker characteristics
configure:7955: result: amigaos ld.so
configure:8681: checking if libtool supports shared libraries
configure:8683: result: no
configure:8686: checking whether to build shared libraries
configure:8735: result: no
configure:8738: checking whether to build static libraries
configure:8742: result: yes
configure:8833: creating libtool
configure:9377: checking for ld used by g++
configure:9444: result: ld
configure:9453: checking if the linker (ld) is GNU ld
configure:9468: result: yes
configure:9519: checking whether the g++ linker (ld) supports shared libraries
configure:10314: result: no
configure:10332: g++ -c -mcrt=clib2 -Wall -mcrt=clib2 conftest.cc >&5
configure:10335: $? = 0
configure:10431: checking for g++ option to produce PIC
configure:10683: result: -m68020 -resident32 -malways-restore-a4
configure:10690: checking if g++ PIC flag -m68020 -resident32 -malways-restore-a4 works
configure:10708: g++ -c -mcrt=clib2 -Wall -mcrt=clib2 -m68020 -resident32 -malways-restore-a4 -DPIC conftest.cc >&5
cc1plus: error: invalid option '68020'
cc1plus: error: invalid option 'always-restore-a4'
configure:10712: $? = 1
configure:10723: result: no
configure:10747: checking if g++ supports -c -o file.o
configure:10775: g++ -c -mcrt=clib2 -Wall -mcrt=clib2 -o out/conftest2.o conftest.cc >&5
configure:10779: $? = 0
configure:10796: result: yes
configure:10822: checking whether the g++ linker (ld) supports shared libraries
configure:10847: result: no
configure:10918: checking how to hardcode library paths into programs
configure:10943: result: immediate
configure:10957: checking whether stripping libraries is possible
configure:10962: result: yes
configure:10984: checking dynamic linker characteristics
configure:11519: result: amigaos ld.so
configure:18487: checking for pkg-config
configure:18503: found /SDK/Local/newlib/bin/pkg-config
configure:18514: result: yes
configure:18582: checking for sdl-config
configure:18600: found /SDK/C/sdl-config
configure:18613: result: /SDK/C/sdl-config
configure:18621: checking for SDL - version >= 1.2.4
configure:18712: gcc -o conftest -mcrt=clib2 -I/SDK/local/newlib/include/SDL -D_GNU_SOURCE=1 -mcrt=clib2 -mcrt=clib2 conftest.c  -L/SDK/local/newlib/lib -lSDL -lm >&5
configure:18715: $? = 0
configure:18717: ./conftest
configure:18720: $? = 0
configure:18738: result: yes
configure:19002: creating ./config.status

## ---------------------- ##
## Running config.status. ##
## ---------------------- ##

This file was extended by config.status, which was
generated by GNU Autoconf 2.57.  Invocation command line was

  CONFIG_FILES    = 
  CONFIG_HEADERS  = 
  CONFIG_LINKS    = 
  CONFIG_COMMANDS = 
  $ ./config.status 

on localhost

config.status:689: creating Makefile
config.status:689: creating flatzebra-0.1.spec
config.status:689: creating flatzebra-0.1.pc
config.status:689: creating src/Makefile
config.status:689: creating src/flatzebra/Makefile
config.status:814: executing depfiles commands

## ---------------- ##
## Cache variables. ##
## ---------------- ##

ac_cv_build=powerpc-unknown-amigaos
ac_cv_build_alias=ppc-unknown-amigaos
ac_cv_c_compiler_gnu=yes
ac_cv_cxx_compiler_gnu=yes
ac_cv_env_CC_set=
ac_cv_env_CC_value=
ac_cv_env_CFLAGS_set=set
ac_cv_env_CFLAGS_value=-mcrt=clib2
ac_cv_env_CPPFLAGS_set=set
ac_cv_env_CPPFLAGS_value=-mcrt=clib2
ac_cv_env_CPP_set=
ac_cv_env_CPP_value=
ac_cv_env_CXXCPP_set=
ac_cv_env_CXXCPP_value=
ac_cv_env_CXXFLAGS_set=set
ac_cv_env_CXXFLAGS_value=-mcrt=clib2
ac_cv_env_CXX_set=
ac_cv_env_CXX_value=
ac_cv_env_F77_set=
ac_cv_env_F77_value=
ac_cv_env_FFLAGS_set=
ac_cv_env_FFLAGS_value=
ac_cv_env_LDFLAGS_set=set
ac_cv_env_LDFLAGS_value=-mcrt=clib2
ac_cv_env_build_alias_set=
ac_cv_env_build_alias_value=
ac_cv_env_host_alias_set=
ac_cv_env_host_alias_value=
ac_cv_env_target_alias_set=
ac_cv_env_target_alias_value=
ac_cv_exeext=
ac_cv_f77_compiler_gnu=no
ac_cv_header_dlfcn_h=yes
ac_cv_header_inttypes_h=yes
ac_cv_header_memory_h=yes
ac_cv_header_stdc=yes
ac_cv_header_stdint_h=yes
ac_cv_header_stdlib_h=yes
ac_cv_header_string_h=yes
ac_cv_header_strings_h=yes
ac_cv_header_sys_stat_h=yes
ac_cv_header_sys_types_h=yes
ac_cv_header_unistd_h=yes
ac_cv_host=powerpc-unknown-amigaos
ac_cv_host_alias=ppc-unknown-amigaos
ac_cv_objext=o
ac_cv_path_SDL_CONFIG=/SDK/C/sdl-config
ac_cv_path_install='/SDK/Local/C/ginstall -c'
ac_cv_prog_AWK=nawk
ac_cv_prog_CPP='gcc -E'
ac_cv_prog_CXXCPP='g++ -E'
ac_cv_prog_HAVE_PKGCONFIG=yes
ac_cv_prog_ac_ct_AR=ar
ac_cv_prog_ac_ct_CC=gcc
ac_cv_prog_ac_ct_CXX=g++
ac_cv_prog_ac_ct_RANLIB=ranlib
ac_cv_prog_ac_ct_STRIP=strip
ac_cv_prog_cc_g=yes
ac_cv_prog_cc_stdc=
ac_cv_prog_cxx_g=yes
ac_cv_prog_egrep='grep -E'
ac_cv_prog_f77_g=no
ac_cv_prog_make__SDK_C_gmake_set=yes
ac_cv_target=powerpc-unknown-amigaos
ac_cv_target_alias=ppc-unknown-amigaos
am_cv_CC_dependencies_compiler_type=none
am_cv_CXX_dependencies_compiler_type=none
lt_cv_deplibs_check_method=unknown
lt_cv_file_magic_cmd='$MAGIC_CMD'
lt_cv_file_magic_test_file=
lt_cv_ld_reload_flag=-r
lt_cv_objdir=.libs
lt_cv_path_LD=ld
lt_cv_path_LDCXX=ld
lt_cv_path_NM='/gcc/bin/nm -B'
lt_cv_path_SED=/SDK/Local/C/sed
lt_cv_prog_compiler_c_o=yes
lt_cv_prog_compiler_c_o_CXX=yes
lt_cv_prog_compiler_rtti_exceptions=no
lt_cv_prog_gnu_ld=yes
lt_cv_prog_gnu_ldcxx=yes
lt_cv_sys_global_symbol_pipe='sed -n -e '\''s/^.*[ 	]\([ABCDGIRSTW][ABCDGIRSTW]*\)[ 	][ 	]*\(\)\([_A-Za-z][_A-Za-z0-9]*\)$/\1 \2\3 \3/p'\'
lt_cv_sys_global_symbol_to_c_name_address='sed -n -e '\''s/^: \([^ ]*\) $/  {\"\1\", (lt_ptr) 0},/p'\'' -e '\''s/^[BCDEGRST] \([^ ]*\) \([^ ]*\)$/  {"\2", (lt_ptr) \&\2},/p'\'
lt_cv_sys_global_symbol_to_cdecl='sed -n -e '\''s/^. .* \(.*\)$/extern int \1;/p'\'
lt_cv_sys_max_cmd_len=262144
lt_lt_cv_prog_compiler_c_o='"yes"'
lt_lt_cv_prog_compiler_c_o_CXX='"yes"'
lt_lt_cv_sys_global_symbol_pipe='"sed -n -e '\''s/^.*[ 	]\\([ABCDGIRSTW][ABCDGIRSTW]*\\)[ 	][ 	]*\\(\\)\\([_A-Za-z][_A-Za-z0-9]*\\)\$/\\1 \\2\\3 \\3/p'\''"'
lt_lt_cv_sys_global_symbol_to_c_name_address='"sed -n -e '\''s/^: \\([^ ]*\\) \$/  {\\\"\\1\\\", (lt_ptr) 0},/p'\'' -e '\''s/^[BCDEGRST] \\([^ ]*\\) \\([^ ]*\\)\$/  {\"\\2\", (lt_ptr) \\&\\2},/p'\''"'
lt_lt_cv_sys_global_symbol_to_cdecl='"sed -n -e '\''s/^. .* \\(.*\\)\$/extern int \\1;/p'\''"'

## ----------------- ##
## Output variables. ##
## ----------------- ##

ac_ct_AR='ar'
ac_ct_CC='gcc'
ac_ct_CXX='g++'
ac_ct_F77=''
ac_ct_RANLIB='ranlib'
ac_ct_STRIP='strip'
ACLOCAL='${SHELL} /Scene/Coding/flatzebra-0.1.1/missing --run aclocal-1.7'
am__fastdepCC_FALSE=''
am__fastdepCC_TRUE='#'
am__fastdepCXX_FALSE=''
am__fastdepCXX_TRUE='#'
am__include='include'
am__leading_dot='.'
am__quote=''
AMDEP_FALSE=''
AMDEP_TRUE='#'
AMDEPBACKSLASH=''
AMTAR='${SHELL} /Scene/Coding/flatzebra-0.1.1/missing --run tar'
API='0.1'
AR='ar'
AUTOCONF='${SHELL} /Scene/Coding/flatzebra-0.1.1/missing --run autoconf'
AUTOHEADER='${SHELL} /Scene/Coding/flatzebra-0.1.1/missing --run autoheader'
AUTOMAKE='${SHELL} /Scene/Coding/flatzebra-0.1.1/missing --run automake-1.7'
AWK='nawk'
bindir='/SDK/Local/C'
build='powerpc-unknown-amigaos'
build_alias=''
build_cpu='powerpc'
build_os='amigaos'
build_vendor='unknown'
CC='gcc'
CCDEPMODE='depmode=none'
CFLAGS='-mcrt=clib2'
CPP='gcc -E'
CPPFLAGS='-mcrt=clib2'
CXX='g++'
CXXCPP='g++ -E'
CXXDEPMODE='depmode=none'
CXXFLAGS='-mcrt=clib2 -Wall'
CYGPATH_W='echo'
datadir='${prefix}/share'
DEFS='-DPACKAGE_NAME=\"\" -DPACKAGE_TARNAME=\"\" -DPACKAGE_VERSION=\"\" -DPACKAGE_STRING=\"\" -DPACKAGE_BUGREPORT=\"\" -DPACKAGE=\"flatzebra\" -DVERSION=\"0.1.1\" -DSTDC_HEADERS=1 -DHAVE_SYS_TYPES_H=1 -DHAVE_SYS_STAT_H=1 -DHAVE_STDLIB_H=1 -DHAVE_STRING_H=1 -DHAVE_MEMORY_H=1 -DHAVE_STRINGS_H=1 -DHAVE_INTTYPES_H=1 -DHAVE_STDINT_H=1 -DHAVE_UNISTD_H=1 -DHAVE_DLFCN_H=1 '
DEPDIR='.deps'
ECHO='/SDK/Local/C/echo'
ECHO_C=''ECHO_N=''
ECHO_T=''
EGREP='grep -E'
exec_prefix='${prefix}'
EXEEXT=''
F77=''
FFLAGS=''
HAVE_PKGCONFIG='yes'
host='powerpc-unknown-amigaos'
host_alias=''
host_cpu='powerpc'
host_os='amigaos'
host_vendor='unknown'
includedir='${prefix}/include'
infodir='${prefix}/info'
INSTALL_DATA='${INSTALL} -m 644'
INSTALL_PROGRAM='${INSTALL}'
INSTALL_SCRIPT='${INSTALL}'
install_sh='/Scene/Coding/flatzebra-0.1.1/install-sh'
INSTALL_STRIP_PROGRAM='${SHELL} $(install_sh) -c -s'
LDFLAGS='-mcrt=clib2'
libdir='/SDK/Local/clib2/lib'
libexecdir='${exec_prefix}/libexec'
LIBOBJS=''
LIBS='-L/SDK/local/newlib/lib -lSDL -lm -mcrt=newlib -lSDL_gfx -lSDL_net -lSDL_image -ltiff -lpng -ljpeg -lz -lSDL_mixer -lsmpeg -lm -lvorbisfile -lvorbis -logg -lstdc++ -lSDL_ttf -lfreetype -lz -lsdlmain -lsdl -lauto -lpthread -lm -lunix '
LIBTOOL='$(SHELL) $(top_builddir)/libtool'
LN_S='ln -s'
localstatedir='${prefix}/var'
LTLIBOBJS=''
MAKEINFO='${SHELL} /Scene/Coding/flatzebra-0.1.1/missing --run makeinfo'
mandir='${prefix}/man'
MINVER_SDL='1.2.4'
MINVER_SDL_IMAGE='1.2.2'
MINVER_SDL_MIXER='1.2.4'
OBJEXT='o'
oldincludedir='/usr/include'
PACKAGE='flatzebra'
PACKAGE_BUGREPORT=''
PACKAGE_FULL_NAME='FlatZebra'
PACKAGE_NAME=''
PACKAGE_STRING=''
PACKAGE_SUMMARY_EN='Generic Game Engine library for 2D double-buffering animation'
PACKAGE_SUMMARY_FR='Moteur générique de jeu vidéo 2D à double tampon'
PACKAGE_TARNAME=''
PACKAGE_VERSION=''
PATH_SEPARATOR=':'
prefix='/SDK/Local'
program_transform_name='s,x,x,'
RANLIB='ranlib'
RELEASE='1'
sbindir='${exec_prefix}/sbin'
SDL_CFLAGS='-I/SDK/local/newlib/include/SDL -D_GNU_SOURCE=1'
SDL_CONFIG='/SDK/C/sdl-config'
SDL_LIBS='-L/SDK/local/newlib/lib -lSDL -lm'
SET_MAKE=''
sharedstatedir='${prefix}/com'
SHELL='/bin/sh'
STRIP='strip'
sysconfdir='${prefix}/etc'
target='powerpc-unknown-amigaos'
target_alias=''
target_cpu='powerpc'
target_os='amigaos'
target_vendor='unknown'
VERSION='0.1.1'

## ----------- ##
## confdefs.h. ##
## ----------- ##

#define HAVE_DLFCN_H 1
#define HAVE_INTTYPES_H 1
#define HAVE_MEMORY_H 1
#define HAVE_STDINT_H 1
#define HAVE_STDLIB_H 1
#define HAVE_STRING_H 1
#define HAVE_STRINGS_H 1
#define HAVE_SYS_STAT_H 1
#define HAVE_SYS_TYPES_H 1
#define HAVE_UNISTD_H 1
#define PACKAGE "flatzebra"
#define PACKAGE_BUGREPORT ""
#define PACKAGE_NAME ""
#define PACKAGE_STRING ""
#define PACKAGE_TARNAME ""
#define PACKAGE_VERSION ""
#define STDC_HEADERS 1
#define VERSION "0.1.1"
#endif
#ifdef __cplusplus
#include <stdlib.h>

configure: exit 0
