This file contains any messages produced by compilers while
running configure, to aid debugging if configure makes a mistake.

configure:582: checking host system type
configure:674: checking whether make sets ${MAKE}
configure:713: checking for a BSD compatible install
configure:836: checking build system type
configure:856: checking for ranlib
configure:886: checking for gcc
configure:999: checking whether the C compiler (gcc  ) works
configure:1015: gcc -o conftest    conftest.c  1>&5
configure:1041: checking whether the C compiler (gcc  ) is a cross-compiler
configure:1046: checking whether we are using GNU C
configure:1055: gcc -E conftest.c
configure:1074: checking whether gcc accepts -g
configure:1117: checking for ld used by GCC
configure:1179: checking if the linker (/gg/m68k-amigaos/bin/ld) is GNU ld
GNU ld version 2.9.1 (with BFD 2.9.1)
configure:1195: checking for BSD-compatible nm
configure:1231: checking whether ln -s works
ltconfig:603: checking for object suffix
ltconfig:604: gcc -c -g -O2  conftest.c 1>&5
ltconfig:629: checking for executable suffix
ltconfig:630: gcc -o conftest -g -O2   conftest.c  1>&5
ltconfig:776: checking if gcc PIC flag -m68020 -resident32 -malways-restore-a4 works
ltconfig:777: gcc -c -g -O2 -m68020 -resident32 -malways-restore-a4 -DPIC  conftest.c 1>&5
ltconfig:829: checking if gcc supports -c -o file.o
ltconfig:830: gcc -c -g -O2 -o out/conftest2.o  conftest.c 1>&5
ltconfig:862: checking if gcc supports -c -o file.lo
ltconfig:863: gcc -c -g -O2 -c -o conftest.lo  conftest.c 1>&5
ltconfig:914: checking if gcc supports -fno-rtti -fno-exceptions
ltconfig:915: gcc -c -g -O2 -fno-rtti -fno-exceptions -c conftest.c  conftest.c 1>&5
ltconfig:958: checking if gcc static flag -static works
ltconfig:959: gcc -o conftest -g -O2   -static conftest.c  1>&5
GNU ld version 2.9.1 (with BFD 2.9.1)
ltconfig:1653: checking if global_symbol_pipe works
ltconfig:1654: gcc -c -g -O2  conftest.c 1>&5
ltconfig:1657: eval "/bin/nm conftest.o | sed -n -e 's/^.*[ 	]\([ABCDGISTW]\)[ 	][ 	]*\(\)\([_A-Za-z][_A-Za-z0-9]*\)$/\1 \2\3 \3/p' > conftest.nm"
cannot find nm_test_var in conftest.nm
ltconfig:1653: checking if global_symbol_pipe works
ltconfig:1654: gcc -c -g -O2  conftest.c 1>&5
ltconfig:1657: eval "/bin/nm conftest.o | sed -n -e 's/^.*[ 	]\([ABCDGISTW]\)[ 	][ 	]*\(_\)\([_A-Za-z][_A-Za-z0-9]*\)$/\1 \2\3 \3/p' > conftest.nm"
ltconfig:1709: gcc -o conftest -g -O2 -fno-builtin -fno-rtti -fno-exceptions   conftest.c conftstm.o 1>&5
configure:1424: checking for gcc
configure:1537: checking whether the C compiler (gcc -g -O2 ) works
configure:1553: gcc -o conftest -g -O2   conftest.c  1>&5
configure:1579: checking whether the C compiler (gcc -g -O2 ) is a cross-compiler
configure:1584: checking whether we are using GNU C
configure:1612: checking whether gcc accepts -g
configure:1657: checking how to run the C preprocessor
configure:1678: gcc -E  conftest.c >/dev/null 2>conftest.out
configure:1737: checking for AIX
configure:1769: checking for gcc option to accept ANSI C
configure:1802: gcc  -c -g -O2  conftest.c 1>&5
configure:1824: checking for function prototypes
configure:1984: checking for working const
configure:2038: gcc -c -g -O2  conftest.c 1>&5
configure:2059: checking for inline
configure:2073: gcc -c -g -O2  conftest.c 1>&5
configure:2099: checking for size_t
configure:2132: checking for pid_t
configure:2165: checking whether byte ordering is bigendian
configure:2183: gcc -c -g -O2  conftest.c 1>&5
configure:2198: gcc -c -g -O2  conftest.c 1>&5
configure:2257: checking size of long
configure:2277: gcc -o conftest -g -O2   conftest.c  1>&5
configure:2297: checking size of long long
configure:2317: gcc -o conftest -g -O2   conftest.c  1>&5
configure:2341: checking for string.h
configure:2351: gcc -E  conftest.c >/dev/null 2>conftest.out
configure:2341: checking for stdarg.h
configure:2351: gcc -E  conftest.c >/dev/null 2>conftest.out
configure:2341: checking for unistd.h
configure:2351: gcc -E  conftest.c >/dev/null 2>conftest.out
configure:2341: checking for sys/time.h
configure:2351: gcc -E  conftest.c >/dev/null 2>conftest.out
configure:2341: checking for utime.h
configure:2351: gcc -E  conftest.c >/dev/null 2>conftest.out
configure:2341: checking for sys/utime.h
configure:2351: gcc -E  conftest.c >/dev/null 2>conftest.out
configure:2347: sys/utime.h: No such file or directory
configure: failed program was:
#line 2346 "configure"
#include "confdefs.h"
#include <sys/utime.h>
configure:2381: checking for sys/select.h
configure:2391: gcc -E  conftest.c >/dev/null 2>conftest.out
configure:2387: sys/select.h: No such file or directory
configure: failed program was:
#line 2386 "configure"
#include "confdefs.h"
#include <sys/select.h>
configure:2381: checking for sys/utsname.h
configure:2391: gcc -E  conftest.c >/dev/null 2>conftest.out
configure:2381: checking for pwd.h
configure:2391: gcc -E  conftest.c >/dev/null 2>conftest.out
configure:2381: checking for signal.h
configure:2391: gcc -E  conftest.c >/dev/null 2>conftest.out
configure:2418: checking whether time.h and sys/time.h may both be included
configure:2432: gcc -c -g -O2  conftest.c 1>&5
configure:2454: checking return type of signal handlers
configure:2476: gcc -c -g -O2  conftest.c 1>&5
configure:2496: checking for struct utimbuf
configure:2524: checking for working alloca.h
configure:2536: gcc -o conftest -g -O2   conftest.c  1>&5
configure:2557: checking for alloca
configure:2590: gcc -o conftest -g -O2   conftest.c  1>&5
configure:2759: checking for unistd.h
configure:2798: checking for getpagesize
configure:2826: gcc -o conftest -g -O2   conftest.c  1>&5
configure:2851: checking for working mmap
configure:2999: gcc -o conftest -g -O2   conftest.c  1>&5
configure: failed program was:
#line 2859 "configure"
#include "confdefs.h"

/* Thanks to Mike Haertel and Jim Avera for this test.
   Here is a matrix of mmap possibilities:
	mmap private not fixed
	mmap private fixed at somewhere currently unmapped
	mmap private fixed at somewhere already mapped
	mmap shared not fixed
	mmap shared fixed at somewhere currently unmapped
	mmap shared fixed at somewhere already mapped
   For private mappings, we should verify that changes cannot be read()
   back from the file, nor mmap's back from the file at a different
   address.  (There have been systems where private was not correctly
   implemented like the infamous i386 svr4.0, and systems where the
   VM page cache was not coherent with the filesystem buffer cache
   like early versions of FreeBSD and possibly contemporary NetBSD.)
   For shared mappings, we should conversely verify that changes get
   propogated back to all the places they're supposed to be.

   Grep wants private fixed already mapped.
   The main things grep needs to know about mmap are:
   * does it exist and is it safe to write into the mmap'd area
   * how to use it (BSD variants)  */
#include <sys/types.h>
#include <fcntl.h>
#include <sys/mman.h>

/* This mess was copied from the GNU getpagesize.h.  */
#ifndef HAVE_GETPAGESIZE
# ifdef HAVE_UNISTD_H
#  include <unistd.h>
# endif

/* Assume that all systems that can run configure have sys/param.h.  */
# ifndef HAVE_SYS_PARAM_H
#  define HAVE_SYS_PARAM_H 1
# endif

# ifdef _SC_PAGESIZE
#  define getpagesize() sysconf(_SC_PAGESIZE)
# else /* no _SC_PAGESIZE */
#  ifdef HAVE_SYS_PARAM_H
#   include <sys/param.h>
#   ifdef EXEC_PAGESIZE
#    define getpagesize() EXEC_PAGESIZE
#   else /* no EXEC_PAGESIZE */
#    ifdef NBPG
#     define getpagesize() NBPG * CLSIZE
#     ifndef CLSIZE
#      define CLSIZE 1
#     endif /* no CLSIZE */
#    else /* no NBPG */
#     ifdef NBPC
#      define getpagesize() NBPC
#     else /* no NBPC */
#      ifdef PAGESIZE
#       define getpagesize() PAGESIZE
#      endif /* PAGESIZE */
#     endif /* no NBPC */
#    endif /* no NBPG */
#   endif /* no EXEC_PAGESIZE */
#  else /* no HAVE_SYS_PARAM_H */
#   define getpagesize() 8192	/* punt totally */
#  endif /* no HAVE_SYS_PARAM_H */
# endif /* no _SC_PAGESIZE */

#endif /* no HAVE_GETPAGESIZE */

#ifdef __cplusplus
extern "C" { void *malloc(unsigned); }
#else
char *malloc();
#endif

int
main()
{
	char *data, *data2, *data3;
	int i, pagesize;
	int fd;

	pagesize = getpagesize();

	/*
	 * First, make a file with some known garbage in it.
	 */
	data = malloc(pagesize);
	if (!data)
		exit(1);
	for (i = 0; i < pagesize; ++i)
		*(data + i) = rand();
	umask(0);
	fd = creat("conftestmmap", 0600);
	if (fd < 0)
		exit(1);
	if (write(fd, data, pagesize) != pagesize)
		exit(1);
	close(fd);

	/*
	 * Next, try to mmap the file at a fixed address which
	 * already has something else allocated at it.  If we can,
	 * also make sure that we see the same garbage.
	 */
	fd = open("conftestmmap", O_RDWR);
	if (fd < 0)
		exit(1);
	data2 = malloc(2 * pagesize);
	if (!data2)
		exit(1);
	data2 += (pagesize - ((int) data2 & (pagesize - 1))) & (pagesize - 1);
	if (data2 != mmap(data2, pagesize, PROT_READ | PROT_WRITE,
	    MAP_PRIVATE | MAP_FIXED, fd, 0L))
		exit(1);
	for (i = 0; i < pagesize; ++i)
		if (*(data + i) != *(data2 + i))
			exit(1);

	/*
	 * Finally, make sure that changes to the mapped area
	 * do not percolate back to the file as seen by read().
	 * (This is a bug on some variants of i386 svr4.0.)
	 */
	for (i = 0; i < pagesize; ++i)
		*(data2 + i) = *(data2 + i) + 1;
	data3 = malloc(pagesize);
	if (!data3)
		exit(1);
	if (read(fd, data3, pagesize) != pagesize)
		exit(1);
	for (i = 0; i < pagesize; ++i)
		if (*(data + i) != *(data3 + i))
			exit(1);
	close(fd);
	unlink("conftestmmap");
	exit(0);
}

configure:3024: checking for strdup
configure:3052: gcc -o conftest -g -O2   conftest.c  1>&5
configure:3024: checking for strstr
configure:3052: gcc -o conftest -g -O2   conftest.c  1>&5
configure:3024: checking for strcasecmp
configure:3052: gcc -o conftest -g -O2   conftest.c  1>&5
configure:3024: checking for strncasecmp
configure:3052: gcc -o conftest -g -O2   conftest.c  1>&5
configure:3079: checking for gettimeofday
configure:3107: gcc -o conftest -g -O2   conftest.c  1>&5
configure:3079: checking for mktime
configure:3107: gcc -o conftest -g -O2   conftest.c  1>&5
configure:3079: checking for strptime
configure:3107: gcc -o conftest -g -O2   conftest.c  1>&5
/t/ccLfphAo.o: In function `main':
/WarEz/develope/ADE/home/louise/Porting/wget-1.7/configure:3101: undefined reference to `strptime'
collect2: ld returned 1 exit status
configure: failed program was:
#line 3084 "configure"
#include "confdefs.h"
/* System header to define __stub macros and hopefully few prototypes,
    which can conflict with char strptime(); below.  */
#include <assert.h>
/* Override any gcc2 internal prototype to avoid an error.  */
/* We use char because int might match the return type of a gcc2
    builtin and then its argument prototype would still apply.  */
char strptime();

int main() {

/* The GNU C library defines this for functions which it implements
    to always fail with ENOSYS.  Some functions are actually named
    something starting with __ and the normal name is an alias.  */
#if defined (__stub_strptime) || defined (__stub___strptime)
choke me
#else
strptime();
#endif

; return 0; }
configure:3134: checking for strerror
configure:3162: gcc -o conftest -g -O2   conftest.c  1>&5
configure:3134: checking for snprintf
configure:3162: gcc -o conftest -g -O2   conftest.c  1>&5
configure:3134: checking for vsnprintf
configure:3162: gcc -o conftest -g -O2   conftest.c  1>&5
configure:3134: checking for select
configure:3162: gcc -o conftest -g -O2   conftest.c  1>&5
configure:3134: checking for signal
configure:3162: gcc -o conftest -g -O2   conftest.c  1>&5
configure:3134: checking for symlink
configure:3162: gcc -o conftest -g -O2   conftest.c  1>&5
configure:3134: checking for access
configure:3162: gcc -o conftest -g -O2   conftest.c  1>&5
configure:3134: checking for isatty
configure:3162: gcc -o conftest -g -O2   conftest.c  1>&5
configure:3189: checking for uname
configure:3217: gcc -o conftest -g -O2   conftest.c  1>&5
configure:3189: checking for gethostname
configure:3217: gcc -o conftest -g -O2   conftest.c  1>&5
configure:3245: checking for gethostbyname
configure:3273: gcc -o conftest -g -O2   conftest.c  1>&5
configure:3348: checking for socket in -lsocket
configure:3367: gcc -o conftest -g -O2   conftest.c -lsocket   1>&5
/gg/m68k-amigaos/bin/ld: cannot open -lsocket: No such file or directory
collect2: ld returned 1 exit status
configure: failed program was:
#line 3356 "configure"
#include "confdefs.h"
/* Override any gcc2 internal prototype to avoid an error.  */
/* We use char because int might match the return type of a gcc2
    builtin and then its argument prototype would still apply.  */
char socket();

int main() {
socket()
; return 0; }
configure:3491: checking for runtime libraries flag
configure:3508: gcc -o conftest -g -O2  -R/no/such/file-or-directory  conftest.c  1>&5
gcc: unrecognized option `-R/no/such/file-or-directory'
configure:3815: checking whether NLS is requested
configure:3832: checking for msgfmt
configure:3866: checking for xgettext
configure:3901: checking for gmsgfmt
configure:3951: checking for locale.h
configure:3961: gcc -E  conftest.c >/dev/null 2>conftest.out
configure:3951: checking for libintl.h
configure:3961: gcc -E  conftest.c >/dev/null 2>conftest.out
configure:3991: checking for gettext
configure:4019: gcc -o conftest -g -O2   conftest.c  1>&5
/t/cckTnHSO.o: In function `main':
/WarEz/develope/ADE/home/louise/Porting/wget-1.7/configure:4013: undefined reference to `gettext'
collect2: ld returned 1 exit status
configure: failed program was:
#line 3996 "configure"
#include "confdefs.h"
/* System header to define __stub macros and hopefully few prototypes,
    which can conflict with char gettext(); below.  */
#include <assert.h>
/* Override any gcc2 internal prototype to avoid an error.  */
/* We use char because int might match the return type of a gcc2
    builtin and then its argument prototype would still apply.  */
char gettext();

int main() {

/* The GNU C library defines this for functions which it implements
    to always fail with ENOSYS.  Some functions are actually named
    something starting with __ and the normal name is an alias.  */
#if defined (__stub_gettext) || defined (__stub___gettext)
choke me
#else
gettext();
#endif

; return 0; }
configure:4041: checking for gettext in -lintl
configure:4060: gcc -o conftest -g -O2   conftest.c -lintl   1>&5
configure:4128: checking for makeinfo
configure:4170: checking for perl5
configure:4170: checking for perl
configure:4209: checking for pod2man
