This file contains any messages produced by compilers while
running configure, to aid debugging if configure makes a mistake.

configure:570: checking host system type
configure:655: checking whether make sets ${MAKE}
configure:694: checking for a BSD compatible install
configure:754: checking for gcc
configure:867: checking whether the C compiler (gcc  ) works
configure:883: gcc -o conftest    conftest.c  1>&5
configure:909: checking whether the C compiler (gcc  ) is a cross-compiler
configure:914: checking whether we are using GNU C
configure:923: gcc -E conftest.c
configure:942: checking whether gcc accepts -g
configure:987: checking how to run the C preprocessor
configure:1067: checking for AIX
configure:1099: checking for gcc option to accept ANSI C
configure:1133: gcc  -c  -O2 -Wall -Wno-implicit  conftest.c 1>&5
configure:1155: checking for function prototypes
configure:1315: checking for working const
configure:1369: gcc -c  -O2 -Wall -Wno-implicit  conftest.c 1>&5
configure: In function `main':
configure:1343: warning: unused variable `s'
configure:1363: warning: unused variable `foo'
configure:1331: warning: unused variable `zero'
configure:1325: warning: unused variable `x'
configure:1342: warning: `t' might be used uninitialized in this function
configure:1360: warning: `b' might be used uninitialized in this function
configure:1390: checking for size_t
configure:1423: checking for pid_t
configure:1456: checking whether byte ordering is bigendian
configure:1474: gcc -c  -O2 -Wall -Wno-implicit  conftest.c 1>&5
configure:1489: gcc -c  -O2 -Wall -Wno-implicit  conftest.c 1>&5
configure:1548: checking size of long
configure:1567: gcc -o conftest  -O2 -Wall -Wno-implicit   conftest.c  1>&5
configure:1559: warning: return-type defaults to `int'
configure: In function `main':
configure:1562: warning: int format, long int arg (arg 3)
configure:1587: checking size of long long
configure:1606: gcc -o conftest  -O2 -Wall -Wno-implicit   conftest.c  1>&5
configure:1598: warning: return-type defaults to `int'
configure: In function `main':
configure:1601: warning: int format, long int arg (arg 3)
configure:1630: checking for string.h
configure:1640: /bin/cpp  conftest.c >/dev/null 2>conftest.out
configure:1630: checking for stdarg.h
configure:1640: /bin/cpp  conftest.c >/dev/null 2>conftest.out
configure:1630: checking for unistd.h
configure:1640: /bin/cpp  conftest.c >/dev/null 2>conftest.out
configure:1630: checking for sys/time.h
configure:1640: /bin/cpp  conftest.c >/dev/null 2>conftest.out
configure:1630: checking for utime.h
configure:1640: /bin/cpp  conftest.c >/dev/null 2>conftest.out
configure:1630: checking for sys/utime.h
configure:1640: /bin/cpp  conftest.c >/dev/null 2>conftest.out
configure:1636: sys/utime.h: No such file or directory
configure: failed program was:
#line 1635 "configure"
#include "confdefs.h"
#include <sys/utime.h>
configure:1670: checking for sys/select.h
configure:1680: /bin/cpp  conftest.c >/dev/null 2>conftest.out
configure:1676: sys/select.h: No such file or directory
configure: failed program was:
#line 1675 "configure"
#include "confdefs.h"
#include <sys/select.h>
configure:1670: checking for sys/utsname.h
configure:1680: /bin/cpp  conftest.c >/dev/null 2>conftest.out
configure:1670: checking for pwd.h
configure:1680: /bin/cpp  conftest.c >/dev/null 2>conftest.out
configure:1670: checking for signal.h
configure:1680: /bin/cpp  conftest.c >/dev/null 2>conftest.out
configure:1707: checking whether time.h and sys/time.h may both be included
configure:1721: gcc -c  -O2 -Wall -Wno-implicit  conftest.c 1>&5
configure: In function `main':
configure:1717: warning: unused variable `tp'
configure:1743: checking return type of signal handlers
configure:1765: gcc -c  -O2 -Wall -Wno-implicit  conftest.c 1>&5
configure: In function `main':
configure:1761: warning: unused variable `i'
configure:1785: checking for struct utimbuf
configure:1813: checking for working alloca.h
configure:1825: gcc -o conftest  -O2 -Wall -Wno-implicit   conftest.c  1>&5
configure:1819: alloca.h: No such file or directory
configure: failed program was:
#line 1818 "configure"
#include "confdefs.h"
#include <alloca.h>
int main() {
char *p = alloca(2 * sizeof(int));
; return 0; }
configure:1846: checking for alloca
configure:1879: gcc -o conftest  -O2 -Wall -Wno-implicit   conftest.c  1>&5
configure: In function `main':
configure:1875: warning: unused variable `p'
configure:2047: checking for strdup
configure:2075: gcc -o conftest  -O2 -Wall -Wno-implicit   conftest.c  1>&5
configure:2047: checking for strstr
configure:2075: gcc -o conftest  -O2 -Wall -Wno-implicit   conftest.c  1>&5
configure:2047: checking for strcasecmp
configure:2075: gcc -o conftest  -O2 -Wall -Wno-implicit   conftest.c  1>&5
configure:2047: checking for strncasecmp
configure:2075: gcc -o conftest  -O2 -Wall -Wno-implicit   conftest.c  1>&5
configure:2102: checking for gettimeofday
configure:2130: gcc -o conftest  -O2 -Wall -Wno-implicit   conftest.c  1>&5
configure:2102: checking for mktime
configure:2130: gcc -o conftest  -O2 -Wall -Wno-implicit   conftest.c  1>&5
configure:2102: checking for strptime
configure:2130: gcc -o conftest  -O2 -Wall -Wno-implicit   conftest.c  1>&5
/t/ccrhKZRJ.o(.text+0xc): undefined reference to `strptime'
collect2: ld returned 1 exit status
configure: failed program was:
#line 2107 "configure"
#include "confdefs.h"
/* System header to define __stub macros and hopefully few prototypes,
    which can conflict with char strptime(); below.  */
#include <assert.h>
/* Override any gcc2 internal prototype to avoid an error.  */
/* We use char because int might match the return type of a gcc2
    builtin and then its argument prototype would still apply.  */
char strptime();

int main() {

/* The GNU C library defines this for functions which it implements
    to always fail with ENOSYS.  Some functions are actually named
    something starting with __ and the normal name is an alias.  */
#if defined (__stub_strptime) || defined (__stub___strptime)
choke me
#else
strptime();
#endif

; return 0; }
configure:2157: checking for strerror
configure:2185: gcc -o conftest  -O2 -Wall -Wno-implicit   conftest.c  1>&5
configure:2157: checking for snprintf
configure:2185: gcc -o conftest  -O2 -Wall -Wno-implicit   conftest.c  1>&5
configure:2157: checking for vsnprintf
configure:2185: gcc -o conftest  -O2 -Wall -Wno-implicit   conftest.c  1>&5
configure:2157: checking for select
configure:2185: gcc -o conftest  -O2 -Wall -Wno-implicit   conftest.c  1>&5
configure:2157: checking for signal
configure:2185: gcc -o conftest  -O2 -Wall -Wno-implicit   conftest.c  1>&5
configure:2157: checking for symlink
configure:2185: gcc -o conftest  -O2 -Wall -Wno-implicit   conftest.c  1>&5
configure:2157: checking for access
configure:2185: gcc -o conftest  -O2 -Wall -Wno-implicit   conftest.c  1>&5
configure:2157: checking for isatty
configure:2185: gcc -o conftest  -O2 -Wall -Wno-implicit   conftest.c  1>&5
configure:2212: checking for uname
configure:2240: gcc -o conftest  -O2 -Wall -Wno-implicit   conftest.c  1>&5
configure:2212: checking for gethostname
configure:2240: gcc -o conftest  -O2 -Wall -Wno-implicit   conftest.c  1>&5
configure:2268: checking for gethostbyname
configure:2296: gcc -o conftest  -O2 -Wall -Wno-implicit   conftest.c  1>&5
configure:2371: checking for socket in -lsocket
configure:2390: gcc -o conftest  -O2 -Wall -Wno-implicit   conftest.c -lsocket   1>&5
/gg/m68k-amigaos/bin/ld: cannot open -lsocket: No such file or directory
collect2: ld returned 1 exit status
configure: failed program was:
#line 2379 "configure"
#include "confdefs.h"
/* Override any gcc2 internal prototype to avoid an error.  */
/* We use char because int might match the return type of a gcc2
    builtin and then its argument prototype would still apply.  */
char socket();

int main() {
socket()
; return 0; }
configure:2516: checking whether NLS is requested
configure:2533: checking for msgfmt
configure:2567: checking for xgettext
configure:2602: checking for gmsgfmt
configure:2652: checking for locale.h
configure:2662: /bin/cpp  conftest.c >/dev/null 2>conftest.out
configure:2652: checking for libintl.h
configure:2662: /bin/cpp  conftest.c >/dev/null 2>conftest.out
configure:2692: checking for gettext
configure:2720: gcc -o conftest  -O2 -Wall -Wno-implicit   conftest.c  1>&5
/t/ccBEOJ5o.o(.text+0xc): undefined reference to `gettext'
collect2: ld returned 1 exit status
configure: failed program was:
#line 2697 "configure"
#include "confdefs.h"
/* System header to define __stub macros and hopefully few prototypes,
    which can conflict with char gettext(); below.  */
#include <assert.h>
/* Override any gcc2 internal prototype to avoid an error.  */
/* We use char because int might match the return type of a gcc2
    builtin and then its argument prototype would still apply.  */
char gettext();

int main() {

/* The GNU C library defines this for functions which it implements
    to always fail with ENOSYS.  Some functions are actually named
    something starting with __ and the normal name is an alias.  */
#if defined (__stub_gettext) || defined (__stub___gettext)
choke me
#else
gettext();
#endif

; return 0; }
configure:2742: checking for gettext in -lintl
configure:2761: gcc -o conftest  -O2 -Wall -Wno-implicit   conftest.c -lintl   1>&5
configure:2829: checking for makeinfo
configure:2829: checking for emacs
configure:2829: checking for xemacs
