This file contains any messages produced by compilers while
running configure, to aid debugging if configure makes a mistake.

It was created by include/aedGui.h configure 0.1.8a, which was
generated by GNU Autoconf 2.57.  Invocation command line was

  $ configure --disable-dependency-tracking --bindir=/SDK/Local/C --prefix=/SDK/Local --libdir=/SDK/Local/clib2/lib --includedir=/SDK/Local/common/include CFLAGS=-mcrt=clib2 CXXFLAGS=-mcrt=clib2 CPPFLAGS=-DMINIGL LIBS=-lunix LDFLAGS=-mcrt=clib2

## --------- ##
## Platform. ##
## --------- ##

hostname = localhost
uname -m = ppc
uname -r = 51.4
uname -s = AmigaOS
uname -v = 4.0

/usr/bin/uname -p = unknown
/bin/uname -X     = unknown

/bin/arch              = unknown
/usr/bin/arch -k       = unknown
/usr/convex/getsysinfo = unknown
hostinfo               = unknown
/bin/machine           = unknown
/usr/bin/oslevel       = unknown
/bin/universe          = unknown

PATH: /gcc/bin
PATH: /SDK/C
PATH: /SDK/Local/C
PATH: /SDK/Local/clib2/bin
PATH: /C
PATH: .


## ----------- ##
## Core tests. ##
## ----------- ##

configure:1403: creating cache /dev/null
configure:1523: checking build system type
configure:1541: result: powerpc-unknown-amigaos
configure:1549: checking host system type
configure:1563: result: powerpc-unknown-amigaos
configure:1571: checking target system type
configure:1585: result: powerpc-unknown-amigaos
configure:1613: checking for a BSD-compatible install
configure:1667: result: /SDK/Local/C/ginstall -c
configure:1678: checking whether build environment is sane
configure:1721: result: yes
configure:1754: checking for gawk
configure:1783: result: no
configure:1754: checking for mawk
configure:1783: result: no
configure:1754: checking for nawk
configure:1770: found /SDK/Local/C/nawk
configure:1780: result: nawk
configure:1790: checking whether /SDK/C/gmake sets $(MAKE)
configure:1810: result: yes
configure:2067: checking for style of include used by /SDK/C/gmake
configure:2095: result: GNU
configure:2166: checking for gcc
configure:2182: found /gcc/bin/gcc
configure:2192: result: gcc
configure:2436: checking for C compiler version
configure:2439: gcc --version </dev/null >&5
gcc (GCC) 4.0.2 (AmigaOS build 20051012)
Copyright (C) 2005 Free Software Foundation, Inc.
This is free software; see the source for copying conditions.  There is NO
warranty; not even for MERCHANTABILITY or FITNESS FOR A PARTICULAR PURPOSE.

configure:2442: $? = 0
configure:2444: gcc -v </dev/null >&5
Reading specs from Bub:SDK/gcc/bin/../lib/gcc/ppc-amigaos/4.0.2/specs
Target: ppc-amigaos
Configured with: ../gcc-4.0.2/configure --host=ppc-amigaos --target=ppc-amigaos --build=i686-cygwin --prefix=/gcc --enable-languages=c,c++,objc --enable-haifa --enable-sjlj-exceptions --disable-shared --disable-libstdcxx-pch
Thread model: single
gcc version 4.0.2 (AmigaOS build 20051012)
configure:2447: $? = 0
configure:2449: gcc -V </dev/null >&5
gcc: '-V' option must have argument
configure:2452: $? = 1
configure:2476: checking for C compiler default output
configure:2479: gcc -mcrt=clib2 -DMINIGL -mcrt=clib2 conftest.c -lunix >&5
configure:2482: $? = 0
configure:2528: result: a.out
configure:2533: checking whether the C compiler works
configure:2539: ./a.out
configure:2542: $? = 0
configure:2559: result: yes
configure:2566: checking whether we are cross compiling
configure:2568: result: no
configure:2571: checking for suffix of executables
configure:2573: gcc -o conftest -mcrt=clib2 -DMINIGL -mcrt=clib2 conftest.c -lunix >&5
configure:2576: $? = 0
configure:2601: result: 
configure:2607: checking for suffix of object files
configure:2629: gcc -c -mcrt=clib2 -DMINIGL conftest.c >&5
configure:2632: $? = 0
configure:2654: result: o
configure:2658: checking whether we are using the GNU C compiler
configure:2683: gcc -c -mcrt=clib2 -DMINIGL conftest.c >&5
configure:2686: $? = 0
configure:2689: test -s conftest.o
configure:2692: $? = 0
configure:2705: result: yes
configure:2711: checking whether gcc accepts -g
configure:2733: gcc -c -g -DMINIGL conftest.c >&5
configure:2736: $? = 0
configure:2739: test -s conftest.o
configure:2742: $? = 0
configure:2753: result: yes
configure:2770: checking for gcc option to accept ANSI C
configure:2831: gcc  -c -mcrt=clib2 -DMINIGL conftest.c >&5
configure:2834: $? = 0
configure:2837: test -s conftest.o
configure:2840: $? = 0
configure:2858: result: none needed
configure:2876: gcc -c -mcrt=clib2 -DMINIGL conftest.c >&5
conftest.c:2: error: syntax error before 'me'
configure:2879: $? = 1
configure: failed program was:
| #ifndef __cplusplus
|   choke me
| #endif
configure:2990: checking dependency style of gcc
configure:3058: result: none
configure:3075: checking for a sed that does not truncate output
configure:3129: result: /SDK/Local/C/sed
configure:3132: checking for egrep
configure:3142: result: grep -E
configure:3158: checking for ld used by gcc
configure:3225: result: ld
configure:3234: checking if the linker (ld) is GNU ld
configure:3249: result: yes
configure:3254: checking for ld option to reload object files
configure:3261: result: -r
configure:3270: checking for BSD-compatible nm
configure:3312: result: /gcc/bin/nm -B
configure:3316: checking whether ln -s works
configure:3320: result: yes
configure:3327: checking how to recognise dependent libraries
configure:3528: result: unknown
configure:3974: checking how to run the C preprocessor
configure:4010: gcc -E -DMINIGL conftest.c
configure:4016: $? = 0
configure:4048: gcc -E -DMINIGL conftest.c
configure:4049:28: error: ac_nonexistent.h: No such file or directory
configure:4054: $? = 1
configure: failed program was:
| #line 4039 "configure"
| /* confdefs.h.  */
| 
| #define PACKAGE_NAME "include/aedGui.h"
| #define PACKAGE_TARNAME "include-aedgui-h"
| #define PACKAGE_VERSION "0.1.8a"
| #define PACKAGE_STRING "include/aedGui.h 0.1.8a"
| #define PACKAGE_BUGREPORT "aedgui-developers@lists.sourceforge.net"
| #define PACKAGE "aedGUI"
| #define VERSION "0.1.8a"
| /* end confdefs.h.  */
| #include <ac_nonexistent.h>
configure:4092: result: gcc -E
configure:4117: gcc -E -DMINIGL conftest.c
configure:4123: $? = 0
configure:4155: gcc -E -DMINIGL conftest.c
configure:4156:28: error: ac_nonexistent.h: No such file or directory
configure:4161: $? = 1
configure: failed program was:
| #line 4146 "configure"
| /* confdefs.h.  */
| 
| #define PACKAGE_NAME "include/aedGui.h"
| #define PACKAGE_TARNAME "include-aedgui-h"
| #define PACKAGE_VERSION "0.1.8a"
| #define PACKAGE_STRING "include/aedGui.h 0.1.8a"
| #define PACKAGE_BUGREPORT "aedgui-developers@lists.sourceforge.net"
| #define PACKAGE "aedGUI"
| #define VERSION "0.1.8a"
| /* end confdefs.h.  */
| #include <ac_nonexistent.h>
configure:4204: checking for ANSI C header files
configure:4230: gcc -c -mcrt=clib2 -DMINIGL conftest.c >&5
configure:4233: $? = 0
configure:4236: test -s conftest.o
configure:4239: $? = 0
configure:4331: gcc -o conftest -mcrt=clib2 -DMINIGL -mcrt=clib2 conftest.c -lunix >&5
configure: In function 'main':
configure:4326: warning: incompatible implicit declaration of built-in function 'exit'
configure:4334: $? = 0
configure:4336: ./conftest
configure:4339: $? = 0
configure:4354: result: yes
configure:4378: checking for sys/types.h
configure:4395: gcc -c -mcrt=clib2 -DMINIGL conftest.c >&5
configure:4398: $? = 0
configure:4401: test -s conftest.o
configure:4404: $? = 0
configure:4415: result: yes
configure:4378: checking for sys/stat.h
configure:4395: gcc -c -mcrt=clib2 -DMINIGL conftest.c >&5
configure:4398: $? = 0
configure:4401: test -s conftest.o
configure:4404: $? = 0
configure:4415: result: yes
configure:4378: checking for stdlib.h
configure:4395: gcc -c -mcrt=clib2 -DMINIGL conftest.c >&5
configure:4398: $? = 0
configure:4401: test -s conftest.o
configure:4404: $? = 0
configure:4415: result: yes
configure:4378: checking for string.h
configure:4395: gcc -c -mcrt=clib2 -DMINIGL conftest.c >&5
configure:4398: $? = 0
configure:4401: test -s conftest.o
configure:4404: $? = 0
configure:4415: result: yes
configure:4378: checking for memory.h
configure:4395: gcc -c -mcrt=clib2 -DMINIGL conftest.c >&5
In file included from configure:4433:
SDK:local/common/include/memory.h:1:2: warning: #warning Hey Spot! Exchange memory.h with string.h
configure:4398: $? = 0
configure:4401: test -s conftest.o
configure:4404: $? = 0
configure:4415: result: yes
configure:4378: checking for strings.h
configure:4395: gcc -c -mcrt=clib2 -DMINIGL conftest.c >&5
configure:4398: $? = 0
configure:4401: test -s conftest.o
configure:4404: $? = 0
configure:4415: result: yes
configure:4378: checking for inttypes.h
configure:4395: gcc -c -mcrt=clib2 -DMINIGL conftest.c >&5
configure:4398: $? = 0
configure:4401: test -s conftest.o
configure:4404: $? = 0
configure:4415: result: yes
configure:4378: checking for stdint.h
configure:4395: gcc -c -mcrt=clib2 -DMINIGL conftest.c >&5
configure:4398: $? = 0
configure:4401: test -s conftest.o
configure:4404: $? = 0
configure:4415: result: yes
configure:4378: checking for unistd.h
configure:4395: gcc -c -mcrt=clib2 -DMINIGL conftest.c >&5
configure:4398: $? = 0
configure:4401: test -s conftest.o
configure:4404: $? = 0
configure:4415: result: yes
configure:4441: checking dlfcn.h usability
configure:4454: gcc -c -mcrt=clib2 -DMINIGL conftest.c >&5
configure:4497:19: error: dlfcn.h: No such file or directory
configure:4457: $? = 1
configure: failed program was:
| #line 4443 "configure"
| /* confdefs.h.  */
| 
| #define PACKAGE_NAME "include/aedGui.h"
| #define PACKAGE_TARNAME "include-aedgui-h"
| #define PACKAGE_VERSION "0.1.8a"
| #define PACKAGE_STRING "include/aedGui.h 0.1.8a"
| #define PACKAGE_BUGREPORT "aedgui-developers@lists.sourceforge.net"
| #define PACKAGE "aedGUI"
| #define VERSION "0.1.8a"
| #define STDC_HEADERS 1
| #define HAVE_SYS_TYPES_H 1
| #define HAVE_SYS_STAT_H 1
| #define HAVE_STDLIB_H 1
| #define HAVE_STRING_H 1
| #define HAVE_MEMORY_H 1
| #define HAVE_STRINGS_H 1
| #define HAVE_INTTYPES_H 1
| #define HAVE_STDINT_H 1
| #define HAVE_UNISTD_H 1
| /* end confdefs.h.  */
| #include <stdio.h>
| #if HAVE_SYS_TYPES_H
| # include <sys/types.h>
| #endif
| #if HAVE_SYS_STAT_H
| # include <sys/stat.h>
| #endif
| #if STDC_HEADERS
| # include <stdlib.h>
| # include <stddef.h>
| #else
| # if HAVE_STDLIB_H
| #  include <stdlib.h>
| # endif
| #endif
| #if HAVE_STRING_H
| # if !STDC_HEADERS && HAVE_MEMORY_H
| #  include <memory.h>
| # endif
| # include <string.h>
| #endif
| #if HAVE_STRINGS_H
| # include <strings.h>
| #endif
| #if HAVE_INTTYPES_H
| # include <inttypes.h>
| #else
| # if HAVE_STDINT_H
| #  include <stdint.h>
| # endif
| #endif
| #if HAVE_UNISTD_H
| # include <unistd.h>
| #endif
| #include <dlfcn.h>
configure:4473: result: no
configure:4477: checking dlfcn.h presence
configure:4488: gcc -E -DMINIGL conftest.c
configure:4499:19: error: dlfcn.h: No such file or directory
configure:4494: $? = 1
configure: failed program was:
| #line 4479 "configure"
| /* confdefs.h.  */
| 
| #define PACKAGE_NAME "include/aedGui.h"
| #define PACKAGE_TARNAME "include-aedgui-h"
| #define PACKAGE_VERSION "0.1.8a"
| #define PACKAGE_STRING "include/aedGui.h 0.1.8a"
| #define PACKAGE_BUGREPORT "aedgui-developers@lists.sourceforge.net"
| #define PACKAGE "aedGUI"
| #define VERSION "0.1.8a"
| #define STDC_HEADERS 1
| #define HAVE_SYS_TYPES_H 1
| #define HAVE_SYS_STAT_H 1
| #define HAVE_STDLIB_H 1
| #define HAVE_STRING_H 1
| #define HAVE_MEMORY_H 1
| #define HAVE_STRINGS_H 1
| #define HAVE_INTTYPES_H 1
| #define HAVE_STDINT_H 1
| #define HAVE_UNISTD_H 1
| /* end confdefs.h.  */
| #include <dlfcn.h>
configure:4513: result: no
configure:4549: checking for dlfcn.h
configure:4556: result: no
configure:4621: checking for g++
configure:4637: found /gcc/bin/g++
configure:4647: result: g++
configure:4663: checking for C++ compiler version
configure:4666: g++ --version </dev/null >&5
g++ (GCC) 4.0.2 (AmigaOS build 20051012)
Copyright (C) 2005 Free Software Foundation, Inc.
This is free software; see the source for copying conditions.  There is NO
warranty; not even for MERCHANTABILITY or FITNESS FOR A PARTICULAR PURPOSE.

configure:4669: $? = 0
configure:4671: g++ -v </dev/null >&5
Reading specs from Bub:SDK/gcc/bin/../lib/gcc/ppc-amigaos/4.0.2/specs
Target: ppc-amigaos
Configured with: ../gcc-4.0.2/configure --host=ppc-amigaos --target=ppc-amigaos --build=i686-cygwin --prefix=/gcc --enable-languages=c,c++,objc --enable-haifa --enable-sjlj-exceptions --disable-shared --disable-libstdcxx-pch
Thread model: single
gcc version 4.0.2 (AmigaOS build 20051012)
configure:4674: $? = 0
configure:4676: g++ -V </dev/null >&5
g++: '-V' option must have argument
configure:4679: $? = 1
configure:4682: checking whether we are using the GNU C++ compiler
configure:4707: g++ -c -mcrt=clib2 -DMINIGL conftest.cc >&5
configure:4710: $? = 0
configure:4713: test -s conftest.o
configure:4716: $? = 0
configure:4729: result: yes
configure:4735: checking whether g++ accepts -g
configure:4757: g++ -c -g -DMINIGL conftest.cc >&5
configure:4760: $? = 0
configure:4763: test -s conftest.o
configure:4766: $? = 0
configure:4777: result: yes
configure:4821: g++ -c -mcrt=clib2 -DMINIGL conftest.cc >&5
configure:4824: $? = 0
configure:4827: test -s conftest.o
configure:4830: $? = 0
configure:4857: g++ -c -mcrt=clib2 -DMINIGL conftest.cc >&5
configure: In function 'int main()':
configure:4864: error: 'exit' was not declared in this scope
configure:4860: $? = 1
configure: failed program was:
| #line 4840 "configure"
| /* confdefs.h.  */
| 
| #define PACKAGE_NAME "include/aedGui.h"
| #define PACKAGE_TARNAME "include-aedgui-h"
| #define PACKAGE_VERSION "0.1.8a"
| #define PACKAGE_STRING "include/aedGui.h 0.1.8a"
| #define PACKAGE_BUGREPORT "aedgui-developers@lists.sourceforge.net"
| #define PACKAGE "aedGUI"
| #define VERSION "0.1.8a"
| #define STDC_HEADERS 1
| #define HAVE_SYS_TYPES_H 1
| #define HAVE_SYS_STAT_H 1
| #define HAVE_STDLIB_H 1
| #define HAVE_STRING_H 1
| #define HAVE_MEMORY_H 1
| #define HAVE_STRINGS_H 1
| #define HAVE_INTTYPES_H 1
| #define HAVE_STDINT_H 1
| #define HAVE_UNISTD_H 1
| /* end confdefs.h.  */
| 
| int
| main ()
| {
| exit (42);
|   ;
|   return 0;
| }
configure:4821: g++ -c -mcrt=clib2 -DMINIGL conftest.cc >&5
configure:4824: $? = 0
configure:4827: test -s conftest.o
configure:4830: $? = 0
configure:4857: g++ -c -mcrt=clib2 -DMINIGL conftest.cc >&5
configure:4860: $? = 0
configure:4863: test -s conftest.o
configure:4866: $? = 0
configure:4891: checking dependency style of g++
configure:4959: result: none
configure:4981: checking how to run the C++ preprocessor
configure:5013: g++ -E -DMINIGL conftest.cc
configure:5019: $? = 0
configure:5051: g++ -E -DMINIGL conftest.cc
configure:5065:28: error: ac_nonexistent.h: No such file or directory
configure:5057: $? = 1
configure: failed program was:
| #line 5042 "configure"
| /* confdefs.h.  */
| 
| #define PACKAGE_NAME "include/aedGui.h"
| #define PACKAGE_TARNAME "include-aedgui-h"
| #define PACKAGE_VERSION "0.1.8a"
| #define PACKAGE_STRING "include/aedGui.h 0.1.8a"
| #define PACKAGE_BUGREPORT "aedgui-developers@lists.sourceforge.net"
| #define PACKAGE "aedGUI"
| #define VERSION "0.1.8a"
| #define STDC_HEADERS 1
| #define HAVE_SYS_TYPES_H 1
| #define HAVE_SYS_STAT_H 1
| #define HAVE_STDLIB_H 1
| #define HAVE_STRING_H 1
| #define HAVE_MEMORY_H 1
| #define HAVE_STRINGS_H 1
| #define HAVE_INTTYPES_H 1
| #define HAVE_STDINT_H 1
| #define HAVE_UNISTD_H 1
| #ifdef __cplusplus
| #include <stdlib.h>
| #endif
| /* end confdefs.h.  */
| #include <ac_nonexistent.h>
configure:5095: result: g++ -E
configure:5120: g++ -E -DMINIGL conftest.cc
configure:5126: $? = 0
configure:5158: g++ -E -DMINIGL conftest.cc
configure:5172:28: error: ac_nonexistent.h: No such file or directory
configure:5164: $? = 1
configure: failed program was:
| #line 5149 "configure"
| /* confdefs.h.  */
| 
| #define PACKAGE_NAME "include/aedGui.h"
| #define PACKAGE_TARNAME "include-aedgui-h"
| #define PACKAGE_VERSION "0.1.8a"
| #define PACKAGE_STRING "include/aedGui.h 0.1.8a"
| #define PACKAGE_BUGREPORT "aedgui-developers@lists.sourceforge.net"
| #define PACKAGE "aedGUI"
| #define VERSION "0.1.8a"
| #define STDC_HEADERS 1
| #define HAVE_SYS_TYPES_H 1
| #define HAVE_SYS_STAT_H 1
| #define HAVE_STDLIB_H 1
| #define HAVE_STRING_H 1
| #define HAVE_MEMORY_H 1
| #define HAVE_STRINGS_H 1
| #define HAVE_INTTYPES_H 1
| #define HAVE_STDINT_H 1
| #define HAVE_UNISTD_H 1
| #ifdef __cplusplus
| #include <stdlib.h>
| #endif
| /* end confdefs.h.  */
| #include <ac_nonexistent.h>
configure:5258: checking for g77
configure:5287: result: no
configure:5258: checking for f77
configure:5287: result: no
configure:5258: checking for xlf
configure:5287: result: no
configure:5258: checking for frt
configure:5287: result: no
configure:5258: checking for pgf77
configure:5287: result: no
configure:5258: checking for fl32
configure:5287: result: no
configure:5258: checking for af77
configure:5287: result: no
configure:5258: checking for fort77
configure:5287: result: no
configure:5258: checking for f90
configure:5287: result: no
configure:5258: checking for xlf90
configure:5287: result: no
configure:5258: checking for pgf90
configure:5287: result: no
configure:5258: checking for epcf90
configure:5287: result: no
configure:5258: checking for f95
configure:5287: result: no
configure:5258: checking for fort
configure:5287: result: no
configure:5258: checking for xlf95
configure:5287: result: no
configure:5258: checking for lf95
configure:5287: result: no
configure:5258: checking for g95
configure:5287: result: no
configure:5299: checking for Fortran 77 compiler version
configure:5302:  --version </dev/null >&5
configure: --version: not found
configure:5305: $? = 127
configure:5307:  -v </dev/null >&5
configure: -v: not found
configure:5310: $? = 127
configure:5312:  -V </dev/null >&5
configure: -V: not found
configure:5315: $? = 127
configure:5322: checking whether we are using the GNU Fortran 77 compiler
configure:5336:  -c  conftest.F >&5
configure: -c: not found
configure:5339: $? = 127
configure: failed program was:
|       program main
| #ifndef __GNUC__
|        choke me
| #endif
| 
|       end
configure:5358: result: no
configure:5365: checking whether  accepts -g
configure:5377:  -c -g conftest.f >&5
configure: -c: not found
configure:5380: $? = 127
configure: failed program was:
|       program main
| 
|       end
configure:5398: result: no
configure:5426: checking the maximum length of command line arguments
configure:5485: result: 262144
configure:5496: checking command to parse /gcc/bin/nm -B output from gcc object
configure:5585: gcc -c -mcrt=clib2 -DMINIGL conftest.c >&5
configure:5588: $? = 0
configure:5592: /gcc/bin/nm -B conftest.o \| sed -n -e 's/^.*[ 	]\([ABCDGISTW][ABCDGISTW]*\)[ 	][ 	]*\(\)\([_A-Za-z][_A-Za-z0-9]*\)$/\1 \2\3 \3/p' \> conftest.nm
configure:5595: $? = 0
configure:5647: gcc -o conftest -mcrt=clib2 -DMINIGL -mcrt=clib2 conftest.c conftstm.o >&5
configure:5650: $? = 0
configure:5688: result: ok
configure:5692: checking for objdir
configure:5707: result: .libs
configure:5797: checking for ar
configure:5813: found /gcc/bin/ar
configure:5824: result: ar
configure:5877: checking for ranlib
configure:5893: found /gcc/bin/ranlib
configure:5904: result: ranlib
configure:5957: checking for strip
configure:5973: found /gcc/bin/strip
configure:5984: result: strip
configure:6246: checking if gcc static flag  works
configure:6269: result: yes
configure:6286: checking if gcc supports -fno-rtti -fno-exceptions
configure:6304: gcc -c -mcrt=clib2 -DMINIGL -fno-rtti -fno-exceptions conftest.c >&5
cc1: warning: command line option "-fno-rtti" is valid for C++/ObjC++ but not for C
configure:6308: $? = 0
configure:6319: result: no
configure:6334: checking for gcc option to produce PIC
configure:6511: result: -m68020 -resident32 -malways-restore-a4
configure:6518: checking if gcc PIC flag -m68020 -resident32 -malways-restore-a4 works
configure:6536: gcc -c -mcrt=clib2 -DMINIGL -m68020 -resident32 -malways-restore-a4 -DPIC conftest.c >&5
cc1: error: invalid option '68020'
cc1: error: invalid option 'always-restore-a4'
configure:6540: $? = 1
configure:6551: result: no
configure:6575: checking if gcc supports -c -o file.o
configure:6603: gcc -c -mcrt=clib2 -DMINIGL -o out/conftest2.o conftest.c >&5
configure:6607: $? = 0
configure:6624: result: yes
configure:6650: checking whether the gcc linker (ld) supports shared libraries
configure:7444: result: no
configure:7515: checking how to hardcode library paths into programs
configure:7540: result: immediate
configure:7554: checking whether stripping libraries is possible
configure:7559: result: yes
configure:7581: checking dynamic linker characteristics
configure:8094: result: amigaos ld.so
configure:8820: checking if libtool supports shared libraries
configure:8822: result: no
configure:8825: checking whether to build shared libraries
configure:8874: result: no
configure:8877: checking whether to build static libraries
configure:8881: result: yes
configure:8972: creating libtool
configure:9516: checking for ld used by g++
configure:9583: result: ld
configure:9592: checking if the linker (ld) is GNU ld
configure:9607: result: yes
configure:9658: checking whether the g++ linker (ld) supports shared libraries
configure:10453: result: no
configure:10471: g++ -c -mcrt=clib2 -DMINIGL conftest.cc >&5
configure:10474: $? = 0
configure:10570: checking for g++ option to produce PIC
configure:10822: result: -m68020 -resident32 -malways-restore-a4
configure:10829: checking if g++ PIC flag -m68020 -resident32 -malways-restore-a4 works
configure:10847: g++ -c -mcrt=clib2 -DMINIGL -m68020 -resident32 -malways-restore-a4 -DPIC conftest.cc >&5
cc1plus: error: invalid option '68020'
cc1plus: error: invalid option 'always-restore-a4'
configure:10851: $? = 1
configure:10862: result: no
configure:10886: checking if g++ supports -c -o file.o
configure:10914: g++ -c -mcrt=clib2 -DMINIGL -o out/conftest2.o conftest.cc >&5
configure:10918: $? = 0
configure:10935: result: yes
configure:10961: checking whether the g++ linker (ld) supports shared libraries
configure:10986: result: no
configure:11057: checking how to hardcode library paths into programs
configure:11082: result: immediate
configure:11096: checking whether stripping libraries is possible
configure:11101: result: yes
configure:11123: checking dynamic linker characteristics
configure:11636: result: amigaos ld.so
configure:18517: checking whether /SDK/C/gmake sets $(MAKE)
configure:18537: result: yes
configure:18645: checking for C++ compiler version
configure:18648: g++ --version </dev/null >&5
g++ (GCC) 4.0.2 (AmigaOS build 20051012)
Copyright (C) 2005 Free Software Foundation, Inc.
This is free software; see the source for copying conditions.  There is NO
warranty; not even for MERCHANTABILITY or FITNESS FOR A PARTICULAR PURPOSE.

configure:18651: $? = 0
configure:18653: g++ -v </dev/null >&5
Reading specs from Bub:SDK/gcc/bin/../lib/gcc/ppc-amigaos/4.0.2/specs
Target: ppc-amigaos
Configured with: ../gcc-4.0.2/configure --host=ppc-amigaos --target=ppc-amigaos --build=i686-cygwin --prefix=/gcc --enable-languages=c,c++,objc --enable-haifa --enable-sjlj-exceptions --disable-shared --disable-libstdcxx-pch
Thread model: single
gcc version 4.0.2 (AmigaOS build 20051012)
configure:18656: $? = 0
configure:18658: g++ -V </dev/null >&5
g++: '-V' option must have argument
configure:18661: $? = 1
configure:18664: checking whether we are using the GNU C++ compiler
configure:18711: result: yes
configure:18717: checking whether g++ accepts -g
configure:18759: result: yes
configure:18803: g++ -c -mcrt=clib2 -Wall -DAEDGUI conftest.cc >&5
configure:18806: $? = 0
configure:18809: test -s conftest.o
configure:18812: $? = 0
configure:18839: g++ -c -mcrt=clib2 -Wall -DAEDGUI conftest.cc >&5
configure:18842: $? = 0
configure:18845: test -s conftest.o
configure:18848: $? = 0
configure:18873: checking dependency style of g++
configure:18941: result: none
configure:18970: checking for a BSD-compatible install
configure:19024: result: /SDK/Local/C/ginstall -c
configure:19036: checking for library containing rint
configure:19067: gcc -o conftest -mcrt=clib2 -Wall -DAEDGUI -mcrt=clib2 conftest.c -lunix >&5
configure:19073: warning: conflicting types for built-in function 'rint'
/tmp/ccqmRJZt.o(.text+0x14): In function `main':
: undefined reference to `rint'
configure:19070: $? = 1
configure: failed program was:
| #line 19043 "configure"
| /* confdefs.h.  */
| 
| #define PACKAGE_NAME "include/aedGui.h"
| #define PACKAGE_TARNAME "include-aedgui-h"
| #define PACKAGE_VERSION "0.1.8a"
| #define PACKAGE_STRING "include/aedGui.h 0.1.8a"
| #define PACKAGE_BUGREPORT "aedgui-developers@lists.sourceforge.net"
| #define PACKAGE "aedGUI"
| #define VERSION "0.1.8a"
| #define STDC_HEADERS 1
| #define HAVE_SYS_TYPES_H 1
| #define HAVE_SYS_STAT_H 1
| #define HAVE_STDLIB_H 1
| #define HAVE_STRING_H 1
| #define HAVE_MEMORY_H 1
| #define HAVE_STRINGS_H 1
| #define HAVE_INTTYPES_H 1
| #define HAVE_STDINT_H 1
| #define HAVE_UNISTD_H 1
| #ifdef __cplusplus
| #include <stdlib.h>
| #endif
| /* end confdefs.h.  */
| 
| /* Override any gcc2 internal prototype to avoid an error.  */
| #ifdef __cplusplus
| extern "C"
| #endif
| /* We use char because int might match the return type of a gcc2
|    builtin and then its argument prototype would still apply.  */
| char rint ();
| int
| main ()
| {
| rint ();
|   ;
|   return 0;
| }
configure:19112: gcc -o conftest -mcrt=clib2 -Wall -DAEDGUI -mcrt=clib2 conftest.c -lc  -lunix >&5
configure:19118: warning: conflicting types for built-in function 'rint'
/tmp/ccFaOkK5.o(.text+0x14): In function `main':
: undefined reference to `rint'
configure:19115: $? = 1
configure: failed program was:
| #line 19088 "configure"
| /* confdefs.h.  */
| 
| #define PACKAGE_NAME "include/aedGui.h"
| #define PACKAGE_TARNAME "include-aedgui-h"
| #define PACKAGE_VERSION "0.1.8a"
| #define PACKAGE_STRING "include/aedGui.h 0.1.8a"
| #define PACKAGE_BUGREPORT "aedgui-developers@lists.sourceforge.net"
| #define PACKAGE "aedGUI"
| #define VERSION "0.1.8a"
| #define STDC_HEADERS 1
| #define HAVE_SYS_TYPES_H 1
| #define HAVE_SYS_STAT_H 1
| #define HAVE_STDLIB_H 1
| #define HAVE_STRING_H 1
| #define HAVE_MEMORY_H 1
| #define HAVE_STRINGS_H 1
| #define HAVE_INTTYPES_H 1
| #define HAVE_STDINT_H 1
| #define HAVE_UNISTD_H 1
| #ifdef __cplusplus
| #include <stdlib.h>
| #endif
| /* end confdefs.h.  */
| 
| /* Override any gcc2 internal prototype to avoid an error.  */
| #ifdef __cplusplus
| extern "C"
| #endif
| /* We use char because int might match the return type of a gcc2
|    builtin and then its argument prototype would still apply.  */
| char rint ();
| int
| main ()
| {
| rint ();
|   ;
|   return 0;
| }
configure:19112: gcc -o conftest -mcrt=clib2 -Wall -DAEDGUI -mcrt=clib2 conftest.c -lm  -lunix >&5
configure:19118: warning: conflicting types for built-in function 'rint'
configure:19115: $? = 0
configure:19118: test -s conftest
configure:19121: $? = 0
configure:19135: result: -lm
configure:19146: checking whether there is enough wine
configure:19148: result: yes
configure:19151: checking for __gxx_personality_sj0 in -lstdc++
configure:19182: gcc -o conftest -mcrt=clib2 -Wall -DAEDGUI -mcrt=clib2 conftest.c -lstdc++  -lm -lunix >&5
configure:19185: $? = 0
configure:19188: test -s conftest
configure:19191: $? = 0
configure:19203: result: yes
configure:19209: checking for __gxx_personality_v0 in -lstdc++
configure:19240: gcc -o conftest -mcrt=clib2 -Wall -DAEDGUI -mcrt=clib2 conftest.c -lstdc++  -lm -lunix >&5
/tmp/cchnFIff.o(.text+0x14): In function `main':
: undefined reference to `__gxx_personality_v0'
configure:19243: $? = 1
configure: failed program was:
| #line 19216 "configure"
| /* confdefs.h.  */
| 
| #define PACKAGE_NAME "include/aedGui.h"
| #define PACKAGE_TARNAME "include-aedgui-h"
| #define PACKAGE_VERSION "0.1.8a"
| #define PACKAGE_STRING "include/aedGui.h 0.1.8a"
| #define PACKAGE_BUGREPORT "aedgui-developers@lists.sourceforge.net"
| #define PACKAGE "aedGUI"
| #define VERSION "0.1.8a"
| #define STDC_HEADERS 1
| #define HAVE_SYS_TYPES_H 1
| #define HAVE_SYS_STAT_H 1
| #define HAVE_STDLIB_H 1
| #define HAVE_STRING_H 1
| #define HAVE_MEMORY_H 1
| #define HAVE_STRINGS_H 1
| #define HAVE_INTTYPES_H 1
| #define HAVE_STDINT_H 1
| #define HAVE_UNISTD_H 1
| #ifdef __cplusplus
| #include <stdlib.h>
| #endif
| #define HAVE_RINT 1
| /* end confdefs.h.  */
| 
| /* Override any gcc2 internal prototype to avoid an error.  */
| #ifdef __cplusplus
| extern "C"
| #endif
| /* We use char because int might match the return type of a gcc2
|    builtin and then its argument prototype would still apply.  */
| char __gxx_personality_v0 ();
| int
| main ()
| {
| __gxx_personality_v0 ();
|   ;
|   return 0;
| }
configure:19261: result: no
configure:19277: checking for dlfcn.h
configure:19282: result: no
configure:19445: checking GL/gl.h usability
configure:19458: gcc -c -mcrt=clib2 -Wall -DAEDGUI conftest.c >&5
configure:19461: $? = 0
configure:19464: test -s conftest.o
configure:19467: $? = 0
configure:19477: result: yes
configure:19481: checking GL/gl.h presence
configure:19492: gcc -E -Wall -DAEDGUI conftest.c
configure:19498: $? = 0
configure:19517: result: yes
configure:19553: checking for GL/gl.h
configure:19560: result: yes
configure:19574: checking for X
configure:19680: gcc -E -Wall -DAEDGUI conftest.c
configure:19695:27: error: X11/Intrinsic.h: No such file or directory
configure:19686: $? = 1
configure: failed program was:
| #line 19671 "configure"
| /* confdefs.h.  */
| 
| #define PACKAGE_NAME "include/aedGui.h"
| #define PACKAGE_TARNAME "include-aedgui-h"
| #define PACKAGE_VERSION "0.1.8a"
| #define PACKAGE_STRING "include/aedGui.h 0.1.8a"
| #define PACKAGE_BUGREPORT "aedgui-developers@lists.sourceforge.net"
| #define PACKAGE "aedGUI"
| #define VERSION "0.1.8a"
| #define STDC_HEADERS 1
| #define HAVE_SYS_TYPES_H 1
| #define HAVE_SYS_STAT_H 1
| #define HAVE_STDLIB_H 1
| #define HAVE_STRING_H 1
| #define HAVE_MEMORY_H 1
| #define HAVE_STRINGS_H 1
| #define HAVE_INTTYPES_H 1
| #define HAVE_STDINT_H 1
| #define HAVE_UNISTD_H 1
| #ifdef __cplusplus
| #include <stdlib.h>
| #endif
| #define HAVE_RINT 1
| /* end confdefs.h.  */
| #include <X11/Intrinsic.h>
configure:19736: gcc -o conftest -mcrt=clib2 -Wall -DAEDGUI -mcrt=clib2 conftest.c -lXt -lm -lunix -lstdc++ >&5
configure:19743:27: error: X11/Intrinsic.h: No such file or directory
configure: In function 'main':
configure:19747: warning: implicit declaration of function 'XtMalloc'
configure:19739: $? = 1
configure: failed program was:
| #line 19719 "configure"
| /* confdefs.h.  */
| 
| #define PACKAGE_NAME "include/aedGui.h"
| #define PACKAGE_TARNAME "include-aedgui-h"
| #define PACKAGE_VERSION "0.1.8a"
| #define PACKAGE_STRING "include/aedGui.h 0.1.8a"
| #define PACKAGE_BUGREPORT "aedgui-developers@lists.sourceforge.net"
| #define PACKAGE "aedGUI"
| #define VERSION "0.1.8a"
| #define STDC_HEADERS 1
| #define HAVE_SYS_TYPES_H 1
| #define HAVE_SYS_STAT_H 1
| #define HAVE_STDLIB_H 1
| #define HAVE_STRING_H 1
| #define HAVE_MEMORY_H 1
| #define HAVE_STRINGS_H 1
| #define HAVE_INTTYPES_H 1
| #define HAVE_STDINT_H 1
| #define HAVE_UNISTD_H 1
| #ifdef __cplusplus
| #include <stdlib.h>
| #endif
| #define HAVE_RINT 1
| /* end confdefs.h.  */
| #include <X11/Intrinsic.h>
| int
| main ()
| {
| XtMalloc (0)
|   ;
|   return 0;
| }
configure:19784: result: no
configure:20770: checking for glLoadIdentity in -lGL
configure:20801: gcc -o conftest -mcrt=clib2 -Wall -DAEDGUI -mcrt=clib2 conftest.c -lGL  -lm -lunix -lstdc++ >&5
/tmp/ccc1psft.o(.text+0x14): In function `main':
: undefined reference to `glLoadIdentity'
configure:20804: $? = 1
configure: failed program was:
| #line 20777 "configure"
| /* confdefs.h.  */
| 
| #define PACKAGE_NAME "include/aedGui.h"
| #define PACKAGE_TARNAME "include-aedgui-h"
| #define PACKAGE_VERSION "0.1.8a"
| #define PACKAGE_STRING "include/aedGui.h 0.1.8a"
| #define PACKAGE_BUGREPORT "aedgui-developers@lists.sourceforge.net"
| #define PACKAGE "aedGUI"
| #define VERSION "0.1.8a"
| #define STDC_HEADERS 1
| #define HAVE_SYS_TYPES_H 1
| #define HAVE_SYS_STAT_H 1
| #define HAVE_STDLIB_H 1
| #define HAVE_STRING_H 1
| #define HAVE_MEMORY_H 1
| #define HAVE_STRINGS_H 1
| #define HAVE_INTTYPES_H 1
| #define HAVE_STDINT_H 1
| #define HAVE_UNISTD_H 1
| #ifdef __cplusplus
| #include <stdlib.h>
| #endif
| #define HAVE_RINT 1
| #define X_DISPLAY_MISSING 1
| /* end confdefs.h.  */
| 
| /* Override any gcc2 internal prototype to avoid an error.  */
| #ifdef __cplusplus
| extern "C"
| #endif
| /* We use char because int might match the return type of a gcc2
|    builtin and then its argument prototype would still apply.  */
| char glLoadIdentity ();
| int
| main ()
| {
| glLoadIdentity ();
|   ;
|   return 0;
| }
configure:20822: result: no
configure:20828: checking for gluPerspective in -lGLU
configure:20859: gcc -o conftest -mcrt=clib2 -Wall -DAEDGUI -mcrt=clib2 conftest.c -lGLU  -lm -lunix -lstdc++ >&5
/tmp/cchn9nyo.o(.text+0x14): In function `main':
: undefined reference to `gluPerspective'
configure:20862: $? = 1
configure: failed program was:
| #line 20835 "configure"
| /* confdefs.h.  */
| 
| #define PACKAGE_NAME "include/aedGui.h"
| #define PACKAGE_TARNAME "include-aedgui-h"
| #define PACKAGE_VERSION "0.1.8a"
| #define PACKAGE_STRING "include/aedGui.h 0.1.8a"
| #define PACKAGE_BUGREPORT "aedgui-developers@lists.sourceforge.net"
| #define PACKAGE "aedGUI"
| #define VERSION "0.1.8a"
| #define STDC_HEADERS 1
| #define HAVE_SYS_TYPES_H 1
| #define HAVE_SYS_STAT_H 1
| #define HAVE_STDLIB_H 1
| #define HAVE_STRING_H 1
| #define HAVE_MEMORY_H 1
| #define HAVE_STRINGS_H 1
| #define HAVE_INTTYPES_H 1
| #define HAVE_STDINT_H 1
| #define HAVE_UNISTD_H 1
| #ifdef __cplusplus
| #include <stdlib.h>
| #endif
| #define HAVE_RINT 1
| #define X_DISPLAY_MISSING 1
| /* end confdefs.h.  */
| 
| /* Override any gcc2 internal prototype to avoid an error.  */
| #ifdef __cplusplus
| extern "C"
| #endif
| /* We use char because int might match the return type of a gcc2
|    builtin and then its argument prototype would still apply.  */
| char gluPerspective ();
| int
| main ()
| {
| gluPerspective ();
|   ;
|   return 0;
| }
configure:20880: result: no
configure:20947: checking for sdl-config
configure:20965: found /SDK/Local/clib2/bin/sdl-config
configure:20978: result: /SDK/Local/clib2/bin/sdl-config
configure:20986: checking for SDL - version >= 1.2.5
configure:21082: gcc -o conftest -mcrt=clib2 -I/SDK/Local/common/include/SDL -Wall -DAEDGUI -mcrt=clib2 conftest.c -lm -lunix -lstdc++ -L/SDK/Local/clib2/lib -lGL -lGLU -lSDL -lauto -lm -lm >&5
configure:21085: $? = 0
configure:21087: ./conftest
configure:21090: $? = 0
configure:21108: result: yes
configure:21208: checking for CPU
configure:21210: result: not found, running software emulation
configure:21213: checking for something funny about that last check
configure:21215: result: nope =o/
configure:21228: checking SDL_ttf.h usability
configure:21241: gcc -c -mcrt=clib2 -Wall -DAEDGUI -I/SDK/Local/common/include/SDL conftest.c >&5
configure:21244: $? = 0
configure:21247: test -s conftest.o
configure:21250: $? = 0
configure:21260: result: yes
configure:21264: checking SDL_ttf.h presence
configure:21275: gcc -E -Wall -DAEDGUI -I/SDK/Local/common/include/SDL conftest.c
configure:21281: $? = 0
configure:21300: result: yes
configure:21336: checking for SDL_ttf.h
configure:21343: result: yes
configure:21352: checking for TTF_Init in -lSDL_ttf
configure:21383: gcc -o conftest -mcrt=clib2 -Wall -DAEDGUI -I/SDK/Local/common/include/SDL -mcrt=clib2 conftest.c -lSDL_ttf  -lm -lunix -lstdc++ -L/SDK/Local/clib2/lib -lGL -lGLU -lSDL -lauto -lm -lm >&5
SDK:local/clib2/lib/libSDL_ttf.a(SDL_ttf.o)(.text+0xf8): In function `TTF_Init':
: undefined reference to `FT_Init_FreeType'
SDK:local/clib2/lib/libSDL_ttf.a(SDL_ttf.o)(.text+0x458): In function `TTF_OpenFontIndexRW':
: undefined reference to `FT_Open_Face'
SDK:local/clib2/lib/libSDL_ttf.a(SDL_ttf.o)(.text+0x4dc): In function `TTF_OpenFontIndexRW':
: undefined reference to `FT_Set_Char_Size'
SDK:local/clib2/lib/libSDL_ttf.a(SDL_ttf.o)(.text+0x53c): In function `TTF_OpenFontIndexRW':
: undefined reference to `FT_MulFix'
SDK:local/clib2/lib/libSDL_ttf.a(SDL_ttf.o)(.text+0x570): In function `TTF_OpenFontIndexRW':
: undefined reference to `FT_MulFix'
SDK:local/clib2/lib/libSDL_ttf.a(SDL_ttf.o)(.text+0x5c4): In function `TTF_OpenFontIndexRW':
: undefined reference to `FT_MulFix'
SDK:local/clib2/lib/libSDL_ttf.a(SDL_ttf.o)(.text+0x5f8): In function `TTF_OpenFontIndexRW':
: undefined reference to `FT_MulFix'
SDK:local/clib2/lib/libSDL_ttf.a(SDL_ttf.o)(.text+0x628): In function `TTF_OpenFontIndexRW':
: undefined reference to `FT_MulFix'
SDK:local/clib2/lib/libSDL_ttf.a(SDL_ttf.o)(.text+0x6c8): In function `TTF_OpenFontIndexRW':
: undefined reference to `FT_Set_Pixel_Sizes'
SDK:local/clib2/lib/libSDL_ttf.a(SDL_ttf.o)(.text+0xb98): In function `Load_Glyph':
: undefined reference to `FT_Get_Char_Index'
SDK:local/clib2/lib/libSDL_ttf.a(SDL_ttf.o)(.text+0xbbc): In function `Load_Glyph':
: undefined reference to `FT_Load_Glyph'
SDK:local/clib2/lib/libSDL_ttf.a(SDL_ttf.o)(.text+0xf74): In function `Load_Glyph':
: undefined reference to `FT_Outline_Transform'
SDK:local/clib2/lib/libSDL_ttf.a(SDL_ttf.o)(.text+0xf8c): In function `Load_Glyph':
: undefined reference to `FT_Render_Glyph'
SDK:local/clib2/lib/libSDL_ttf.a(SDL_ttf.o)(.text+0xfa4): In function `Load_Glyph':
: undefined reference to `FT_Render_Glyph'
SDK:local/clib2/lib/libSDL_ttf.a(SDL_ttf.o)(.text+0x182c): In function `TTF_CloseFont':
: undefined reference to `FT_Done_Face'
SDK:local/clib2/lib/libSDL_ttf.a(SDL_ttf.o)(.text+0x2350): In function `TTF_SizeUNICODE':
: undefined reference to `FT_Get_Kerning'
SDK:local/clib2/lib/libSDL_ttf.a(SDL_ttf.o)(.text+0x2b48): In function `TTF_RenderUNICODE_Solid':
: undefined reference to `FT_Get_Kerning'
SDK:local/clib2/lib/libSDL_ttf.a(SDL_ttf.o)(.text+0x38a4): In function `TTF_RenderUNICODE_Shaded':
: undefined reference to `FT_Get_Kerning'
SDK:local/clib2/lib/libSDL_ttf.a(SDL_ttf.o)(.text+0x453c): In function `TTF_RenderUNICODE_Blended':
: undefined reference to `FT_Get_Kerning'
SDK:local/clib2/lib/libSDL_ttf.a(SDL_ttf.o)(.text+0x4ce8): In function `TTF_Quit':
: undefined reference to `FT_Done_FreeType'
configure:21386: $? = 1
configure: failed program was:
| #line 21359 "configure"
| /* confdefs.h.  */
| 
| #define PACKAGE_NAME "include/aedGui.h"
| #define PACKAGE_TARNAME "include-aedgui-h"
| #define PACKAGE_VERSION "0.1.8a"
| #define PACKAGE_STRING "include/aedGui.h 0.1.8a"
| #define PACKAGE_BUGREPORT "aedgui-developers@lists.sourceforge.net"
| #define PACKAGE "aedGUI"
| #define VERSION "0.1.8a"
| #define STDC_HEADERS 1
| #define HAVE_SYS_TYPES_H 1
| #define HAVE_SYS_STAT_H 1
| #define HAVE_STDLIB_H 1
| #define HAVE_STRING_H 1
| #define HAVE_MEMORY_H 1
| #define HAVE_STRINGS_H 1
| #define HAVE_INTTYPES_H 1
| #define HAVE_STDINT_H 1
| #define HAVE_UNISTD_H 1
| #ifdef __cplusplus
| #include <stdlib.h>
| #endif
| #define HAVE_RINT 1
| #define X_DISPLAY_MISSING 1
| #define THEME_EXT ".so"
| /* end confdefs.h.  */
| 
| /* Override any gcc2 internal prototype to avoid an error.  */
| #ifdef __cplusplus
| extern "C"
| #endif
| /* We use char because int might match the return type of a gcc2
|    builtin and then its argument prototype would still apply.  */
| char TTF_Init ();
| int
| main ()
| {
| TTF_Init ();
|   ;
|   return 0;
| }
configure:21404: result: no
configure:21414: WARNING:
*** Unable to find the SDL_ttf development files!
    You can get them from: http://www.libsdl.org/projects/SDL_ttf
    Building with internal SDL_ttf in the meantime...

configure:21456: checking for freetype-config
configure:21474: found /SDK/Local/clib2/bin/freetype-config
configure:21487: result: /SDK/Local/clib2/bin/freetype-config
configure:21514: checking SDL_rtf.h usability
configure:21527: gcc -c -mcrt=clib2 -Wall -DAEDGUI -I/SDK/Local/common/include/SDL -I/SDK/Local/common/include/freetype2 -I/SDK/Local/common/include conftest.c >&5
configure:21530: $? = 0
configure:21533: test -s conftest.o
configure:21536: $? = 0
configure:21546: result: yes
configure:21550: checking SDL_rtf.h presence
configure:21561: gcc -E -Wall -DAEDGUI -I/SDK/Local/common/include/SDL -I/SDK/Local/common/include/freetype2 -I/SDK/Local/common/include conftest.c
configure:21567: $? = 0
configure:21586: result: yes
configure:21622: checking for SDL_rtf.h
configure:21629: result: yes
configure:21638: checking for RTF_CreateContext in -lSDL_rtf
configure:21669: gcc -o conftest -mcrt=clib2 -Wall -DAEDGUI -I/SDK/Local/common/include/SDL -I/SDK/Local/common/include/freetype2 -I/SDK/Local/common/include -mcrt=clib2 conftest.c -lSDL_rtf  -lm -lunix -lstdc++ -L/SDK/Local/clib2/lib -lGL -lGLU -lSDL -lauto -lm -lm >&5
configure:21672: $? = 0
configure:21675: test -s conftest
configure:21678: $? = 0
configure:21690: result: yes
configure:21838: creating ./config.status

## ---------------------- ##
## Running config.status. ##
## ---------------------- ##

This file was extended by include/aedGui.h config.status 0.1.8a, which was
generated by GNU Autoconf 2.57.  Invocation command line was

  CONFIG_FILES    = 
  CONFIG_HEADERS  = 
  CONFIG_LINKS    = 
  CONFIG_COMMANDS = 
  $ ./config.status 

on localhost

config.status:715: creating Makefile
config.status:715: creating VisualC7/Makefile
config.status:715: creating docs/Makefile
config.status:715: creating include/Makefile
config.status:715: creating src/Makefile
config.status:715: creating src/tinyxml/Makefile
config.status:715: creating test/Makefile
config.status:715: creating themes/Makefile
config.status:715: creating tools/Makefile
config.status:715: creating aedgui-config
config.status:819: creating include/config.h
config.status:930: include/config.h is unchanged
config.status:1052: executing depfiles commands

## ---------------- ##
## Cache variables. ##
## ---------------- ##

ac_cv_build=powerpc-unknown-amigaos
ac_cv_build_alias=ppc-unknown-amigaos
ac_cv_c_compiler_gnu=yes
ac_cv_cxx_compiler_gnu=yes
ac_cv_env_CC_set=
ac_cv_env_CC_value=
ac_cv_env_CFLAGS_set=set
ac_cv_env_CFLAGS_value=-mcrt=clib2
ac_cv_env_CPPFLAGS_set=set
ac_cv_env_CPPFLAGS_value=-DMINIGL
ac_cv_env_CPP_set=
ac_cv_env_CPP_value=
ac_cv_env_CXXCPP_set=
ac_cv_env_CXXCPP_value=
ac_cv_env_CXXFLAGS_set=set
ac_cv_env_CXXFLAGS_value=-mcrt=clib2
ac_cv_env_CXX_set=
ac_cv_env_CXX_value=
ac_cv_env_F77_set=
ac_cv_env_F77_value=
ac_cv_env_FFLAGS_set=
ac_cv_env_FFLAGS_value=
ac_cv_env_LDFLAGS_set=set
ac_cv_env_LDFLAGS_value=-mcrt=clib2
ac_cv_env_build_alias_set=
ac_cv_env_build_alias_value=
ac_cv_env_host_alias_set=
ac_cv_env_host_alias_value=
ac_cv_env_target_alias_set=
ac_cv_env_target_alias_value=
ac_cv_exeext=
ac_cv_f77_compiler_gnu=no
ac_cv_have_x=have_x=no
ac_cv_header_GL_gl_h=yes
ac_cv_header_SDL_rtf_h=yes
ac_cv_header_SDL_ttf_h=yes
ac_cv_header_dlfcn_h=no
ac_cv_header_inttypes_h=yes
ac_cv_header_memory_h=yes
ac_cv_header_stdc=yes
ac_cv_header_stdint_h=yes
ac_cv_header_stdlib_h=yes
ac_cv_header_string_h=yes
ac_cv_header_strings_h=yes
ac_cv_header_sys_stat_h=yes
ac_cv_header_sys_types_h=yes
ac_cv_header_unistd_h=yes
ac_cv_host=powerpc-unknown-amigaos
ac_cv_host_alias=ppc-unknown-amigaos
ac_cv_lib_GLU_gluPerspective=no
ac_cv_lib_GL_glLoadIdentity=no
ac_cv_lib_SDL_rtf_RTF_CreateContext=yes
ac_cv_lib_SDL_ttf_TTF_Init=no
ac_cv_lib_stdcpp___gxx_personality_sj0=yes
ac_cv_lib_stdcpp___gxx_personality_v0=no
ac_cv_objext=o
ac_cv_path_FREETYPE_CONFIG=/SDK/Local/clib2/bin/freetype-config
ac_cv_path_SDL_CONFIG=/SDK/Local/clib2/bin/sdl-config
ac_cv_path_install='/SDK/Local/C/ginstall -c'
ac_cv_prog_AWK=nawk
ac_cv_prog_CPP='gcc -E'
ac_cv_prog_CXXCPP='g++ -E'
ac_cv_prog_ac_ct_AR=ar
ac_cv_prog_ac_ct_CC=gcc
ac_cv_prog_ac_ct_CXX=g++
ac_cv_prog_ac_ct_RANLIB=ranlib
ac_cv_prog_ac_ct_STRIP=strip
ac_cv_prog_cc_g=yes
ac_cv_prog_cc_stdc=
ac_cv_prog_cxx_g=yes
ac_cv_prog_egrep='grep -E'
ac_cv_prog_f77_g=no
ac_cv_prog_make__SDK_C_gmake_set=yes
ac_cv_search_rint=-lm
ac_cv_target=powerpc-unknown-amigaos
ac_cv_target_alias=ppc-unknown-amigaos
am_cv_CC_dependencies_compiler_type=none
am_cv_CXX_dependencies_compiler_type=none
lt_cv_deplibs_check_method=unknown
lt_cv_file_magic_cmd='$MAGIC_CMD'
lt_cv_file_magic_test_file=
lt_cv_ld_reload_flag=-r
lt_cv_objdir=.libs
lt_cv_path_LD=ld
lt_cv_path_LDCXX=ld
lt_cv_path_NM='/gcc/bin/nm -B'
lt_cv_path_SED=/SDK/Local/C/sed
lt_cv_prog_compiler_c_o=yes
lt_cv_prog_compiler_c_o_CXX=yes
lt_cv_prog_compiler_rtti_exceptions=no
lt_cv_prog_gnu_ld=yes
lt_cv_prog_gnu_ldcxx=yes
lt_cv_sys_global_symbol_pipe='sed -n -e '\''s/^.*[ 	]\([ABCDGISTW][ABCDGISTW]*\)[ 	][ 	]*\(\)\([_A-Za-z][_A-Za-z0-9]*\)$/\1 \2\3 \3/p'\'
lt_cv_sys_global_symbol_to_c_name_address='sed -n -e '\''s/^: \([^ ]*\) $/  {\"\1\", (lt_ptr) 0},/p'\'' -e '\''s/^[BCDEGRST] \([^ ]*\) \([^ ]*\)$/  {"\2", (lt_ptr) \&\2},/p'\'
lt_cv_sys_global_symbol_to_cdecl='sed -n -e '\''s/^. .* \(.*\)$/extern int \1;/p'\'
lt_cv_sys_max_cmd_len=262144
lt_lt_cv_prog_compiler_c_o='"yes"'
lt_lt_cv_prog_compiler_c_o_CXX='"yes"'
lt_lt_cv_sys_global_symbol_pipe='"sed -n -e '\''s/^.*[ 	]\\([ABCDGISTW][ABCDGISTW]*\\)[ 	][ 	]*\\(\\)\\([_A-Za-z][_A-Za-z0-9]*\\)\$/\\1 \\2\\3 \\3/p'\''"'
lt_lt_cv_sys_global_symbol_to_c_name_address='"sed -n -e '\''s/^: \\([^ ]*\\) \$/  {\\\"\\1\\\", (lt_ptr) 0},/p'\'' -e '\''s/^[BCDEGRST] \\([^ ]*\\) \\([^ ]*\\)\$/  {\"\\2\", (lt_ptr) \\&\\2},/p'\''"'
lt_lt_cv_sys_global_symbol_to_cdecl='"sed -n -e '\''s/^. .* \\(.*\\)\$/extern int \\1;/p'\''"'

## ----------------- ##
## Output variables. ##
## ----------------- ##

ac_ct_AR='ar'
ac_ct_AS=''
ac_ct_CC='gcc'
ac_ct_CXX='g++'
ac_ct_DLLTOOL=''
ac_ct_F77=''
ac_ct_OBJDUMP=''
ac_ct_RANLIB='ranlib'
ac_ct_STRIP='strip'
ACLOCAL='${SHELL} /Scene/Coding/aedGUI-0.1.8a/missing --run aclocal-1.7'
AEDGUI_AGE='0'
AEDGUI_CURRENT='1'
AEDGUI_RELEASE='0.1.8a'
AEDGUI_REVISION='0'
AEDGUI_VERSION='0.1.8a'
am__fastdepCC_FALSE=''
am__fastdepCC_TRUE='#'
am__fastdepCXX_FALSE=''
am__fastdepCXX_TRUE='#'
am__include='include'
am__leading_dot='.'
am__quote=''
AMDEP_FALSE=''
AMDEP_TRUE='#'
AMDEPBACKSLASH=''
AMTAR='${SHELL} /Scene/Coding/aedGUI-0.1.8a/missing --run tar'
AR='ar'
AS='as'
AUTOCONF='${SHELL} /Scene/Coding/aedGUI-0.1.8a/missing --run autoconf'
AUTOHEADER='${SHELL} /Scene/Coding/aedGUI-0.1.8a/missing --run autoheader'
AUTOMAKE='${SHELL} /Scene/Coding/aedGUI-0.1.8a/missing --run automake-1.7'
AWK='nawk'
bindir='/SDK/Local/C'
build='powerpc-unknown-amigaos'
build_alias=''
build_cpu='powerpc'
build_os='amigaos'
build_vendor='unknown'
CC='gcc'
CCDEPMODE='depmode=none'
CFLAGS='-mcrt=clib2'
CPP='gcc -E'
CPPFLAGS='-Wall -DAEDGUI -I/SDK/Local/common/include/SDL -I/SDK/Local/common/include/freetype2 -I/SDK/Local/common/include -DHAVE_SDL_RTF'
CXX='g++'
CXXCPP='g++ -E'
CXXDEPMODE='depmode=none'
CXXFLAGS='-mcrt=clib2'
CYGPATH_W='echo'
datadir='${prefix}/share'
DEFS='-DHAVE_CONFIG_H'
DEPDIR='.deps'
DLLTOOL='dlltool'
ECHO='/SDK/Local/C/echo'
ECHO_C=''ECHO_N=''
ECHO_T=''
EGREP='grep -E'
exec_prefix='${prefix}'
EXEEXT=''
F77=''
FFLAGS=''
FREETYPE_CONFIG='/SDK/Local/clib2/bin/freetype-config'
GL_LIBS=''
host='powerpc-unknown-amigaos'
host_alias=''
host_cpu='powerpc'
host_os='amigaos'
host_vendor='unknown'
includedir='/SDK/Local/common/include'
infodir='${prefix}/info'
INSTALL_DATA='${INSTALL} -m 644'
INSTALL_PROGRAM='${INSTALL}'
INSTALL_SCRIPT='${INSTALL}'
install_sh='/Scene/Coding/aedGUI-0.1.8a/install-sh'
INSTALL_STRIP_PROGRAM='${SHELL} $(install_sh) -c -s'
LDFLAGS='-mcrt=clib2'
libdir='/SDK/Local/clib2/lib'
libexecdir='${exec_prefix}/libexec'
LIBOBJS=''
LIBS='-lm -lunix -lstdc++ -L/SDK/Local/clib2/lib -lGL -lGLU -lSDL -lauto -lm -lm'
LIBTOOL='$(SHELL) $(top_builddir)/libtool'
LIBTOOL_DEPS='./ltmain.sh'
LN_S='ln -s'
localstatedir='${prefix}/var'
LTLIBOBJS=''
MAKEINFO='${SHELL} /Scene/Coding/aedGUI-0.1.8a/missing --run makeinfo'
mandir='${prefix}/man'
OBJDUMP='objdump'
OBJEXT='o'
oldincludedir='/usr/include'
PACKAGE='aedGUI'
PACKAGE_BUGREPORT='aedgui-developers@lists.sourceforge.net'
PACKAGE_NAME='include/aedGui.h'
PACKAGE_STRING='include/aedGui.h 0.1.8a'
PACKAGE_TARNAME='include-aedgui-h'
PACKAGE_VERSION='0.1.8a'
PATH_SEPARATOR=':'
prefix='/SDK/Local'
program_transform_name='s,x,x,'
RANLIB='ranlib'
sbindir='${exec_prefix}/sbin'
SDL_CFLAGS='-I/SDK/Local/common/include/SDL'
SDL_CONFIG='/SDK/Local/clib2/bin/sdl-config'
SDL_LIBS='-L/SDK/Local/clib2/lib -lGL -lGLU -lSDL -lauto -lm -lm -L/SDK/Local/clib2/lib -lfreetype -lz -lSDL_rtf'
sdl_major_version='1'
sdl_micro_version='9'
sdl_minor_version='2'
SET_MAKE=''
sharedstatedir='${prefix}/com'
SHELL='/bin/sh'
STRIP='strip'
sysconfdir='${prefix}/etc'
target='powerpc-unknown-amigaos'
target_alias=''
target_cpu='powerpc'
target_os='amigaos'
target_vendor='unknown'
THEMEEXT='.so'
VERSION='0.1.8a'
X_CFLAGS=''
X_EXTRA_LIBS=''
X_LIBS=''
X_PRE_LIBS=''

## ----------- ##
## confdefs.h. ##
## ----------- ##

#define HAVE_INTTYPES_H 1
#define HAVE_MEMORY_H 1
#define HAVE_RINT 1
#define HAVE_STDINT_H 1
#define HAVE_STDLIB_H 1
#define HAVE_STRING_H 1
#define HAVE_STRINGS_H 1
#define HAVE_SYS_STAT_H 1
#define HAVE_SYS_TYPES_H 1
#define HAVE_UNISTD_H 1
#define PACKAGE "aedGUI"
#define PACKAGE_BUGREPORT "aedgui-developers@lists.sourceforge.net"
#define PACKAGE_NAME "include/aedGui.h"
#define PACKAGE_STRING "include/aedGui.h 0.1.8a"
#define PACKAGE_TARNAME "include-aedgui-h"
#define PACKAGE_VERSION "0.1.8a"
#define STDC_HEADERS 1
#define THEME_EXT ".so"
#define VERSION "0.1.8a"
#define X_DISPLAY_MISSING 1
#endif
#ifdef __cplusplus
#include <stdlib.h>

configure: exit 0
